[2025-07-25T11:14:31.704+0000] {local_task_job_runner.py:123} INFO - ::group::Pre task execution logs
[2025-07-25T11:14:31.717+0000] {taskinstance.py:2614} INFO - Dependencies all met for dep_context=non-requeueable deps ti=<TaskInstance: elt_to_dwh.extract_task.crawl_ohlcs scheduled__2025-07-16T00:00:00+00:00 [queued]>
[2025-07-25T11:14:31.726+0000] {taskinstance.py:2614} INFO - Dependencies all met for dep_context=requeueable deps ti=<TaskInstance: elt_to_dwh.extract_task.crawl_ohlcs scheduled__2025-07-16T00:00:00+00:00 [queued]>
[2025-07-25T11:14:31.727+0000] {taskinstance.py:2867} INFO - Starting attempt 1 of 1
[2025-07-25T11:14:31.752+0000] {taskinstance.py:2890} INFO - Executing <Task(PythonOperator): extract_task.crawl_ohlcs> on 2025-07-16 00:00:00+00:00
[2025-07-25T11:14:31.762+0000] {standard_task_runner.py:104} INFO - Running: ['airflow', 'tasks', 'run', 'elt_to_dwh', 'extract_task.crawl_ohlcs', 'scheduled__2025-07-16T00:00:00+00:00', '--job-id', '106', '--raw', '--subdir', 'DAGS_FOLDER/elt_to_dwh.py', '--cfg-path', '/tmp/tmpf6y03ru3']
[2025-07-25T11:14:31.764+0000] {standard_task_runner.py:105} INFO - Job 106: Subtask extract_task.crawl_ohlcs
[2025-07-25T11:14:31.766+0000] {logging_mixin.py:190} WARNING - /home/airflow/.local/lib/python3.12/site-packages/airflow/task/task_runner/standard_task_runner.py:70 DeprecationWarning: This process (pid=3287) is multi-threaded, use of fork() may lead to deadlocks in the child.
[2025-07-25T11:14:31.766+0000] {standard_task_runner.py:72} INFO - Started process 3297 to run task
[2025-07-25T11:14:31.799+0000] {task_command.py:467} INFO - Running <TaskInstance: elt_to_dwh.extract_task.crawl_ohlcs scheduled__2025-07-16T00:00:00+00:00 [running]> on host 74cfddf97016
[2025-07-25T11:14:31.859+0000] {taskinstance.py:3134} INFO - Exporting env vars: AIRFLOW_CTX_DAG_OWNER='airflow' AIRFLOW_CTX_DAG_ID='elt_to_dwh' AIRFLOW_CTX_TASK_ID='extract_task.crawl_ohlcs' AIRFLOW_CTX_EXECUTION_DATE='2025-07-16T00:00:00+00:00' AIRFLOW_CTX_TRY_NUMBER='1' AIRFLOW_CTX_DAG_RUN_ID='scheduled__2025-07-16T00:00:00+00:00'
[2025-07-25T11:14:31.860+0000] {taskinstance.py:732} INFO - ::endgroup::
[2025-07-25T11:14:31.873+0000] {logging_mixin.py:190} INFO - url: https://api.polygon.io/v2/aggs/grouped/locale/us/market/stocks/2025-07-16?adjusted=true&include_otc=true&apiKey=2lwa_Zgcz4qzZ1X30xbf2CQBf_AldkL0
[2025-07-25T11:14:34.043+0000] {logging_mixin.py:190} INFO - The process of crawling 15340 OHLCs was successful
[2025-07-25T11:14:34.043+0000] {logging_mixin.py:190} INFO - Saving at /opt/airflow/data/raw/ohlcs/crawl_ohlcs-20250716.json
[2025-07-25T11:14:34.050+0000] {python.py:240} INFO - Done. Returned value was: None
[2025-07-25T11:14:34.058+0000] {taskinstance.py:341} INFO - ::group::Post task execution logs
[2025-07-25T11:14:34.059+0000] {taskinstance.py:353} INFO - Marking task as SUCCESS. dag_id=elt_to_dwh, task_id=extract_task.crawl_ohlcs, run_id=scheduled__2025-07-16T00:00:00+00:00, execution_date=20250716T000000, start_date=20250725T111431, end_date=20250725T111434
[2025-07-25T11:14:34.109+0000] {local_task_job_runner.py:266} INFO - Task exited with return code 0
[2025-07-25T11:14:34.128+0000] {taskinstance.py:3901} INFO - 1 downstream tasks scheduled from follow-on schedule check
[2025-07-25T11:14:34.133+0000] {local_task_job_runner.py:245} INFO - ::endgroup::
[2025-07-25T11:53:53.957+0000] {local_task_job_runner.py:123} INFO - ::group::Pre task execution logs
[2025-07-25T11:53:53.972+0000] {taskinstance.py:2614} INFO - Dependencies all met for dep_context=non-requeueable deps ti=<TaskInstance: elt_to_dwh.extract_task.crawl_ohlcs scheduled__2025-07-16T00:00:00+00:00 [queued]>
[2025-07-25T11:53:53.983+0000] {taskinstance.py:2614} INFO - Dependencies all met for dep_context=requeueable deps ti=<TaskInstance: elt_to_dwh.extract_task.crawl_ohlcs scheduled__2025-07-16T00:00:00+00:00 [queued]>
[2025-07-25T11:53:53.983+0000] {taskinstance.py:2867} INFO - Starting attempt 1 of 1
[2025-07-25T11:53:54.002+0000] {taskinstance.py:2890} INFO - Executing <Task(PythonOperator): extract_task.crawl_ohlcs> on 2025-07-16 00:00:00+00:00
[2025-07-25T11:53:54.012+0000] {standard_task_runner.py:104} INFO - Running: ['airflow', 'tasks', 'run', 'elt_to_dwh', 'extract_task.crawl_ohlcs', 'scheduled__2025-07-16T00:00:00+00:00', '--job-id', '173', '--raw', '--subdir', 'DAGS_FOLDER/elt_to_dwh.py', '--cfg-path', '/tmp/tmpqhn6s_gx']
[2025-07-25T11:53:54.014+0000] {standard_task_runner.py:105} INFO - Job 173: Subtask extract_task.crawl_ohlcs
[2025-07-25T11:53:54.019+0000] {logging_mixin.py:190} WARNING - /home/airflow/.local/lib/python3.12/site-packages/airflow/task/task_runner/standard_task_runner.py:70 DeprecationWarning: This process (pid=4974) is multi-threaded, use of fork() may lead to deadlocks in the child.
[2025-07-25T11:53:54.019+0000] {standard_task_runner.py:72} INFO - Started process 4984 to run task
[2025-07-25T11:53:54.065+0000] {task_command.py:467} INFO - Running <TaskInstance: elt_to_dwh.extract_task.crawl_ohlcs scheduled__2025-07-16T00:00:00+00:00 [running]> on host 74cfddf97016
[2025-07-25T11:53:54.150+0000] {taskinstance.py:3134} INFO - Exporting env vars: AIRFLOW_CTX_DAG_OWNER='airflow' AIRFLOW_CTX_DAG_ID='elt_to_dwh' AIRFLOW_CTX_TASK_ID='extract_task.crawl_ohlcs' AIRFLOW_CTX_EXECUTION_DATE='2025-07-16T00:00:00+00:00' AIRFLOW_CTX_TRY_NUMBER='1' AIRFLOW_CTX_DAG_RUN_ID='scheduled__2025-07-16T00:00:00+00:00'
[2025-07-25T11:53:54.151+0000] {taskinstance.py:732} INFO - ::endgroup::
[2025-07-25T11:53:54.169+0000] {logging_mixin.py:190} INFO - url: https://api.polygon.io/v2/aggs/grouped/locale/us/market/stocks/2025-07-16?adjusted=true&include_otc=true&apiKey=2lwa_Zgcz4qzZ1X30xbf2CQBf_AldkL0
[2025-07-25T11:53:56.248+0000] {logging_mixin.py:190} INFO - The process of crawling 15340 OHLCs was successful
[2025-07-25T11:53:56.249+0000] {logging_mixin.py:190} INFO - Saving at /opt/airflow/data/raw/ohlcs/crawl_ohlcs-20250716.json
[2025-07-25T11:53:56.253+0000] {python.py:240} INFO - Done. Returned value was: None
[2025-07-25T11:53:56.259+0000] {taskinstance.py:341} INFO - ::group::Post task execution logs
[2025-07-25T11:53:56.259+0000] {taskinstance.py:353} INFO - Marking task as SUCCESS. dag_id=elt_to_dwh, task_id=extract_task.crawl_ohlcs, run_id=scheduled__2025-07-16T00:00:00+00:00, execution_date=20250716T000000, start_date=20250725T115353, end_date=20250725T115356
[2025-07-25T11:53:56.324+0000] {local_task_job_runner.py:266} INFO - Task exited with return code 0
[2025-07-25T11:53:56.343+0000] {taskinstance.py:3901} INFO - 1 downstream tasks scheduled from follow-on schedule check
[2025-07-25T11:53:56.350+0000] {local_task_job_runner.py:245} INFO - ::endgroup::
[2025-07-26T05:02:01.702+0000] {local_task_job_runner.py:123} INFO - ::group::Pre task execution logs
[2025-07-26T05:02:01.714+0000] {taskinstance.py:2614} INFO - Dependencies all met for dep_context=non-requeueable deps ti=<TaskInstance: elt_to_dwh.extract_task.crawl_ohlcs scheduled__2025-07-16T00:00:00+00:00 [queued]>
[2025-07-26T05:02:01.721+0000] {taskinstance.py:2614} INFO - Dependencies all met for dep_context=requeueable deps ti=<TaskInstance: elt_to_dwh.extract_task.crawl_ohlcs scheduled__2025-07-16T00:00:00+00:00 [queued]>
[2025-07-26T05:02:01.722+0000] {taskinstance.py:2867} INFO - Starting attempt 1 of 1
[2025-07-26T05:02:01.736+0000] {taskinstance.py:2890} INFO - Executing <Task(PythonOperator): extract_task.crawl_ohlcs> on 2025-07-16 00:00:00+00:00
[2025-07-26T05:02:01.743+0000] {standard_task_runner.py:104} INFO - Running: ['airflow', 'tasks', 'run', 'elt_to_dwh', 'extract_task.crawl_ohlcs', 'scheduled__2025-07-16T00:00:00+00:00', '--job-id', '60', '--raw', '--subdir', 'DAGS_FOLDER/elt_to_dwh.py', '--cfg-path', '/tmp/tmpgifk4oe8']
[2025-07-26T05:02:01.745+0000] {standard_task_runner.py:105} INFO - Job 60: Subtask extract_task.crawl_ohlcs
[2025-07-26T05:02:01.747+0000] {logging_mixin.py:190} WARNING - /home/airflow/.local/lib/python3.12/site-packages/airflow/task/task_runner/standard_task_runner.py:70 DeprecationWarning: This process (pid=2275) is multi-threaded, use of fork() may lead to deadlocks in the child.
[2025-07-26T05:02:01.748+0000] {standard_task_runner.py:72} INFO - Started process 2285 to run task
[2025-07-26T05:02:01.781+0000] {task_command.py:467} INFO - Running <TaskInstance: elt_to_dwh.extract_task.crawl_ohlcs scheduled__2025-07-16T00:00:00+00:00 [running]> on host 3bc71adbf7e0
[2025-07-26T05:02:01.848+0000] {taskinstance.py:3134} INFO - Exporting env vars: AIRFLOW_CTX_DAG_OWNER='airflow' AIRFLOW_CTX_DAG_ID='elt_to_dwh' AIRFLOW_CTX_TASK_ID='extract_task.crawl_ohlcs' AIRFLOW_CTX_EXECUTION_DATE='2025-07-16T00:00:00+00:00' AIRFLOW_CTX_TRY_NUMBER='1' AIRFLOW_CTX_DAG_RUN_ID='scheduled__2025-07-16T00:00:00+00:00'
[2025-07-26T05:02:01.848+0000] {taskinstance.py:732} INFO - ::endgroup::
[2025-07-26T05:02:01.860+0000] {logging_mixin.py:190} INFO - url: https://api.polygon.io/v2/aggs/grouped/locale/us/market/stocks/2025-07-16?adjusted=true&include_otc=true&apiKey=2lwa_Zgcz4qzZ1X30xbf2CQBf_AldkL0
[2025-07-26T05:02:03.918+0000] {logging_mixin.py:190} INFO - The process of crawling 15340 OHLCs was successful
[2025-07-26T05:02:03.919+0000] {logging_mixin.py:190} INFO - Saving at /opt/airflow/data/raw/ohlcs/crawl_ohlcs-20250716.json
[2025-07-26T05:02:03.922+0000] {python.py:240} INFO - Done. Returned value was: None
[2025-07-26T05:02:03.925+0000] {taskinstance.py:341} INFO - ::group::Post task execution logs
[2025-07-26T05:02:03.926+0000] {taskinstance.py:353} INFO - Marking task as SUCCESS. dag_id=elt_to_dwh, task_id=extract_task.crawl_ohlcs, run_id=scheduled__2025-07-16T00:00:00+00:00, execution_date=20250716T000000, start_date=20250726T050201, end_date=20250726T050203
[2025-07-26T05:02:03.972+0000] {local_task_job_runner.py:266} INFO - Task exited with return code 0
[2025-07-26T05:02:03.987+0000] {taskinstance.py:3901} INFO - 1 downstream tasks scheduled from follow-on schedule check
[2025-07-26T05:02:03.992+0000] {local_task_job_runner.py:245} INFO - ::endgroup::
