[2025-07-26T04:58:25.113+0000] {local_task_job_runner.py:123} INFO - ::group::Pre task execution logs
[2025-07-26T04:58:25.128+0000] {taskinstance.py:2614} INFO - Dependencies all met for dep_context=non-requeueable deps ti=<TaskInstance: elt_to_dwh.load_to_datalake scheduled__2025-07-11T00:00:00+00:00 [queued]>
[2025-07-26T04:58:25.140+0000] {taskinstance.py:2614} INFO - Dependencies all met for dep_context=requeueable deps ti=<TaskInstance: elt_to_dwh.load_to_datalake scheduled__2025-07-11T00:00:00+00:00 [queued]>
[2025-07-26T04:58:25.141+0000] {taskinstance.py:2867} INFO - Starting attempt 1 of 1
[2025-07-26T04:58:25.158+0000] {taskinstance.py:2890} INFO - Executing <Task(PythonOperator): load_to_datalake> on 2025-07-11 00:00:00+00:00
[2025-07-26T04:58:25.164+0000] {standard_task_runner.py:104} INFO - Running: ['airflow', 'tasks', 'run', 'elt_to_dwh', 'load_to_datalake', 'scheduled__2025-07-11T00:00:00+00:00', '--job-id', '40', '--raw', '--subdir', 'DAGS_FOLDER/elt_to_dwh.py', '--cfg-path', '/tmp/tmp0dx08p4o']
[2025-07-26T04:58:25.167+0000] {standard_task_runner.py:105} INFO - Job 40: Subtask load_to_datalake
[2025-07-26T04:58:25.168+0000] {logging_mixin.py:190} WARNING - /home/airflow/.local/lib/python3.12/site-packages/airflow/task/task_runner/standard_task_runner.py:70 DeprecationWarning: This process (pid=962) is multi-threaded, use of fork() may lead to deadlocks in the child.
[2025-07-26T04:58:25.169+0000] {standard_task_runner.py:72} INFO - Started process 972 to run task
[2025-07-26T04:58:25.204+0000] {task_command.py:467} INFO - Running <TaskInstance: elt_to_dwh.load_to_datalake scheduled__2025-07-11T00:00:00+00:00 [running]> on host 3bc71adbf7e0
[2025-07-26T04:58:25.281+0000] {taskinstance.py:3134} INFO - Exporting env vars: AIRFLOW_CTX_DAG_OWNER='airflow' AIRFLOW_CTX_DAG_ID='elt_to_dwh' AIRFLOW_CTX_TASK_ID='load_to_datalake' AIRFLOW_CTX_EXECUTION_DATE='2025-07-11T00:00:00+00:00' AIRFLOW_CTX_TRY_NUMBER='1' AIRFLOW_CTX_DAG_RUN_ID='scheduled__2025-07-11T00:00:00+00:00'
[2025-07-26T04:58:25.282+0000] {taskinstance.py:732} INFO - ::endgroup::
[2025-07-26T04:58:25.472+0000] {logging_mixin.py:190} INFO - Uploading to bucket: stock-project-datalake
[2025-07-26T04:58:26.124+0000] {logging_mixin.py:190} INFO - Uploaded: /opt/airflow/data/parquet/companies/crawl_companies-20250710.parquet -> s3://stock-project-datalake/companies/crawl_companies-20250710.parquet
[2025-07-26T04:58:26.410+0000] {logging_mixin.py:190} INFO - Uploaded: /opt/airflow/data/parquet/companies/crawl_companies-20250711.parquet -> s3://stock-project-datalake/companies/crawl_companies-20250711.parquet
[2025-07-26T04:58:26.618+0000] {logging_mixin.py:190} INFO - Uploaded: /opt/airflow/data/parquet/companies/crawl_companies-20250712.parquet -> s3://stock-project-datalake/companies/crawl_companies-20250712.parquet
[2025-07-26T04:58:26.803+0000] {logging_mixin.py:190} INFO - Uploaded: /opt/airflow/data/parquet/companies/crawl_companies-20250713.parquet -> s3://stock-project-datalake/companies/crawl_companies-20250713.parquet
[2025-07-26T04:58:26.999+0000] {logging_mixin.py:190} INFO - Uploaded: /opt/airflow/data/parquet/companies/crawl_companies-20250714.parquet -> s3://stock-project-datalake/companies/crawl_companies-20250714.parquet
[2025-07-26T04:58:27.204+0000] {logging_mixin.py:190} INFO - Uploaded: /opt/airflow/data/parquet/companies/crawl_companies-20250715.parquet -> s3://stock-project-datalake/companies/crawl_companies-20250715.parquet
[2025-07-26T04:58:27.414+0000] {logging_mixin.py:190} INFO - Uploaded: /opt/airflow/data/parquet/companies/crawl_companies-20250716.parquet -> s3://stock-project-datalake/companies/crawl_companies-20250716.parquet
[2025-07-26T04:58:27.632+0000] {logging_mixin.py:190} INFO - Uploaded: /opt/airflow/data/parquet/companies/crawl_companies-20250717.parquet -> s3://stock-project-datalake/companies/crawl_companies-20250717.parquet
[2025-07-26T04:58:27.862+0000] {logging_mixin.py:190} INFO - Uploaded: /opt/airflow/data/parquet/companies/crawl_companies-20250718.parquet -> s3://stock-project-datalake/companies/crawl_companies-20250718.parquet
[2025-07-26T04:58:28.083+0000] {logging_mixin.py:190} INFO - Uploaded: /opt/airflow/data/parquet/companies/crawl_companies-20250719.parquet -> s3://stock-project-datalake/companies/crawl_companies-20250719.parquet
[2025-07-26T04:58:28.300+0000] {logging_mixin.py:190} INFO - Uploaded: /opt/airflow/data/parquet/companies/crawl_companies-20250720.parquet -> s3://stock-project-datalake/companies/crawl_companies-20250720.parquet
[2025-07-26T04:58:28.516+0000] {logging_mixin.py:190} INFO - Uploaded: /opt/airflow/data/parquet/news/crawl_news-20250710.parquet -> s3://stock-project-datalake/news/crawl_news-20250710.parquet
[2025-07-26T04:58:28.731+0000] {logging_mixin.py:190} INFO - Uploaded: /opt/airflow/data/parquet/news/crawl_news-20250711.parquet -> s3://stock-project-datalake/news/crawl_news-20250711.parquet
[2025-07-26T04:58:28.909+0000] {logging_mixin.py:190} INFO - Uploaded: /opt/airflow/data/parquet/news/crawl_news-20250712.parquet -> s3://stock-project-datalake/news/crawl_news-20250712.parquet
[2025-07-26T04:58:29.068+0000] {logging_mixin.py:190} INFO - Uploaded: /opt/airflow/data/parquet/news/crawl_news-20250713.parquet -> s3://stock-project-datalake/news/crawl_news-20250713.parquet
[2025-07-26T04:58:29.265+0000] {logging_mixin.py:190} INFO - Uploaded: /opt/airflow/data/parquet/news/crawl_news-20250714.parquet -> s3://stock-project-datalake/news/crawl_news-20250714.parquet
[2025-07-26T04:58:29.464+0000] {logging_mixin.py:190} INFO - Uploaded: /opt/airflow/data/parquet/news/crawl_news-20250715.parquet -> s3://stock-project-datalake/news/crawl_news-20250715.parquet
[2025-07-26T04:58:29.682+0000] {logging_mixin.py:190} INFO - Uploaded: /opt/airflow/data/parquet/news/crawl_news-20250716.parquet -> s3://stock-project-datalake/news/crawl_news-20250716.parquet
[2025-07-26T04:58:29.888+0000] {logging_mixin.py:190} INFO - Uploaded: /opt/airflow/data/parquet/ohlcs/crawl_ohlcs-20250710.parquet -> s3://stock-project-datalake/ohlcs/crawl_ohlcs-20250710.parquet
[2025-07-26T04:58:30.124+0000] {logging_mixin.py:190} INFO - Uploaded: /opt/airflow/data/parquet/ohlcs/crawl_ohlcs-20250711.parquet -> s3://stock-project-datalake/ohlcs/crawl_ohlcs-20250711.parquet
[2025-07-26T04:58:30.332+0000] {logging_mixin.py:190} INFO - Uploaded: /opt/airflow/data/parquet/ohlcs/crawl_ohlcs-20250714.parquet -> s3://stock-project-datalake/ohlcs/crawl_ohlcs-20250714.parquet
[2025-07-26T04:58:30.511+0000] {logging_mixin.py:190} INFO - Uploaded: /opt/airflow/data/parquet/ohlcs/crawl_ohlcs-20250715.parquet -> s3://stock-project-datalake/ohlcs/crawl_ohlcs-20250715.parquet
[2025-07-26T04:58:30.700+0000] {logging_mixin.py:190} INFO - Uploaded: /opt/airflow/data/parquet/ohlcs/crawl_ohlcs-20250716.parquet -> s3://stock-project-datalake/ohlcs/crawl_ohlcs-20250716.parquet
[2025-07-26T04:58:30.903+0000] {logging_mixin.py:190} INFO - Uploaded: /opt/airflow/data/parquet/ohlcs/crawl_ohlcs-20250717.parquet -> s3://stock-project-datalake/ohlcs/crawl_ohlcs-20250717.parquet
[2025-07-26T04:58:31.083+0000] {logging_mixin.py:190} INFO - Uploaded: /opt/airflow/data/parquet/ohlcs/crawl_ohlcs-20250718.parquet -> s3://stock-project-datalake/ohlcs/crawl_ohlcs-20250718.parquet
[2025-07-26T04:58:31.085+0000] {python.py:240} INFO - Done. Returned value was: None
[2025-07-26T04:58:31.093+0000] {taskinstance.py:341} INFO - ::group::Post task execution logs
[2025-07-26T04:58:31.095+0000] {taskinstance.py:353} INFO - Marking task as SUCCESS. dag_id=elt_to_dwh, task_id=load_to_datalake, run_id=scheduled__2025-07-11T00:00:00+00:00, execution_date=20250711T000000, start_date=20250726T045825, end_date=20250726T045831
[2025-07-26T04:58:31.164+0000] {local_task_job_runner.py:266} INFO - Task exited with return code 0
[2025-07-26T04:58:31.185+0000] {taskinstance.py:3901} INFO - 1 downstream tasks scheduled from follow-on schedule check
[2025-07-26T04:58:31.194+0000] {local_task_job_runner.py:245} INFO - ::endgroup::
