[2025-07-25T09:53:29.984+0000] {local_task_job_runner.py:123} INFO - ::group::Pre task execution logs
[2025-07-25T09:53:29.996+0000] {taskinstance.py:2614} INFO - Dependencies all met for dep_context=non-requeueable deps ti=<TaskInstance: etl_to_db.ddl_task.create_tables scheduled__2025-06-01T00:00:00+00:00 [queued]>
[2025-07-25T09:53:30.001+0000] {taskinstance.py:2614} INFO - Dependencies all met for dep_context=requeueable deps ti=<TaskInstance: etl_to_db.ddl_task.create_tables scheduled__2025-06-01T00:00:00+00:00 [queued]>
[2025-07-25T09:53:30.002+0000] {taskinstance.py:2867} INFO - Starting attempt 1 of 1
[2025-07-25T09:53:30.014+0000] {taskinstance.py:2890} INFO - Executing <Task(PythonOperator): ddl_task.create_tables> on 2025-06-01 00:00:00+00:00
[2025-07-25T09:53:30.021+0000] {standard_task_runner.py:104} INFO - Running: ['airflow', 'tasks', 'run', 'etl_to_db', 'ddl_task.create_tables', 'scheduled__2025-06-01T00:00:00+00:00', '--job-id', '42', '--raw', '--subdir', 'DAGS_FOLDER/etl_to_db.py', '--cfg-path', '/tmp/tmp1zteplz9']
[2025-07-25T09:53:30.023+0000] {standard_task_runner.py:105} INFO - Job 42: Subtask ddl_task.create_tables
[2025-07-25T09:53:30.025+0000] {logging_mixin.py:190} WARNING - /home/airflow/.local/lib/python3.12/site-packages/airflow/task/task_runner/standard_task_runner.py:70 DeprecationWarning: This process (pid=1729) is multi-threaded, use of fork() may lead to deadlocks in the child.
[2025-07-25T09:53:30.025+0000] {standard_task_runner.py:72} INFO - Started process 1739 to run task
[2025-07-25T09:53:30.059+0000] {task_command.py:467} INFO - Running <TaskInstance: etl_to_db.ddl_task.create_tables scheduled__2025-06-01T00:00:00+00:00 [running]> on host 74cfddf97016
[2025-07-25T09:53:30.115+0000] {taskinstance.py:3134} INFO - Exporting env vars: AIRFLOW_CTX_DAG_OWNER='airflow' AIRFLOW_CTX_DAG_ID='etl_to_db' AIRFLOW_CTX_TASK_ID='ddl_task.create_tables' AIRFLOW_CTX_EXECUTION_DATE='2025-06-01T00:00:00+00:00' AIRFLOW_CTX_TRY_NUMBER='1' AIRFLOW_CTX_DAG_RUN_ID='scheduled__2025-06-01T00:00:00+00:00'
[2025-07-25T09:53:30.116+0000] {taskinstance.py:732} INFO - ::endgroup::
[2025-07-25T09:53:30.146+0000] {logging_mixin.py:190} INFO - SQL script executed successfully.
[2025-07-25T09:53:30.147+0000] {python.py:240} INFO - Done. Returned value was: None
[2025-07-25T09:53:30.152+0000] {taskinstance.py:341} INFO - ::group::Post task execution logs
[2025-07-25T09:53:30.152+0000] {taskinstance.py:353} INFO - Marking task as SUCCESS. dag_id=etl_to_db, task_id=ddl_task.create_tables, run_id=scheduled__2025-06-01T00:00:00+00:00, execution_date=20250601T000000, start_date=20250725T095329, end_date=20250725T095330
[2025-07-25T09:53:30.201+0000] {local_task_job_runner.py:266} INFO - Task exited with return code 0
[2025-07-25T09:53:30.216+0000] {taskinstance.py:3901} INFO - 1 downstream tasks scheduled from follow-on schedule check
[2025-07-25T09:53:30.221+0000] {local_task_job_runner.py:245} INFO - ::endgroup::
[2025-07-25T10:20:38.033+0000] {local_task_job_runner.py:123} INFO - ::group::Pre task execution logs
[2025-07-25T10:20:38.049+0000] {taskinstance.py:2614} INFO - Dependencies all met for dep_context=non-requeueable deps ti=<TaskInstance: etl_to_db.ddl_task.create_tables scheduled__2025-06-01T00:00:00+00:00 [queued]>
[2025-07-25T10:20:38.058+0000] {taskinstance.py:2614} INFO - Dependencies all met for dep_context=requeueable deps ti=<TaskInstance: etl_to_db.ddl_task.create_tables scheduled__2025-06-01T00:00:00+00:00 [queued]>
[2025-07-25T10:20:38.059+0000] {taskinstance.py:2867} INFO - Starting attempt 1 of 1
[2025-07-25T10:20:38.075+0000] {taskinstance.py:2890} INFO - Executing <Task(PythonOperator): ddl_task.create_tables> on 2025-06-01 00:00:00+00:00
[2025-07-25T10:20:38.084+0000] {standard_task_runner.py:104} INFO - Running: ['airflow', 'tasks', 'run', 'etl_to_db', 'ddl_task.create_tables', 'scheduled__2025-06-01T00:00:00+00:00', '--job-id', '57', '--raw', '--subdir', 'DAGS_FOLDER/etl_to_db.py', '--cfg-path', '/tmp/tmpm43712_f']
[2025-07-25T10:20:38.087+0000] {standard_task_runner.py:105} INFO - Job 57: Subtask ddl_task.create_tables
[2025-07-25T10:20:38.088+0000] {logging_mixin.py:190} WARNING - /home/airflow/.local/lib/python3.12/site-packages/airflow/task/task_runner/standard_task_runner.py:70 DeprecationWarning: This process (pid=2132) is multi-threaded, use of fork() may lead to deadlocks in the child.
[2025-07-25T10:20:38.089+0000] {standard_task_runner.py:72} INFO - Started process 2142 to run task
[2025-07-25T10:20:38.132+0000] {task_command.py:467} INFO - Running <TaskInstance: etl_to_db.ddl_task.create_tables scheduled__2025-06-01T00:00:00+00:00 [running]> on host 74cfddf97016
[2025-07-25T10:20:38.204+0000] {taskinstance.py:3134} INFO - Exporting env vars: AIRFLOW_CTX_DAG_OWNER='airflow' AIRFLOW_CTX_DAG_ID='etl_to_db' AIRFLOW_CTX_TASK_ID='ddl_task.create_tables' AIRFLOW_CTX_EXECUTION_DATE='2025-06-01T00:00:00+00:00' AIRFLOW_CTX_TRY_NUMBER='1' AIRFLOW_CTX_DAG_RUN_ID='scheduled__2025-06-01T00:00:00+00:00'
[2025-07-25T10:20:38.205+0000] {taskinstance.py:732} INFO - ::endgroup::
[2025-07-25T10:20:38.242+0000] {logging_mixin.py:190} INFO - SQL script executed successfully.
[2025-07-25T10:20:38.243+0000] {python.py:240} INFO - Done. Returned value was: None
[2025-07-25T10:20:38.251+0000] {taskinstance.py:341} INFO - ::group::Post task execution logs
[2025-07-25T10:20:38.252+0000] {taskinstance.py:353} INFO - Marking task as SUCCESS. dag_id=etl_to_db, task_id=ddl_task.create_tables, run_id=scheduled__2025-06-01T00:00:00+00:00, execution_date=20250601T000000, start_date=20250725T102038, end_date=20250725T102038
[2025-07-25T10:20:38.304+0000] {local_task_job_runner.py:266} INFO - Task exited with return code 0
[2025-07-25T10:20:38.324+0000] {taskinstance.py:3901} INFO - 1 downstream tasks scheduled from follow-on schedule check
[2025-07-25T10:20:38.330+0000] {local_task_job_runner.py:245} INFO - ::endgroup::
[2025-07-26T04:44:18.646+0000] {local_task_job_runner.py:123} INFO - ::group::Pre task execution logs
[2025-07-26T04:44:18.657+0000] {taskinstance.py:2614} INFO - Dependencies all met for dep_context=non-requeueable deps ti=<TaskInstance: etl_to_db.ddl_task.create_tables scheduled__2025-06-01T00:00:00+00:00 [queued]>
[2025-07-26T04:44:18.663+0000] {taskinstance.py:2614} INFO - Dependencies all met for dep_context=requeueable deps ti=<TaskInstance: etl_to_db.ddl_task.create_tables scheduled__2025-06-01T00:00:00+00:00 [queued]>
[2025-07-26T04:44:18.663+0000] {taskinstance.py:2867} INFO - Starting attempt 1 of 1
[2025-07-26T04:44:18.676+0000] {taskinstance.py:2890} INFO - Executing <Task(PythonOperator): ddl_task.create_tables> on 2025-06-01 00:00:00+00:00
[2025-07-26T04:44:18.681+0000] {standard_task_runner.py:104} INFO - Running: ['airflow', 'tasks', 'run', 'etl_to_db', 'ddl_task.create_tables', 'scheduled__2025-06-01T00:00:00+00:00', '--job-id', '5', '--raw', '--subdir', 'DAGS_FOLDER/etl_to_db.py', '--cfg-path', '/tmp/tmpnsccwxe7']
[2025-07-26T04:44:18.683+0000] {standard_task_runner.py:105} INFO - Job 5: Subtask ddl_task.create_tables
[2025-07-26T04:44:18.684+0000] {logging_mixin.py:190} WARNING - /home/airflow/.local/lib/python3.12/site-packages/airflow/task/task_runner/standard_task_runner.py:70 DeprecationWarning: This process (pid=271) is multi-threaded, use of fork() may lead to deadlocks in the child.
[2025-07-26T04:44:18.685+0000] {standard_task_runner.py:72} INFO - Started process 281 to run task
[2025-07-26T04:44:18.713+0000] {task_command.py:467} INFO - Running <TaskInstance: etl_to_db.ddl_task.create_tables scheduled__2025-06-01T00:00:00+00:00 [running]> on host 3bc71adbf7e0
[2025-07-26T04:44:18.765+0000] {taskinstance.py:3134} INFO - Exporting env vars: AIRFLOW_CTX_DAG_OWNER='airflow' AIRFLOW_CTX_DAG_ID='etl_to_db' AIRFLOW_CTX_TASK_ID='ddl_task.create_tables' AIRFLOW_CTX_EXECUTION_DATE='2025-06-01T00:00:00+00:00' AIRFLOW_CTX_TRY_NUMBER='1' AIRFLOW_CTX_DAG_RUN_ID='scheduled__2025-06-01T00:00:00+00:00'
[2025-07-26T04:44:18.766+0000] {taskinstance.py:732} INFO - ::endgroup::
[2025-07-26T04:44:18.787+0000] {logging_mixin.py:190} INFO - SQL script executed successfully.
[2025-07-26T04:44:18.787+0000] {python.py:240} INFO - Done. Returned value was: None
[2025-07-26T04:44:18.790+0000] {taskinstance.py:341} INFO - ::group::Post task execution logs
[2025-07-26T04:44:18.791+0000] {taskinstance.py:353} INFO - Marking task as SUCCESS. dag_id=etl_to_db, task_id=ddl_task.create_tables, run_id=scheduled__2025-06-01T00:00:00+00:00, execution_date=20250601T000000, start_date=20250726T044418, end_date=20250726T044418
[2025-07-26T04:44:18.819+0000] {local_task_job_runner.py:266} INFO - Task exited with return code 0
[2025-07-26T04:44:18.833+0000] {taskinstance.py:3901} INFO - 1 downstream tasks scheduled from follow-on schedule check
[2025-07-26T04:44:18.839+0000] {local_task_job_runner.py:245} INFO - ::endgroup::
