[2025-07-25T11:13:01.022+0000] {local_task_job_runner.py:123} INFO - ::group::Pre task execution logs
[2025-07-25T11:13:01.039+0000] {taskinstance.py:2614} INFO - Dependencies all met for dep_context=non-requeueable deps ti=<TaskInstance: elt_to_dwh.create_dwh scheduled__2025-07-15T00:00:00+00:00 [queued]>
[2025-07-25T11:13:01.052+0000] {taskinstance.py:2614} INFO - Dependencies all met for dep_context=requeueable deps ti=<TaskInstance: elt_to_dwh.create_dwh scheduled__2025-07-15T00:00:00+00:00 [queued]>
[2025-07-25T11:13:01.061+0000] {taskinstance.py:2867} INFO - Starting attempt 1 of 1
[2025-07-25T11:13:01.092+0000] {taskinstance.py:2890} INFO - Executing <Task(PythonOperator): create_dwh> on 2025-07-15 00:00:00+00:00
[2025-07-25T11:13:01.107+0000] {standard_task_runner.py:104} INFO - Running: ['airflow', 'tasks', 'run', 'elt_to_dwh', 'create_dwh', 'scheduled__2025-07-15T00:00:00+00:00', '--job-id', '94', '--raw', '--subdir', 'DAGS_FOLDER/elt_to_dwh.py', '--cfg-path', '/tmp/tmp3ov1nped']
[2025-07-25T11:13:01.119+0000] {logging_mixin.py:190} WARNING - /home/airflow/.local/lib/python3.12/site-packages/airflow/task/task_runner/standard_task_runner.py:70 DeprecationWarning: This process (pid=3084) is multi-threaded, use of fork() may lead to deadlocks in the child.
[2025-07-25T11:13:01.113+0000] {standard_task_runner.py:105} INFO - Job 94: Subtask create_dwh
[2025-07-25T11:13:01.131+0000] {standard_task_runner.py:72} INFO - Started process 3094 to run task
[2025-07-25T11:13:01.202+0000] {task_command.py:467} INFO - Running <TaskInstance: elt_to_dwh.create_dwh scheduled__2025-07-15T00:00:00+00:00 [running]> on host 74cfddf97016
[2025-07-25T11:13:01.277+0000] {taskinstance.py:3134} INFO - Exporting env vars: AIRFLOW_CTX_DAG_OWNER='airflow' AIRFLOW_CTX_DAG_ID='elt_to_dwh' AIRFLOW_CTX_TASK_ID='create_dwh' AIRFLOW_CTX_EXECUTION_DATE='2025-07-15T00:00:00+00:00' AIRFLOW_CTX_TRY_NUMBER='1' AIRFLOW_CTX_DAG_RUN_ID='scheduled__2025-07-15T00:00:00+00:00'
[2025-07-25T11:13:01.278+0000] {taskinstance.py:732} INFO - ::endgroup::
[2025-07-25T11:13:01.340+0000] {logging_mixin.py:190} INFO - Executed DDL script successfully!
[2025-07-25T11:13:01.353+0000] {python.py:240} INFO - Done. Returned value was: None
[2025-07-25T11:13:01.357+0000] {taskinstance.py:341} INFO - ::group::Post task execution logs
[2025-07-25T11:13:01.358+0000] {taskinstance.py:353} INFO - Marking task as SUCCESS. dag_id=elt_to_dwh, task_id=create_dwh, run_id=scheduled__2025-07-15T00:00:00+00:00, execution_date=20250715T000000, start_date=20250725T111301, end_date=20250725T111301
[2025-07-25T11:13:01.396+0000] {local_task_job_runner.py:266} INFO - Task exited with return code 0
[2025-07-25T11:13:01.418+0000] {taskinstance.py:3901} INFO - 3 downstream tasks scheduled from follow-on schedule check
[2025-07-25T11:13:01.423+0000] {local_task_job_runner.py:245} INFO - ::endgroup::
[2025-07-25T11:52:38.608+0000] {local_task_job_runner.py:123} INFO - ::group::Pre task execution logs
[2025-07-25T11:52:38.618+0000] {taskinstance.py:2614} INFO - Dependencies all met for dep_context=non-requeueable deps ti=<TaskInstance: elt_to_dwh.create_dwh scheduled__2025-07-15T00:00:00+00:00 [queued]>
[2025-07-25T11:52:38.624+0000] {taskinstance.py:2614} INFO - Dependencies all met for dep_context=requeueable deps ti=<TaskInstance: elt_to_dwh.create_dwh scheduled__2025-07-15T00:00:00+00:00 [queued]>
[2025-07-25T11:52:38.624+0000] {taskinstance.py:2867} INFO - Starting attempt 1 of 1
[2025-07-25T11:52:38.641+0000] {taskinstance.py:2890} INFO - Executing <Task(PythonOperator): create_dwh> on 2025-07-15 00:00:00+00:00
[2025-07-25T11:52:38.648+0000] {standard_task_runner.py:104} INFO - Running: ['airflow', 'tasks', 'run', 'elt_to_dwh', 'create_dwh', 'scheduled__2025-07-15T00:00:00+00:00', '--job-id', '164', '--raw', '--subdir', 'DAGS_FOLDER/elt_to_dwh.py', '--cfg-path', '/tmp/tmpw4xm7nae']
[2025-07-25T11:52:38.650+0000] {standard_task_runner.py:105} INFO - Job 164: Subtask create_dwh
[2025-07-25T11:52:38.653+0000] {logging_mixin.py:190} WARNING - /home/airflow/.local/lib/python3.12/site-packages/airflow/task/task_runner/standard_task_runner.py:70 DeprecationWarning: This process (pid=4813) is multi-threaded, use of fork() may lead to deadlocks in the child.
[2025-07-25T11:52:38.654+0000] {standard_task_runner.py:72} INFO - Started process 4823 to run task
[2025-07-25T11:52:38.691+0000] {task_command.py:467} INFO - Running <TaskInstance: elt_to_dwh.create_dwh scheduled__2025-07-15T00:00:00+00:00 [running]> on host 74cfddf97016
[2025-07-25T11:52:38.769+0000] {taskinstance.py:3134} INFO - Exporting env vars: AIRFLOW_CTX_DAG_OWNER='airflow' AIRFLOW_CTX_DAG_ID='elt_to_dwh' AIRFLOW_CTX_TASK_ID='create_dwh' AIRFLOW_CTX_EXECUTION_DATE='2025-07-15T00:00:00+00:00' AIRFLOW_CTX_TRY_NUMBER='1' AIRFLOW_CTX_DAG_RUN_ID='scheduled__2025-07-15T00:00:00+00:00'
[2025-07-25T11:52:38.770+0000] {taskinstance.py:732} INFO - ::endgroup::
[2025-07-25T11:52:38.835+0000] {logging_mixin.py:190} INFO - Executed DDL script successfully!
[2025-07-25T11:52:38.853+0000] {python.py:240} INFO - Done. Returned value was: None
[2025-07-25T11:52:38.858+0000] {taskinstance.py:341} INFO - ::group::Post task execution logs
[2025-07-25T11:52:38.859+0000] {taskinstance.py:353} INFO - Marking task as SUCCESS. dag_id=elt_to_dwh, task_id=create_dwh, run_id=scheduled__2025-07-15T00:00:00+00:00, execution_date=20250715T000000, start_date=20250725T115238, end_date=20250725T115238
[2025-07-25T11:52:38.909+0000] {local_task_job_runner.py:266} INFO - Task exited with return code 0
[2025-07-25T11:52:38.941+0000] {taskinstance.py:3901} INFO - 3 downstream tasks scheduled from follow-on schedule check
[2025-07-25T11:52:39.020+0000] {local_task_job_runner.py:245} INFO - ::endgroup::
[2025-07-26T04:58:43.730+0000] {local_task_job_runner.py:123} INFO - ::group::Pre task execution logs
[2025-07-26T04:58:43.739+0000] {taskinstance.py:2614} INFO - Dependencies all met for dep_context=non-requeueable deps ti=<TaskInstance: elt_to_dwh.create_dwh scheduled__2025-07-15T00:00:00+00:00 [queued]>
[2025-07-26T04:58:43.744+0000] {taskinstance.py:2614} INFO - Dependencies all met for dep_context=requeueable deps ti=<TaskInstance: elt_to_dwh.create_dwh scheduled__2025-07-15T00:00:00+00:00 [queued]>
[2025-07-26T04:58:43.745+0000] {taskinstance.py:2867} INFO - Starting attempt 1 of 1
[2025-07-26T04:58:43.760+0000] {taskinstance.py:2890} INFO - Executing <Task(PythonOperator): create_dwh> on 2025-07-15 00:00:00+00:00
[2025-07-26T04:58:43.766+0000] {standard_task_runner.py:104} INFO - Running: ['airflow', 'tasks', 'run', 'elt_to_dwh', 'create_dwh', 'scheduled__2025-07-15T00:00:00+00:00', '--job-id', '42', '--raw', '--subdir', 'DAGS_FOLDER/elt_to_dwh.py', '--cfg-path', '/tmp/tmp8rkl5d7h']
[2025-07-26T04:58:43.768+0000] {standard_task_runner.py:105} INFO - Job 42: Subtask create_dwh
[2025-07-26T04:58:43.771+0000] {logging_mixin.py:190} WARNING - /home/airflow/.local/lib/python3.12/site-packages/airflow/task/task_runner/standard_task_runner.py:70 DeprecationWarning: This process (pid=1077) is multi-threaded, use of fork() may lead to deadlocks in the child.
[2025-07-26T04:58:43.772+0000] {standard_task_runner.py:72} INFO - Started process 1087 to run task
[2025-07-26T04:58:43.801+0000] {task_command.py:467} INFO - Running <TaskInstance: elt_to_dwh.create_dwh scheduled__2025-07-15T00:00:00+00:00 [running]> on host 3bc71adbf7e0
[2025-07-26T04:58:43.935+0000] {taskinstance.py:3134} INFO - Exporting env vars: AIRFLOW_CTX_DAG_OWNER='airflow' AIRFLOW_CTX_DAG_ID='elt_to_dwh' AIRFLOW_CTX_TASK_ID='create_dwh' AIRFLOW_CTX_EXECUTION_DATE='2025-07-15T00:00:00+00:00' AIRFLOW_CTX_TRY_NUMBER='1' AIRFLOW_CTX_DAG_RUN_ID='scheduled__2025-07-15T00:00:00+00:00'
[2025-07-26T04:58:43.981+0000] {taskinstance.py:732} INFO - ::endgroup::
[2025-07-26T04:58:44.078+0000] {logging_mixin.py:190} INFO - Executed DDL script successfully!
[2025-07-26T04:58:44.093+0000] {python.py:240} INFO - Done. Returned value was: None
[2025-07-26T04:58:44.100+0000] {taskinstance.py:341} INFO - ::group::Post task execution logs
[2025-07-26T04:58:44.101+0000] {taskinstance.py:353} INFO - Marking task as SUCCESS. dag_id=elt_to_dwh, task_id=create_dwh, run_id=scheduled__2025-07-15T00:00:00+00:00, execution_date=20250715T000000, start_date=20250726T045843, end_date=20250726T045844
[2025-07-26T04:58:44.148+0000] {local_task_job_runner.py:266} INFO - Task exited with return code 0
[2025-07-26T04:58:44.171+0000] {taskinstance.py:3901} INFO - 3 downstream tasks scheduled from follow-on schedule check
[2025-07-26T04:58:44.177+0000] {local_task_job_runner.py:245} INFO - ::endgroup::
