[2025-07-25T11:11:27.122+0000] {local_task_job_runner.py:123} INFO - ::group::Pre task execution logs
[2025-07-25T11:11:27.136+0000] {taskinstance.py:2614} INFO - Dependencies all met for dep_context=non-requeueable deps ti=<TaskInstance: elt_to_dwh.extract_task.convert_ohlcs_to_parquet scheduled__2025-07-10T00:00:00+00:00 [queued]>
[2025-07-25T11:11:27.146+0000] {taskinstance.py:2614} INFO - Dependencies all met for dep_context=requeueable deps ti=<TaskInstance: elt_to_dwh.extract_task.convert_ohlcs_to_parquet scheduled__2025-07-10T00:00:00+00:00 [queued]>
[2025-07-25T11:11:27.147+0000] {taskinstance.py:2867} INFO - Starting attempt 1 of 1
[2025-07-25T11:11:27.164+0000] {taskinstance.py:2890} INFO - Executing <Task(PythonOperator): extract_task.convert_ohlcs_to_parquet> on 2025-07-10 00:00:00+00:00
[2025-07-25T11:11:27.173+0000] {standard_task_runner.py:104} INFO - Running: ['airflow', 'tasks', 'run', 'elt_to_dwh', 'extract_task.convert_ohlcs_to_parquet', 'scheduled__2025-07-10T00:00:00+00:00', '--job-id', '78', '--raw', '--subdir', 'DAGS_FOLDER/elt_to_dwh.py', '--cfg-path', '/tmp/tmpdhww_izx']
[2025-07-25T11:11:27.177+0000] {standard_task_runner.py:105} INFO - Job 78: Subtask extract_task.convert_ohlcs_to_parquet
[2025-07-25T11:11:27.178+0000] {logging_mixin.py:190} WARNING - /home/airflow/.local/lib/python3.12/site-packages/airflow/task/task_runner/standard_task_runner.py:70 DeprecationWarning: This process (pid=2811) is multi-threaded, use of fork() may lead to deadlocks in the child.
[2025-07-25T11:11:27.179+0000] {standard_task_runner.py:72} INFO - Started process 2821 to run task
[2025-07-25T11:11:27.228+0000] {task_command.py:467} INFO - Running <TaskInstance: elt_to_dwh.extract_task.convert_ohlcs_to_parquet scheduled__2025-07-10T00:00:00+00:00 [running]> on host 74cfddf97016
[2025-07-25T11:11:27.310+0000] {taskinstance.py:3134} INFO - Exporting env vars: AIRFLOW_CTX_DAG_OWNER='airflow' AIRFLOW_CTX_DAG_ID='elt_to_dwh' AIRFLOW_CTX_TASK_ID='extract_task.convert_ohlcs_to_parquet' AIRFLOW_CTX_EXECUTION_DATE='2025-07-10T00:00:00+00:00' AIRFLOW_CTX_TRY_NUMBER='1' AIRFLOW_CTX_DAG_RUN_ID='scheduled__2025-07-10T00:00:00+00:00'
[2025-07-25T11:11:27.311+0000] {taskinstance.py:732} INFO - ::endgroup::
[2025-07-25T11:11:27.329+0000] {logging_mixin.py:190} INFO - Looking for file: /opt/airflow/data/raw/ohlcs/crawl_ohlcs-20250710.json
[2025-07-25T11:11:27.499+0000] {logging_mixin.py:190} INFO - [ohlcs] Saved Parquet file: /opt/airflow/data/parquet/ohlcs/crawl_ohlcs-20250710.parquet
[2025-07-25T11:11:27.500+0000] {python.py:240} INFO - Done. Returned value was: None
[2025-07-25T11:11:27.506+0000] {taskinstance.py:341} INFO - ::group::Post task execution logs
[2025-07-25T11:11:27.507+0000] {taskinstance.py:353} INFO - Marking task as SUCCESS. dag_id=elt_to_dwh, task_id=extract_task.convert_ohlcs_to_parquet, run_id=scheduled__2025-07-10T00:00:00+00:00, execution_date=20250710T000000, start_date=20250725T111127, end_date=20250725T111127
[2025-07-25T11:11:27.556+0000] {local_task_job_runner.py:266} INFO - Task exited with return code 0
[2025-07-25T11:11:27.573+0000] {taskinstance.py:3901} INFO - 0 downstream tasks scheduled from follow-on schedule check
[2025-07-25T11:11:27.581+0000] {local_task_job_runner.py:245} INFO - ::endgroup::
[2025-07-25T11:50:47.820+0000] {local_task_job_runner.py:123} INFO - ::group::Pre task execution logs
[2025-07-25T11:50:47.838+0000] {taskinstance.py:2614} INFO - Dependencies all met for dep_context=non-requeueable deps ti=<TaskInstance: elt_to_dwh.extract_task.convert_ohlcs_to_parquet scheduled__2025-07-10T00:00:00+00:00 [queued]>
[2025-07-25T11:50:47.849+0000] {taskinstance.py:2614} INFO - Dependencies all met for dep_context=requeueable deps ti=<TaskInstance: elt_to_dwh.extract_task.convert_ohlcs_to_parquet scheduled__2025-07-10T00:00:00+00:00 [queued]>
[2025-07-25T11:50:47.849+0000] {taskinstance.py:2867} INFO - Starting attempt 1 of 1
[2025-07-25T11:50:47.865+0000] {taskinstance.py:2890} INFO - Executing <Task(PythonOperator): extract_task.convert_ohlcs_to_parquet> on 2025-07-10 00:00:00+00:00
[2025-07-25T11:50:47.872+0000] {standard_task_runner.py:104} INFO - Running: ['airflow', 'tasks', 'run', 'elt_to_dwh', 'extract_task.convert_ohlcs_to_parquet', 'scheduled__2025-07-10T00:00:00+00:00', '--job-id', '148', '--raw', '--subdir', 'DAGS_FOLDER/elt_to_dwh.py', '--cfg-path', '/tmp/tmpvte7_bsl']
[2025-07-25T11:50:47.874+0000] {standard_task_runner.py:105} INFO - Job 148: Subtask extract_task.convert_ohlcs_to_parquet
[2025-07-25T11:50:47.876+0000] {logging_mixin.py:190} WARNING - /home/airflow/.local/lib/python3.12/site-packages/airflow/task/task_runner/standard_task_runner.py:70 DeprecationWarning: This process (pid=4549) is multi-threaded, use of fork() may lead to deadlocks in the child.
[2025-07-25T11:50:47.877+0000] {standard_task_runner.py:72} INFO - Started process 4559 to run task
[2025-07-25T11:50:47.915+0000] {task_command.py:467} INFO - Running <TaskInstance: elt_to_dwh.extract_task.convert_ohlcs_to_parquet scheduled__2025-07-10T00:00:00+00:00 [running]> on host 74cfddf97016
[2025-07-25T11:50:47.979+0000] {taskinstance.py:3134} INFO - Exporting env vars: AIRFLOW_CTX_DAG_OWNER='airflow' AIRFLOW_CTX_DAG_ID='elt_to_dwh' AIRFLOW_CTX_TASK_ID='extract_task.convert_ohlcs_to_parquet' AIRFLOW_CTX_EXECUTION_DATE='2025-07-10T00:00:00+00:00' AIRFLOW_CTX_TRY_NUMBER='1' AIRFLOW_CTX_DAG_RUN_ID='scheduled__2025-07-10T00:00:00+00:00'
[2025-07-25T11:50:47.980+0000] {taskinstance.py:732} INFO - ::endgroup::
[2025-07-25T11:50:47.994+0000] {logging_mixin.py:190} INFO - Looking for file: /opt/airflow/data/raw/ohlcs/crawl_ohlcs-20250710.json
[2025-07-25T11:50:48.206+0000] {logging_mixin.py:190} INFO - [ohlcs] Saved Parquet file: /opt/airflow/data/parquet/ohlcs/crawl_ohlcs-20250710.parquet
[2025-07-25T11:50:48.206+0000] {python.py:240} INFO - Done. Returned value was: None
[2025-07-25T11:50:48.212+0000] {taskinstance.py:341} INFO - ::group::Post task execution logs
[2025-07-25T11:50:48.212+0000] {taskinstance.py:353} INFO - Marking task as SUCCESS. dag_id=elt_to_dwh, task_id=extract_task.convert_ohlcs_to_parquet, run_id=scheduled__2025-07-10T00:00:00+00:00, execution_date=20250710T000000, start_date=20250725T115047, end_date=20250725T115048
[2025-07-25T11:50:48.253+0000] {local_task_job_runner.py:266} INFO - Task exited with return code 0
[2025-07-25T11:50:48.270+0000] {taskinstance.py:3901} INFO - 0 downstream tasks scheduled from follow-on schedule check
[2025-07-25T11:50:48.278+0000] {local_task_job_runner.py:245} INFO - ::endgroup::
[2025-07-26T04:57:04.049+0000] {local_task_job_runner.py:123} INFO - ::group::Pre task execution logs
[2025-07-26T04:57:04.062+0000] {taskinstance.py:2614} INFO - Dependencies all met for dep_context=non-requeueable deps ti=<TaskInstance: elt_to_dwh.extract_task.convert_ohlcs_to_parquet scheduled__2025-07-10T00:00:00+00:00 [queued]>
[2025-07-26T04:57:04.070+0000] {taskinstance.py:2614} INFO - Dependencies all met for dep_context=requeueable deps ti=<TaskInstance: elt_to_dwh.extract_task.convert_ohlcs_to_parquet scheduled__2025-07-10T00:00:00+00:00 [queued]>
[2025-07-26T04:57:04.070+0000] {taskinstance.py:2867} INFO - Starting attempt 1 of 1
[2025-07-26T04:57:04.082+0000] {taskinstance.py:2890} INFO - Executing <Task(PythonOperator): extract_task.convert_ohlcs_to_parquet> on 2025-07-10 00:00:00+00:00
[2025-07-26T04:57:04.088+0000] {standard_task_runner.py:104} INFO - Running: ['airflow', 'tasks', 'run', 'elt_to_dwh', 'extract_task.convert_ohlcs_to_parquet', 'scheduled__2025-07-10T00:00:00+00:00', '--job-id', '25', '--raw', '--subdir', 'DAGS_FOLDER/elt_to_dwh.py', '--cfg-path', '/tmp/tmp7kblwfat']
[2025-07-26T04:57:04.090+0000] {standard_task_runner.py:105} INFO - Job 25: Subtask extract_task.convert_ohlcs_to_parquet
[2025-07-26T04:57:04.092+0000] {logging_mixin.py:190} WARNING - /home/airflow/.local/lib/python3.12/site-packages/airflow/task/task_runner/standard_task_runner.py:70 DeprecationWarning: This process (pid=655) is multi-threaded, use of fork() may lead to deadlocks in the child.
[2025-07-26T04:57:04.092+0000] {standard_task_runner.py:72} INFO - Started process 665 to run task
[2025-07-26T04:57:04.120+0000] {task_command.py:467} INFO - Running <TaskInstance: elt_to_dwh.extract_task.convert_ohlcs_to_parquet scheduled__2025-07-10T00:00:00+00:00 [running]> on host 3bc71adbf7e0
[2025-07-26T04:57:04.179+0000] {taskinstance.py:3134} INFO - Exporting env vars: AIRFLOW_CTX_DAG_OWNER='airflow' AIRFLOW_CTX_DAG_ID='elt_to_dwh' AIRFLOW_CTX_TASK_ID='extract_task.convert_ohlcs_to_parquet' AIRFLOW_CTX_EXECUTION_DATE='2025-07-10T00:00:00+00:00' AIRFLOW_CTX_TRY_NUMBER='1' AIRFLOW_CTX_DAG_RUN_ID='scheduled__2025-07-10T00:00:00+00:00'
[2025-07-26T04:57:04.179+0000] {taskinstance.py:732} INFO - ::endgroup::
[2025-07-26T04:57:04.192+0000] {logging_mixin.py:190} INFO - Looking for file: /opt/airflow/data/raw/ohlcs/crawl_ohlcs-20250710.json
[2025-07-26T04:57:04.338+0000] {logging_mixin.py:190} INFO - [ohlcs] Saved Parquet file: /opt/airflow/data/parquet/ohlcs/crawl_ohlcs-20250710.parquet
[2025-07-26T04:57:04.339+0000] {python.py:240} INFO - Done. Returned value was: None
[2025-07-26T04:57:04.343+0000] {taskinstance.py:341} INFO - ::group::Post task execution logs
[2025-07-26T04:57:04.343+0000] {taskinstance.py:353} INFO - Marking task as SUCCESS. dag_id=elt_to_dwh, task_id=extract_task.convert_ohlcs_to_parquet, run_id=scheduled__2025-07-10T00:00:00+00:00, execution_date=20250710T000000, start_date=20250726T045704, end_date=20250726T045704
[2025-07-26T04:57:04.387+0000] {local_task_job_runner.py:266} INFO - Task exited with return code 0
[2025-07-26T04:57:04.405+0000] {taskinstance.py:3901} INFO - 1 downstream tasks scheduled from follow-on schedule check
[2025-07-26T04:57:04.411+0000] {local_task_job_runner.py:245} INFO - ::endgroup::
