[2025-07-25T09:54:16.337+0000] {local_task_job_runner.py:123} INFO - ::group::Pre task execution logs
[2025-07-25T09:54:16.370+0000] {taskinstance.py:2614} INFO - Dependencies all met for dep_context=non-requeueable deps ti=<TaskInstance: etl_to_db.transform scheduled__2025-05-01T00:00:00+00:00 [queued]>
[2025-07-25T09:54:16.381+0000] {taskinstance.py:2614} INFO - Dependencies all met for dep_context=requeueable deps ti=<TaskInstance: etl_to_db.transform scheduled__2025-05-01T00:00:00+00:00 [queued]>
[2025-07-25T09:54:16.381+0000] {taskinstance.py:2867} INFO - Starting attempt 1 of 1
[2025-07-25T09:54:16.395+0000] {taskinstance.py:2890} INFO - Executing <Task(PythonOperator): transform> on 2025-05-01 00:00:00+00:00
[2025-07-25T09:54:16.404+0000] {standard_task_runner.py:104} INFO - Running: ['airflow', 'tasks', 'run', 'etl_to_db', 'transform', 'scheduled__2025-05-01T00:00:00+00:00', '--job-id', '49', '--raw', '--subdir', 'DAGS_FOLDER/etl_to_db.py', '--cfg-path', '/tmp/tmp51m5s20q']
[2025-07-25T09:54:16.407+0000] {standard_task_runner.py:105} INFO - Job 49: Subtask transform
[2025-07-25T09:54:16.407+0000] {logging_mixin.py:190} WARNING - /home/airflow/.local/lib/python3.12/site-packages/airflow/task/task_runner/standard_task_runner.py:70 DeprecationWarning: This process (pid=1817) is multi-threaded, use of fork() may lead to deadlocks in the child.
[2025-07-25T09:54:16.408+0000] {standard_task_runner.py:72} INFO - Started process 1827 to run task
[2025-07-25T09:54:16.448+0000] {task_command.py:467} INFO - Running <TaskInstance: etl_to_db.transform scheduled__2025-05-01T00:00:00+00:00 [running]> on host 74cfddf97016
[2025-07-25T09:54:16.510+0000] {taskinstance.py:3134} INFO - Exporting env vars: AIRFLOW_CTX_DAG_OWNER='airflow' AIRFLOW_CTX_DAG_ID='etl_to_db' AIRFLOW_CTX_TASK_ID='transform' AIRFLOW_CTX_EXECUTION_DATE='2025-05-01T00:00:00+00:00' AIRFLOW_CTX_TRY_NUMBER='1' AIRFLOW_CTX_DAG_RUN_ID='scheduled__2025-05-01T00:00:00+00:00'
[2025-07-25T09:54:16.511+0000] {taskinstance.py:732} INFO - ::endgroup::
[2025-07-25T09:54:16.751+0000] {logging_mixin.py:190} INFO - Data saved to /opt/airflow/data/processed/regions/regions-20250501.json
[2025-07-25T09:54:16.783+0000] {logging_mixin.py:190} INFO - Data saved to /opt/airflow/data/processed/industries/industries-20250501.json
[2025-07-25T09:54:16.825+0000] {logging_mixin.py:190} INFO - Data saved to /opt/airflow/data/processed/sic_industries/sic_industries-20250501.json
[2025-07-25T09:54:16.833+0000] {logging_mixin.py:190} INFO - Data saved to /opt/airflow/data/processed/exchanges/exchanges-20250501.json
[2025-07-25T09:54:16.976+0000] {logging_mixin.py:190} INFO - Data saved to /opt/airflow/data/processed/companies/companies-20250501.json
[2025-07-25T09:54:16.999+0000] {python.py:240} INFO - Done. Returned value was: None
[2025-07-25T09:54:17.003+0000] {taskinstance.py:341} INFO - ::group::Post task execution logs
[2025-07-25T09:54:17.004+0000] {taskinstance.py:353} INFO - Marking task as SUCCESS. dag_id=etl_to_db, task_id=transform, run_id=scheduled__2025-05-01T00:00:00+00:00, execution_date=20250501T000000, start_date=20250725T095416, end_date=20250725T095417
[2025-07-25T09:54:17.065+0000] {local_task_job_runner.py:266} INFO - Task exited with return code 0
[2025-07-25T09:54:17.078+0000] {taskinstance.py:3901} INFO - 1 downstream tasks scheduled from follow-on schedule check
[2025-07-25T09:54:17.083+0000] {local_task_job_runner.py:245} INFO - ::endgroup::
[2025-07-25T10:21:30.542+0000] {local_task_job_runner.py:123} INFO - ::group::Pre task execution logs
[2025-07-25T10:21:30.557+0000] {taskinstance.py:2614} INFO - Dependencies all met for dep_context=non-requeueable deps ti=<TaskInstance: etl_to_db.transform scheduled__2025-05-01T00:00:00+00:00 [queued]>
[2025-07-25T10:21:30.564+0000] {taskinstance.py:2614} INFO - Dependencies all met for dep_context=requeueable deps ti=<TaskInstance: etl_to_db.transform scheduled__2025-05-01T00:00:00+00:00 [queued]>
[2025-07-25T10:21:30.565+0000] {taskinstance.py:2867} INFO - Starting attempt 1 of 1
[2025-07-25T10:21:30.580+0000] {taskinstance.py:2890} INFO - Executing <Task(PythonOperator): transform> on 2025-05-01 00:00:00+00:00
[2025-07-25T10:21:30.589+0000] {standard_task_runner.py:104} INFO - Running: ['airflow', 'tasks', 'run', 'etl_to_db', 'transform', 'scheduled__2025-05-01T00:00:00+00:00', '--job-id', '64', '--raw', '--subdir', 'DAGS_FOLDER/etl_to_db.py', '--cfg-path', '/tmp/tmpvl_md0qi']
[2025-07-25T10:21:30.591+0000] {standard_task_runner.py:105} INFO - Job 64: Subtask transform
[2025-07-25T10:21:30.593+0000] {logging_mixin.py:190} WARNING - /home/airflow/.local/lib/python3.12/site-packages/airflow/task/task_runner/standard_task_runner.py:70 DeprecationWarning: This process (pid=2218) is multi-threaded, use of fork() may lead to deadlocks in the child.
[2025-07-25T10:21:30.593+0000] {standard_task_runner.py:72} INFO - Started process 2228 to run task
[2025-07-25T10:21:30.628+0000] {task_command.py:467} INFO - Running <TaskInstance: etl_to_db.transform scheduled__2025-05-01T00:00:00+00:00 [running]> on host 74cfddf97016
[2025-07-25T10:21:30.692+0000] {taskinstance.py:3134} INFO - Exporting env vars: AIRFLOW_CTX_DAG_OWNER='airflow' AIRFLOW_CTX_DAG_ID='etl_to_db' AIRFLOW_CTX_TASK_ID='transform' AIRFLOW_CTX_EXECUTION_DATE='2025-05-01T00:00:00+00:00' AIRFLOW_CTX_TRY_NUMBER='1' AIRFLOW_CTX_DAG_RUN_ID='scheduled__2025-05-01T00:00:00+00:00'
[2025-07-25T10:21:30.694+0000] {taskinstance.py:732} INFO - ::endgroup::
[2025-07-25T10:21:30.940+0000] {logging_mixin.py:190} INFO - Data saved to /opt/airflow/data/processed/regions/regions-20250501.json
[2025-07-25T10:21:30.976+0000] {logging_mixin.py:190} INFO - Data saved to /opt/airflow/data/processed/industries/industries-20250501.json
[2025-07-25T10:21:31.022+0000] {logging_mixin.py:190} INFO - Data saved to /opt/airflow/data/processed/sic_industries/sic_industries-20250501.json
[2025-07-25T10:21:31.033+0000] {logging_mixin.py:190} INFO - Data saved to /opt/airflow/data/processed/exchanges/exchanges-20250501.json
[2025-07-25T10:21:31.209+0000] {logging_mixin.py:190} INFO - Data saved to /opt/airflow/data/processed/companies/companies-20250501.json
[2025-07-25T10:21:31.237+0000] {python.py:240} INFO - Done. Returned value was: None
[2025-07-25T10:21:31.242+0000] {taskinstance.py:341} INFO - ::group::Post task execution logs
[2025-07-25T10:21:31.242+0000] {taskinstance.py:353} INFO - Marking task as SUCCESS. dag_id=etl_to_db, task_id=transform, run_id=scheduled__2025-05-01T00:00:00+00:00, execution_date=20250501T000000, start_date=20250725T102130, end_date=20250725T102131
[2025-07-25T10:21:31.290+0000] {local_task_job_runner.py:266} INFO - Task exited with return code 0
[2025-07-25T10:21:31.307+0000] {taskinstance.py:3901} INFO - 1 downstream tasks scheduled from follow-on schedule check
[2025-07-25T10:21:31.312+0000] {local_task_job_runner.py:245} INFO - ::endgroup::
[2025-07-26T04:45:05.066+0000] {local_task_job_runner.py:123} INFO - ::group::Pre task execution logs
[2025-07-26T04:45:05.078+0000] {taskinstance.py:2614} INFO - Dependencies all met for dep_context=non-requeueable deps ti=<TaskInstance: etl_to_db.transform scheduled__2025-05-01T00:00:00+00:00 [queued]>
[2025-07-26T04:45:05.084+0000] {taskinstance.py:2614} INFO - Dependencies all met for dep_context=requeueable deps ti=<TaskInstance: etl_to_db.transform scheduled__2025-05-01T00:00:00+00:00 [queued]>
[2025-07-26T04:45:05.085+0000] {taskinstance.py:2867} INFO - Starting attempt 1 of 1
[2025-07-26T04:45:05.097+0000] {taskinstance.py:2890} INFO - Executing <Task(PythonOperator): transform> on 2025-05-01 00:00:00+00:00
[2025-07-26T04:45:05.102+0000] {standard_task_runner.py:104} INFO - Running: ['airflow', 'tasks', 'run', 'etl_to_db', 'transform', 'scheduled__2025-05-01T00:00:00+00:00', '--job-id', '12', '--raw', '--subdir', 'DAGS_FOLDER/etl_to_db.py', '--cfg-path', '/tmp/tmpzp8gh1v_']
[2025-07-26T04:45:05.104+0000] {standard_task_runner.py:105} INFO - Job 12: Subtask transform
[2025-07-26T04:45:05.106+0000] {logging_mixin.py:190} WARNING - /home/airflow/.local/lib/python3.12/site-packages/airflow/task/task_runner/standard_task_runner.py:70 DeprecationWarning: This process (pid=357) is multi-threaded, use of fork() may lead to deadlocks in the child.
[2025-07-26T04:45:05.106+0000] {standard_task_runner.py:72} INFO - Started process 367 to run task
[2025-07-26T04:45:05.135+0000] {task_command.py:467} INFO - Running <TaskInstance: etl_to_db.transform scheduled__2025-05-01T00:00:00+00:00 [running]> on host 3bc71adbf7e0
[2025-07-26T04:45:05.187+0000] {taskinstance.py:3134} INFO - Exporting env vars: AIRFLOW_CTX_DAG_OWNER='airflow' AIRFLOW_CTX_DAG_ID='etl_to_db' AIRFLOW_CTX_TASK_ID='transform' AIRFLOW_CTX_EXECUTION_DATE='2025-05-01T00:00:00+00:00' AIRFLOW_CTX_TRY_NUMBER='1' AIRFLOW_CTX_DAG_RUN_ID='scheduled__2025-05-01T00:00:00+00:00'
[2025-07-26T04:45:05.188+0000] {taskinstance.py:732} INFO - ::endgroup::
[2025-07-26T04:45:05.429+0000] {logging_mixin.py:190} INFO - Data saved to /opt/airflow/data/processed/regions/regions-20250501.json
[2025-07-26T04:45:05.462+0000] {logging_mixin.py:190} INFO - Data saved to /opt/airflow/data/processed/industries/industries-20250501.json
[2025-07-26T04:45:05.503+0000] {logging_mixin.py:190} INFO - Data saved to /opt/airflow/data/processed/sic_industries/sic_industries-20250501.json
[2025-07-26T04:45:05.512+0000] {logging_mixin.py:190} INFO - Data saved to /opt/airflow/data/processed/exchanges/exchanges-20250501.json
[2025-07-26T04:45:05.687+0000] {logging_mixin.py:190} INFO - Data saved to /opt/airflow/data/processed/companies/companies-20250501.json
[2025-07-26T04:45:05.733+0000] {python.py:240} INFO - Done. Returned value was: None
[2025-07-26T04:45:05.738+0000] {taskinstance.py:341} INFO - ::group::Post task execution logs
[2025-07-26T04:45:05.739+0000] {taskinstance.py:353} INFO - Marking task as SUCCESS. dag_id=etl_to_db, task_id=transform, run_id=scheduled__2025-05-01T00:00:00+00:00, execution_date=20250501T000000, start_date=20250726T044505, end_date=20250726T044505
[2025-07-26T04:45:05.802+0000] {local_task_job_runner.py:266} INFO - Task exited with return code 0
[2025-07-26T04:45:05.814+0000] {taskinstance.py:3901} INFO - 1 downstream tasks scheduled from follow-on schedule check
[2025-07-26T04:45:05.820+0000] {local_task_job_runner.py:245} INFO - ::endgroup::
