[2025-07-25T11:10:21.999+0000] {local_task_job_runner.py:123} INFO - ::group::Pre task execution logs
[2025-07-25T11:10:22.008+0000] {taskinstance.py:2614} INFO - Dependencies all met for dep_context=non-requeueable deps ti=<TaskInstance: elt_to_dwh.create_dwh scheduled__2025-07-11T00:00:00+00:00 [queued]>
[2025-07-25T11:10:22.013+0000] {taskinstance.py:2614} INFO - Dependencies all met for dep_context=requeueable deps ti=<TaskInstance: elt_to_dwh.create_dwh scheduled__2025-07-11T00:00:00+00:00 [queued]>
[2025-07-25T11:10:22.013+0000] {taskinstance.py:2867} INFO - Starting attempt 1 of 1
[2025-07-25T11:10:22.027+0000] {taskinstance.py:2890} INFO - Executing <Task(PythonOperator): create_dwh> on 2025-07-11 00:00:00+00:00
[2025-07-25T11:10:22.034+0000] {standard_task_runner.py:104} INFO - Running: ['airflow', 'tasks', 'run', 'elt_to_dwh', 'create_dwh', 'scheduled__2025-07-11T00:00:00+00:00', '--job-id', '70', '--raw', '--subdir', 'DAGS_FOLDER/elt_to_dwh.py', '--cfg-path', '/tmp/tmpcf_4f77v']
[2025-07-25T11:10:22.037+0000] {standard_task_runner.py:105} INFO - Job 70: Subtask create_dwh
[2025-07-25T11:10:22.038+0000] {logging_mixin.py:190} WARNING - /home/airflow/.local/lib/python3.12/site-packages/airflow/task/task_runner/standard_task_runner.py:70 DeprecationWarning: This process (pid=2690) is multi-threaded, use of fork() may lead to deadlocks in the child.
[2025-07-25T11:10:22.039+0000] {standard_task_runner.py:72} INFO - Started process 2700 to run task
[2025-07-25T11:10:22.073+0000] {task_command.py:467} INFO - Running <TaskInstance: elt_to_dwh.create_dwh scheduled__2025-07-11T00:00:00+00:00 [running]> on host 74cfddf97016
[2025-07-25T11:10:22.133+0000] {taskinstance.py:3134} INFO - Exporting env vars: AIRFLOW_CTX_DAG_OWNER='airflow' AIRFLOW_CTX_DAG_ID='elt_to_dwh' AIRFLOW_CTX_TASK_ID='create_dwh' AIRFLOW_CTX_EXECUTION_DATE='2025-07-11T00:00:00+00:00' AIRFLOW_CTX_TRY_NUMBER='1' AIRFLOW_CTX_DAG_RUN_ID='scheduled__2025-07-11T00:00:00+00:00'
[2025-07-25T11:10:22.135+0000] {taskinstance.py:732} INFO - ::endgroup::
[2025-07-25T11:10:22.197+0000] {logging_mixin.py:190} INFO - Executed DDL script successfully!
[2025-07-25T11:10:22.210+0000] {python.py:240} INFO - Done. Returned value was: None
[2025-07-25T11:10:22.215+0000] {taskinstance.py:341} INFO - ::group::Post task execution logs
[2025-07-25T11:10:22.216+0000] {taskinstance.py:353} INFO - Marking task as SUCCESS. dag_id=elt_to_dwh, task_id=create_dwh, run_id=scheduled__2025-07-11T00:00:00+00:00, execution_date=20250711T000000, start_date=20250725T111022, end_date=20250725T111022
[2025-07-25T11:10:22.254+0000] {local_task_job_runner.py:266} INFO - Task exited with return code 0
[2025-07-25T11:10:22.274+0000] {taskinstance.py:3901} INFO - 3 downstream tasks scheduled from follow-on schedule check
[2025-07-25T11:10:22.279+0000] {local_task_job_runner.py:245} INFO - ::endgroup::
[2025-07-25T11:49:59.822+0000] {local_task_job_runner.py:123} INFO - ::group::Pre task execution logs
[2025-07-25T11:49:59.830+0000] {taskinstance.py:2614} INFO - Dependencies all met for dep_context=non-requeueable deps ti=<TaskInstance: elt_to_dwh.create_dwh scheduled__2025-07-11T00:00:00+00:00 [queued]>
[2025-07-25T11:49:59.837+0000] {taskinstance.py:2614} INFO - Dependencies all met for dep_context=requeueable deps ti=<TaskInstance: elt_to_dwh.create_dwh scheduled__2025-07-11T00:00:00+00:00 [queued]>
[2025-07-25T11:49:59.837+0000] {taskinstance.py:2867} INFO - Starting attempt 1 of 1
[2025-07-25T11:49:59.851+0000] {taskinstance.py:2890} INFO - Executing <Task(PythonOperator): create_dwh> on 2025-07-11 00:00:00+00:00
[2025-07-25T11:49:59.857+0000] {standard_task_runner.py:104} INFO - Running: ['airflow', 'tasks', 'run', 'elt_to_dwh', 'create_dwh', 'scheduled__2025-07-11T00:00:00+00:00', '--job-id', '141', '--raw', '--subdir', 'DAGS_FOLDER/elt_to_dwh.py', '--cfg-path', '/tmp/tmp2gq6cmmb']
[2025-07-25T11:49:59.859+0000] {standard_task_runner.py:105} INFO - Job 141: Subtask create_dwh
[2025-07-25T11:49:59.861+0000] {logging_mixin.py:190} WARNING - /home/airflow/.local/lib/python3.12/site-packages/airflow/task/task_runner/standard_task_runner.py:70 DeprecationWarning: This process (pid=4441) is multi-threaded, use of fork() may lead to deadlocks in the child.
[2025-07-25T11:49:59.862+0000] {standard_task_runner.py:72} INFO - Started process 4451 to run task
[2025-07-25T11:49:59.895+0000] {task_command.py:467} INFO - Running <TaskInstance: elt_to_dwh.create_dwh scheduled__2025-07-11T00:00:00+00:00 [running]> on host 74cfddf97016
[2025-07-25T11:49:59.957+0000] {taskinstance.py:3134} INFO - Exporting env vars: AIRFLOW_CTX_DAG_OWNER='airflow' AIRFLOW_CTX_DAG_ID='elt_to_dwh' AIRFLOW_CTX_TASK_ID='create_dwh' AIRFLOW_CTX_EXECUTION_DATE='2025-07-11T00:00:00+00:00' AIRFLOW_CTX_TRY_NUMBER='1' AIRFLOW_CTX_DAG_RUN_ID='scheduled__2025-07-11T00:00:00+00:00'
[2025-07-25T11:49:59.958+0000] {taskinstance.py:732} INFO - ::endgroup::
[2025-07-25T11:50:00.021+0000] {logging_mixin.py:190} INFO - Executed DDL script successfully!
[2025-07-25T11:50:00.041+0000] {python.py:240} INFO - Done. Returned value was: None
[2025-07-25T11:50:00.047+0000] {taskinstance.py:341} INFO - ::group::Post task execution logs
[2025-07-25T11:50:00.048+0000] {taskinstance.py:353} INFO - Marking task as SUCCESS. dag_id=elt_to_dwh, task_id=create_dwh, run_id=scheduled__2025-07-11T00:00:00+00:00, execution_date=20250711T000000, start_date=20250725T114959, end_date=20250725T115000
[2025-07-25T11:50:00.078+0000] {local_task_job_runner.py:266} INFO - Task exited with return code 0
[2025-07-25T11:50:00.115+0000] {taskinstance.py:3901} INFO - 3 downstream tasks scheduled from follow-on schedule check
[2025-07-25T11:50:00.122+0000] {local_task_job_runner.py:245} INFO - ::endgroup::
[2025-07-26T04:56:10.378+0000] {local_task_job_runner.py:123} INFO - ::group::Pre task execution logs
[2025-07-26T04:56:10.387+0000] {taskinstance.py:2614} INFO - Dependencies all met for dep_context=non-requeueable deps ti=<TaskInstance: elt_to_dwh.create_dwh scheduled__2025-07-11T00:00:00+00:00 [queued]>
[2025-07-26T04:56:10.397+0000] {taskinstance.py:2614} INFO - Dependencies all met for dep_context=requeueable deps ti=<TaskInstance: elt_to_dwh.create_dwh scheduled__2025-07-11T00:00:00+00:00 [queued]>
[2025-07-26T04:56:10.398+0000] {taskinstance.py:2867} INFO - Starting attempt 1 of 1
[2025-07-26T04:56:10.426+0000] {taskinstance.py:2890} INFO - Executing <Task(PythonOperator): create_dwh> on 2025-07-11 00:00:00+00:00
[2025-07-26T04:56:10.435+0000] {standard_task_runner.py:104} INFO - Running: ['airflow', 'tasks', 'run', 'elt_to_dwh', 'create_dwh', 'scheduled__2025-07-11T00:00:00+00:00', '--job-id', '17', '--raw', '--subdir', 'DAGS_FOLDER/elt_to_dwh.py', '--cfg-path', '/tmp/tmpf85k138n']
[2025-07-26T04:56:10.438+0000] {standard_task_runner.py:105} INFO - Job 17: Subtask create_dwh
[2025-07-26T04:56:10.440+0000] {logging_mixin.py:190} WARNING - /home/airflow/.local/lib/python3.12/site-packages/airflow/task/task_runner/standard_task_runner.py:70 DeprecationWarning: This process (pid=526) is multi-threaded, use of fork() may lead to deadlocks in the child.
[2025-07-26T04:56:10.441+0000] {standard_task_runner.py:72} INFO - Started process 536 to run task
[2025-07-26T04:56:10.487+0000] {task_command.py:467} INFO - Running <TaskInstance: elt_to_dwh.create_dwh scheduled__2025-07-11T00:00:00+00:00 [running]> on host 3bc71adbf7e0
[2025-07-26T04:56:10.563+0000] {taskinstance.py:3134} INFO - Exporting env vars: AIRFLOW_CTX_DAG_OWNER='airflow' AIRFLOW_CTX_DAG_ID='elt_to_dwh' AIRFLOW_CTX_TASK_ID='create_dwh' AIRFLOW_CTX_EXECUTION_DATE='2025-07-11T00:00:00+00:00' AIRFLOW_CTX_TRY_NUMBER='1' AIRFLOW_CTX_DAG_RUN_ID='scheduled__2025-07-11T00:00:00+00:00'
[2025-07-26T04:56:10.564+0000] {taskinstance.py:732} INFO - ::endgroup::
[2025-07-26T04:56:10.622+0000] {logging_mixin.py:190} INFO - Executed DDL script successfully!
[2025-07-26T04:56:10.634+0000] {python.py:240} INFO - Done. Returned value was: None
[2025-07-26T04:56:10.639+0000] {taskinstance.py:341} INFO - ::group::Post task execution logs
[2025-07-26T04:56:10.639+0000] {taskinstance.py:353} INFO - Marking task as SUCCESS. dag_id=elt_to_dwh, task_id=create_dwh, run_id=scheduled__2025-07-11T00:00:00+00:00, execution_date=20250711T000000, start_date=20250726T045610, end_date=20250726T045610
[2025-07-26T04:56:10.699+0000] {local_task_job_runner.py:266} INFO - Task exited with return code 0
[2025-07-26T04:56:10.720+0000] {taskinstance.py:3901} INFO - 3 downstream tasks scheduled from follow-on schedule check
[2025-07-26T04:56:10.727+0000] {local_task_job_runner.py:245} INFO - ::endgroup::
