[2025-07-25T11:16:50.606+0000] {local_task_job_runner.py:123} INFO - ::group::Pre task execution logs
[2025-07-25T11:16:50.618+0000] {taskinstance.py:2614} INFO - Dependencies all met for dep_context=non-requeueable deps ti=<TaskInstance: elt_to_dwh.extract_task.convert_ohlcs_to_parquet scheduled__2025-07-18T00:00:00+00:00 [queued]>
[2025-07-25T11:16:50.626+0000] {taskinstance.py:2614} INFO - Dependencies all met for dep_context=requeueable deps ti=<TaskInstance: elt_to_dwh.extract_task.convert_ohlcs_to_parquet scheduled__2025-07-18T00:00:00+00:00 [queued]>
[2025-07-25T11:16:50.627+0000] {taskinstance.py:2867} INFO - Starting attempt 1 of 1
[2025-07-25T11:16:50.641+0000] {taskinstance.py:2890} INFO - Executing <Task(PythonOperator): extract_task.convert_ohlcs_to_parquet> on 2025-07-18 00:00:00+00:00
[2025-07-25T11:16:50.648+0000] {standard_task_runner.py:104} INFO - Running: ['airflow', 'tasks', 'run', 'elt_to_dwh', 'extract_task.convert_ohlcs_to_parquet', 'scheduled__2025-07-18T00:00:00+00:00', '--job-id', '127', '--raw', '--subdir', 'DAGS_FOLDER/elt_to_dwh.py', '--cfg-path', '/tmp/tmp37ic9w5d']
[2025-07-25T11:16:50.650+0000] {standard_task_runner.py:105} INFO - Job 127: Subtask extract_task.convert_ohlcs_to_parquet
[2025-07-25T11:16:50.652+0000] {logging_mixin.py:190} WARNING - /home/airflow/.local/lib/python3.12/site-packages/airflow/task/task_runner/standard_task_runner.py:70 DeprecationWarning: This process (pid=3853) is multi-threaded, use of fork() may lead to deadlocks in the child.
[2025-07-25T11:16:50.652+0000] {standard_task_runner.py:72} INFO - Started process 3863 to run task
[2025-07-25T11:16:50.689+0000] {task_command.py:467} INFO - Running <TaskInstance: elt_to_dwh.extract_task.convert_ohlcs_to_parquet scheduled__2025-07-18T00:00:00+00:00 [running]> on host 74cfddf97016
[2025-07-25T11:16:50.751+0000] {taskinstance.py:3134} INFO - Exporting env vars: AIRFLOW_CTX_DAG_OWNER='airflow' AIRFLOW_CTX_DAG_ID='elt_to_dwh' AIRFLOW_CTX_TASK_ID='extract_task.convert_ohlcs_to_parquet' AIRFLOW_CTX_EXECUTION_DATE='2025-07-18T00:00:00+00:00' AIRFLOW_CTX_TRY_NUMBER='1' AIRFLOW_CTX_DAG_RUN_ID='scheduled__2025-07-18T00:00:00+00:00'
[2025-07-25T11:16:50.752+0000] {taskinstance.py:732} INFO - ::endgroup::
[2025-07-25T11:16:50.766+0000] {logging_mixin.py:190} INFO - Looking for file: /opt/airflow/data/raw/ohlcs/crawl_ohlcs-20250718.json
[2025-07-25T11:16:50.919+0000] {logging_mixin.py:190} INFO - [ohlcs] Saved Parquet file: /opt/airflow/data/parquet/ohlcs/crawl_ohlcs-20250718.parquet
[2025-07-25T11:16:50.919+0000] {python.py:240} INFO - Done. Returned value was: None
[2025-07-25T11:16:50.924+0000] {taskinstance.py:341} INFO - ::group::Post task execution logs
[2025-07-25T11:16:50.924+0000] {taskinstance.py:353} INFO - Marking task as SUCCESS. dag_id=elt_to_dwh, task_id=extract_task.convert_ohlcs_to_parquet, run_id=scheduled__2025-07-18T00:00:00+00:00, execution_date=20250718T000000, start_date=20250725T111650, end_date=20250725T111650
[2025-07-25T11:16:50.988+0000] {local_task_job_runner.py:266} INFO - Task exited with return code 0
[2025-07-25T11:16:51.000+0000] {taskinstance.py:3901} INFO - 0 downstream tasks scheduled from follow-on schedule check
[2025-07-25T11:16:51.008+0000] {local_task_job_runner.py:245} INFO - ::endgroup::
[2025-07-25T11:55:37.704+0000] {local_task_job_runner.py:123} INFO - ::group::Pre task execution logs
[2025-07-25T11:55:37.724+0000] {taskinstance.py:2614} INFO - Dependencies all met for dep_context=non-requeueable deps ti=<TaskInstance: elt_to_dwh.extract_task.convert_ohlcs_to_parquet scheduled__2025-07-18T00:00:00+00:00 [queued]>
[2025-07-25T11:55:37.736+0000] {taskinstance.py:2614} INFO - Dependencies all met for dep_context=requeueable deps ti=<TaskInstance: elt_to_dwh.extract_task.convert_ohlcs_to_parquet scheduled__2025-07-18T00:00:00+00:00 [queued]>
[2025-07-25T11:55:37.737+0000] {taskinstance.py:2867} INFO - Starting attempt 1 of 1
[2025-07-25T11:55:37.756+0000] {taskinstance.py:2890} INFO - Executing <Task(PythonOperator): extract_task.convert_ohlcs_to_parquet> on 2025-07-18 00:00:00+00:00
[2025-07-25T11:55:37.766+0000] {standard_task_runner.py:104} INFO - Running: ['airflow', 'tasks', 'run', 'elt_to_dwh', 'extract_task.convert_ohlcs_to_parquet', 'scheduled__2025-07-18T00:00:00+00:00', '--job-id', '185', '--raw', '--subdir', 'DAGS_FOLDER/elt_to_dwh.py', '--cfg-path', '/tmp/tmpkfl6mg4u']
[2025-07-25T11:55:37.769+0000] {standard_task_runner.py:105} INFO - Job 185: Subtask extract_task.convert_ohlcs_to_parquet
[2025-07-25T11:55:37.771+0000] {logging_mixin.py:190} WARNING - /home/airflow/.local/lib/python3.12/site-packages/airflow/task/task_runner/standard_task_runner.py:70 DeprecationWarning: This process (pid=5182) is multi-threaded, use of fork() may lead to deadlocks in the child.
[2025-07-25T11:55:37.772+0000] {standard_task_runner.py:72} INFO - Started process 5192 to run task
[2025-07-25T11:55:37.831+0000] {task_command.py:467} INFO - Running <TaskInstance: elt_to_dwh.extract_task.convert_ohlcs_to_parquet scheduled__2025-07-18T00:00:00+00:00 [running]> on host 74cfddf97016
[2025-07-25T11:55:37.925+0000] {taskinstance.py:3134} INFO - Exporting env vars: AIRFLOW_CTX_DAG_OWNER='airflow' AIRFLOW_CTX_DAG_ID='elt_to_dwh' AIRFLOW_CTX_TASK_ID='extract_task.convert_ohlcs_to_parquet' AIRFLOW_CTX_EXECUTION_DATE='2025-07-18T00:00:00+00:00' AIRFLOW_CTX_TRY_NUMBER='1' AIRFLOW_CTX_DAG_RUN_ID='scheduled__2025-07-18T00:00:00+00:00'
[2025-07-25T11:55:37.927+0000] {taskinstance.py:732} INFO - ::endgroup::
[2025-07-25T11:55:37.945+0000] {logging_mixin.py:190} INFO - Looking for file: /opt/airflow/data/raw/ohlcs/crawl_ohlcs-20250718.json
[2025-07-25T11:55:38.180+0000] {logging_mixin.py:190} INFO - [ohlcs] Saved Parquet file: /opt/airflow/data/parquet/ohlcs/crawl_ohlcs-20250718.parquet
[2025-07-25T11:55:38.180+0000] {python.py:240} INFO - Done. Returned value was: None
[2025-07-25T11:55:38.188+0000] {taskinstance.py:341} INFO - ::group::Post task execution logs
[2025-07-25T11:55:38.189+0000] {taskinstance.py:353} INFO - Marking task as SUCCESS. dag_id=elt_to_dwh, task_id=extract_task.convert_ohlcs_to_parquet, run_id=scheduled__2025-07-18T00:00:00+00:00, execution_date=20250718T000000, start_date=20250725T115537, end_date=20250725T115538
[2025-07-25T11:55:38.271+0000] {local_task_job_runner.py:266} INFO - Task exited with return code 0
[2025-07-25T11:55:38.297+0000] {taskinstance.py:3901} INFO - 0 downstream tasks scheduled from follow-on schedule check
[2025-07-25T11:55:38.308+0000] {local_task_job_runner.py:245} INFO - ::endgroup::
[2025-07-26T05:09:16.617+0000] {local_task_job_runner.py:123} INFO - ::group::Pre task execution logs
[2025-07-26T05:09:16.636+0000] {taskinstance.py:2614} INFO - Dependencies all met for dep_context=non-requeueable deps ti=<TaskInstance: elt_to_dwh.extract_task.convert_ohlcs_to_parquet scheduled__2025-07-18T00:00:00+00:00 [queued]>
[2025-07-26T05:09:16.645+0000] {taskinstance.py:2614} INFO - Dependencies all met for dep_context=requeueable deps ti=<TaskInstance: elt_to_dwh.extract_task.convert_ohlcs_to_parquet scheduled__2025-07-18T00:00:00+00:00 [queued]>
[2025-07-26T05:09:16.645+0000] {taskinstance.py:2867} INFO - Starting attempt 1 of 1
[2025-07-26T05:09:16.663+0000] {taskinstance.py:2890} INFO - Executing <Task(PythonOperator): extract_task.convert_ohlcs_to_parquet> on 2025-07-18 00:00:00+00:00
[2025-07-26T05:09:16.673+0000] {standard_task_runner.py:104} INFO - Running: ['airflow', 'tasks', 'run', 'elt_to_dwh', 'extract_task.convert_ohlcs_to_parquet', 'scheduled__2025-07-18T00:00:00+00:00', '--job-id', '94', '--raw', '--subdir', 'DAGS_FOLDER/elt_to_dwh.py', '--cfg-path', '/tmp/tmp79z5erjn']
[2025-07-26T05:09:16.676+0000] {standard_task_runner.py:105} INFO - Job 94: Subtask extract_task.convert_ohlcs_to_parquet
[2025-07-26T05:09:16.678+0000] {logging_mixin.py:190} WARNING - /home/airflow/.local/lib/python3.12/site-packages/airflow/task/task_runner/standard_task_runner.py:70 DeprecationWarning: This process (pid=5816) is multi-threaded, use of fork() may lead to deadlocks in the child.
[2025-07-26T05:09:16.679+0000] {standard_task_runner.py:72} INFO - Started process 5826 to run task
[2025-07-26T05:09:16.718+0000] {task_command.py:467} INFO - Running <TaskInstance: elt_to_dwh.extract_task.convert_ohlcs_to_parquet scheduled__2025-07-18T00:00:00+00:00 [running]> on host 3bc71adbf7e0
[2025-07-26T05:09:16.802+0000] {taskinstance.py:3134} INFO - Exporting env vars: AIRFLOW_CTX_DAG_OWNER='airflow' AIRFLOW_CTX_DAG_ID='elt_to_dwh' AIRFLOW_CTX_TASK_ID='extract_task.convert_ohlcs_to_parquet' AIRFLOW_CTX_EXECUTION_DATE='2025-07-18T00:00:00+00:00' AIRFLOW_CTX_TRY_NUMBER='1' AIRFLOW_CTX_DAG_RUN_ID='scheduled__2025-07-18T00:00:00+00:00'
[2025-07-26T05:09:16.803+0000] {taskinstance.py:732} INFO - ::endgroup::
[2025-07-26T05:09:16.818+0000] {logging_mixin.py:190} INFO - Looking for file: /opt/airflow/data/raw/ohlcs/crawl_ohlcs-20250718.json
[2025-07-26T05:09:17.062+0000] {logging_mixin.py:190} INFO - [ohlcs] Saved Parquet file: /opt/airflow/data/parquet/ohlcs/crawl_ohlcs-20250718.parquet
[2025-07-26T05:09:17.063+0000] {python.py:240} INFO - Done. Returned value was: None
[2025-07-26T05:09:17.072+0000] {taskinstance.py:341} INFO - ::group::Post task execution logs
[2025-07-26T05:09:17.073+0000] {taskinstance.py:353} INFO - Marking task as SUCCESS. dag_id=elt_to_dwh, task_id=extract_task.convert_ohlcs_to_parquet, run_id=scheduled__2025-07-18T00:00:00+00:00, execution_date=20250718T000000, start_date=20250726T050916, end_date=20250726T050917
[2025-07-26T05:09:17.137+0000] {local_task_job_runner.py:266} INFO - Task exited with return code 0
[2025-07-26T05:09:17.161+0000] {taskinstance.py:3901} INFO - 1 downstream tasks scheduled from follow-on schedule check
[2025-07-26T05:09:17.167+0000] {local_task_job_runner.py:245} INFO - ::endgroup::
