[2025-07-25T11:15:34.656+0000] {local_task_job_runner.py:123} INFO - ::group::Pre task execution logs
[2025-07-25T11:15:34.669+0000] {taskinstance.py:2614} INFO - Dependencies all met for dep_context=non-requeueable deps ti=<TaskInstance: elt_to_dwh.extract_task.load_db_to_parquet scheduled__2025-07-17T00:00:00+00:00 [queued]>
[2025-07-25T11:15:34.678+0000] {taskinstance.py:2614} INFO - Dependencies all met for dep_context=requeueable deps ti=<TaskInstance: elt_to_dwh.extract_task.load_db_to_parquet scheduled__2025-07-17T00:00:00+00:00 [queued]>
[2025-07-25T11:15:34.678+0000] {taskinstance.py:2867} INFO - Starting attempt 1 of 1
[2025-07-25T11:15:34.692+0000] {taskinstance.py:2890} INFO - Executing <Task(PythonOperator): extract_task.load_db_to_parquet> on 2025-07-17 00:00:00+00:00
[2025-07-25T11:15:34.698+0000] {standard_task_runner.py:104} INFO - Running: ['airflow', 'tasks', 'run', 'elt_to_dwh', 'extract_task.load_db_to_parquet', 'scheduled__2025-07-17T00:00:00+00:00', '--job-id', '116', '--raw', '--subdir', 'DAGS_FOLDER/elt_to_dwh.py', '--cfg-path', '/tmp/tmpsv91e5ty']
[2025-07-25T11:15:34.700+0000] {standard_task_runner.py:105} INFO - Job 116: Subtask extract_task.load_db_to_parquet
[2025-07-25T11:15:34.702+0000] {logging_mixin.py:190} WARNING - /home/airflow/.local/lib/python3.12/site-packages/airflow/task/task_runner/standard_task_runner.py:70 DeprecationWarning: This process (pid=3490) is multi-threaded, use of fork() may lead to deadlocks in the child.
[2025-07-25T11:15:34.703+0000] {standard_task_runner.py:72} INFO - Started process 3500 to run task
[2025-07-25T11:15:34.734+0000] {task_command.py:467} INFO - Running <TaskInstance: elt_to_dwh.extract_task.load_db_to_parquet scheduled__2025-07-17T00:00:00+00:00 [running]> on host 74cfddf97016
[2025-07-25T11:15:34.794+0000] {taskinstance.py:3134} INFO - Exporting env vars: AIRFLOW_CTX_DAG_OWNER='airflow' AIRFLOW_CTX_DAG_ID='elt_to_dwh' AIRFLOW_CTX_TASK_ID='extract_task.load_db_to_parquet' AIRFLOW_CTX_EXECUTION_DATE='2025-07-17T00:00:00+00:00' AIRFLOW_CTX_TRY_NUMBER='1' AIRFLOW_CTX_DAG_RUN_ID='scheduled__2025-07-17T00:00:00+00:00'
[2025-07-25T11:15:34.794+0000] {taskinstance.py:732} INFO - ::endgroup::
[2025-07-25T11:15:35.621+0000] {logging_mixin.py:190} INFO - [Company extract] retrieved 23670 rows from the database
[2025-07-25T11:15:35.652+0000] {logging_mixin.py:190} INFO - Saved data from database to parquet successfully at /opt/airflow/data/parquet/companies/crawl_companies-20250717.parquet
[2025-07-25T11:15:35.653+0000] {python.py:240} INFO - Done. Returned value was: None
[2025-07-25T11:15:35.658+0000] {taskinstance.py:341} INFO - ::group::Post task execution logs
[2025-07-25T11:15:35.659+0000] {taskinstance.py:353} INFO - Marking task as SUCCESS. dag_id=elt_to_dwh, task_id=extract_task.load_db_to_parquet, run_id=scheduled__2025-07-17T00:00:00+00:00, execution_date=20250717T000000, start_date=20250725T111534, end_date=20250725T111535
[2025-07-25T11:15:35.720+0000] {local_task_job_runner.py:266} INFO - Task exited with return code 0
[2025-07-25T11:15:35.733+0000] {taskinstance.py:3901} INFO - 0 downstream tasks scheduled from follow-on schedule check
[2025-07-25T11:15:35.740+0000] {local_task_job_runner.py:245} INFO - ::endgroup::
[2025-07-25T11:54:38.174+0000] {local_task_job_runner.py:123} INFO - ::group::Pre task execution logs
[2025-07-25T11:54:38.195+0000] {taskinstance.py:2614} INFO - Dependencies all met for dep_context=non-requeueable deps ti=<TaskInstance: elt_to_dwh.extract_task.load_db_to_parquet scheduled__2025-07-17T00:00:00+00:00 [queued]>
[2025-07-25T11:54:38.209+0000] {taskinstance.py:2614} INFO - Dependencies all met for dep_context=requeueable deps ti=<TaskInstance: elt_to_dwh.extract_task.load_db_to_parquet scheduled__2025-07-17T00:00:00+00:00 [queued]>
[2025-07-25T11:54:38.210+0000] {taskinstance.py:2867} INFO - Starting attempt 1 of 1
[2025-07-25T11:54:38.234+0000] {taskinstance.py:2890} INFO - Executing <Task(PythonOperator): extract_task.load_db_to_parquet> on 2025-07-17 00:00:00+00:00
[2025-07-25T11:54:38.246+0000] {standard_task_runner.py:104} INFO - Running: ['airflow', 'tasks', 'run', 'elt_to_dwh', 'extract_task.load_db_to_parquet', 'scheduled__2025-07-17T00:00:00+00:00', '--job-id', '178', '--raw', '--subdir', 'DAGS_FOLDER/elt_to_dwh.py', '--cfg-path', '/tmp/tmpyxsiz6q0']
[2025-07-25T11:54:38.250+0000] {standard_task_runner.py:105} INFO - Job 178: Subtask extract_task.load_db_to_parquet
[2025-07-25T11:54:38.252+0000] {logging_mixin.py:190} WARNING - /home/airflow/.local/lib/python3.12/site-packages/airflow/task/task_runner/standard_task_runner.py:70 DeprecationWarning: This process (pid=5053) is multi-threaded, use of fork() may lead to deadlocks in the child.
[2025-07-25T11:54:38.254+0000] {standard_task_runner.py:72} INFO - Started process 5063 to run task
[2025-07-25T11:54:38.314+0000] {task_command.py:467} INFO - Running <TaskInstance: elt_to_dwh.extract_task.load_db_to_parquet scheduled__2025-07-17T00:00:00+00:00 [running]> on host 74cfddf97016
[2025-07-25T11:54:38.423+0000] {taskinstance.py:3134} INFO - Exporting env vars: AIRFLOW_CTX_DAG_OWNER='airflow' AIRFLOW_CTX_DAG_ID='elt_to_dwh' AIRFLOW_CTX_TASK_ID='extract_task.load_db_to_parquet' AIRFLOW_CTX_EXECUTION_DATE='2025-07-17T00:00:00+00:00' AIRFLOW_CTX_TRY_NUMBER='1' AIRFLOW_CTX_DAG_RUN_ID='scheduled__2025-07-17T00:00:00+00:00'
[2025-07-25T11:54:38.424+0000] {taskinstance.py:732} INFO - ::endgroup::
[2025-07-25T11:54:39.640+0000] {logging_mixin.py:190} INFO - [Company extract] retrieved 23670 rows from the database
[2025-07-25T11:54:39.700+0000] {logging_mixin.py:190} INFO - Saved data from database to parquet successfully at /opt/airflow/data/parquet/companies/crawl_companies-20250717.parquet
[2025-07-25T11:54:39.701+0000] {python.py:240} INFO - Done. Returned value was: None
[2025-07-25T11:54:39.709+0000] {taskinstance.py:341} INFO - ::group::Post task execution logs
[2025-07-25T11:54:39.710+0000] {taskinstance.py:353} INFO - Marking task as SUCCESS. dag_id=elt_to_dwh, task_id=extract_task.load_db_to_parquet, run_id=scheduled__2025-07-17T00:00:00+00:00, execution_date=20250717T000000, start_date=20250725T115438, end_date=20250725T115439
[2025-07-25T11:54:39.759+0000] {local_task_job_runner.py:266} INFO - Task exited with return code 0
[2025-07-25T11:54:39.783+0000] {taskinstance.py:3901} INFO - 0 downstream tasks scheduled from follow-on schedule check
[2025-07-25T11:54:39.793+0000] {local_task_job_runner.py:245} INFO - ::endgroup::
[2025-07-26T05:03:36.435+0000] {local_task_job_runner.py:123} INFO - ::group::Pre task execution logs
[2025-07-26T05:03:36.448+0000] {taskinstance.py:2614} INFO - Dependencies all met for dep_context=non-requeueable deps ti=<TaskInstance: elt_to_dwh.extract_task.load_db_to_parquet scheduled__2025-07-17T00:00:00+00:00 [queued]>
[2025-07-26T05:03:36.455+0000] {taskinstance.py:2614} INFO - Dependencies all met for dep_context=requeueable deps ti=<TaskInstance: elt_to_dwh.extract_task.load_db_to_parquet scheduled__2025-07-17T00:00:00+00:00 [queued]>
[2025-07-26T05:03:36.455+0000] {taskinstance.py:2867} INFO - Starting attempt 1 of 1
[2025-07-26T05:03:36.468+0000] {taskinstance.py:2890} INFO - Executing <Task(PythonOperator): extract_task.load_db_to_parquet> on 2025-07-17 00:00:00+00:00
[2025-07-26T05:03:36.474+0000] {standard_task_runner.py:104} INFO - Running: ['airflow', 'tasks', 'run', 'elt_to_dwh', 'extract_task.load_db_to_parquet', 'scheduled__2025-07-17T00:00:00+00:00', '--job-id', '70', '--raw', '--subdir', 'DAGS_FOLDER/elt_to_dwh.py', '--cfg-path', '/tmp/tmpahq6smns']
[2025-07-26T05:03:36.476+0000] {standard_task_runner.py:105} INFO - Job 70: Subtask extract_task.load_db_to_parquet
[2025-07-26T05:03:36.478+0000] {logging_mixin.py:190} WARNING - /home/airflow/.local/lib/python3.12/site-packages/airflow/task/task_runner/standard_task_runner.py:70 DeprecationWarning: This process (pid=2807) is multi-threaded, use of fork() may lead to deadlocks in the child.
[2025-07-26T05:03:36.479+0000] {standard_task_runner.py:72} INFO - Started process 2817 to run task
[2025-07-26T05:03:36.505+0000] {task_command.py:467} INFO - Running <TaskInstance: elt_to_dwh.extract_task.load_db_to_parquet scheduled__2025-07-17T00:00:00+00:00 [running]> on host 3bc71adbf7e0
[2025-07-26T05:03:36.567+0000] {taskinstance.py:3134} INFO - Exporting env vars: AIRFLOW_CTX_DAG_OWNER='airflow' AIRFLOW_CTX_DAG_ID='elt_to_dwh' AIRFLOW_CTX_TASK_ID='extract_task.load_db_to_parquet' AIRFLOW_CTX_EXECUTION_DATE='2025-07-17T00:00:00+00:00' AIRFLOW_CTX_TRY_NUMBER='1' AIRFLOW_CTX_DAG_RUN_ID='scheduled__2025-07-17T00:00:00+00:00'
[2025-07-26T05:03:36.568+0000] {taskinstance.py:732} INFO - ::endgroup::
[2025-07-26T05:03:37.510+0000] {logging_mixin.py:190} INFO - [Company extract] retrieved 23670 rows from the database
[2025-07-26T05:03:37.547+0000] {logging_mixin.py:190} INFO - Saved data from database to parquet successfully at /opt/airflow/data/parquet/companies/crawl_companies-20250717.parquet
[2025-07-26T05:03:37.547+0000] {python.py:240} INFO - Done. Returned value was: None
[2025-07-26T05:03:37.553+0000] {taskinstance.py:341} INFO - ::group::Post task execution logs
[2025-07-26T05:03:37.553+0000] {taskinstance.py:353} INFO - Marking task as SUCCESS. dag_id=elt_to_dwh, task_id=extract_task.load_db_to_parquet, run_id=scheduled__2025-07-17T00:00:00+00:00, execution_date=20250717T000000, start_date=20250726T050336, end_date=20250726T050337
[2025-07-26T05:03:37.620+0000] {local_task_job_runner.py:266} INFO - Task exited with return code 0
[2025-07-26T05:03:37.639+0000] {taskinstance.py:3901} INFO - 0 downstream tasks scheduled from follow-on schedule check
[2025-07-26T05:03:37.640+0000] {local_task_job_runner.py:245} INFO - ::endgroup::
