[2025-07-25T11:11:42.531+0000] {local_task_job_runner.py:123} INFO - ::group::Pre task execution logs
[2025-07-25T11:11:42.543+0000] {taskinstance.py:2614} INFO - Dependencies all met for dep_context=non-requeueable deps ti=<TaskInstance: elt_to_dwh.extract_task.crawl_news scheduled__2025-07-12T00:00:00+00:00 [queued]>
[2025-07-25T11:11:42.553+0000] {taskinstance.py:2614} INFO - Dependencies all met for dep_context=requeueable deps ti=<TaskInstance: elt_to_dwh.extract_task.crawl_news scheduled__2025-07-12T00:00:00+00:00 [queued]>
[2025-07-25T11:11:42.554+0000] {taskinstance.py:2867} INFO - Starting attempt 1 of 1
[2025-07-25T11:11:42.568+0000] {taskinstance.py:2890} INFO - Executing <Task(PythonOperator): extract_task.crawl_news> on 2025-07-12 00:00:00+00:00
[2025-07-25T11:11:42.576+0000] {standard_task_runner.py:104} INFO - Running: ['airflow', 'tasks', 'run', 'elt_to_dwh', 'extract_task.crawl_news', 'scheduled__2025-07-12T00:00:00+00:00', '--job-id', '81', '--raw', '--subdir', 'DAGS_FOLDER/elt_to_dwh.py', '--cfg-path', '/tmp/tmp_uialfd4']
[2025-07-25T11:11:42.579+0000] {standard_task_runner.py:105} INFO - Job 81: Subtask extract_task.crawl_news
[2025-07-25T11:11:42.583+0000] {logging_mixin.py:190} WARNING - /home/airflow/.local/lib/python3.12/site-packages/airflow/task/task_runner/standard_task_runner.py:70 DeprecationWarning: This process (pid=2865) is multi-threaded, use of fork() may lead to deadlocks in the child.
[2025-07-25T11:11:42.584+0000] {standard_task_runner.py:72} INFO - Started process 2875 to run task
[2025-07-25T11:11:42.630+0000] {task_command.py:467} INFO - Running <TaskInstance: elt_to_dwh.extract_task.crawl_news scheduled__2025-07-12T00:00:00+00:00 [running]> on host 74cfddf97016
[2025-07-25T11:11:42.697+0000] {taskinstance.py:3134} INFO - Exporting env vars: AIRFLOW_CTX_DAG_OWNER='airflow' AIRFLOW_CTX_DAG_ID='elt_to_dwh' AIRFLOW_CTX_TASK_ID='extract_task.crawl_news' AIRFLOW_CTX_EXECUTION_DATE='2025-07-12T00:00:00+00:00' AIRFLOW_CTX_TRY_NUMBER='1' AIRFLOW_CTX_DAG_RUN_ID='scheduled__2025-07-12T00:00:00+00:00'
[2025-07-25T11:11:42.698+0000] {taskinstance.py:732} INFO - ::endgroup::
[2025-07-25T11:11:42.712+0000] {logging_mixin.py:190} INFO - Get news from 20250712T0000 to 20250712T2359
[2025-07-25T11:11:44.460+0000] {logging_mixin.py:190} INFO - The process of crawling 203 news was successful
[2025-07-25T11:11:44.461+0000] {logging_mixin.py:190} INFO - Saving at /opt/airflow/data/raw/news/crawl_news-20250712.json
[2025-07-25T11:11:44.463+0000] {python.py:240} INFO - Done. Returned value was: None
[2025-07-25T11:11:44.470+0000] {taskinstance.py:341} INFO - ::group::Post task execution logs
[2025-07-25T11:11:44.470+0000] {taskinstance.py:353} INFO - Marking task as SUCCESS. dag_id=elt_to_dwh, task_id=extract_task.crawl_news, run_id=scheduled__2025-07-12T00:00:00+00:00, execution_date=20250712T000000, start_date=20250725T111142, end_date=20250725T111144
[2025-07-25T11:11:44.533+0000] {local_task_job_runner.py:266} INFO - Task exited with return code 0
[2025-07-25T11:11:44.561+0000] {taskinstance.py:3901} INFO - 1 downstream tasks scheduled from follow-on schedule check
[2025-07-25T11:11:44.568+0000] {local_task_job_runner.py:245} INFO - ::endgroup::
[2025-07-25T11:51:07.228+0000] {local_task_job_runner.py:123} INFO - ::group::Pre task execution logs
[2025-07-25T11:51:07.245+0000] {taskinstance.py:2614} INFO - Dependencies all met for dep_context=non-requeueable deps ti=<TaskInstance: elt_to_dwh.extract_task.crawl_news scheduled__2025-07-12T00:00:00+00:00 [queued]>
[2025-07-25T11:51:07.255+0000] {taskinstance.py:2614} INFO - Dependencies all met for dep_context=requeueable deps ti=<TaskInstance: elt_to_dwh.extract_task.crawl_news scheduled__2025-07-12T00:00:00+00:00 [queued]>
[2025-07-25T11:51:07.256+0000] {taskinstance.py:2867} INFO - Starting attempt 1 of 1
[2025-07-25T11:51:07.274+0000] {taskinstance.py:2890} INFO - Executing <Task(PythonOperator): extract_task.crawl_news> on 2025-07-12 00:00:00+00:00
[2025-07-25T11:51:07.283+0000] {standard_task_runner.py:104} INFO - Running: ['airflow', 'tasks', 'run', 'elt_to_dwh', 'extract_task.crawl_news', 'scheduled__2025-07-12T00:00:00+00:00', '--job-id', '151', '--raw', '--subdir', 'DAGS_FOLDER/elt_to_dwh.py', '--cfg-path', '/tmp/tmpizs1zwdr']
[2025-07-25T11:51:07.287+0000] {standard_task_runner.py:105} INFO - Job 151: Subtask extract_task.crawl_news
[2025-07-25T11:51:07.289+0000] {logging_mixin.py:190} WARNING - /home/airflow/.local/lib/python3.12/site-packages/airflow/task/task_runner/standard_task_runner.py:70 DeprecationWarning: This process (pid=4611) is multi-threaded, use of fork() may lead to deadlocks in the child.
[2025-07-25T11:51:07.290+0000] {standard_task_runner.py:72} INFO - Started process 4621 to run task
[2025-07-25T11:51:07.333+0000] {task_command.py:467} INFO - Running <TaskInstance: elt_to_dwh.extract_task.crawl_news scheduled__2025-07-12T00:00:00+00:00 [running]> on host 74cfddf97016
[2025-07-25T11:51:07.401+0000] {taskinstance.py:3134} INFO - Exporting env vars: AIRFLOW_CTX_DAG_OWNER='airflow' AIRFLOW_CTX_DAG_ID='elt_to_dwh' AIRFLOW_CTX_TASK_ID='extract_task.crawl_news' AIRFLOW_CTX_EXECUTION_DATE='2025-07-12T00:00:00+00:00' AIRFLOW_CTX_TRY_NUMBER='1' AIRFLOW_CTX_DAG_RUN_ID='scheduled__2025-07-12T00:00:00+00:00'
[2025-07-25T11:51:07.402+0000] {taskinstance.py:732} INFO - ::endgroup::
[2025-07-25T11:51:07.417+0000] {logging_mixin.py:190} INFO - Get news from 20250712T0000 to 20250712T2359
[2025-07-25T11:51:08.189+0000] {taskinstance.py:3313} ERROR - Task failed with exception
Traceback (most recent call last):
  File "/home/airflow/.local/lib/python3.12/site-packages/airflow/models/taskinstance.py", line 768, in _execute_task
    result = _execute_callable(context=context, **execute_callable_kwargs)
             ^^^^^^^^^^^^^^^^^^^^^^^^^^^^^^^^^^^^^^^^^^^^^^^^^^^^^^^^^^^^^
  File "/home/airflow/.local/lib/python3.12/site-packages/airflow/models/taskinstance.py", line 734, in _execute_callable
    return ExecutionCallableRunner(
           ^^^^^^^^^^^^^^^^^^^^^^^^
  File "/home/airflow/.local/lib/python3.12/site-packages/airflow/utils/operator_helpers.py", line 252, in run
    return self.func(*args, **kwargs)
           ^^^^^^^^^^^^^^^^^^^^^^^^^^
  File "/home/airflow/.local/lib/python3.12/site-packages/airflow/models/baseoperator.py", line 424, in wrapper
    return func(self, *args, **kwargs)
           ^^^^^^^^^^^^^^^^^^^^^^^^^^^
  File "/home/airflow/.local/lib/python3.12/site-packages/airflow/operators/python.py", line 238, in execute
    return_value = self.execute_callable()
                   ^^^^^^^^^^^^^^^^^^^^^^^
  File "/home/airflow/.local/lib/python3.12/site-packages/airflow/operators/python.py", line 256, in execute_callable
    return runner.run(*self.op_args, **self.op_kwargs)
           ^^^^^^^^^^^^^^^^^^^^^^^^^^^^^^^^^^^^^^^^^^^
  File "/home/airflow/.local/lib/python3.12/site-packages/airflow/utils/operator_helpers.py", line 252, in run
    return self.func(*args, **kwargs)
           ^^^^^^^^^^^^^^^^^^^^^^^^^^
  File "/opt/airflow/scripts/elt_to_dwh/extract/crawl_news.py", line 40, in crawl_news
    raise KeyError(f"'feed' key not found in response. Full response:\n{json.dumps(response, indent=4)}")
KeyError: '\'feed\' key not found in response. Full response:\n{\n    "Information": "We have detected your API key as RSKHO6B8SELFWUYG and our standard API rate limit is 25 requests per day. Please subscribe to any of the premium plans at https://www.alphavantage.co/premium/ to instantly remove all daily rate limits."\n}'
[2025-07-25T11:51:08.201+0000] {taskinstance.py:1226} INFO - Marking task as FAILED. dag_id=elt_to_dwh, task_id=extract_task.crawl_news, run_id=scheduled__2025-07-12T00:00:00+00:00, execution_date=20250712T000000, start_date=20250725T115107, end_date=20250725T115108
[2025-07-25T11:51:08.224+0000] {taskinstance.py:341} INFO - ::group::Post task execution logs
[2025-07-25T11:51:08.225+0000] {standard_task_runner.py:124} ERROR - Failed to execute job 151 for task extract_task.crawl_news ('\'feed\' key not found in response. Full response:\n{\n    "Information": "We have detected your API key as RSKHO6B8SELFWUYG and our standard API rate limit is 25 requests per day. Please subscribe to any of the premium plans at https://www.alphavantage.co/premium/ to instantly remove all daily rate limits."\n}'; 4621)
Traceback (most recent call last):
  File "/home/airflow/.local/lib/python3.12/site-packages/airflow/task/task_runner/standard_task_runner.py", line 117, in _start_by_fork
    ret = args.func(args, dag=self.dag)
          ^^^^^^^^^^^^^^^^^^^^^^^^^^^^^
  File "/home/airflow/.local/lib/python3.12/site-packages/airflow/cli/cli_config.py", line 49, in command
    return func(*args, **kwargs)
           ^^^^^^^^^^^^^^^^^^^^^
  File "/home/airflow/.local/lib/python3.12/site-packages/airflow/utils/cli.py", line 116, in wrapper
    return f(*args, **kwargs)
           ^^^^^^^^^^^^^^^^^^
  File "/home/airflow/.local/lib/python3.12/site-packages/airflow/cli/commands/task_command.py", line 483, in task_run
    task_return_code = _run_task_by_selected_method(args, _dag, ti)
                       ^^^^^^^^^^^^^^^^^^^^^^^^^^^^^^^^^^^^^^^^^^^^
  File "/home/airflow/.local/lib/python3.12/site-packages/airflow/cli/commands/task_command.py", line 256, in _run_task_by_selected_method
    return _run_raw_task(args, ti)
           ^^^^^^^^^^^^^^^^^^^^^^^
  File "/home/airflow/.local/lib/python3.12/site-packages/airflow/cli/commands/task_command.py", line 341, in _run_raw_task
    return ti._run_raw_task(
           ^^^^^^^^^^^^^^^^^
  File "/home/airflow/.local/lib/python3.12/site-packages/airflow/utils/session.py", line 97, in wrapper
    return func(*args, session=session, **kwargs)
           ^^^^^^^^^^^^^^^^^^^^^^^^^^^^^^^^^^^^^^
  File "/home/airflow/.local/lib/python3.12/site-packages/airflow/models/taskinstance.py", line 3006, in _run_raw_task
    return _run_raw_task(
           ^^^^^^^^^^^^^^
  File "/home/airflow/.local/lib/python3.12/site-packages/airflow/models/taskinstance.py", line 274, in _run_raw_task
    TaskInstance._execute_task_with_callbacks(
  File "/home/airflow/.local/lib/python3.12/site-packages/airflow/models/taskinstance.py", line 3161, in _execute_task_with_callbacks
    result = self._execute_task(context, task_orig)
             ^^^^^^^^^^^^^^^^^^^^^^^^^^^^^^^^^^^^^^
  File "/home/airflow/.local/lib/python3.12/site-packages/airflow/models/taskinstance.py", line 3185, in _execute_task
    return _execute_task(self, context, task_orig)
           ^^^^^^^^^^^^^^^^^^^^^^^^^^^^^^^^^^^^^^^
  File "/home/airflow/.local/lib/python3.12/site-packages/airflow/models/taskinstance.py", line 768, in _execute_task
    result = _execute_callable(context=context, **execute_callable_kwargs)
             ^^^^^^^^^^^^^^^^^^^^^^^^^^^^^^^^^^^^^^^^^^^^^^^^^^^^^^^^^^^^^
  File "/home/airflow/.local/lib/python3.12/site-packages/airflow/models/taskinstance.py", line 734, in _execute_callable
    return ExecutionCallableRunner(
           ^^^^^^^^^^^^^^^^^^^^^^^^
  File "/home/airflow/.local/lib/python3.12/site-packages/airflow/utils/operator_helpers.py", line 252, in run
    return self.func(*args, **kwargs)
           ^^^^^^^^^^^^^^^^^^^^^^^^^^
  File "/home/airflow/.local/lib/python3.12/site-packages/airflow/models/baseoperator.py", line 424, in wrapper
    return func(self, *args, **kwargs)
           ^^^^^^^^^^^^^^^^^^^^^^^^^^^
  File "/home/airflow/.local/lib/python3.12/site-packages/airflow/operators/python.py", line 238, in execute
    return_value = self.execute_callable()
                   ^^^^^^^^^^^^^^^^^^^^^^^
  File "/home/airflow/.local/lib/python3.12/site-packages/airflow/operators/python.py", line 256, in execute_callable
    return runner.run(*self.op_args, **self.op_kwargs)
           ^^^^^^^^^^^^^^^^^^^^^^^^^^^^^^^^^^^^^^^^^^^
  File "/home/airflow/.local/lib/python3.12/site-packages/airflow/utils/operator_helpers.py", line 252, in run
    return self.func(*args, **kwargs)
           ^^^^^^^^^^^^^^^^^^^^^^^^^^
  File "/opt/airflow/scripts/elt_to_dwh/extract/crawl_news.py", line 40, in crawl_news
    raise KeyError(f"'feed' key not found in response. Full response:\n{json.dumps(response, indent=4)}")
KeyError: '\'feed\' key not found in response. Full response:\n{\n    "Information": "We have detected your API key as RSKHO6B8SELFWUYG and our standard API rate limit is 25 requests per day. Please subscribe to any of the premium plans at https://www.alphavantage.co/premium/ to instantly remove all daily rate limits."\n}'
[2025-07-25T11:51:08.269+0000] {local_task_job_runner.py:266} INFO - Task exited with return code 1
[2025-07-25T11:51:08.294+0000] {taskinstance.py:3901} INFO - 0 downstream tasks scheduled from follow-on schedule check
[2025-07-25T11:51:08.304+0000] {local_task_job_runner.py:245} INFO - ::endgroup::
[2025-07-26T04:57:17.728+0000] {local_task_job_runner.py:123} INFO - ::group::Pre task execution logs
[2025-07-26T04:57:17.740+0000] {taskinstance.py:2614} INFO - Dependencies all met for dep_context=non-requeueable deps ti=<TaskInstance: elt_to_dwh.extract_task.crawl_news scheduled__2025-07-12T00:00:00+00:00 [queued]>
[2025-07-26T04:57:17.747+0000] {taskinstance.py:2614} INFO - Dependencies all met for dep_context=requeueable deps ti=<TaskInstance: elt_to_dwh.extract_task.crawl_news scheduled__2025-07-12T00:00:00+00:00 [queued]>
[2025-07-26T04:57:17.748+0000] {taskinstance.py:2867} INFO - Starting attempt 1 of 1
[2025-07-26T04:57:17.760+0000] {taskinstance.py:2890} INFO - Executing <Task(PythonOperator): extract_task.crawl_news> on 2025-07-12 00:00:00+00:00
[2025-07-26T04:57:17.766+0000] {standard_task_runner.py:104} INFO - Running: ['airflow', 'tasks', 'run', 'elt_to_dwh', 'extract_task.crawl_news', 'scheduled__2025-07-12T00:00:00+00:00', '--job-id', '28', '--raw', '--subdir', 'DAGS_FOLDER/elt_to_dwh.py', '--cfg-path', '/tmp/tmpwvkb2wsh']
[2025-07-26T04:57:17.768+0000] {standard_task_runner.py:105} INFO - Job 28: Subtask extract_task.crawl_news
[2025-07-26T04:57:17.769+0000] {logging_mixin.py:190} WARNING - /home/airflow/.local/lib/python3.12/site-packages/airflow/task/task_runner/standard_task_runner.py:70 DeprecationWarning: This process (pid=717) is multi-threaded, use of fork() may lead to deadlocks in the child.
[2025-07-26T04:57:17.770+0000] {standard_task_runner.py:72} INFO - Started process 727 to run task
[2025-07-26T04:57:17.799+0000] {task_command.py:467} INFO - Running <TaskInstance: elt_to_dwh.extract_task.crawl_news scheduled__2025-07-12T00:00:00+00:00 [running]> on host 3bc71adbf7e0
[2025-07-26T04:57:17.855+0000] {taskinstance.py:3134} INFO - Exporting env vars: AIRFLOW_CTX_DAG_OWNER='airflow' AIRFLOW_CTX_DAG_ID='elt_to_dwh' AIRFLOW_CTX_TASK_ID='extract_task.crawl_news' AIRFLOW_CTX_EXECUTION_DATE='2025-07-12T00:00:00+00:00' AIRFLOW_CTX_TRY_NUMBER='1' AIRFLOW_CTX_DAG_RUN_ID='scheduled__2025-07-12T00:00:00+00:00'
[2025-07-26T04:57:17.856+0000] {taskinstance.py:732} INFO - ::endgroup::
[2025-07-26T04:57:17.868+0000] {logging_mixin.py:190} INFO - Get news from 20250712T0000 to 20250712T2359
[2025-07-26T04:57:19.797+0000] {logging_mixin.py:190} INFO - The process of crawling 203 news was successful
[2025-07-26T04:57:19.798+0000] {logging_mixin.py:190} INFO - Saving at /opt/airflow/data/raw/news/crawl_news-20250712.json
[2025-07-26T04:57:19.799+0000] {python.py:240} INFO - Done. Returned value was: None
[2025-07-26T04:57:19.803+0000] {taskinstance.py:341} INFO - ::group::Post task execution logs
[2025-07-26T04:57:19.804+0000] {taskinstance.py:353} INFO - Marking task as SUCCESS. dag_id=elt_to_dwh, task_id=extract_task.crawl_news, run_id=scheduled__2025-07-12T00:00:00+00:00, execution_date=20250712T000000, start_date=20250726T045717, end_date=20250726T045719
[2025-07-26T04:57:19.832+0000] {local_task_job_runner.py:266} INFO - Task exited with return code 0
[2025-07-26T04:57:19.848+0000] {taskinstance.py:3901} INFO - 1 downstream tasks scheduled from follow-on schedule check
[2025-07-26T04:57:19.853+0000] {local_task_job_runner.py:245} INFO - ::endgroup::
