[2025-07-25T11:10:17.267+0000] {local_task_job_runner.py:123} INFO - ::group::Pre task execution logs
[2025-07-25T11:10:17.276+0000] {taskinstance.py:2614} INFO - Dependencies all met for dep_context=non-requeueable deps ti=<TaskInstance: elt_to_dwh.create_dwh scheduled__2025-07-10T00:00:00+00:00 [queued]>
[2025-07-25T11:10:17.281+0000] {taskinstance.py:2614} INFO - Dependencies all met for dep_context=requeueable deps ti=<TaskInstance: elt_to_dwh.create_dwh scheduled__2025-07-10T00:00:00+00:00 [queued]>
[2025-07-25T11:10:17.281+0000] {taskinstance.py:2867} INFO - Starting attempt 1 of 1
[2025-07-25T11:10:17.296+0000] {taskinstance.py:2890} INFO - Executing <Task(PythonOperator): create_dwh> on 2025-07-10 00:00:00+00:00
[2025-07-25T11:10:17.302+0000] {standard_task_runner.py:104} INFO - Running: ['airflow', 'tasks', 'run', 'elt_to_dwh', 'create_dwh', 'scheduled__2025-07-10T00:00:00+00:00', '--job-id', '69', '--raw', '--subdir', 'DAGS_FOLDER/elt_to_dwh.py', '--cfg-path', '/tmp/tmpg5y289cu']
[2025-07-25T11:10:17.305+0000] {standard_task_runner.py:105} INFO - Job 69: Subtask create_dwh
[2025-07-25T11:10:17.306+0000] {logging_mixin.py:190} WARNING - /home/airflow/.local/lib/python3.12/site-packages/airflow/task/task_runner/standard_task_runner.py:70 DeprecationWarning: This process (pid=2671) is multi-threaded, use of fork() may lead to deadlocks in the child.
[2025-07-25T11:10:17.307+0000] {standard_task_runner.py:72} INFO - Started process 2681 to run task
[2025-07-25T11:10:17.340+0000] {task_command.py:467} INFO - Running <TaskInstance: elt_to_dwh.create_dwh scheduled__2025-07-10T00:00:00+00:00 [running]> on host 74cfddf97016
[2025-07-25T11:10:17.408+0000] {taskinstance.py:3134} INFO - Exporting env vars: AIRFLOW_CTX_DAG_OWNER='airflow' AIRFLOW_CTX_DAG_ID='elt_to_dwh' AIRFLOW_CTX_TASK_ID='create_dwh' AIRFLOW_CTX_EXECUTION_DATE='2025-07-10T00:00:00+00:00' AIRFLOW_CTX_TRY_NUMBER='1' AIRFLOW_CTX_DAG_RUN_ID='scheduled__2025-07-10T00:00:00+00:00'
[2025-07-25T11:10:17.410+0000] {taskinstance.py:732} INFO - ::endgroup::
[2025-07-25T11:10:17.543+0000] {logging_mixin.py:190} INFO - Executed DDL script successfully!
[2025-07-25T11:10:17.556+0000] {python.py:240} INFO - Done. Returned value was: None
[2025-07-25T11:10:17.560+0000] {taskinstance.py:341} INFO - ::group::Post task execution logs
[2025-07-25T11:10:17.561+0000] {taskinstance.py:353} INFO - Marking task as SUCCESS. dag_id=elt_to_dwh, task_id=create_dwh, run_id=scheduled__2025-07-10T00:00:00+00:00, execution_date=20250710T000000, start_date=20250725T111017, end_date=20250725T111017
[2025-07-25T11:10:17.602+0000] {local_task_job_runner.py:266} INFO - Task exited with return code 0
[2025-07-25T11:10:17.624+0000] {taskinstance.py:3901} INFO - 3 downstream tasks scheduled from follow-on schedule check
[2025-07-25T11:10:17.629+0000] {local_task_job_runner.py:245} INFO - ::endgroup::
[2025-07-25T11:49:54.712+0000] {local_task_job_runner.py:123} INFO - ::group::Pre task execution logs
[2025-07-25T11:49:54.721+0000] {taskinstance.py:2614} INFO - Dependencies all met for dep_context=non-requeueable deps ti=<TaskInstance: elt_to_dwh.create_dwh scheduled__2025-07-10T00:00:00+00:00 [queued]>
[2025-07-25T11:49:54.727+0000] {taskinstance.py:2614} INFO - Dependencies all met for dep_context=requeueable deps ti=<TaskInstance: elt_to_dwh.create_dwh scheduled__2025-07-10T00:00:00+00:00 [queued]>
[2025-07-25T11:49:54.728+0000] {taskinstance.py:2867} INFO - Starting attempt 1 of 1
[2025-07-25T11:49:54.743+0000] {taskinstance.py:2890} INFO - Executing <Task(PythonOperator): create_dwh> on 2025-07-10 00:00:00+00:00
[2025-07-25T11:49:54.750+0000] {standard_task_runner.py:104} INFO - Running: ['airflow', 'tasks', 'run', 'elt_to_dwh', 'create_dwh', 'scheduled__2025-07-10T00:00:00+00:00', '--job-id', '140', '--raw', '--subdir', 'DAGS_FOLDER/elt_to_dwh.py', '--cfg-path', '/tmp/tmp7wpr45b1']
[2025-07-25T11:49:54.753+0000] {standard_task_runner.py:105} INFO - Job 140: Subtask create_dwh
[2025-07-25T11:49:54.755+0000] {logging_mixin.py:190} WARNING - /home/airflow/.local/lib/python3.12/site-packages/airflow/task/task_runner/standard_task_runner.py:70 DeprecationWarning: This process (pid=4420) is multi-threaded, use of fork() may lead to deadlocks in the child.
[2025-07-25T11:49:54.756+0000] {standard_task_runner.py:72} INFO - Started process 4430 to run task
[2025-07-25T11:49:54.794+0000] {task_command.py:467} INFO - Running <TaskInstance: elt_to_dwh.create_dwh scheduled__2025-07-10T00:00:00+00:00 [running]> on host 74cfddf97016
[2025-07-25T11:49:54.909+0000] {taskinstance.py:3134} INFO - Exporting env vars: AIRFLOW_CTX_DAG_OWNER='airflow' AIRFLOW_CTX_DAG_ID='elt_to_dwh' AIRFLOW_CTX_TASK_ID='create_dwh' AIRFLOW_CTX_EXECUTION_DATE='2025-07-10T00:00:00+00:00' AIRFLOW_CTX_TRY_NUMBER='1' AIRFLOW_CTX_DAG_RUN_ID='scheduled__2025-07-10T00:00:00+00:00'
[2025-07-25T11:49:54.910+0000] {taskinstance.py:732} INFO - ::endgroup::
[2025-07-25T11:49:55.010+0000] {logging_mixin.py:190} INFO - Executed DDL script successfully!
[2025-07-25T11:49:55.028+0000] {python.py:240} INFO - Done. Returned value was: None
[2025-07-25T11:49:55.035+0000] {taskinstance.py:341} INFO - ::group::Post task execution logs
[2025-07-25T11:49:55.035+0000] {taskinstance.py:353} INFO - Marking task as SUCCESS. dag_id=elt_to_dwh, task_id=create_dwh, run_id=scheduled__2025-07-10T00:00:00+00:00, execution_date=20250710T000000, start_date=20250725T114954, end_date=20250725T114955
[2025-07-25T11:49:55.092+0000] {local_task_job_runner.py:266} INFO - Task exited with return code 0
[2025-07-25T11:49:55.138+0000] {taskinstance.py:3901} INFO - 3 downstream tasks scheduled from follow-on schedule check
[2025-07-25T11:49:55.143+0000] {local_task_job_runner.py:245} INFO - ::endgroup::
[2025-07-26T04:56:06.066+0000] {local_task_job_runner.py:123} INFO - ::group::Pre task execution logs
[2025-07-26T04:56:06.077+0000] {taskinstance.py:2614} INFO - Dependencies all met for dep_context=non-requeueable deps ti=<TaskInstance: elt_to_dwh.create_dwh scheduled__2025-07-10T00:00:00+00:00 [queued]>
[2025-07-26T04:56:06.082+0000] {taskinstance.py:2614} INFO - Dependencies all met for dep_context=requeueable deps ti=<TaskInstance: elt_to_dwh.create_dwh scheduled__2025-07-10T00:00:00+00:00 [queued]>
[2025-07-26T04:56:06.083+0000] {taskinstance.py:2867} INFO - Starting attempt 1 of 1
[2025-07-26T04:56:06.096+0000] {taskinstance.py:2890} INFO - Executing <Task(PythonOperator): create_dwh> on 2025-07-10 00:00:00+00:00
[2025-07-26T04:56:06.102+0000] {standard_task_runner.py:104} INFO - Running: ['airflow', 'tasks', 'run', 'elt_to_dwh', 'create_dwh', 'scheduled__2025-07-10T00:00:00+00:00', '--job-id', '16', '--raw', '--subdir', 'DAGS_FOLDER/elt_to_dwh.py', '--cfg-path', '/tmp/tmpjnsudzql']
[2025-07-26T04:56:06.104+0000] {standard_task_runner.py:105} INFO - Job 16: Subtask create_dwh
[2025-07-26T04:56:06.107+0000] {logging_mixin.py:190} WARNING - /home/airflow/.local/lib/python3.12/site-packages/airflow/task/task_runner/standard_task_runner.py:70 DeprecationWarning: This process (pid=507) is multi-threaded, use of fork() may lead to deadlocks in the child.
[2025-07-26T04:56:06.107+0000] {standard_task_runner.py:72} INFO - Started process 517 to run task
[2025-07-26T04:56:06.136+0000] {task_command.py:467} INFO - Running <TaskInstance: elt_to_dwh.create_dwh scheduled__2025-07-10T00:00:00+00:00 [running]> on host 3bc71adbf7e0
[2025-07-26T04:56:06.195+0000] {taskinstance.py:3134} INFO - Exporting env vars: AIRFLOW_CTX_DAG_OWNER='airflow' AIRFLOW_CTX_DAG_ID='elt_to_dwh' AIRFLOW_CTX_TASK_ID='create_dwh' AIRFLOW_CTX_EXECUTION_DATE='2025-07-10T00:00:00+00:00' AIRFLOW_CTX_TRY_NUMBER='1' AIRFLOW_CTX_DAG_RUN_ID='scheduled__2025-07-10T00:00:00+00:00'
[2025-07-26T04:56:06.196+0000] {taskinstance.py:732} INFO - ::endgroup::
[2025-07-26T04:56:06.332+0000] {logging_mixin.py:190} INFO - Executed DDL script successfully!
[2025-07-26T04:56:06.345+0000] {python.py:240} INFO - Done. Returned value was: None
[2025-07-26T04:56:06.349+0000] {taskinstance.py:341} INFO - ::group::Post task execution logs
[2025-07-26T04:56:06.350+0000] {taskinstance.py:353} INFO - Marking task as SUCCESS. dag_id=elt_to_dwh, task_id=create_dwh, run_id=scheduled__2025-07-10T00:00:00+00:00, execution_date=20250710T000000, start_date=20250726T045606, end_date=20250726T045606
[2025-07-26T04:56:06.402+0000] {local_task_job_runner.py:266} INFO - Task exited with return code 0
[2025-07-26T04:56:06.426+0000] {taskinstance.py:3901} INFO - 3 downstream tasks scheduled from follow-on schedule check
[2025-07-26T04:56:06.432+0000] {local_task_job_runner.py:245} INFO - ::endgroup::
