[2025-07-25T11:15:30.387+0000] {local_task_job_runner.py:123} INFO - ::group::Pre task execution logs
[2025-07-25T11:15:30.402+0000] {taskinstance.py:2614} INFO - Dependencies all met for dep_context=non-requeueable deps ti=<TaskInstance: elt_to_dwh.extract_task.convert_ohlcs_to_parquet scheduled__2025-07-16T00:00:00+00:00 [queued]>
[2025-07-25T11:15:30.412+0000] {taskinstance.py:2614} INFO - Dependencies all met for dep_context=requeueable deps ti=<TaskInstance: elt_to_dwh.extract_task.convert_ohlcs_to_parquet scheduled__2025-07-16T00:00:00+00:00 [queued]>
[2025-07-25T11:15:30.413+0000] {taskinstance.py:2867} INFO - Starting attempt 1 of 1
[2025-07-25T11:15:30.428+0000] {taskinstance.py:2890} INFO - Executing <Task(PythonOperator): extract_task.convert_ohlcs_to_parquet> on 2025-07-16 00:00:00+00:00
[2025-07-25T11:15:30.436+0000] {standard_task_runner.py:104} INFO - Running: ['airflow', 'tasks', 'run', 'elt_to_dwh', 'extract_task.convert_ohlcs_to_parquet', 'scheduled__2025-07-16T00:00:00+00:00', '--job-id', '115', '--raw', '--subdir', 'DAGS_FOLDER/elt_to_dwh.py', '--cfg-path', '/tmp/tmpo3mae49h']
[2025-07-25T11:15:30.439+0000] {standard_task_runner.py:105} INFO - Job 115: Subtask extract_task.convert_ohlcs_to_parquet
[2025-07-25T11:15:30.441+0000] {logging_mixin.py:190} WARNING - /home/airflow/.local/lib/python3.12/site-packages/airflow/task/task_runner/standard_task_runner.py:70 DeprecationWarning: This process (pid=3469) is multi-threaded, use of fork() may lead to deadlocks in the child.
[2025-07-25T11:15:30.441+0000] {standard_task_runner.py:72} INFO - Started process 3479 to run task
[2025-07-25T11:15:30.476+0000] {task_command.py:467} INFO - Running <TaskInstance: elt_to_dwh.extract_task.convert_ohlcs_to_parquet scheduled__2025-07-16T00:00:00+00:00 [running]> on host 74cfddf97016
[2025-07-25T11:15:30.539+0000] {taskinstance.py:3134} INFO - Exporting env vars: AIRFLOW_CTX_DAG_OWNER='airflow' AIRFLOW_CTX_DAG_ID='elt_to_dwh' AIRFLOW_CTX_TASK_ID='extract_task.convert_ohlcs_to_parquet' AIRFLOW_CTX_EXECUTION_DATE='2025-07-16T00:00:00+00:00' AIRFLOW_CTX_TRY_NUMBER='1' AIRFLOW_CTX_DAG_RUN_ID='scheduled__2025-07-16T00:00:00+00:00'
[2025-07-25T11:15:30.540+0000] {taskinstance.py:732} INFO - ::endgroup::
[2025-07-25T11:15:30.553+0000] {logging_mixin.py:190} INFO - Looking for file: /opt/airflow/data/raw/ohlcs/crawl_ohlcs-20250716.json
[2025-07-25T11:15:30.701+0000] {logging_mixin.py:190} INFO - [ohlcs] Saved Parquet file: /opt/airflow/data/parquet/ohlcs/crawl_ohlcs-20250716.parquet
[2025-07-25T11:15:30.701+0000] {python.py:240} INFO - Done. Returned value was: None
[2025-07-25T11:15:30.705+0000] {taskinstance.py:341} INFO - ::group::Post task execution logs
[2025-07-25T11:15:30.706+0000] {taskinstance.py:353} INFO - Marking task as SUCCESS. dag_id=elt_to_dwh, task_id=extract_task.convert_ohlcs_to_parquet, run_id=scheduled__2025-07-16T00:00:00+00:00, execution_date=20250716T000000, start_date=20250725T111530, end_date=20250725T111530
[2025-07-25T11:15:30.737+0000] {local_task_job_runner.py:266} INFO - Task exited with return code 0
[2025-07-25T11:15:30.755+0000] {taskinstance.py:3901} INFO - 1 downstream tasks scheduled from follow-on schedule check
[2025-07-25T11:15:30.760+0000] {local_task_job_runner.py:245} INFO - ::endgroup::
[2025-07-25T11:54:31.398+0000] {local_task_job_runner.py:123} INFO - ::group::Pre task execution logs
[2025-07-25T11:54:31.413+0000] {taskinstance.py:2614} INFO - Dependencies all met for dep_context=non-requeueable deps ti=<TaskInstance: elt_to_dwh.extract_task.convert_ohlcs_to_parquet scheduled__2025-07-16T00:00:00+00:00 [queued]>
[2025-07-25T11:54:31.422+0000] {taskinstance.py:2614} INFO - Dependencies all met for dep_context=requeueable deps ti=<TaskInstance: elt_to_dwh.extract_task.convert_ohlcs_to_parquet scheduled__2025-07-16T00:00:00+00:00 [queued]>
[2025-07-25T11:54:31.422+0000] {taskinstance.py:2867} INFO - Starting attempt 1 of 1
[2025-07-25T11:54:31.437+0000] {taskinstance.py:2890} INFO - Executing <Task(PythonOperator): extract_task.convert_ohlcs_to_parquet> on 2025-07-16 00:00:00+00:00
[2025-07-25T11:54:31.446+0000] {standard_task_runner.py:104} INFO - Running: ['airflow', 'tasks', 'run', 'elt_to_dwh', 'extract_task.convert_ohlcs_to_parquet', 'scheduled__2025-07-16T00:00:00+00:00', '--job-id', '177', '--raw', '--subdir', 'DAGS_FOLDER/elt_to_dwh.py', '--cfg-path', '/tmp/tmp6jdj5u1k']
[2025-07-25T11:54:31.449+0000] {standard_task_runner.py:105} INFO - Job 177: Subtask extract_task.convert_ohlcs_to_parquet
[2025-07-25T11:54:31.452+0000] {logging_mixin.py:190} WARNING - /home/airflow/.local/lib/python3.12/site-packages/airflow/task/task_runner/standard_task_runner.py:70 DeprecationWarning: This process (pid=5032) is multi-threaded, use of fork() may lead to deadlocks in the child.
[2025-07-25T11:54:31.453+0000] {standard_task_runner.py:72} INFO - Started process 5042 to run task
[2025-07-25T11:54:31.489+0000] {task_command.py:467} INFO - Running <TaskInstance: elt_to_dwh.extract_task.convert_ohlcs_to_parquet scheduled__2025-07-16T00:00:00+00:00 [running]> on host 74cfddf97016
[2025-07-25T11:54:31.559+0000] {taskinstance.py:3134} INFO - Exporting env vars: AIRFLOW_CTX_DAG_OWNER='airflow' AIRFLOW_CTX_DAG_ID='elt_to_dwh' AIRFLOW_CTX_TASK_ID='extract_task.convert_ohlcs_to_parquet' AIRFLOW_CTX_EXECUTION_DATE='2025-07-16T00:00:00+00:00' AIRFLOW_CTX_TRY_NUMBER='1' AIRFLOW_CTX_DAG_RUN_ID='scheduled__2025-07-16T00:00:00+00:00'
[2025-07-25T11:54:31.560+0000] {taskinstance.py:732} INFO - ::endgroup::
[2025-07-25T11:54:31.575+0000] {logging_mixin.py:190} INFO - Looking for file: /opt/airflow/data/raw/ohlcs/crawl_ohlcs-20250716.json
[2025-07-25T11:54:31.743+0000] {logging_mixin.py:190} INFO - [ohlcs] Saved Parquet file: /opt/airflow/data/parquet/ohlcs/crawl_ohlcs-20250716.parquet
[2025-07-25T11:54:31.744+0000] {python.py:240} INFO - Done. Returned value was: None
[2025-07-25T11:54:31.749+0000] {taskinstance.py:341} INFO - ::group::Post task execution logs
[2025-07-25T11:54:31.750+0000] {taskinstance.py:353} INFO - Marking task as SUCCESS. dag_id=elt_to_dwh, task_id=extract_task.convert_ohlcs_to_parquet, run_id=scheduled__2025-07-16T00:00:00+00:00, execution_date=20250716T000000, start_date=20250725T115431, end_date=20250725T115431
[2025-07-25T11:54:31.789+0000] {local_task_job_runner.py:266} INFO - Task exited with return code 0
[2025-07-25T11:54:31.804+0000] {taskinstance.py:3901} INFO - 0 downstream tasks scheduled from follow-on schedule check
[2025-07-25T11:54:31.811+0000] {local_task_job_runner.py:245} INFO - ::endgroup::
[2025-07-26T05:03:31.973+0000] {local_task_job_runner.py:123} INFO - ::group::Pre task execution logs
[2025-07-26T05:03:31.989+0000] {taskinstance.py:2614} INFO - Dependencies all met for dep_context=non-requeueable deps ti=<TaskInstance: elt_to_dwh.extract_task.convert_ohlcs_to_parquet scheduled__2025-07-16T00:00:00+00:00 [queued]>
[2025-07-26T05:03:31.997+0000] {taskinstance.py:2614} INFO - Dependencies all met for dep_context=requeueable deps ti=<TaskInstance: elt_to_dwh.extract_task.convert_ohlcs_to_parquet scheduled__2025-07-16T00:00:00+00:00 [queued]>
[2025-07-26T05:03:31.997+0000] {taskinstance.py:2867} INFO - Starting attempt 1 of 1
[2025-07-26T05:03:32.011+0000] {taskinstance.py:2890} INFO - Executing <Task(PythonOperator): extract_task.convert_ohlcs_to_parquet> on 2025-07-16 00:00:00+00:00
[2025-07-26T05:03:32.017+0000] {standard_task_runner.py:104} INFO - Running: ['airflow', 'tasks', 'run', 'elt_to_dwh', 'extract_task.convert_ohlcs_to_parquet', 'scheduled__2025-07-16T00:00:00+00:00', '--job-id', '69', '--raw', '--subdir', 'DAGS_FOLDER/elt_to_dwh.py', '--cfg-path', '/tmp/tmpdzg4g1is']
[2025-07-26T05:03:32.019+0000] {standard_task_runner.py:105} INFO - Job 69: Subtask extract_task.convert_ohlcs_to_parquet
[2025-07-26T05:03:32.020+0000] {logging_mixin.py:190} WARNING - /home/airflow/.local/lib/python3.12/site-packages/airflow/task/task_runner/standard_task_runner.py:70 DeprecationWarning: This process (pid=2786) is multi-threaded, use of fork() may lead to deadlocks in the child.
[2025-07-26T05:03:32.021+0000] {standard_task_runner.py:72} INFO - Started process 2796 to run task
[2025-07-26T05:03:32.049+0000] {task_command.py:467} INFO - Running <TaskInstance: elt_to_dwh.extract_task.convert_ohlcs_to_parquet scheduled__2025-07-16T00:00:00+00:00 [running]> on host 3bc71adbf7e0
[2025-07-26T05:03:32.113+0000] {taskinstance.py:3134} INFO - Exporting env vars: AIRFLOW_CTX_DAG_OWNER='airflow' AIRFLOW_CTX_DAG_ID='elt_to_dwh' AIRFLOW_CTX_TASK_ID='extract_task.convert_ohlcs_to_parquet' AIRFLOW_CTX_EXECUTION_DATE='2025-07-16T00:00:00+00:00' AIRFLOW_CTX_TRY_NUMBER='1' AIRFLOW_CTX_DAG_RUN_ID='scheduled__2025-07-16T00:00:00+00:00'
[2025-07-26T05:03:32.113+0000] {taskinstance.py:732} INFO - ::endgroup::
[2025-07-26T05:03:32.127+0000] {logging_mixin.py:190} INFO - Looking for file: /opt/airflow/data/raw/ohlcs/crawl_ohlcs-20250716.json
[2025-07-26T05:03:32.278+0000] {logging_mixin.py:190} INFO - [ohlcs] Saved Parquet file: /opt/airflow/data/parquet/ohlcs/crawl_ohlcs-20250716.parquet
[2025-07-26T05:03:32.279+0000] {python.py:240} INFO - Done. Returned value was: None
[2025-07-26T05:03:32.283+0000] {taskinstance.py:341} INFO - ::group::Post task execution logs
[2025-07-26T05:03:32.283+0000] {taskinstance.py:353} INFO - Marking task as SUCCESS. dag_id=elt_to_dwh, task_id=extract_task.convert_ohlcs_to_parquet, run_id=scheduled__2025-07-16T00:00:00+00:00, execution_date=20250716T000000, start_date=20250726T050331, end_date=20250726T050332
[2025-07-26T05:03:32.316+0000] {local_task_job_runner.py:266} INFO - Task exited with return code 0
[2025-07-26T05:03:32.333+0000] {taskinstance.py:3901} INFO - 1 downstream tasks scheduled from follow-on schedule check
[2025-07-26T05:03:32.338+0000] {local_task_job_runner.py:245} INFO - ::endgroup::
