[2025-07-25T11:13:21.085+0000] {local_task_job_runner.py:123} INFO - ::group::Pre task execution logs
[2025-07-25T11:13:21.106+0000] {taskinstance.py:2614} INFO - Dependencies all met for dep_context=non-requeueable deps ti=<TaskInstance: elt_to_dwh.extract_task.load_db_to_parquet scheduled__2025-07-14T00:00:00+00:00 [queued]>
[2025-07-25T11:13:21.118+0000] {taskinstance.py:2614} INFO - Dependencies all met for dep_context=requeueable deps ti=<TaskInstance: elt_to_dwh.extract_task.load_db_to_parquet scheduled__2025-07-14T00:00:00+00:00 [queued]>
[2025-07-25T11:13:21.119+0000] {taskinstance.py:2867} INFO - Starting attempt 1 of 1
[2025-07-25T11:13:21.134+0000] {taskinstance.py:2890} INFO - Executing <Task(PythonOperator): extract_task.load_db_to_parquet> on 2025-07-14 00:00:00+00:00
[2025-07-25T11:13:21.141+0000] {standard_task_runner.py:104} INFO - Running: ['airflow', 'tasks', 'run', 'elt_to_dwh', 'extract_task.load_db_to_parquet', 'scheduled__2025-07-14T00:00:00+00:00', '--job-id', '97', '--raw', '--subdir', 'DAGS_FOLDER/elt_to_dwh.py', '--cfg-path', '/tmp/tmp9j_bdukc']
[2025-07-25T11:13:21.144+0000] {standard_task_runner.py:105} INFO - Job 97: Subtask extract_task.load_db_to_parquet
[2025-07-25T11:13:21.145+0000] {logging_mixin.py:190} WARNING - /home/airflow/.local/lib/python3.12/site-packages/airflow/task/task_runner/standard_task_runner.py:70 DeprecationWarning: This process (pid=3127) is multi-threaded, use of fork() may lead to deadlocks in the child.
[2025-07-25T11:13:21.146+0000] {standard_task_runner.py:72} INFO - Started process 3137 to run task
[2025-07-25T11:13:21.182+0000] {task_command.py:467} INFO - Running <TaskInstance: elt_to_dwh.extract_task.load_db_to_parquet scheduled__2025-07-14T00:00:00+00:00 [running]> on host 74cfddf97016
[2025-07-25T11:13:21.252+0000] {taskinstance.py:3134} INFO - Exporting env vars: AIRFLOW_CTX_DAG_OWNER='airflow' AIRFLOW_CTX_DAG_ID='elt_to_dwh' AIRFLOW_CTX_TASK_ID='extract_task.load_db_to_parquet' AIRFLOW_CTX_EXECUTION_DATE='2025-07-14T00:00:00+00:00' AIRFLOW_CTX_TRY_NUMBER='1' AIRFLOW_CTX_DAG_RUN_ID='scheduled__2025-07-14T00:00:00+00:00'
[2025-07-25T11:13:21.253+0000] {taskinstance.py:732} INFO - ::endgroup::
[2025-07-25T11:13:22.111+0000] {logging_mixin.py:190} INFO - [Company extract] retrieved 23670 rows from the database
[2025-07-25T11:13:22.146+0000] {logging_mixin.py:190} INFO - Saved data from database to parquet successfully at /opt/airflow/data/parquet/companies/crawl_companies-20250714.parquet
[2025-07-25T11:13:22.147+0000] {python.py:240} INFO - Done. Returned value was: None
[2025-07-25T11:13:22.152+0000] {taskinstance.py:341} INFO - ::group::Post task execution logs
[2025-07-25T11:13:22.152+0000] {taskinstance.py:353} INFO - Marking task as SUCCESS. dag_id=elt_to_dwh, task_id=extract_task.load_db_to_parquet, run_id=scheduled__2025-07-14T00:00:00+00:00, execution_date=20250714T000000, start_date=20250725T111321, end_date=20250725T111322
[2025-07-25T11:13:22.202+0000] {local_task_job_runner.py:266} INFO - Task exited with return code 0
[2025-07-25T11:13:22.218+0000] {taskinstance.py:3901} INFO - 0 downstream tasks scheduled from follow-on schedule check
[2025-07-25T11:13:22.219+0000] {local_task_job_runner.py:245} INFO - ::endgroup::
[2025-07-25T11:52:29.910+0000] {local_task_job_runner.py:123} INFO - ::group::Pre task execution logs
[2025-07-25T11:52:29.929+0000] {taskinstance.py:2614} INFO - Dependencies all met for dep_context=non-requeueable deps ti=<TaskInstance: elt_to_dwh.extract_task.load_db_to_parquet scheduled__2025-07-14T00:00:00+00:00 [queued]>
[2025-07-25T11:52:29.942+0000] {taskinstance.py:2614} INFO - Dependencies all met for dep_context=requeueable deps ti=<TaskInstance: elt_to_dwh.extract_task.load_db_to_parquet scheduled__2025-07-14T00:00:00+00:00 [queued]>
[2025-07-25T11:52:29.942+0000] {taskinstance.py:2867} INFO - Starting attempt 1 of 1
[2025-07-25T11:52:29.961+0000] {taskinstance.py:2890} INFO - Executing <Task(PythonOperator): extract_task.load_db_to_parquet> on 2025-07-14 00:00:00+00:00
[2025-07-25T11:52:29.971+0000] {standard_task_runner.py:104} INFO - Running: ['airflow', 'tasks', 'run', 'elt_to_dwh', 'extract_task.load_db_to_parquet', 'scheduled__2025-07-14T00:00:00+00:00', '--job-id', '163', '--raw', '--subdir', 'DAGS_FOLDER/elt_to_dwh.py', '--cfg-path', '/tmp/tmpowz87qp1']
[2025-07-25T11:52:29.973+0000] {standard_task_runner.py:105} INFO - Job 163: Subtask extract_task.load_db_to_parquet
[2025-07-25T11:52:29.976+0000] {logging_mixin.py:190} WARNING - /home/airflow/.local/lib/python3.12/site-packages/airflow/task/task_runner/standard_task_runner.py:70 DeprecationWarning: This process (pid=4791) is multi-threaded, use of fork() may lead to deadlocks in the child.
[2025-07-25T11:52:29.977+0000] {standard_task_runner.py:72} INFO - Started process 4801 to run task
[2025-07-25T11:52:30.020+0000] {task_command.py:467} INFO - Running <TaskInstance: elt_to_dwh.extract_task.load_db_to_parquet scheduled__2025-07-14T00:00:00+00:00 [running]> on host 74cfddf97016
[2025-07-25T11:52:30.108+0000] {taskinstance.py:3134} INFO - Exporting env vars: AIRFLOW_CTX_DAG_OWNER='airflow' AIRFLOW_CTX_DAG_ID='elt_to_dwh' AIRFLOW_CTX_TASK_ID='extract_task.load_db_to_parquet' AIRFLOW_CTX_EXECUTION_DATE='2025-07-14T00:00:00+00:00' AIRFLOW_CTX_TRY_NUMBER='1' AIRFLOW_CTX_DAG_RUN_ID='scheduled__2025-07-14T00:00:00+00:00'
[2025-07-25T11:52:30.109+0000] {taskinstance.py:732} INFO - ::endgroup::
[2025-07-25T11:52:31.597+0000] {logging_mixin.py:190} INFO - [Company extract] retrieved 23670 rows from the database
[2025-07-25T11:52:31.648+0000] {logging_mixin.py:190} INFO - Saved data from database to parquet successfully at /opt/airflow/data/parquet/companies/crawl_companies-20250714.parquet
[2025-07-25T11:52:31.650+0000] {python.py:240} INFO - Done. Returned value was: None
[2025-07-25T11:52:31.658+0000] {taskinstance.py:341} INFO - ::group::Post task execution logs
[2025-07-25T11:52:31.659+0000] {taskinstance.py:353} INFO - Marking task as SUCCESS. dag_id=elt_to_dwh, task_id=extract_task.load_db_to_parquet, run_id=scheduled__2025-07-14T00:00:00+00:00, execution_date=20250714T000000, start_date=20250725T115229, end_date=20250725T115231
[2025-07-25T11:52:31.719+0000] {local_task_job_runner.py:266} INFO - Task exited with return code 0
[2025-07-25T11:52:31.743+0000] {taskinstance.py:3901} INFO - 0 downstream tasks scheduled from follow-on schedule check
[2025-07-25T11:52:31.756+0000] {local_task_job_runner.py:245} INFO - ::endgroup::
[2025-07-26T04:59:16.499+0000] {local_task_job_runner.py:123} INFO - ::group::Pre task execution logs
[2025-07-26T04:59:16.513+0000] {taskinstance.py:2614} INFO - Dependencies all met for dep_context=non-requeueable deps ti=<TaskInstance: elt_to_dwh.extract_task.load_db_to_parquet scheduled__2025-07-14T00:00:00+00:00 [queued]>
[2025-07-26T04:59:16.522+0000] {taskinstance.py:2614} INFO - Dependencies all met for dep_context=requeueable deps ti=<TaskInstance: elt_to_dwh.extract_task.load_db_to_parquet scheduled__2025-07-14T00:00:00+00:00 [queued]>
[2025-07-26T04:59:16.522+0000] {taskinstance.py:2867} INFO - Starting attempt 1 of 1
[2025-07-26T04:59:16.538+0000] {taskinstance.py:2890} INFO - Executing <Task(PythonOperator): extract_task.load_db_to_parquet> on 2025-07-14 00:00:00+00:00
[2025-07-26T04:59:16.545+0000] {standard_task_runner.py:104} INFO - Running: ['airflow', 'tasks', 'run', 'elt_to_dwh', 'extract_task.load_db_to_parquet', 'scheduled__2025-07-14T00:00:00+00:00', '--job-id', '47', '--raw', '--subdir', 'DAGS_FOLDER/elt_to_dwh.py', '--cfg-path', '/tmp/tmppepahpka']
[2025-07-26T04:59:16.547+0000] {standard_task_runner.py:105} INFO - Job 47: Subtask extract_task.load_db_to_parquet
[2025-07-26T04:59:16.549+0000] {logging_mixin.py:190} WARNING - /home/airflow/.local/lib/python3.12/site-packages/airflow/task/task_runner/standard_task_runner.py:70 DeprecationWarning: This process (pid=1152) is multi-threaded, use of fork() may lead to deadlocks in the child.
[2025-07-26T04:59:16.550+0000] {standard_task_runner.py:72} INFO - Started process 1162 to run task
[2025-07-26T04:59:16.586+0000] {task_command.py:467} INFO - Running <TaskInstance: elt_to_dwh.extract_task.load_db_to_parquet scheduled__2025-07-14T00:00:00+00:00 [running]> on host 3bc71adbf7e0
[2025-07-26T04:59:16.655+0000] {taskinstance.py:3134} INFO - Exporting env vars: AIRFLOW_CTX_DAG_OWNER='airflow' AIRFLOW_CTX_DAG_ID='elt_to_dwh' AIRFLOW_CTX_TASK_ID='extract_task.load_db_to_parquet' AIRFLOW_CTX_EXECUTION_DATE='2025-07-14T00:00:00+00:00' AIRFLOW_CTX_TRY_NUMBER='1' AIRFLOW_CTX_DAG_RUN_ID='scheduled__2025-07-14T00:00:00+00:00'
[2025-07-26T04:59:16.656+0000] {taskinstance.py:732} INFO - ::endgroup::
[2025-07-26T04:59:17.416+0000] {logging_mixin.py:190} INFO - [Company extract] retrieved 23670 rows from the database
[2025-07-26T04:59:17.450+0000] {logging_mixin.py:190} INFO - Saved data from database to parquet successfully at /opt/airflow/data/parquet/companies/crawl_companies-20250714.parquet
[2025-07-26T04:59:17.451+0000] {python.py:240} INFO - Done. Returned value was: None
[2025-07-26T04:59:17.455+0000] {taskinstance.py:341} INFO - ::group::Post task execution logs
[2025-07-26T04:59:17.456+0000] {taskinstance.py:353} INFO - Marking task as SUCCESS. dag_id=elt_to_dwh, task_id=extract_task.load_db_to_parquet, run_id=scheduled__2025-07-14T00:00:00+00:00, execution_date=20250714T000000, start_date=20250726T045916, end_date=20250726T045917
[2025-07-26T04:59:17.487+0000] {local_task_job_runner.py:266} INFO - Task exited with return code 0
[2025-07-26T04:59:17.500+0000] {taskinstance.py:3901} INFO - 0 downstream tasks scheduled from follow-on schedule check
[2025-07-26T04:59:17.501+0000] {local_task_job_runner.py:245} INFO - ::endgroup::
