[2025-07-26T05:11:12.482+0000] {local_task_job_runner.py:123} INFO - ::group::Pre task execution logs
[2025-07-26T05:11:12.495+0000] {taskinstance.py:2614} INFO - Dependencies all met for dep_context=non-requeueable deps ti=<TaskInstance: elt_to_dwh.transform_task.process_news scheduled__2025-07-18T00:00:00+00:00 [queued]>
[2025-07-26T05:11:12.502+0000] {taskinstance.py:2614} INFO - Dependencies all met for dep_context=requeueable deps ti=<TaskInstance: elt_to_dwh.transform_task.process_news scheduled__2025-07-18T00:00:00+00:00 [queued]>
[2025-07-26T05:11:12.503+0000] {taskinstance.py:2867} INFO - Starting attempt 1 of 1
[2025-07-26T05:11:12.517+0000] {taskinstance.py:2890} INFO - Executing <Task(SparkSubmitOperator): transform_task.process_news> on 2025-07-18 00:00:00+00:00
[2025-07-26T05:11:12.524+0000] {standard_task_runner.py:104} INFO - Running: ['airflow', 'tasks', 'run', 'elt_to_dwh', 'transform_task.process_news', 'scheduled__2025-07-18T00:00:00+00:00', '--job-id', '109', '--raw', '--subdir', 'DAGS_FOLDER/elt_to_dwh.py', '--cfg-path', '/tmp/tmpjgce1uw0']
[2025-07-26T05:11:12.526+0000] {standard_task_runner.py:105} INFO - Job 109: Subtask transform_task.process_news
[2025-07-26T05:11:12.528+0000] {logging_mixin.py:190} WARNING - /home/airflow/.local/lib/python3.12/site-packages/airflow/task/task_runner/standard_task_runner.py:70 DeprecationWarning: This process (pid=6435) is multi-threaded, use of fork() may lead to deadlocks in the child.
[2025-07-26T05:11:12.529+0000] {standard_task_runner.py:72} INFO - Started process 6445 to run task
[2025-07-26T05:11:12.555+0000] {task_command.py:467} INFO - Running <TaskInstance: elt_to_dwh.transform_task.process_news scheduled__2025-07-18T00:00:00+00:00 [running]> on host 3bc71adbf7e0
[2025-07-26T05:11:12.620+0000] {taskinstance.py:3134} INFO - Exporting env vars: AIRFLOW_CTX_DAG_OWNER='airflow' AIRFLOW_CTX_DAG_ID='elt_to_dwh' AIRFLOW_CTX_TASK_ID='transform_task.process_news' AIRFLOW_CTX_EXECUTION_DATE='2025-07-18T00:00:00+00:00' AIRFLOW_CTX_TRY_NUMBER='1' AIRFLOW_CTX_DAG_RUN_ID='scheduled__2025-07-18T00:00:00+00:00'
[2025-07-26T05:11:12.620+0000] {taskinstance.py:732} INFO - ::endgroup::
[2025-07-26T05:11:12.634+0000] {base.py:84} INFO - Retrieving connection 'spark_conn'
[2025-07-26T05:11:12.635+0000] {spark_submit.py:351} INFO - Spark-Submit cmd: spark-submit --master spark-master:7077 --name arrow-spark /opt/airflow/scripts/elt_to_dwh/transform/process_news.py 2025-07-18
[2025-07-26T05:11:15.806+0000] {spark_submit.py:521} INFO - Execution date string: 2025-07-18
[2025-07-26T05:11:16.343+0000] {spark_submit.py:521} INFO - Reading from: s3a://stock-project-datalake/news/crawl_news-20250718.parquet
[2025-07-26T05:11:16.428+0000] {spark_submit.py:521} INFO - 25/07/26 05:11:16 INFO SparkContext: Running Spark version 3.5.6
[2025-07-26T05:11:16.430+0000] {spark_submit.py:521} INFO - 25/07/26 05:11:16 INFO SparkContext: OS info Linux, 5.15.153.1-microsoft-standard-WSL2, amd64
[2025-07-26T05:11:16.431+0000] {spark_submit.py:521} INFO - 25/07/26 05:11:16 INFO SparkContext: Java version 17.0.15
[2025-07-26T05:11:16.496+0000] {spark_submit.py:521} INFO - 25/07/26 05:11:16 WARN NativeCodeLoader: Unable to load native-hadoop library for your platform... using builtin-java classes where applicable
[2025-07-26T05:11:16.598+0000] {spark_submit.py:521} INFO - 25/07/26 05:11:16 INFO ResourceUtils: ==============================================================
[2025-07-26T05:11:16.599+0000] {spark_submit.py:521} INFO - 25/07/26 05:11:16 INFO ResourceUtils: No custom resources configured for spark.driver.
[2025-07-26T05:11:16.600+0000] {spark_submit.py:521} INFO - 25/07/26 05:11:16 INFO ResourceUtils: ==============================================================
[2025-07-26T05:11:16.600+0000] {spark_submit.py:521} INFO - 25/07/26 05:11:16 INFO SparkContext: Submitted application: process_news
[2025-07-26T05:11:16.626+0000] {spark_submit.py:521} INFO - 25/07/26 05:11:16 INFO ResourceProfile: Default ResourceProfile created, executor resources: Map(memory -> name: memory, amount: 1024, script: , vendor: , offHeap -> name: offHeap, amount: 0, script: , vendor: ), task resources: Map(cpus -> name: cpus, amount: 1.0)
[2025-07-26T05:11:16.636+0000] {spark_submit.py:521} INFO - 25/07/26 05:11:16 INFO ResourceProfile: Limiting resource is cpu
[2025-07-26T05:11:16.637+0000] {spark_submit.py:521} INFO - 25/07/26 05:11:16 INFO ResourceProfileManager: Added ResourceProfile id: 0
[2025-07-26T05:11:16.693+0000] {spark_submit.py:521} INFO - 25/07/26 05:11:16 INFO SecurityManager: Changing view acls to: airflow
[2025-07-26T05:11:16.693+0000] {spark_submit.py:521} INFO - 25/07/26 05:11:16 INFO SecurityManager: Changing modify acls to: airflow
[2025-07-26T05:11:16.694+0000] {spark_submit.py:521} INFO - 25/07/26 05:11:16 INFO SecurityManager: Changing view acls groups to:
[2025-07-26T05:11:16.694+0000] {spark_submit.py:521} INFO - 25/07/26 05:11:16 INFO SecurityManager: Changing modify acls groups to:
[2025-07-26T05:11:16.695+0000] {spark_submit.py:521} INFO - 25/07/26 05:11:16 INFO SecurityManager: SecurityManager: authentication disabled; ui acls disabled; users with view permissions: airflow; groups with view permissions: EMPTY; users with modify permissions: airflow; groups with modify permissions: EMPTY
[2025-07-26T05:11:17.045+0000] {spark_submit.py:521} INFO - 25/07/26 05:11:17 INFO Utils: Successfully started service 'sparkDriver' on port 36755.
[2025-07-26T05:11:17.087+0000] {spark_submit.py:521} INFO - 25/07/26 05:11:17 INFO SparkEnv: Registering MapOutputTracker
[2025-07-26T05:11:17.168+0000] {spark_submit.py:521} INFO - 25/07/26 05:11:17 INFO SparkEnv: Registering BlockManagerMaster
[2025-07-26T05:11:17.205+0000] {spark_submit.py:521} INFO - 25/07/26 05:11:17 INFO BlockManagerMasterEndpoint: Using org.apache.spark.storage.DefaultTopologyMapper for getting topology information
[2025-07-26T05:11:17.206+0000] {spark_submit.py:521} INFO - 25/07/26 05:11:17 INFO BlockManagerMasterEndpoint: BlockManagerMasterEndpoint up
[2025-07-26T05:11:17.214+0000] {spark_submit.py:521} INFO - 25/07/26 05:11:17 INFO SparkEnv: Registering BlockManagerMasterHeartbeat
[2025-07-26T05:11:17.248+0000] {spark_submit.py:521} INFO - 25/07/26 05:11:17 INFO DiskBlockManager: Created local directory at /tmp/blockmgr-5c0f5775-7015-430e-a340-e1cc02bd9df1
[2025-07-26T05:11:17.275+0000] {spark_submit.py:521} INFO - 25/07/26 05:11:17 INFO MemoryStore: MemoryStore started with capacity 434.4 MiB
[2025-07-26T05:11:17.301+0000] {spark_submit.py:521} INFO - 25/07/26 05:11:17 INFO SparkEnv: Registering OutputCommitCoordinator
[2025-07-26T05:11:17.487+0000] {spark_submit.py:521} INFO - 25/07/26 05:11:17 INFO JettyUtils: Start Jetty 0.0.0.0:4040 for SparkUI
[2025-07-26T05:11:17.563+0000] {spark_submit.py:521} INFO - 25/07/26 05:11:17 INFO Utils: Successfully started service 'SparkUI' on port 4040.
[2025-07-26T05:11:17.726+0000] {spark_submit.py:521} INFO - 25/07/26 05:11:17 INFO StandaloneAppClient$ClientEndpoint: Connecting to master spark://spark-master:7077...
[2025-07-26T05:11:17.782+0000] {spark_submit.py:521} INFO - 25/07/26 05:11:17 INFO TransportClientFactory: Successfully created connection to spark-master/172.18.0.5:7077 after 29 ms (0 ms spent in bootstraps)
[2025-07-26T05:11:17.887+0000] {spark_submit.py:521} INFO - 25/07/26 05:11:17 INFO StandaloneSchedulerBackend: Connected to Spark cluster with app ID app-20250726051117-0013
[2025-07-26T05:11:17.896+0000] {spark_submit.py:521} INFO - 25/07/26 05:11:17 INFO StandaloneAppClient$ClientEndpoint: Executor added: app-20250726051117-0013/0 on worker-20250726042217-172.18.0.6-40723 (172.18.0.6:40723) with 2 core(s)
[2025-07-26T05:11:17.902+0000] {spark_submit.py:521} INFO - 25/07/26 05:11:17 INFO Utils: Successfully started service 'org.apache.spark.network.netty.NettyBlockTransferService' on port 46371.
[2025-07-26T05:11:17.903+0000] {spark_submit.py:521} INFO - 25/07/26 05:11:17 INFO NettyBlockTransferService: Server created on 3bc71adbf7e0:46371
[2025-07-26T05:11:17.904+0000] {spark_submit.py:521} INFO - 25/07/26 05:11:17 INFO StandaloneSchedulerBackend: Granted executor ID app-20250726051117-0013/0 on hostPort 172.18.0.6:40723 with 2 core(s), 1024.0 MiB RAM
[2025-07-26T05:11:17.905+0000] {spark_submit.py:521} INFO - 25/07/26 05:11:17 INFO BlockManager: Using org.apache.spark.storage.RandomBlockReplicationPolicy for block replication policy
[2025-07-26T05:11:17.920+0000] {spark_submit.py:521} INFO - 25/07/26 05:11:17 INFO BlockManagerMaster: Registering BlockManager BlockManagerId(driver, 3bc71adbf7e0, 46371, None)
[2025-07-26T05:11:17.929+0000] {spark_submit.py:521} INFO - 25/07/26 05:11:17 INFO BlockManagerMasterEndpoint: Registering block manager 3bc71adbf7e0:46371 with 434.4 MiB RAM, BlockManagerId(driver, 3bc71adbf7e0, 46371, None)
[2025-07-26T05:11:17.934+0000] {spark_submit.py:521} INFO - 25/07/26 05:11:17 INFO BlockManagerMaster: Registered BlockManager BlockManagerId(driver, 3bc71adbf7e0, 46371, None)
[2025-07-26T05:11:17.937+0000] {spark_submit.py:521} INFO - 25/07/26 05:11:17 INFO BlockManager: Initialized BlockManager: BlockManagerId(driver, 3bc71adbf7e0, 46371, None)
[2025-07-26T05:11:17.944+0000] {spark_submit.py:521} INFO - 25/07/26 05:11:17 INFO StandaloneAppClient$ClientEndpoint: Executor updated: app-20250726051117-0013/0 is now RUNNING
[2025-07-26T05:11:18.327+0000] {spark_submit.py:521} INFO - 25/07/26 05:11:18 INFO StandaloneSchedulerBackend: SchedulerBackend is ready for scheduling beginning after reached minRegisteredResourcesRatio: 0.0
[2025-07-26T05:11:18.675+0000] {spark_submit.py:521} INFO - 25/07/26 05:11:18 INFO SharedState: Setting hive.metastore.warehouse.dir ('null') to the value of spark.sql.warehouse.dir.
[2025-07-26T05:11:18.704+0000] {spark_submit.py:521} INFO - 25/07/26 05:11:18 INFO SharedState: Warehouse path is 'file:/opt/airflow/spark-warehouse'.
[2025-07-26T05:11:20.362+0000] {spark_submit.py:521} INFO - 25/07/26 05:11:20 WARN MetricsConfig: Cannot locate configuration: tried hadoop-metrics2-s3a-file-system.properties,hadoop-metrics2.properties
[2025-07-26T05:11:20.401+0000] {spark_submit.py:521} INFO - 25/07/26 05:11:20 INFO MetricsSystemImpl: Scheduled Metric snapshot period at 10 second(s).
[2025-07-26T05:11:20.402+0000] {spark_submit.py:521} INFO - 25/07/26 05:11:20 INFO MetricsSystemImpl: s3a-file-system metrics system started
[2025-07-26T05:11:21.399+0000] {spark_submit.py:521} INFO - 25/07/26 05:11:21 INFO StandaloneSchedulerBackend$StandaloneDriverEndpoint: Registered executor NettyRpcEndpointRef(spark-client://Executor) (172.18.0.6:34048) with ID 0,  ResourceProfileId 0
[2025-07-26T05:11:21.478+0000] {spark_submit.py:521} INFO - 25/07/26 05:11:21 INFO BlockManagerMasterEndpoint: Registering block manager 172.18.0.6:34375 with 434.4 MiB RAM, BlockManagerId(0, 172.18.0.6, 34375, None)
[2025-07-26T05:11:22.432+0000] {spark_submit.py:521} INFO - 25/07/26 05:11:22 INFO InMemoryFileIndex: It took 173 ms to list leaf files for 1 paths.
[2025-07-26T05:11:22.920+0000] {spark_submit.py:521} INFO - 25/07/26 05:11:22 INFO SparkContext: Starting job: parquet at NativeMethodAccessorImpl.java:0
[2025-07-26T05:11:22.944+0000] {spark_submit.py:521} INFO - 25/07/26 05:11:22 INFO DAGScheduler: Got job 0 (parquet at NativeMethodAccessorImpl.java:0) with 1 output partitions
[2025-07-26T05:11:22.948+0000] {spark_submit.py:521} INFO - 25/07/26 05:11:22 INFO DAGScheduler: Final stage: ResultStage 0 (parquet at NativeMethodAccessorImpl.java:0)
[2025-07-26T05:11:22.949+0000] {spark_submit.py:521} INFO - 25/07/26 05:11:22 INFO DAGScheduler: Parents of final stage: List()
[2025-07-26T05:11:22.950+0000] {spark_submit.py:521} INFO - 25/07/26 05:11:22 INFO DAGScheduler: Missing parents: List()
[2025-07-26T05:11:22.958+0000] {spark_submit.py:521} INFO - 25/07/26 05:11:22 INFO DAGScheduler: Submitting ResultStage 0 (MapPartitionsRDD[1] at parquet at NativeMethodAccessorImpl.java:0), which has no missing parents
[2025-07-26T05:11:23.035+0000] {spark_submit.py:521} INFO - 25/07/26 05:11:23 INFO MemoryStore: Block broadcast_0 stored as values in memory (estimated size 104.6 KiB, free 434.3 MiB)
[2025-07-26T05:11:23.084+0000] {spark_submit.py:521} INFO - 25/07/26 05:11:23 INFO MemoryStore: Block broadcast_0_piece0 stored as bytes in memory (estimated size 38.1 KiB, free 434.3 MiB)
[2025-07-26T05:11:23.088+0000] {spark_submit.py:521} INFO - 25/07/26 05:11:23 INFO BlockManagerInfo: Added broadcast_0_piece0 in memory on 3bc71adbf7e0:46371 (size: 38.1 KiB, free: 434.4 MiB)
[2025-07-26T05:11:23.094+0000] {spark_submit.py:521} INFO - 25/07/26 05:11:23 INFO SparkContext: Created broadcast 0 from broadcast at DAGScheduler.scala:1611
[2025-07-26T05:11:23.124+0000] {spark_submit.py:521} INFO - 25/07/26 05:11:23 INFO DAGScheduler: Submitting 1 missing tasks from ResultStage 0 (MapPartitionsRDD[1] at parquet at NativeMethodAccessorImpl.java:0) (first 15 tasks are for partitions Vector(0))
[2025-07-26T05:11:23.128+0000] {spark_submit.py:521} INFO - 25/07/26 05:11:23 INFO TaskSchedulerImpl: Adding task set 0.0 with 1 tasks resource profile 0
[2025-07-26T05:11:23.170+0000] {spark_submit.py:521} INFO - 25/07/26 05:11:23 INFO TaskSetManager: Starting task 0.0 in stage 0.0 (TID 0) (172.18.0.6, executor 0, partition 0, PROCESS_LOCAL, 9159 bytes)
[2025-07-26T05:11:23.485+0000] {spark_submit.py:521} INFO - 25/07/26 05:11:23 INFO BlockManagerInfo: Added broadcast_0_piece0 in memory on 172.18.0.6:34375 (size: 38.1 KiB, free: 434.4 MiB)
[2025-07-26T05:11:25.823+0000] {spark_submit.py:521} INFO - 25/07/26 05:11:25 INFO TaskSetManager: Finished task 0.0 in stage 0.0 (TID 0) in 2669 ms on 172.18.0.6 (executor 0) (1/1)
[2025-07-26T05:11:25.826+0000] {spark_submit.py:521} INFO - 25/07/26 05:11:25 INFO TaskSchedulerImpl: Removed TaskSet 0.0, whose tasks have all completed, from pool
[2025-07-26T05:11:25.831+0000] {spark_submit.py:521} INFO - 25/07/26 05:11:25 INFO DAGScheduler: ResultStage 0 (parquet at NativeMethodAccessorImpl.java:0) finished in 2.848 s
[2025-07-26T05:11:25.835+0000] {spark_submit.py:521} INFO - 25/07/26 05:11:25 INFO DAGScheduler: Job 0 is finished. Cancelling potential speculative or zombie tasks for this job
[2025-07-26T05:11:25.836+0000] {spark_submit.py:521} INFO - 25/07/26 05:11:25 INFO TaskSchedulerImpl: Killing all running tasks in stage 0: Stage finished
[2025-07-26T05:11:25.838+0000] {spark_submit.py:521} INFO - 25/07/26 05:11:25 INFO DAGScheduler: Job 0 finished: parquet at NativeMethodAccessorImpl.java:0, took 2.917335 s
[2025-07-26T05:11:26.225+0000] {spark_submit.py:521} INFO - 25/07/26 05:11:26 INFO BlockManagerInfo: Removed broadcast_0_piece0 on 3bc71adbf7e0:46371 in memory (size: 38.1 KiB, free: 434.4 MiB)
[2025-07-26T05:11:26.234+0000] {spark_submit.py:521} INFO - 25/07/26 05:11:26 INFO BlockManagerInfo: Removed broadcast_0_piece0 on 172.18.0.6:34375 in memory (size: 38.1 KiB, free: 434.4 MiB)
[2025-07-26T05:11:26.663+0000] {spark_submit.py:521} INFO - DataFrame loaded from Parquet:
[2025-07-26T05:11:26.677+0000] {spark_submit.py:521} INFO - root
[2025-07-26T05:11:26.678+0000] {spark_submit.py:521} INFO - |-- title: string (nullable = true)
[2025-07-26T05:11:26.679+0000] {spark_submit.py:521} INFO - |-- url: string (nullable = true)
[2025-07-26T05:11:26.679+0000] {spark_submit.py:521} INFO - |-- time_published: string (nullable = true)
[2025-07-26T05:11:26.679+0000] {spark_submit.py:521} INFO - |-- authors: array (nullable = true)
[2025-07-26T05:11:26.680+0000] {spark_submit.py:521} INFO - |    |-- element: string (containsNull = true)
[2025-07-26T05:11:26.680+0000] {spark_submit.py:521} INFO - |-- summary: string (nullable = true)
[2025-07-26T05:11:26.681+0000] {spark_submit.py:521} INFO - |-- banner_image: string (nullable = true)
[2025-07-26T05:11:26.681+0000] {spark_submit.py:521} INFO - |-- source: string (nullable = true)
[2025-07-26T05:11:26.682+0000] {spark_submit.py:521} INFO - |-- category_within_source: string (nullable = true)
[2025-07-26T05:11:26.682+0000] {spark_submit.py:521} INFO - |-- source_domain: string (nullable = true)
[2025-07-26T05:11:26.683+0000] {spark_submit.py:521} INFO - |-- topics: array (nullable = true)
[2025-07-26T05:11:26.683+0000] {spark_submit.py:521} INFO - |    |-- element: struct (containsNull = true)
[2025-07-26T05:11:26.684+0000] {spark_submit.py:521} INFO - |    |    |-- topic: string (nullable = true)
[2025-07-26T05:11:26.684+0000] {spark_submit.py:521} INFO - |    |    |-- relevance_score: string (nullable = true)
[2025-07-26T05:11:26.687+0000] {spark_submit.py:521} INFO - |-- overall_sentiment_score: double (nullable = true)
[2025-07-26T05:11:26.687+0000] {spark_submit.py:521} INFO - |-- overall_sentiment_label: string (nullable = true)
[2025-07-26T05:11:26.688+0000] {spark_submit.py:521} INFO - |-- ticker_sentiment: array (nullable = true)
[2025-07-26T05:11:26.688+0000] {spark_submit.py:521} INFO - |    |-- element: struct (containsNull = true)
[2025-07-26T05:11:26.689+0000] {spark_submit.py:521} INFO - |    |    |-- ticker: string (nullable = true)
[2025-07-26T05:11:26.689+0000] {spark_submit.py:521} INFO - |    |    |-- relevance_score: string (nullable = true)
[2025-07-26T05:11:26.690+0000] {spark_submit.py:521} INFO - |    |    |-- ticker_sentiment_score: string (nullable = true)
[2025-07-26T05:11:26.690+0000] {spark_submit.py:521} INFO - |    |    |-- ticker_sentiment_label: string (nullable = true)
[2025-07-26T05:11:26.691+0000] {spark_submit.py:521} INFO - 
[2025-07-26T05:11:27.167+0000] {spark_submit.py:521} INFO - 25/07/26 05:11:27 INFO FileSourceStrategy: Pushed Filters:
[2025-07-26T05:11:27.168+0000] {spark_submit.py:521} INFO - 25/07/26 05:11:27 INFO FileSourceStrategy: Post-Scan Filters:
[2025-07-26T05:11:27.721+0000] {spark_submit.py:521} INFO - 25/07/26 05:11:27 INFO CodeGenerator: Code generated in 296.146393 ms
[2025-07-26T05:11:27.756+0000] {spark_submit.py:521} INFO - 25/07/26 05:11:27 INFO MemoryStore: Block broadcast_1 stored as values in memory (estimated size 213.5 KiB, free 434.2 MiB)
[2025-07-26T05:11:27.765+0000] {spark_submit.py:521} INFO - 25/07/26 05:11:27 INFO MemoryStore: Block broadcast_1_piece0 stored as bytes in memory (estimated size 36.5 KiB, free 434.2 MiB)
[2025-07-26T05:11:27.765+0000] {spark_submit.py:521} INFO - 25/07/26 05:11:27 INFO BlockManagerInfo: Added broadcast_1_piece0 in memory on 3bc71adbf7e0:46371 (size: 36.5 KiB, free: 434.4 MiB)
[2025-07-26T05:11:27.767+0000] {spark_submit.py:521} INFO - 25/07/26 05:11:27 INFO SparkContext: Created broadcast 1 from showString at NativeMethodAccessorImpl.java:0
[2025-07-26T05:11:27.780+0000] {spark_submit.py:521} INFO - 25/07/26 05:11:27 INFO FileSourceScanExec: Planning scan with bin packing, max size: 4194304 bytes, open cost is considered as scanning 4194304 bytes.
[2025-07-26T05:11:27.820+0000] {spark_submit.py:521} INFO - 25/07/26 05:11:27 INFO SparkContext: Starting job: showString at NativeMethodAccessorImpl.java:0
[2025-07-26T05:11:27.822+0000] {spark_submit.py:521} INFO - 25/07/26 05:11:27 INFO DAGScheduler: Got job 1 (showString at NativeMethodAccessorImpl.java:0) with 1 output partitions
[2025-07-26T05:11:27.822+0000] {spark_submit.py:521} INFO - 25/07/26 05:11:27 INFO DAGScheduler: Final stage: ResultStage 1 (showString at NativeMethodAccessorImpl.java:0)
[2025-07-26T05:11:27.823+0000] {spark_submit.py:521} INFO - 25/07/26 05:11:27 INFO DAGScheduler: Parents of final stage: List()
[2025-07-26T05:11:27.823+0000] {spark_submit.py:521} INFO - 25/07/26 05:11:27 INFO DAGScheduler: Missing parents: List()
[2025-07-26T05:11:27.824+0000] {spark_submit.py:521} INFO - 25/07/26 05:11:27 INFO DAGScheduler: Submitting ResultStage 1 (MapPartitionsRDD[5] at showString at NativeMethodAccessorImpl.java:0), which has no missing parents
[2025-07-26T05:11:27.847+0000] {spark_submit.py:521} INFO - 25/07/26 05:11:27 INFO MemoryStore: Block broadcast_2 stored as values in memory (estimated size 28.9 KiB, free 434.1 MiB)
[2025-07-26T05:11:27.855+0000] {spark_submit.py:521} INFO - 25/07/26 05:11:27 INFO MemoryStore: Block broadcast_2_piece0 stored as bytes in memory (estimated size 9.3 KiB, free 434.1 MiB)
[2025-07-26T05:11:27.856+0000] {spark_submit.py:521} INFO - 25/07/26 05:11:27 INFO BlockManagerInfo: Added broadcast_2_piece0 in memory on 3bc71adbf7e0:46371 (size: 9.3 KiB, free: 434.4 MiB)
[2025-07-26T05:11:27.857+0000] {spark_submit.py:521} INFO - 25/07/26 05:11:27 INFO SparkContext: Created broadcast 2 from broadcast at DAGScheduler.scala:1611
[2025-07-26T05:11:27.859+0000] {spark_submit.py:521} INFO - 25/07/26 05:11:27 INFO DAGScheduler: Submitting 1 missing tasks from ResultStage 1 (MapPartitionsRDD[5] at showString at NativeMethodAccessorImpl.java:0) (first 15 tasks are for partitions Vector(0))
[2025-07-26T05:11:27.859+0000] {spark_submit.py:521} INFO - 25/07/26 05:11:27 INFO TaskSchedulerImpl: Adding task set 1.0 with 1 tasks resource profile 0
[2025-07-26T05:11:27.864+0000] {spark_submit.py:521} INFO - 25/07/26 05:11:27 INFO TaskSetManager: Starting task 0.0 in stage 1.0 (TID 1) (172.18.0.6, executor 0, partition 0, PROCESS_LOCAL, 9627 bytes)
[2025-07-26T05:11:27.901+0000] {spark_submit.py:521} INFO - 25/07/26 05:11:27 INFO BlockManagerInfo: Added broadcast_2_piece0 in memory on 172.18.0.6:34375 (size: 9.3 KiB, free: 434.4 MiB)
[2025-07-26T05:11:28.506+0000] {spark_submit.py:521} INFO - 25/07/26 05:11:28 INFO BlockManagerInfo: Added broadcast_1_piece0 in memory on 172.18.0.6:34375 (size: 36.5 KiB, free: 434.4 MiB)
[2025-07-26T05:11:29.657+0000] {spark_submit.py:521} INFO - 25/07/26 05:11:29 INFO TaskSetManager: Finished task 0.0 in stage 1.0 (TID 1) in 1797 ms on 172.18.0.6 (executor 0) (1/1)
[2025-07-26T05:11:29.658+0000] {spark_submit.py:521} INFO - 25/07/26 05:11:29 INFO TaskSchedulerImpl: Removed TaskSet 1.0, whose tasks have all completed, from pool
[2025-07-26T05:11:29.659+0000] {spark_submit.py:521} INFO - 25/07/26 05:11:29 INFO DAGScheduler: ResultStage 1 (showString at NativeMethodAccessorImpl.java:0) finished in 1.832 s
[2025-07-26T05:11:29.660+0000] {spark_submit.py:521} INFO - 25/07/26 05:11:29 INFO DAGScheduler: Job 1 is finished. Cancelling potential speculative or zombie tasks for this job
[2025-07-26T05:11:29.661+0000] {spark_submit.py:521} INFO - 25/07/26 05:11:29 INFO TaskSchedulerImpl: Killing all running tasks in stage 1: Stage finished
[2025-07-26T05:11:29.661+0000] {spark_submit.py:521} INFO - 25/07/26 05:11:29 INFO DAGScheduler: Job 1 finished: showString at NativeMethodAccessorImpl.java:0, took 1.839428 s
[2025-07-26T05:11:30.340+0000] {spark_submit.py:521} INFO - 25/07/26 05:11:30 INFO CodeGenerator: Code generated in 22.217206 ms
[2025-07-26T05:11:30.354+0000] {spark_submit.py:521} INFO - +--------------------+--------------------+---------------+-------------------+--------------------+--------------------+-------------+----------------------+--------------------+--------------------+-----------------------+-----------------------+--------------------+
[2025-07-26T05:11:30.355+0000] {spark_submit.py:521} INFO - |               title|                 url| time_published|            authors|             summary|        banner_image|       source|category_within_source|       source_domain|              topics|overall_sentiment_score|overall_sentiment_label|    ticker_sentiment|
[2025-07-26T05:11:30.355+0000] {spark_submit.py:521} INFO - +--------------------+--------------------+---------------+-------------------+--------------------+--------------------+-------------+----------------------+--------------------+--------------------+-----------------------+-----------------------+--------------------+
[2025-07-26T05:11:30.356+0000] {spark_submit.py:521} INFO - |Robert J. Smith, ...|https://www.benzi...|20250718T235020|   [Globe Newswire]|WINTER GARDEN, Fl...|https://www.benzi...|     Benzinga|               General|    www.benzinga.com|[{Manufacturing, ...|               0.322438|       Somewhat-Bullish|[{KO, 0.030958, 0...|
[2025-07-26T05:11:30.356+0000] {spark_submit.py:521} INFO - |Autoliv Hit Sales...|https://www.fool....|20250718T234607|         [JesterAI]|Autoliv ( NYSE:AL...|https://cdn.conte...|  Motley Fool|                   n/a|        www.fool.com|[{Earnings, 0.682...|               0.305679|       Somewhat-Bullish|[{ALV, 0.204072, ...|
[2025-07-26T05:11:30.357+0000] {spark_submit.py:521} INFO - |If You Invested $...|https://www.benzi...|20250718T234514|[Benzinga Insights]|Amphenol APH has ...|https://www.benzi...|     Benzinga|               Trading|    www.benzinga.com|[{Financial Marke...|               0.164255|       Somewhat-Bullish|[{APH, 0.901338, ...|
[2025-07-26T05:11:30.358+0000] {spark_submit.py:521} INFO - |Sunrun Prices $43...|https://www.benzi...|20250718T234118|   [Globe Newswire]|SAN FRANCISCO, Ju...|https://www.benzi...|     Benzinga|                  News|    www.benzinga.com|[{Finance, 0.5}, ...|               0.340643|       Somewhat-Bullish|[{RUN, 0.428632, ...|
[2025-07-26T05:11:30.358+0000] {spark_submit.py:521} INFO - |Sunrun Prices $43...|https://www.globe...|20250718T234100|      [Sunrun Inc.]|SAN FRANCISCO, Ju...|https://ml.globen...|GlobeNewswire|                   n/a|www.globenewswire...|[{Finance, 0.5}, ...|               0.384519|                Bullish|[{RUN, 0.499102, ...|
[2025-07-26T05:11:30.359+0000] {spark_submit.py:521} INFO - +--------------------+--------------------+---------------+-------------------+--------------------+--------------------+-------------+----------------------+--------------------+--------------------+-----------------------+-----------------------+--------------------+
[2025-07-26T05:11:30.359+0000] {spark_submit.py:521} INFO - only showing top 5 rows
[2025-07-26T05:11:30.360+0000] {spark_submit.py:521} INFO - 
[2025-07-26T05:11:30.457+0000] {spark_submit.py:521} INFO - Topics DataFrame:
[2025-07-26T05:11:30.613+0000] {spark_submit.py:521} INFO - 25/07/26 05:11:30 INFO BlockManagerInfo: Removed broadcast_2_piece0 on 3bc71adbf7e0:46371 in memory (size: 9.3 KiB, free: 434.4 MiB)
[2025-07-26T05:11:30.616+0000] {spark_submit.py:521} INFO - 25/07/26 05:11:30 INFO BlockManagerInfo: Removed broadcast_2_piece0 on 172.18.0.6:34375 in memory (size: 9.3 KiB, free: 434.4 MiB)
[2025-07-26T05:11:30.622+0000] {spark_submit.py:521} INFO - 25/07/26 05:11:30 INFO FileSourceStrategy: Pushed Filters:
[2025-07-26T05:11:30.623+0000] {spark_submit.py:521} INFO - 25/07/26 05:11:30 INFO FileSourceStrategy: Post-Scan Filters: (size(topics#9.topic, true) > 0),isnotnull(topics#9.topic)
[2025-07-26T05:11:30.796+0000] {spark_submit.py:521} INFO - 25/07/26 05:11:30 INFO CodeGenerator: Code generated in 59.283983 ms
[2025-07-26T05:11:30.801+0000] {spark_submit.py:521} INFO - 25/07/26 05:11:30 INFO MemoryStore: Block broadcast_3 stored as values in memory (estimated size 210.9 KiB, free 433.9 MiB)
[2025-07-26T05:11:30.820+0000] {spark_submit.py:521} INFO - 25/07/26 05:11:30 INFO MemoryStore: Block broadcast_3_piece0 stored as bytes in memory (estimated size 35.8 KiB, free 433.9 MiB)
[2025-07-26T05:11:30.821+0000] {spark_submit.py:521} INFO - 25/07/26 05:11:30 INFO BlockManagerInfo: Added broadcast_3_piece0 in memory on 3bc71adbf7e0:46371 (size: 35.8 KiB, free: 434.3 MiB)
[2025-07-26T05:11:30.823+0000] {spark_submit.py:521} INFO - 25/07/26 05:11:30 INFO SparkContext: Created broadcast 3 from showString at NativeMethodAccessorImpl.java:0
[2025-07-26T05:11:30.825+0000] {spark_submit.py:521} INFO - 25/07/26 05:11:30 INFO FileSourceScanExec: Planning scan with bin packing, max size: 4194304 bytes, open cost is considered as scanning 4194304 bytes.
[2025-07-26T05:11:30.882+0000] {spark_submit.py:521} INFO - 25/07/26 05:11:30 INFO DAGScheduler: Registering RDD 9 (showString at NativeMethodAccessorImpl.java:0) as input to shuffle 0
[2025-07-26T05:11:30.885+0000] {spark_submit.py:521} INFO - 25/07/26 05:11:30 INFO DAGScheduler: Got map stage job 2 (showString at NativeMethodAccessorImpl.java:0) with 1 output partitions
[2025-07-26T05:11:30.885+0000] {spark_submit.py:521} INFO - 25/07/26 05:11:30 INFO DAGScheduler: Final stage: ShuffleMapStage 2 (showString at NativeMethodAccessorImpl.java:0)
[2025-07-26T05:11:30.886+0000] {spark_submit.py:521} INFO - 25/07/26 05:11:30 INFO DAGScheduler: Parents of final stage: List()
[2025-07-26T05:11:30.887+0000] {spark_submit.py:521} INFO - 25/07/26 05:11:30 INFO DAGScheduler: Missing parents: List()
[2025-07-26T05:11:30.888+0000] {spark_submit.py:521} INFO - 25/07/26 05:11:30 INFO DAGScheduler: Submitting ShuffleMapStage 2 (MapPartitionsRDD[9] at showString at NativeMethodAccessorImpl.java:0), which has no missing parents
[2025-07-26T05:11:30.902+0000] {spark_submit.py:521} INFO - 25/07/26 05:11:30 INFO MemoryStore: Block broadcast_4 stored as values in memory (estimated size 45.1 KiB, free 433.9 MiB)
[2025-07-26T05:11:30.907+0000] {spark_submit.py:521} INFO - 25/07/26 05:11:30 INFO MemoryStore: Block broadcast_4_piece0 stored as bytes in memory (estimated size 19.3 KiB, free 433.9 MiB)
[2025-07-26T05:11:30.908+0000] {spark_submit.py:521} INFO - 25/07/26 05:11:30 INFO BlockManagerInfo: Added broadcast_4_piece0 in memory on 3bc71adbf7e0:46371 (size: 19.3 KiB, free: 434.3 MiB)
[2025-07-26T05:11:30.909+0000] {spark_submit.py:521} INFO - 25/07/26 05:11:30 INFO SparkContext: Created broadcast 4 from broadcast at DAGScheduler.scala:1611
[2025-07-26T05:11:30.912+0000] {spark_submit.py:521} INFO - 25/07/26 05:11:30 INFO DAGScheduler: Submitting 1 missing tasks from ShuffleMapStage 2 (MapPartitionsRDD[9] at showString at NativeMethodAccessorImpl.java:0) (first 15 tasks are for partitions Vector(0))
[2025-07-26T05:11:30.912+0000] {spark_submit.py:521} INFO - 25/07/26 05:11:30 INFO TaskSchedulerImpl: Adding task set 2.0 with 1 tasks resource profile 0
[2025-07-26T05:11:30.915+0000] {spark_submit.py:521} INFO - 25/07/26 05:11:30 INFO TaskSetManager: Starting task 0.0 in stage 2.0 (TID 2) (172.18.0.6, executor 0, partition 0, PROCESS_LOCAL, 9616 bytes)
[2025-07-26T05:11:30.937+0000] {spark_submit.py:521} INFO - 25/07/26 05:11:30 INFO BlockManagerInfo: Added broadcast_4_piece0 in memory on 172.18.0.6:34375 (size: 19.3 KiB, free: 434.3 MiB)
[2025-07-26T05:11:30.955+0000] {spark_submit.py:521} INFO - 25/07/26 05:11:30 INFO BlockManagerInfo: Removed broadcast_1_piece0 on 3bc71adbf7e0:46371 in memory (size: 36.5 KiB, free: 434.3 MiB)
[2025-07-26T05:11:30.958+0000] {spark_submit.py:521} INFO - 25/07/26 05:11:30 INFO BlockManagerInfo: Removed broadcast_1_piece0 on 172.18.0.6:34375 in memory (size: 36.5 KiB, free: 434.4 MiB)
[2025-07-26T05:11:31.288+0000] {spark_submit.py:521} INFO - 25/07/26 05:11:31 INFO BlockManagerInfo: Added broadcast_3_piece0 in memory on 172.18.0.6:34375 (size: 35.8 KiB, free: 434.3 MiB)
[2025-07-26T05:11:31.895+0000] {spark_submit.py:521} INFO - 25/07/26 05:11:31 INFO TaskSetManager: Finished task 0.0 in stage 2.0 (TID 2) in 981 ms on 172.18.0.6 (executor 0) (1/1)
[2025-07-26T05:11:31.895+0000] {spark_submit.py:521} INFO - 25/07/26 05:11:31 INFO TaskSchedulerImpl: Removed TaskSet 2.0, whose tasks have all completed, from pool
[2025-07-26T05:11:31.897+0000] {spark_submit.py:521} INFO - 25/07/26 05:11:31 INFO DAGScheduler: ShuffleMapStage 2 (showString at NativeMethodAccessorImpl.java:0) finished in 1.006 s
[2025-07-26T05:11:31.897+0000] {spark_submit.py:521} INFO - 25/07/26 05:11:31 INFO DAGScheduler: looking for newly runnable stages
[2025-07-26T05:11:31.897+0000] {spark_submit.py:521} INFO - 25/07/26 05:11:31 INFO DAGScheduler: running: Set()
[2025-07-26T05:11:31.898+0000] {spark_submit.py:521} INFO - 25/07/26 05:11:31 INFO DAGScheduler: waiting: Set()
[2025-07-26T05:11:31.899+0000] {spark_submit.py:521} INFO - 25/07/26 05:11:31 INFO DAGScheduler: failed: Set()
[2025-07-26T05:11:31.917+0000] {spark_submit.py:521} INFO - 25/07/26 05:11:31 INFO ShufflePartitionsUtil: For shuffle(0), advisory target size: 67108864, actual target size 1048576, minimum partition size: 1048576
[2025-07-26T05:11:31.956+0000] {spark_submit.py:521} INFO - 25/07/26 05:11:31 INFO CodeGenerator: Code generated in 22.550121 ms
[2025-07-26T05:11:31.990+0000] {spark_submit.py:521} INFO - 25/07/26 05:11:31 INFO SparkContext: Starting job: showString at NativeMethodAccessorImpl.java:0
[2025-07-26T05:11:31.992+0000] {spark_submit.py:521} INFO - 25/07/26 05:11:31 INFO DAGScheduler: Got job 3 (showString at NativeMethodAccessorImpl.java:0) with 1 output partitions
[2025-07-26T05:11:31.993+0000] {spark_submit.py:521} INFO - 25/07/26 05:11:31 INFO DAGScheduler: Final stage: ResultStage 4 (showString at NativeMethodAccessorImpl.java:0)
[2025-07-26T05:11:31.993+0000] {spark_submit.py:521} INFO - 25/07/26 05:11:31 INFO DAGScheduler: Parents of final stage: List(ShuffleMapStage 3)
[2025-07-26T05:11:31.994+0000] {spark_submit.py:521} INFO - 25/07/26 05:11:31 INFO DAGScheduler: Missing parents: List()
[2025-07-26T05:11:31.994+0000] {spark_submit.py:521} INFO - 25/07/26 05:11:31 INFO DAGScheduler: Submitting ResultStage 4 (MapPartitionsRDD[12] at showString at NativeMethodAccessorImpl.java:0), which has no missing parents
[2025-07-26T05:11:32.008+0000] {spark_submit.py:521} INFO - 25/07/26 05:11:32 INFO MemoryStore: Block broadcast_5 stored as values in memory (estimated size 45.4 KiB, free 434.1 MiB)
[2025-07-26T05:11:32.016+0000] {spark_submit.py:521} INFO - 25/07/26 05:11:32 INFO MemoryStore: Block broadcast_5_piece0 stored as bytes in memory (estimated size 20.3 KiB, free 434.0 MiB)
[2025-07-26T05:11:32.017+0000] {spark_submit.py:521} INFO - 25/07/26 05:11:32 INFO BlockManagerInfo: Added broadcast_5_piece0 in memory on 3bc71adbf7e0:46371 (size: 20.3 KiB, free: 434.3 MiB)
[2025-07-26T05:11:32.017+0000] {spark_submit.py:521} INFO - 25/07/26 05:11:32 INFO SparkContext: Created broadcast 5 from broadcast at DAGScheduler.scala:1611
[2025-07-26T05:11:32.022+0000] {spark_submit.py:521} INFO - 25/07/26 05:11:32 INFO DAGScheduler: Submitting 1 missing tasks from ResultStage 4 (MapPartitionsRDD[12] at showString at NativeMethodAccessorImpl.java:0) (first 15 tasks are for partitions Vector(0))
[2025-07-26T05:11:32.022+0000] {spark_submit.py:521} INFO - 25/07/26 05:11:32 INFO TaskSchedulerImpl: Adding task set 4.0 with 1 tasks resource profile 0
[2025-07-26T05:11:32.023+0000] {spark_submit.py:521} INFO - 25/07/26 05:11:32 INFO BlockManagerInfo: Removed broadcast_4_piece0 on 172.18.0.6:34375 in memory (size: 19.3 KiB, free: 434.4 MiB)
[2025-07-26T05:11:32.031+0000] {spark_submit.py:521} INFO - 25/07/26 05:11:32 INFO BlockManagerInfo: Removed broadcast_4_piece0 on 3bc71adbf7e0:46371 in memory (size: 19.3 KiB, free: 434.3 MiB)
[2025-07-26T05:11:32.033+0000] {spark_submit.py:521} INFO - 25/07/26 05:11:32 INFO TaskSetManager: Starting task 0.0 in stage 4.0 (TID 3) (172.18.0.6, executor 0, partition 0, NODE_LOCAL, 9003 bytes)
[2025-07-26T05:11:32.056+0000] {spark_submit.py:521} INFO - 25/07/26 05:11:32 INFO BlockManagerInfo: Added broadcast_5_piece0 in memory on 172.18.0.6:34375 (size: 20.3 KiB, free: 434.3 MiB)
[2025-07-26T05:11:32.102+0000] {spark_submit.py:521} INFO - 25/07/26 05:11:32 INFO MapOutputTrackerMasterEndpoint: Asked to send map output locations for shuffle 0 to 172.18.0.6:34048
[2025-07-26T05:11:32.262+0000] {spark_submit.py:521} INFO - 25/07/26 05:11:32 INFO TaskSetManager: Finished task 0.0 in stage 4.0 (TID 3) in 231 ms on 172.18.0.6 (executor 0) (1/1)
[2025-07-26T05:11:32.262+0000] {spark_submit.py:521} INFO - 25/07/26 05:11:32 INFO TaskSchedulerImpl: Removed TaskSet 4.0, whose tasks have all completed, from pool
[2025-07-26T05:11:32.263+0000] {spark_submit.py:521} INFO - 25/07/26 05:11:32 INFO DAGScheduler: ResultStage 4 (showString at NativeMethodAccessorImpl.java:0) finished in 0.260 s
[2025-07-26T05:11:32.263+0000] {spark_submit.py:521} INFO - 25/07/26 05:11:32 INFO DAGScheduler: Job 3 is finished. Cancelling potential speculative or zombie tasks for this job
[2025-07-26T05:11:32.264+0000] {spark_submit.py:521} INFO - 25/07/26 05:11:32 INFO TaskSchedulerImpl: Killing all running tasks in stage 4: Stage finished
[2025-07-26T05:11:32.264+0000] {spark_submit.py:521} INFO - 25/07/26 05:11:32 INFO DAGScheduler: Job 3 finished: showString at NativeMethodAccessorImpl.java:0, took 0.273784 s
[2025-07-26T05:11:32.274+0000] {spark_submit.py:521} INFO - 25/07/26 05:11:32 INFO CodeGenerator: Code generated in 6.463993 ms
[2025-07-26T05:11:32.276+0000] {spark_submit.py:521} INFO - +--------------------+
[2025-07-26T05:11:32.276+0000] {spark_submit.py:521} INFO - |                name|
[2025-07-26T05:11:32.277+0000] {spark_submit.py:521} INFO - +--------------------+
[2025-07-26T05:11:32.277+0000] {spark_submit.py:521} INFO - |                 IPO|
[2025-07-26T05:11:32.277+0000] {spark_submit.py:521} INFO - |    Economy - Fiscal|
[2025-07-26T05:11:32.278+0000] {spark_submit.py:521} INFO - |     Economy - Macro|
[2025-07-26T05:11:32.278+0000] {spark_submit.py:521} INFO - |             Finance|
[2025-07-26T05:11:32.279+0000] {spark_submit.py:521} INFO - |            Earnings|
[2025-07-26T05:11:32.279+0000] {spark_submit.py:521} INFO - |Real Estate & Con...|
[2025-07-26T05:11:32.279+0000] {spark_submit.py:521} INFO - |  Retail & Wholesale|
[2025-07-26T05:11:32.280+0000] {spark_submit.py:521} INFO - |Energy & Transpor...|
[2025-07-26T05:11:32.280+0000] {spark_submit.py:521} INFO - |          Technology|
[2025-07-26T05:11:32.281+0000] {spark_submit.py:521} INFO - |   Financial Markets|
[2025-07-26T05:11:32.281+0000] {spark_submit.py:521} INFO - |  Economy - Monetary|
[2025-07-26T05:11:32.282+0000] {spark_submit.py:521} INFO - |Mergers & Acquisi...|
[2025-07-26T05:11:32.282+0000] {spark_submit.py:521} INFO - |       Manufacturing|
[2025-07-26T05:11:32.283+0000] {spark_submit.py:521} INFO - |       Life Sciences|
[2025-07-26T05:11:32.283+0000] {spark_submit.py:521} INFO - |          Blockchain|
[2025-07-26T05:11:32.284+0000] {spark_submit.py:521} INFO - +--------------------+
[2025-07-26T05:11:32.284+0000] {spark_submit.py:521} INFO - 
[2025-07-26T05:11:32.771+0000] {spark_submit.py:521} INFO - 25/07/26 05:11:32 INFO FileSourceStrategy: Pushed Filters:
[2025-07-26T05:11:32.771+0000] {spark_submit.py:521} INFO - 25/07/26 05:11:32 INFO FileSourceStrategy: Post-Scan Filters: (size(topics#9.topic, true) > 0),isnotnull(topics#9.topic)
[2025-07-26T05:11:32.798+0000] {spark_submit.py:521} INFO - 25/07/26 05:11:32 INFO MemoryStore: Block broadcast_6 stored as values in memory (estimated size 210.9 KiB, free 433.9 MiB)
[2025-07-26T05:11:32.807+0000] {spark_submit.py:521} INFO - 25/07/26 05:11:32 INFO BlockManagerInfo: Removed broadcast_5_piece0 on 3bc71adbf7e0:46371 in memory (size: 20.3 KiB, free: 434.4 MiB)
[2025-07-26T05:11:32.810+0000] {spark_submit.py:521} INFO - 25/07/26 05:11:32 INFO BlockManagerInfo: Removed broadcast_5_piece0 on 172.18.0.6:34375 in memory (size: 20.3 KiB, free: 434.4 MiB)
[2025-07-26T05:11:32.811+0000] {spark_submit.py:521} INFO - 25/07/26 05:11:32 INFO MemoryStore: Block broadcast_6_piece0 stored as bytes in memory (estimated size 35.8 KiB, free 433.9 MiB)
[2025-07-26T05:11:32.812+0000] {spark_submit.py:521} INFO - 25/07/26 05:11:32 INFO BlockManagerInfo: Added broadcast_6_piece0 in memory on 3bc71adbf7e0:46371 (size: 35.8 KiB, free: 434.3 MiB)
[2025-07-26T05:11:32.813+0000] {spark_submit.py:521} INFO - 25/07/26 05:11:32 INFO SparkContext: Created broadcast 6 from toPandas at /opt/airflow/scripts/elt_to_dwh/transform/process_news.py:63
[2025-07-26T05:11:32.815+0000] {spark_submit.py:521} INFO - 25/07/26 05:11:32 INFO FileSourceScanExec: Planning scan with bin packing, max size: 4194304 bytes, open cost is considered as scanning 4194304 bytes.
[2025-07-26T05:11:32.822+0000] {spark_submit.py:521} INFO - 25/07/26 05:11:32 INFO DAGScheduler: Registering RDD 16 (toPandas at /opt/airflow/scripts/elt_to_dwh/transform/process_news.py:63) as input to shuffle 1
[2025-07-26T05:11:32.823+0000] {spark_submit.py:521} INFO - 25/07/26 05:11:32 INFO DAGScheduler: Got map stage job 4 (toPandas at /opt/airflow/scripts/elt_to_dwh/transform/process_news.py:63) with 1 output partitions
[2025-07-26T05:11:32.824+0000] {spark_submit.py:521} INFO - 25/07/26 05:11:32 INFO DAGScheduler: Final stage: ShuffleMapStage 5 (toPandas at /opt/airflow/scripts/elt_to_dwh/transform/process_news.py:63)
[2025-07-26T05:11:32.825+0000] {spark_submit.py:521} INFO - 25/07/26 05:11:32 INFO DAGScheduler: Parents of final stage: List()
[2025-07-26T05:11:32.825+0000] {spark_submit.py:521} INFO - 25/07/26 05:11:32 INFO DAGScheduler: Missing parents: List()
[2025-07-26T05:11:32.826+0000] {spark_submit.py:521} INFO - 25/07/26 05:11:32 INFO DAGScheduler: Submitting ShuffleMapStage 5 (MapPartitionsRDD[16] at toPandas at /opt/airflow/scripts/elt_to_dwh/transform/process_news.py:63), which has no missing parents
[2025-07-26T05:11:32.828+0000] {spark_submit.py:521} INFO - 25/07/26 05:11:32 INFO MemoryStore: Block broadcast_7 stored as values in memory (estimated size 45.1 KiB, free 433.9 MiB)
[2025-07-26T05:11:32.830+0000] {spark_submit.py:521} INFO - 25/07/26 05:11:32 INFO MemoryStore: Block broadcast_7_piece0 stored as bytes in memory (estimated size 19.3 KiB, free 433.9 MiB)
[2025-07-26T05:11:32.831+0000] {spark_submit.py:521} INFO - 25/07/26 05:11:32 INFO BlockManagerInfo: Added broadcast_7_piece0 in memory on 3bc71adbf7e0:46371 (size: 19.3 KiB, free: 434.3 MiB)
[2025-07-26T05:11:32.832+0000] {spark_submit.py:521} INFO - 25/07/26 05:11:32 INFO SparkContext: Created broadcast 7 from broadcast at DAGScheduler.scala:1611
[2025-07-26T05:11:32.833+0000] {spark_submit.py:521} INFO - 25/07/26 05:11:32 INFO DAGScheduler: Submitting 1 missing tasks from ShuffleMapStage 5 (MapPartitionsRDD[16] at toPandas at /opt/airflow/scripts/elt_to_dwh/transform/process_news.py:63) (first 15 tasks are for partitions Vector(0))
[2025-07-26T05:11:32.834+0000] {spark_submit.py:521} INFO - 25/07/26 05:11:32 INFO TaskSchedulerImpl: Adding task set 5.0 with 1 tasks resource profile 0
[2025-07-26T05:11:32.835+0000] {spark_submit.py:521} INFO - 25/07/26 05:11:32 INFO TaskSetManager: Starting task 0.0 in stage 5.0 (TID 4) (172.18.0.6, executor 0, partition 0, PROCESS_LOCAL, 9616 bytes)
[2025-07-26T05:11:32.857+0000] {spark_submit.py:521} INFO - 25/07/26 05:11:32 INFO BlockManagerInfo: Added broadcast_7_piece0 in memory on 172.18.0.6:34375 (size: 19.3 KiB, free: 434.3 MiB)
[2025-07-26T05:11:32.888+0000] {spark_submit.py:521} INFO - 25/07/26 05:11:32 INFO BlockManagerInfo: Added broadcast_6_piece0 in memory on 172.18.0.6:34375 (size: 35.8 KiB, free: 434.3 MiB)
[2025-07-26T05:11:33.474+0000] {spark_submit.py:521} INFO - 25/07/26 05:11:33 INFO TaskSetManager: Finished task 0.0 in stage 5.0 (TID 4) in 640 ms on 172.18.0.6 (executor 0) (1/1)
[2025-07-26T05:11:33.475+0000] {spark_submit.py:521} INFO - 25/07/26 05:11:33 INFO TaskSchedulerImpl: Removed TaskSet 5.0, whose tasks have all completed, from pool
[2025-07-26T05:11:33.475+0000] {spark_submit.py:521} INFO - 25/07/26 05:11:33 INFO DAGScheduler: ShuffleMapStage 5 (toPandas at /opt/airflow/scripts/elt_to_dwh/transform/process_news.py:63) finished in 0.649 s
[2025-07-26T05:11:33.476+0000] {spark_submit.py:521} INFO - 25/07/26 05:11:33 INFO DAGScheduler: looking for newly runnable stages
[2025-07-26T05:11:33.476+0000] {spark_submit.py:521} INFO - 25/07/26 05:11:33 INFO DAGScheduler: running: Set()
[2025-07-26T05:11:33.477+0000] {spark_submit.py:521} INFO - 25/07/26 05:11:33 INFO DAGScheduler: waiting: Set()
[2025-07-26T05:11:33.477+0000] {spark_submit.py:521} INFO - 25/07/26 05:11:33 INFO DAGScheduler: failed: Set()
[2025-07-26T05:11:33.479+0000] {spark_submit.py:521} INFO - 25/07/26 05:11:33 INFO ShufflePartitionsUtil: For shuffle(1), advisory target size: 67108864, actual target size 1048576, minimum partition size: 1048576
[2025-07-26T05:11:33.505+0000] {spark_submit.py:521} INFO - 25/07/26 05:11:33 INFO CodeGenerator: Code generated in 19.112965 ms
[2025-07-26T05:11:33.515+0000] {spark_submit.py:521} INFO - 25/07/26 05:11:33 INFO SparkContext: Starting job: toPandas at /opt/airflow/scripts/elt_to_dwh/transform/process_news.py:63
[2025-07-26T05:11:33.516+0000] {spark_submit.py:521} INFO - 25/07/26 05:11:33 INFO DAGScheduler: Got job 5 (toPandas at /opt/airflow/scripts/elt_to_dwh/transform/process_news.py:63) with 1 output partitions
[2025-07-26T05:11:33.516+0000] {spark_submit.py:521} INFO - 25/07/26 05:11:33 INFO DAGScheduler: Final stage: ResultStage 7 (toPandas at /opt/airflow/scripts/elt_to_dwh/transform/process_news.py:63)
[2025-07-26T05:11:33.517+0000] {spark_submit.py:521} INFO - 25/07/26 05:11:33 INFO DAGScheduler: Parents of final stage: List(ShuffleMapStage 6)
[2025-07-26T05:11:33.518+0000] {spark_submit.py:521} INFO - 25/07/26 05:11:33 INFO DAGScheduler: Missing parents: List()
[2025-07-26T05:11:33.518+0000] {spark_submit.py:521} INFO - 25/07/26 05:11:33 INFO DAGScheduler: Submitting ResultStage 7 (MapPartitionsRDD[19] at toPandas at /opt/airflow/scripts/elt_to_dwh/transform/process_news.py:63), which has no missing parents
[2025-07-26T05:11:33.523+0000] {spark_submit.py:521} INFO - 25/07/26 05:11:33 INFO MemoryStore: Block broadcast_8 stored as values in memory (estimated size 44.9 KiB, free 433.8 MiB)
[2025-07-26T05:11:33.529+0000] {spark_submit.py:521} INFO - 25/07/26 05:11:33 INFO MemoryStore: Block broadcast_8_piece0 stored as bytes in memory (estimated size 20.1 KiB, free 433.8 MiB)
[2025-07-26T05:11:33.530+0000] {spark_submit.py:521} INFO - 25/07/26 05:11:33 INFO BlockManagerInfo: Removed broadcast_7_piece0 on 3bc71adbf7e0:46371 in memory (size: 19.3 KiB, free: 434.3 MiB)
[2025-07-26T05:11:33.531+0000] {spark_submit.py:521} INFO - 25/07/26 05:11:33 INFO BlockManagerInfo: Added broadcast_8_piece0 in memory on 3bc71adbf7e0:46371 (size: 20.1 KiB, free: 434.3 MiB)
[2025-07-26T05:11:33.534+0000] {spark_submit.py:521} INFO - 25/07/26 05:11:33 INFO SparkContext: Created broadcast 8 from broadcast at DAGScheduler.scala:1611
[2025-07-26T05:11:33.535+0000] {spark_submit.py:521} INFO - 25/07/26 05:11:33 INFO BlockManagerInfo: Removed broadcast_7_piece0 on 172.18.0.6:34375 in memory (size: 19.3 KiB, free: 434.3 MiB)
[2025-07-26T05:11:33.536+0000] {spark_submit.py:521} INFO - 25/07/26 05:11:33 INFO DAGScheduler: Submitting 1 missing tasks from ResultStage 7 (MapPartitionsRDD[19] at toPandas at /opt/airflow/scripts/elt_to_dwh/transform/process_news.py:63) (first 15 tasks are for partitions Vector(0))
[2025-07-26T05:11:33.536+0000] {spark_submit.py:521} INFO - 25/07/26 05:11:33 INFO TaskSchedulerImpl: Adding task set 7.0 with 1 tasks resource profile 0
[2025-07-26T05:11:33.537+0000] {spark_submit.py:521} INFO - 25/07/26 05:11:33 INFO TaskSetManager: Starting task 0.0 in stage 7.0 (TID 5) (172.18.0.6, executor 0, partition 0, NODE_LOCAL, 9003 bytes)
[2025-07-26T05:11:33.558+0000] {spark_submit.py:521} INFO - 25/07/26 05:11:33 INFO BlockManagerInfo: Added broadcast_8_piece0 in memory on 172.18.0.6:34375 (size: 20.1 KiB, free: 434.3 MiB)
[2025-07-26T05:11:33.581+0000] {spark_submit.py:521} INFO - 25/07/26 05:11:33 INFO MapOutputTrackerMasterEndpoint: Asked to send map output locations for shuffle 1 to 172.18.0.6:34048
[2025-07-26T05:11:33.693+0000] {spark_submit.py:521} INFO - 25/07/26 05:11:33 INFO TaskSetManager: Finished task 0.0 in stage 7.0 (TID 5) in 158 ms on 172.18.0.6 (executor 0) (1/1)
[2025-07-26T05:11:33.694+0000] {spark_submit.py:521} INFO - 25/07/26 05:11:33 INFO TaskSchedulerImpl: Removed TaskSet 7.0, whose tasks have all completed, from pool
[2025-07-26T05:11:33.695+0000] {spark_submit.py:521} INFO - 25/07/26 05:11:33 INFO DAGScheduler: ResultStage 7 (toPandas at /opt/airflow/scripts/elt_to_dwh/transform/process_news.py:63) finished in 0.174 s
[2025-07-26T05:11:33.695+0000] {spark_submit.py:521} INFO - 25/07/26 05:11:33 INFO DAGScheduler: Job 5 is finished. Cancelling potential speculative or zombie tasks for this job
[2025-07-26T05:11:33.696+0000] {spark_submit.py:521} INFO - 25/07/26 05:11:33 INFO TaskSchedulerImpl: Killing all running tasks in stage 7: Stage finished
[2025-07-26T05:11:33.697+0000] {spark_submit.py:521} INFO - 25/07/26 05:11:33 INFO DAGScheduler: Job 5 finished: toPandas at /opt/airflow/scripts/elt_to_dwh/transform/process_news.py:63, took 0.180754 s
[2025-07-26T05:11:33.749+0000] {spark_submit.py:521} INFO - Data inserted into dim_topics successfully.
[2025-07-26T05:11:33.752+0000] {spark_submit.py:521} INFO - Data inserted into dim_time successfully.
[2025-07-26T05:11:33.755+0000] {spark_submit.py:521} INFO - Time ID DataFrame:
[2025-07-26T05:11:33.759+0000] {spark_submit.py:521} INFO - id
[2025-07-26T05:11:33.760+0000] {spark_submit.py:521} INFO - 0   7
[2025-07-26T05:11:33.838+0000] {spark_submit.py:521} INFO - Dim_news DataFrame:
[2025-07-26T05:11:33.918+0000] {spark_submit.py:521} INFO - 25/07/26 05:11:33 INFO FileSourceStrategy: Pushed Filters:
[2025-07-26T05:11:33.920+0000] {spark_submit.py:521} INFO - 25/07/26 05:11:33 INFO FileSourceStrategy: Post-Scan Filters:
[2025-07-26T05:11:34.000+0000] {spark_submit.py:521} INFO - 25/07/26 05:11:34 INFO CodeGenerator: Code generated in 38.866059 ms
[2025-07-26T05:11:34.009+0000] {spark_submit.py:521} INFO - 25/07/26 05:11:34 INFO MemoryStore: Block broadcast_9 stored as values in memory (estimated size 213.5 KiB, free 433.6 MiB)
[2025-07-26T05:11:34.028+0000] {spark_submit.py:521} INFO - 25/07/26 05:11:34 INFO MemoryStore: Block broadcast_9_piece0 stored as bytes in memory (estimated size 36.5 KiB, free 433.7 MiB)
[2025-07-26T05:11:34.031+0000] {spark_submit.py:521} INFO - 25/07/26 05:11:34 INFO BlockManagerInfo: Removed broadcast_8_piece0 on 3bc71adbf7e0:46371 in memory (size: 20.1 KiB, free: 434.3 MiB)
[2025-07-26T05:11:34.032+0000] {spark_submit.py:521} INFO - 25/07/26 05:11:34 INFO BlockManagerInfo: Added broadcast_9_piece0 in memory on 3bc71adbf7e0:46371 (size: 36.5 KiB, free: 434.3 MiB)
[2025-07-26T05:11:34.032+0000] {spark_submit.py:521} INFO - 25/07/26 05:11:34 INFO SparkContext: Created broadcast 9 from showString at NativeMethodAccessorImpl.java:0
[2025-07-26T05:11:34.037+0000] {spark_submit.py:521} INFO - 25/07/26 05:11:34 INFO BlockManagerInfo: Removed broadcast_8_piece0 on 172.18.0.6:34375 in memory (size: 20.1 KiB, free: 434.3 MiB)
[2025-07-26T05:11:34.038+0000] {spark_submit.py:521} INFO - 25/07/26 05:11:34 INFO FileSourceScanExec: Planning scan with bin packing, max size: 4194304 bytes, open cost is considered as scanning 4194304 bytes.
[2025-07-26T05:11:34.052+0000] {spark_submit.py:521} INFO - 25/07/26 05:11:34 INFO SparkContext: Starting job: showString at NativeMethodAccessorImpl.java:0
[2025-07-26T05:11:34.053+0000] {spark_submit.py:521} INFO - 25/07/26 05:11:34 INFO DAGScheduler: Got job 6 (showString at NativeMethodAccessorImpl.java:0) with 1 output partitions
[2025-07-26T05:11:34.066+0000] {spark_submit.py:521} INFO - 25/07/26 05:11:34 INFO DAGScheduler: Final stage: ResultStage 8 (showString at NativeMethodAccessorImpl.java:0)
[2025-07-26T05:11:34.068+0000] {spark_submit.py:521} INFO - 25/07/26 05:11:34 INFO DAGScheduler: Parents of final stage: List()
[2025-07-26T05:11:34.071+0000] {spark_submit.py:521} INFO - 25/07/26 05:11:34 INFO DAGScheduler: Missing parents: List()
[2025-07-26T05:11:34.072+0000] {spark_submit.py:521} INFO - 25/07/26 05:11:34 INFO DAGScheduler: Submitting ResultStage 8 (MapPartitionsRDD[23] at showString at NativeMethodAccessorImpl.java:0), which has no missing parents
[2025-07-26T05:11:34.072+0000] {spark_submit.py:521} INFO - 25/07/26 05:11:34 INFO MemoryStore: Block broadcast_10 stored as values in memory (estimated size 29.2 KiB, free 433.6 MiB)
[2025-07-26T05:11:34.073+0000] {spark_submit.py:521} INFO - 25/07/26 05:11:34 INFO MemoryStore: Block broadcast_10_piece0 stored as bytes in memory (estimated size 9.4 KiB, free 433.6 MiB)
[2025-07-26T05:11:34.073+0000] {spark_submit.py:521} INFO - 25/07/26 05:11:34 INFO BlockManagerInfo: Added broadcast_10_piece0 in memory on 3bc71adbf7e0:46371 (size: 9.4 KiB, free: 434.3 MiB)
[2025-07-26T05:11:34.074+0000] {spark_submit.py:521} INFO - 25/07/26 05:11:34 INFO SparkContext: Created broadcast 10 from broadcast at DAGScheduler.scala:1611
[2025-07-26T05:11:34.075+0000] {spark_submit.py:521} INFO - 25/07/26 05:11:34 INFO DAGScheduler: Submitting 1 missing tasks from ResultStage 8 (MapPartitionsRDD[23] at showString at NativeMethodAccessorImpl.java:0) (first 15 tasks are for partitions Vector(0))
[2025-07-26T05:11:34.076+0000] {spark_submit.py:521} INFO - 25/07/26 05:11:34 INFO TaskSchedulerImpl: Adding task set 8.0 with 1 tasks resource profile 0
[2025-07-26T05:11:34.079+0000] {spark_submit.py:521} INFO - 25/07/26 05:11:34 INFO TaskSetManager: Starting task 0.0 in stage 8.0 (TID 6) (172.18.0.6, executor 0, partition 0, PROCESS_LOCAL, 9627 bytes)
[2025-07-26T05:11:34.118+0000] {spark_submit.py:521} INFO - 25/07/26 05:11:34 INFO BlockManagerInfo: Added broadcast_10_piece0 in memory on 172.18.0.6:34375 (size: 9.4 KiB, free: 434.3 MiB)
[2025-07-26T05:11:34.210+0000] {spark_submit.py:521} INFO - 25/07/26 05:11:34 INFO BlockManagerInfo: Added broadcast_9_piece0 in memory on 172.18.0.6:34375 (size: 36.5 KiB, free: 434.3 MiB)
[2025-07-26T05:11:34.956+0000] {spark_submit.py:521} INFO - 25/07/26 05:11:34 INFO TaskSetManager: Finished task 0.0 in stage 8.0 (TID 6) in 877 ms on 172.18.0.6 (executor 0) (1/1)
[2025-07-26T05:11:34.957+0000] {spark_submit.py:521} INFO - 25/07/26 05:11:34 INFO TaskSchedulerImpl: Removed TaskSet 8.0, whose tasks have all completed, from pool
[2025-07-26T05:11:34.957+0000] {spark_submit.py:521} INFO - 25/07/26 05:11:34 INFO DAGScheduler: ResultStage 8 (showString at NativeMethodAccessorImpl.java:0) finished in 0.900 s
[2025-07-26T05:11:34.957+0000] {spark_submit.py:521} INFO - 25/07/26 05:11:34 INFO DAGScheduler: Job 6 is finished. Cancelling potential speculative or zombie tasks for this job
[2025-07-26T05:11:34.958+0000] {spark_submit.py:521} INFO - 25/07/26 05:11:34 INFO TaskSchedulerImpl: Killing all running tasks in stage 8: Stage finished
[2025-07-26T05:11:34.958+0000] {spark_submit.py:521} INFO - 25/07/26 05:11:34 INFO DAGScheduler: Job 6 finished: showString at NativeMethodAccessorImpl.java:0, took 0.905700 s
[2025-07-26T05:11:34.973+0000] {spark_submit.py:521} INFO - 25/07/26 05:11:34 INFO CodeGenerator: Code generated in 10.203762 ms
[2025-07-26T05:11:34.977+0000] {spark_submit.py:521} INFO - +--------------------+--------------------+---------------+-------------------+--------------------+--------------------+-------------+----------------------+--------------------+--------------------+-----------------------+-----------------------+--------------------+-------+
[2025-07-26T05:11:34.977+0000] {spark_submit.py:521} INFO - |               title|                 url| time_published|            authors|             summary|        banner_image|       source|category_within_source|       source_domain|              topics|overall_sentiment_score|overall_sentiment_label|    ticker_sentiment|time_id|
[2025-07-26T05:11:34.978+0000] {spark_submit.py:521} INFO - +--------------------+--------------------+---------------+-------------------+--------------------+--------------------+-------------+----------------------+--------------------+--------------------+-----------------------+-----------------------+--------------------+-------+
[2025-07-26T05:11:34.978+0000] {spark_submit.py:521} INFO - |Robert J. Smith, ...|https://www.benzi...|20250718T235020|   [Globe Newswire]|WINTER GARDEN, Fl...|https://www.benzi...|     Benzinga|               General|    www.benzinga.com|[{Manufacturing, ...|               0.322438|       Somewhat-Bullish|[{KO, 0.030958, 0...|      7|
[2025-07-26T05:11:34.979+0000] {spark_submit.py:521} INFO - |Autoliv Hit Sales...|https://www.fool....|20250718T234607|         [JesterAI]|Autoliv ( NYSE:AL...|https://cdn.conte...|  Motley Fool|                   n/a|        www.fool.com|[{Earnings, 0.682...|               0.305679|       Somewhat-Bullish|[{ALV, 0.204072, ...|      7|
[2025-07-26T05:11:34.979+0000] {spark_submit.py:521} INFO - |If You Invested $...|https://www.benzi...|20250718T234514|[Benzinga Insights]|Amphenol APH has ...|https://www.benzi...|     Benzinga|               Trading|    www.benzinga.com|[{Financial Marke...|               0.164255|       Somewhat-Bullish|[{APH, 0.901338, ...|      7|
[2025-07-26T05:11:34.980+0000] {spark_submit.py:521} INFO - |Sunrun Prices $43...|https://www.benzi...|20250718T234118|   [Globe Newswire]|SAN FRANCISCO, Ju...|https://www.benzi...|     Benzinga|                  News|    www.benzinga.com|[{Finance, 0.5}, ...|               0.340643|       Somewhat-Bullish|[{RUN, 0.428632, ...|      7|
[2025-07-26T05:11:34.980+0000] {spark_submit.py:521} INFO - |Sunrun Prices $43...|https://www.globe...|20250718T234100|      [Sunrun Inc.]|SAN FRANCISCO, Ju...|https://ml.globen...|GlobeNewswire|                   n/a|www.globenewswire...|[{Finance, 0.5}, ...|               0.384519|                Bullish|[{RUN, 0.499102, ...|      7|
[2025-07-26T05:11:34.980+0000] {spark_submit.py:521} INFO - +--------------------+--------------------+---------------+-------------------+--------------------+--------------------+-------------+----------------------+--------------------+--------------------+-----------------------+-----------------------+--------------------+-------+
[2025-07-26T05:11:34.981+0000] {spark_submit.py:521} INFO - only showing top 5 rows
[2025-07-26T05:11:34.981+0000] {spark_submit.py:521} INFO - 
[2025-07-26T05:11:34.989+0000] {spark_submit.py:521} INFO - 25/07/26 05:11:34 INFO FileSourceStrategy: Pushed Filters:
[2025-07-26T05:11:34.989+0000] {spark_submit.py:521} INFO - 25/07/26 05:11:34 INFO FileSourceStrategy: Post-Scan Filters:
[2025-07-26T05:11:35.018+0000] {spark_submit.py:521} INFO - 25/07/26 05:11:35 INFO CodeGenerator: Code generated in 17.304984 ms
[2025-07-26T05:11:35.022+0000] {spark_submit.py:521} INFO - 25/07/26 05:11:35 INFO MemoryStore: Block broadcast_11 stored as values in memory (estimated size 213.5 KiB, free 433.4 MiB)
[2025-07-26T05:11:35.032+0000] {spark_submit.py:521} INFO - 25/07/26 05:11:35 INFO BlockManagerInfo: Removed broadcast_10_piece0 on 3bc71adbf7e0:46371 in memory (size: 9.4 KiB, free: 434.3 MiB)
[2025-07-26T05:11:35.035+0000] {spark_submit.py:521} INFO - 25/07/26 05:11:35 INFO BlockManagerInfo: Removed broadcast_10_piece0 on 172.18.0.6:34375 in memory (size: 9.4 KiB, free: 434.3 MiB)
[2025-07-26T05:11:35.037+0000] {spark_submit.py:521} INFO - 25/07/26 05:11:35 INFO MemoryStore: Block broadcast_11_piece0 stored as bytes in memory (estimated size 36.5 KiB, free 433.4 MiB)
[2025-07-26T05:11:35.039+0000] {spark_submit.py:521} INFO - 25/07/26 05:11:35 INFO BlockManagerInfo: Added broadcast_11_piece0 in memory on 3bc71adbf7e0:46371 (size: 36.5 KiB, free: 434.3 MiB)
[2025-07-26T05:11:35.040+0000] {spark_submit.py:521} INFO - 25/07/26 05:11:35 INFO SparkContext: Created broadcast 11 from toPandas at /opt/airflow/scripts/elt_to_dwh/transform/process_news.py:99
[2025-07-26T05:11:35.042+0000] {spark_submit.py:521} INFO - 25/07/26 05:11:35 INFO FileSourceScanExec: Planning scan with bin packing, max size: 4194304 bytes, open cost is considered as scanning 4194304 bytes.
[2025-07-26T05:11:35.054+0000] {spark_submit.py:521} INFO - 25/07/26 05:11:35 INFO BlockManagerInfo: Removed broadcast_9_piece0 on 3bc71adbf7e0:46371 in memory (size: 36.5 KiB, free: 434.3 MiB)
[2025-07-26T05:11:35.055+0000] {spark_submit.py:521} INFO - 25/07/26 05:11:35 INFO SparkContext: Starting job: toPandas at /opt/airflow/scripts/elt_to_dwh/transform/process_news.py:99
[2025-07-26T05:11:35.055+0000] {spark_submit.py:521} INFO - 25/07/26 05:11:35 INFO DAGScheduler: Got job 7 (toPandas at /opt/airflow/scripts/elt_to_dwh/transform/process_news.py:99) with 1 output partitions
[2025-07-26T05:11:35.056+0000] {spark_submit.py:521} INFO - 25/07/26 05:11:35 INFO DAGScheduler: Final stage: ResultStage 9 (toPandas at /opt/airflow/scripts/elt_to_dwh/transform/process_news.py:99)
[2025-07-26T05:11:35.057+0000] {spark_submit.py:521} INFO - 25/07/26 05:11:35 INFO DAGScheduler: Parents of final stage: List()
[2025-07-26T05:11:35.057+0000] {spark_submit.py:521} INFO - 25/07/26 05:11:35 INFO DAGScheduler: Missing parents: List()
[2025-07-26T05:11:35.058+0000] {spark_submit.py:521} INFO - 25/07/26 05:11:35 INFO DAGScheduler: Submitting ResultStage 9 (MapPartitionsRDD[27] at toPandas at /opt/airflow/scripts/elt_to_dwh/transform/process_news.py:99), which has no missing parents
[2025-07-26T05:11:35.058+0000] {spark_submit.py:521} INFO - 25/07/26 05:11:35 INFO MemoryStore: Block broadcast_12 stored as values in memory (estimated size 28.4 KiB, free 433.6 MiB)
[2025-07-26T05:11:35.061+0000] {spark_submit.py:521} INFO - 25/07/26 05:11:35 INFO MemoryStore: Block broadcast_12_piece0 stored as bytes in memory (estimated size 8.9 KiB, free 433.6 MiB)
[2025-07-26T05:11:35.061+0000] {spark_submit.py:521} INFO - 25/07/26 05:11:35 INFO BlockManagerInfo: Removed broadcast_9_piece0 on 172.18.0.6:34375 in memory (size: 36.5 KiB, free: 434.3 MiB)
[2025-07-26T05:11:35.062+0000] {spark_submit.py:521} INFO - 25/07/26 05:11:35 INFO BlockManagerInfo: Added broadcast_12_piece0 in memory on 3bc71adbf7e0:46371 (size: 8.9 KiB, free: 434.3 MiB)
[2025-07-26T05:11:35.063+0000] {spark_submit.py:521} INFO - 25/07/26 05:11:35 INFO SparkContext: Created broadcast 12 from broadcast at DAGScheduler.scala:1611
[2025-07-26T05:11:35.063+0000] {spark_submit.py:521} INFO - 25/07/26 05:11:35 INFO DAGScheduler: Submitting 1 missing tasks from ResultStage 9 (MapPartitionsRDD[27] at toPandas at /opt/airflow/scripts/elt_to_dwh/transform/process_news.py:99) (first 15 tasks are for partitions Vector(0))
[2025-07-26T05:11:35.064+0000] {spark_submit.py:521} INFO - 25/07/26 05:11:35 INFO TaskSchedulerImpl: Adding task set 9.0 with 1 tasks resource profile 0
[2025-07-26T05:11:35.066+0000] {spark_submit.py:521} INFO - 25/07/26 05:11:35 INFO TaskSetManager: Starting task 0.0 in stage 9.0 (TID 7) (172.18.0.6, executor 0, partition 0, PROCESS_LOCAL, 9627 bytes)
[2025-07-26T05:11:35.089+0000] {spark_submit.py:521} INFO - 25/07/26 05:11:35 INFO BlockManagerInfo: Added broadcast_12_piece0 in memory on 172.18.0.6:34375 (size: 8.9 KiB, free: 434.3 MiB)
[2025-07-26T05:11:35.128+0000] {spark_submit.py:521} INFO - 25/07/26 05:11:35 INFO BlockManagerInfo: Added broadcast_11_piece0 in memory on 172.18.0.6:34375 (size: 36.5 KiB, free: 434.3 MiB)
[2025-07-26T05:11:35.878+0000] {spark_submit.py:521} INFO - 25/07/26 05:11:35 INFO TaskSetManager: Finished task 0.0 in stage 9.0 (TID 7) in 813 ms on 172.18.0.6 (executor 0) (1/1)
[2025-07-26T05:11:35.879+0000] {spark_submit.py:521} INFO - 25/07/26 05:11:35 INFO TaskSchedulerImpl: Removed TaskSet 9.0, whose tasks have all completed, from pool
[2025-07-26T05:11:35.880+0000] {spark_submit.py:521} INFO - 25/07/26 05:11:35 INFO DAGScheduler: ResultStage 9 (toPandas at /opt/airflow/scripts/elt_to_dwh/transform/process_news.py:99) finished in 0.822 s
[2025-07-26T05:11:35.880+0000] {spark_submit.py:521} INFO - 25/07/26 05:11:35 INFO DAGScheduler: Job 7 is finished. Cancelling potential speculative or zombie tasks for this job
[2025-07-26T05:11:35.881+0000] {spark_submit.py:521} INFO - 25/07/26 05:11:35 INFO TaskSchedulerImpl: Killing all running tasks in stage 9: Stage finished
[2025-07-26T05:11:35.881+0000] {spark_submit.py:521} INFO - 25/07/26 05:11:35 INFO DAGScheduler: Job 7 finished: toPandas at /opt/airflow/scripts/elt_to_dwh/transform/process_news.py:99, took 0.826067 s
[2025-07-26T05:11:36.006+0000] {spark_submit.py:521} INFO - 25/07/26 05:11:36 INFO BlockManagerInfo: Removed broadcast_12_piece0 on 172.18.0.6:34375 in memory (size: 8.9 KiB, free: 434.3 MiB)
[2025-07-26T05:11:36.011+0000] {spark_submit.py:521} INFO - 25/07/26 05:11:36 INFO BlockManagerInfo: Removed broadcast_12_piece0 on 3bc71adbf7e0:46371 in memory (size: 8.9 KiB, free: 434.3 MiB)
[2025-07-26T05:11:36.207+0000] {spark_submit.py:521} INFO - Data inserted into dim_news successfully!
[2025-07-26T05:11:36.256+0000] {spark_submit.py:521} INFO - 25/07/26 05:11:36 INFO FileSourceStrategy: Pushed Filters: IsNotNull(topics)
[2025-07-26T05:11:36.257+0000] {spark_submit.py:521} INFO - 25/07/26 05:11:36 INFO FileSourceStrategy: Post-Scan Filters: (size(topics#9, true) > 0),isnotnull(topics#9)
[2025-07-26T05:11:36.281+0000] {spark_submit.py:521} INFO - 25/07/26 05:11:36 INFO CodeGenerator: Code generated in 11.855037 ms
[2025-07-26T05:11:36.285+0000] {spark_submit.py:521} INFO - 25/07/26 05:11:36 INFO MemoryStore: Block broadcast_13 stored as values in memory (estimated size 211.3 KiB, free 433.5 MiB)
[2025-07-26T05:11:36.298+0000] {spark_submit.py:521} INFO - 25/07/26 05:11:36 INFO MemoryStore: Block broadcast_13_piece0 stored as bytes in memory (estimated size 36.0 KiB, free 433.4 MiB)
[2025-07-26T05:11:36.299+0000] {spark_submit.py:521} INFO - 25/07/26 05:11:36 INFO BlockManagerInfo: Added broadcast_13_piece0 in memory on 3bc71adbf7e0:46371 (size: 36.0 KiB, free: 434.3 MiB)
[2025-07-26T05:11:36.300+0000] {spark_submit.py:521} INFO - 25/07/26 05:11:36 INFO SparkContext: Created broadcast 13 from toPandas at /opt/airflow/scripts/elt_to_dwh/transform/process_news.py:123
[2025-07-26T05:11:36.302+0000] {spark_submit.py:521} INFO - 25/07/26 05:11:36 INFO FileSourceScanExec: Planning scan with bin packing, max size: 4194304 bytes, open cost is considered as scanning 4194304 bytes.
[2025-07-26T05:11:36.316+0000] {spark_submit.py:521} INFO - 25/07/26 05:11:36 INFO SparkContext: Starting job: toPandas at /opt/airflow/scripts/elt_to_dwh/transform/process_news.py:123
[2025-07-26T05:11:36.317+0000] {spark_submit.py:521} INFO - 25/07/26 05:11:36 INFO DAGScheduler: Got job 8 (toPandas at /opt/airflow/scripts/elt_to_dwh/transform/process_news.py:123) with 1 output partitions
[2025-07-26T05:11:36.318+0000] {spark_submit.py:521} INFO - 25/07/26 05:11:36 INFO DAGScheduler: Final stage: ResultStage 10 (toPandas at /opt/airflow/scripts/elt_to_dwh/transform/process_news.py:123)
[2025-07-26T05:11:36.319+0000] {spark_submit.py:521} INFO - 25/07/26 05:11:36 INFO DAGScheduler: Parents of final stage: List()
[2025-07-26T05:11:36.319+0000] {spark_submit.py:521} INFO - 25/07/26 05:11:36 INFO DAGScheduler: Missing parents: List()
[2025-07-26T05:11:36.320+0000] {spark_submit.py:521} INFO - 25/07/26 05:11:36 INFO DAGScheduler: Submitting ResultStage 10 (MapPartitionsRDD[31] at toPandas at /opt/airflow/scripts/elt_to_dwh/transform/process_news.py:123), which has no missing parents
[2025-07-26T05:11:36.321+0000] {spark_submit.py:521} INFO - 25/07/26 05:11:36 INFO MemoryStore: Block broadcast_14 stored as values in memory (estimated size 19.5 KiB, free 433.4 MiB)
[2025-07-26T05:11:36.323+0000] {spark_submit.py:521} INFO - 25/07/26 05:11:36 INFO MemoryStore: Block broadcast_14_piece0 stored as bytes in memory (estimated size 7.6 KiB, free 433.4 MiB)
[2025-07-26T05:11:36.325+0000] {spark_submit.py:521} INFO - 25/07/26 05:11:36 INFO BlockManagerInfo: Added broadcast_14_piece0 in memory on 3bc71adbf7e0:46371 (size: 7.6 KiB, free: 434.3 MiB)
[2025-07-26T05:11:36.326+0000] {spark_submit.py:521} INFO - 25/07/26 05:11:36 INFO SparkContext: Created broadcast 14 from broadcast at DAGScheduler.scala:1611
[2025-07-26T05:11:36.326+0000] {spark_submit.py:521} INFO - 25/07/26 05:11:36 INFO DAGScheduler: Submitting 1 missing tasks from ResultStage 10 (MapPartitionsRDD[31] at toPandas at /opt/airflow/scripts/elt_to_dwh/transform/process_news.py:123) (first 15 tasks are for partitions Vector(0))
[2025-07-26T05:11:36.327+0000] {spark_submit.py:521} INFO - 25/07/26 05:11:36 INFO TaskSchedulerImpl: Adding task set 10.0 with 1 tasks resource profile 0
[2025-07-26T05:11:36.327+0000] {spark_submit.py:521} INFO - 25/07/26 05:11:36 INFO TaskSetManager: Starting task 0.0 in stage 10.0 (TID 8) (172.18.0.6, executor 0, partition 0, PROCESS_LOCAL, 9627 bytes)
[2025-07-26T05:11:36.349+0000] {spark_submit.py:521} INFO - 25/07/26 05:11:36 INFO BlockManagerInfo: Added broadcast_14_piece0 in memory on 172.18.0.6:34375 (size: 7.6 KiB, free: 434.3 MiB)
[2025-07-26T05:11:36.383+0000] {spark_submit.py:521} INFO - 25/07/26 05:11:36 INFO BlockManagerInfo: Added broadcast_13_piece0 in memory on 172.18.0.6:34375 (size: 36.0 KiB, free: 434.3 MiB)
[2025-07-26T05:11:37.227+0000] {spark_submit.py:521} INFO - 25/07/26 05:11:37 INFO TaskSetManager: Finished task 0.0 in stage 10.0 (TID 8) in 900 ms on 172.18.0.6 (executor 0) (1/1)
[2025-07-26T05:11:37.228+0000] {spark_submit.py:521} INFO - 25/07/26 05:11:37 INFO TaskSchedulerImpl: Removed TaskSet 10.0, whose tasks have all completed, from pool
[2025-07-26T05:11:37.229+0000] {spark_submit.py:521} INFO - 25/07/26 05:11:37 INFO DAGScheduler: ResultStage 10 (toPandas at /opt/airflow/scripts/elt_to_dwh/transform/process_news.py:123) finished in 0.908 s
[2025-07-26T05:11:37.229+0000] {spark_submit.py:521} INFO - 25/07/26 05:11:37 INFO DAGScheduler: Job 8 is finished. Cancelling potential speculative or zombie tasks for this job
[2025-07-26T05:11:37.230+0000] {spark_submit.py:521} INFO - 25/07/26 05:11:37 INFO TaskSchedulerImpl: Killing all running tasks in stage 10: Stage finished
[2025-07-26T05:11:37.230+0000] {spark_submit.py:521} INFO - 25/07/26 05:11:37 INFO DAGScheduler: Job 8 finished: toPandas at /opt/airflow/scripts/elt_to_dwh/transform/process_news.py:123, took 0.912856 s
[2025-07-26T05:11:37.288+0000] {spark_submit.py:521} INFO - DataFrame for fact_news_topics:
[2025-07-26T05:11:37.288+0000] {spark_submit.py:521} INFO - shape: (2_630, 6)
[2025-07-26T05:11:37.289+0000] {spark_submit.py:521} INFO - 
[2025-07-26T05:11:37.289+0000] {spark_submit.py:521} INFO -  relevance_score  name               title               url                topic_id  new_id 
[2025-07-26T05:11:37.289+0000] {spark_submit.py:521} INFO -  ---              ---                ---                 ---                ---       ---    
[2025-07-26T05:11:37.290+0000] {spark_submit.py:521} INFO -  str              str                str                 str                i32       i32    
[2025-07-26T05:11:37.290+0000] {spark_submit.py:521} INFO - 
[2025-07-26T05:11:37.290+0000] {spark_submit.py:521} INFO -  1.0              Manufacturing      Robert J. Smith,    https://www.benzi  13        7410   
[2025-07-26T05:11:37.291+0000] {spark_submit.py:521} INFO -                                      MFA's First R      nga.com/press                      
[2025-07-26T05:11:37.291+0000] {spark_submit.py:521} INFO -  0.682689         Earnings           Autoliv Hit Sales   https://www.fool.  5         7411   
[2025-07-26T05:11:37.291+0000] {spark_submit.py:521} INFO -                                      and Margin R       com/data-news                      
[2025-07-26T05:11:37.291+0000] {spark_submit.py:521} INFO -  0.818451         Financial Markets  Autoliv Hit Sales   https://www.fool.  10        7411   
[2025-07-26T05:11:37.292+0000] {spark_submit.py:521} INFO -                                      and Margin R       com/data-news                      
[2025-07-26T05:11:37.292+0000] {spark_submit.py:521} INFO -  1.0              Manufacturing      Autoliv Hit Sales   https://www.fool.  13        7411   
[2025-07-26T05:11:37.292+0000] {spark_submit.py:521} INFO -                                      and Margin R       com/data-news                      
[2025-07-26T05:11:37.293+0000] {spark_submit.py:521} INFO -  0.214378         Financial Markets  If You Invested     https://www.benzi  10        7412   
[2025-07-26T05:11:37.293+0000] {spark_submit.py:521} INFO -                                      $1000 In This      nga.com/insig                      
[2025-07-26T05:11:37.293+0000] {spark_submit.py:521} INFO -                                                                                        
[2025-07-26T05:11:37.294+0000] {spark_submit.py:521} INFO -  1.0              Technology         'Early Signals' of  https://decrypt.c  9         8395   
[2025-07-26T05:11:37.294+0000] {spark_submit.py:521} INFO -                                      Altcoin Sea        o/330785/earl                      
[2025-07-26T05:11:37.294+0000] {spark_submit.py:521} INFO -  0.990678         Blockchain         'Early Signals' of  https://decrypt.c  15        8395   
[2025-07-26T05:11:37.294+0000] {spark_submit.py:521} INFO -                                      Altcoin Sea        o/330785/earl                      
[2025-07-26T05:11:37.295+0000] {spark_submit.py:521} INFO -  0.623304         Financial Markets  Taiwan Semi Stock   https://www.benzi  10        8396   
[2025-07-26T05:11:37.295+0000] {spark_submit.py:521} INFO -                                      Rises 2.1% A       nga.com/marke                      
[2025-07-26T05:11:37.295+0000] {spark_submit.py:521} INFO -  0.158519         Earnings           GSK's Blood Cancer  https://www.benzi  5         8397   
[2025-07-26T05:11:37.296+0000] {spark_submit.py:521} INFO -                                      Drug Faces         nga.com/news/                      
[2025-07-26T05:11:37.296+0000] {spark_submit.py:521} INFO -  0.316726         Financial Markets  GSK's Blood Cancer  https://www.benzi  10        8397   
[2025-07-26T05:11:37.296+0000] {spark_submit.py:521} INFO -                                      Drug Faces         nga.com/news/                      
[2025-07-26T05:11:37.297+0000] {spark_submit.py:521} INFO - 
[2025-07-26T05:11:37.334+0000] {spark_submit.py:521} INFO - Data inserted into fact_news_topics successfully!
[2025-07-26T05:11:37.388+0000] {spark_submit.py:521} INFO - 25/07/26 05:11:37 INFO FileSourceStrategy: Pushed Filters: IsNotNull(ticker_sentiment)
[2025-07-26T05:11:37.389+0000] {spark_submit.py:521} INFO - 25/07/26 05:11:37 INFO FileSourceStrategy: Post-Scan Filters: (size(ticker_sentiment#12, true) > 0),isnotnull(ticker_sentiment#12)
[2025-07-26T05:11:37.418+0000] {spark_submit.py:521} INFO - 25/07/26 05:11:37 INFO CodeGenerator: Code generated in 14.987315 ms
[2025-07-26T05:11:37.423+0000] {spark_submit.py:521} INFO - 25/07/26 05:11:37 INFO MemoryStore: Block broadcast_15 stored as values in memory (estimated size 211.6 KiB, free 433.2 MiB)
[2025-07-26T05:11:37.433+0000] {spark_submit.py:521} INFO - 25/07/26 05:11:37 INFO BlockManagerInfo: Removed broadcast_14_piece0 on 3bc71adbf7e0:46371 in memory (size: 7.6 KiB, free: 434.3 MiB)
[2025-07-26T05:11:37.435+0000] {spark_submit.py:521} INFO - 25/07/26 05:11:37 INFO BlockManagerInfo: Removed broadcast_14_piece0 on 172.18.0.6:34375 in memory (size: 7.6 KiB, free: 434.3 MiB)
[2025-07-26T05:11:37.437+0000] {spark_submit.py:521} INFO - 25/07/26 05:11:37 INFO MemoryStore: Block broadcast_15_piece0 stored as bytes in memory (estimated size 36.2 KiB, free 433.2 MiB)
[2025-07-26T05:11:37.438+0000] {spark_submit.py:521} INFO - 25/07/26 05:11:37 INFO BlockManagerInfo: Added broadcast_15_piece0 in memory on 3bc71adbf7e0:46371 (size: 36.2 KiB, free: 434.2 MiB)
[2025-07-26T05:11:37.439+0000] {spark_submit.py:521} INFO - 25/07/26 05:11:37 INFO SparkContext: Created broadcast 15 from toPandas at /opt/airflow/scripts/elt_to_dwh/transform/process_news.py:169
[2025-07-26T05:11:37.442+0000] {spark_submit.py:521} INFO - 25/07/26 05:11:37 INFO FileSourceScanExec: Planning scan with bin packing, max size: 4194304 bytes, open cost is considered as scanning 4194304 bytes.
[2025-07-26T05:11:37.455+0000] {spark_submit.py:521} INFO - 25/07/26 05:11:37 INFO SparkContext: Starting job: toPandas at /opt/airflow/scripts/elt_to_dwh/transform/process_news.py:169
[2025-07-26T05:11:37.456+0000] {spark_submit.py:521} INFO - 25/07/26 05:11:37 INFO DAGScheduler: Got job 9 (toPandas at /opt/airflow/scripts/elt_to_dwh/transform/process_news.py:169) with 1 output partitions
[2025-07-26T05:11:37.457+0000] {spark_submit.py:521} INFO - 25/07/26 05:11:37 INFO DAGScheduler: Final stage: ResultStage 11 (toPandas at /opt/airflow/scripts/elt_to_dwh/transform/process_news.py:169)
[2025-07-26T05:11:37.457+0000] {spark_submit.py:521} INFO - 25/07/26 05:11:37 INFO DAGScheduler: Parents of final stage: List()
[2025-07-26T05:11:37.458+0000] {spark_submit.py:521} INFO - 25/07/26 05:11:37 INFO DAGScheduler: Missing parents: List()
[2025-07-26T05:11:37.459+0000] {spark_submit.py:521} INFO - 25/07/26 05:11:37 INFO DAGScheduler: Submitting ResultStage 11 (MapPartitionsRDD[35] at toPandas at /opt/airflow/scripts/elt_to_dwh/transform/process_news.py:169), which has no missing parents
[2025-07-26T05:11:37.460+0000] {spark_submit.py:521} INFO - 25/07/26 05:11:37 INFO MemoryStore: Block broadcast_16 stored as values in memory (estimated size 20.2 KiB, free 433.2 MiB)
[2025-07-26T05:11:37.462+0000] {spark_submit.py:521} INFO - 25/07/26 05:11:37 INFO MemoryStore: Block broadcast_16_piece0 stored as bytes in memory (estimated size 7.6 KiB, free 433.2 MiB)
[2025-07-26T05:11:37.463+0000] {spark_submit.py:521} INFO - 25/07/26 05:11:37 INFO BlockManagerInfo: Added broadcast_16_piece0 in memory on 3bc71adbf7e0:46371 (size: 7.6 KiB, free: 434.2 MiB)
[2025-07-26T05:11:37.463+0000] {spark_submit.py:521} INFO - 25/07/26 05:11:37 INFO SparkContext: Created broadcast 16 from broadcast at DAGScheduler.scala:1611
[2025-07-26T05:11:37.465+0000] {spark_submit.py:521} INFO - 25/07/26 05:11:37 INFO DAGScheduler: Submitting 1 missing tasks from ResultStage 11 (MapPartitionsRDD[35] at toPandas at /opt/airflow/scripts/elt_to_dwh/transform/process_news.py:169) (first 15 tasks are for partitions Vector(0))
[2025-07-26T05:11:37.468+0000] {spark_submit.py:521} INFO - 25/07/26 05:11:37 INFO TaskSchedulerImpl: Adding task set 11.0 with 1 tasks resource profile 0
[2025-07-26T05:11:37.469+0000] {spark_submit.py:521} INFO - 25/07/26 05:11:37 INFO TaskSetManager: Starting task 0.0 in stage 11.0 (TID 9) (172.18.0.6, executor 0, partition 0, PROCESS_LOCAL, 9627 bytes)
[2025-07-26T05:11:37.487+0000] {spark_submit.py:521} INFO - 25/07/26 05:11:37 INFO BlockManagerInfo: Removed broadcast_3_piece0 on 3bc71adbf7e0:46371 in memory (size: 35.8 KiB, free: 434.3 MiB)
[2025-07-26T05:11:37.489+0000] {spark_submit.py:521} INFO - 25/07/26 05:11:37 INFO BlockManagerInfo: Added broadcast_16_piece0 in memory on 172.18.0.6:34375 (size: 7.6 KiB, free: 434.3 MiB)
[2025-07-26T05:11:37.491+0000] {spark_submit.py:521} INFO - 25/07/26 05:11:37 INFO BlockManagerInfo: Removed broadcast_3_piece0 on 172.18.0.6:34375 in memory (size: 35.8 KiB, free: 434.3 MiB)
[2025-07-26T05:11:37.544+0000] {spark_submit.py:521} INFO - 25/07/26 05:11:37 INFO BlockManagerInfo: Added broadcast_15_piece0 in memory on 172.18.0.6:34375 (size: 36.2 KiB, free: 434.3 MiB)
[2025-07-26T05:11:38.377+0000] {spark_submit.py:521} INFO - 25/07/26 05:11:38 INFO TaskSetManager: Finished task 0.0 in stage 11.0 (TID 9) in 912 ms on 172.18.0.6 (executor 0) (1/1)
[2025-07-26T05:11:38.378+0000] {spark_submit.py:521} INFO - 25/07/26 05:11:38 INFO TaskSchedulerImpl: Removed TaskSet 11.0, whose tasks have all completed, from pool
[2025-07-26T05:11:38.379+0000] {spark_submit.py:521} INFO - 25/07/26 05:11:38 INFO DAGScheduler: ResultStage 11 (toPandas at /opt/airflow/scripts/elt_to_dwh/transform/process_news.py:169) finished in 0.920 s
[2025-07-26T05:11:38.379+0000] {spark_submit.py:521} INFO - 25/07/26 05:11:38 INFO DAGScheduler: Job 9 is finished. Cancelling potential speculative or zombie tasks for this job
[2025-07-26T05:11:38.380+0000] {spark_submit.py:521} INFO - 25/07/26 05:11:38 INFO TaskSchedulerImpl: Killing all running tasks in stage 11: Stage finished
[2025-07-26T05:11:38.380+0000] {spark_submit.py:521} INFO - 25/07/26 05:11:38 INFO DAGScheduler: Job 9 finished: toPandas at /opt/airflow/scripts/elt_to_dwh/transform/process_news.py:169, took 0.924153 s
[2025-07-26T05:11:38.406+0000] {spark_submit.py:521} INFO - 25/07/26 05:11:38 INFO BlockManagerInfo: Removed broadcast_16_piece0 on 3bc71adbf7e0:46371 in memory (size: 7.6 KiB, free: 434.3 MiB)
[2025-07-26T05:11:38.408+0000] {spark_submit.py:521} INFO - 25/07/26 05:11:38 INFO BlockManagerInfo: Removed broadcast_16_piece0 on 172.18.0.6:34375 in memory (size: 7.6 KiB, free: 434.3 MiB)
[2025-07-26T05:11:38.475+0000] {spark_submit.py:521} INFO - DataFrame for fact_news_companies:
[2025-07-26T05:11:38.476+0000] {spark_submit.py:521} INFO - shape: (1_549, 9)
[2025-07-26T05:11:38.476+0000] {spark_submit.py:521} INFO - 
[2025-07-26T05:11:38.476+0000] {spark_submit.py:521} INFO -  ticker  ticker_sen  ticker_sen  relevance_    url         company_id  updated_t  new_id 
[2025-07-26T05:11:38.477+0000] {spark_submit.py:521} INFO -  ---     timent_sco  timent_lab  score          ---         ---         ime        ---    
[2025-07-26T05:11:38.477+0000] {spark_submit.py:521} INFO -  str     re          el          ---            str         i32         ---        i32    
[2025-07-26T05:11:38.478+0000] {spark_submit.py:521} INFO -          ---         ---         str                                    datetime[         
[2025-07-26T05:11:38.478+0000] {spark_submit.py:521} INFO -          str         str                                                s]               
[2025-07-26T05:11:38.479+0000] {spark_submit.py:521} INFO - 
[2025-07-26T05:11:38.481+0000] {spark_submit.py:521} INFO -  KO      0.113759    Neutral     0.030958      https://ww  6917        2025-07-2  7410   
[2025-07-26T05:11:38.482+0000] {spark_submit.py:521} INFO -                                                 w.benzinga              6 04:45:1         
[2025-07-26T05:11:38.482+0000] {spark_submit.py:521} INFO -                                                 .com/press              4.278565          
[2025-07-26T05:11:38.483+0000] {spark_submit.py:521} INFO -                                                                                          
[2025-07-26T05:11:38.483+0000] {spark_submit.py:521} INFO -  TOP     0.093159    Neutral     0.061869      https://ww  4402        2025-07-2  7410   
[2025-07-26T05:11:38.483+0000] {spark_submit.py:521} INFO -                                                 w.benzinga              6 04:45:1         
[2025-07-26T05:11:38.484+0000] {spark_submit.py:521} INFO -                                                 .com/press              4.278565          
[2025-07-26T05:11:38.484+0000] {spark_submit.py:521} INFO -                                                                                          
[2025-07-26T05:11:38.485+0000] {spark_submit.py:521} INFO -  ALV     0.285511    Somewhat-B  0.204072      https://ww  2675        2025-07-2  7411   
[2025-07-26T05:11:38.486+0000] {spark_submit.py:521} INFO -                      ullish                     w.fool.com              6 04:45:1         
[2025-07-26T05:11:38.488+0000] {spark_submit.py:521} INFO -                                                 /data-news              4.278565          
[2025-07-26T05:11:38.489+0000] {spark_submit.py:521} INFO -                                                                                          
[2025-07-26T05:11:38.489+0000] {spark_submit.py:521} INFO -  APH     0.377982    Bullish     0.901338      https://ww  9991        2025-07-2  7412   
[2025-07-26T05:11:38.490+0000] {spark_submit.py:521} INFO -                                                 w.benzinga              6 04:45:1         
[2025-07-26T05:11:38.490+0000] {spark_submit.py:521} INFO -                                                 .com/insig              4.278565          
[2025-07-26T05:11:38.490+0000] {spark_submit.py:521} INFO -                                                                                          
[2025-07-26T05:11:38.491+0000] {spark_submit.py:521} INFO -  RUN     0.703812    Bullish     0.428632      https://ww  14453       2025-07-2  7413   
[2025-07-26T05:11:38.492+0000] {spark_submit.py:521} INFO -                                                 w.benzinga              6 04:45:1         
[2025-07-26T05:11:38.492+0000] {spark_submit.py:521} INFO -                                                 .com/press              4.278565          
[2025-07-26T05:11:38.493+0000] {spark_submit.py:521} INFO -                                                                                          
[2025-07-26T05:11:38.493+0000] {spark_submit.py:521} INFO -                                                                                  
[2025-07-26T05:11:38.495+0000] {spark_submit.py:521} INFO -  CFG     0.472257    Bullish     0.371523      https://ww  15154       2025-07-2  8393   
[2025-07-26T05:11:38.495+0000] {spark_submit.py:521} INFO -                                                 w.benzinga              6 04:45:1         
[2025-07-26T05:11:38.496+0000] {spark_submit.py:521} INFO -                                                 .com/analy              4.278565          
[2025-07-26T05:11:38.496+0000] {spark_submit.py:521} INFO -                                                                                          
[2025-07-26T05:11:38.496+0000] {spark_submit.py:521} INFO -  MTRN    0.192916    Somewhat-B  0.371523      https://ww  21759       2025-07-2  8393   
[2025-07-26T05:11:38.497+0000] {spark_submit.py:521} INFO -                      ullish                     w.benzinga              6 04:45:1         
[2025-07-26T05:11:38.497+0000] {spark_submit.py:521} INFO -                                                 .com/analy              4.278565          
[2025-07-26T05:11:38.497+0000] {spark_submit.py:521} INFO -                                                                                          
[2025-07-26T05:11:38.498+0000] {spark_submit.py:521} INFO -  AEM     0.371928    Bullish     0.369685      https://ww  388         2025-07-2  8394   
[2025-07-26T05:11:38.498+0000] {spark_submit.py:521} INFO -                                                 w.zacks.co              6 04:45:1         
[2025-07-26T05:11:38.499+0000] {spark_submit.py:521} INFO -                                                 m/stock/ne              4.278565          
[2025-07-26T05:11:38.500+0000] {spark_submit.py:521} INFO -                                                                                          
[2025-07-26T05:11:38.502+0000] {spark_submit.py:521} INFO -  NEM     0.22597     Somewhat-B  0.190167      https://ww  10945       2025-07-2  8394   
[2025-07-26T05:11:38.502+0000] {spark_submit.py:521} INFO -                      ullish                     w.zacks.co              6 04:45:1         
[2025-07-26T05:11:38.503+0000] {spark_submit.py:521} INFO -                                                 m/stock/ne              4.278565          
[2025-07-26T05:11:38.503+0000] {spark_submit.py:521} INFO -                                                                                          
[2025-07-26T05:11:38.503+0000] {spark_submit.py:521} INFO -  GOOG    0.043061    Neutral     0.066784      https://de  8287        2025-07-2  8395   
[2025-07-26T05:11:38.504+0000] {spark_submit.py:521} INFO -                                                 crypt.co/3              6 04:45:1         
[2025-07-26T05:11:38.504+0000] {spark_submit.py:521} INFO -                                                 30785/earl              4.278565          
[2025-07-26T05:11:38.504+0000] {spark_submit.py:521} INFO -                                                                                          
[2025-07-26T05:11:38.505+0000] {spark_submit.py:521} INFO - 
[2025-07-26T05:11:38.516+0000] {spark_submit.py:521} INFO - Data inserted into fact_news_companies successfully!
[2025-07-26T05:11:38.707+0000] {spark_submit.py:521} INFO - 25/07/26 05:11:38 INFO SparkContext: SparkContext is stopping with exitCode 0.
[2025-07-26T05:11:38.730+0000] {spark_submit.py:521} INFO - 25/07/26 05:11:38 INFO SparkUI: Stopped Spark web UI at http://3bc71adbf7e0:4040
[2025-07-26T05:11:38.739+0000] {spark_submit.py:521} INFO - 25/07/26 05:11:38 INFO StandaloneSchedulerBackend: Shutting down all executors
[2025-07-26T05:11:38.740+0000] {spark_submit.py:521} INFO - 25/07/26 05:11:38 INFO StandaloneSchedulerBackend$StandaloneDriverEndpoint: Asking each executor to shut down
[2025-07-26T05:11:38.781+0000] {spark_submit.py:521} INFO - 25/07/26 05:11:38 INFO MapOutputTrackerMasterEndpoint: MapOutputTrackerMasterEndpoint stopped!
[2025-07-26T05:11:38.835+0000] {spark_submit.py:521} INFO - 25/07/26 05:11:38 INFO MemoryStore: MemoryStore cleared
[2025-07-26T05:11:38.836+0000] {spark_submit.py:521} INFO - 25/07/26 05:11:38 INFO BlockManager: BlockManager stopped
[2025-07-26T05:11:38.845+0000] {spark_submit.py:521} INFO - 25/07/26 05:11:38 INFO BlockManagerMaster: BlockManagerMaster stopped
[2025-07-26T05:11:38.855+0000] {spark_submit.py:521} INFO - 25/07/26 05:11:38 INFO OutputCommitCoordinator$OutputCommitCoordinatorEndpoint: OutputCommitCoordinator stopped!
[2025-07-26T05:11:38.880+0000] {spark_submit.py:521} INFO - 25/07/26 05:11:38 INFO SparkContext: Successfully stopped SparkContext
[2025-07-26T05:11:38.900+0000] {spark_submit.py:521} INFO - Process completed successfully.
[2025-07-26T05:11:39.211+0000] {spark_submit.py:521} INFO - 25/07/26 05:11:39 INFO ShutdownHookManager: Shutdown hook called
[2025-07-26T05:11:39.212+0000] {spark_submit.py:521} INFO - 25/07/26 05:11:39 INFO ShutdownHookManager: Deleting directory /tmp/spark-a87fd0f5-b366-4f4a-a701-ad914ecc0187
[2025-07-26T05:11:39.217+0000] {spark_submit.py:521} INFO - 25/07/26 05:11:39 INFO ShutdownHookManager: Deleting directory /tmp/spark-46d114b3-4621-4e51-bc9d-2da7a8b96fa3
[2025-07-26T05:11:39.221+0000] {spark_submit.py:521} INFO - 25/07/26 05:11:39 INFO ShutdownHookManager: Deleting directory /tmp/spark-a87fd0f5-b366-4f4a-a701-ad914ecc0187/pyspark-e5305c2e-1da1-42a0-9bce-ff8760f98976
[2025-07-26T05:11:39.227+0000] {spark_submit.py:521} INFO - 25/07/26 05:11:39 INFO MetricsSystemImpl: Stopping s3a-file-system metrics system...
[2025-07-26T05:11:39.228+0000] {spark_submit.py:521} INFO - 25/07/26 05:11:39 INFO MetricsSystemImpl: s3a-file-system metrics system stopped.
[2025-07-26T05:11:39.229+0000] {spark_submit.py:521} INFO - 25/07/26 05:11:39 INFO MetricsSystemImpl: s3a-file-system metrics system shutdown complete.
[2025-07-26T05:11:39.271+0000] {taskinstance.py:341} INFO - ::group::Post task execution logs
[2025-07-26T05:11:39.273+0000] {taskinstance.py:353} INFO - Marking task as SUCCESS. dag_id=elt_to_dwh, task_id=transform_task.process_news, run_id=scheduled__2025-07-18T00:00:00+00:00, execution_date=20250718T000000, start_date=20250726T051112, end_date=20250726T051139
[2025-07-26T05:11:39.342+0000] {local_task_job_runner.py:266} INFO - Task exited with return code 0
[2025-07-26T05:11:39.359+0000] {taskinstance.py:3901} INFO - 0 downstream tasks scheduled from follow-on schedule check
[2025-07-26T05:11:39.361+0000] {local_task_job_runner.py:245} INFO - ::endgroup::
