[2025-07-25T11:12:07.130+0000] {local_task_job_runner.py:123} INFO - ::group::Pre task execution logs
[2025-07-25T11:12:07.144+0000] {taskinstance.py:2614} INFO - Dependencies all met for dep_context=non-requeueable deps ti=<TaskInstance: elt_to_dwh.extract_task.load_db_to_parquet scheduled__2025-07-12T00:00:00+00:00 [queued]>
[2025-07-25T11:12:07.153+0000] {taskinstance.py:2614} INFO - Dependencies all met for dep_context=requeueable deps ti=<TaskInstance: elt_to_dwh.extract_task.load_db_to_parquet scheduled__2025-07-12T00:00:00+00:00 [queued]>
[2025-07-25T11:12:07.154+0000] {taskinstance.py:2867} INFO - Starting attempt 1 of 1
[2025-07-25T11:12:07.168+0000] {taskinstance.py:2890} INFO - Executing <Task(PythonOperator): extract_task.load_db_to_parquet> on 2025-07-12 00:00:00+00:00
[2025-07-25T11:12:07.178+0000] {standard_task_runner.py:104} INFO - Running: ['airflow', 'tasks', 'run', 'elt_to_dwh', 'extract_task.load_db_to_parquet', 'scheduled__2025-07-12T00:00:00+00:00', '--job-id', '85', '--raw', '--subdir', 'DAGS_FOLDER/elt_to_dwh.py', '--cfg-path', '/tmp/tmpqhcus5q3']
[2025-07-25T11:12:07.185+0000] {standard_task_runner.py:105} INFO - Job 85: Subtask extract_task.load_db_to_parquet
[2025-07-25T11:12:07.188+0000] {logging_mixin.py:190} WARNING - /home/airflow/.local/lib/python3.12/site-packages/airflow/task/task_runner/standard_task_runner.py:70 DeprecationWarning: This process (pid=2931) is multi-threaded, use of fork() may lead to deadlocks in the child.
[2025-07-25T11:12:07.190+0000] {standard_task_runner.py:72} INFO - Started process 2941 to run task
[2025-07-25T11:12:07.241+0000] {task_command.py:467} INFO - Running <TaskInstance: elt_to_dwh.extract_task.load_db_to_parquet scheduled__2025-07-12T00:00:00+00:00 [running]> on host 74cfddf97016
[2025-07-25T11:12:07.376+0000] {taskinstance.py:3134} INFO - Exporting env vars: AIRFLOW_CTX_DAG_OWNER='airflow' AIRFLOW_CTX_DAG_ID='elt_to_dwh' AIRFLOW_CTX_TASK_ID='extract_task.load_db_to_parquet' AIRFLOW_CTX_EXECUTION_DATE='2025-07-12T00:00:00+00:00' AIRFLOW_CTX_TRY_NUMBER='1' AIRFLOW_CTX_DAG_RUN_ID='scheduled__2025-07-12T00:00:00+00:00'
[2025-07-25T11:12:07.377+0000] {taskinstance.py:732} INFO - ::endgroup::
[2025-07-25T11:12:08.414+0000] {logging_mixin.py:190} INFO - [Company extract] retrieved 23670 rows from the database
[2025-07-25T11:12:08.451+0000] {logging_mixin.py:190} INFO - Saved data from database to parquet successfully at /opt/airflow/data/parquet/companies/crawl_companies-20250712.parquet
[2025-07-25T11:12:08.451+0000] {python.py:240} INFO - Done. Returned value was: None
[2025-07-25T11:12:08.457+0000] {taskinstance.py:341} INFO - ::group::Post task execution logs
[2025-07-25T11:12:08.458+0000] {taskinstance.py:353} INFO - Marking task as SUCCESS. dag_id=elt_to_dwh, task_id=extract_task.load_db_to_parquet, run_id=scheduled__2025-07-12T00:00:00+00:00, execution_date=20250712T000000, start_date=20250725T111207, end_date=20250725T111208
[2025-07-25T11:12:08.490+0000] {local_task_job_runner.py:266} INFO - Task exited with return code 0
[2025-07-25T11:12:08.505+0000] {taskinstance.py:3901} INFO - 0 downstream tasks scheduled from follow-on schedule check
[2025-07-25T11:12:08.506+0000] {local_task_job_runner.py:245} INFO - ::endgroup::
[2025-07-25T11:51:27.683+0000] {local_task_job_runner.py:123} INFO - ::group::Pre task execution logs
[2025-07-25T11:51:27.697+0000] {taskinstance.py:2614} INFO - Dependencies all met for dep_context=non-requeueable deps ti=<TaskInstance: elt_to_dwh.extract_task.load_db_to_parquet scheduled__2025-07-12T00:00:00+00:00 [queued]>
[2025-07-25T11:51:27.706+0000] {taskinstance.py:2614} INFO - Dependencies all met for dep_context=requeueable deps ti=<TaskInstance: elt_to_dwh.extract_task.load_db_to_parquet scheduled__2025-07-12T00:00:00+00:00 [queued]>
[2025-07-25T11:51:27.706+0000] {taskinstance.py:2867} INFO - Starting attempt 1 of 1
[2025-07-25T11:51:27.720+0000] {taskinstance.py:2890} INFO - Executing <Task(PythonOperator): extract_task.load_db_to_parquet> on 2025-07-12 00:00:00+00:00
[2025-07-25T11:51:27.728+0000] {standard_task_runner.py:104} INFO - Running: ['airflow', 'tasks', 'run', 'elt_to_dwh', 'extract_task.load_db_to_parquet', 'scheduled__2025-07-12T00:00:00+00:00', '--job-id', '154', '--raw', '--subdir', 'DAGS_FOLDER/elt_to_dwh.py', '--cfg-path', '/tmp/tmpk4c1z225']
[2025-07-25T11:51:27.731+0000] {standard_task_runner.py:105} INFO - Job 154: Subtask extract_task.load_db_to_parquet
[2025-07-25T11:51:27.733+0000] {logging_mixin.py:190} WARNING - /home/airflow/.local/lib/python3.12/site-packages/airflow/task/task_runner/standard_task_runner.py:70 DeprecationWarning: This process (pid=4656) is multi-threaded, use of fork() may lead to deadlocks in the child.
[2025-07-25T11:51:27.734+0000] {standard_task_runner.py:72} INFO - Started process 4666 to run task
[2025-07-25T11:51:27.765+0000] {task_command.py:467} INFO - Running <TaskInstance: elt_to_dwh.extract_task.load_db_to_parquet scheduled__2025-07-12T00:00:00+00:00 [running]> on host 74cfddf97016
[2025-07-25T11:51:27.832+0000] {taskinstance.py:3134} INFO - Exporting env vars: AIRFLOW_CTX_DAG_OWNER='airflow' AIRFLOW_CTX_DAG_ID='elt_to_dwh' AIRFLOW_CTX_TASK_ID='extract_task.load_db_to_parquet' AIRFLOW_CTX_EXECUTION_DATE='2025-07-12T00:00:00+00:00' AIRFLOW_CTX_TRY_NUMBER='1' AIRFLOW_CTX_DAG_RUN_ID='scheduled__2025-07-12T00:00:00+00:00'
[2025-07-25T11:51:27.833+0000] {taskinstance.py:732} INFO - ::endgroup::
[2025-07-25T11:51:28.715+0000] {logging_mixin.py:190} INFO - [Company extract] retrieved 23670 rows from the database
[2025-07-25T11:51:28.756+0000] {logging_mixin.py:190} INFO - Saved data from database to parquet successfully at /opt/airflow/data/parquet/companies/crawl_companies-20250712.parquet
[2025-07-25T11:51:28.756+0000] {python.py:240} INFO - Done. Returned value was: None
[2025-07-25T11:51:28.762+0000] {taskinstance.py:341} INFO - ::group::Post task execution logs
[2025-07-25T11:51:28.763+0000] {taskinstance.py:353} INFO - Marking task as SUCCESS. dag_id=elt_to_dwh, task_id=extract_task.load_db_to_parquet, run_id=scheduled__2025-07-12T00:00:00+00:00, execution_date=20250712T000000, start_date=20250725T115127, end_date=20250725T115128
[2025-07-25T11:51:28.831+0000] {local_task_job_runner.py:266} INFO - Task exited with return code 0
[2025-07-25T11:51:28.845+0000] {taskinstance.py:3901} INFO - 0 downstream tasks scheduled from follow-on schedule check
[2025-07-25T11:51:28.852+0000] {local_task_job_runner.py:245} INFO - ::endgroup::
[2025-07-26T04:57:37.230+0000] {local_task_job_runner.py:123} INFO - ::group::Pre task execution logs
[2025-07-26T04:57:37.243+0000] {taskinstance.py:2614} INFO - Dependencies all met for dep_context=non-requeueable deps ti=<TaskInstance: elt_to_dwh.extract_task.load_db_to_parquet scheduled__2025-07-12T00:00:00+00:00 [queued]>
[2025-07-26T04:57:37.251+0000] {taskinstance.py:2614} INFO - Dependencies all met for dep_context=requeueable deps ti=<TaskInstance: elt_to_dwh.extract_task.load_db_to_parquet scheduled__2025-07-12T00:00:00+00:00 [queued]>
[2025-07-26T04:57:37.252+0000] {taskinstance.py:2867} INFO - Starting attempt 1 of 1
[2025-07-26T04:57:37.266+0000] {taskinstance.py:2890} INFO - Executing <Task(PythonOperator): extract_task.load_db_to_parquet> on 2025-07-12 00:00:00+00:00
[2025-07-26T04:57:37.272+0000] {standard_task_runner.py:104} INFO - Running: ['airflow', 'tasks', 'run', 'elt_to_dwh', 'extract_task.load_db_to_parquet', 'scheduled__2025-07-12T00:00:00+00:00', '--job-id', '32', '--raw', '--subdir', 'DAGS_FOLDER/elt_to_dwh.py', '--cfg-path', '/tmp/tmp5ysopocv']
[2025-07-26T04:57:37.274+0000] {standard_task_runner.py:105} INFO - Job 32: Subtask extract_task.load_db_to_parquet
[2025-07-26T04:57:37.276+0000] {logging_mixin.py:190} WARNING - /home/airflow/.local/lib/python3.12/site-packages/airflow/task/task_runner/standard_task_runner.py:70 DeprecationWarning: This process (pid=783) is multi-threaded, use of fork() may lead to deadlocks in the child.
[2025-07-26T04:57:37.277+0000] {standard_task_runner.py:72} INFO - Started process 793 to run task
[2025-07-26T04:57:37.304+0000] {task_command.py:467} INFO - Running <TaskInstance: elt_to_dwh.extract_task.load_db_to_parquet scheduled__2025-07-12T00:00:00+00:00 [running]> on host 3bc71adbf7e0
[2025-07-26T04:57:37.362+0000] {taskinstance.py:3134} INFO - Exporting env vars: AIRFLOW_CTX_DAG_OWNER='airflow' AIRFLOW_CTX_DAG_ID='elt_to_dwh' AIRFLOW_CTX_TASK_ID='extract_task.load_db_to_parquet' AIRFLOW_CTX_EXECUTION_DATE='2025-07-12T00:00:00+00:00' AIRFLOW_CTX_TRY_NUMBER='1' AIRFLOW_CTX_DAG_RUN_ID='scheduled__2025-07-12T00:00:00+00:00'
[2025-07-26T04:57:37.363+0000] {taskinstance.py:732} INFO - ::endgroup::
[2025-07-26T04:57:38.092+0000] {logging_mixin.py:190} INFO - [Company extract] retrieved 23670 rows from the database
[2025-07-26T04:57:38.130+0000] {logging_mixin.py:190} INFO - Saved data from database to parquet successfully at /opt/airflow/data/parquet/companies/crawl_companies-20250712.parquet
[2025-07-26T04:57:38.130+0000] {python.py:240} INFO - Done. Returned value was: None
[2025-07-26T04:57:38.136+0000] {taskinstance.py:341} INFO - ::group::Post task execution logs
[2025-07-26T04:57:38.137+0000] {taskinstance.py:353} INFO - Marking task as SUCCESS. dag_id=elt_to_dwh, task_id=extract_task.load_db_to_parquet, run_id=scheduled__2025-07-12T00:00:00+00:00, execution_date=20250712T000000, start_date=20250726T045737, end_date=20250726T045738
[2025-07-26T04:57:38.173+0000] {local_task_job_runner.py:266} INFO - Task exited with return code 0
[2025-07-26T04:57:38.188+0000] {taskinstance.py:3901} INFO - 0 downstream tasks scheduled from follow-on schedule check
[2025-07-26T04:57:38.189+0000] {local_task_job_runner.py:245} INFO - ::endgroup::
