[2025-07-25T11:10:41.065+0000] {local_task_job_runner.py:123} INFO - ::group::Pre task execution logs
[2025-07-25T11:10:41.100+0000] {taskinstance.py:2614} INFO - Dependencies all met for dep_context=non-requeueable deps ti=<TaskInstance: elt_to_dwh.extract_task.crawl_ohlcs scheduled__2025-07-10T00:00:00+00:00 [queued]>
[2025-07-25T11:10:41.122+0000] {taskinstance.py:2614} INFO - Dependencies all met for dep_context=requeueable deps ti=<TaskInstance: elt_to_dwh.extract_task.crawl_ohlcs scheduled__2025-07-10T00:00:00+00:00 [queued]>
[2025-07-25T11:10:41.123+0000] {taskinstance.py:2867} INFO - Starting attempt 1 of 1
[2025-07-25T11:10:41.146+0000] {taskinstance.py:2890} INFO - Executing <Task(PythonOperator): extract_task.crawl_ohlcs> on 2025-07-10 00:00:00+00:00
[2025-07-25T11:10:41.157+0000] {standard_task_runner.py:104} INFO - Running: ['airflow', 'tasks', 'run', 'elt_to_dwh', 'extract_task.crawl_ohlcs', 'scheduled__2025-07-10T00:00:00+00:00', '--job-id', '72', '--raw', '--subdir', 'DAGS_FOLDER/elt_to_dwh.py', '--cfg-path', '/tmp/tmpihxc7c0g']
[2025-07-25T11:10:41.162+0000] {standard_task_runner.py:105} INFO - Job 72: Subtask extract_task.crawl_ohlcs
[2025-07-25T11:10:41.164+0000] {logging_mixin.py:190} WARNING - /home/airflow/.local/lib/python3.12/site-packages/airflow/task/task_runner/standard_task_runner.py:70 DeprecationWarning: This process (pid=2721) is multi-threaded, use of fork() may lead to deadlocks in the child.
[2025-07-25T11:10:41.165+0000] {standard_task_runner.py:72} INFO - Started process 2731 to run task
[2025-07-25T11:10:41.220+0000] {task_command.py:467} INFO - Running <TaskInstance: elt_to_dwh.extract_task.crawl_ohlcs scheduled__2025-07-10T00:00:00+00:00 [running]> on host 74cfddf97016
[2025-07-25T11:10:41.379+0000] {taskinstance.py:3134} INFO - Exporting env vars: AIRFLOW_CTX_DAG_OWNER='airflow' AIRFLOW_CTX_DAG_ID='elt_to_dwh' AIRFLOW_CTX_TASK_ID='extract_task.crawl_ohlcs' AIRFLOW_CTX_EXECUTION_DATE='2025-07-10T00:00:00+00:00' AIRFLOW_CTX_TRY_NUMBER='1' AIRFLOW_CTX_DAG_RUN_ID='scheduled__2025-07-10T00:00:00+00:00'
[2025-07-25T11:10:41.382+0000] {taskinstance.py:732} INFO - ::endgroup::
[2025-07-25T11:10:41.407+0000] {logging_mixin.py:190} INFO - url: https://api.polygon.io/v2/aggs/grouped/locale/us/market/stocks/2025-07-10?adjusted=true&include_otc=true&apiKey=2lwa_Zgcz4qzZ1X30xbf2CQBf_AldkL0
[2025-07-25T11:10:43.565+0000] {logging_mixin.py:190} INFO - The process of crawling 15406 OHLCs was successful
[2025-07-25T11:10:43.565+0000] {logging_mixin.py:190} INFO - Saving at /opt/airflow/data/raw/ohlcs/crawl_ohlcs-20250710.json
[2025-07-25T11:10:43.571+0000] {python.py:240} INFO - Done. Returned value was: None
[2025-07-25T11:10:43.578+0000] {taskinstance.py:341} INFO - ::group::Post task execution logs
[2025-07-25T11:10:43.579+0000] {taskinstance.py:353} INFO - Marking task as SUCCESS. dag_id=elt_to_dwh, task_id=extract_task.crawl_ohlcs, run_id=scheduled__2025-07-10T00:00:00+00:00, execution_date=20250710T000000, start_date=20250725T111041, end_date=20250725T111043
[2025-07-25T11:10:43.637+0000] {local_task_job_runner.py:266} INFO - Task exited with return code 0
[2025-07-25T11:10:43.664+0000] {taskinstance.py:3901} INFO - 1 downstream tasks scheduled from follow-on schedule check
[2025-07-25T11:10:43.672+0000] {local_task_job_runner.py:245} INFO - ::endgroup::
[2025-07-25T11:50:12.296+0000] {local_task_job_runner.py:123} INFO - ::group::Pre task execution logs
[2025-07-25T11:50:12.309+0000] {taskinstance.py:2614} INFO - Dependencies all met for dep_context=non-requeueable deps ti=<TaskInstance: elt_to_dwh.extract_task.crawl_ohlcs scheduled__2025-07-10T00:00:00+00:00 [queued]>
[2025-07-25T11:50:12.319+0000] {taskinstance.py:2614} INFO - Dependencies all met for dep_context=requeueable deps ti=<TaskInstance: elt_to_dwh.extract_task.crawl_ohlcs scheduled__2025-07-10T00:00:00+00:00 [queued]>
[2025-07-25T11:50:12.319+0000] {taskinstance.py:2867} INFO - Starting attempt 1 of 1
[2025-07-25T11:50:12.333+0000] {taskinstance.py:2890} INFO - Executing <Task(PythonOperator): extract_task.crawl_ohlcs> on 2025-07-10 00:00:00+00:00
[2025-07-25T11:50:12.340+0000] {standard_task_runner.py:104} INFO - Running: ['airflow', 'tasks', 'run', 'elt_to_dwh', 'extract_task.crawl_ohlcs', 'scheduled__2025-07-10T00:00:00+00:00', '--job-id', '143', '--raw', '--subdir', 'DAGS_FOLDER/elt_to_dwh.py', '--cfg-path', '/tmp/tmpnvcjuniw']
[2025-07-25T11:50:12.343+0000] {standard_task_runner.py:105} INFO - Job 143: Subtask extract_task.crawl_ohlcs
[2025-07-25T11:50:12.344+0000] {logging_mixin.py:190} WARNING - /home/airflow/.local/lib/python3.12/site-packages/airflow/task/task_runner/standard_task_runner.py:70 DeprecationWarning: This process (pid=4472) is multi-threaded, use of fork() may lead to deadlocks in the child.
[2025-07-25T11:50:12.346+0000] {standard_task_runner.py:72} INFO - Started process 4482 to run task
[2025-07-25T11:50:12.385+0000] {task_command.py:467} INFO - Running <TaskInstance: elt_to_dwh.extract_task.crawl_ohlcs scheduled__2025-07-10T00:00:00+00:00 [running]> on host 74cfddf97016
[2025-07-25T11:50:12.519+0000] {taskinstance.py:3134} INFO - Exporting env vars: AIRFLOW_CTX_DAG_OWNER='airflow' AIRFLOW_CTX_DAG_ID='elt_to_dwh' AIRFLOW_CTX_TASK_ID='extract_task.crawl_ohlcs' AIRFLOW_CTX_EXECUTION_DATE='2025-07-10T00:00:00+00:00' AIRFLOW_CTX_TRY_NUMBER='1' AIRFLOW_CTX_DAG_RUN_ID='scheduled__2025-07-10T00:00:00+00:00'
[2025-07-25T11:50:12.521+0000] {taskinstance.py:732} INFO - ::endgroup::
[2025-07-25T11:50:12.562+0000] {logging_mixin.py:190} INFO - url: https://api.polygon.io/v2/aggs/grouped/locale/us/market/stocks/2025-07-10?adjusted=true&include_otc=true&apiKey=2lwa_Zgcz4qzZ1X30xbf2CQBf_AldkL0
[2025-07-25T11:50:14.922+0000] {logging_mixin.py:190} INFO - The process of crawling 15406 OHLCs was successful
[2025-07-25T11:50:14.923+0000] {logging_mixin.py:190} INFO - Saving at /opt/airflow/data/raw/ohlcs/crawl_ohlcs-20250710.json
[2025-07-25T11:50:14.928+0000] {python.py:240} INFO - Done. Returned value was: None
[2025-07-25T11:50:14.935+0000] {taskinstance.py:341} INFO - ::group::Post task execution logs
[2025-07-25T11:50:14.936+0000] {taskinstance.py:353} INFO - Marking task as SUCCESS. dag_id=elt_to_dwh, task_id=extract_task.crawl_ohlcs, run_id=scheduled__2025-07-10T00:00:00+00:00, execution_date=20250710T000000, start_date=20250725T115012, end_date=20250725T115014
[2025-07-25T11:50:14.972+0000] {local_task_job_runner.py:266} INFO - Task exited with return code 0
[2025-07-25T11:50:15.010+0000] {taskinstance.py:3901} INFO - 1 downstream tasks scheduled from follow-on schedule check
[2025-07-25T11:50:15.026+0000] {local_task_job_runner.py:245} INFO - ::endgroup::
[2025-07-26T04:56:26.792+0000] {local_task_job_runner.py:123} INFO - ::group::Pre task execution logs
[2025-07-26T04:56:26.803+0000] {taskinstance.py:2614} INFO - Dependencies all met for dep_context=non-requeueable deps ti=<TaskInstance: elt_to_dwh.extract_task.crawl_ohlcs scheduled__2025-07-10T00:00:00+00:00 [queued]>
[2025-07-26T04:56:26.809+0000] {taskinstance.py:2614} INFO - Dependencies all met for dep_context=requeueable deps ti=<TaskInstance: elt_to_dwh.extract_task.crawl_ohlcs scheduled__2025-07-10T00:00:00+00:00 [queued]>
[2025-07-26T04:56:26.810+0000] {taskinstance.py:2867} INFO - Starting attempt 1 of 1
[2025-07-26T04:56:26.826+0000] {taskinstance.py:2890} INFO - Executing <Task(PythonOperator): extract_task.crawl_ohlcs> on 2025-07-10 00:00:00+00:00
[2025-07-26T04:56:26.832+0000] {standard_task_runner.py:104} INFO - Running: ['airflow', 'tasks', 'run', 'elt_to_dwh', 'extract_task.crawl_ohlcs', 'scheduled__2025-07-10T00:00:00+00:00', '--job-id', '19', '--raw', '--subdir', 'DAGS_FOLDER/elt_to_dwh.py', '--cfg-path', '/tmp/tmphv1go62x']
[2025-07-26T04:56:26.834+0000] {standard_task_runner.py:105} INFO - Job 19: Subtask extract_task.crawl_ohlcs
[2025-07-26T04:56:26.835+0000] {logging_mixin.py:190} WARNING - /home/airflow/.local/lib/python3.12/site-packages/airflow/task/task_runner/standard_task_runner.py:70 DeprecationWarning: This process (pid=557) is multi-threaded, use of fork() may lead to deadlocks in the child.
[2025-07-26T04:56:26.836+0000] {standard_task_runner.py:72} INFO - Started process 567 to run task
[2025-07-26T04:56:26.864+0000] {task_command.py:467} INFO - Running <TaskInstance: elt_to_dwh.extract_task.crawl_ohlcs scheduled__2025-07-10T00:00:00+00:00 [running]> on host 3bc71adbf7e0
[2025-07-26T04:56:26.920+0000] {taskinstance.py:3134} INFO - Exporting env vars: AIRFLOW_CTX_DAG_OWNER='airflow' AIRFLOW_CTX_DAG_ID='elt_to_dwh' AIRFLOW_CTX_TASK_ID='extract_task.crawl_ohlcs' AIRFLOW_CTX_EXECUTION_DATE='2025-07-10T00:00:00+00:00' AIRFLOW_CTX_TRY_NUMBER='1' AIRFLOW_CTX_DAG_RUN_ID='scheduled__2025-07-10T00:00:00+00:00'
[2025-07-26T04:56:26.921+0000] {taskinstance.py:732} INFO - ::endgroup::
[2025-07-26T04:56:26.933+0000] {logging_mixin.py:190} INFO - url: https://api.polygon.io/v2/aggs/grouped/locale/us/market/stocks/2025-07-10?adjusted=true&include_otc=true&apiKey=2lwa_Zgcz4qzZ1X30xbf2CQBf_AldkL0
[2025-07-26T04:56:29.035+0000] {logging_mixin.py:190} INFO - The process of crawling 15406 OHLCs was successful
[2025-07-26T04:56:29.036+0000] {logging_mixin.py:190} INFO - Saving at /opt/airflow/data/raw/ohlcs/crawl_ohlcs-20250710.json
[2025-07-26T04:56:29.040+0000] {python.py:240} INFO - Done. Returned value was: None
[2025-07-26T04:56:29.046+0000] {taskinstance.py:341} INFO - ::group::Post task execution logs
[2025-07-26T04:56:29.046+0000] {taskinstance.py:353} INFO - Marking task as SUCCESS. dag_id=elt_to_dwh, task_id=extract_task.crawl_ohlcs, run_id=scheduled__2025-07-10T00:00:00+00:00, execution_date=20250710T000000, start_date=20250726T045626, end_date=20250726T045629
[2025-07-26T04:56:29.100+0000] {local_task_job_runner.py:266} INFO - Task exited with return code 0
[2025-07-26T04:56:29.120+0000] {taskinstance.py:3901} INFO - 1 downstream tasks scheduled from follow-on schedule check
[2025-07-26T04:56:29.126+0000] {local_task_job_runner.py:245} INFO - ::endgroup::
