[2025-07-25T11:13:14.668+0000] {local_task_job_runner.py:123} INFO - ::group::Pre task execution logs
[2025-07-25T11:13:14.684+0000] {taskinstance.py:2614} INFO - Dependencies all met for dep_context=non-requeueable deps ti=<TaskInstance: elt_to_dwh.extract_task.crawl_ohlcs scheduled__2025-07-14T00:00:00+00:00 [queued]>
[2025-07-25T11:13:14.693+0000] {taskinstance.py:2614} INFO - Dependencies all met for dep_context=requeueable deps ti=<TaskInstance: elt_to_dwh.extract_task.crawl_ohlcs scheduled__2025-07-14T00:00:00+00:00 [queued]>
[2025-07-25T11:13:14.694+0000] {taskinstance.py:2867} INFO - Starting attempt 1 of 1
[2025-07-25T11:13:14.708+0000] {taskinstance.py:2890} INFO - Executing <Task(PythonOperator): extract_task.crawl_ohlcs> on 2025-07-14 00:00:00+00:00
[2025-07-25T11:13:14.717+0000] {standard_task_runner.py:104} INFO - Running: ['airflow', 'tasks', 'run', 'elt_to_dwh', 'extract_task.crawl_ohlcs', 'scheduled__2025-07-14T00:00:00+00:00', '--job-id', '96', '--raw', '--subdir', 'DAGS_FOLDER/elt_to_dwh.py', '--cfg-path', '/tmp/tmp57tqn6ls']
[2025-07-25T11:13:14.720+0000] {standard_task_runner.py:105} INFO - Job 96: Subtask extract_task.crawl_ohlcs
[2025-07-25T11:13:14.722+0000] {logging_mixin.py:190} WARNING - /home/airflow/.local/lib/python3.12/site-packages/airflow/task/task_runner/standard_task_runner.py:70 DeprecationWarning: This process (pid=3115) is multi-threaded, use of fork() may lead to deadlocks in the child.
[2025-07-25T11:13:14.723+0000] {standard_task_runner.py:72} INFO - Started process 3125 to run task
[2025-07-25T11:13:14.761+0000] {task_command.py:467} INFO - Running <TaskInstance: elt_to_dwh.extract_task.crawl_ohlcs scheduled__2025-07-14T00:00:00+00:00 [running]> on host 74cfddf97016
[2025-07-25T11:13:14.834+0000] {taskinstance.py:3134} INFO - Exporting env vars: AIRFLOW_CTX_DAG_OWNER='airflow' AIRFLOW_CTX_DAG_ID='elt_to_dwh' AIRFLOW_CTX_TASK_ID='extract_task.crawl_ohlcs' AIRFLOW_CTX_EXECUTION_DATE='2025-07-14T00:00:00+00:00' AIRFLOW_CTX_TRY_NUMBER='1' AIRFLOW_CTX_DAG_RUN_ID='scheduled__2025-07-14T00:00:00+00:00'
[2025-07-25T11:13:14.835+0000] {taskinstance.py:732} INFO - ::endgroup::
[2025-07-25T11:13:14.850+0000] {logging_mixin.py:190} INFO - url: https://api.polygon.io/v2/aggs/grouped/locale/us/market/stocks/2025-07-14?adjusted=true&include_otc=true&apiKey=2lwa_Zgcz4qzZ1X30xbf2CQBf_AldkL0
[2025-07-25T11:13:16.924+0000] {logging_mixin.py:190} INFO - The process of crawling 15552 OHLCs was successful
[2025-07-25T11:13:16.924+0000] {logging_mixin.py:190} INFO - Saving at /opt/airflow/data/raw/ohlcs/crawl_ohlcs-20250714.json
[2025-07-25T11:13:16.928+0000] {python.py:240} INFO - Done. Returned value was: None
[2025-07-25T11:13:16.932+0000] {taskinstance.py:341} INFO - ::group::Post task execution logs
[2025-07-25T11:13:16.932+0000] {taskinstance.py:353} INFO - Marking task as SUCCESS. dag_id=elt_to_dwh, task_id=extract_task.crawl_ohlcs, run_id=scheduled__2025-07-14T00:00:00+00:00, execution_date=20250714T000000, start_date=20250725T111314, end_date=20250725T111316
[2025-07-25T11:13:16.987+0000] {local_task_job_runner.py:266} INFO - Task exited with return code 0
[2025-07-25T11:13:17.004+0000] {taskinstance.py:3901} INFO - 1 downstream tasks scheduled from follow-on schedule check
[2025-07-25T11:13:17.009+0000] {local_task_job_runner.py:245} INFO - ::endgroup::
[2025-07-25T11:52:14.744+0000] {local_task_job_runner.py:123} INFO - ::group::Pre task execution logs
[2025-07-25T11:52:14.772+0000] {taskinstance.py:2614} INFO - Dependencies all met for dep_context=non-requeueable deps ti=<TaskInstance: elt_to_dwh.extract_task.crawl_ohlcs scheduled__2025-07-14T00:00:00+00:00 [queued]>
[2025-07-25T11:52:14.794+0000] {taskinstance.py:2614} INFO - Dependencies all met for dep_context=requeueable deps ti=<TaskInstance: elt_to_dwh.extract_task.crawl_ohlcs scheduled__2025-07-14T00:00:00+00:00 [queued]>
[2025-07-25T11:52:14.795+0000] {taskinstance.py:2867} INFO - Starting attempt 1 of 1
[2025-07-25T11:52:14.833+0000] {taskinstance.py:2890} INFO - Executing <Task(PythonOperator): extract_task.crawl_ohlcs> on 2025-07-14 00:00:00+00:00
[2025-07-25T11:52:14.849+0000] {standard_task_runner.py:104} INFO - Running: ['airflow', 'tasks', 'run', 'elt_to_dwh', 'extract_task.crawl_ohlcs', 'scheduled__2025-07-14T00:00:00+00:00', '--job-id', '161', '--raw', '--subdir', 'DAGS_FOLDER/elt_to_dwh.py', '--cfg-path', '/tmp/tmppvph8zpf']
[2025-07-25T11:52:14.854+0000] {standard_task_runner.py:105} INFO - Job 161: Subtask extract_task.crawl_ohlcs
[2025-07-25T11:52:14.862+0000] {logging_mixin.py:190} WARNING - /home/airflow/.local/lib/python3.12/site-packages/airflow/task/task_runner/standard_task_runner.py:70 DeprecationWarning: This process (pid=4767) is multi-threaded, use of fork() may lead to deadlocks in the child.
[2025-07-25T11:52:14.864+0000] {standard_task_runner.py:72} INFO - Started process 4777 to run task
[2025-07-25T11:52:14.938+0000] {task_command.py:467} INFO - Running <TaskInstance: elt_to_dwh.extract_task.crawl_ohlcs scheduled__2025-07-14T00:00:00+00:00 [running]> on host 74cfddf97016
[2025-07-25T11:52:15.058+0000] {taskinstance.py:3134} INFO - Exporting env vars: AIRFLOW_CTX_DAG_OWNER='airflow' AIRFLOW_CTX_DAG_ID='elt_to_dwh' AIRFLOW_CTX_TASK_ID='extract_task.crawl_ohlcs' AIRFLOW_CTX_EXECUTION_DATE='2025-07-14T00:00:00+00:00' AIRFLOW_CTX_TRY_NUMBER='1' AIRFLOW_CTX_DAG_RUN_ID='scheduled__2025-07-14T00:00:00+00:00'
[2025-07-25T11:52:15.061+0000] {taskinstance.py:732} INFO - ::endgroup::
[2025-07-25T11:52:15.089+0000] {logging_mixin.py:190} INFO - url: https://api.polygon.io/v2/aggs/grouped/locale/us/market/stocks/2025-07-14?adjusted=true&include_otc=true&apiKey=2lwa_Zgcz4qzZ1X30xbf2CQBf_AldkL0
[2025-07-25T11:52:17.263+0000] {logging_mixin.py:190} INFO - The process of crawling 15552 OHLCs was successful
[2025-07-25T11:52:17.263+0000] {logging_mixin.py:190} INFO - Saving at /opt/airflow/data/raw/ohlcs/crawl_ohlcs-20250714.json
[2025-07-25T11:52:17.270+0000] {python.py:240} INFO - Done. Returned value was: None
[2025-07-25T11:52:17.278+0000] {taskinstance.py:341} INFO - ::group::Post task execution logs
[2025-07-25T11:52:17.279+0000] {taskinstance.py:353} INFO - Marking task as SUCCESS. dag_id=elt_to_dwh, task_id=extract_task.crawl_ohlcs, run_id=scheduled__2025-07-14T00:00:00+00:00, execution_date=20250714T000000, start_date=20250725T115214, end_date=20250725T115217
[2025-07-25T11:52:17.333+0000] {local_task_job_runner.py:266} INFO - Task exited with return code 0
[2025-07-25T11:52:17.361+0000] {taskinstance.py:3901} INFO - 1 downstream tasks scheduled from follow-on schedule check
[2025-07-25T11:52:17.370+0000] {local_task_job_runner.py:245} INFO - ::endgroup::
[2025-07-26T04:58:57.632+0000] {local_task_job_runner.py:123} INFO - ::group::Pre task execution logs
[2025-07-26T04:58:57.667+0000] {taskinstance.py:2614} INFO - Dependencies all met for dep_context=non-requeueable deps ti=<TaskInstance: elt_to_dwh.extract_task.crawl_ohlcs scheduled__2025-07-14T00:00:00+00:00 [queued]>
[2025-07-26T04:58:57.684+0000] {taskinstance.py:2614} INFO - Dependencies all met for dep_context=requeueable deps ti=<TaskInstance: elt_to_dwh.extract_task.crawl_ohlcs scheduled__2025-07-14T00:00:00+00:00 [queued]>
[2025-07-26T04:58:57.685+0000] {taskinstance.py:2867} INFO - Starting attempt 1 of 1
[2025-07-26T04:58:57.707+0000] {taskinstance.py:2890} INFO - Executing <Task(PythonOperator): extract_task.crawl_ohlcs> on 2025-07-14 00:00:00+00:00
[2025-07-26T04:58:57.718+0000] {standard_task_runner.py:104} INFO - Running: ['airflow', 'tasks', 'run', 'elt_to_dwh', 'extract_task.crawl_ohlcs', 'scheduled__2025-07-14T00:00:00+00:00', '--job-id', '44', '--raw', '--subdir', 'DAGS_FOLDER/elt_to_dwh.py', '--cfg-path', '/tmp/tmpwlsanhs8']
[2025-07-26T04:58:57.723+0000] {standard_task_runner.py:105} INFO - Job 44: Subtask extract_task.crawl_ohlcs
[2025-07-26T04:58:57.728+0000] {logging_mixin.py:190} WARNING - /home/airflow/.local/lib/python3.12/site-packages/airflow/task/task_runner/standard_task_runner.py:70 DeprecationWarning: This process (pid=1108) is multi-threaded, use of fork() may lead to deadlocks in the child.
[2025-07-26T04:58:57.731+0000] {standard_task_runner.py:72} INFO - Started process 1118 to run task
[2025-07-26T04:58:57.780+0000] {task_command.py:467} INFO - Running <TaskInstance: elt_to_dwh.extract_task.crawl_ohlcs scheduled__2025-07-14T00:00:00+00:00 [running]> on host 3bc71adbf7e0
[2025-07-26T04:58:57.930+0000] {taskinstance.py:3134} INFO - Exporting env vars: AIRFLOW_CTX_DAG_OWNER='airflow' AIRFLOW_CTX_DAG_ID='elt_to_dwh' AIRFLOW_CTX_TASK_ID='extract_task.crawl_ohlcs' AIRFLOW_CTX_EXECUTION_DATE='2025-07-14T00:00:00+00:00' AIRFLOW_CTX_TRY_NUMBER='1' AIRFLOW_CTX_DAG_RUN_ID='scheduled__2025-07-14T00:00:00+00:00'
[2025-07-26T04:58:57.932+0000] {taskinstance.py:732} INFO - ::endgroup::
[2025-07-26T04:58:57.967+0000] {logging_mixin.py:190} INFO - url: https://api.polygon.io/v2/aggs/grouped/locale/us/market/stocks/2025-07-14?adjusted=true&include_otc=true&apiKey=2lwa_Zgcz4qzZ1X30xbf2CQBf_AldkL0
[2025-07-26T04:59:00.093+0000] {logging_mixin.py:190} INFO - The process of crawling 15552 OHLCs was successful
[2025-07-26T04:59:00.094+0000] {logging_mixin.py:190} INFO - Saving at /opt/airflow/data/raw/ohlcs/crawl_ohlcs-20250714.json
[2025-07-26T04:59:00.098+0000] {python.py:240} INFO - Done. Returned value was: None
[2025-07-26T04:59:00.103+0000] {taskinstance.py:341} INFO - ::group::Post task execution logs
[2025-07-26T04:59:00.104+0000] {taskinstance.py:353} INFO - Marking task as SUCCESS. dag_id=elt_to_dwh, task_id=extract_task.crawl_ohlcs, run_id=scheduled__2025-07-14T00:00:00+00:00, execution_date=20250714T000000, start_date=20250726T045857, end_date=20250726T045900
[2025-07-26T04:59:00.154+0000] {local_task_job_runner.py:266} INFO - Task exited with return code 0
[2025-07-26T04:59:00.202+0000] {taskinstance.py:3901} INFO - 1 downstream tasks scheduled from follow-on schedule check
[2025-07-26T04:59:00.212+0000] {local_task_job_runner.py:245} INFO - ::endgroup::
