[2025-07-25T11:17:28.979+0000] {local_task_job_runner.py:123} INFO - ::group::Pre task execution logs
[2025-07-25T11:17:29.000+0000] {taskinstance.py:2614} INFO - Dependencies all met for dep_context=non-requeueable deps ti=<TaskInstance: elt_to_dwh.transform_task.process_ohlcs scheduled__2025-07-16T00:00:00+00:00 [queued]>
[2025-07-25T11:17:29.009+0000] {taskinstance.py:2614} INFO - Dependencies all met for dep_context=requeueable deps ti=<TaskInstance: elt_to_dwh.transform_task.process_ohlcs scheduled__2025-07-16T00:00:00+00:00 [queued]>
[2025-07-25T11:17:29.009+0000] {taskinstance.py:2867} INFO - Starting attempt 1 of 1
[2025-07-25T11:17:29.026+0000] {taskinstance.py:2890} INFO - Executing <Task(SparkSubmitOperator): transform_task.process_ohlcs> on 2025-07-16 00:00:00+00:00
[2025-07-25T11:17:29.038+0000] {standard_task_runner.py:104} INFO - Running: ['airflow', 'tasks', 'run', 'elt_to_dwh', 'transform_task.process_ohlcs', 'scheduled__2025-07-16T00:00:00+00:00', '--job-id', '133', '--raw', '--subdir', 'DAGS_FOLDER/elt_to_dwh.py', '--cfg-path', '/tmp/tmp3nwg8f_i']
[2025-07-25T11:17:29.041+0000] {standard_task_runner.py:105} INFO - Job 133: Subtask transform_task.process_ohlcs
[2025-07-25T11:17:29.042+0000] {logging_mixin.py:190} WARNING - /home/airflow/.local/lib/python3.12/site-packages/airflow/task/task_runner/standard_task_runner.py:70 DeprecationWarning: This process (pid=4023) is multi-threaded, use of fork() may lead to deadlocks in the child.
[2025-07-25T11:17:29.042+0000] {standard_task_runner.py:72} INFO - Started process 4033 to run task
[2025-07-25T11:17:29.095+0000] {task_command.py:467} INFO - Running <TaskInstance: elt_to_dwh.transform_task.process_ohlcs scheduled__2025-07-16T00:00:00+00:00 [running]> on host 74cfddf97016
[2025-07-25T11:17:29.175+0000] {taskinstance.py:3134} INFO - Exporting env vars: AIRFLOW_CTX_DAG_OWNER='airflow' AIRFLOW_CTX_DAG_ID='elt_to_dwh' AIRFLOW_CTX_TASK_ID='transform_task.process_ohlcs' AIRFLOW_CTX_EXECUTION_DATE='2025-07-16T00:00:00+00:00' AIRFLOW_CTX_TRY_NUMBER='1' AIRFLOW_CTX_DAG_RUN_ID='scheduled__2025-07-16T00:00:00+00:00'
[2025-07-25T11:17:29.176+0000] {taskinstance.py:732} INFO - ::endgroup::
[2025-07-25T11:17:29.196+0000] {spark_submit.py:223} INFO - Could not load connection string spark_conn, defaulting to yarn
[2025-07-25T11:17:29.197+0000] {spark_submit.py:351} INFO - Spark-Submit cmd: spark-submit --master yarn --name arrow-spark /opt/airflow/scripts/elt_to_dwh/transform/process_ohlcs.py 2025-07-16
[2025-07-25T11:17:30.685+0000] {spark_submit.py:521} INFO - Exception in thread "main" org.apache.spark.SparkException: When running with master 'yarn' either HADOOP_CONF_DIR or YARN_CONF_DIR must be set in the environment.
[2025-07-25T11:17:30.686+0000] {spark_submit.py:521} INFO - at org.apache.spark.deploy.SparkSubmitArguments.error(SparkSubmitArguments.scala:650)
[2025-07-25T11:17:30.686+0000] {spark_submit.py:521} INFO - at org.apache.spark.deploy.SparkSubmitArguments.validateSubmitArguments(SparkSubmitArguments.scala:281)
[2025-07-25T11:17:30.687+0000] {spark_submit.py:521} INFO - at org.apache.spark.deploy.SparkSubmitArguments.validateArguments(SparkSubmitArguments.scala:237)
[2025-07-25T11:17:30.687+0000] {spark_submit.py:521} INFO - at org.apache.spark.deploy.SparkSubmitArguments.<init>(SparkSubmitArguments.scala:122)
[2025-07-25T11:17:30.687+0000] {spark_submit.py:521} INFO - at org.apache.spark.deploy.SparkSubmit$$anon$2$$anon$3.<init>(SparkSubmit.scala:1108)
[2025-07-25T11:17:30.688+0000] {spark_submit.py:521} INFO - at org.apache.spark.deploy.SparkSubmit$$anon$2.parseArguments(SparkSubmit.scala:1108)
[2025-07-25T11:17:30.688+0000] {spark_submit.py:521} INFO - at org.apache.spark.deploy.SparkSubmit.doSubmit(SparkSubmit.scala:86)
[2025-07-25T11:17:30.688+0000] {spark_submit.py:521} INFO - at org.apache.spark.deploy.SparkSubmit$$anon$2.doSubmit(SparkSubmit.scala:1125)
[2025-07-25T11:17:30.689+0000] {spark_submit.py:521} INFO - at org.apache.spark.deploy.SparkSubmit$.main(SparkSubmit.scala:1134)
[2025-07-25T11:17:30.689+0000] {spark_submit.py:521} INFO - at org.apache.spark.deploy.SparkSubmit.main(SparkSubmit.scala)
[2025-07-25T11:17:30.706+0000] {taskinstance.py:3313} ERROR - Task failed with exception
Traceback (most recent call last):
  File "/home/airflow/.local/lib/python3.12/site-packages/airflow/models/taskinstance.py", line 768, in _execute_task
    result = _execute_callable(context=context, **execute_callable_kwargs)
             ^^^^^^^^^^^^^^^^^^^^^^^^^^^^^^^^^^^^^^^^^^^^^^^^^^^^^^^^^^^^^
  File "/home/airflow/.local/lib/python3.12/site-packages/airflow/models/taskinstance.py", line 734, in _execute_callable
    return ExecutionCallableRunner(
           ^^^^^^^^^^^^^^^^^^^^^^^^
  File "/home/airflow/.local/lib/python3.12/site-packages/airflow/utils/operator_helpers.py", line 252, in run
    return self.func(*args, **kwargs)
           ^^^^^^^^^^^^^^^^^^^^^^^^^^
  File "/home/airflow/.local/lib/python3.12/site-packages/airflow/models/baseoperator.py", line 424, in wrapper
    return func(self, *args, **kwargs)
           ^^^^^^^^^^^^^^^^^^^^^^^^^^^
  File "/home/airflow/.local/lib/python3.12/site-packages/airflow/providers/apache/spark/operators/spark_submit.py", line 156, in execute
    self._hook.submit(self._application)
  File "/home/airflow/.local/lib/python3.12/site-packages/airflow/providers/apache/spark/hooks/spark_submit.py", line 452, in submit
    raise AirflowException(
airflow.exceptions.AirflowException: Cannot execute: spark-submit --master yarn --name arrow-spark /opt/airflow/scripts/elt_to_dwh/transform/process_ohlcs.py 2025-07-16. Error code is: 1.
[2025-07-25T11:17:30.710+0000] {taskinstance.py:1226} INFO - Marking task as FAILED. dag_id=elt_to_dwh, task_id=transform_task.process_ohlcs, run_id=scheduled__2025-07-16T00:00:00+00:00, execution_date=20250716T000000, start_date=20250725T111729, end_date=20250725T111730
[2025-07-25T11:17:30.728+0000] {taskinstance.py:341} INFO - ::group::Post task execution logs
[2025-07-25T11:17:30.729+0000] {standard_task_runner.py:124} ERROR - Failed to execute job 133 for task transform_task.process_ohlcs (Cannot execute: spark-submit --master yarn --name arrow-spark /opt/airflow/scripts/elt_to_dwh/transform/process_ohlcs.py 2025-07-16. Error code is: 1.; 4033)
Traceback (most recent call last):
  File "/home/airflow/.local/lib/python3.12/site-packages/airflow/task/task_runner/standard_task_runner.py", line 117, in _start_by_fork
    ret = args.func(args, dag=self.dag)
          ^^^^^^^^^^^^^^^^^^^^^^^^^^^^^
  File "/home/airflow/.local/lib/python3.12/site-packages/airflow/cli/cli_config.py", line 49, in command
    return func(*args, **kwargs)
           ^^^^^^^^^^^^^^^^^^^^^
  File "/home/airflow/.local/lib/python3.12/site-packages/airflow/utils/cli.py", line 116, in wrapper
    return f(*args, **kwargs)
           ^^^^^^^^^^^^^^^^^^
  File "/home/airflow/.local/lib/python3.12/site-packages/airflow/cli/commands/task_command.py", line 483, in task_run
    task_return_code = _run_task_by_selected_method(args, _dag, ti)
                       ^^^^^^^^^^^^^^^^^^^^^^^^^^^^^^^^^^^^^^^^^^^^
  File "/home/airflow/.local/lib/python3.12/site-packages/airflow/cli/commands/task_command.py", line 256, in _run_task_by_selected_method
    return _run_raw_task(args, ti)
           ^^^^^^^^^^^^^^^^^^^^^^^
  File "/home/airflow/.local/lib/python3.12/site-packages/airflow/cli/commands/task_command.py", line 341, in _run_raw_task
    return ti._run_raw_task(
           ^^^^^^^^^^^^^^^^^
  File "/home/airflow/.local/lib/python3.12/site-packages/airflow/utils/session.py", line 97, in wrapper
    return func(*args, session=session, **kwargs)
           ^^^^^^^^^^^^^^^^^^^^^^^^^^^^^^^^^^^^^^
  File "/home/airflow/.local/lib/python3.12/site-packages/airflow/models/taskinstance.py", line 3006, in _run_raw_task
    return _run_raw_task(
           ^^^^^^^^^^^^^^
  File "/home/airflow/.local/lib/python3.12/site-packages/airflow/models/taskinstance.py", line 274, in _run_raw_task
    TaskInstance._execute_task_with_callbacks(
  File "/home/airflow/.local/lib/python3.12/site-packages/airflow/models/taskinstance.py", line 3161, in _execute_task_with_callbacks
    result = self._execute_task(context, task_orig)
             ^^^^^^^^^^^^^^^^^^^^^^^^^^^^^^^^^^^^^^
  File "/home/airflow/.local/lib/python3.12/site-packages/airflow/models/taskinstance.py", line 3185, in _execute_task
    return _execute_task(self, context, task_orig)
           ^^^^^^^^^^^^^^^^^^^^^^^^^^^^^^^^^^^^^^^
  File "/home/airflow/.local/lib/python3.12/site-packages/airflow/models/taskinstance.py", line 768, in _execute_task
    result = _execute_callable(context=context, **execute_callable_kwargs)
             ^^^^^^^^^^^^^^^^^^^^^^^^^^^^^^^^^^^^^^^^^^^^^^^^^^^^^^^^^^^^^
  File "/home/airflow/.local/lib/python3.12/site-packages/airflow/models/taskinstance.py", line 734, in _execute_callable
    return ExecutionCallableRunner(
           ^^^^^^^^^^^^^^^^^^^^^^^^
  File "/home/airflow/.local/lib/python3.12/site-packages/airflow/utils/operator_helpers.py", line 252, in run
    return self.func(*args, **kwargs)
           ^^^^^^^^^^^^^^^^^^^^^^^^^^
  File "/home/airflow/.local/lib/python3.12/site-packages/airflow/models/baseoperator.py", line 424, in wrapper
    return func(self, *args, **kwargs)
           ^^^^^^^^^^^^^^^^^^^^^^^^^^^
  File "/home/airflow/.local/lib/python3.12/site-packages/airflow/providers/apache/spark/operators/spark_submit.py", line 156, in execute
    self._hook.submit(self._application)
  File "/home/airflow/.local/lib/python3.12/site-packages/airflow/providers/apache/spark/hooks/spark_submit.py", line 452, in submit
    raise AirflowException(
airflow.exceptions.AirflowException: Cannot execute: spark-submit --master yarn --name arrow-spark /opt/airflow/scripts/elt_to_dwh/transform/process_ohlcs.py 2025-07-16. Error code is: 1.
[2025-07-25T11:17:30.745+0000] {local_task_job_runner.py:266} INFO - Task exited with return code 1
[2025-07-25T11:17:30.758+0000] {taskinstance.py:3901} INFO - 0 downstream tasks scheduled from follow-on schedule check
[2025-07-25T11:17:30.765+0000] {local_task_job_runner.py:245} INFO - ::endgroup::
[2025-07-26T05:06:08.769+0000] {local_task_job_runner.py:123} INFO - ::group::Pre task execution logs
[2025-07-26T05:06:08.784+0000] {taskinstance.py:2614} INFO - Dependencies all met for dep_context=non-requeueable deps ti=<TaskInstance: elt_to_dwh.transform_task.process_ohlcs scheduled__2025-07-16T00:00:00+00:00 [queued]>
[2025-07-26T05:06:08.791+0000] {taskinstance.py:2614} INFO - Dependencies all met for dep_context=requeueable deps ti=<TaskInstance: elt_to_dwh.transform_task.process_ohlcs scheduled__2025-07-16T00:00:00+00:00 [queued]>
[2025-07-26T05:06:08.792+0000] {taskinstance.py:2867} INFO - Starting attempt 1 of 1
[2025-07-26T05:06:08.807+0000] {taskinstance.py:2890} INFO - Executing <Task(SparkSubmitOperator): transform_task.process_ohlcs> on 2025-07-16 00:00:00+00:00
[2025-07-26T05:06:08.815+0000] {standard_task_runner.py:104} INFO - Running: ['airflow', 'tasks', 'run', 'elt_to_dwh', 'transform_task.process_ohlcs', 'scheduled__2025-07-16T00:00:00+00:00', '--job-id', '83', '--raw', '--subdir', 'DAGS_FOLDER/elt_to_dwh.py', '--cfg-path', '/tmp/tmphc3am246']
[2025-07-26T05:06:08.817+0000] {standard_task_runner.py:105} INFO - Job 83: Subtask transform_task.process_ohlcs
[2025-07-26T05:06:08.820+0000] {logging_mixin.py:190} WARNING - /home/airflow/.local/lib/python3.12/site-packages/airflow/task/task_runner/standard_task_runner.py:70 DeprecationWarning: This process (pid=4139) is multi-threaded, use of fork() may lead to deadlocks in the child.
[2025-07-26T05:06:08.821+0000] {standard_task_runner.py:72} INFO - Started process 4149 to run task
[2025-07-26T05:06:08.851+0000] {task_command.py:467} INFO - Running <TaskInstance: elt_to_dwh.transform_task.process_ohlcs scheduled__2025-07-16T00:00:00+00:00 [running]> on host 3bc71adbf7e0
[2025-07-26T05:06:08.924+0000] {taskinstance.py:3134} INFO - Exporting env vars: AIRFLOW_CTX_DAG_OWNER='airflow' AIRFLOW_CTX_DAG_ID='elt_to_dwh' AIRFLOW_CTX_TASK_ID='transform_task.process_ohlcs' AIRFLOW_CTX_EXECUTION_DATE='2025-07-16T00:00:00+00:00' AIRFLOW_CTX_TRY_NUMBER='1' AIRFLOW_CTX_DAG_RUN_ID='scheduled__2025-07-16T00:00:00+00:00'
[2025-07-26T05:06:08.925+0000] {taskinstance.py:732} INFO - ::endgroup::
[2025-07-26T05:06:08.941+0000] {base.py:84} INFO - Retrieving connection 'spark_conn'
[2025-07-26T05:06:08.942+0000] {spark_submit.py:351} INFO - Spark-Submit cmd: spark-submit --master spark-master:7077 --name arrow-spark /opt/airflow/scripts/elt_to_dwh/transform/process_ohlcs.py 2025-07-16
[2025-07-26T05:06:12.214+0000] {spark_submit.py:521} INFO - Execution date string: 2025-07-16
[2025-07-26T05:06:12.669+0000] {spark_submit.py:521} INFO - Reading from: s3a://stock-project-datalake/ohlcs/crawl_ohlcs-20250716.parquet
[2025-07-26T05:06:12.740+0000] {spark_submit.py:521} INFO - 25/07/26 05:06:12 INFO SparkContext: Running Spark version 3.5.6
[2025-07-26T05:06:12.741+0000] {spark_submit.py:521} INFO - 25/07/26 05:06:12 INFO SparkContext: OS info Linux, 5.15.153.1-microsoft-standard-WSL2, amd64
[2025-07-26T05:06:12.742+0000] {spark_submit.py:521} INFO - 25/07/26 05:06:12 INFO SparkContext: Java version 17.0.15
[2025-07-26T05:06:12.791+0000] {spark_submit.py:521} INFO - 25/07/26 05:06:12 WARN NativeCodeLoader: Unable to load native-hadoop library for your platform... using builtin-java classes where applicable
[2025-07-26T05:06:12.876+0000] {spark_submit.py:521} INFO - 25/07/26 05:06:12 INFO ResourceUtils: ==============================================================
[2025-07-26T05:06:12.877+0000] {spark_submit.py:521} INFO - 25/07/26 05:06:12 INFO ResourceUtils: No custom resources configured for spark.driver.
[2025-07-26T05:06:12.877+0000] {spark_submit.py:521} INFO - 25/07/26 05:06:12 INFO ResourceUtils: ==============================================================
[2025-07-26T05:06:12.878+0000] {spark_submit.py:521} INFO - 25/07/26 05:06:12 INFO SparkContext: Submitted application: process_ohlcs
[2025-07-26T05:06:12.897+0000] {spark_submit.py:521} INFO - 25/07/26 05:06:12 INFO ResourceProfile: Default ResourceProfile created, executor resources: Map(memory -> name: memory, amount: 1024, script: , vendor: , offHeap -> name: offHeap, amount: 0, script: , vendor: ), task resources: Map(cpus -> name: cpus, amount: 1.0)
[2025-07-26T05:06:12.904+0000] {spark_submit.py:521} INFO - 25/07/26 05:06:12 INFO ResourceProfile: Limiting resource is cpu
[2025-07-26T05:06:12.905+0000] {spark_submit.py:521} INFO - 25/07/26 05:06:12 INFO ResourceProfileManager: Added ResourceProfile id: 0
[2025-07-26T05:06:12.949+0000] {spark_submit.py:521} INFO - 25/07/26 05:06:12 INFO SecurityManager: Changing view acls to: airflow
[2025-07-26T05:06:12.950+0000] {spark_submit.py:521} INFO - 25/07/26 05:06:12 INFO SecurityManager: Changing modify acls to: airflow
[2025-07-26T05:06:12.950+0000] {spark_submit.py:521} INFO - 25/07/26 05:06:12 INFO SecurityManager: Changing view acls groups to:
[2025-07-26T05:06:12.951+0000] {spark_submit.py:521} INFO - 25/07/26 05:06:12 INFO SecurityManager: Changing modify acls groups to:
[2025-07-26T05:06:12.952+0000] {spark_submit.py:521} INFO - 25/07/26 05:06:12 INFO SecurityManager: SecurityManager: authentication disabled; ui acls disabled; users with view permissions: airflow; groups with view permissions: EMPTY; users with modify permissions: airflow; groups with modify permissions: EMPTY
[2025-07-26T05:06:13.207+0000] {spark_submit.py:521} INFO - 25/07/26 05:06:13 INFO Utils: Successfully started service 'sparkDriver' on port 37245.
[2025-07-26T05:06:13.236+0000] {spark_submit.py:521} INFO - 25/07/26 05:06:13 INFO SparkEnv: Registering MapOutputTracker
[2025-07-26T05:06:13.270+0000] {spark_submit.py:521} INFO - 25/07/26 05:06:13 INFO SparkEnv: Registering BlockManagerMaster
[2025-07-26T05:06:13.288+0000] {spark_submit.py:521} INFO - 25/07/26 05:06:13 INFO BlockManagerMasterEndpoint: Using org.apache.spark.storage.DefaultTopologyMapper for getting topology information
[2025-07-26T05:06:13.289+0000] {spark_submit.py:521} INFO - 25/07/26 05:06:13 INFO BlockManagerMasterEndpoint: BlockManagerMasterEndpoint up
[2025-07-26T05:06:13.294+0000] {spark_submit.py:521} INFO - 25/07/26 05:06:13 INFO SparkEnv: Registering BlockManagerMasterHeartbeat
[2025-07-26T05:06:13.317+0000] {spark_submit.py:521} INFO - 25/07/26 05:06:13 INFO DiskBlockManager: Created local directory at /tmp/blockmgr-dd652a59-aa77-48e8-81e5-421d4f9517f5
[2025-07-26T05:06:13.332+0000] {spark_submit.py:521} INFO - 25/07/26 05:06:13 INFO MemoryStore: MemoryStore started with capacity 434.4 MiB
[2025-07-26T05:06:13.351+0000] {spark_submit.py:521} INFO - 25/07/26 05:06:13 INFO SparkEnv: Registering OutputCommitCoordinator
[2025-07-26T05:06:13.477+0000] {spark_submit.py:521} INFO - 25/07/26 05:06:13 INFO JettyUtils: Start Jetty 0.0.0.0:4040 for SparkUI
[2025-07-26T05:06:13.532+0000] {spark_submit.py:521} INFO - 25/07/26 05:06:13 INFO Utils: Successfully started service 'SparkUI' on port 4040.
[2025-07-26T05:06:13.658+0000] {spark_submit.py:521} INFO - 25/07/26 05:06:13 INFO StandaloneAppClient$ClientEndpoint: Connecting to master spark://spark-master:7077...
[2025-07-26T05:06:13.697+0000] {spark_submit.py:521} INFO - 25/07/26 05:06:13 INFO TransportClientFactory: Successfully created connection to spark-master/172.18.0.5:7077 after 21 ms (0 ms spent in bootstraps)
[2025-07-26T05:06:13.771+0000] {spark_submit.py:521} INFO - 25/07/26 05:06:13 INFO StandaloneSchedulerBackend: Connected to Spark cluster with app ID app-20250726050613-0007
[2025-07-26T05:06:13.775+0000] {spark_submit.py:521} INFO - 25/07/26 05:06:13 INFO StandaloneAppClient$ClientEndpoint: Executor added: app-20250726050613-0007/0 on worker-20250726042217-172.18.0.6-40723 (172.18.0.6:40723) with 2 core(s)
[2025-07-26T05:06:13.778+0000] {spark_submit.py:521} INFO - 25/07/26 05:06:13 INFO StandaloneSchedulerBackend: Granted executor ID app-20250726050613-0007/0 on hostPort 172.18.0.6:40723 with 2 core(s), 1024.0 MiB RAM
[2025-07-26T05:06:13.783+0000] {spark_submit.py:521} INFO - 25/07/26 05:06:13 INFO Utils: Successfully started service 'org.apache.spark.network.netty.NettyBlockTransferService' on port 46813.
[2025-07-26T05:06:13.784+0000] {spark_submit.py:521} INFO - 25/07/26 05:06:13 INFO NettyBlockTransferService: Server created on 3bc71adbf7e0:46813
[2025-07-26T05:06:13.786+0000] {spark_submit.py:521} INFO - 25/07/26 05:06:13 INFO BlockManager: Using org.apache.spark.storage.RandomBlockReplicationPolicy for block replication policy
[2025-07-26T05:06:13.798+0000] {spark_submit.py:521} INFO - 25/07/26 05:06:13 INFO BlockManagerMaster: Registering BlockManager BlockManagerId(driver, 3bc71adbf7e0, 46813, None)
[2025-07-26T05:06:13.804+0000] {spark_submit.py:521} INFO - 25/07/26 05:06:13 INFO BlockManagerMasterEndpoint: Registering block manager 3bc71adbf7e0:46813 with 434.4 MiB RAM, BlockManagerId(driver, 3bc71adbf7e0, 46813, None)
[2025-07-26T05:06:13.809+0000] {spark_submit.py:521} INFO - 25/07/26 05:06:13 INFO BlockManagerMaster: Registered BlockManager BlockManagerId(driver, 3bc71adbf7e0, 46813, None)
[2025-07-26T05:06:13.811+0000] {spark_submit.py:521} INFO - 25/07/26 05:06:13 INFO BlockManager: Initialized BlockManager: BlockManagerId(driver, 3bc71adbf7e0, 46813, None)
[2025-07-26T05:06:13.818+0000] {spark_submit.py:521} INFO - 25/07/26 05:06:13 INFO StandaloneAppClient$ClientEndpoint: Executor updated: app-20250726050613-0007/0 is now RUNNING
[2025-07-26T05:06:14.062+0000] {spark_submit.py:521} INFO - 25/07/26 05:06:14 INFO StandaloneSchedulerBackend: SchedulerBackend is ready for scheduling beginning after reached minRegisteredResourcesRatio: 0.0
[2025-07-26T05:06:14.353+0000] {spark_submit.py:521} INFO - 25/07/26 05:06:14 INFO SharedState: Setting hive.metastore.warehouse.dir ('null') to the value of spark.sql.warehouse.dir.
[2025-07-26T05:06:14.367+0000] {spark_submit.py:521} INFO - 25/07/26 05:06:14 INFO SharedState: Warehouse path is 'file:/opt/airflow/spark-warehouse'.
[2025-07-26T05:06:15.985+0000] {spark_submit.py:521} INFO - 25/07/26 05:06:15 WARN MetricsConfig: Cannot locate configuration: tried hadoop-metrics2-s3a-file-system.properties,hadoop-metrics2.properties
[2025-07-26T05:06:16.008+0000] {spark_submit.py:521} INFO - 25/07/26 05:06:16 INFO MetricsSystemImpl: Scheduled Metric snapshot period at 10 second(s).
[2025-07-26T05:06:16.009+0000] {spark_submit.py:521} INFO - 25/07/26 05:06:16 INFO MetricsSystemImpl: s3a-file-system metrics system started
[2025-07-26T05:06:17.203+0000] {spark_submit.py:521} INFO - 25/07/26 05:06:17 INFO StandaloneSchedulerBackend$StandaloneDriverEndpoint: Registered executor NettyRpcEndpointRef(spark-client://Executor) (172.18.0.6:37630) with ID 0,  ResourceProfileId 0
[2025-07-26T05:06:17.545+0000] {spark_submit.py:521} INFO - 25/07/26 05:06:17 INFO BlockManagerMasterEndpoint: Registering block manager 172.18.0.6:44633 with 434.4 MiB RAM, BlockManagerId(0, 172.18.0.6, 44633, None)
[2025-07-26T05:06:18.365+0000] {spark_submit.py:521} INFO - 25/07/26 05:06:18 INFO InMemoryFileIndex: It took 186 ms to list leaf files for 1 paths.
[2025-07-26T05:06:18.859+0000] {spark_submit.py:521} INFO - 25/07/26 05:06:18 INFO SparkContext: Starting job: parquet at NativeMethodAccessorImpl.java:0
[2025-07-26T05:06:18.874+0000] {spark_submit.py:521} INFO - 25/07/26 05:06:18 INFO DAGScheduler: Got job 0 (parquet at NativeMethodAccessorImpl.java:0) with 1 output partitions
[2025-07-26T05:06:18.875+0000] {spark_submit.py:521} INFO - 25/07/26 05:06:18 INFO DAGScheduler: Final stage: ResultStage 0 (parquet at NativeMethodAccessorImpl.java:0)
[2025-07-26T05:06:18.875+0000] {spark_submit.py:521} INFO - 25/07/26 05:06:18 INFO DAGScheduler: Parents of final stage: List()
[2025-07-26T05:06:18.876+0000] {spark_submit.py:521} INFO - 25/07/26 05:06:18 INFO DAGScheduler: Missing parents: List()
[2025-07-26T05:06:18.880+0000] {spark_submit.py:521} INFO - 25/07/26 05:06:18 INFO DAGScheduler: Submitting ResultStage 0 (MapPartitionsRDD[1] at parquet at NativeMethodAccessorImpl.java:0), which has no missing parents
[2025-07-26T05:06:18.963+0000] {spark_submit.py:521} INFO - 25/07/26 05:06:18 INFO MemoryStore: Block broadcast_0 stored as values in memory (estimated size 104.6 KiB, free 434.3 MiB)
[2025-07-26T05:06:19.004+0000] {spark_submit.py:521} INFO - 25/07/26 05:06:19 INFO MemoryStore: Block broadcast_0_piece0 stored as bytes in memory (estimated size 38.1 KiB, free 434.3 MiB)
[2025-07-26T05:06:19.007+0000] {spark_submit.py:521} INFO - 25/07/26 05:06:19 INFO BlockManagerInfo: Added broadcast_0_piece0 in memory on 3bc71adbf7e0:46813 (size: 38.1 KiB, free: 434.4 MiB)
[2025-07-26T05:06:19.012+0000] {spark_submit.py:521} INFO - 25/07/26 05:06:19 INFO SparkContext: Created broadcast 0 from broadcast at DAGScheduler.scala:1611
[2025-07-26T05:06:19.040+0000] {spark_submit.py:521} INFO - 25/07/26 05:06:19 INFO DAGScheduler: Submitting 1 missing tasks from ResultStage 0 (MapPartitionsRDD[1] at parquet at NativeMethodAccessorImpl.java:0) (first 15 tasks are for partitions Vector(0))
[2025-07-26T05:06:19.041+0000] {spark_submit.py:521} INFO - 25/07/26 05:06:19 INFO TaskSchedulerImpl: Adding task set 0.0 with 1 tasks resource profile 0
[2025-07-26T05:06:19.082+0000] {spark_submit.py:521} INFO - 25/07/26 05:06:19 INFO TaskSetManager: Starting task 0.0 in stage 0.0 (TID 0) (172.18.0.6, executor 0, partition 0, PROCESS_LOCAL, 9161 bytes)
[2025-07-26T05:06:19.324+0000] {spark_submit.py:521} INFO - 25/07/26 05:06:19 INFO BlockManagerInfo: Added broadcast_0_piece0 in memory on 172.18.0.6:44633 (size: 38.1 KiB, free: 434.4 MiB)
[2025-07-26T05:06:21.470+0000] {spark_submit.py:521} INFO - 25/07/26 05:06:21 INFO TaskSetManager: Finished task 0.0 in stage 0.0 (TID 0) in 2406 ms on 172.18.0.6 (executor 0) (1/1)
[2025-07-26T05:06:21.472+0000] {spark_submit.py:521} INFO - 25/07/26 05:06:21 INFO TaskSchedulerImpl: Removed TaskSet 0.0, whose tasks have all completed, from pool
[2025-07-26T05:06:21.476+0000] {spark_submit.py:521} INFO - 25/07/26 05:06:21 INFO DAGScheduler: ResultStage 0 (parquet at NativeMethodAccessorImpl.java:0) finished in 2.580 s
[2025-07-26T05:06:21.478+0000] {spark_submit.py:521} INFO - 25/07/26 05:06:21 INFO DAGScheduler: Job 0 is finished. Cancelling potential speculative or zombie tasks for this job
[2025-07-26T05:06:21.479+0000] {spark_submit.py:521} INFO - 25/07/26 05:06:21 INFO TaskSchedulerImpl: Killing all running tasks in stage 0: Stage finished
[2025-07-26T05:06:21.480+0000] {spark_submit.py:521} INFO - 25/07/26 05:06:21 INFO DAGScheduler: Job 0 finished: parquet at NativeMethodAccessorImpl.java:0, took 2.620836 s
[2025-07-26T05:06:21.739+0000] {spark_submit.py:521} INFO - 25/07/26 05:06:21 INFO BlockManagerInfo: Removed broadcast_0_piece0 on 3bc71adbf7e0:46813 in memory (size: 38.1 KiB, free: 434.4 MiB)
[2025-07-26T05:06:21.746+0000] {spark_submit.py:521} INFO - 25/07/26 05:06:21 INFO BlockManagerInfo: Removed broadcast_0_piece0 on 172.18.0.6:44633 in memory (size: 38.1 KiB, free: 434.4 MiB)
[2025-07-26T05:06:21.957+0000] {spark_submit.py:521} INFO - DataFrame loaded from Parquet:
[2025-07-26T05:06:21.970+0000] {spark_submit.py:521} INFO - root
[2025-07-26T05:06:21.970+0000] {spark_submit.py:521} INFO - |-- ticker: string (nullable = true)
[2025-07-26T05:06:21.971+0000] {spark_submit.py:521} INFO - |-- volume: double (nullable = true)
[2025-07-26T05:06:21.971+0000] {spark_submit.py:521} INFO - |-- volume_weighted: double (nullable = true)
[2025-07-26T05:06:21.971+0000] {spark_submit.py:521} INFO - |-- open: double (nullable = true)
[2025-07-26T05:06:21.971+0000] {spark_submit.py:521} INFO - |-- close: double (nullable = true)
[2025-07-26T05:06:21.972+0000] {spark_submit.py:521} INFO - |-- high: double (nullable = true)
[2025-07-26T05:06:21.972+0000] {spark_submit.py:521} INFO - |-- low: double (nullable = true)
[2025-07-26T05:06:21.972+0000] {spark_submit.py:521} INFO - |-- time_stamp: long (nullable = true)
[2025-07-26T05:06:21.973+0000] {spark_submit.py:521} INFO - |-- num_of_trades: long (nullable = true)
[2025-07-26T05:06:21.973+0000] {spark_submit.py:521} INFO - |-- is_otc: boolean (nullable = true)
[2025-07-26T05:06:21.973+0000] {spark_submit.py:521} INFO - 
[2025-07-26T05:06:22.269+0000] {spark_submit.py:521} INFO - 25/07/26 05:06:22 INFO FileSourceStrategy: Pushed Filters:
[2025-07-26T05:06:22.270+0000] {spark_submit.py:521} INFO - 25/07/26 05:06:22 INFO FileSourceStrategy: Post-Scan Filters:
[2025-07-26T05:06:22.794+0000] {spark_submit.py:521} INFO - 25/07/26 05:06:22 INFO CodeGenerator: Code generated in 350.626114 ms
[2025-07-26T05:06:22.851+0000] {spark_submit.py:521} INFO - 25/07/26 05:06:22 INFO MemoryStore: Block broadcast_1 stored as values in memory (estimated size 211.8 KiB, free 434.2 MiB)
[2025-07-26T05:06:22.868+0000] {spark_submit.py:521} INFO - 25/07/26 05:06:22 INFO MemoryStore: Block broadcast_1_piece0 stored as bytes in memory (estimated size 36.2 KiB, free 434.2 MiB)
[2025-07-26T05:06:22.870+0000] {spark_submit.py:521} INFO - 25/07/26 05:06:22 INFO BlockManagerInfo: Added broadcast_1_piece0 in memory on 3bc71adbf7e0:46813 (size: 36.2 KiB, free: 434.4 MiB)
[2025-07-26T05:06:22.871+0000] {spark_submit.py:521} INFO - 25/07/26 05:06:22 INFO SparkContext: Created broadcast 1 from showString at NativeMethodAccessorImpl.java:0
[2025-07-26T05:06:22.898+0000] {spark_submit.py:521} INFO - 25/07/26 05:06:22 INFO FileSourceScanExec: Planning scan with bin packing, max size: 4194304 bytes, open cost is considered as scanning 4194304 bytes.
[2025-07-26T05:06:22.954+0000] {spark_submit.py:521} INFO - 25/07/26 05:06:22 INFO SparkContext: Starting job: showString at NativeMethodAccessorImpl.java:0
[2025-07-26T05:06:22.956+0000] {spark_submit.py:521} INFO - 25/07/26 05:06:22 INFO DAGScheduler: Got job 1 (showString at NativeMethodAccessorImpl.java:0) with 1 output partitions
[2025-07-26T05:06:22.957+0000] {spark_submit.py:521} INFO - 25/07/26 05:06:22 INFO DAGScheduler: Final stage: ResultStage 1 (showString at NativeMethodAccessorImpl.java:0)
[2025-07-26T05:06:22.957+0000] {spark_submit.py:521} INFO - 25/07/26 05:06:22 INFO DAGScheduler: Parents of final stage: List()
[2025-07-26T05:06:22.958+0000] {spark_submit.py:521} INFO - 25/07/26 05:06:22 INFO DAGScheduler: Missing parents: List()
[2025-07-26T05:06:22.959+0000] {spark_submit.py:521} INFO - 25/07/26 05:06:22 INFO DAGScheduler: Submitting ResultStage 1 (MapPartitionsRDD[5] at showString at NativeMethodAccessorImpl.java:0), which has no missing parents
[2025-07-26T05:06:22.980+0000] {spark_submit.py:521} INFO - 25/07/26 05:06:22 INFO MemoryStore: Block broadcast_2 stored as values in memory (estimated size 20.5 KiB, free 434.1 MiB)
[2025-07-26T05:06:22.983+0000] {spark_submit.py:521} INFO - 25/07/26 05:06:22 INFO MemoryStore: Block broadcast_2_piece0 stored as bytes in memory (estimated size 7.3 KiB, free 434.1 MiB)
[2025-07-26T05:06:22.984+0000] {spark_submit.py:521} INFO - 25/07/26 05:06:22 INFO BlockManagerInfo: Added broadcast_2_piece0 in memory on 3bc71adbf7e0:46813 (size: 7.3 KiB, free: 434.4 MiB)
[2025-07-26T05:06:22.985+0000] {spark_submit.py:521} INFO - 25/07/26 05:06:22 INFO SparkContext: Created broadcast 2 from broadcast at DAGScheduler.scala:1611
[2025-07-26T05:06:22.986+0000] {spark_submit.py:521} INFO - 25/07/26 05:06:22 INFO DAGScheduler: Submitting 1 missing tasks from ResultStage 1 (MapPartitionsRDD[5] at showString at NativeMethodAccessorImpl.java:0) (first 15 tasks are for partitions Vector(0))
[2025-07-26T05:06:22.987+0000] {spark_submit.py:521} INFO - 25/07/26 05:06:22 INFO TaskSchedulerImpl: Adding task set 1.0 with 1 tasks resource profile 0
[2025-07-26T05:06:22.991+0000] {spark_submit.py:521} INFO - 25/07/26 05:06:22 INFO TaskSetManager: Starting task 0.0 in stage 1.0 (TID 1) (172.18.0.6, executor 0, partition 0, PROCESS_LOCAL, 9629 bytes)
[2025-07-26T05:06:23.026+0000] {spark_submit.py:521} INFO - 25/07/26 05:06:23 INFO BlockManagerInfo: Added broadcast_2_piece0 in memory on 172.18.0.6:44633 (size: 7.3 KiB, free: 434.4 MiB)
[2025-07-26T05:06:23.425+0000] {spark_submit.py:521} INFO - 25/07/26 05:06:23 INFO BlockManagerInfo: Added broadcast_1_piece0 in memory on 172.18.0.6:44633 (size: 36.2 KiB, free: 434.4 MiB)
[2025-07-26T05:06:24.541+0000] {spark_submit.py:521} INFO - 25/07/26 05:06:24 INFO TaskSetManager: Finished task 0.0 in stage 1.0 (TID 1) in 1553 ms on 172.18.0.6 (executor 0) (1/1)
[2025-07-26T05:06:24.542+0000] {spark_submit.py:521} INFO - 25/07/26 05:06:24 INFO TaskSchedulerImpl: Removed TaskSet 1.0, whose tasks have all completed, from pool
[2025-07-26T05:06:24.543+0000] {spark_submit.py:521} INFO - 25/07/26 05:06:24 INFO DAGScheduler: ResultStage 1 (showString at NativeMethodAccessorImpl.java:0) finished in 1.581 s
[2025-07-26T05:06:24.543+0000] {spark_submit.py:521} INFO - 25/07/26 05:06:24 INFO DAGScheduler: Job 1 is finished. Cancelling potential speculative or zombie tasks for this job
[2025-07-26T05:06:24.544+0000] {spark_submit.py:521} INFO - 25/07/26 05:06:24 INFO TaskSchedulerImpl: Killing all running tasks in stage 1: Stage finished
[2025-07-26T05:06:24.544+0000] {spark_submit.py:521} INFO - 25/07/26 05:06:24 INFO DAGScheduler: Job 1 finished: showString at NativeMethodAccessorImpl.java:0, took 1.588836 s
[2025-07-26T05:06:24.980+0000] {spark_submit.py:521} INFO - 25/07/26 05:06:24 INFO BlockManagerInfo: Removed broadcast_2_piece0 on 3bc71adbf7e0:46813 in memory (size: 7.3 KiB, free: 434.4 MiB)
[2025-07-26T05:06:24.983+0000] {spark_submit.py:521} INFO - 25/07/26 05:06:24 INFO BlockManagerInfo: Removed broadcast_2_piece0 on 172.18.0.6:44633 in memory (size: 7.3 KiB, free: 434.4 MiB)
[2025-07-26T05:06:25.240+0000] {spark_submit.py:521} INFO - 25/07/26 05:06:25 INFO CodeGenerator: Code generated in 19.761934 ms
[2025-07-26T05:06:25.251+0000] {spark_submit.py:521} INFO - +------+--------+---------------+-----+-------+------+--------+-------------+-------------+------+
[2025-07-26T05:06:25.251+0000] {spark_submit.py:521} INFO - |ticker|  volume|volume_weighted| open|  close|  high|     low|   time_stamp|num_of_trades|is_otc|
[2025-07-26T05:06:25.252+0000] {spark_submit.py:521} INFO - +------+--------+---------------+-----+-------+------+--------+-------------+-------------+------+
[2025-07-26T05:06:25.252+0000] {spark_submit.py:521} INFO - |  BUFS| 19750.0|        21.3029|21.31|  21.34| 21.35|   21.16|1752696000000|          136|  NULL|
[2025-07-26T05:06:25.253+0000] {spark_submit.py:521} INFO - |  NFTY| 32691.0|        59.4637| 59.3|59.5138| 59.59|    59.1|1752696000000|          406|  NULL|
[2025-07-26T05:06:25.253+0000] {spark_submit.py:521} INFO - |  TCRX|304579.0|         1.8036| 1.79|   1.81|1.8561|  1.7618|1752696000000|         1570|  NULL|
[2025-07-26T05:06:25.254+0000] {spark_submit.py:521} INFO - |  FSYD|  7969.0|         47.675| 47.7|47.7584| 47.77|    47.6|1752696000000|          126|  NULL|
[2025-07-26T05:06:25.254+0000] {spark_submit.py:521} INFO - |   FDS|252116.0|       435.6635|434.8| 436.33|437.38|429.9633|1752696000000|        10736|  NULL|
[2025-07-26T05:06:25.255+0000] {spark_submit.py:521} INFO - +------+--------+---------------+-----+-------+------+--------+-------------+-------------+------+
[2025-07-26T05:06:25.256+0000] {spark_submit.py:521} INFO - only showing top 5 rows
[2025-07-26T05:06:25.256+0000] {spark_submit.py:521} INFO - 
[2025-07-26T05:06:25.581+0000] {spark_submit.py:521} INFO - Time ID DataFrame:
[2025-07-26T05:06:25.586+0000] {spark_submit.py:521} INFO - id
[2025-07-26T05:06:25.586+0000] {spark_submit.py:521} INFO - 0   5
[2025-07-26T05:06:26.445+0000] {spark_submit.py:521} INFO - Companies DataFrame:
[2025-07-26T05:06:26.447+0000] {spark_submit.py:521} INFO - DataFrame[id: bigint, ticker: string]
[2025-07-26T05:06:26.559+0000] {spark_submit.py:521} INFO - Transformed DataFrame:
[2025-07-26T05:06:26.729+0000] {spark_submit.py:521} INFO - 25/07/26 05:06:26 INFO FileSourceStrategy: Pushed Filters: IsNotNull(volume_weighted),IsNotNull(ticker)
[2025-07-26T05:06:26.730+0000] {spark_submit.py:521} INFO - 25/07/26 05:06:26 INFO FileSourceStrategy: Post-Scan Filters: isnotnull(volume_weighted#2),isnotnull(ticker#0)
[2025-07-26T05:06:26.930+0000] {spark_submit.py:521} INFO - 25/07/26 05:06:26 INFO CodeGenerator: Code generated in 39.548667 ms
[2025-07-26T05:06:26.937+0000] {spark_submit.py:521} INFO - 25/07/26 05:06:26 INFO MemoryStore: Block broadcast_3 stored as values in memory (estimated size 211.8 KiB, free 434.0 MiB)
[2025-07-26T05:06:26.947+0000] {spark_submit.py:521} INFO - 25/07/26 05:06:26 INFO MemoryStore: Block broadcast_3_piece0 stored as bytes in memory (estimated size 36.2 KiB, free 433.9 MiB)
[2025-07-26T05:06:26.948+0000] {spark_submit.py:521} INFO - 25/07/26 05:06:26 INFO BlockManagerInfo: Added broadcast_3_piece0 in memory on 3bc71adbf7e0:46813 (size: 36.2 KiB, free: 434.3 MiB)
[2025-07-26T05:06:26.949+0000] {spark_submit.py:521} INFO - 25/07/26 05:06:26 INFO SparkContext: Created broadcast 3 from $anonfun$withThreadLocalCaptured$1 at FutureTask.java:264
[2025-07-26T05:06:26.952+0000] {spark_submit.py:521} INFO - 25/07/26 05:06:26 INFO FileSourceScanExec: Planning scan with bin packing, max size: 4194304 bytes, open cost is considered as scanning 4194304 bytes.
[2025-07-26T05:06:26.979+0000] {spark_submit.py:521} INFO - 25/07/26 05:06:26 INFO BlockManagerInfo: Removed broadcast_1_piece0 on 3bc71adbf7e0:46813 in memory (size: 36.2 KiB, free: 434.4 MiB)
[2025-07-26T05:06:26.980+0000] {spark_submit.py:521} INFO - 25/07/26 05:06:26 INFO BlockManagerInfo: Removed broadcast_1_piece0 on 172.18.0.6:44633 in memory (size: 36.2 KiB, free: 434.4 MiB)
[2025-07-26T05:06:26.982+0000] {spark_submit.py:521} INFO - 25/07/26 05:06:26 INFO SparkContext: Starting job: $anonfun$withThreadLocalCaptured$1 at FutureTask.java:264
[2025-07-26T05:06:26.984+0000] {spark_submit.py:521} INFO - 25/07/26 05:06:26 INFO DAGScheduler: Got job 2 ($anonfun$withThreadLocalCaptured$1 at FutureTask.java:264) with 1 output partitions
[2025-07-26T05:06:26.987+0000] {spark_submit.py:521} INFO - 25/07/26 05:06:26 INFO DAGScheduler: Final stage: ResultStage 2 ($anonfun$withThreadLocalCaptured$1 at FutureTask.java:264)
[2025-07-26T05:06:26.988+0000] {spark_submit.py:521} INFO - 25/07/26 05:06:26 INFO DAGScheduler: Parents of final stage: List()
[2025-07-26T05:06:26.988+0000] {spark_submit.py:521} INFO - 25/07/26 05:06:26 INFO DAGScheduler: Missing parents: List()
[2025-07-26T05:06:26.989+0000] {spark_submit.py:521} INFO - 25/07/26 05:06:26 INFO DAGScheduler: Submitting ResultStage 2 (MapPartitionsRDD[14] at $anonfun$withThreadLocalCaptured$1 at FutureTask.java:264), which has no missing parents
[2025-07-26T05:06:26.993+0000] {spark_submit.py:521} INFO - 25/07/26 05:06:26 INFO MemoryStore: Block broadcast_4 stored as values in memory (estimated size 19.9 KiB, free 434.1 MiB)
[2025-07-26T05:06:27.008+0000] {spark_submit.py:521} INFO - 25/07/26 05:06:27 INFO MemoryStore: Block broadcast_4_piece0 stored as bytes in memory (estimated size 7.3 KiB, free 434.1 MiB)
[2025-07-26T05:06:27.009+0000] {spark_submit.py:521} INFO - 25/07/26 05:06:27 INFO BlockManagerInfo: Added broadcast_4_piece0 in memory on 3bc71adbf7e0:46813 (size: 7.3 KiB, free: 434.4 MiB)
[2025-07-26T05:06:27.010+0000] {spark_submit.py:521} INFO - 25/07/26 05:06:27 INFO SparkContext: Created broadcast 4 from broadcast at DAGScheduler.scala:1611
[2025-07-26T05:06:27.011+0000] {spark_submit.py:521} INFO - 25/07/26 05:06:27 INFO DAGScheduler: Submitting 1 missing tasks from ResultStage 2 (MapPartitionsRDD[14] at $anonfun$withThreadLocalCaptured$1 at FutureTask.java:264) (first 15 tasks are for partitions Vector(0))
[2025-07-26T05:06:27.012+0000] {spark_submit.py:521} INFO - 25/07/26 05:06:27 INFO TaskSchedulerImpl: Adding task set 2.0 with 1 tasks resource profile 0
[2025-07-26T05:06:27.013+0000] {spark_submit.py:521} INFO - 25/07/26 05:06:27 INFO TaskSetManager: Starting task 0.0 in stage 2.0 (TID 2) (172.18.0.6, executor 0, partition 0, PROCESS_LOCAL, 9629 bytes)
[2025-07-26T05:06:27.020+0000] {spark_submit.py:521} INFO - 25/07/26 05:06:27 INFO CodeGenerator: Code generated in 103.709523 ms
[2025-07-26T05:06:27.040+0000] {spark_submit.py:521} INFO - 25/07/26 05:06:27 INFO BlockManagerInfo: Added broadcast_4_piece0 in memory on 172.18.0.6:44633 (size: 7.3 KiB, free: 434.4 MiB)
[2025-07-26T05:06:27.115+0000] {spark_submit.py:521} INFO - 25/07/26 05:06:27 INFO DAGScheduler: Registering RDD 16 (showString at NativeMethodAccessorImpl.java:0) as input to shuffle 0
[2025-07-26T05:06:27.120+0000] {spark_submit.py:521} INFO - 25/07/26 05:06:27 INFO DAGScheduler: Got map stage job 3 (showString at NativeMethodAccessorImpl.java:0) with 2 output partitions
[2025-07-26T05:06:27.122+0000] {spark_submit.py:521} INFO - 25/07/26 05:06:27 INFO DAGScheduler: Final stage: ShuffleMapStage 3 (showString at NativeMethodAccessorImpl.java:0)
[2025-07-26T05:06:27.123+0000] {spark_submit.py:521} INFO - 25/07/26 05:06:27 INFO DAGScheduler: Parents of final stage: List()
[2025-07-26T05:06:27.124+0000] {spark_submit.py:521} INFO - 25/07/26 05:06:27 INFO DAGScheduler: Missing parents: List()
[2025-07-26T05:06:27.126+0000] {spark_submit.py:521} INFO - 25/07/26 05:06:27 INFO DAGScheduler: Submitting ShuffleMapStage 3 (MapPartitionsRDD[16] at showString at NativeMethodAccessorImpl.java:0), which has no missing parents
[2025-07-26T05:06:27.159+0000] {spark_submit.py:521} INFO - 25/07/26 05:06:27 INFO BlockManagerInfo: Added broadcast_3_piece0 in memory on 172.18.0.6:44633 (size: 36.2 KiB, free: 434.4 MiB)
[2025-07-26T05:06:27.160+0000] {spark_submit.py:521} INFO - 25/07/26 05:06:27 INFO MemoryStore: Block broadcast_5 stored as values in memory (estimated size 37.8 KiB, free 434.1 MiB)
[2025-07-26T05:06:27.174+0000] {spark_submit.py:521} INFO - 25/07/26 05:06:27 INFO MemoryStore: Block broadcast_5_piece0 stored as bytes in memory (estimated size 17.8 KiB, free 434.1 MiB)
[2025-07-26T05:06:27.181+0000] {spark_submit.py:521} INFO - 25/07/26 05:06:27 INFO BlockManagerInfo: Added broadcast_5_piece0 in memory on 3bc71adbf7e0:46813 (size: 17.8 KiB, free: 434.3 MiB)
[2025-07-26T05:06:27.183+0000] {spark_submit.py:521} INFO - 25/07/26 05:06:27 INFO SparkContext: Created broadcast 5 from broadcast at DAGScheduler.scala:1611
[2025-07-26T05:06:27.184+0000] {spark_submit.py:521} INFO - 25/07/26 05:06:27 INFO DAGScheduler: Submitting 2 missing tasks from ShuffleMapStage 3 (MapPartitionsRDD[16] at showString at NativeMethodAccessorImpl.java:0) (first 15 tasks are for partitions Vector(0, 1))
[2025-07-26T05:06:27.201+0000] {spark_submit.py:521} INFO - 25/07/26 05:06:27 INFO TaskSchedulerImpl: Adding task set 3.0 with 2 tasks resource profile 0
[2025-07-26T05:06:27.221+0000] {spark_submit.py:521} INFO - 25/07/26 05:06:27 INFO TaskSetManager: Starting task 0.0 in stage 3.0 (TID 3) (172.18.0.6, executor 0, partition 0, PROCESS_LOCAL, 159165 bytes)
[2025-07-26T05:06:27.222+0000] {spark_submit.py:521} INFO - 25/07/26 05:06:27 INFO BlockManagerInfo: Added broadcast_5_piece0 in memory on 172.18.0.6:44633 (size: 17.8 KiB, free: 434.3 MiB)
[2025-07-26T05:06:28.597+0000] {spark_submit.py:521} INFO - 25/07/26 05:06:28 INFO TaskSetManager: Starting task 1.0 in stage 3.0 (TID 4) (172.18.0.6, executor 0, partition 1, PROCESS_LOCAL, 147748 bytes)
[2025-07-26T05:06:28.619+0000] {spark_submit.py:521} INFO - 25/07/26 05:06:28 INFO TaskSetManager: Finished task 0.0 in stage 2.0 (TID 2) in 1605 ms on 172.18.0.6 (executor 0) (1/1)
[2025-07-26T05:06:28.619+0000] {spark_submit.py:521} INFO - 25/07/26 05:06:28 INFO TaskSchedulerImpl: Removed TaskSet 2.0, whose tasks have all completed, from pool
[2025-07-26T05:06:28.628+0000] {spark_submit.py:521} INFO - 25/07/26 05:06:28 INFO DAGScheduler: ResultStage 2 ($anonfun$withThreadLocalCaptured$1 at FutureTask.java:264) finished in 1.637 s
[2025-07-26T05:06:28.628+0000] {spark_submit.py:521} INFO - 25/07/26 05:06:28 INFO DAGScheduler: Job 2 is finished. Cancelling potential speculative or zombie tasks for this job
[2025-07-26T05:06:28.629+0000] {spark_submit.py:521} INFO - 25/07/26 05:06:28 INFO TaskSchedulerImpl: Killing all running tasks in stage 2: Stage finished
[2025-07-26T05:06:28.630+0000] {spark_submit.py:521} INFO - 25/07/26 05:06:28 INFO DAGScheduler: Job 2 finished: $anonfun$withThreadLocalCaptured$1 at FutureTask.java:264, took 1.647465 s
[2025-07-26T05:06:28.685+0000] {spark_submit.py:521} INFO - 25/07/26 05:06:28 INFO CodeGenerator: Code generated in 18.632797 ms
[2025-07-26T05:06:28.711+0000] {spark_submit.py:521} INFO - 25/07/26 05:06:28 INFO BlockManagerInfo: Removed broadcast_4_piece0 on 3bc71adbf7e0:46813 in memory (size: 7.3 KiB, free: 434.3 MiB)
[2025-07-26T05:06:28.723+0000] {spark_submit.py:521} INFO - 25/07/26 05:06:28 INFO BlockManagerInfo: Removed broadcast_4_piece0 on 172.18.0.6:44633 in memory (size: 7.3 KiB, free: 434.3 MiB)
[2025-07-26T05:06:28.900+0000] {spark_submit.py:521} INFO - 25/07/26 05:06:28 INFO MemoryStore: Block broadcast_6_piece0 stored as bytes in memory (estimated size 846.7 KiB, free 433.3 MiB)
[2025-07-26T05:06:28.901+0000] {spark_submit.py:521} INFO - 25/07/26 05:06:28 INFO BlockManagerInfo: Added broadcast_6_piece0 in memory on 3bc71adbf7e0:46813 (size: 846.7 KiB, free: 433.5 MiB)
[2025-07-26T05:06:28.902+0000] {spark_submit.py:521} INFO - 25/07/26 05:06:28 INFO SparkContext: Created broadcast 6 from $anonfun$withThreadLocalCaptured$1 at FutureTask.java:264
[2025-07-26T05:06:29.409+0000] {spark_submit.py:521} INFO - 25/07/26 05:06:29 INFO TaskSetManager: Finished task 1.0 in stage 3.0 (TID 4) in 812 ms on 172.18.0.6 (executor 0) (1/2)
[2025-07-26T05:06:29.409+0000] {spark_submit.py:521} INFO - 25/07/26 05:06:29 INFO TaskSetManager: Finished task 0.0 in stage 3.0 (TID 3) in 2232 ms on 172.18.0.6 (executor 0) (2/2)
[2025-07-26T05:06:29.410+0000] {spark_submit.py:521} INFO - 25/07/26 05:06:29 INFO TaskSchedulerImpl: Removed TaskSet 3.0, whose tasks have all completed, from pool
[2025-07-26T05:06:29.411+0000] {spark_submit.py:521} INFO - 25/07/26 05:06:29 INFO PythonAccumulatorV2: Connected to AccumulatorServer at host: 127.0.0.1 port: 48343
[2025-07-26T05:06:29.416+0000] {spark_submit.py:521} INFO - 25/07/26 05:06:29 INFO DAGScheduler: ShuffleMapStage 3 (showString at NativeMethodAccessorImpl.java:0) finished in 2.285 s
[2025-07-26T05:06:29.417+0000] {spark_submit.py:521} INFO - 25/07/26 05:06:29 INFO DAGScheduler: looking for newly runnable stages
[2025-07-26T05:06:29.417+0000] {spark_submit.py:521} INFO - 25/07/26 05:06:29 INFO DAGScheduler: running: Set()
[2025-07-26T05:06:29.417+0000] {spark_submit.py:521} INFO - 25/07/26 05:06:29 INFO DAGScheduler: waiting: Set()
[2025-07-26T05:06:29.418+0000] {spark_submit.py:521} INFO - 25/07/26 05:06:29 INFO DAGScheduler: failed: Set()
[2025-07-26T05:06:29.439+0000] {spark_submit.py:521} INFO - 25/07/26 05:06:29 INFO ShufflePartitionsUtil: For shuffle(0), advisory target size: 67108864, actual target size 1048576, minimum partition size: 1048576
[2025-07-26T05:06:29.462+0000] {spark_submit.py:521} INFO - 25/07/26 05:06:29 INFO HashAggregateExec: spark.sql.codegen.aggregate.map.twolevel.enabled is set to true, but current version of codegened fast hashmap does not support this aggregate.
[2025-07-26T05:06:29.517+0000] {spark_submit.py:521} INFO - 25/07/26 05:06:29 INFO CodeGenerator: Code generated in 30.405374 ms
[2025-07-26T05:06:29.557+0000] {spark_submit.py:521} INFO - 25/07/26 05:06:29 INFO SparkContext: Starting job: showString at NativeMethodAccessorImpl.java:0
[2025-07-26T05:06:29.559+0000] {spark_submit.py:521} INFO - 25/07/26 05:06:29 INFO DAGScheduler: Got job 4 (showString at NativeMethodAccessorImpl.java:0) with 1 output partitions
[2025-07-26T05:06:29.559+0000] {spark_submit.py:521} INFO - 25/07/26 05:06:29 INFO DAGScheduler: Final stage: ResultStage 5 (showString at NativeMethodAccessorImpl.java:0)
[2025-07-26T05:06:29.560+0000] {spark_submit.py:521} INFO - 25/07/26 05:06:29 INFO DAGScheduler: Parents of final stage: List(ShuffleMapStage 4)
[2025-07-26T05:06:29.560+0000] {spark_submit.py:521} INFO - 25/07/26 05:06:29 INFO DAGScheduler: Missing parents: List()
[2025-07-26T05:06:29.561+0000] {spark_submit.py:521} INFO - 25/07/26 05:06:29 INFO DAGScheduler: Submitting ResultStage 5 (MapPartitionsRDD[19] at showString at NativeMethodAccessorImpl.java:0), which has no missing parents
[2025-07-26T05:06:29.579+0000] {spark_submit.py:521} INFO - 25/07/26 05:06:29 INFO MemoryStore: Block broadcast_7 stored as values in memory (estimated size 59.3 KiB, free 433.2 MiB)
[2025-07-26T05:06:29.585+0000] {spark_submit.py:521} INFO - 25/07/26 05:06:29 INFO MemoryStore: Block broadcast_7_piece0 stored as bytes in memory (estimated size 26.1 KiB, free 433.2 MiB)
[2025-07-26T05:06:29.587+0000] {spark_submit.py:521} INFO - 25/07/26 05:06:29 INFO BlockManagerInfo: Added broadcast_7_piece0 in memory on 3bc71adbf7e0:46813 (size: 26.1 KiB, free: 433.5 MiB)
[2025-07-26T05:06:29.588+0000] {spark_submit.py:521} INFO - 25/07/26 05:06:29 INFO SparkContext: Created broadcast 7 from broadcast at DAGScheduler.scala:1611
[2025-07-26T05:06:29.589+0000] {spark_submit.py:521} INFO - 25/07/26 05:06:29 INFO BlockManagerInfo: Removed broadcast_5_piece0 on 3bc71adbf7e0:46813 in memory (size: 17.8 KiB, free: 433.5 MiB)
[2025-07-26T05:06:29.590+0000] {spark_submit.py:521} INFO - 25/07/26 05:06:29 INFO DAGScheduler: Submitting 1 missing tasks from ResultStage 5 (MapPartitionsRDD[19] at showString at NativeMethodAccessorImpl.java:0) (first 15 tasks are for partitions Vector(0))
[2025-07-26T05:06:29.591+0000] {spark_submit.py:521} INFO - 25/07/26 05:06:29 INFO TaskSchedulerImpl: Adding task set 5.0 with 1 tasks resource profile 0
[2025-07-26T05:06:29.593+0000] {spark_submit.py:521} INFO - 25/07/26 05:06:29 INFO BlockManagerInfo: Removed broadcast_5_piece0 on 172.18.0.6:44633 in memory (size: 17.8 KiB, free: 434.4 MiB)
[2025-07-26T05:06:29.598+0000] {spark_submit.py:521} INFO - 25/07/26 05:06:29 INFO TaskSetManager: Starting task 0.0 in stage 5.0 (TID 5) (172.18.0.6, executor 0, partition 0, NODE_LOCAL, 9003 bytes)
[2025-07-26T05:06:29.626+0000] {spark_submit.py:521} INFO - 25/07/26 05:06:29 INFO BlockManagerInfo: Added broadcast_7_piece0 in memory on 172.18.0.6:44633 (size: 26.1 KiB, free: 434.3 MiB)
[2025-07-26T05:06:29.707+0000] {spark_submit.py:521} INFO - 25/07/26 05:06:29 INFO MapOutputTrackerMasterEndpoint: Asked to send map output locations for shuffle 0 to 172.18.0.6:37630
[2025-07-26T05:06:29.845+0000] {spark_submit.py:521} INFO - 25/07/26 05:06:29 INFO BlockManagerInfo: Added broadcast_6_piece0 in memory on 172.18.0.6:44633 (size: 846.7 KiB, free: 433.5 MiB)
[2025-07-26T05:06:30.004+0000] {spark_submit.py:521} INFO - 25/07/26 05:06:30 INFO TaskSetManager: Finished task 0.0 in stage 5.0 (TID 5) in 409 ms on 172.18.0.6 (executor 0) (1/1)
[2025-07-26T05:06:30.005+0000] {spark_submit.py:521} INFO - 25/07/26 05:06:30 INFO TaskSchedulerImpl: Removed TaskSet 5.0, whose tasks have all completed, from pool
[2025-07-26T05:06:30.010+0000] {spark_submit.py:521} INFO - 25/07/26 05:06:30 INFO DAGScheduler: ResultStage 5 (showString at NativeMethodAccessorImpl.java:0) finished in 0.432 s
[2025-07-26T05:06:30.011+0000] {spark_submit.py:521} INFO - 25/07/26 05:06:30 INFO DAGScheduler: Job 4 is finished. Cancelling potential speculative or zombie tasks for this job
[2025-07-26T05:06:30.012+0000] {spark_submit.py:521} INFO - 25/07/26 05:06:30 INFO TaskSchedulerImpl: Killing all running tasks in stage 5: Stage finished
[2025-07-26T05:06:30.012+0000] {spark_submit.py:521} INFO - 25/07/26 05:06:30 INFO DAGScheduler: Job 4 finished: showString at NativeMethodAccessorImpl.java:0, took 0.451073 s
[2025-07-26T05:06:30.032+0000] {spark_submit.py:521} INFO - 25/07/26 05:06:30 INFO CodeGenerator: Code generated in 13.947547 ms
[2025-07-26T05:06:30.035+0000] {spark_submit.py:521} INFO - +------+--------+---------------+------+-------+-------+------+-------------+-------------+------+----------+-------+
[2025-07-26T05:06:30.036+0000] {spark_submit.py:521} INFO - |ticker|  volume|volume_weighted|  open|  close|   high|   low|   time_stamp|num_of_trades|is_otc|company_id|time_id|
[2025-07-26T05:06:30.037+0000] {spark_submit.py:521} INFO - +------+--------+---------------+------+-------+-------+------+-------------+-------------+------+----------+-------+
[2025-07-26T05:06:30.037+0000] {spark_submit.py:521} INFO - |  BOEG|  9127.0|        18.7371| 18.83|18.7041|18.8336|18.461|1752696000000|          106|  NULL|      7704|      5|
[2025-07-26T05:06:30.038+0000] {spark_submit.py:521} INFO - |   CRS|520430.0|       278.3965|279.82|  279.3|280.348|273.32|1752696000000|        14675|  NULL|     17521|      5|
[2025-07-26T05:06:30.038+0000] {spark_submit.py:521} INFO - |  ELME|584697.0|        16.3873|  16.3|  16.46|  16.48| 16.24|1752696000000|         7199|  NULL|      2229|      5|
[2025-07-26T05:06:30.039+0000] {spark_submit.py:521} INFO - |   PKE|485491.0|        16.8776| 15.72|  17.31|  17.71| 15.42|1752696000000|         4379|  NULL|      2951|      5|
[2025-07-26T05:06:30.039+0000] {spark_submit.py:521} INFO - |   CSR| 88380.0|        59.6257|  59.7|  59.69| 59.985| 59.25|1752696000000|         3274|  NULL|      3221|      5|
[2025-07-26T05:06:30.040+0000] {spark_submit.py:521} INFO - +------+--------+---------------+------+-------+-------+------+-------------+-------------+------+----------+-------+
[2025-07-26T05:06:30.040+0000] {spark_submit.py:521} INFO - only showing top 5 rows
[2025-07-26T05:06:30.041+0000] {spark_submit.py:521} INFO - 
[2025-07-26T05:06:30.041+0000] {spark_submit.py:521} INFO - None
[2025-07-26T05:06:30.084+0000] {spark_submit.py:521} INFO - 25/07/26 05:06:30 INFO FileSourceStrategy: Pushed Filters: IsNotNull(volume_weighted),IsNotNull(ticker)
[2025-07-26T05:06:30.085+0000] {spark_submit.py:521} INFO - 25/07/26 05:06:30 INFO FileSourceStrategy: Post-Scan Filters: isnotnull(volume_weighted#2),isnotnull(ticker#0)
[2025-07-26T05:06:30.127+0000] {spark_submit.py:521} INFO - 25/07/26 05:06:30 INFO MemoryStore: Block broadcast_8 stored as values in memory (estimated size 211.8 KiB, free 433.0 MiB)
[2025-07-26T05:06:30.130+0000] {spark_submit.py:521} INFO - 25/07/26 05:06:30 INFO DAGScheduler: Registering RDD 21 (toPandas at /opt/airflow/scripts/elt_to_dwh/transform/process_ohlcs.py:94) as input to shuffle 1
[2025-07-26T05:06:30.131+0000] {spark_submit.py:521} INFO - 25/07/26 05:06:30 INFO DAGScheduler: Got map stage job 5 (toPandas at /opt/airflow/scripts/elt_to_dwh/transform/process_ohlcs.py:94) with 2 output partitions
[2025-07-26T05:06:30.131+0000] {spark_submit.py:521} INFO - 25/07/26 05:06:30 INFO DAGScheduler: Final stage: ShuffleMapStage 6 (toPandas at /opt/airflow/scripts/elt_to_dwh/transform/process_ohlcs.py:94)
[2025-07-26T05:06:30.132+0000] {spark_submit.py:521} INFO - 25/07/26 05:06:30 INFO DAGScheduler: Parents of final stage: List()
[2025-07-26T05:06:30.136+0000] {spark_submit.py:521} INFO - 25/07/26 05:06:30 INFO DAGScheduler: Missing parents: List()
[2025-07-26T05:06:30.139+0000] {spark_submit.py:521} INFO - 25/07/26 05:06:30 INFO DAGScheduler: Submitting ShuffleMapStage 6 (MapPartitionsRDD[21] at toPandas at /opt/airflow/scripts/elt_to_dwh/transform/process_ohlcs.py:94), which has no missing parents
[2025-07-26T05:06:30.145+0000] {spark_submit.py:521} INFO - 25/07/26 05:06:30 INFO MemoryStore: Block broadcast_8_piece0 stored as bytes in memory (estimated size 36.2 KiB, free 433.0 MiB)
[2025-07-26T05:06:30.146+0000] {spark_submit.py:521} INFO - 25/07/26 05:06:30 INFO MemoryStore: Block broadcast_9 stored as values in memory (estimated size 37.8 KiB, free 433.0 MiB)
[2025-07-26T05:06:30.147+0000] {spark_submit.py:521} INFO - 25/07/26 05:06:30 INFO BlockManagerInfo: Added broadcast_8_piece0 in memory on 3bc71adbf7e0:46813 (size: 36.2 KiB, free: 433.5 MiB)
[2025-07-26T05:06:30.149+0000] {spark_submit.py:521} INFO - 25/07/26 05:06:30 INFO SparkContext: Created broadcast 8 from toPandas at /opt/airflow/scripts/elt_to_dwh/transform/process_ohlcs.py:94
[2025-07-26T05:06:30.150+0000] {spark_submit.py:521} INFO - 25/07/26 05:06:30 INFO FileSourceScanExec: Planning scan with bin packing, max size: 4194304 bytes, open cost is considered as scanning 4194304 bytes.
[2025-07-26T05:06:30.156+0000] {spark_submit.py:521} INFO - 25/07/26 05:06:30 INFO BlockManagerInfo: Removed broadcast_7_piece0 on 172.18.0.6:44633 in memory (size: 26.1 KiB, free: 433.5 MiB)
[2025-07-26T05:06:30.157+0000] {spark_submit.py:521} INFO - 25/07/26 05:06:30 INFO MemoryStore: Block broadcast_9_piece0 stored as bytes in memory (estimated size 17.8 KiB, free 433.0 MiB)
[2025-07-26T05:06:30.159+0000] {spark_submit.py:521} INFO - 25/07/26 05:06:30 INFO BlockManagerInfo: Added broadcast_9_piece0 in memory on 3bc71adbf7e0:46813 (size: 17.8 KiB, free: 433.5 MiB)
[2025-07-26T05:06:30.159+0000] {spark_submit.py:521} INFO - 25/07/26 05:06:30 INFO SparkContext: Created broadcast 9 from broadcast at DAGScheduler.scala:1611
[2025-07-26T05:06:30.160+0000] {spark_submit.py:521} INFO - 25/07/26 05:06:30 INFO DAGScheduler: Submitting 2 missing tasks from ShuffleMapStage 6 (MapPartitionsRDD[21] at toPandas at /opt/airflow/scripts/elt_to_dwh/transform/process_ohlcs.py:94) (first 15 tasks are for partitions Vector(0, 1))
[2025-07-26T05:06:30.160+0000] {spark_submit.py:521} INFO - 25/07/26 05:06:30 INFO TaskSchedulerImpl: Adding task set 6.0 with 2 tasks resource profile 0
[2025-07-26T05:06:30.161+0000] {spark_submit.py:521} INFO - 25/07/26 05:06:30 INFO TaskSetManager: Starting task 0.0 in stage 6.0 (TID 6) (172.18.0.6, executor 0, partition 0, PROCESS_LOCAL, 159165 bytes)
[2025-07-26T05:06:30.162+0000] {spark_submit.py:521} INFO - 25/07/26 05:06:30 INFO TaskSetManager: Starting task 1.0 in stage 6.0 (TID 7) (172.18.0.6, executor 0, partition 1, PROCESS_LOCAL, 147748 bytes)
[2025-07-26T05:06:30.183+0000] {spark_submit.py:521} INFO - 25/07/26 05:06:30 INFO BlockManagerInfo: Removed broadcast_7_piece0 on 3bc71adbf7e0:46813 in memory (size: 26.1 KiB, free: 433.5 MiB)
[2025-07-26T05:06:30.183+0000] {spark_submit.py:521} INFO - 25/07/26 05:06:30 INFO SparkContext: Starting job: toPandas at /opt/airflow/scripts/elt_to_dwh/transform/process_ohlcs.py:94
[2025-07-26T05:06:30.184+0000] {spark_submit.py:521} INFO - 25/07/26 05:06:30 INFO DAGScheduler: Got job 6 (toPandas at /opt/airflow/scripts/elt_to_dwh/transform/process_ohlcs.py:94) with 1 output partitions
[2025-07-26T05:06:30.185+0000] {spark_submit.py:521} INFO - 25/07/26 05:06:30 INFO DAGScheduler: Final stage: ResultStage 7 (toPandas at /opt/airflow/scripts/elt_to_dwh/transform/process_ohlcs.py:94)
[2025-07-26T05:06:30.186+0000] {spark_submit.py:521} INFO - 25/07/26 05:06:30 INFO DAGScheduler: Parents of final stage: List()
[2025-07-26T05:06:30.186+0000] {spark_submit.py:521} INFO - 25/07/26 05:06:30 INFO DAGScheduler: Missing parents: List()
[2025-07-26T05:06:30.187+0000] {spark_submit.py:521} INFO - 25/07/26 05:06:30 INFO DAGScheduler: Submitting ResultStage 7 (MapPartitionsRDD[25] at toPandas at /opt/airflow/scripts/elt_to_dwh/transform/process_ohlcs.py:94), which has no missing parents
[2025-07-26T05:06:30.187+0000] {spark_submit.py:521} INFO - 25/07/26 05:06:30 INFO MemoryStore: Block broadcast_10 stored as values in memory (estimated size 19.9 KiB, free 433.0 MiB)
[2025-07-26T05:06:30.188+0000] {spark_submit.py:521} INFO - 25/07/26 05:06:30 INFO MemoryStore: Block broadcast_10_piece0 stored as bytes in memory (estimated size 7.3 KiB, free 433.0 MiB)
[2025-07-26T05:06:30.188+0000] {spark_submit.py:521} INFO - 25/07/26 05:06:30 INFO BlockManagerInfo: Added broadcast_10_piece0 in memory on 3bc71adbf7e0:46813 (size: 7.3 KiB, free: 433.5 MiB)
[2025-07-26T05:06:30.189+0000] {spark_submit.py:521} INFO - 25/07/26 05:06:30 INFO SparkContext: Created broadcast 10 from broadcast at DAGScheduler.scala:1611
[2025-07-26T05:06:30.189+0000] {spark_submit.py:521} INFO - 25/07/26 05:06:30 INFO DAGScheduler: Submitting 1 missing tasks from ResultStage 7 (MapPartitionsRDD[25] at toPandas at /opt/airflow/scripts/elt_to_dwh/transform/process_ohlcs.py:94) (first 15 tasks are for partitions Vector(0))
[2025-07-26T05:06:30.190+0000] {spark_submit.py:521} INFO - 25/07/26 05:06:30 INFO TaskSchedulerImpl: Adding task set 7.0 with 1 tasks resource profile 0
[2025-07-26T05:06:30.204+0000] {spark_submit.py:521} INFO - 25/07/26 05:06:30 INFO BlockManagerInfo: Added broadcast_9_piece0 in memory on 172.18.0.6:44633 (size: 17.8 KiB, free: 433.5 MiB)
[2025-07-26T05:06:30.548+0000] {spark_submit.py:521} INFO - 25/07/26 05:06:30 INFO TaskSetManager: Starting task 0.0 in stage 7.0 (TID 8) (172.18.0.6, executor 0, partition 0, PROCESS_LOCAL, 9629 bytes)
[2025-07-26T05:06:30.551+0000] {spark_submit.py:521} INFO - 25/07/26 05:06:30 INFO TaskSetManager: Finished task 0.0 in stage 6.0 (TID 6) in 387 ms on 172.18.0.6 (executor 0) (1/2)
[2025-07-26T05:06:30.563+0000] {spark_submit.py:521} INFO - 25/07/26 05:06:30 INFO TaskSetManager: Finished task 1.0 in stage 6.0 (TID 7) in 402 ms on 172.18.0.6 (executor 0) (2/2)
[2025-07-26T05:06:30.565+0000] {spark_submit.py:521} INFO - 25/07/26 05:06:30 INFO TaskSchedulerImpl: Removed TaskSet 6.0, whose tasks have all completed, from pool
[2025-07-26T05:06:30.570+0000] {spark_submit.py:521} INFO - 25/07/26 05:06:30 INFO DAGScheduler: ShuffleMapStage 6 (toPandas at /opt/airflow/scripts/elt_to_dwh/transform/process_ohlcs.py:94) finished in 0.426 s
[2025-07-26T05:06:30.571+0000] {spark_submit.py:521} INFO - 25/07/26 05:06:30 INFO DAGScheduler: looking for newly runnable stages
[2025-07-26T05:06:30.572+0000] {spark_submit.py:521} INFO - 25/07/26 05:06:30 INFO DAGScheduler: running: Set(ResultStage 7)
[2025-07-26T05:06:30.573+0000] {spark_submit.py:521} INFO - 25/07/26 05:06:30 INFO DAGScheduler: waiting: Set()
[2025-07-26T05:06:30.577+0000] {spark_submit.py:521} INFO - 25/07/26 05:06:30 INFO DAGScheduler: failed: Set()
[2025-07-26T05:06:30.638+0000] {spark_submit.py:521} INFO - 25/07/26 05:06:30 INFO BlockManagerInfo: Added broadcast_10_piece0 in memory on 172.18.0.6:44633 (size: 7.3 KiB, free: 433.5 MiB)
[2025-07-26T05:06:30.680+0000] {spark_submit.py:521} INFO - 25/07/26 05:06:30 INFO BlockManagerInfo: Added broadcast_8_piece0 in memory on 172.18.0.6:44633 (size: 36.2 KiB, free: 433.5 MiB)
[2025-07-26T05:06:31.954+0000] {spark_submit.py:521} INFO - 25/07/26 05:06:31 INFO TaskSetManager: Finished task 0.0 in stage 7.0 (TID 8) in 1409 ms on 172.18.0.6 (executor 0) (1/1)
[2025-07-26T05:06:31.956+0000] {spark_submit.py:521} INFO - 25/07/26 05:06:31 INFO TaskSchedulerImpl: Removed TaskSet 7.0, whose tasks have all completed, from pool
[2025-07-26T05:06:31.956+0000] {spark_submit.py:521} INFO - 25/07/26 05:06:31 INFO BlockManagerInfo: Removed broadcast_9_piece0 on 3bc71adbf7e0:46813 in memory (size: 17.8 KiB, free: 433.5 MiB)
[2025-07-26T05:06:31.957+0000] {spark_submit.py:521} INFO - 25/07/26 05:06:31 INFO DAGScheduler: ResultStage 7 (toPandas at /opt/airflow/scripts/elt_to_dwh/transform/process_ohlcs.py:94) finished in 1.782 s
[2025-07-26T05:06:31.957+0000] {spark_submit.py:521} INFO - 25/07/26 05:06:31 INFO DAGScheduler: Job 6 is finished. Cancelling potential speculative or zombie tasks for this job
[2025-07-26T05:06:31.958+0000] {spark_submit.py:521} INFO - 25/07/26 05:06:31 INFO TaskSchedulerImpl: Killing all running tasks in stage 7: Stage finished
[2025-07-26T05:06:31.958+0000] {spark_submit.py:521} INFO - 25/07/26 05:06:31 INFO DAGScheduler: Job 6 finished: toPandas at /opt/airflow/scripts/elt_to_dwh/transform/process_ohlcs.py:94, took 1.788464 s
[2025-07-26T05:06:31.961+0000] {spark_submit.py:521} INFO - 25/07/26 05:06:31 INFO BlockManagerInfo: Removed broadcast_9_piece0 on 172.18.0.6:44633 in memory (size: 17.8 KiB, free: 433.5 MiB)
[2025-07-26T05:06:32.003+0000] {spark_submit.py:521} INFO - 25/07/26 05:06:32 INFO MemoryStore: Block broadcast_11_piece0 stored as bytes in memory (estimated size 846.7 KiB, free 432.2 MiB)
[2025-07-26T05:06:32.014+0000] {spark_submit.py:521} INFO - 25/07/26 05:06:32 INFO BlockManagerInfo: Added broadcast_11_piece0 in memory on 3bc71adbf7e0:46813 (size: 846.7 KiB, free: 432.7 MiB)
[2025-07-26T05:06:32.015+0000] {spark_submit.py:521} INFO - 25/07/26 05:06:32 INFO SparkContext: Created broadcast 11 from toPandas at /opt/airflow/scripts/elt_to_dwh/transform/process_ohlcs.py:94
[2025-07-26T05:06:32.022+0000] {spark_submit.py:521} INFO - 25/07/26 05:06:32 INFO ShufflePartitionsUtil: For shuffle(1), advisory target size: 67108864, actual target size 1048576, minimum partition size: 1048576
[2025-07-26T05:06:32.032+0000] {spark_submit.py:521} INFO - 25/07/26 05:06:32 INFO HashAggregateExec: spark.sql.codegen.aggregate.map.twolevel.enabled is set to true, but current version of codegened fast hashmap does not support this aggregate.
[2025-07-26T05:06:32.067+0000] {spark_submit.py:521} INFO - 25/07/26 05:06:32 INFO CodeGenerator: Code generated in 24.118536 ms
[2025-07-26T05:06:32.089+0000] {spark_submit.py:521} INFO - 25/07/26 05:06:32 INFO SparkContext: Starting job: toPandas at /opt/airflow/scripts/elt_to_dwh/transform/process_ohlcs.py:94
[2025-07-26T05:06:32.091+0000] {spark_submit.py:521} INFO - 25/07/26 05:06:32 INFO DAGScheduler: Got job 7 (toPandas at /opt/airflow/scripts/elt_to_dwh/transform/process_ohlcs.py:94) with 1 output partitions
[2025-07-26T05:06:32.091+0000] {spark_submit.py:521} INFO - 25/07/26 05:06:32 INFO DAGScheduler: Final stage: ResultStage 9 (toPandas at /opt/airflow/scripts/elt_to_dwh/transform/process_ohlcs.py:94)
[2025-07-26T05:06:32.092+0000] {spark_submit.py:521} INFO - 25/07/26 05:06:32 INFO DAGScheduler: Parents of final stage: List(ShuffleMapStage 8)
[2025-07-26T05:06:32.093+0000] {spark_submit.py:521} INFO - 25/07/26 05:06:32 INFO DAGScheduler: Missing parents: List()
[2025-07-26T05:06:32.093+0000] {spark_submit.py:521} INFO - 25/07/26 05:06:32 INFO DAGScheduler: Submitting ResultStage 9 (MapPartitionsRDD[28] at toPandas at /opt/airflow/scripts/elt_to_dwh/transform/process_ohlcs.py:94), which has no missing parents
[2025-07-26T05:06:32.101+0000] {spark_submit.py:521} INFO - 25/07/26 05:06:32 INFO MemoryStore: Block broadcast_12 stored as values in memory (estimated size 56.5 KiB, free 432.2 MiB)
[2025-07-26T05:06:32.107+0000] {spark_submit.py:521} INFO - 25/07/26 05:06:32 INFO MemoryStore: Block broadcast_12_piece0 stored as bytes in memory (estimated size 25.5 KiB, free 432.2 MiB)
[2025-07-26T05:06:32.109+0000] {spark_submit.py:521} INFO - 25/07/26 05:06:32 INFO BlockManagerInfo: Added broadcast_12_piece0 in memory on 3bc71adbf7e0:46813 (size: 25.5 KiB, free: 432.6 MiB)
[2025-07-26T05:06:32.124+0000] {spark_submit.py:521} INFO - 25/07/26 05:06:32 INFO BlockManagerInfo: Removed broadcast_10_piece0 on 3bc71adbf7e0:46813 in memory (size: 7.3 KiB, free: 432.7 MiB)
[2025-07-26T05:06:32.125+0000] {spark_submit.py:521} INFO - 25/07/26 05:06:32 INFO BlockManagerInfo: Removed broadcast_10_piece0 on 172.18.0.6:44633 in memory (size: 7.3 KiB, free: 433.5 MiB)
[2025-07-26T05:06:32.125+0000] {spark_submit.py:521} INFO - 25/07/26 05:06:32 INFO SparkContext: Created broadcast 12 from broadcast at DAGScheduler.scala:1611
[2025-07-26T05:06:32.126+0000] {spark_submit.py:521} INFO - 25/07/26 05:06:32 INFO DAGScheduler: Submitting 1 missing tasks from ResultStage 9 (MapPartitionsRDD[28] at toPandas at /opt/airflow/scripts/elt_to_dwh/transform/process_ohlcs.py:94) (first 15 tasks are for partitions Vector(0))
[2025-07-26T05:06:32.126+0000] {spark_submit.py:521} INFO - 25/07/26 05:06:32 INFO TaskSchedulerImpl: Adding task set 9.0 with 1 tasks resource profile 0
[2025-07-26T05:06:32.127+0000] {spark_submit.py:521} INFO - 25/07/26 05:06:32 INFO TaskSetManager: Starting task 0.0 in stage 9.0 (TID 9) (172.18.0.6, executor 0, partition 0, NODE_LOCAL, 9003 bytes)
[2025-07-26T05:06:32.140+0000] {spark_submit.py:521} INFO - 25/07/26 05:06:32 INFO BlockManagerInfo: Added broadcast_12_piece0 in memory on 172.18.0.6:44633 (size: 25.5 KiB, free: 433.5 MiB)
[2025-07-26T05:06:32.189+0000] {spark_submit.py:521} INFO - 25/07/26 05:06:32 INFO MapOutputTrackerMasterEndpoint: Asked to send map output locations for shuffle 1 to 172.18.0.6:37630
[2025-07-26T05:06:32.338+0000] {spark_submit.py:521} INFO - 25/07/26 05:06:32 INFO BlockManagerInfo: Added broadcast_11_piece0 in memory on 172.18.0.6:44633 (size: 846.7 KiB, free: 432.7 MiB)
[2025-07-26T05:06:32.566+0000] {spark_submit.py:521} INFO - 25/07/26 05:06:32 INFO TaskSetManager: Finished task 0.0 in stage 9.0 (TID 9) in 451 ms on 172.18.0.6 (executor 0) (1/1)
[2025-07-26T05:06:32.568+0000] {spark_submit.py:521} INFO - 25/07/26 05:06:32 INFO TaskSchedulerImpl: Removed TaskSet 9.0, whose tasks have all completed, from pool
[2025-07-26T05:06:32.574+0000] {spark_submit.py:521} INFO - 25/07/26 05:06:32 INFO DAGScheduler: ResultStage 9 (toPandas at /opt/airflow/scripts/elt_to_dwh/transform/process_ohlcs.py:94) finished in 0.471 s
[2025-07-26T05:06:32.576+0000] {spark_submit.py:521} INFO - 25/07/26 05:06:32 INFO DAGScheduler: Job 7 is finished. Cancelling potential speculative or zombie tasks for this job
[2025-07-26T05:06:32.577+0000] {spark_submit.py:521} INFO - 25/07/26 05:06:32 INFO TaskSchedulerImpl: Killing all running tasks in stage 9: Stage finished
[2025-07-26T05:06:32.580+0000] {spark_submit.py:521} INFO - 25/07/26 05:06:32 INFO DAGScheduler: Job 7 finished: toPandas at /opt/airflow/scripts/elt_to_dwh/transform/process_ohlcs.py:94, took 0.481032 s
[2025-07-26T05:06:33.032+0000] {spark_submit.py:521} INFO - Data has been successfully inserted into fact_candles in DuckDB!
[2025-07-26T05:06:33.033+0000] {spark_submit.py:521} INFO - 25/07/26 05:06:33 INFO SparkContext: SparkContext is stopping with exitCode 0.
[2025-07-26T05:06:33.044+0000] {spark_submit.py:521} INFO - 25/07/26 05:06:33 INFO SparkUI: Stopped Spark web UI at http://3bc71adbf7e0:4040
[2025-07-26T05:06:33.048+0000] {spark_submit.py:521} INFO - 25/07/26 05:06:33 INFO StandaloneSchedulerBackend: Shutting down all executors
[2025-07-26T05:06:33.049+0000] {spark_submit.py:521} INFO - 25/07/26 05:06:33 INFO StandaloneSchedulerBackend$StandaloneDriverEndpoint: Asking each executor to shut down
[2025-07-26T05:06:33.079+0000] {spark_submit.py:521} INFO - 25/07/26 05:06:33 INFO MapOutputTrackerMasterEndpoint: MapOutputTrackerMasterEndpoint stopped!
[2025-07-26T05:06:33.115+0000] {spark_submit.py:521} INFO - 25/07/26 05:06:33 INFO MemoryStore: MemoryStore cleared
[2025-07-26T05:06:33.116+0000] {spark_submit.py:521} INFO - 25/07/26 05:06:33 INFO BlockManager: BlockManager stopped
[2025-07-26T05:06:33.121+0000] {spark_submit.py:521} INFO - 25/07/26 05:06:33 INFO BlockManagerMaster: BlockManagerMaster stopped
[2025-07-26T05:06:33.125+0000] {spark_submit.py:521} INFO - 25/07/26 05:06:33 INFO OutputCommitCoordinator$OutputCommitCoordinatorEndpoint: OutputCommitCoordinator stopped!
[2025-07-26T05:06:33.148+0000] {spark_submit.py:521} INFO - 25/07/26 05:06:33 INFO SparkContext: Successfully stopped SparkContext
[2025-07-26T05:06:33.572+0000] {spark_submit.py:521} INFO - Process completed successfully.
[2025-07-26T05:06:33.774+0000] {spark_submit.py:521} INFO - 25/07/26 05:06:33 INFO ShutdownHookManager: Shutdown hook called
[2025-07-26T05:06:33.775+0000] {spark_submit.py:521} INFO - 25/07/26 05:06:33 INFO ShutdownHookManager: Deleting directory /tmp/spark-d03e8ebb-25fd-4824-b212-bd5436f44788/pyspark-6d30d835-2e2f-4ca1-a48a-cf350858d1ca
[2025-07-26T05:06:33.777+0000] {spark_submit.py:521} INFO - 25/07/26 05:06:33 INFO ShutdownHookManager: Deleting directory /tmp/spark-9c3591b0-bb78-4f93-a6b0-1850148c4b14
[2025-07-26T05:06:33.780+0000] {spark_submit.py:521} INFO - 25/07/26 05:06:33 INFO ShutdownHookManager: Deleting directory /tmp/spark-d03e8ebb-25fd-4824-b212-bd5436f44788
[2025-07-26T05:06:33.784+0000] {spark_submit.py:521} INFO - 25/07/26 05:06:33 INFO MetricsSystemImpl: Stopping s3a-file-system metrics system...
[2025-07-26T05:06:33.784+0000] {spark_submit.py:521} INFO - 25/07/26 05:06:33 INFO MetricsSystemImpl: s3a-file-system metrics system stopped.
[2025-07-26T05:06:33.785+0000] {spark_submit.py:521} INFO - 25/07/26 05:06:33 INFO MetricsSystemImpl: s3a-file-system metrics system shutdown complete.
[2025-07-26T05:06:33.815+0000] {taskinstance.py:341} INFO - ::group::Post task execution logs
[2025-07-26T05:06:33.816+0000] {taskinstance.py:353} INFO - Marking task as SUCCESS. dag_id=elt_to_dwh, task_id=transform_task.process_ohlcs, run_id=scheduled__2025-07-16T00:00:00+00:00, execution_date=20250716T000000, start_date=20250726T050608, end_date=20250726T050633
[2025-07-26T05:06:33.865+0000] {local_task_job_runner.py:266} INFO - Task exited with return code 0
[2025-07-26T05:06:33.876+0000] {taskinstance.py:3901} INFO - 1 downstream tasks scheduled from follow-on schedule check
[2025-07-26T05:06:33.881+0000] {local_task_job_runner.py:245} INFO - ::endgroup::
