[2025-07-25T09:54:00.343+0000] {local_task_job_runner.py:123} INFO - ::group::Pre task execution logs
[2025-07-25T09:54:00.355+0000] {taskinstance.py:2614} INFO - Dependencies all met for dep_context=non-requeueable deps ti=<TaskInstance: etl_to_db.extract_task.crawl_companies scheduled__2025-06-01T00:00:00+00:00 [queued]>
[2025-07-25T09:54:00.362+0000] {taskinstance.py:2614} INFO - Dependencies all met for dep_context=requeueable deps ti=<TaskInstance: etl_to_db.extract_task.crawl_companies scheduled__2025-06-01T00:00:00+00:00 [queued]>
[2025-07-25T09:54:00.363+0000] {taskinstance.py:2867} INFO - Starting attempt 1 of 1
[2025-07-25T09:54:00.375+0000] {taskinstance.py:2890} INFO - Executing <Task(PythonOperator): extract_task.crawl_companies> on 2025-06-01 00:00:00+00:00
[2025-07-25T09:54:00.382+0000] {standard_task_runner.py:104} INFO - Running: ['airflow', 'tasks', 'run', 'etl_to_db', 'extract_task.crawl_companies', 'scheduled__2025-06-01T00:00:00+00:00', '--job-id', '47', '--raw', '--subdir', 'DAGS_FOLDER/etl_to_db.py', '--cfg-path', '/tmp/tmpimn7ewyt']
[2025-07-25T09:54:00.384+0000] {standard_task_runner.py:105} INFO - Job 47: Subtask extract_task.crawl_companies
[2025-07-25T09:54:00.386+0000] {logging_mixin.py:190} WARNING - /home/airflow/.local/lib/python3.12/site-packages/airflow/task/task_runner/standard_task_runner.py:70 DeprecationWarning: This process (pid=1793) is multi-threaded, use of fork() may lead to deadlocks in the child.
[2025-07-25T09:54:00.386+0000] {standard_task_runner.py:72} INFO - Started process 1803 to run task
[2025-07-25T09:54:00.418+0000] {task_command.py:467} INFO - Running <TaskInstance: etl_to_db.extract_task.crawl_companies scheduled__2025-06-01T00:00:00+00:00 [running]> on host 74cfddf97016
[2025-07-25T09:54:00.474+0000] {taskinstance.py:3134} INFO - Exporting env vars: AIRFLOW_CTX_DAG_OWNER='airflow' AIRFLOW_CTX_DAG_ID='etl_to_db' AIRFLOW_CTX_TASK_ID='extract_task.crawl_companies' AIRFLOW_CTX_EXECUTION_DATE='2025-06-01T00:00:00+00:00' AIRFLOW_CTX_TRY_NUMBER='1' AIRFLOW_CTX_DAG_RUN_ID='scheduled__2025-06-01T00:00:00+00:00'
[2025-07-25T09:54:00.475+0000] {taskinstance.py:732} INFO - ::endgroup::
[2025-07-25T09:54:03.850+0000] {logging_mixin.py:190} INFO - Fetched 15746 companies from NASDAQ exchange.
[2025-07-25T09:54:07.044+0000] {logging_mixin.py:190} INFO - Fetched 13993 companies from NYSE exchange.
[2025-07-25T09:54:07.663+0000] {logging_mixin.py:190} INFO - The process of crawling 29739 companies was successful
[2025-07-25T09:54:07.663+0000] {logging_mixin.py:190} INFO - Saving at /opt/airflow/data/raw/companies/crawl_companies-20250601.json
[2025-07-25T09:54:07.675+0000] {python.py:240} INFO - Done. Returned value was: None
[2025-07-25T09:54:07.679+0000] {taskinstance.py:341} INFO - ::group::Post task execution logs
[2025-07-25T09:54:07.679+0000] {taskinstance.py:353} INFO - Marking task as SUCCESS. dag_id=etl_to_db, task_id=extract_task.crawl_companies, run_id=scheduled__2025-06-01T00:00:00+00:00, execution_date=20250601T000000, start_date=20250725T095400, end_date=20250725T095407
[2025-07-25T09:54:07.739+0000] {local_task_job_runner.py:266} INFO - Task exited with return code 0
[2025-07-25T09:54:07.751+0000] {taskinstance.py:3901} INFO - 0 downstream tasks scheduled from follow-on schedule check
[2025-07-25T09:54:07.752+0000] {local_task_job_runner.py:245} INFO - ::endgroup::
[2025-07-25T10:21:12.738+0000] {local_task_job_runner.py:123} INFO - ::group::Pre task execution logs
[2025-07-25T10:21:12.753+0000] {taskinstance.py:2614} INFO - Dependencies all met for dep_context=non-requeueable deps ti=<TaskInstance: etl_to_db.extract_task.crawl_companies scheduled__2025-06-01T00:00:00+00:00 [queued]>
[2025-07-25T10:21:12.760+0000] {taskinstance.py:2614} INFO - Dependencies all met for dep_context=requeueable deps ti=<TaskInstance: etl_to_db.extract_task.crawl_companies scheduled__2025-06-01T00:00:00+00:00 [queued]>
[2025-07-25T10:21:12.761+0000] {taskinstance.py:2867} INFO - Starting attempt 1 of 1
[2025-07-25T10:21:12.777+0000] {taskinstance.py:2890} INFO - Executing <Task(PythonOperator): extract_task.crawl_companies> on 2025-06-01 00:00:00+00:00
[2025-07-25T10:21:12.787+0000] {standard_task_runner.py:104} INFO - Running: ['airflow', 'tasks', 'run', 'etl_to_db', 'extract_task.crawl_companies', 'scheduled__2025-06-01T00:00:00+00:00', '--job-id', '62', '--raw', '--subdir', 'DAGS_FOLDER/etl_to_db.py', '--cfg-path', '/tmp/tmp6ivz0az8']
[2025-07-25T10:21:12.791+0000] {standard_task_runner.py:105} INFO - Job 62: Subtask extract_task.crawl_companies
[2025-07-25T10:21:12.792+0000] {logging_mixin.py:190} WARNING - /home/airflow/.local/lib/python3.12/site-packages/airflow/task/task_runner/standard_task_runner.py:70 DeprecationWarning: This process (pid=2194) is multi-threaded, use of fork() may lead to deadlocks in the child.
[2025-07-25T10:21:12.793+0000] {standard_task_runner.py:72} INFO - Started process 2204 to run task
[2025-07-25T10:21:12.840+0000] {task_command.py:467} INFO - Running <TaskInstance: etl_to_db.extract_task.crawl_companies scheduled__2025-06-01T00:00:00+00:00 [running]> on host 74cfddf97016
[2025-07-25T10:21:12.908+0000] {taskinstance.py:3134} INFO - Exporting env vars: AIRFLOW_CTX_DAG_OWNER='airflow' AIRFLOW_CTX_DAG_ID='etl_to_db' AIRFLOW_CTX_TASK_ID='extract_task.crawl_companies' AIRFLOW_CTX_EXECUTION_DATE='2025-06-01T00:00:00+00:00' AIRFLOW_CTX_TRY_NUMBER='1' AIRFLOW_CTX_DAG_RUN_ID='scheduled__2025-06-01T00:00:00+00:00'
[2025-07-25T10:21:12.909+0000] {taskinstance.py:732} INFO - ::endgroup::
[2025-07-25T10:21:16.375+0000] {logging_mixin.py:190} INFO - Fetched 15746 companies from NASDAQ exchange.
[2025-07-25T10:21:19.978+0000] {logging_mixin.py:190} INFO - Fetched 13993 companies from NYSE exchange.
[2025-07-25T10:21:20.740+0000] {logging_mixin.py:190} INFO - The process of crawling 29739 companies was successful
[2025-07-25T10:21:20.741+0000] {logging_mixin.py:190} INFO - Saving at /opt/airflow/data/raw/companies/crawl_companies-20250601.json
[2025-07-25T10:21:20.756+0000] {python.py:240} INFO - Done. Returned value was: None
[2025-07-25T10:21:20.760+0000] {taskinstance.py:341} INFO - ::group::Post task execution logs
[2025-07-25T10:21:20.761+0000] {taskinstance.py:353} INFO - Marking task as SUCCESS. dag_id=etl_to_db, task_id=extract_task.crawl_companies, run_id=scheduled__2025-06-01T00:00:00+00:00, execution_date=20250601T000000, start_date=20250725T102112, end_date=20250725T102120
[2025-07-25T10:21:20.793+0000] {local_task_job_runner.py:266} INFO - Task exited with return code 0
[2025-07-25T10:21:20.808+0000] {taskinstance.py:3901} INFO - 0 downstream tasks scheduled from follow-on schedule check
[2025-07-25T10:21:20.809+0000] {local_task_job_runner.py:245} INFO - ::endgroup::
[2025-07-26T04:44:46.872+0000] {local_task_job_runner.py:123} INFO - ::group::Pre task execution logs
[2025-07-26T04:44:46.884+0000] {taskinstance.py:2614} INFO - Dependencies all met for dep_context=non-requeueable deps ti=<TaskInstance: etl_to_db.extract_task.crawl_companies scheduled__2025-06-01T00:00:00+00:00 [queued]>
[2025-07-26T04:44:46.891+0000] {taskinstance.py:2614} INFO - Dependencies all met for dep_context=requeueable deps ti=<TaskInstance: etl_to_db.extract_task.crawl_companies scheduled__2025-06-01T00:00:00+00:00 [queued]>
[2025-07-26T04:44:46.891+0000] {taskinstance.py:2867} INFO - Starting attempt 1 of 1
[2025-07-26T04:44:46.904+0000] {taskinstance.py:2890} INFO - Executing <Task(PythonOperator): extract_task.crawl_companies> on 2025-06-01 00:00:00+00:00
[2025-07-26T04:44:46.909+0000] {standard_task_runner.py:104} INFO - Running: ['airflow', 'tasks', 'run', 'etl_to_db', 'extract_task.crawl_companies', 'scheduled__2025-06-01T00:00:00+00:00', '--job-id', '10', '--raw', '--subdir', 'DAGS_FOLDER/etl_to_db.py', '--cfg-path', '/tmp/tmp3vj6u0lk']
[2025-07-26T04:44:46.911+0000] {standard_task_runner.py:105} INFO - Job 10: Subtask extract_task.crawl_companies
[2025-07-26T04:44:46.913+0000] {logging_mixin.py:190} WARNING - /home/airflow/.local/lib/python3.12/site-packages/airflow/task/task_runner/standard_task_runner.py:70 DeprecationWarning: This process (pid=333) is multi-threaded, use of fork() may lead to deadlocks in the child.
[2025-07-26T04:44:46.913+0000] {standard_task_runner.py:72} INFO - Started process 343 to run task
[2025-07-26T04:44:46.941+0000] {task_command.py:467} INFO - Running <TaskInstance: etl_to_db.extract_task.crawl_companies scheduled__2025-06-01T00:00:00+00:00 [running]> on host 3bc71adbf7e0
[2025-07-26T04:44:46.992+0000] {taskinstance.py:3134} INFO - Exporting env vars: AIRFLOW_CTX_DAG_OWNER='airflow' AIRFLOW_CTX_DAG_ID='etl_to_db' AIRFLOW_CTX_TASK_ID='extract_task.crawl_companies' AIRFLOW_CTX_EXECUTION_DATE='2025-06-01T00:00:00+00:00' AIRFLOW_CTX_TRY_NUMBER='1' AIRFLOW_CTX_DAG_RUN_ID='scheduled__2025-06-01T00:00:00+00:00'
[2025-07-26T04:44:46.993+0000] {taskinstance.py:732} INFO - ::endgroup::
[2025-07-26T04:44:51.982+0000] {logging_mixin.py:190} INFO - Fetched 15746 companies from NASDAQ exchange.
[2025-07-26T04:44:56.603+0000] {logging_mixin.py:190} INFO - Fetched 13993 companies from NYSE exchange.
[2025-07-26T04:44:57.086+0000] {logging_mixin.py:190} INFO - The process of crawling 29739 companies was successful
[2025-07-26T04:44:57.086+0000] {logging_mixin.py:190} INFO - Saving at /opt/airflow/data/raw/companies/crawl_companies-20250601.json
[2025-07-26T04:44:57.098+0000] {python.py:240} INFO - Done. Returned value was: None
[2025-07-26T04:44:57.102+0000] {taskinstance.py:341} INFO - ::group::Post task execution logs
[2025-07-26T04:44:57.103+0000] {taskinstance.py:353} INFO - Marking task as SUCCESS. dag_id=etl_to_db, task_id=extract_task.crawl_companies, run_id=scheduled__2025-06-01T00:00:00+00:00, execution_date=20250601T000000, start_date=20250726T044446, end_date=20250726T044457
[2025-07-26T04:44:57.147+0000] {local_task_job_runner.py:266} INFO - Task exited with return code 0
[2025-07-26T04:44:57.164+0000] {taskinstance.py:3901} INFO - 0 downstream tasks scheduled from follow-on schedule check
[2025-07-26T04:44:57.165+0000] {local_task_job_runner.py:245} INFO - ::endgroup::
