[2025-07-25T11:17:50.426+0000] {local_task_job_runner.py:123} INFO - ::group::Pre task execution logs
[2025-07-25T11:17:50.438+0000] {taskinstance.py:2614} INFO - Dependencies all met for dep_context=non-requeueable deps ti=<TaskInstance: elt_to_dwh.extract_task.crawl_ohlcs scheduled__2025-07-20T00:00:00+00:00 [queued]>
[2025-07-25T11:17:50.446+0000] {taskinstance.py:2614} INFO - Dependencies all met for dep_context=requeueable deps ti=<TaskInstance: elt_to_dwh.extract_task.crawl_ohlcs scheduled__2025-07-20T00:00:00+00:00 [queued]>
[2025-07-25T11:17:50.446+0000] {taskinstance.py:2867} INFO - Starting attempt 1 of 1
[2025-07-25T11:17:50.460+0000] {taskinstance.py:2890} INFO - Executing <Task(PythonOperator): extract_task.crawl_ohlcs> on 2025-07-20 00:00:00+00:00
[2025-07-25T11:17:50.467+0000] {standard_task_runner.py:104} INFO - Running: ['airflow', 'tasks', 'run', 'elt_to_dwh', 'extract_task.crawl_ohlcs', 'scheduled__2025-07-20T00:00:00+00:00', '--job-id', '137', '--raw', '--subdir', 'DAGS_FOLDER/elt_to_dwh.py', '--cfg-path', '/tmp/tmpdbnym0jh']
[2025-07-25T11:17:50.470+0000] {standard_task_runner.py:105} INFO - Job 137: Subtask extract_task.crawl_ohlcs
[2025-07-25T11:17:50.472+0000] {logging_mixin.py:190} WARNING - /home/airflow/.local/lib/python3.12/site-packages/airflow/task/task_runner/standard_task_runner.py:70 DeprecationWarning: This process (pid=4126) is multi-threaded, use of fork() may lead to deadlocks in the child.
[2025-07-25T11:17:50.473+0000] {standard_task_runner.py:72} INFO - Started process 4136 to run task
[2025-07-25T11:17:50.506+0000] {task_command.py:467} INFO - Running <TaskInstance: elt_to_dwh.extract_task.crawl_ohlcs scheduled__2025-07-20T00:00:00+00:00 [running]> on host 74cfddf97016
[2025-07-25T11:17:50.565+0000] {taskinstance.py:3134} INFO - Exporting env vars: AIRFLOW_CTX_DAG_OWNER='airflow' AIRFLOW_CTX_DAG_ID='elt_to_dwh' AIRFLOW_CTX_TASK_ID='extract_task.crawl_ohlcs' AIRFLOW_CTX_EXECUTION_DATE='2025-07-20T00:00:00+00:00' AIRFLOW_CTX_TRY_NUMBER='1' AIRFLOW_CTX_DAG_RUN_ID='scheduled__2025-07-20T00:00:00+00:00'
[2025-07-25T11:17:50.566+0000] {taskinstance.py:732} INFO - ::endgroup::
[2025-07-25T11:17:50.578+0000] {logging_mixin.py:190} INFO - url: https://api.polygon.io/v2/aggs/grouped/locale/us/market/stocks/2025-07-20?adjusted=true&include_otc=true&apiKey=2lwa_Zgcz4qzZ1X30xbf2CQBf_AldkL0
[2025-07-25T11:17:51.290+0000] {logging_mixin.py:190} INFO - The process of crawling 0 OHLCs was successful
[2025-07-25T11:17:51.291+0000] {logging_mixin.py:190} INFO - Saving at /opt/airflow/data/raw/ohlcs/crawl_ohlcs-20250720.json
[2025-07-25T11:17:51.292+0000] {python.py:240} INFO - Done. Returned value was: None
[2025-07-25T11:17:51.298+0000] {taskinstance.py:341} INFO - ::group::Post task execution logs
[2025-07-25T11:17:51.299+0000] {taskinstance.py:353} INFO - Marking task as SUCCESS. dag_id=elt_to_dwh, task_id=extract_task.crawl_ohlcs, run_id=scheduled__2025-07-20T00:00:00+00:00, execution_date=20250720T000000, start_date=20250725T111750, end_date=20250725T111751
[2025-07-25T11:17:51.371+0000] {local_task_job_runner.py:266} INFO - Task exited with return code 0
[2025-07-25T11:17:51.394+0000] {taskinstance.py:3901} INFO - 1 downstream tasks scheduled from follow-on schedule check
[2025-07-25T11:17:51.401+0000] {local_task_job_runner.py:245} INFO - ::endgroup::
[2025-07-25T11:56:25.180+0000] {local_task_job_runner.py:123} INFO - ::group::Pre task execution logs
[2025-07-25T11:56:25.214+0000] {taskinstance.py:2614} INFO - Dependencies all met for dep_context=non-requeueable deps ti=<TaskInstance: elt_to_dwh.extract_task.crawl_ohlcs scheduled__2025-07-20T00:00:00+00:00 [queued]>
[2025-07-25T11:56:25.240+0000] {taskinstance.py:2614} INFO - Dependencies all met for dep_context=requeueable deps ti=<TaskInstance: elt_to_dwh.extract_task.crawl_ohlcs scheduled__2025-07-20T00:00:00+00:00 [queued]>
[2025-07-25T11:56:25.241+0000] {taskinstance.py:2867} INFO - Starting attempt 1 of 1
[2025-07-25T11:56:25.264+0000] {taskinstance.py:2890} INFO - Executing <Task(PythonOperator): extract_task.crawl_ohlcs> on 2025-07-20 00:00:00+00:00
[2025-07-25T11:56:25.276+0000] {standard_task_runner.py:104} INFO - Running: ['airflow', 'tasks', 'run', 'elt_to_dwh', 'extract_task.crawl_ohlcs', 'scheduled__2025-07-20T00:00:00+00:00', '--job-id', '191', '--raw', '--subdir', 'DAGS_FOLDER/elt_to_dwh.py', '--cfg-path', '/tmp/tmpa4s85pcd']
[2025-07-25T11:56:25.281+0000] {standard_task_runner.py:105} INFO - Job 191: Subtask extract_task.crawl_ohlcs
[2025-07-25T11:56:25.291+0000] {logging_mixin.py:190} WARNING - /home/airflow/.local/lib/python3.12/site-packages/airflow/task/task_runner/standard_task_runner.py:70 DeprecationWarning: This process (pid=5282) is multi-threaded, use of fork() may lead to deadlocks in the child.
[2025-07-25T11:56:25.292+0000] {standard_task_runner.py:72} INFO - Started process 5292 to run task
[2025-07-25T11:56:25.342+0000] {task_command.py:467} INFO - Running <TaskInstance: elt_to_dwh.extract_task.crawl_ohlcs scheduled__2025-07-20T00:00:00+00:00 [running]> on host 74cfddf97016
[2025-07-25T11:56:25.432+0000] {taskinstance.py:3134} INFO - Exporting env vars: AIRFLOW_CTX_DAG_OWNER='airflow' AIRFLOW_CTX_DAG_ID='elt_to_dwh' AIRFLOW_CTX_TASK_ID='extract_task.crawl_ohlcs' AIRFLOW_CTX_EXECUTION_DATE='2025-07-20T00:00:00+00:00' AIRFLOW_CTX_TRY_NUMBER='1' AIRFLOW_CTX_DAG_RUN_ID='scheduled__2025-07-20T00:00:00+00:00'
[2025-07-25T11:56:25.434+0000] {taskinstance.py:732} INFO - ::endgroup::
[2025-07-25T11:56:25.451+0000] {logging_mixin.py:190} INFO - url: https://api.polygon.io/v2/aggs/grouped/locale/us/market/stocks/2025-07-20?adjusted=true&include_otc=true&apiKey=2lwa_Zgcz4qzZ1X30xbf2CQBf_AldkL0
[2025-07-25T11:56:26.199+0000] {logging_mixin.py:190} INFO - The process of crawling 0 OHLCs was successful
[2025-07-25T11:56:26.200+0000] {logging_mixin.py:190} INFO - Saving at /opt/airflow/data/raw/ohlcs/crawl_ohlcs-20250720.json
[2025-07-25T11:56:26.200+0000] {python.py:240} INFO - Done. Returned value was: None
[2025-07-25T11:56:26.207+0000] {taskinstance.py:341} INFO - ::group::Post task execution logs
[2025-07-25T11:56:26.207+0000] {taskinstance.py:353} INFO - Marking task as SUCCESS. dag_id=elt_to_dwh, task_id=extract_task.crawl_ohlcs, run_id=scheduled__2025-07-20T00:00:00+00:00, execution_date=20250720T000000, start_date=20250725T115625, end_date=20250725T115626
[2025-07-25T11:56:26.273+0000] {local_task_job_runner.py:266} INFO - Task exited with return code 0
[2025-07-25T11:56:26.303+0000] {taskinstance.py:3901} INFO - 1 downstream tasks scheduled from follow-on schedule check
[2025-07-25T11:56:26.315+0000] {local_task_job_runner.py:245} INFO - ::endgroup::
[2025-07-26T05:10:03.722+0000] {local_task_job_runner.py:123} INFO - ::group::Pre task execution logs
[2025-07-26T05:10:03.735+0000] {taskinstance.py:2614} INFO - Dependencies all met for dep_context=non-requeueable deps ti=<TaskInstance: elt_to_dwh.extract_task.crawl_ohlcs scheduled__2025-07-20T00:00:00+00:00 [queued]>
[2025-07-26T05:10:03.741+0000] {taskinstance.py:2614} INFO - Dependencies all met for dep_context=requeueable deps ti=<TaskInstance: elt_to_dwh.extract_task.crawl_ohlcs scheduled__2025-07-20T00:00:00+00:00 [queued]>
[2025-07-26T05:10:03.742+0000] {taskinstance.py:2867} INFO - Starting attempt 1 of 1
[2025-07-26T05:10:03.759+0000] {taskinstance.py:2890} INFO - Executing <Task(PythonOperator): extract_task.crawl_ohlcs> on 2025-07-20 00:00:00+00:00
[2025-07-26T05:10:03.766+0000] {standard_task_runner.py:104} INFO - Running: ['airflow', 'tasks', 'run', 'elt_to_dwh', 'extract_task.crawl_ohlcs', 'scheduled__2025-07-20T00:00:00+00:00', '--job-id', '101', '--raw', '--subdir', 'DAGS_FOLDER/elt_to_dwh.py', '--cfg-path', '/tmp/tmpzanfg0om']
[2025-07-26T05:10:03.768+0000] {standard_task_runner.py:105} INFO - Job 101: Subtask extract_task.crawl_ohlcs
[2025-07-26T05:10:03.772+0000] {logging_mixin.py:190} WARNING - /home/airflow/.local/lib/python3.12/site-packages/airflow/task/task_runner/standard_task_runner.py:70 DeprecationWarning: This process (pid=5982) is multi-threaded, use of fork() may lead to deadlocks in the child.
[2025-07-26T05:10:03.774+0000] {standard_task_runner.py:72} INFO - Started process 5992 to run task
[2025-07-26T05:10:03.807+0000] {task_command.py:467} INFO - Running <TaskInstance: elt_to_dwh.extract_task.crawl_ohlcs scheduled__2025-07-20T00:00:00+00:00 [running]> on host 3bc71adbf7e0
[2025-07-26T05:10:03.880+0000] {taskinstance.py:3134} INFO - Exporting env vars: AIRFLOW_CTX_DAG_OWNER='airflow' AIRFLOW_CTX_DAG_ID='elt_to_dwh' AIRFLOW_CTX_TASK_ID='extract_task.crawl_ohlcs' AIRFLOW_CTX_EXECUTION_DATE='2025-07-20T00:00:00+00:00' AIRFLOW_CTX_TRY_NUMBER='1' AIRFLOW_CTX_DAG_RUN_ID='scheduled__2025-07-20T00:00:00+00:00'
[2025-07-26T05:10:03.881+0000] {taskinstance.py:732} INFO - ::endgroup::
[2025-07-26T05:10:03.893+0000] {logging_mixin.py:190} INFO - url: https://api.polygon.io/v2/aggs/grouped/locale/us/market/stocks/2025-07-20?adjusted=true&include_otc=true&apiKey=2lwa_Zgcz4qzZ1X30xbf2CQBf_AldkL0
[2025-07-26T05:10:04.606+0000] {logging_mixin.py:190} INFO - The process of crawling 0 OHLCs was successful
[2025-07-26T05:10:04.606+0000] {logging_mixin.py:190} INFO - Saving at /opt/airflow/data/raw/ohlcs/crawl_ohlcs-20250720.json
[2025-07-26T05:10:04.607+0000] {python.py:240} INFO - Done. Returned value was: None
[2025-07-26T05:10:04.612+0000] {taskinstance.py:341} INFO - ::group::Post task execution logs
[2025-07-26T05:10:04.613+0000] {taskinstance.py:353} INFO - Marking task as SUCCESS. dag_id=elt_to_dwh, task_id=extract_task.crawl_ohlcs, run_id=scheduled__2025-07-20T00:00:00+00:00, execution_date=20250720T000000, start_date=20250726T051003, end_date=20250726T051004
[2025-07-26T05:10:04.673+0000] {local_task_job_runner.py:266} INFO - Task exited with return code 0
[2025-07-26T05:10:04.690+0000] {taskinstance.py:3901} INFO - 1 downstream tasks scheduled from follow-on schedule check
[2025-07-26T05:10:04.695+0000] {local_task_job_runner.py:245} INFO - ::endgroup::
