[2025-07-25T11:14:01.974+0000] {local_task_job_runner.py:123} INFO - ::group::Pre task execution logs
[2025-07-25T11:14:01.987+0000] {taskinstance.py:2614} INFO - Dependencies all met for dep_context=non-requeueable deps ti=<TaskInstance: elt_to_dwh.extract_task.convert_ohlcs_to_parquet scheduled__2025-07-14T00:00:00+00:00 [queued]>
[2025-07-25T11:14:01.996+0000] {taskinstance.py:2614} INFO - Dependencies all met for dep_context=requeueable deps ti=<TaskInstance: elt_to_dwh.extract_task.convert_ohlcs_to_parquet scheduled__2025-07-14T00:00:00+00:00 [queued]>
[2025-07-25T11:14:01.996+0000] {taskinstance.py:2867} INFO - Starting attempt 1 of 1
[2025-07-25T11:14:02.011+0000] {taskinstance.py:2890} INFO - Executing <Task(PythonOperator): extract_task.convert_ohlcs_to_parquet> on 2025-07-14 00:00:00+00:00
[2025-07-25T11:14:02.020+0000] {standard_task_runner.py:104} INFO - Running: ['airflow', 'tasks', 'run', 'elt_to_dwh', 'extract_task.convert_ohlcs_to_parquet', 'scheduled__2025-07-14T00:00:00+00:00', '--job-id', '102', '--raw', '--subdir', 'DAGS_FOLDER/elt_to_dwh.py', '--cfg-path', '/tmp/tmp37pl7jk0']
[2025-07-25T11:14:02.024+0000] {standard_task_runner.py:105} INFO - Job 102: Subtask extract_task.convert_ohlcs_to_parquet
[2025-07-25T11:14:02.025+0000] {logging_mixin.py:190} WARNING - /home/airflow/.local/lib/python3.12/site-packages/airflow/task/task_runner/standard_task_runner.py:70 DeprecationWarning: This process (pid=3213) is multi-threaded, use of fork() may lead to deadlocks in the child.
[2025-07-25T11:14:02.026+0000] {standard_task_runner.py:72} INFO - Started process 3223 to run task
[2025-07-25T11:14:02.065+0000] {task_command.py:467} INFO - Running <TaskInstance: elt_to_dwh.extract_task.convert_ohlcs_to_parquet scheduled__2025-07-14T00:00:00+00:00 [running]> on host 74cfddf97016
[2025-07-25T11:14:02.134+0000] {taskinstance.py:3134} INFO - Exporting env vars: AIRFLOW_CTX_DAG_OWNER='airflow' AIRFLOW_CTX_DAG_ID='elt_to_dwh' AIRFLOW_CTX_TASK_ID='extract_task.convert_ohlcs_to_parquet' AIRFLOW_CTX_EXECUTION_DATE='2025-07-14T00:00:00+00:00' AIRFLOW_CTX_TRY_NUMBER='1' AIRFLOW_CTX_DAG_RUN_ID='scheduled__2025-07-14T00:00:00+00:00'
[2025-07-25T11:14:02.135+0000] {taskinstance.py:732} INFO - ::endgroup::
[2025-07-25T11:14:02.150+0000] {logging_mixin.py:190} INFO - Looking for file: /opt/airflow/data/raw/ohlcs/crawl_ohlcs-20250714.json
[2025-07-25T11:14:02.289+0000] {logging_mixin.py:190} INFO - [ohlcs] Saved Parquet file: /opt/airflow/data/parquet/ohlcs/crawl_ohlcs-20250714.parquet
[2025-07-25T11:14:02.289+0000] {python.py:240} INFO - Done. Returned value was: None
[2025-07-25T11:14:02.293+0000] {taskinstance.py:341} INFO - ::group::Post task execution logs
[2025-07-25T11:14:02.294+0000] {taskinstance.py:353} INFO - Marking task as SUCCESS. dag_id=elt_to_dwh, task_id=extract_task.convert_ohlcs_to_parquet, run_id=scheduled__2025-07-14T00:00:00+00:00, execution_date=20250714T000000, start_date=20250725T111401, end_date=20250725T111402
[2025-07-25T11:14:02.321+0000] {local_task_job_runner.py:266} INFO - Task exited with return code 0
[2025-07-25T11:14:02.339+0000] {taskinstance.py:3901} INFO - 1 downstream tasks scheduled from follow-on schedule check
[2025-07-25T11:14:02.344+0000] {local_task_job_runner.py:245} INFO - ::endgroup::
[2025-07-25T11:52:44.355+0000] {local_task_job_runner.py:123} INFO - ::group::Pre task execution logs
[2025-07-25T11:52:44.380+0000] {taskinstance.py:2614} INFO - Dependencies all met for dep_context=non-requeueable deps ti=<TaskInstance: elt_to_dwh.extract_task.convert_ohlcs_to_parquet scheduled__2025-07-14T00:00:00+00:00 [queued]>
[2025-07-25T11:52:44.394+0000] {taskinstance.py:2614} INFO - Dependencies all met for dep_context=requeueable deps ti=<TaskInstance: elt_to_dwh.extract_task.convert_ohlcs_to_parquet scheduled__2025-07-14T00:00:00+00:00 [queued]>
[2025-07-25T11:52:44.394+0000] {taskinstance.py:2867} INFO - Starting attempt 1 of 1
[2025-07-25T11:52:44.415+0000] {taskinstance.py:2890} INFO - Executing <Task(PythonOperator): extract_task.convert_ohlcs_to_parquet> on 2025-07-14 00:00:00+00:00
[2025-07-25T11:52:44.424+0000] {standard_task_runner.py:104} INFO - Running: ['airflow', 'tasks', 'run', 'elt_to_dwh', 'extract_task.convert_ohlcs_to_parquet', 'scheduled__2025-07-14T00:00:00+00:00', '--job-id', '165', '--raw', '--subdir', 'DAGS_FOLDER/elt_to_dwh.py', '--cfg-path', '/tmp/tmpvpfzhg0b']
[2025-07-25T11:52:44.429+0000] {standard_task_runner.py:105} INFO - Job 165: Subtask extract_task.convert_ohlcs_to_parquet
[2025-07-25T11:52:44.431+0000] {logging_mixin.py:190} WARNING - /home/airflow/.local/lib/python3.12/site-packages/airflow/task/task_runner/standard_task_runner.py:70 DeprecationWarning: This process (pid=4832) is multi-threaded, use of fork() may lead to deadlocks in the child.
[2025-07-25T11:52:44.432+0000] {standard_task_runner.py:72} INFO - Started process 4842 to run task
[2025-07-25T11:52:44.479+0000] {task_command.py:467} INFO - Running <TaskInstance: elt_to_dwh.extract_task.convert_ohlcs_to_parquet scheduled__2025-07-14T00:00:00+00:00 [running]> on host 74cfddf97016
[2025-07-25T11:52:44.602+0000] {taskinstance.py:3134} INFO - Exporting env vars: AIRFLOW_CTX_DAG_OWNER='airflow' AIRFLOW_CTX_DAG_ID='elt_to_dwh' AIRFLOW_CTX_TASK_ID='extract_task.convert_ohlcs_to_parquet' AIRFLOW_CTX_EXECUTION_DATE='2025-07-14T00:00:00+00:00' AIRFLOW_CTX_TRY_NUMBER='1' AIRFLOW_CTX_DAG_RUN_ID='scheduled__2025-07-14T00:00:00+00:00'
[2025-07-25T11:52:44.603+0000] {taskinstance.py:732} INFO - ::endgroup::
[2025-07-25T11:52:44.626+0000] {logging_mixin.py:190} INFO - Looking for file: /opt/airflow/data/raw/ohlcs/crawl_ohlcs-20250714.json
[2025-07-25T11:52:44.908+0000] {logging_mixin.py:190} INFO - [ohlcs] Saved Parquet file: /opt/airflow/data/parquet/ohlcs/crawl_ohlcs-20250714.parquet
[2025-07-25T11:52:44.908+0000] {python.py:240} INFO - Done. Returned value was: None
[2025-07-25T11:52:44.918+0000] {taskinstance.py:341} INFO - ::group::Post task execution logs
[2025-07-25T11:52:44.920+0000] {taskinstance.py:353} INFO - Marking task as SUCCESS. dag_id=elt_to_dwh, task_id=extract_task.convert_ohlcs_to_parquet, run_id=scheduled__2025-07-14T00:00:00+00:00, execution_date=20250714T000000, start_date=20250725T115244, end_date=20250725T115244
[2025-07-25T11:52:44.970+0000] {local_task_job_runner.py:266} INFO - Task exited with return code 0
[2025-07-25T11:52:44.994+0000] {taskinstance.py:3901} INFO - 0 downstream tasks scheduled from follow-on schedule check
[2025-07-25T11:52:45.005+0000] {local_task_job_runner.py:245} INFO - ::endgroup::
[2025-07-26T05:00:29.886+0000] {local_task_job_runner.py:123} INFO - ::group::Pre task execution logs
[2025-07-26T05:00:29.902+0000] {taskinstance.py:2614} INFO - Dependencies all met for dep_context=non-requeueable deps ti=<TaskInstance: elt_to_dwh.extract_task.convert_ohlcs_to_parquet scheduled__2025-07-14T00:00:00+00:00 [queued]>
[2025-07-26T05:00:29.911+0000] {taskinstance.py:2614} INFO - Dependencies all met for dep_context=requeueable deps ti=<TaskInstance: elt_to_dwh.extract_task.convert_ohlcs_to_parquet scheduled__2025-07-14T00:00:00+00:00 [queued]>
[2025-07-26T05:00:29.911+0000] {taskinstance.py:2867} INFO - Starting attempt 1 of 1
[2025-07-26T05:00:29.926+0000] {taskinstance.py:2890} INFO - Executing <Task(PythonOperator): extract_task.convert_ohlcs_to_parquet> on 2025-07-14 00:00:00+00:00
[2025-07-26T05:00:29.933+0000] {standard_task_runner.py:104} INFO - Running: ['airflow', 'tasks', 'run', 'elt_to_dwh', 'extract_task.convert_ohlcs_to_parquet', 'scheduled__2025-07-14T00:00:00+00:00', '--job-id', '54', '--raw', '--subdir', 'DAGS_FOLDER/elt_to_dwh.py', '--cfg-path', '/tmp/tmpu1tw0erv']
[2025-07-26T05:00:29.935+0000] {standard_task_runner.py:105} INFO - Job 54: Subtask extract_task.convert_ohlcs_to_parquet
[2025-07-26T05:00:29.937+0000] {logging_mixin.py:190} WARNING - /home/airflow/.local/lib/python3.12/site-packages/airflow/task/task_runner/standard_task_runner.py:70 DeprecationWarning: This process (pid=1600) is multi-threaded, use of fork() may lead to deadlocks in the child.
[2025-07-26T05:00:29.938+0000] {standard_task_runner.py:72} INFO - Started process 1610 to run task
[2025-07-26T05:00:29.970+0000] {task_command.py:467} INFO - Running <TaskInstance: elt_to_dwh.extract_task.convert_ohlcs_to_parquet scheduled__2025-07-14T00:00:00+00:00 [running]> on host 3bc71adbf7e0
[2025-07-26T05:00:30.032+0000] {taskinstance.py:3134} INFO - Exporting env vars: AIRFLOW_CTX_DAG_OWNER='airflow' AIRFLOW_CTX_DAG_ID='elt_to_dwh' AIRFLOW_CTX_TASK_ID='extract_task.convert_ohlcs_to_parquet' AIRFLOW_CTX_EXECUTION_DATE='2025-07-14T00:00:00+00:00' AIRFLOW_CTX_TRY_NUMBER='1' AIRFLOW_CTX_DAG_RUN_ID='scheduled__2025-07-14T00:00:00+00:00'
[2025-07-26T05:00:30.033+0000] {taskinstance.py:732} INFO - ::endgroup::
[2025-07-26T05:00:30.047+0000] {logging_mixin.py:190} INFO - Looking for file: /opt/airflow/data/raw/ohlcs/crawl_ohlcs-20250714.json
[2025-07-26T05:00:30.211+0000] {logging_mixin.py:190} INFO - [ohlcs] Saved Parquet file: /opt/airflow/data/parquet/ohlcs/crawl_ohlcs-20250714.parquet
[2025-07-26T05:00:30.211+0000] {python.py:240} INFO - Done. Returned value was: None
[2025-07-26T05:00:30.216+0000] {taskinstance.py:341} INFO - ::group::Post task execution logs
[2025-07-26T05:00:30.217+0000] {taskinstance.py:353} INFO - Marking task as SUCCESS. dag_id=elt_to_dwh, task_id=extract_task.convert_ohlcs_to_parquet, run_id=scheduled__2025-07-14T00:00:00+00:00, execution_date=20250714T000000, start_date=20250726T050029, end_date=20250726T050030
[2025-07-26T05:00:30.271+0000] {local_task_job_runner.py:266} INFO - Task exited with return code 0
[2025-07-26T05:00:30.290+0000] {taskinstance.py:3901} INFO - 1 downstream tasks scheduled from follow-on schedule check
[2025-07-26T05:00:30.296+0000] {local_task_job_runner.py:245} INFO - ::endgroup::
