[2025-07-26T04:59:21.709+0000] {local_task_job_runner.py:123} INFO - ::group::Pre task execution logs
[2025-07-26T04:59:21.739+0000] {taskinstance.py:2614} INFO - Dependencies all met for dep_context=non-requeueable deps ti=<TaskInstance: elt_to_dwh.transform_task.process_companies scheduled__2025-07-11T00:00:00+00:00 [queued]>
[2025-07-26T04:59:21.759+0000] {taskinstance.py:2614} INFO - Dependencies all met for dep_context=requeueable deps ti=<TaskInstance: elt_to_dwh.transform_task.process_companies scheduled__2025-07-11T00:00:00+00:00 [queued]>
[2025-07-26T04:59:21.760+0000] {taskinstance.py:2867} INFO - Starting attempt 1 of 1
[2025-07-26T04:59:21.787+0000] {taskinstance.py:2890} INFO - Executing <Task(PythonOperator): transform_task.process_companies> on 2025-07-11 00:00:00+00:00
[2025-07-26T04:59:21.798+0000] {standard_task_runner.py:104} INFO - Running: ['airflow', 'tasks', 'run', 'elt_to_dwh', 'transform_task.process_companies', 'scheduled__2025-07-11T00:00:00+00:00', '--job-id', '48', '--raw', '--subdir', 'DAGS_FOLDER/elt_to_dwh.py', '--cfg-path', '/tmp/tmpswemum1k']
[2025-07-26T04:59:21.803+0000] {standard_task_runner.py:105} INFO - Job 48: Subtask transform_task.process_companies
[2025-07-26T04:59:21.806+0000] {logging_mixin.py:190} WARNING - /home/airflow/.local/lib/python3.12/site-packages/airflow/task/task_runner/standard_task_runner.py:70 DeprecationWarning: This process (pid=1172) is multi-threaded, use of fork() may lead to deadlocks in the child.
[2025-07-26T04:59:21.808+0000] {standard_task_runner.py:72} INFO - Started process 1182 to run task
[2025-07-26T04:59:21.846+0000] {task_command.py:467} INFO - Running <TaskInstance: elt_to_dwh.transform_task.process_companies scheduled__2025-07-11T00:00:00+00:00 [running]> on host 3bc71adbf7e0
[2025-07-26T04:59:21.919+0000] {taskinstance.py:3134} INFO - Exporting env vars: AIRFLOW_CTX_DAG_OWNER='airflow' AIRFLOW_CTX_DAG_ID='elt_to_dwh' AIRFLOW_CTX_TASK_ID='transform_task.process_companies' AIRFLOW_CTX_EXECUTION_DATE='2025-07-11T00:00:00+00:00' AIRFLOW_CTX_TRY_NUMBER='1' AIRFLOW_CTX_DAG_RUN_ID='scheduled__2025-07-11T00:00:00+00:00'
[2025-07-26T04:59:21.920+0000] {taskinstance.py:732} INFO - ::endgroup::
[2025-07-26T04:59:22.427+0000] {logging_mixin.py:190} INFO - Reading from: s3://stock-project-datalake/companies/crawl_companies-20250711.parquet
[2025-07-26T04:59:23.021+0000] {logging_mixin.py:190} INFO - DataFrame loaded from Parquet:
[2025-07-26T04:59:23.021+0000] {logging_mixin.py:190} INFO - Schema({'name': String, 'ticker': String, 'is_delisted': Boolean, 'category': String, 'currency': String, 'location': String, 'exchange': String, 'region': String, 'industry': String, 'sector': String, 'sic_industry': String, 'sic_sector': String, 'updated_time': Datetime(time_unit='us', time_zone=None)})
[2025-07-26T04:59:23.022+0000] {logging_mixin.py:190} INFO - shape: (5, 13)
┌────────────┬────────┬────────────┬───────────┬───┬───────────┬───────────┬───────────┬───────────┐
│ name       ┆ ticker ┆ is_deliste ┆ category  ┆ … ┆ sector    ┆ sic_indus ┆ sic_secto ┆ updated_t │
│ ---        ┆ ---    ┆ d          ┆ ---       ┆   ┆ ---       ┆ try       ┆ r         ┆ ime       │
│ str        ┆ str    ┆ ---        ┆ str       ┆   ┆ str       ┆ ---       ┆ ---       ┆ ---       │
│            ┆        ┆ bool       ┆           ┆   ┆           ┆ str       ┆ str       ┆ datetime[ │
│            ┆        ┆            ┆           ┆   ┆           ┆           ┆           ┆ μs]       │
╞════════════╪════════╪════════════╪═══════════╪═══╪═══════════╪═══════════╪═══════════╪═══════════╡
│ DUCKHORN   ┆ NAPA   ┆ true       ┆ Domestic  ┆ … ┆ Consumer  ┆ Beverages ┆ Manufactu ┆ 2025-07-2 │
│ PORTFOLIO  ┆        ┆            ┆ Common    ┆   ┆ Defensive ┆           ┆ ring      ┆ 6 04:45:1 │
│ INC        ┆        ┆            ┆ Stock     ┆   ┆           ┆           ┆           ┆ 4.278565  │
│ INVESTCORP ┆ CMFNL  ┆ true       ┆ ETD       ┆ … ┆           ┆ State Com ┆ Finance   ┆ 2025-07-2 │
│ CREDIT     ┆        ┆            ┆           ┆   ┆           ┆ mercial   ┆ Insurance ┆ 6 04:45:1 │
│ MANAGEMENT ┆        ┆            ┆           ┆   ┆           ┆ Banks     ┆ And Real  ┆ 4.278565  │
│ B…         ┆        ┆            ┆           ┆   ┆           ┆           ┆ Est…      ┆           │
│ ADVANTAGE  ┆ AADV   ┆ true       ┆ Domestic  ┆ … ┆ Financial ┆ Savings   ┆ Finance   ┆ 2025-07-2 │
│ BANCORP    ┆        ┆            ┆ Common    ┆   ┆ Services  ┆ Instituti ┆ Insurance ┆ 6 04:45:1 │
│ INC        ┆        ┆            ┆ Stock     ┆   ┆           ┆ ons Not   ┆ And Real  ┆ 4.278565  │
│            ┆        ┆            ┆           ┆   ┆           ┆ Feder…    ┆ Est…      ┆           │
│ AXCELIS    ┆ ACLS   ┆ false      ┆ Domestic  ┆ … ┆ Technolog ┆ Special   ┆ Manufactu ┆ 2025-07-2 │
│ TECHNOLOGI ┆        ┆            ┆ Common    ┆   ┆ y         ┆ Industry  ┆ ring      ┆ 6 04:45:1 │
│ ES INC     ┆        ┆            ┆ Stock     ┆   ┆           ┆ Machinery ┆           ┆ 4.278565  │
│            ┆        ┆            ┆           ┆   ┆           ┆ Nec       ┆           ┆           │
│ HEALTH     ┆ HGRD   ┆ true       ┆ Domestic  ┆ … ┆ Technolog ┆ Services- ┆ Services  ┆ 2025-07-2 │
│ GRADES INC ┆        ┆            ┆ Common    ┆   ┆ y         ┆ Business  ┆           ┆ 6 04:45:1 │
│            ┆        ┆            ┆ Stock     ┆   ┆           ┆ Services  ┆           ┆ 4.278565  │
│            ┆        ┆            ┆           ┆   ┆           ┆ Nec       ┆           ┆           │
└────────────┴────────┴────────────┴───────────┴───┴───────────┴───────────┴───────────┴───────────┘
[2025-07-26T04:59:23.651+0000] {logging_mixin.py:190} INFO - Data has been successfully inserted into dim_companies in DuckDB!
[2025-07-26T04:59:23.652+0000] {python.py:240} INFO - Done. Returned value was: None
[2025-07-26T04:59:23.658+0000] {taskinstance.py:341} INFO - ::group::Post task execution logs
[2025-07-26T04:59:23.658+0000] {taskinstance.py:353} INFO - Marking task as SUCCESS. dag_id=elt_to_dwh, task_id=transform_task.process_companies, run_id=scheduled__2025-07-11T00:00:00+00:00, execution_date=20250711T000000, start_date=20250726T045921, end_date=20250726T045923
[2025-07-26T04:59:23.712+0000] {local_task_job_runner.py:266} INFO - Task exited with return code 0
[2025-07-26T04:59:23.729+0000] {taskinstance.py:3901} INFO - 1 downstream tasks scheduled from follow-on schedule check
[2025-07-26T04:59:23.735+0000] {local_task_job_runner.py:245} INFO - ::endgroup::
