[2025-07-25T11:16:38.619+0000] {local_task_job_runner.py:123} INFO - ::group::Pre task execution logs
[2025-07-25T11:16:38.639+0000] {taskinstance.py:2614} INFO - Dependencies all met for dep_context=non-requeueable deps ti=<TaskInstance: elt_to_dwh.transform_task.process_ohlcs scheduled__2025-07-14T00:00:00+00:00 [queued]>
[2025-07-25T11:16:38.650+0000] {taskinstance.py:2614} INFO - Dependencies all met for dep_context=requeueable deps ti=<TaskInstance: elt_to_dwh.transform_task.process_ohlcs scheduled__2025-07-14T00:00:00+00:00 [queued]>
[2025-07-25T11:16:38.651+0000] {taskinstance.py:2867} INFO - Starting attempt 1 of 1
[2025-07-25T11:16:38.669+0000] {taskinstance.py:2890} INFO - Executing <Task(SparkSubmitOperator): transform_task.process_ohlcs> on 2025-07-14 00:00:00+00:00
[2025-07-25T11:16:38.680+0000] {standard_task_runner.py:104} INFO - Running: ['airflow', 'tasks', 'run', 'elt_to_dwh', 'transform_task.process_ohlcs', 'scheduled__2025-07-14T00:00:00+00:00', '--job-id', '125', '--raw', '--subdir', 'DAGS_FOLDER/elt_to_dwh.py', '--cfg-path', '/tmp/tmp55bwlbpd']
[2025-07-25T11:16:38.683+0000] {standard_task_runner.py:105} INFO - Job 125: Subtask transform_task.process_ohlcs
[2025-07-25T11:16:38.687+0000] {logging_mixin.py:190} WARNING - /home/airflow/.local/lib/python3.12/site-packages/airflow/task/task_runner/standard_task_runner.py:70 DeprecationWarning: This process (pid=3776) is multi-threaded, use of fork() may lead to deadlocks in the child.
[2025-07-25T11:16:38.688+0000] {standard_task_runner.py:72} INFO - Started process 3786 to run task
[2025-07-25T11:16:38.736+0000] {task_command.py:467} INFO - Running <TaskInstance: elt_to_dwh.transform_task.process_ohlcs scheduled__2025-07-14T00:00:00+00:00 [running]> on host 74cfddf97016
[2025-07-25T11:16:38.817+0000] {taskinstance.py:3134} INFO - Exporting env vars: AIRFLOW_CTX_DAG_OWNER='airflow' AIRFLOW_CTX_DAG_ID='elt_to_dwh' AIRFLOW_CTX_TASK_ID='transform_task.process_ohlcs' AIRFLOW_CTX_EXECUTION_DATE='2025-07-14T00:00:00+00:00' AIRFLOW_CTX_TRY_NUMBER='1' AIRFLOW_CTX_DAG_RUN_ID='scheduled__2025-07-14T00:00:00+00:00'
[2025-07-25T11:16:38.818+0000] {taskinstance.py:732} INFO - ::endgroup::
[2025-07-25T11:16:38.840+0000] {spark_submit.py:223} INFO - Could not load connection string spark_conn, defaulting to yarn
[2025-07-25T11:16:38.842+0000] {spark_submit.py:351} INFO - Spark-Submit cmd: spark-submit --master yarn --name arrow-spark /opt/airflow/scripts/elt_to_dwh/transform/process_ohlcs.py 2025-07-14
[2025-07-25T11:16:40.933+0000] {spark_submit.py:521} INFO - Exception in thread "main" org.apache.spark.SparkException: When running with master 'yarn' either HADOOP_CONF_DIR or YARN_CONF_DIR must be set in the environment.
[2025-07-25T11:16:40.934+0000] {spark_submit.py:521} INFO - at org.apache.spark.deploy.SparkSubmitArguments.error(SparkSubmitArguments.scala:650)
[2025-07-25T11:16:40.934+0000] {spark_submit.py:521} INFO - at org.apache.spark.deploy.SparkSubmitArguments.validateSubmitArguments(SparkSubmitArguments.scala:281)
[2025-07-25T11:16:40.935+0000] {spark_submit.py:521} INFO - at org.apache.spark.deploy.SparkSubmitArguments.validateArguments(SparkSubmitArguments.scala:237)
[2025-07-25T11:16:40.935+0000] {spark_submit.py:521} INFO - at org.apache.spark.deploy.SparkSubmitArguments.<init>(SparkSubmitArguments.scala:122)
[2025-07-25T11:16:40.936+0000] {spark_submit.py:521} INFO - at org.apache.spark.deploy.SparkSubmit$$anon$2$$anon$3.<init>(SparkSubmit.scala:1108)
[2025-07-25T11:16:40.936+0000] {spark_submit.py:521} INFO - at org.apache.spark.deploy.SparkSubmit$$anon$2.parseArguments(SparkSubmit.scala:1108)
[2025-07-25T11:16:40.936+0000] {spark_submit.py:521} INFO - at org.apache.spark.deploy.SparkSubmit.doSubmit(SparkSubmit.scala:86)
[2025-07-25T11:16:40.937+0000] {spark_submit.py:521} INFO - at org.apache.spark.deploy.SparkSubmit$$anon$2.doSubmit(SparkSubmit.scala:1125)
[2025-07-25T11:16:40.937+0000] {spark_submit.py:521} INFO - at org.apache.spark.deploy.SparkSubmit$.main(SparkSubmit.scala:1134)
[2025-07-25T11:16:40.937+0000] {spark_submit.py:521} INFO - at org.apache.spark.deploy.SparkSubmit.main(SparkSubmit.scala)
[2025-07-25T11:16:40.964+0000] {taskinstance.py:3313} ERROR - Task failed with exception
Traceback (most recent call last):
  File "/home/airflow/.local/lib/python3.12/site-packages/airflow/models/taskinstance.py", line 768, in _execute_task
    result = _execute_callable(context=context, **execute_callable_kwargs)
             ^^^^^^^^^^^^^^^^^^^^^^^^^^^^^^^^^^^^^^^^^^^^^^^^^^^^^^^^^^^^^
  File "/home/airflow/.local/lib/python3.12/site-packages/airflow/models/taskinstance.py", line 734, in _execute_callable
    return ExecutionCallableRunner(
           ^^^^^^^^^^^^^^^^^^^^^^^^
  File "/home/airflow/.local/lib/python3.12/site-packages/airflow/utils/operator_helpers.py", line 252, in run
    return self.func(*args, **kwargs)
           ^^^^^^^^^^^^^^^^^^^^^^^^^^
  File "/home/airflow/.local/lib/python3.12/site-packages/airflow/models/baseoperator.py", line 424, in wrapper
    return func(self, *args, **kwargs)
           ^^^^^^^^^^^^^^^^^^^^^^^^^^^
  File "/home/airflow/.local/lib/python3.12/site-packages/airflow/providers/apache/spark/operators/spark_submit.py", line 156, in execute
    self._hook.submit(self._application)
  File "/home/airflow/.local/lib/python3.12/site-packages/airflow/providers/apache/spark/hooks/spark_submit.py", line 452, in submit
    raise AirflowException(
airflow.exceptions.AirflowException: Cannot execute: spark-submit --master yarn --name arrow-spark /opt/airflow/scripts/elt_to_dwh/transform/process_ohlcs.py 2025-07-14. Error code is: 1.
[2025-07-25T11:16:40.968+0000] {taskinstance.py:1226} INFO - Marking task as FAILED. dag_id=elt_to_dwh, task_id=transform_task.process_ohlcs, run_id=scheduled__2025-07-14T00:00:00+00:00, execution_date=20250714T000000, start_date=20250725T111638, end_date=20250725T111640
[2025-07-25T11:16:40.987+0000] {taskinstance.py:341} INFO - ::group::Post task execution logs
[2025-07-25T11:16:40.988+0000] {standard_task_runner.py:124} ERROR - Failed to execute job 125 for task transform_task.process_ohlcs (Cannot execute: spark-submit --master yarn --name arrow-spark /opt/airflow/scripts/elt_to_dwh/transform/process_ohlcs.py 2025-07-14. Error code is: 1.; 3786)
Traceback (most recent call last):
  File "/home/airflow/.local/lib/python3.12/site-packages/airflow/task/task_runner/standard_task_runner.py", line 117, in _start_by_fork
    ret = args.func(args, dag=self.dag)
          ^^^^^^^^^^^^^^^^^^^^^^^^^^^^^
  File "/home/airflow/.local/lib/python3.12/site-packages/airflow/cli/cli_config.py", line 49, in command
    return func(*args, **kwargs)
           ^^^^^^^^^^^^^^^^^^^^^
  File "/home/airflow/.local/lib/python3.12/site-packages/airflow/utils/cli.py", line 116, in wrapper
    return f(*args, **kwargs)
           ^^^^^^^^^^^^^^^^^^
  File "/home/airflow/.local/lib/python3.12/site-packages/airflow/cli/commands/task_command.py", line 483, in task_run
    task_return_code = _run_task_by_selected_method(args, _dag, ti)
                       ^^^^^^^^^^^^^^^^^^^^^^^^^^^^^^^^^^^^^^^^^^^^
  File "/home/airflow/.local/lib/python3.12/site-packages/airflow/cli/commands/task_command.py", line 256, in _run_task_by_selected_method
    return _run_raw_task(args, ti)
           ^^^^^^^^^^^^^^^^^^^^^^^
  File "/home/airflow/.local/lib/python3.12/site-packages/airflow/cli/commands/task_command.py", line 341, in _run_raw_task
    return ti._run_raw_task(
           ^^^^^^^^^^^^^^^^^
  File "/home/airflow/.local/lib/python3.12/site-packages/airflow/utils/session.py", line 97, in wrapper
    return func(*args, session=session, **kwargs)
           ^^^^^^^^^^^^^^^^^^^^^^^^^^^^^^^^^^^^^^
  File "/home/airflow/.local/lib/python3.12/site-packages/airflow/models/taskinstance.py", line 3006, in _run_raw_task
    return _run_raw_task(
           ^^^^^^^^^^^^^^
  File "/home/airflow/.local/lib/python3.12/site-packages/airflow/models/taskinstance.py", line 274, in _run_raw_task
    TaskInstance._execute_task_with_callbacks(
  File "/home/airflow/.local/lib/python3.12/site-packages/airflow/models/taskinstance.py", line 3161, in _execute_task_with_callbacks
    result = self._execute_task(context, task_orig)
             ^^^^^^^^^^^^^^^^^^^^^^^^^^^^^^^^^^^^^^
  File "/home/airflow/.local/lib/python3.12/site-packages/airflow/models/taskinstance.py", line 3185, in _execute_task
    return _execute_task(self, context, task_orig)
           ^^^^^^^^^^^^^^^^^^^^^^^^^^^^^^^^^^^^^^^
  File "/home/airflow/.local/lib/python3.12/site-packages/airflow/models/taskinstance.py", line 768, in _execute_task
    result = _execute_callable(context=context, **execute_callable_kwargs)
             ^^^^^^^^^^^^^^^^^^^^^^^^^^^^^^^^^^^^^^^^^^^^^^^^^^^^^^^^^^^^^
  File "/home/airflow/.local/lib/python3.12/site-packages/airflow/models/taskinstance.py", line 734, in _execute_callable
    return ExecutionCallableRunner(
           ^^^^^^^^^^^^^^^^^^^^^^^^
  File "/home/airflow/.local/lib/python3.12/site-packages/airflow/utils/operator_helpers.py", line 252, in run
    return self.func(*args, **kwargs)
           ^^^^^^^^^^^^^^^^^^^^^^^^^^
  File "/home/airflow/.local/lib/python3.12/site-packages/airflow/models/baseoperator.py", line 424, in wrapper
    return func(self, *args, **kwargs)
           ^^^^^^^^^^^^^^^^^^^^^^^^^^^
  File "/home/airflow/.local/lib/python3.12/site-packages/airflow/providers/apache/spark/operators/spark_submit.py", line 156, in execute
    self._hook.submit(self._application)
  File "/home/airflow/.local/lib/python3.12/site-packages/airflow/providers/apache/spark/hooks/spark_submit.py", line 452, in submit
    raise AirflowException(
airflow.exceptions.AirflowException: Cannot execute: spark-submit --master yarn --name arrow-spark /opt/airflow/scripts/elt_to_dwh/transform/process_ohlcs.py 2025-07-14. Error code is: 1.
[2025-07-25T11:16:41.033+0000] {local_task_job_runner.py:266} INFO - Task exited with return code 1
[2025-07-25T11:16:41.046+0000] {taskinstance.py:3901} INFO - 0 downstream tasks scheduled from follow-on schedule check
[2025-07-25T11:16:41.053+0000] {local_task_job_runner.py:245} INFO - ::endgroup::
[2025-07-26T05:04:21.016+0000] {local_task_job_runner.py:123} INFO - ::group::Pre task execution logs
[2025-07-26T05:04:21.028+0000] {taskinstance.py:2614} INFO - Dependencies all met for dep_context=non-requeueable deps ti=<TaskInstance: elt_to_dwh.transform_task.process_ohlcs scheduled__2025-07-14T00:00:00+00:00 [queued]>
[2025-07-26T05:04:21.034+0000] {taskinstance.py:2614} INFO - Dependencies all met for dep_context=requeueable deps ti=<TaskInstance: elt_to_dwh.transform_task.process_ohlcs scheduled__2025-07-14T00:00:00+00:00 [queued]>
[2025-07-26T05:04:21.035+0000] {taskinstance.py:2867} INFO - Starting attempt 1 of 1
[2025-07-26T05:04:21.047+0000] {taskinstance.py:2890} INFO - Executing <Task(SparkSubmitOperator): transform_task.process_ohlcs> on 2025-07-14 00:00:00+00:00
[2025-07-26T05:04:21.053+0000] {standard_task_runner.py:104} INFO - Running: ['airflow', 'tasks', 'run', 'elt_to_dwh', 'transform_task.process_ohlcs', 'scheduled__2025-07-14T00:00:00+00:00', '--job-id', '77', '--raw', '--subdir', 'DAGS_FOLDER/elt_to_dwh.py', '--cfg-path', '/tmp/tmpuri_enzb']
[2025-07-26T05:04:21.055+0000] {standard_task_runner.py:105} INFO - Job 77: Subtask transform_task.process_ohlcs
[2025-07-26T05:04:21.056+0000] {logging_mixin.py:190} WARNING - /home/airflow/.local/lib/python3.12/site-packages/airflow/task/task_runner/standard_task_runner.py:70 DeprecationWarning: This process (pid=3091) is multi-threaded, use of fork() may lead to deadlocks in the child.
[2025-07-26T05:04:21.057+0000] {standard_task_runner.py:72} INFO - Started process 3101 to run task
[2025-07-26T05:04:21.085+0000] {task_command.py:467} INFO - Running <TaskInstance: elt_to_dwh.transform_task.process_ohlcs scheduled__2025-07-14T00:00:00+00:00 [running]> on host 3bc71adbf7e0
[2025-07-26T05:04:21.148+0000] {taskinstance.py:3134} INFO - Exporting env vars: AIRFLOW_CTX_DAG_OWNER='airflow' AIRFLOW_CTX_DAG_ID='elt_to_dwh' AIRFLOW_CTX_TASK_ID='transform_task.process_ohlcs' AIRFLOW_CTX_EXECUTION_DATE='2025-07-14T00:00:00+00:00' AIRFLOW_CTX_TRY_NUMBER='1' AIRFLOW_CTX_DAG_RUN_ID='scheduled__2025-07-14T00:00:00+00:00'
[2025-07-26T05:04:21.149+0000] {taskinstance.py:732} INFO - ::endgroup::
[2025-07-26T05:04:21.163+0000] {base.py:84} INFO - Retrieving connection 'spark_conn'
[2025-07-26T05:04:21.164+0000] {spark_submit.py:351} INFO - Spark-Submit cmd: spark-submit --master spark-master:7077 --name arrow-spark /opt/airflow/scripts/elt_to_dwh/transform/process_ohlcs.py 2025-07-14
[2025-07-26T05:04:24.438+0000] {spark_submit.py:521} INFO - Execution date string: 2025-07-14
[2025-07-26T05:04:24.846+0000] {spark_submit.py:521} INFO - Reading from: s3a://stock-project-datalake/ohlcs/crawl_ohlcs-20250714.parquet
[2025-07-26T05:04:24.927+0000] {spark_submit.py:521} INFO - 25/07/26 05:04:24 INFO SparkContext: Running Spark version 3.5.6
[2025-07-26T05:04:24.929+0000] {spark_submit.py:521} INFO - 25/07/26 05:04:24 INFO SparkContext: OS info Linux, 5.15.153.1-microsoft-standard-WSL2, amd64
[2025-07-26T05:04:24.930+0000] {spark_submit.py:521} INFO - 25/07/26 05:04:24 INFO SparkContext: Java version 17.0.15
[2025-07-26T05:04:25.001+0000] {spark_submit.py:521} INFO - 25/07/26 05:04:25 WARN NativeCodeLoader: Unable to load native-hadoop library for your platform... using builtin-java classes where applicable
[2025-07-26T05:04:25.101+0000] {spark_submit.py:521} INFO - 25/07/26 05:04:25 INFO ResourceUtils: ==============================================================
[2025-07-26T05:04:25.102+0000] {spark_submit.py:521} INFO - 25/07/26 05:04:25 INFO ResourceUtils: No custom resources configured for spark.driver.
[2025-07-26T05:04:25.102+0000] {spark_submit.py:521} INFO - 25/07/26 05:04:25 INFO ResourceUtils: ==============================================================
[2025-07-26T05:04:25.103+0000] {spark_submit.py:521} INFO - 25/07/26 05:04:25 INFO SparkContext: Submitted application: process_ohlcs
[2025-07-26T05:04:25.124+0000] {spark_submit.py:521} INFO - 25/07/26 05:04:25 INFO ResourceProfile: Default ResourceProfile created, executor resources: Map(memory -> name: memory, amount: 1024, script: , vendor: , offHeap -> name: offHeap, amount: 0, script: , vendor: ), task resources: Map(cpus -> name: cpus, amount: 1.0)
[2025-07-26T05:04:25.134+0000] {spark_submit.py:521} INFO - 25/07/26 05:04:25 INFO ResourceProfile: Limiting resource is cpu
[2025-07-26T05:04:25.135+0000] {spark_submit.py:521} INFO - 25/07/26 05:04:25 INFO ResourceProfileManager: Added ResourceProfile id: 0
[2025-07-26T05:04:25.181+0000] {spark_submit.py:521} INFO - 25/07/26 05:04:25 INFO SecurityManager: Changing view acls to: airflow
[2025-07-26T05:04:25.182+0000] {spark_submit.py:521} INFO - 25/07/26 05:04:25 INFO SecurityManager: Changing modify acls to: airflow
[2025-07-26T05:04:25.182+0000] {spark_submit.py:521} INFO - 25/07/26 05:04:25 INFO SecurityManager: Changing view acls groups to:
[2025-07-26T05:04:25.183+0000] {spark_submit.py:521} INFO - 25/07/26 05:04:25 INFO SecurityManager: Changing modify acls groups to:
[2025-07-26T05:04:25.184+0000] {spark_submit.py:521} INFO - 25/07/26 05:04:25 INFO SecurityManager: SecurityManager: authentication disabled; ui acls disabled; users with view permissions: airflow; groups with view permissions: EMPTY; users with modify permissions: airflow; groups with modify permissions: EMPTY
[2025-07-26T05:04:25.385+0000] {spark_submit.py:521} INFO - 25/07/26 05:04:25 INFO Utils: Successfully started service 'sparkDriver' on port 43515.
[2025-07-26T05:04:25.409+0000] {spark_submit.py:521} INFO - 25/07/26 05:04:25 INFO SparkEnv: Registering MapOutputTracker
[2025-07-26T05:04:25.439+0000] {spark_submit.py:521} INFO - 25/07/26 05:04:25 INFO SparkEnv: Registering BlockManagerMaster
[2025-07-26T05:04:25.456+0000] {spark_submit.py:521} INFO - 25/07/26 05:04:25 INFO BlockManagerMasterEndpoint: Using org.apache.spark.storage.DefaultTopologyMapper for getting topology information
[2025-07-26T05:04:25.457+0000] {spark_submit.py:521} INFO - 25/07/26 05:04:25 INFO BlockManagerMasterEndpoint: BlockManagerMasterEndpoint up
[2025-07-26T05:04:25.463+0000] {spark_submit.py:521} INFO - 25/07/26 05:04:25 INFO SparkEnv: Registering BlockManagerMasterHeartbeat
[2025-07-26T05:04:25.483+0000] {spark_submit.py:521} INFO - 25/07/26 05:04:25 INFO DiskBlockManager: Created local directory at /tmp/blockmgr-ffd5c9de-bbde-41a0-8892-512d3a3f738b
[2025-07-26T05:04:25.495+0000] {spark_submit.py:521} INFO - 25/07/26 05:04:25 INFO MemoryStore: MemoryStore started with capacity 434.4 MiB
[2025-07-26T05:04:25.511+0000] {spark_submit.py:521} INFO - 25/07/26 05:04:25 INFO SparkEnv: Registering OutputCommitCoordinator
[2025-07-26T05:04:25.646+0000] {spark_submit.py:521} INFO - 25/07/26 05:04:25 INFO JettyUtils: Start Jetty 0.0.0.0:4040 for SparkUI
[2025-07-26T05:04:25.775+0000] {spark_submit.py:521} INFO - 25/07/26 05:04:25 INFO Utils: Successfully started service 'SparkUI' on port 4040.
[2025-07-26T05:04:25.911+0000] {spark_submit.py:521} INFO - 25/07/26 05:04:25 INFO StandaloneAppClient$ClientEndpoint: Connecting to master spark://spark-master:7077...
[2025-07-26T05:04:25.977+0000] {spark_submit.py:521} INFO - 25/07/26 05:04:25 INFO TransportClientFactory: Successfully created connection to spark-master/172.18.0.5:7077 after 48 ms (0 ms spent in bootstraps)
[2025-07-26T05:04:26.103+0000] {spark_submit.py:521} INFO - 25/07/26 05:04:26 INFO StandaloneSchedulerBackend: Connected to Spark cluster with app ID app-20250726050426-0004
[2025-07-26T05:04:26.106+0000] {spark_submit.py:521} INFO - 25/07/26 05:04:26 INFO StandaloneAppClient$ClientEndpoint: Executor added: app-20250726050426-0004/0 on worker-20250726042217-172.18.0.6-40723 (172.18.0.6:40723) with 2 core(s)
[2025-07-26T05:04:26.109+0000] {spark_submit.py:521} INFO - 25/07/26 05:04:26 INFO StandaloneSchedulerBackend: Granted executor ID app-20250726050426-0004/0 on hostPort 172.18.0.6:40723 with 2 core(s), 1024.0 MiB RAM
[2025-07-26T05:04:26.118+0000] {spark_submit.py:521} INFO - 25/07/26 05:04:26 INFO Utils: Successfully started service 'org.apache.spark.network.netty.NettyBlockTransferService' on port 36785.
[2025-07-26T05:04:26.119+0000] {spark_submit.py:521} INFO - 25/07/26 05:04:26 INFO NettyBlockTransferService: Server created on 3bc71adbf7e0:36785
[2025-07-26T05:04:26.122+0000] {spark_submit.py:521} INFO - 25/07/26 05:04:26 INFO BlockManager: Using org.apache.spark.storage.RandomBlockReplicationPolicy for block replication policy
[2025-07-26T05:04:26.132+0000] {spark_submit.py:521} INFO - 25/07/26 05:04:26 INFO BlockManagerMaster: Registering BlockManager BlockManagerId(driver, 3bc71adbf7e0, 36785, None)
[2025-07-26T05:04:26.137+0000] {spark_submit.py:521} INFO - 25/07/26 05:04:26 INFO BlockManagerMasterEndpoint: Registering block manager 3bc71adbf7e0:36785 with 434.4 MiB RAM, BlockManagerId(driver, 3bc71adbf7e0, 36785, None)
[2025-07-26T05:04:26.143+0000] {spark_submit.py:521} INFO - 25/07/26 05:04:26 INFO BlockManagerMaster: Registered BlockManager BlockManagerId(driver, 3bc71adbf7e0, 36785, None)
[2025-07-26T05:04:26.144+0000] {spark_submit.py:521} INFO - 25/07/26 05:04:26 INFO BlockManager: Initialized BlockManager: BlockManagerId(driver, 3bc71adbf7e0, 36785, None)
[2025-07-26T05:04:26.145+0000] {spark_submit.py:521} INFO - 25/07/26 05:04:26 INFO StandaloneAppClient$ClientEndpoint: Executor updated: app-20250726050426-0004/0 is now RUNNING
[2025-07-26T05:04:26.389+0000] {spark_submit.py:521} INFO - 25/07/26 05:04:26 INFO StandaloneSchedulerBackend: SchedulerBackend is ready for scheduling beginning after reached minRegisteredResourcesRatio: 0.0
[2025-07-26T05:04:26.682+0000] {spark_submit.py:521} INFO - 25/07/26 05:04:26 INFO SharedState: Setting hive.metastore.warehouse.dir ('null') to the value of spark.sql.warehouse.dir.
[2025-07-26T05:04:26.695+0000] {spark_submit.py:521} INFO - 25/07/26 05:04:26 INFO SharedState: Warehouse path is 'file:/opt/airflow/spark-warehouse'.
[2025-07-26T05:04:27.989+0000] {spark_submit.py:521} INFO - 25/07/26 05:04:27 WARN MetricsConfig: Cannot locate configuration: tried hadoop-metrics2-s3a-file-system.properties,hadoop-metrics2.properties
[2025-07-26T05:04:28.011+0000] {spark_submit.py:521} INFO - 25/07/26 05:04:28 INFO MetricsSystemImpl: Scheduled Metric snapshot period at 10 second(s).
[2025-07-26T05:04:28.012+0000] {spark_submit.py:521} INFO - 25/07/26 05:04:28 INFO MetricsSystemImpl: s3a-file-system metrics system started
[2025-07-26T05:04:29.204+0000] {spark_submit.py:521} INFO - 25/07/26 05:04:29 INFO StandaloneSchedulerBackend$StandaloneDriverEndpoint: Registered executor NettyRpcEndpointRef(spark-client://Executor) (172.18.0.6:58282) with ID 0,  ResourceProfileId 0
[2025-07-26T05:04:29.279+0000] {spark_submit.py:521} INFO - 25/07/26 05:04:29 INFO BlockManagerMasterEndpoint: Registering block manager 172.18.0.6:45595 with 434.4 MiB RAM, BlockManagerId(0, 172.18.0.6, 45595, None)
[2025-07-26T05:04:30.229+0000] {spark_submit.py:521} INFO - 25/07/26 05:04:30 INFO InMemoryFileIndex: It took 172 ms to list leaf files for 1 paths.
[2025-07-26T05:04:30.636+0000] {spark_submit.py:521} INFO - 25/07/26 05:04:30 INFO SparkContext: Starting job: parquet at NativeMethodAccessorImpl.java:0
[2025-07-26T05:04:30.652+0000] {spark_submit.py:521} INFO - 25/07/26 05:04:30 INFO DAGScheduler: Got job 0 (parquet at NativeMethodAccessorImpl.java:0) with 1 output partitions
[2025-07-26T05:04:30.652+0000] {spark_submit.py:521} INFO - 25/07/26 05:04:30 INFO DAGScheduler: Final stage: ResultStage 0 (parquet at NativeMethodAccessorImpl.java:0)
[2025-07-26T05:04:30.653+0000] {spark_submit.py:521} INFO - 25/07/26 05:04:30 INFO DAGScheduler: Parents of final stage: List()
[2025-07-26T05:04:30.654+0000] {spark_submit.py:521} INFO - 25/07/26 05:04:30 INFO DAGScheduler: Missing parents: List()
[2025-07-26T05:04:30.657+0000] {spark_submit.py:521} INFO - 25/07/26 05:04:30 INFO DAGScheduler: Submitting ResultStage 0 (MapPartitionsRDD[1] at parquet at NativeMethodAccessorImpl.java:0), which has no missing parents
[2025-07-26T05:04:30.726+0000] {spark_submit.py:521} INFO - 25/07/26 05:04:30 INFO MemoryStore: Block broadcast_0 stored as values in memory (estimated size 104.6 KiB, free 434.3 MiB)
[2025-07-26T05:04:30.774+0000] {spark_submit.py:521} INFO - 25/07/26 05:04:30 INFO MemoryStore: Block broadcast_0_piece0 stored as bytes in memory (estimated size 38.1 KiB, free 434.3 MiB)
[2025-07-26T05:04:30.779+0000] {spark_submit.py:521} INFO - 25/07/26 05:04:30 INFO BlockManagerInfo: Added broadcast_0_piece0 in memory on 3bc71adbf7e0:36785 (size: 38.1 KiB, free: 434.4 MiB)
[2025-07-26T05:04:30.784+0000] {spark_submit.py:521} INFO - 25/07/26 05:04:30 INFO SparkContext: Created broadcast 0 from broadcast at DAGScheduler.scala:1611
[2025-07-26T05:04:30.811+0000] {spark_submit.py:521} INFO - 25/07/26 05:04:30 INFO DAGScheduler: Submitting 1 missing tasks from ResultStage 0 (MapPartitionsRDD[1] at parquet at NativeMethodAccessorImpl.java:0) (first 15 tasks are for partitions Vector(0))
[2025-07-26T05:04:30.814+0000] {spark_submit.py:521} INFO - 25/07/26 05:04:30 INFO TaskSchedulerImpl: Adding task set 0.0 with 1 tasks resource profile 0
[2025-07-26T05:04:30.855+0000] {spark_submit.py:521} INFO - 25/07/26 05:04:30 INFO TaskSetManager: Starting task 0.0 in stage 0.0 (TID 0) (172.18.0.6, executor 0, partition 0, PROCESS_LOCAL, 9161 bytes)
[2025-07-26T05:04:31.146+0000] {spark_submit.py:521} INFO - 25/07/26 05:04:31 INFO BlockManagerInfo: Added broadcast_0_piece0 in memory on 172.18.0.6:45595 (size: 38.1 KiB, free: 434.4 MiB)
[2025-07-26T05:04:33.442+0000] {spark_submit.py:521} INFO - 25/07/26 05:04:33 INFO TaskSetManager: Finished task 0.0 in stage 0.0 (TID 0) in 2604 ms on 172.18.0.6 (executor 0) (1/1)
[2025-07-26T05:04:33.443+0000] {spark_submit.py:521} INFO - 25/07/26 05:04:33 INFO TaskSchedulerImpl: Removed TaskSet 0.0, whose tasks have all completed, from pool
[2025-07-26T05:04:33.448+0000] {spark_submit.py:521} INFO - 25/07/26 05:04:33 INFO DAGScheduler: ResultStage 0 (parquet at NativeMethodAccessorImpl.java:0) finished in 2.776 s
[2025-07-26T05:04:33.451+0000] {spark_submit.py:521} INFO - 25/07/26 05:04:33 INFO DAGScheduler: Job 0 is finished. Cancelling potential speculative or zombie tasks for this job
[2025-07-26T05:04:33.452+0000] {spark_submit.py:521} INFO - 25/07/26 05:04:33 INFO TaskSchedulerImpl: Killing all running tasks in stage 0: Stage finished
[2025-07-26T05:04:33.453+0000] {spark_submit.py:521} INFO - 25/07/26 05:04:33 INFO DAGScheduler: Job 0 finished: parquet at NativeMethodAccessorImpl.java:0, took 2.816460 s
[2025-07-26T05:04:33.723+0000] {spark_submit.py:521} INFO - 25/07/26 05:04:33 INFO BlockManagerInfo: Removed broadcast_0_piece0 on 3bc71adbf7e0:36785 in memory (size: 38.1 KiB, free: 434.4 MiB)
[2025-07-26T05:04:33.730+0000] {spark_submit.py:521} INFO - 25/07/26 05:04:33 INFO BlockManagerInfo: Removed broadcast_0_piece0 on 172.18.0.6:45595 in memory (size: 38.1 KiB, free: 434.4 MiB)
[2025-07-26T05:04:33.915+0000] {spark_submit.py:521} INFO - DataFrame loaded from Parquet:
[2025-07-26T05:04:33.928+0000] {spark_submit.py:521} INFO - root
[2025-07-26T05:04:33.929+0000] {spark_submit.py:521} INFO - |-- ticker: string (nullable = true)
[2025-07-26T05:04:33.929+0000] {spark_submit.py:521} INFO - |-- volume: double (nullable = true)
[2025-07-26T05:04:33.930+0000] {spark_submit.py:521} INFO - |-- volume_weighted: double (nullable = true)
[2025-07-26T05:04:33.930+0000] {spark_submit.py:521} INFO - |-- open: double (nullable = true)
[2025-07-26T05:04:33.930+0000] {spark_submit.py:521} INFO - |-- close: double (nullable = true)
[2025-07-26T05:04:33.931+0000] {spark_submit.py:521} INFO - |-- high: double (nullable = true)
[2025-07-26T05:04:33.931+0000] {spark_submit.py:521} INFO - |-- low: double (nullable = true)
[2025-07-26T05:04:33.931+0000] {spark_submit.py:521} INFO - |-- time_stamp: long (nullable = true)
[2025-07-26T05:04:33.932+0000] {spark_submit.py:521} INFO - |-- num_of_trades: long (nullable = true)
[2025-07-26T05:04:33.932+0000] {spark_submit.py:521} INFO - |-- is_otc: boolean (nullable = true)
[2025-07-26T05:04:33.933+0000] {spark_submit.py:521} INFO - 
[2025-07-26T05:04:34.248+0000] {spark_submit.py:521} INFO - 25/07/26 05:04:34 INFO FileSourceStrategy: Pushed Filters:
[2025-07-26T05:04:34.250+0000] {spark_submit.py:521} INFO - 25/07/26 05:04:34 INFO FileSourceStrategy: Post-Scan Filters:
[2025-07-26T05:04:34.628+0000] {spark_submit.py:521} INFO - 25/07/26 05:04:34 INFO CodeGenerator: Code generated in 189.695997 ms
[2025-07-26T05:04:34.657+0000] {spark_submit.py:521} INFO - 25/07/26 05:04:34 INFO MemoryStore: Block broadcast_1 stored as values in memory (estimated size 211.8 KiB, free 434.2 MiB)
[2025-07-26T05:04:34.665+0000] {spark_submit.py:521} INFO - 25/07/26 05:04:34 INFO MemoryStore: Block broadcast_1_piece0 stored as bytes in memory (estimated size 36.2 KiB, free 434.2 MiB)
[2025-07-26T05:04:34.666+0000] {spark_submit.py:521} INFO - 25/07/26 05:04:34 INFO BlockManagerInfo: Added broadcast_1_piece0 in memory on 3bc71adbf7e0:36785 (size: 36.2 KiB, free: 434.4 MiB)
[2025-07-26T05:04:34.667+0000] {spark_submit.py:521} INFO - 25/07/26 05:04:34 INFO SparkContext: Created broadcast 1 from showString at NativeMethodAccessorImpl.java:0
[2025-07-26T05:04:34.678+0000] {spark_submit.py:521} INFO - 25/07/26 05:04:34 INFO FileSourceScanExec: Planning scan with bin packing, max size: 4194304 bytes, open cost is considered as scanning 4194304 bytes.
[2025-07-26T05:04:34.720+0000] {spark_submit.py:521} INFO - 25/07/26 05:04:34 INFO SparkContext: Starting job: showString at NativeMethodAccessorImpl.java:0
[2025-07-26T05:04:34.722+0000] {spark_submit.py:521} INFO - 25/07/26 05:04:34 INFO DAGScheduler: Got job 1 (showString at NativeMethodAccessorImpl.java:0) with 1 output partitions
[2025-07-26T05:04:34.722+0000] {spark_submit.py:521} INFO - 25/07/26 05:04:34 INFO DAGScheduler: Final stage: ResultStage 1 (showString at NativeMethodAccessorImpl.java:0)
[2025-07-26T05:04:34.723+0000] {spark_submit.py:521} INFO - 25/07/26 05:04:34 INFO DAGScheduler: Parents of final stage: List()
[2025-07-26T05:04:34.724+0000] {spark_submit.py:521} INFO - 25/07/26 05:04:34 INFO DAGScheduler: Missing parents: List()
[2025-07-26T05:04:34.725+0000] {spark_submit.py:521} INFO - 25/07/26 05:04:34 INFO DAGScheduler: Submitting ResultStage 1 (MapPartitionsRDD[5] at showString at NativeMethodAccessorImpl.java:0), which has no missing parents
[2025-07-26T05:04:34.747+0000] {spark_submit.py:521} INFO - 25/07/26 05:04:34 INFO MemoryStore: Block broadcast_2 stored as values in memory (estimated size 20.5 KiB, free 434.1 MiB)
[2025-07-26T05:04:34.749+0000] {spark_submit.py:521} INFO - 25/07/26 05:04:34 INFO MemoryStore: Block broadcast_2_piece0 stored as bytes in memory (estimated size 7.3 KiB, free 434.1 MiB)
[2025-07-26T05:04:34.749+0000] {spark_submit.py:521} INFO - 25/07/26 05:04:34 INFO BlockManagerInfo: Added broadcast_2_piece0 in memory on 3bc71adbf7e0:36785 (size: 7.3 KiB, free: 434.4 MiB)
[2025-07-26T05:04:34.750+0000] {spark_submit.py:521} INFO - 25/07/26 05:04:34 INFO SparkContext: Created broadcast 2 from broadcast at DAGScheduler.scala:1611
[2025-07-26T05:04:34.751+0000] {spark_submit.py:521} INFO - 25/07/26 05:04:34 INFO DAGScheduler: Submitting 1 missing tasks from ResultStage 1 (MapPartitionsRDD[5] at showString at NativeMethodAccessorImpl.java:0) (first 15 tasks are for partitions Vector(0))
[2025-07-26T05:04:34.752+0000] {spark_submit.py:521} INFO - 25/07/26 05:04:34 INFO TaskSchedulerImpl: Adding task set 1.0 with 1 tasks resource profile 0
[2025-07-26T05:04:34.755+0000] {spark_submit.py:521} INFO - 25/07/26 05:04:34 INFO TaskSetManager: Starting task 0.0 in stage 1.0 (TID 1) (172.18.0.6, executor 0, partition 0, PROCESS_LOCAL, 9629 bytes)
[2025-07-26T05:04:34.787+0000] {spark_submit.py:521} INFO - 25/07/26 05:04:34 INFO BlockManagerInfo: Added broadcast_2_piece0 in memory on 172.18.0.6:45595 (size: 7.3 KiB, free: 434.4 MiB)
[2025-07-26T05:04:35.162+0000] {spark_submit.py:521} INFO - 25/07/26 05:04:35 INFO BlockManagerInfo: Added broadcast_1_piece0 in memory on 172.18.0.6:45595 (size: 36.2 KiB, free: 434.4 MiB)
[2025-07-26T05:04:36.241+0000] {spark_submit.py:521} INFO - 25/07/26 05:04:36 INFO TaskSetManager: Finished task 0.0 in stage 1.0 (TID 1) in 1489 ms on 172.18.0.6 (executor 0) (1/1)
[2025-07-26T05:04:36.242+0000] {spark_submit.py:521} INFO - 25/07/26 05:04:36 INFO TaskSchedulerImpl: Removed TaskSet 1.0, whose tasks have all completed, from pool
[2025-07-26T05:04:36.243+0000] {spark_submit.py:521} INFO - 25/07/26 05:04:36 INFO DAGScheduler: ResultStage 1 (showString at NativeMethodAccessorImpl.java:0) finished in 1.515 s
[2025-07-26T05:04:36.243+0000] {spark_submit.py:521} INFO - 25/07/26 05:04:36 INFO DAGScheduler: Job 1 is finished. Cancelling potential speculative or zombie tasks for this job
[2025-07-26T05:04:36.244+0000] {spark_submit.py:521} INFO - 25/07/26 05:04:36 INFO TaskSchedulerImpl: Killing all running tasks in stage 1: Stage finished
[2025-07-26T05:04:36.244+0000] {spark_submit.py:521} INFO - 25/07/26 05:04:36 INFO DAGScheduler: Job 1 finished: showString at NativeMethodAccessorImpl.java:0, took 1.523497 s
[2025-07-26T05:04:36.707+0000] {spark_submit.py:521} INFO - 25/07/26 05:04:36 INFO BlockManagerInfo: Removed broadcast_2_piece0 on 3bc71adbf7e0:36785 in memory (size: 7.3 KiB, free: 434.4 MiB)
[2025-07-26T05:04:36.710+0000] {spark_submit.py:521} INFO - 25/07/26 05:04:36 INFO BlockManagerInfo: Removed broadcast_2_piece0 on 172.18.0.6:45595 in memory (size: 7.3 KiB, free: 434.4 MiB)
[2025-07-26T05:04:37.053+0000] {spark_submit.py:521} INFO - 25/07/26 05:04:37 INFO CodeGenerator: Code generated in 21.499522 ms
[2025-07-26T05:04:37.063+0000] {spark_submit.py:521} INFO - +------+---------+---------------+------+------+------+------+-------------+-------------+------+
[2025-07-26T05:04:37.063+0000] {spark_submit.py:521} INFO - |ticker|   volume|volume_weighted|  open| close|  high|   low|   time_stamp|num_of_trades|is_otc|
[2025-07-26T05:04:37.064+0000] {spark_submit.py:521} INFO - +------+---------+---------------+------+------+------+------+-------------+-------------+------+
[2025-07-26T05:04:37.065+0000] {spark_submit.py:521} INFO - |  IJUN|   6163.0|        27.5732| 27.61| 27.56| 27.62| 27.53|1752523200000|           73|  NULL|
[2025-07-26T05:04:37.065+0000] {spark_submit.py:521} INFO - |   ABT|4881683.0|       132.2519|132.02|132.03|133.09|131.71|1752523200000|        75631|  NULL|
[2025-07-26T05:04:37.066+0000] {spark_submit.py:521} INFO - |  DIVB|  68053.0|        50.8101| 50.88| 50.93| 50.93| 50.65|1752523200000|          917|  NULL|
[2025-07-26T05:04:37.066+0000] {spark_submit.py:521} INFO - |  SFLR| 107402.0|        33.9051|  33.8|  33.9| 33.98|  33.8|1752523200000|          710|  NULL|
[2025-07-26T05:04:37.067+0000] {spark_submit.py:521} INFO - |  KULR|3304974.0|         6.3494|  6.35|  6.56|  6.61|  6.05|1752523200000|        21168|  NULL|
[2025-07-26T05:04:37.067+0000] {spark_submit.py:521} INFO - +------+---------+---------------+------+------+------+------+-------------+-------------+------+
[2025-07-26T05:04:37.068+0000] {spark_submit.py:521} INFO - only showing top 5 rows
[2025-07-26T05:04:37.068+0000] {spark_submit.py:521} INFO - 
[2025-07-26T05:04:37.384+0000] {spark_submit.py:521} INFO - Time ID DataFrame:
[2025-07-26T05:04:37.387+0000] {spark_submit.py:521} INFO - id
[2025-07-26T05:04:37.387+0000] {spark_submit.py:521} INFO - 0   3
[2025-07-26T05:04:38.087+0000] {spark_submit.py:521} INFO - Companies DataFrame:
[2025-07-26T05:04:38.089+0000] {spark_submit.py:521} INFO - DataFrame[id: bigint, ticker: string]
[2025-07-26T05:04:38.188+0000] {spark_submit.py:521} INFO - Transformed DataFrame:
[2025-07-26T05:04:38.400+0000] {spark_submit.py:521} INFO - 25/07/26 05:04:38 INFO FileSourceStrategy: Pushed Filters: IsNotNull(volume_weighted),IsNotNull(ticker)
[2025-07-26T05:04:38.401+0000] {spark_submit.py:521} INFO - 25/07/26 05:04:38 INFO FileSourceStrategy: Post-Scan Filters: isnotnull(volume_weighted#2),isnotnull(ticker#0)
[2025-07-26T05:04:38.618+0000] {spark_submit.py:521} INFO - 25/07/26 05:04:38 INFO CodeGenerator: Code generated in 29.969163 ms
[2025-07-26T05:04:38.629+0000] {spark_submit.py:521} INFO - 25/07/26 05:04:38 INFO MemoryStore: Block broadcast_3 stored as values in memory (estimated size 211.8 KiB, free 434.0 MiB)
[2025-07-26T05:04:38.637+0000] {spark_submit.py:521} INFO - 25/07/26 05:04:38 INFO MemoryStore: Block broadcast_3_piece0 stored as bytes in memory (estimated size 36.2 KiB, free 433.9 MiB)
[2025-07-26T05:04:38.638+0000] {spark_submit.py:521} INFO - 25/07/26 05:04:38 INFO BlockManagerInfo: Added broadcast_3_piece0 in memory on 3bc71adbf7e0:36785 (size: 36.2 KiB, free: 434.3 MiB)
[2025-07-26T05:04:38.639+0000] {spark_submit.py:521} INFO - 25/07/26 05:04:38 INFO SparkContext: Created broadcast 3 from $anonfun$withThreadLocalCaptured$1 at FutureTask.java:264
[2025-07-26T05:04:38.642+0000] {spark_submit.py:521} INFO - 25/07/26 05:04:38 INFO FileSourceScanExec: Planning scan with bin packing, max size: 4194304 bytes, open cost is considered as scanning 4194304 bytes.
[2025-07-26T05:04:38.668+0000] {spark_submit.py:521} INFO - 25/07/26 05:04:38 INFO BlockManagerInfo: Removed broadcast_1_piece0 on 3bc71adbf7e0:36785 in memory (size: 36.2 KiB, free: 434.4 MiB)
[2025-07-26T05:04:38.669+0000] {spark_submit.py:521} INFO - 25/07/26 05:04:38 INFO SparkContext: Starting job: $anonfun$withThreadLocalCaptured$1 at FutureTask.java:264
[2025-07-26T05:04:38.670+0000] {spark_submit.py:521} INFO - 25/07/26 05:04:38 INFO BlockManagerInfo: Removed broadcast_1_piece0 on 172.18.0.6:45595 in memory (size: 36.2 KiB, free: 434.4 MiB)
[2025-07-26T05:04:38.671+0000] {spark_submit.py:521} INFO - 25/07/26 05:04:38 INFO DAGScheduler: Got job 2 ($anonfun$withThreadLocalCaptured$1 at FutureTask.java:264) with 1 output partitions
[2025-07-26T05:04:38.672+0000] {spark_submit.py:521} INFO - 25/07/26 05:04:38 INFO DAGScheduler: Final stage: ResultStage 2 ($anonfun$withThreadLocalCaptured$1 at FutureTask.java:264)
[2025-07-26T05:04:38.672+0000] {spark_submit.py:521} INFO - 25/07/26 05:04:38 INFO DAGScheduler: Parents of final stage: List()
[2025-07-26T05:04:38.674+0000] {spark_submit.py:521} INFO - 25/07/26 05:04:38 INFO DAGScheduler: Missing parents: List()
[2025-07-26T05:04:38.674+0000] {spark_submit.py:521} INFO - 25/07/26 05:04:38 INFO DAGScheduler: Submitting ResultStage 2 (MapPartitionsRDD[14] at $anonfun$withThreadLocalCaptured$1 at FutureTask.java:264), which has no missing parents
[2025-07-26T05:04:38.675+0000] {spark_submit.py:521} INFO - 25/07/26 05:04:38 INFO MemoryStore: Block broadcast_4 stored as values in memory (estimated size 19.9 KiB, free 434.1 MiB)
[2025-07-26T05:04:38.691+0000] {spark_submit.py:521} INFO - 25/07/26 05:04:38 INFO MemoryStore: Block broadcast_4_piece0 stored as bytes in memory (estimated size 7.3 KiB, free 434.1 MiB)
[2025-07-26T05:04:38.692+0000] {spark_submit.py:521} INFO - 25/07/26 05:04:38 INFO BlockManagerInfo: Added broadcast_4_piece0 in memory on 3bc71adbf7e0:36785 (size: 7.3 KiB, free: 434.4 MiB)
[2025-07-26T05:04:38.693+0000] {spark_submit.py:521} INFO - 25/07/26 05:04:38 INFO SparkContext: Created broadcast 4 from broadcast at DAGScheduler.scala:1611
[2025-07-26T05:04:38.694+0000] {spark_submit.py:521} INFO - 25/07/26 05:04:38 INFO DAGScheduler: Submitting 1 missing tasks from ResultStage 2 (MapPartitionsRDD[14] at $anonfun$withThreadLocalCaptured$1 at FutureTask.java:264) (first 15 tasks are for partitions Vector(0))
[2025-07-26T05:04:38.695+0000] {spark_submit.py:521} INFO - 25/07/26 05:04:38 INFO TaskSchedulerImpl: Adding task set 2.0 with 1 tasks resource profile 0
[2025-07-26T05:04:38.696+0000] {spark_submit.py:521} INFO - 25/07/26 05:04:38 INFO TaskSetManager: Starting task 0.0 in stage 2.0 (TID 2) (172.18.0.6, executor 0, partition 0, PROCESS_LOCAL, 9629 bytes)
[2025-07-26T05:04:38.705+0000] {spark_submit.py:521} INFO - 25/07/26 05:04:38 INFO CodeGenerator: Code generated in 90.509423 ms
[2025-07-26T05:04:38.742+0000] {spark_submit.py:521} INFO - 25/07/26 05:04:38 INFO BlockManagerInfo: Added broadcast_4_piece0 in memory on 172.18.0.6:45595 (size: 7.3 KiB, free: 434.4 MiB)
[2025-07-26T05:04:38.790+0000] {spark_submit.py:521} INFO - 25/07/26 05:04:38 INFO DAGScheduler: Registering RDD 16 (showString at NativeMethodAccessorImpl.java:0) as input to shuffle 0
[2025-07-26T05:04:38.794+0000] {spark_submit.py:521} INFO - 25/07/26 05:04:38 INFO DAGScheduler: Got map stage job 3 (showString at NativeMethodAccessorImpl.java:0) with 2 output partitions
[2025-07-26T05:04:38.796+0000] {spark_submit.py:521} INFO - 25/07/26 05:04:38 INFO DAGScheduler: Final stage: ShuffleMapStage 3 (showString at NativeMethodAccessorImpl.java:0)
[2025-07-26T05:04:38.797+0000] {spark_submit.py:521} INFO - 25/07/26 05:04:38 INFO DAGScheduler: Parents of final stage: List()
[2025-07-26T05:04:38.798+0000] {spark_submit.py:521} INFO - 25/07/26 05:04:38 INFO DAGScheduler: Missing parents: List()
[2025-07-26T05:04:38.803+0000] {spark_submit.py:521} INFO - 25/07/26 05:04:38 INFO DAGScheduler: Submitting ShuffleMapStage 3 (MapPartitionsRDD[16] at showString at NativeMethodAccessorImpl.java:0), which has no missing parents
[2025-07-26T05:04:38.808+0000] {spark_submit.py:521} INFO - 25/07/26 05:04:38 INFO BlockManagerInfo: Added broadcast_3_piece0 in memory on 172.18.0.6:45595 (size: 36.2 KiB, free: 434.4 MiB)
[2025-07-26T05:04:38.841+0000] {spark_submit.py:521} INFO - 25/07/26 05:04:38 INFO MemoryStore: Block broadcast_5 stored as values in memory (estimated size 37.8 KiB, free 434.1 MiB)
[2025-07-26T05:04:38.856+0000] {spark_submit.py:521} INFO - 25/07/26 05:04:38 INFO MemoryStore: Block broadcast_5_piece0 stored as bytes in memory (estimated size 17.8 KiB, free 434.1 MiB)
[2025-07-26T05:04:38.858+0000] {spark_submit.py:521} INFO - 25/07/26 05:04:38 INFO BlockManagerInfo: Added broadcast_5_piece0 in memory on 3bc71adbf7e0:36785 (size: 17.8 KiB, free: 434.3 MiB)
[2025-07-26T05:04:38.859+0000] {spark_submit.py:521} INFO - 25/07/26 05:04:38 INFO SparkContext: Created broadcast 5 from broadcast at DAGScheduler.scala:1611
[2025-07-26T05:04:38.862+0000] {spark_submit.py:521} INFO - 25/07/26 05:04:38 INFO DAGScheduler: Submitting 2 missing tasks from ShuffleMapStage 3 (MapPartitionsRDD[16] at showString at NativeMethodAccessorImpl.java:0) (first 15 tasks are for partitions Vector(0, 1))
[2025-07-26T05:04:38.863+0000] {spark_submit.py:521} INFO - 25/07/26 05:04:38 INFO TaskSchedulerImpl: Adding task set 3.0 with 2 tasks resource profile 0
[2025-07-26T05:04:38.868+0000] {spark_submit.py:521} INFO - 25/07/26 05:04:38 INFO TaskSetManager: Starting task 0.0 in stage 3.0 (TID 3) (172.18.0.6, executor 0, partition 0, PROCESS_LOCAL, 159165 bytes)
[2025-07-26T05:04:38.898+0000] {spark_submit.py:521} INFO - 25/07/26 05:04:38 INFO BlockManagerInfo: Added broadcast_5_piece0 in memory on 172.18.0.6:45595 (size: 17.8 KiB, free: 434.3 MiB)
[2025-07-26T05:04:40.218+0000] {spark_submit.py:521} INFO - 25/07/26 05:04:40 INFO TaskSetManager: Starting task 1.0 in stage 3.0 (TID 4) (172.18.0.6, executor 0, partition 1, PROCESS_LOCAL, 147748 bytes)
[2025-07-26T05:04:40.221+0000] {spark_submit.py:521} INFO - 25/07/26 05:04:40 INFO TaskSetManager: Finished task 0.0 in stage 2.0 (TID 2) in 1526 ms on 172.18.0.6 (executor 0) (1/1)
[2025-07-26T05:04:40.224+0000] {spark_submit.py:521} INFO - 25/07/26 05:04:40 INFO DAGScheduler: ResultStage 2 ($anonfun$withThreadLocalCaptured$1 at FutureTask.java:264) finished in 1.551 s
[2025-07-26T05:04:40.225+0000] {spark_submit.py:521} INFO - 25/07/26 05:04:40 INFO DAGScheduler: Job 2 is finished. Cancelling potential speculative or zombie tasks for this job
[2025-07-26T05:04:40.226+0000] {spark_submit.py:521} INFO - 25/07/26 05:04:40 INFO TaskSchedulerImpl: Removed TaskSet 2.0, whose tasks have all completed, from pool
[2025-07-26T05:04:40.229+0000] {spark_submit.py:521} INFO - 25/07/26 05:04:40 INFO TaskSchedulerImpl: Killing all running tasks in stage 2: Stage finished
[2025-07-26T05:04:40.231+0000] {spark_submit.py:521} INFO - 25/07/26 05:04:40 INFO DAGScheduler: Job 2 finished: $anonfun$withThreadLocalCaptured$1 at FutureTask.java:264, took 1.562516 s
[2025-07-26T05:04:40.279+0000] {spark_submit.py:521} INFO - 25/07/26 05:04:40 INFO CodeGenerator: Code generated in 10.097026 ms
[2025-07-26T05:04:40.335+0000] {spark_submit.py:521} INFO - 25/07/26 05:04:40 INFO BlockManagerInfo: Removed broadcast_4_piece0 on 3bc71adbf7e0:36785 in memory (size: 7.3 KiB, free: 434.3 MiB)
[2025-07-26T05:04:40.341+0000] {spark_submit.py:521} INFO - 25/07/26 05:04:40 INFO BlockManagerInfo: Removed broadcast_4_piece0 on 172.18.0.6:45595 in memory (size: 7.3 KiB, free: 434.3 MiB)
[2025-07-26T05:04:40.374+0000] {spark_submit.py:521} INFO - 25/07/26 05:04:40 INFO MemoryStore: Block broadcast_6_piece0 stored as bytes in memory (estimated size 852.9 KiB, free 433.3 MiB)
[2025-07-26T05:04:40.376+0000] {spark_submit.py:521} INFO - 25/07/26 05:04:40 INFO BlockManagerInfo: Added broadcast_6_piece0 in memory on 3bc71adbf7e0:36785 (size: 852.9 KiB, free: 433.5 MiB)
[2025-07-26T05:04:40.378+0000] {spark_submit.py:521} INFO - 25/07/26 05:04:40 INFO SparkContext: Created broadcast 6 from $anonfun$withThreadLocalCaptured$1 at FutureTask.java:264
[2025-07-26T05:04:41.127+0000] {spark_submit.py:521} INFO - 25/07/26 05:04:41 INFO TaskSetManager: Finished task 1.0 in stage 3.0 (TID 4) in 911 ms on 172.18.0.6 (executor 0) (1/2)
[2025-07-26T05:04:41.128+0000] {spark_submit.py:521} INFO - 25/07/26 05:04:41 INFO TaskSetManager: Finished task 0.0 in stage 3.0 (TID 3) in 2263 ms on 172.18.0.6 (executor 0) (2/2)
[2025-07-26T05:04:41.128+0000] {spark_submit.py:521} INFO - 25/07/26 05:04:41 INFO TaskSchedulerImpl: Removed TaskSet 3.0, whose tasks have all completed, from pool
[2025-07-26T05:04:41.132+0000] {spark_submit.py:521} INFO - 25/07/26 05:04:41 INFO PythonAccumulatorV2: Connected to AccumulatorServer at host: 127.0.0.1 port: 56921
[2025-07-26T05:04:41.138+0000] {spark_submit.py:521} INFO - 25/07/26 05:04:41 INFO DAGScheduler: ShuffleMapStage 3 (showString at NativeMethodAccessorImpl.java:0) finished in 2.330 s
[2025-07-26T05:04:41.139+0000] {spark_submit.py:521} INFO - 25/07/26 05:04:41 INFO DAGScheduler: looking for newly runnable stages
[2025-07-26T05:04:41.139+0000] {spark_submit.py:521} INFO - 25/07/26 05:04:41 INFO DAGScheduler: running: Set()
[2025-07-26T05:04:41.140+0000] {spark_submit.py:521} INFO - 25/07/26 05:04:41 INFO DAGScheduler: waiting: Set()
[2025-07-26T05:04:41.140+0000] {spark_submit.py:521} INFO - 25/07/26 05:04:41 INFO DAGScheduler: failed: Set()
[2025-07-26T05:04:41.192+0000] {spark_submit.py:521} INFO - 25/07/26 05:04:41 INFO ShufflePartitionsUtil: For shuffle(0), advisory target size: 67108864, actual target size 1048576, minimum partition size: 1048576
[2025-07-26T05:04:41.241+0000] {spark_submit.py:521} INFO - 25/07/26 05:04:41 INFO HashAggregateExec: spark.sql.codegen.aggregate.map.twolevel.enabled is set to true, but current version of codegened fast hashmap does not support this aggregate.
[2025-07-26T05:04:41.323+0000] {spark_submit.py:521} INFO - 25/07/26 05:04:41 INFO CodeGenerator: Code generated in 38.633047 ms
[2025-07-26T05:04:41.378+0000] {spark_submit.py:521} INFO - 25/07/26 05:04:41 INFO SparkContext: Starting job: showString at NativeMethodAccessorImpl.java:0
[2025-07-26T05:04:41.380+0000] {spark_submit.py:521} INFO - 25/07/26 05:04:41 INFO DAGScheduler: Got job 4 (showString at NativeMethodAccessorImpl.java:0) with 1 output partitions
[2025-07-26T05:04:41.380+0000] {spark_submit.py:521} INFO - 25/07/26 05:04:41 INFO DAGScheduler: Final stage: ResultStage 5 (showString at NativeMethodAccessorImpl.java:0)
[2025-07-26T05:04:41.381+0000] {spark_submit.py:521} INFO - 25/07/26 05:04:41 INFO DAGScheduler: Parents of final stage: List(ShuffleMapStage 4)
[2025-07-26T05:04:41.382+0000] {spark_submit.py:521} INFO - 25/07/26 05:04:41 INFO DAGScheduler: Missing parents: List()
[2025-07-26T05:04:41.382+0000] {spark_submit.py:521} INFO - 25/07/26 05:04:41 INFO DAGScheduler: Submitting ResultStage 5 (MapPartitionsRDD[19] at showString at NativeMethodAccessorImpl.java:0), which has no missing parents
[2025-07-26T05:04:41.406+0000] {spark_submit.py:521} INFO - 25/07/26 05:04:41 INFO MemoryStore: Block broadcast_7 stored as values in memory (estimated size 59.3 KiB, free 433.2 MiB)
[2025-07-26T05:04:41.412+0000] {spark_submit.py:521} INFO - 25/07/26 05:04:41 INFO MemoryStore: Block broadcast_7_piece0 stored as bytes in memory (estimated size 26.1 KiB, free 433.2 MiB)
[2025-07-26T05:04:41.420+0000] {spark_submit.py:521} INFO - 25/07/26 05:04:41 INFO BlockManagerInfo: Added broadcast_7_piece0 in memory on 3bc71adbf7e0:36785 (size: 26.1 KiB, free: 433.5 MiB)
[2025-07-26T05:04:41.424+0000] {spark_submit.py:521} INFO - 25/07/26 05:04:41 INFO SparkContext: Created broadcast 7 from broadcast at DAGScheduler.scala:1611
[2025-07-26T05:04:41.426+0000] {spark_submit.py:521} INFO - 25/07/26 05:04:41 INFO BlockManagerInfo: Removed broadcast_5_piece0 on 3bc71adbf7e0:36785 in memory (size: 17.8 KiB, free: 433.5 MiB)
[2025-07-26T05:04:41.426+0000] {spark_submit.py:521} INFO - 25/07/26 05:04:41 INFO DAGScheduler: Submitting 1 missing tasks from ResultStage 5 (MapPartitionsRDD[19] at showString at NativeMethodAccessorImpl.java:0) (first 15 tasks are for partitions Vector(0))
[2025-07-26T05:04:41.427+0000] {spark_submit.py:521} INFO - 25/07/26 05:04:41 INFO TaskSchedulerImpl: Adding task set 5.0 with 1 tasks resource profile 0
[2025-07-26T05:04:41.428+0000] {spark_submit.py:521} INFO - 25/07/26 05:04:41 INFO BlockManagerInfo: Removed broadcast_5_piece0 on 172.18.0.6:45595 in memory (size: 17.8 KiB, free: 434.4 MiB)
[2025-07-26T05:04:41.429+0000] {spark_submit.py:521} INFO - 25/07/26 05:04:41 INFO TaskSetManager: Starting task 0.0 in stage 5.0 (TID 5) (172.18.0.6, executor 0, partition 0, NODE_LOCAL, 9003 bytes)
[2025-07-26T05:04:41.468+0000] {spark_submit.py:521} INFO - 25/07/26 05:04:41 INFO BlockManagerInfo: Added broadcast_7_piece0 in memory on 172.18.0.6:45595 (size: 26.1 KiB, free: 434.3 MiB)
[2025-07-26T05:04:41.561+0000] {spark_submit.py:521} INFO - 25/07/26 05:04:41 INFO MapOutputTrackerMasterEndpoint: Asked to send map output locations for shuffle 0 to 172.18.0.6:58282
[2025-07-26T05:04:41.704+0000] {spark_submit.py:521} INFO - 25/07/26 05:04:41 INFO BlockManagerInfo: Added broadcast_6_piece0 in memory on 172.18.0.6:45595 (size: 852.9 KiB, free: 433.5 MiB)
[2025-07-26T05:04:41.852+0000] {spark_submit.py:521} INFO - 25/07/26 05:04:41 INFO TaskSetManager: Finished task 0.0 in stage 5.0 (TID 5) in 427 ms on 172.18.0.6 (executor 0) (1/1)
[2025-07-26T05:04:41.852+0000] {spark_submit.py:521} INFO - 25/07/26 05:04:41 INFO TaskSchedulerImpl: Removed TaskSet 5.0, whose tasks have all completed, from pool
[2025-07-26T05:04:41.855+0000] {spark_submit.py:521} INFO - 25/07/26 05:04:41 INFO DAGScheduler: ResultStage 5 (showString at NativeMethodAccessorImpl.java:0) finished in 0.453 s
[2025-07-26T05:04:41.855+0000] {spark_submit.py:521} INFO - 25/07/26 05:04:41 INFO DAGScheduler: Job 4 is finished. Cancelling potential speculative or zombie tasks for this job
[2025-07-26T05:04:41.856+0000] {spark_submit.py:521} INFO - 25/07/26 05:04:41 INFO TaskSchedulerImpl: Killing all running tasks in stage 5: Stage finished
[2025-07-26T05:04:41.856+0000] {spark_submit.py:521} INFO - 25/07/26 05:04:41 INFO DAGScheduler: Job 4 finished: showString at NativeMethodAccessorImpl.java:0, took 0.476893 s
[2025-07-26T05:04:41.888+0000] {spark_submit.py:521} INFO - 25/07/26 05:04:41 INFO CodeGenerator: Code generated in 21.408034 ms
[2025-07-26T05:04:41.894+0000] {spark_submit.py:521} INFO - +------+--------+---------------+------+-------+------+-------+-------------+-------------+------+----------+-------+
[2025-07-26T05:04:41.894+0000] {spark_submit.py:521} INFO - |ticker|  volume|volume_weighted|  open|  close|  high|    low|   time_stamp|num_of_trades|is_otc|company_id|time_id|
[2025-07-26T05:04:41.895+0000] {spark_submit.py:521} INFO - +------+--------+---------------+------+-------+------+-------+-------------+-------------+------+----------+-------+
[2025-07-26T05:04:41.896+0000] {spark_submit.py:521} INFO - |  BOEG| 13006.0|        18.7231| 19.08|18.8965| 19.21|  18.47|1752523200000|           67|  NULL|      7704|      3|
[2025-07-26T05:04:41.897+0000] {spark_submit.py:521} INFO - |   CRS|506429.0|       278.5746|277.65| 278.43|280.25|276.025|1752523200000|        17417|  NULL|     17521|      3|
[2025-07-26T05:04:41.898+0000] {spark_submit.py:521} INFO - |  ELME|702464.0|        16.4704| 16.39|  16.48| 16.56|  16.39|1752523200000|         6342|  NULL|      2229|      3|
[2025-07-26T05:04:41.898+0000] {spark_submit.py:521} INFO - |  ACFN|  2832.0|        16.2363| 16.21| 16.261|  16.3|  16.15|1752523200000|           23|  true|      2690|      3|
[2025-07-26T05:04:41.899+0000] {spark_submit.py:521} INFO - |   PKE|106052.0|        15.7042| 15.23|   15.9| 15.96|  15.23|1752523200000|         1578|  NULL|      2951|      3|
[2025-07-26T05:04:41.899+0000] {spark_submit.py:521} INFO - +------+--------+---------------+------+-------+------+-------+-------------+-------------+------+----------+-------+
[2025-07-26T05:04:41.900+0000] {spark_submit.py:521} INFO - only showing top 5 rows
[2025-07-26T05:04:41.900+0000] {spark_submit.py:521} INFO - 
[2025-07-26T05:04:41.900+0000] {spark_submit.py:521} INFO - None
[2025-07-26T05:04:41.973+0000] {spark_submit.py:521} INFO - 25/07/26 05:04:41 INFO FileSourceStrategy: Pushed Filters: IsNotNull(volume_weighted),IsNotNull(ticker)
[2025-07-26T05:04:41.974+0000] {spark_submit.py:521} INFO - 25/07/26 05:04:41 INFO FileSourceStrategy: Post-Scan Filters: isnotnull(volume_weighted#2),isnotnull(ticker#0)
[2025-07-26T05:04:42.028+0000] {spark_submit.py:521} INFO - 25/07/26 05:04:42 INFO MemoryStore: Block broadcast_8 stored as values in memory (estimated size 211.8 KiB, free 433.0 MiB)
[2025-07-26T05:04:42.029+0000] {spark_submit.py:521} INFO - 25/07/26 05:04:42 INFO DAGScheduler: Registering RDD 21 (toPandas at /opt/airflow/scripts/elt_to_dwh/transform/process_ohlcs.py:94) as input to shuffle 1
[2025-07-26T05:04:42.030+0000] {spark_submit.py:521} INFO - 25/07/26 05:04:42 INFO DAGScheduler: Got map stage job 5 (toPandas at /opt/airflow/scripts/elt_to_dwh/transform/process_ohlcs.py:94) with 2 output partitions
[2025-07-26T05:04:42.030+0000] {spark_submit.py:521} INFO - 25/07/26 05:04:42 INFO DAGScheduler: Final stage: ShuffleMapStage 6 (toPandas at /opt/airflow/scripts/elt_to_dwh/transform/process_ohlcs.py:94)
[2025-07-26T05:04:42.031+0000] {spark_submit.py:521} INFO - 25/07/26 05:04:42 INFO DAGScheduler: Parents of final stage: List()
[2025-07-26T05:04:42.031+0000] {spark_submit.py:521} INFO - 25/07/26 05:04:42 INFO DAGScheduler: Missing parents: List()
[2025-07-26T05:04:42.032+0000] {spark_submit.py:521} INFO - 25/07/26 05:04:42 INFO DAGScheduler: Submitting ShuffleMapStage 6 (MapPartitionsRDD[21] at toPandas at /opt/airflow/scripts/elt_to_dwh/transform/process_ohlcs.py:94), which has no missing parents
[2025-07-26T05:04:42.044+0000] {spark_submit.py:521} INFO - 25/07/26 05:04:42 INFO MemoryStore: Block broadcast_9 stored as values in memory (estimated size 37.8 KiB, free 433.0 MiB)
[2025-07-26T05:04:42.047+0000] {spark_submit.py:521} INFO - 25/07/26 05:04:42 INFO MemoryStore: Block broadcast_9_piece0 stored as bytes in memory (estimated size 17.8 KiB, free 433.0 MiB)
[2025-07-26T05:04:42.048+0000] {spark_submit.py:521} INFO - 25/07/26 05:04:42 INFO BlockManagerInfo: Removed broadcast_7_piece0 on 172.18.0.6:45595 in memory (size: 26.1 KiB, free: 433.5 MiB)
[2025-07-26T05:04:42.049+0000] {spark_submit.py:521} INFO - 25/07/26 05:04:42 INFO BlockManagerInfo: Added broadcast_9_piece0 in memory on 3bc71adbf7e0:36785 (size: 17.8 KiB, free: 433.5 MiB)
[2025-07-26T05:04:42.050+0000] {spark_submit.py:521} INFO - 25/07/26 05:04:42 INFO SparkContext: Created broadcast 9 from broadcast at DAGScheduler.scala:1611
[2025-07-26T05:04:42.052+0000] {spark_submit.py:521} INFO - 25/07/26 05:04:42 INFO DAGScheduler: Submitting 2 missing tasks from ShuffleMapStage 6 (MapPartitionsRDD[21] at toPandas at /opt/airflow/scripts/elt_to_dwh/transform/process_ohlcs.py:94) (first 15 tasks are for partitions Vector(0, 1))
[2025-07-26T05:04:42.052+0000] {spark_submit.py:521} INFO - 25/07/26 05:04:42 INFO TaskSchedulerImpl: Adding task set 6.0 with 2 tasks resource profile 0
[2025-07-26T05:04:42.054+0000] {spark_submit.py:521} INFO - 25/07/26 05:04:42 INFO TaskSetManager: Starting task 0.0 in stage 6.0 (TID 6) (172.18.0.6, executor 0, partition 0, PROCESS_LOCAL, 159165 bytes)
[2025-07-26T05:04:42.055+0000] {spark_submit.py:521} INFO - 25/07/26 05:04:42 INFO TaskSetManager: Starting task 1.0 in stage 6.0 (TID 7) (172.18.0.6, executor 0, partition 1, PROCESS_LOCAL, 147748 bytes)
[2025-07-26T05:04:42.057+0000] {spark_submit.py:521} INFO - 25/07/26 05:04:42 INFO MemoryStore: Block broadcast_8_piece0 stored as bytes in memory (estimated size 36.2 KiB, free 432.9 MiB)
[2025-07-26T05:04:42.063+0000] {spark_submit.py:521} INFO - 25/07/26 05:04:42 INFO BlockManagerInfo: Added broadcast_8_piece0 in memory on 3bc71adbf7e0:36785 (size: 36.2 KiB, free: 433.5 MiB)
[2025-07-26T05:04:42.070+0000] {spark_submit.py:521} INFO - 25/07/26 05:04:42 INFO SparkContext: Created broadcast 8 from toPandas at /opt/airflow/scripts/elt_to_dwh/transform/process_ohlcs.py:94
[2025-07-26T05:04:42.072+0000] {spark_submit.py:521} INFO - 25/07/26 05:04:42 INFO FileSourceScanExec: Planning scan with bin packing, max size: 4194304 bytes, open cost is considered as scanning 4194304 bytes.
[2025-07-26T05:04:42.074+0000] {spark_submit.py:521} INFO - 25/07/26 05:04:42 INFO BlockManagerInfo: Removed broadcast_7_piece0 on 3bc71adbf7e0:36785 in memory (size: 26.1 KiB, free: 433.5 MiB)
[2025-07-26T05:04:42.087+0000] {spark_submit.py:521} INFO - 25/07/26 05:04:42 INFO BlockManagerInfo: Added broadcast_9_piece0 in memory on 172.18.0.6:45595 (size: 17.8 KiB, free: 433.5 MiB)
[2025-07-26T05:04:42.091+0000] {spark_submit.py:521} INFO - 25/07/26 05:04:42 INFO SparkContext: Starting job: toPandas at /opt/airflow/scripts/elt_to_dwh/transform/process_ohlcs.py:94
[2025-07-26T05:04:42.093+0000] {spark_submit.py:521} INFO - 25/07/26 05:04:42 INFO DAGScheduler: Got job 6 (toPandas at /opt/airflow/scripts/elt_to_dwh/transform/process_ohlcs.py:94) with 1 output partitions
[2025-07-26T05:04:42.094+0000] {spark_submit.py:521} INFO - 25/07/26 05:04:42 INFO DAGScheduler: Final stage: ResultStage 7 (toPandas at /opt/airflow/scripts/elt_to_dwh/transform/process_ohlcs.py:94)
[2025-07-26T05:04:42.095+0000] {spark_submit.py:521} INFO - 25/07/26 05:04:42 INFO DAGScheduler: Parents of final stage: List()
[2025-07-26T05:04:42.096+0000] {spark_submit.py:521} INFO - 25/07/26 05:04:42 INFO DAGScheduler: Missing parents: List()
[2025-07-26T05:04:42.102+0000] {spark_submit.py:521} INFO - 25/07/26 05:04:42 INFO DAGScheduler: Submitting ResultStage 7 (MapPartitionsRDD[25] at toPandas at /opt/airflow/scripts/elt_to_dwh/transform/process_ohlcs.py:94), which has no missing parents
[2025-07-26T05:04:42.142+0000] {spark_submit.py:521} INFO - 25/07/26 05:04:42 INFO MemoryStore: Block broadcast_10 stored as values in memory (estimated size 19.9 KiB, free 433.0 MiB)
[2025-07-26T05:04:42.147+0000] {spark_submit.py:521} INFO - 25/07/26 05:04:42 INFO MemoryStore: Block broadcast_10_piece0 stored as bytes in memory (estimated size 7.3 KiB, free 433.0 MiB)
[2025-07-26T05:04:42.148+0000] {spark_submit.py:521} INFO - 25/07/26 05:04:42 INFO BlockManagerInfo: Added broadcast_10_piece0 in memory on 3bc71adbf7e0:36785 (size: 7.3 KiB, free: 433.5 MiB)
[2025-07-26T05:04:42.148+0000] {spark_submit.py:521} INFO - 25/07/26 05:04:42 INFO SparkContext: Created broadcast 10 from broadcast at DAGScheduler.scala:1611
[2025-07-26T05:04:42.149+0000] {spark_submit.py:521} INFO - 25/07/26 05:04:42 INFO DAGScheduler: Submitting 1 missing tasks from ResultStage 7 (MapPartitionsRDD[25] at toPandas at /opt/airflow/scripts/elt_to_dwh/transform/process_ohlcs.py:94) (first 15 tasks are for partitions Vector(0))
[2025-07-26T05:04:42.149+0000] {spark_submit.py:521} INFO - 25/07/26 05:04:42 INFO TaskSchedulerImpl: Adding task set 7.0 with 1 tasks resource profile 0
[2025-07-26T05:04:42.382+0000] {spark_submit.py:521} INFO - 25/07/26 05:04:42 INFO TaskSetManager: Starting task 0.0 in stage 7.0 (TID 8) (172.18.0.6, executor 0, partition 0, PROCESS_LOCAL, 9629 bytes)
[2025-07-26T05:04:42.386+0000] {spark_submit.py:521} INFO - 25/07/26 05:04:42 INFO TaskSetManager: Finished task 0.0 in stage 6.0 (TID 6) in 332 ms on 172.18.0.6 (executor 0) (1/2)
[2025-07-26T05:04:42.392+0000] {spark_submit.py:521} INFO - 25/07/26 05:04:42 INFO TaskSetManager: Finished task 1.0 in stage 6.0 (TID 7) in 338 ms on 172.18.0.6 (executor 0) (2/2)
[2025-07-26T05:04:42.393+0000] {spark_submit.py:521} INFO - 25/07/26 05:04:42 INFO TaskSchedulerImpl: Removed TaskSet 6.0, whose tasks have all completed, from pool
[2025-07-26T05:04:42.398+0000] {spark_submit.py:521} INFO - 25/07/26 05:04:42 INFO DAGScheduler: ShuffleMapStage 6 (toPandas at /opt/airflow/scripts/elt_to_dwh/transform/process_ohlcs.py:94) finished in 0.365 s
[2025-07-26T05:04:42.399+0000] {spark_submit.py:521} INFO - 25/07/26 05:04:42 INFO DAGScheduler: looking for newly runnable stages
[2025-07-26T05:04:42.399+0000] {spark_submit.py:521} INFO - 25/07/26 05:04:42 INFO DAGScheduler: running: Set(ResultStage 7)
[2025-07-26T05:04:42.400+0000] {spark_submit.py:521} INFO - 25/07/26 05:04:42 INFO DAGScheduler: waiting: Set()
[2025-07-26T05:04:42.401+0000] {spark_submit.py:521} INFO - 25/07/26 05:04:42 INFO DAGScheduler: failed: Set()
[2025-07-26T05:04:42.442+0000] {spark_submit.py:521} INFO - 25/07/26 05:04:42 INFO BlockManagerInfo: Added broadcast_10_piece0 in memory on 172.18.0.6:45595 (size: 7.3 KiB, free: 433.5 MiB)
[2025-07-26T05:04:42.460+0000] {spark_submit.py:521} INFO - 25/07/26 05:04:42 INFO BlockManagerInfo: Added broadcast_8_piece0 in memory on 172.18.0.6:45595 (size: 36.2 KiB, free: 433.5 MiB)
[2025-07-26T05:04:43.690+0000] {spark_submit.py:521} INFO - 25/07/26 05:04:43 INFO BlockManagerInfo: Removed broadcast_9_piece0 on 3bc71adbf7e0:36785 in memory (size: 17.8 KiB, free: 433.5 MiB)
[2025-07-26T05:04:43.697+0000] {spark_submit.py:521} INFO - 25/07/26 05:04:43 INFO TaskSetManager: Finished task 0.0 in stage 7.0 (TID 8) in 1310 ms on 172.18.0.6 (executor 0) (1/1)
[2025-07-26T05:04:43.698+0000] {spark_submit.py:521} INFO - 25/07/26 05:04:43 INFO TaskSchedulerImpl: Removed TaskSet 7.0, whose tasks have all completed, from pool
[2025-07-26T05:04:43.698+0000] {spark_submit.py:521} INFO - 25/07/26 05:04:43 INFO DAGScheduler: ResultStage 7 (toPandas at /opt/airflow/scripts/elt_to_dwh/transform/process_ohlcs.py:94) finished in 1.560 s
[2025-07-26T05:04:43.698+0000] {spark_submit.py:521} INFO - 25/07/26 05:04:43 INFO DAGScheduler: Job 6 is finished. Cancelling potential speculative or zombie tasks for this job
[2025-07-26T05:04:43.699+0000] {spark_submit.py:521} INFO - 25/07/26 05:04:43 INFO TaskSchedulerImpl: Killing all running tasks in stage 7: Stage finished
[2025-07-26T05:04:43.699+0000] {spark_submit.py:521} INFO - 25/07/26 05:04:43 INFO DAGScheduler: Job 6 finished: toPandas at /opt/airflow/scripts/elt_to_dwh/transform/process_ohlcs.py:94, took 1.601450 s
[2025-07-26T05:04:43.700+0000] {spark_submit.py:521} INFO - 25/07/26 05:04:43 INFO BlockManagerInfo: Removed broadcast_9_piece0 on 172.18.0.6:45595 in memory (size: 17.8 KiB, free: 433.5 MiB)
[2025-07-26T05:04:43.737+0000] {spark_submit.py:521} INFO - 25/07/26 05:04:43 INFO MemoryStore: Block broadcast_11_piece0 stored as bytes in memory (estimated size 852.9 KiB, free 432.2 MiB)
[2025-07-26T05:04:43.739+0000] {spark_submit.py:521} INFO - 25/07/26 05:04:43 INFO BlockManagerInfo: Added broadcast_11_piece0 in memory on 3bc71adbf7e0:36785 (size: 852.9 KiB, free: 432.7 MiB)
[2025-07-26T05:04:43.740+0000] {spark_submit.py:521} INFO - 25/07/26 05:04:43 INFO SparkContext: Created broadcast 11 from toPandas at /opt/airflow/scripts/elt_to_dwh/transform/process_ohlcs.py:94
[2025-07-26T05:04:43.750+0000] {spark_submit.py:521} INFO - 25/07/26 05:04:43 INFO ShufflePartitionsUtil: For shuffle(1), advisory target size: 67108864, actual target size 1048576, minimum partition size: 1048576
[2025-07-26T05:04:43.762+0000] {spark_submit.py:521} INFO - 25/07/26 05:04:43 INFO HashAggregateExec: spark.sql.codegen.aggregate.map.twolevel.enabled is set to true, but current version of codegened fast hashmap does not support this aggregate.
[2025-07-26T05:04:43.796+0000] {spark_submit.py:521} INFO - 25/07/26 05:04:43 INFO CodeGenerator: Code generated in 21.315829 ms
[2025-07-26T05:04:43.812+0000] {spark_submit.py:521} INFO - 25/07/26 05:04:43 INFO SparkContext: Starting job: toPandas at /opt/airflow/scripts/elt_to_dwh/transform/process_ohlcs.py:94
[2025-07-26T05:04:43.814+0000] {spark_submit.py:521} INFO - 25/07/26 05:04:43 INFO DAGScheduler: Got job 7 (toPandas at /opt/airflow/scripts/elt_to_dwh/transform/process_ohlcs.py:94) with 1 output partitions
[2025-07-26T05:04:43.815+0000] {spark_submit.py:521} INFO - 25/07/26 05:04:43 INFO DAGScheduler: Final stage: ResultStage 9 (toPandas at /opt/airflow/scripts/elt_to_dwh/transform/process_ohlcs.py:94)
[2025-07-26T05:04:43.816+0000] {spark_submit.py:521} INFO - 25/07/26 05:04:43 INFO DAGScheduler: Parents of final stage: List(ShuffleMapStage 8)
[2025-07-26T05:04:43.816+0000] {spark_submit.py:521} INFO - 25/07/26 05:04:43 INFO DAGScheduler: Missing parents: List()
[2025-07-26T05:04:43.817+0000] {spark_submit.py:521} INFO - 25/07/26 05:04:43 INFO DAGScheduler: Submitting ResultStage 9 (MapPartitionsRDD[28] at toPandas at /opt/airflow/scripts/elt_to_dwh/transform/process_ohlcs.py:94), which has no missing parents
[2025-07-26T05:04:43.828+0000] {spark_submit.py:521} INFO - 25/07/26 05:04:43 INFO MemoryStore: Block broadcast_12 stored as values in memory (estimated size 56.5 KiB, free 432.2 MiB)
[2025-07-26T05:04:43.835+0000] {spark_submit.py:521} INFO - 25/07/26 05:04:43 INFO MemoryStore: Block broadcast_12_piece0 stored as bytes in memory (estimated size 25.5 KiB, free 432.1 MiB)
[2025-07-26T05:04:43.845+0000] {spark_submit.py:521} INFO - 25/07/26 05:04:43 INFO BlockManagerInfo: Added broadcast_12_piece0 in memory on 3bc71adbf7e0:36785 (size: 25.5 KiB, free: 432.6 MiB)
[2025-07-26T05:04:43.846+0000] {spark_submit.py:521} INFO - 25/07/26 05:04:43 INFO BlockManagerInfo: Removed broadcast_10_piece0 on 3bc71adbf7e0:36785 in memory (size: 7.3 KiB, free: 432.6 MiB)
[2025-07-26T05:04:43.847+0000] {spark_submit.py:521} INFO - 25/07/26 05:04:43 INFO SparkContext: Created broadcast 12 from broadcast at DAGScheduler.scala:1611
[2025-07-26T05:04:43.847+0000] {spark_submit.py:521} INFO - 25/07/26 05:04:43 INFO DAGScheduler: Submitting 1 missing tasks from ResultStage 9 (MapPartitionsRDD[28] at toPandas at /opt/airflow/scripts/elt_to_dwh/transform/process_ohlcs.py:94) (first 15 tasks are for partitions Vector(0))
[2025-07-26T05:04:43.848+0000] {spark_submit.py:521} INFO - 25/07/26 05:04:43 INFO TaskSchedulerImpl: Adding task set 9.0 with 1 tasks resource profile 0
[2025-07-26T05:04:43.849+0000] {spark_submit.py:521} INFO - 25/07/26 05:04:43 INFO BlockManagerInfo: Removed broadcast_10_piece0 on 172.18.0.6:45595 in memory (size: 7.3 KiB, free: 433.5 MiB)
[2025-07-26T05:04:43.850+0000] {spark_submit.py:521} INFO - 25/07/26 05:04:43 INFO TaskSetManager: Starting task 0.0 in stage 9.0 (TID 9) (172.18.0.6, executor 0, partition 0, NODE_LOCAL, 9003 bytes)
[2025-07-26T05:04:43.861+0000] {spark_submit.py:521} INFO - 25/07/26 05:04:43 INFO BlockManagerInfo: Added broadcast_12_piece0 in memory on 172.18.0.6:45595 (size: 25.5 KiB, free: 433.5 MiB)
[2025-07-26T05:04:43.906+0000] {spark_submit.py:521} INFO - 25/07/26 05:04:43 INFO MapOutputTrackerMasterEndpoint: Asked to send map output locations for shuffle 1 to 172.18.0.6:58282
[2025-07-26T05:04:43.984+0000] {spark_submit.py:521} INFO - 25/07/26 05:04:43 INFO BlockManagerInfo: Added broadcast_11_piece0 in memory on 172.18.0.6:45595 (size: 852.9 KiB, free: 432.6 MiB)
[2025-07-26T05:04:44.072+0000] {spark_submit.py:521} INFO - 25/07/26 05:04:44 INFO TaskSetManager: Finished task 0.0 in stage 9.0 (TID 9) in 232 ms on 172.18.0.6 (executor 0) (1/1)
[2025-07-26T05:04:44.073+0000] {spark_submit.py:521} INFO - 25/07/26 05:04:44 INFO TaskSchedulerImpl: Removed TaskSet 9.0, whose tasks have all completed, from pool
[2025-07-26T05:04:44.080+0000] {spark_submit.py:521} INFO - 25/07/26 05:04:44 INFO DAGScheduler: ResultStage 9 (toPandas at /opt/airflow/scripts/elt_to_dwh/transform/process_ohlcs.py:94) finished in 0.255 s
[2025-07-26T05:04:44.083+0000] {spark_submit.py:521} INFO - 25/07/26 05:04:44 INFO DAGScheduler: Job 7 is finished. Cancelling potential speculative or zombie tasks for this job
[2025-07-26T05:04:44.084+0000] {spark_submit.py:521} INFO - 25/07/26 05:04:44 INFO TaskSchedulerImpl: Killing all running tasks in stage 9: Stage finished
[2025-07-26T05:04:44.085+0000] {spark_submit.py:521} INFO - 25/07/26 05:04:44 INFO DAGScheduler: Job 7 finished: toPandas at /opt/airflow/scripts/elt_to_dwh/transform/process_ohlcs.py:94, took 0.271829 s
[2025-07-26T05:04:44.428+0000] {spark_submit.py:521} INFO - Data has been successfully inserted into fact_candles in DuckDB!
[2025-07-26T05:04:44.429+0000] {spark_submit.py:521} INFO - 25/07/26 05:04:44 INFO SparkContext: SparkContext is stopping with exitCode 0.
[2025-07-26T05:04:44.441+0000] {spark_submit.py:521} INFO - 25/07/26 05:04:44 INFO SparkUI: Stopped Spark web UI at http://3bc71adbf7e0:4040
[2025-07-26T05:04:44.445+0000] {spark_submit.py:521} INFO - 25/07/26 05:04:44 INFO StandaloneSchedulerBackend: Shutting down all executors
[2025-07-26T05:04:44.446+0000] {spark_submit.py:521} INFO - 25/07/26 05:04:44 INFO StandaloneSchedulerBackend$StandaloneDriverEndpoint: Asking each executor to shut down
[2025-07-26T05:04:44.483+0000] {spark_submit.py:521} INFO - 25/07/26 05:04:44 INFO MapOutputTrackerMasterEndpoint: MapOutputTrackerMasterEndpoint stopped!
[2025-07-26T05:04:44.505+0000] {spark_submit.py:521} INFO - 25/07/26 05:04:44 INFO MemoryStore: MemoryStore cleared
[2025-07-26T05:04:44.506+0000] {spark_submit.py:521} INFO - 25/07/26 05:04:44 INFO BlockManager: BlockManager stopped
[2025-07-26T05:04:44.511+0000] {spark_submit.py:521} INFO - 25/07/26 05:04:44 INFO BlockManagerMaster: BlockManagerMaster stopped
[2025-07-26T05:04:44.514+0000] {spark_submit.py:521} INFO - 25/07/26 05:04:44 INFO OutputCommitCoordinator$OutputCommitCoordinatorEndpoint: OutputCommitCoordinator stopped!
[2025-07-26T05:04:44.532+0000] {spark_submit.py:521} INFO - 25/07/26 05:04:44 INFO SparkContext: Successfully stopped SparkContext
[2025-07-26T05:04:45.081+0000] {spark_submit.py:521} INFO - Process completed successfully.
[2025-07-26T05:04:45.282+0000] {spark_submit.py:521} INFO - 25/07/26 05:04:45 INFO ShutdownHookManager: Shutdown hook called
[2025-07-26T05:04:45.283+0000] {spark_submit.py:521} INFO - 25/07/26 05:04:45 INFO ShutdownHookManager: Deleting directory /tmp/spark-c9277e43-e221-49a3-a17d-1b44c8adbfa6
[2025-07-26T05:04:45.285+0000] {spark_submit.py:521} INFO - 25/07/26 05:04:45 INFO ShutdownHookManager: Deleting directory /tmp/spark-b4fa01dc-ac59-4762-b2ac-f532b90dbde0
[2025-07-26T05:04:45.288+0000] {spark_submit.py:521} INFO - 25/07/26 05:04:45 INFO ShutdownHookManager: Deleting directory /tmp/spark-b4fa01dc-ac59-4762-b2ac-f532b90dbde0/pyspark-287eb5a4-321f-4863-8436-20b4f9aa9348
[2025-07-26T05:04:45.293+0000] {spark_submit.py:521} INFO - 25/07/26 05:04:45 INFO MetricsSystemImpl: Stopping s3a-file-system metrics system...
[2025-07-26T05:04:45.293+0000] {spark_submit.py:521} INFO - 25/07/26 05:04:45 INFO MetricsSystemImpl: s3a-file-system metrics system stopped.
[2025-07-26T05:04:45.294+0000] {spark_submit.py:521} INFO - 25/07/26 05:04:45 INFO MetricsSystemImpl: s3a-file-system metrics system shutdown complete.
[2025-07-26T05:04:45.324+0000] {taskinstance.py:341} INFO - ::group::Post task execution logs
[2025-07-26T05:04:45.324+0000] {taskinstance.py:353} INFO - Marking task as SUCCESS. dag_id=elt_to_dwh, task_id=transform_task.process_ohlcs, run_id=scheduled__2025-07-14T00:00:00+00:00, execution_date=20250714T000000, start_date=20250726T050421, end_date=20250726T050445
[2025-07-26T05:04:45.354+0000] {local_task_job_runner.py:266} INFO - Task exited with return code 0
[2025-07-26T05:04:45.366+0000] {taskinstance.py:3901} INFO - 1 downstream tasks scheduled from follow-on schedule check
[2025-07-26T05:04:45.370+0000] {local_task_job_runner.py:245} INFO - ::endgroup::
