[2025-07-25T11:17:03.630+0000] {local_task_job_runner.py:123} INFO - ::group::Pre task execution logs
[2025-07-25T11:17:03.648+0000] {taskinstance.py:2614} INFO - Dependencies all met for dep_context=non-requeueable deps ti=<TaskInstance: elt_to_dwh.transform_task.process_ohlcs scheduled__2025-07-15T00:00:00+00:00 [queued]>
[2025-07-25T11:17:03.662+0000] {taskinstance.py:2614} INFO - Dependencies all met for dep_context=requeueable deps ti=<TaskInstance: elt_to_dwh.transform_task.process_ohlcs scheduled__2025-07-15T00:00:00+00:00 [queued]>
[2025-07-25T11:17:03.663+0000] {taskinstance.py:2867} INFO - Starting attempt 1 of 1
[2025-07-25T11:17:03.681+0000] {taskinstance.py:2890} INFO - Executing <Task(SparkSubmitOperator): transform_task.process_ohlcs> on 2025-07-15 00:00:00+00:00
[2025-07-25T11:17:03.690+0000] {standard_task_runner.py:104} INFO - Running: ['airflow', 'tasks', 'run', 'elt_to_dwh', 'transform_task.process_ohlcs', 'scheduled__2025-07-15T00:00:00+00:00', '--job-id', '129', '--raw', '--subdir', 'DAGS_FOLDER/elt_to_dwh.py', '--cfg-path', '/tmp/tmp0ckaow4a']
[2025-07-25T11:17:03.692+0000] {standard_task_runner.py:105} INFO - Job 129: Subtask transform_task.process_ohlcs
[2025-07-25T11:17:03.694+0000] {logging_mixin.py:190} WARNING - /home/airflow/.local/lib/python3.12/site-packages/airflow/task/task_runner/standard_task_runner.py:70 DeprecationWarning: This process (pid=3921) is multi-threaded, use of fork() may lead to deadlocks in the child.
[2025-07-25T11:17:03.695+0000] {standard_task_runner.py:72} INFO - Started process 3931 to run task
[2025-07-25T11:17:03.733+0000] {task_command.py:467} INFO - Running <TaskInstance: elt_to_dwh.transform_task.process_ohlcs scheduled__2025-07-15T00:00:00+00:00 [running]> on host 74cfddf97016
[2025-07-25T11:17:03.801+0000] {taskinstance.py:3134} INFO - Exporting env vars: AIRFLOW_CTX_DAG_OWNER='airflow' AIRFLOW_CTX_DAG_ID='elt_to_dwh' AIRFLOW_CTX_TASK_ID='transform_task.process_ohlcs' AIRFLOW_CTX_EXECUTION_DATE='2025-07-15T00:00:00+00:00' AIRFLOW_CTX_TRY_NUMBER='1' AIRFLOW_CTX_DAG_RUN_ID='scheduled__2025-07-15T00:00:00+00:00'
[2025-07-25T11:17:03.802+0000] {taskinstance.py:732} INFO - ::endgroup::
[2025-07-25T11:17:03.819+0000] {spark_submit.py:223} INFO - Could not load connection string spark_conn, defaulting to yarn
[2025-07-25T11:17:03.820+0000] {spark_submit.py:351} INFO - Spark-Submit cmd: spark-submit --master yarn --name arrow-spark /opt/airflow/scripts/elt_to_dwh/transform/process_ohlcs.py 2025-07-15
[2025-07-25T11:17:05.929+0000] {spark_submit.py:521} INFO - Exception in thread "main" org.apache.spark.SparkException: When running with master 'yarn' either HADOOP_CONF_DIR or YARN_CONF_DIR must be set in the environment.
[2025-07-25T11:17:05.930+0000] {spark_submit.py:521} INFO - at org.apache.spark.deploy.SparkSubmitArguments.error(SparkSubmitArguments.scala:650)
[2025-07-25T11:17:05.930+0000] {spark_submit.py:521} INFO - at org.apache.spark.deploy.SparkSubmitArguments.validateSubmitArguments(SparkSubmitArguments.scala:281)
[2025-07-25T11:17:05.931+0000] {spark_submit.py:521} INFO - at org.apache.spark.deploy.SparkSubmitArguments.validateArguments(SparkSubmitArguments.scala:237)
[2025-07-25T11:17:05.931+0000] {spark_submit.py:521} INFO - at org.apache.spark.deploy.SparkSubmitArguments.<init>(SparkSubmitArguments.scala:122)
[2025-07-25T11:17:05.932+0000] {spark_submit.py:521} INFO - at org.apache.spark.deploy.SparkSubmit$$anon$2$$anon$3.<init>(SparkSubmit.scala:1108)
[2025-07-25T11:17:05.932+0000] {spark_submit.py:521} INFO - at org.apache.spark.deploy.SparkSubmit$$anon$2.parseArguments(SparkSubmit.scala:1108)
[2025-07-25T11:17:05.933+0000] {spark_submit.py:521} INFO - at org.apache.spark.deploy.SparkSubmit.doSubmit(SparkSubmit.scala:86)
[2025-07-25T11:17:05.933+0000] {spark_submit.py:521} INFO - at org.apache.spark.deploy.SparkSubmit$$anon$2.doSubmit(SparkSubmit.scala:1125)
[2025-07-25T11:17:05.933+0000] {spark_submit.py:521} INFO - at org.apache.spark.deploy.SparkSubmit$.main(SparkSubmit.scala:1134)
[2025-07-25T11:17:05.934+0000] {spark_submit.py:521} INFO - at org.apache.spark.deploy.SparkSubmit.main(SparkSubmit.scala)
[2025-07-25T11:17:05.950+0000] {taskinstance.py:3313} ERROR - Task failed with exception
Traceback (most recent call last):
  File "/home/airflow/.local/lib/python3.12/site-packages/airflow/models/taskinstance.py", line 768, in _execute_task
    result = _execute_callable(context=context, **execute_callable_kwargs)
             ^^^^^^^^^^^^^^^^^^^^^^^^^^^^^^^^^^^^^^^^^^^^^^^^^^^^^^^^^^^^^
  File "/home/airflow/.local/lib/python3.12/site-packages/airflow/models/taskinstance.py", line 734, in _execute_callable
    return ExecutionCallableRunner(
           ^^^^^^^^^^^^^^^^^^^^^^^^
  File "/home/airflow/.local/lib/python3.12/site-packages/airflow/utils/operator_helpers.py", line 252, in run
    return self.func(*args, **kwargs)
           ^^^^^^^^^^^^^^^^^^^^^^^^^^
  File "/home/airflow/.local/lib/python3.12/site-packages/airflow/models/baseoperator.py", line 424, in wrapper
    return func(self, *args, **kwargs)
           ^^^^^^^^^^^^^^^^^^^^^^^^^^^
  File "/home/airflow/.local/lib/python3.12/site-packages/airflow/providers/apache/spark/operators/spark_submit.py", line 156, in execute
    self._hook.submit(self._application)
  File "/home/airflow/.local/lib/python3.12/site-packages/airflow/providers/apache/spark/hooks/spark_submit.py", line 452, in submit
    raise AirflowException(
airflow.exceptions.AirflowException: Cannot execute: spark-submit --master yarn --name arrow-spark /opt/airflow/scripts/elt_to_dwh/transform/process_ohlcs.py 2025-07-15. Error code is: 1.
[2025-07-25T11:17:05.954+0000] {taskinstance.py:1226} INFO - Marking task as FAILED. dag_id=elt_to_dwh, task_id=transform_task.process_ohlcs, run_id=scheduled__2025-07-15T00:00:00+00:00, execution_date=20250715T000000, start_date=20250725T111703, end_date=20250725T111705
[2025-07-25T11:17:05.973+0000] {taskinstance.py:341} INFO - ::group::Post task execution logs
[2025-07-25T11:17:05.974+0000] {standard_task_runner.py:124} ERROR - Failed to execute job 129 for task transform_task.process_ohlcs (Cannot execute: spark-submit --master yarn --name arrow-spark /opt/airflow/scripts/elt_to_dwh/transform/process_ohlcs.py 2025-07-15. Error code is: 1.; 3931)
Traceback (most recent call last):
  File "/home/airflow/.local/lib/python3.12/site-packages/airflow/task/task_runner/standard_task_runner.py", line 117, in _start_by_fork
    ret = args.func(args, dag=self.dag)
          ^^^^^^^^^^^^^^^^^^^^^^^^^^^^^
  File "/home/airflow/.local/lib/python3.12/site-packages/airflow/cli/cli_config.py", line 49, in command
    return func(*args, **kwargs)
           ^^^^^^^^^^^^^^^^^^^^^
  File "/home/airflow/.local/lib/python3.12/site-packages/airflow/utils/cli.py", line 116, in wrapper
    return f(*args, **kwargs)
           ^^^^^^^^^^^^^^^^^^
  File "/home/airflow/.local/lib/python3.12/site-packages/airflow/cli/commands/task_command.py", line 483, in task_run
    task_return_code = _run_task_by_selected_method(args, _dag, ti)
                       ^^^^^^^^^^^^^^^^^^^^^^^^^^^^^^^^^^^^^^^^^^^^
  File "/home/airflow/.local/lib/python3.12/site-packages/airflow/cli/commands/task_command.py", line 256, in _run_task_by_selected_method
    return _run_raw_task(args, ti)
           ^^^^^^^^^^^^^^^^^^^^^^^
  File "/home/airflow/.local/lib/python3.12/site-packages/airflow/cli/commands/task_command.py", line 341, in _run_raw_task
    return ti._run_raw_task(
           ^^^^^^^^^^^^^^^^^
  File "/home/airflow/.local/lib/python3.12/site-packages/airflow/utils/session.py", line 97, in wrapper
    return func(*args, session=session, **kwargs)
           ^^^^^^^^^^^^^^^^^^^^^^^^^^^^^^^^^^^^^^
  File "/home/airflow/.local/lib/python3.12/site-packages/airflow/models/taskinstance.py", line 3006, in _run_raw_task
    return _run_raw_task(
           ^^^^^^^^^^^^^^
  File "/home/airflow/.local/lib/python3.12/site-packages/airflow/models/taskinstance.py", line 274, in _run_raw_task
    TaskInstance._execute_task_with_callbacks(
  File "/home/airflow/.local/lib/python3.12/site-packages/airflow/models/taskinstance.py", line 3161, in _execute_task_with_callbacks
    result = self._execute_task(context, task_orig)
             ^^^^^^^^^^^^^^^^^^^^^^^^^^^^^^^^^^^^^^
  File "/home/airflow/.local/lib/python3.12/site-packages/airflow/models/taskinstance.py", line 3185, in _execute_task
    return _execute_task(self, context, task_orig)
           ^^^^^^^^^^^^^^^^^^^^^^^^^^^^^^^^^^^^^^^
  File "/home/airflow/.local/lib/python3.12/site-packages/airflow/models/taskinstance.py", line 768, in _execute_task
    result = _execute_callable(context=context, **execute_callable_kwargs)
             ^^^^^^^^^^^^^^^^^^^^^^^^^^^^^^^^^^^^^^^^^^^^^^^^^^^^^^^^^^^^^
  File "/home/airflow/.local/lib/python3.12/site-packages/airflow/models/taskinstance.py", line 734, in _execute_callable
    return ExecutionCallableRunner(
           ^^^^^^^^^^^^^^^^^^^^^^^^
  File "/home/airflow/.local/lib/python3.12/site-packages/airflow/utils/operator_helpers.py", line 252, in run
    return self.func(*args, **kwargs)
           ^^^^^^^^^^^^^^^^^^^^^^^^^^
  File "/home/airflow/.local/lib/python3.12/site-packages/airflow/models/baseoperator.py", line 424, in wrapper
    return func(self, *args, **kwargs)
           ^^^^^^^^^^^^^^^^^^^^^^^^^^^
  File "/home/airflow/.local/lib/python3.12/site-packages/airflow/providers/apache/spark/operators/spark_submit.py", line 156, in execute
    self._hook.submit(self._application)
  File "/home/airflow/.local/lib/python3.12/site-packages/airflow/providers/apache/spark/hooks/spark_submit.py", line 452, in submit
    raise AirflowException(
airflow.exceptions.AirflowException: Cannot execute: spark-submit --master yarn --name arrow-spark /opt/airflow/scripts/elt_to_dwh/transform/process_ohlcs.py 2025-07-15. Error code is: 1.
[2025-07-25T11:17:05.998+0000] {local_task_job_runner.py:266} INFO - Task exited with return code 1
[2025-07-25T11:17:06.011+0000] {taskinstance.py:3901} INFO - 0 downstream tasks scheduled from follow-on schedule check
[2025-07-25T11:17:06.018+0000] {local_task_job_runner.py:245} INFO - ::endgroup::
[2025-07-26T05:05:05.756+0000] {local_task_job_runner.py:123} INFO - ::group::Pre task execution logs
[2025-07-26T05:05:05.773+0000] {taskinstance.py:2614} INFO - Dependencies all met for dep_context=non-requeueable deps ti=<TaskInstance: elt_to_dwh.transform_task.process_ohlcs scheduled__2025-07-15T00:00:00+00:00 [queued]>
[2025-07-26T05:05:05.781+0000] {taskinstance.py:2614} INFO - Dependencies all met for dep_context=requeueable deps ti=<TaskInstance: elt_to_dwh.transform_task.process_ohlcs scheduled__2025-07-15T00:00:00+00:00 [queued]>
[2025-07-26T05:05:05.781+0000] {taskinstance.py:2867} INFO - Starting attempt 1 of 1
[2025-07-26T05:05:05.795+0000] {taskinstance.py:2890} INFO - Executing <Task(SparkSubmitOperator): transform_task.process_ohlcs> on 2025-07-15 00:00:00+00:00
[2025-07-26T05:05:05.802+0000] {standard_task_runner.py:104} INFO - Running: ['airflow', 'tasks', 'run', 'elt_to_dwh', 'transform_task.process_ohlcs', 'scheduled__2025-07-15T00:00:00+00:00', '--job-id', '80', '--raw', '--subdir', 'DAGS_FOLDER/elt_to_dwh.py', '--cfg-path', '/tmp/tmp8_l_tvw6']
[2025-07-26T05:05:05.804+0000] {standard_task_runner.py:105} INFO - Job 80: Subtask transform_task.process_ohlcs
[2025-07-26T05:05:05.807+0000] {logging_mixin.py:190} WARNING - /home/airflow/.local/lib/python3.12/site-packages/airflow/task/task_runner/standard_task_runner.py:70 DeprecationWarning: This process (pid=3488) is multi-threaded, use of fork() may lead to deadlocks in the child.
[2025-07-26T05:05:05.808+0000] {standard_task_runner.py:72} INFO - Started process 3498 to run task
[2025-07-26T05:05:05.834+0000] {task_command.py:467} INFO - Running <TaskInstance: elt_to_dwh.transform_task.process_ohlcs scheduled__2025-07-15T00:00:00+00:00 [running]> on host 3bc71adbf7e0
[2025-07-26T05:05:05.900+0000] {taskinstance.py:3134} INFO - Exporting env vars: AIRFLOW_CTX_DAG_OWNER='airflow' AIRFLOW_CTX_DAG_ID='elt_to_dwh' AIRFLOW_CTX_TASK_ID='transform_task.process_ohlcs' AIRFLOW_CTX_EXECUTION_DATE='2025-07-15T00:00:00+00:00' AIRFLOW_CTX_TRY_NUMBER='1' AIRFLOW_CTX_DAG_RUN_ID='scheduled__2025-07-15T00:00:00+00:00'
[2025-07-26T05:05:05.901+0000] {taskinstance.py:732} INFO - ::endgroup::
[2025-07-26T05:05:05.916+0000] {base.py:84} INFO - Retrieving connection 'spark_conn'
[2025-07-26T05:05:05.917+0000] {spark_submit.py:351} INFO - Spark-Submit cmd: spark-submit --master spark-master:7077 --name arrow-spark /opt/airflow/scripts/elt_to_dwh/transform/process_ohlcs.py 2025-07-15
[2025-07-26T05:05:09.288+0000] {spark_submit.py:521} INFO - Execution date string: 2025-07-15
[2025-07-26T05:05:09.735+0000] {spark_submit.py:521} INFO - Reading from: s3a://stock-project-datalake/ohlcs/crawl_ohlcs-20250715.parquet
[2025-07-26T05:05:09.803+0000] {spark_submit.py:521} INFO - 25/07/26 05:05:09 INFO SparkContext: Running Spark version 3.5.6
[2025-07-26T05:05:09.804+0000] {spark_submit.py:521} INFO - 25/07/26 05:05:09 INFO SparkContext: OS info Linux, 5.15.153.1-microsoft-standard-WSL2, amd64
[2025-07-26T05:05:09.805+0000] {spark_submit.py:521} INFO - 25/07/26 05:05:09 INFO SparkContext: Java version 17.0.15
[2025-07-26T05:05:09.856+0000] {spark_submit.py:521} INFO - 25/07/26 05:05:09 WARN NativeCodeLoader: Unable to load native-hadoop library for your platform... using builtin-java classes where applicable
[2025-07-26T05:05:09.943+0000] {spark_submit.py:521} INFO - 25/07/26 05:05:09 INFO ResourceUtils: ==============================================================
[2025-07-26T05:05:09.944+0000] {spark_submit.py:521} INFO - 25/07/26 05:05:09 INFO ResourceUtils: No custom resources configured for spark.driver.
[2025-07-26T05:05:09.944+0000] {spark_submit.py:521} INFO - 25/07/26 05:05:09 INFO ResourceUtils: ==============================================================
[2025-07-26T05:05:09.945+0000] {spark_submit.py:521} INFO - 25/07/26 05:05:09 INFO SparkContext: Submitted application: process_ohlcs
[2025-07-26T05:05:09.967+0000] {spark_submit.py:521} INFO - 25/07/26 05:05:09 INFO ResourceProfile: Default ResourceProfile created, executor resources: Map(memory -> name: memory, amount: 1024, script: , vendor: , offHeap -> name: offHeap, amount: 0, script: , vendor: ), task resources: Map(cpus -> name: cpus, amount: 1.0)
[2025-07-26T05:05:09.976+0000] {spark_submit.py:521} INFO - 25/07/26 05:05:09 INFO ResourceProfile: Limiting resource is cpu
[2025-07-26T05:05:09.977+0000] {spark_submit.py:521} INFO - 25/07/26 05:05:09 INFO ResourceProfileManager: Added ResourceProfile id: 0
[2025-07-26T05:05:10.027+0000] {spark_submit.py:521} INFO - 25/07/26 05:05:10 INFO SecurityManager: Changing view acls to: airflow
[2025-07-26T05:05:10.027+0000] {spark_submit.py:521} INFO - 25/07/26 05:05:10 INFO SecurityManager: Changing modify acls to: airflow
[2025-07-26T05:05:10.029+0000] {spark_submit.py:521} INFO - 25/07/26 05:05:10 INFO SecurityManager: Changing view acls groups to:
[2025-07-26T05:05:10.030+0000] {spark_submit.py:521} INFO - 25/07/26 05:05:10 INFO SecurityManager: Changing modify acls groups to:
[2025-07-26T05:05:10.030+0000] {spark_submit.py:521} INFO - 25/07/26 05:05:10 INFO SecurityManager: SecurityManager: authentication disabled; ui acls disabled; users with view permissions: airflow; groups with view permissions: EMPTY; users with modify permissions: airflow; groups with modify permissions: EMPTY
[2025-07-26T05:05:10.255+0000] {spark_submit.py:521} INFO - 25/07/26 05:05:10 INFO Utils: Successfully started service 'sparkDriver' on port 35569.
[2025-07-26T05:05:10.278+0000] {spark_submit.py:521} INFO - 25/07/26 05:05:10 INFO SparkEnv: Registering MapOutputTracker
[2025-07-26T05:05:10.306+0000] {spark_submit.py:521} INFO - 25/07/26 05:05:10 INFO SparkEnv: Registering BlockManagerMaster
[2025-07-26T05:05:10.324+0000] {spark_submit.py:521} INFO - 25/07/26 05:05:10 INFO BlockManagerMasterEndpoint: Using org.apache.spark.storage.DefaultTopologyMapper for getting topology information
[2025-07-26T05:05:10.325+0000] {spark_submit.py:521} INFO - 25/07/26 05:05:10 INFO BlockManagerMasterEndpoint: BlockManagerMasterEndpoint up
[2025-07-26T05:05:10.329+0000] {spark_submit.py:521} INFO - 25/07/26 05:05:10 INFO SparkEnv: Registering BlockManagerMasterHeartbeat
[2025-07-26T05:05:10.345+0000] {spark_submit.py:521} INFO - 25/07/26 05:05:10 INFO DiskBlockManager: Created local directory at /tmp/blockmgr-5b5fdb03-325a-401c-8e19-e816c625e06f
[2025-07-26T05:05:10.357+0000] {spark_submit.py:521} INFO - 25/07/26 05:05:10 INFO MemoryStore: MemoryStore started with capacity 434.4 MiB
[2025-07-26T05:05:10.375+0000] {spark_submit.py:521} INFO - 25/07/26 05:05:10 INFO SparkEnv: Registering OutputCommitCoordinator
[2025-07-26T05:05:10.478+0000] {spark_submit.py:521} INFO - 25/07/26 05:05:10 INFO JettyUtils: Start Jetty 0.0.0.0:4040 for SparkUI
[2025-07-26T05:05:10.543+0000] {spark_submit.py:521} INFO - 25/07/26 05:05:10 INFO Utils: Successfully started service 'SparkUI' on port 4040.
[2025-07-26T05:05:10.655+0000] {spark_submit.py:521} INFO - 25/07/26 05:05:10 INFO StandaloneAppClient$ClientEndpoint: Connecting to master spark://spark-master:7077...
[2025-07-26T05:05:10.694+0000] {spark_submit.py:521} INFO - 25/07/26 05:05:10 INFO TransportClientFactory: Successfully created connection to spark-master/172.18.0.5:7077 after 21 ms (0 ms spent in bootstraps)
[2025-07-26T05:05:10.766+0000] {spark_submit.py:521} INFO - 25/07/26 05:05:10 INFO StandaloneSchedulerBackend: Connected to Spark cluster with app ID app-20250726050510-0005
[2025-07-26T05:05:10.772+0000] {spark_submit.py:521} INFO - 25/07/26 05:05:10 INFO StandaloneAppClient$ClientEndpoint: Executor added: app-20250726050510-0005/0 on worker-20250726042217-172.18.0.6-40723 (172.18.0.6:40723) with 2 core(s)
[2025-07-26T05:05:10.774+0000] {spark_submit.py:521} INFO - 25/07/26 05:05:10 INFO StandaloneSchedulerBackend: Granted executor ID app-20250726050510-0005/0 on hostPort 172.18.0.6:40723 with 2 core(s), 1024.0 MiB RAM
[2025-07-26T05:05:10.778+0000] {spark_submit.py:521} INFO - 25/07/26 05:05:10 INFO Utils: Successfully started service 'org.apache.spark.network.netty.NettyBlockTransferService' on port 44803.
[2025-07-26T05:05:10.778+0000] {spark_submit.py:521} INFO - 25/07/26 05:05:10 INFO NettyBlockTransferService: Server created on 3bc71adbf7e0:44803
[2025-07-26T05:05:10.780+0000] {spark_submit.py:521} INFO - 25/07/26 05:05:10 INFO BlockManager: Using org.apache.spark.storage.RandomBlockReplicationPolicy for block replication policy
[2025-07-26T05:05:10.793+0000] {spark_submit.py:521} INFO - 25/07/26 05:05:10 INFO BlockManagerMaster: Registering BlockManager BlockManagerId(driver, 3bc71adbf7e0, 44803, None)
[2025-07-26T05:05:10.798+0000] {spark_submit.py:521} INFO - 25/07/26 05:05:10 INFO BlockManagerMasterEndpoint: Registering block manager 3bc71adbf7e0:44803 with 434.4 MiB RAM, BlockManagerId(driver, 3bc71adbf7e0, 44803, None)
[2025-07-26T05:05:10.803+0000] {spark_submit.py:521} INFO - 25/07/26 05:05:10 INFO BlockManagerMaster: Registered BlockManager BlockManagerId(driver, 3bc71adbf7e0, 44803, None)
[2025-07-26T05:05:10.804+0000] {spark_submit.py:521} INFO - 25/07/26 05:05:10 INFO BlockManager: Initialized BlockManager: BlockManagerId(driver, 3bc71adbf7e0, 44803, None)
[2025-07-26T05:05:10.812+0000] {spark_submit.py:521} INFO - 25/07/26 05:05:10 INFO StandaloneAppClient$ClientEndpoint: Executor updated: app-20250726050510-0005/0 is now RUNNING
[2025-07-26T05:05:11.080+0000] {spark_submit.py:521} INFO - 25/07/26 05:05:11 INFO StandaloneSchedulerBackend: SchedulerBackend is ready for scheduling beginning after reached minRegisteredResourcesRatio: 0.0
[2025-07-26T05:05:11.349+0000] {spark_submit.py:521} INFO - 25/07/26 05:05:11 INFO SharedState: Setting hive.metastore.warehouse.dir ('null') to the value of spark.sql.warehouse.dir.
[2025-07-26T05:05:11.360+0000] {spark_submit.py:521} INFO - 25/07/26 05:05:11 INFO SharedState: Warehouse path is 'file:/opt/airflow/spark-warehouse'.
[2025-07-26T05:05:12.590+0000] {spark_submit.py:521} INFO - 25/07/26 05:05:12 WARN MetricsConfig: Cannot locate configuration: tried hadoop-metrics2-s3a-file-system.properties,hadoop-metrics2.properties
[2025-07-26T05:05:12.616+0000] {spark_submit.py:521} INFO - 25/07/26 05:05:12 INFO MetricsSystemImpl: Scheduled Metric snapshot period at 10 second(s).
[2025-07-26T05:05:12.619+0000] {spark_submit.py:521} INFO - 25/07/26 05:05:12 INFO MetricsSystemImpl: s3a-file-system metrics system started
[2025-07-26T05:05:13.596+0000] {spark_submit.py:521} INFO - 25/07/26 05:05:13 INFO StandaloneSchedulerBackend$StandaloneDriverEndpoint: Registered executor NettyRpcEndpointRef(spark-client://Executor) (172.18.0.6:50066) with ID 0,  ResourceProfileId 0
[2025-07-26T05:05:13.681+0000] {spark_submit.py:521} INFO - 25/07/26 05:05:13 INFO BlockManagerMasterEndpoint: Registering block manager 172.18.0.6:43453 with 434.4 MiB RAM, BlockManagerId(0, 172.18.0.6, 43453, None)
[2025-07-26T05:05:14.820+0000] {spark_submit.py:521} INFO - 25/07/26 05:05:14 INFO InMemoryFileIndex: It took 188 ms to list leaf files for 1 paths.
[2025-07-26T05:05:15.153+0000] {spark_submit.py:521} INFO - 25/07/26 05:05:15 INFO SparkContext: Starting job: parquet at NativeMethodAccessorImpl.java:0
[2025-07-26T05:05:15.167+0000] {spark_submit.py:521} INFO - 25/07/26 05:05:15 INFO DAGScheduler: Got job 0 (parquet at NativeMethodAccessorImpl.java:0) with 1 output partitions
[2025-07-26T05:05:15.168+0000] {spark_submit.py:521} INFO - 25/07/26 05:05:15 INFO DAGScheduler: Final stage: ResultStage 0 (parquet at NativeMethodAccessorImpl.java:0)
[2025-07-26T05:05:15.168+0000] {spark_submit.py:521} INFO - 25/07/26 05:05:15 INFO DAGScheduler: Parents of final stage: List()
[2025-07-26T05:05:15.169+0000] {spark_submit.py:521} INFO - 25/07/26 05:05:15 INFO DAGScheduler: Missing parents: List()
[2025-07-26T05:05:15.172+0000] {spark_submit.py:521} INFO - 25/07/26 05:05:15 INFO DAGScheduler: Submitting ResultStage 0 (MapPartitionsRDD[1] at parquet at NativeMethodAccessorImpl.java:0), which has no missing parents
[2025-07-26T05:05:15.219+0000] {spark_submit.py:521} INFO - 25/07/26 05:05:15 INFO MemoryStore: Block broadcast_0 stored as values in memory (estimated size 104.6 KiB, free 434.3 MiB)
[2025-07-26T05:05:15.248+0000] {spark_submit.py:521} INFO - 25/07/26 05:05:15 INFO MemoryStore: Block broadcast_0_piece0 stored as bytes in memory (estimated size 38.1 KiB, free 434.3 MiB)
[2025-07-26T05:05:15.251+0000] {spark_submit.py:521} INFO - 25/07/26 05:05:15 INFO BlockManagerInfo: Added broadcast_0_piece0 in memory on 3bc71adbf7e0:44803 (size: 38.1 KiB, free: 434.4 MiB)
[2025-07-26T05:05:15.255+0000] {spark_submit.py:521} INFO - 25/07/26 05:05:15 INFO SparkContext: Created broadcast 0 from broadcast at DAGScheduler.scala:1611
[2025-07-26T05:05:15.275+0000] {spark_submit.py:521} INFO - 25/07/26 05:05:15 INFO DAGScheduler: Submitting 1 missing tasks from ResultStage 0 (MapPartitionsRDD[1] at parquet at NativeMethodAccessorImpl.java:0) (first 15 tasks are for partitions Vector(0))
[2025-07-26T05:05:15.276+0000] {spark_submit.py:521} INFO - 25/07/26 05:05:15 INFO TaskSchedulerImpl: Adding task set 0.0 with 1 tasks resource profile 0
[2025-07-26T05:05:15.303+0000] {spark_submit.py:521} INFO - 25/07/26 05:05:15 INFO TaskSetManager: Starting task 0.0 in stage 0.0 (TID 0) (172.18.0.6, executor 0, partition 0, PROCESS_LOCAL, 9161 bytes)
[2025-07-26T05:05:15.562+0000] {spark_submit.py:521} INFO - 25/07/26 05:05:15 INFO BlockManagerInfo: Added broadcast_0_piece0 in memory on 172.18.0.6:43453 (size: 38.1 KiB, free: 434.4 MiB)
[2025-07-26T05:05:17.770+0000] {spark_submit.py:521} INFO - 25/07/26 05:05:17 INFO TaskSetManager: Finished task 0.0 in stage 0.0 (TID 0) in 2478 ms on 172.18.0.6 (executor 0) (1/1)
[2025-07-26T05:05:17.771+0000] {spark_submit.py:521} INFO - 25/07/26 05:05:17 INFO TaskSchedulerImpl: Removed TaskSet 0.0, whose tasks have all completed, from pool
[2025-07-26T05:05:17.775+0000] {spark_submit.py:521} INFO - 25/07/26 05:05:17 INFO DAGScheduler: ResultStage 0 (parquet at NativeMethodAccessorImpl.java:0) finished in 2.590 s
[2025-07-26T05:05:17.778+0000] {spark_submit.py:521} INFO - 25/07/26 05:05:17 INFO DAGScheduler: Job 0 is finished. Cancelling potential speculative or zombie tasks for this job
[2025-07-26T05:05:17.779+0000] {spark_submit.py:521} INFO - 25/07/26 05:05:17 INFO TaskSchedulerImpl: Killing all running tasks in stage 0: Stage finished
[2025-07-26T05:05:17.780+0000] {spark_submit.py:521} INFO - 25/07/26 05:05:17 INFO DAGScheduler: Job 0 finished: parquet at NativeMethodAccessorImpl.java:0, took 2.626793 s
[2025-07-26T05:05:17.984+0000] {spark_submit.py:521} INFO - 25/07/26 05:05:17 INFO BlockManagerInfo: Removed broadcast_0_piece0 on 3bc71adbf7e0:44803 in memory (size: 38.1 KiB, free: 434.4 MiB)
[2025-07-26T05:05:17.999+0000] {spark_submit.py:521} INFO - 25/07/26 05:05:17 INFO BlockManagerInfo: Removed broadcast_0_piece0 on 172.18.0.6:43453 in memory (size: 38.1 KiB, free: 434.4 MiB)
[2025-07-26T05:05:18.279+0000] {spark_submit.py:521} INFO - DataFrame loaded from Parquet:
[2025-07-26T05:05:18.292+0000] {spark_submit.py:521} INFO - root
[2025-07-26T05:05:18.293+0000] {spark_submit.py:521} INFO - |-- ticker: string (nullable = true)
[2025-07-26T05:05:18.294+0000] {spark_submit.py:521} INFO - |-- volume: double (nullable = true)
[2025-07-26T05:05:18.294+0000] {spark_submit.py:521} INFO - |-- volume_weighted: double (nullable = true)
[2025-07-26T05:05:18.294+0000] {spark_submit.py:521} INFO - |-- open: double (nullable = true)
[2025-07-26T05:05:18.295+0000] {spark_submit.py:521} INFO - |-- close: double (nullable = true)
[2025-07-26T05:05:18.295+0000] {spark_submit.py:521} INFO - |-- high: double (nullable = true)
[2025-07-26T05:05:18.296+0000] {spark_submit.py:521} INFO - |-- low: double (nullable = true)
[2025-07-26T05:05:18.296+0000] {spark_submit.py:521} INFO - |-- time_stamp: long (nullable = true)
[2025-07-26T05:05:18.297+0000] {spark_submit.py:521} INFO - |-- num_of_trades: long (nullable = true)
[2025-07-26T05:05:18.297+0000] {spark_submit.py:521} INFO - |-- is_otc: boolean (nullable = true)
[2025-07-26T05:05:18.298+0000] {spark_submit.py:521} INFO - 
[2025-07-26T05:05:18.670+0000] {spark_submit.py:521} INFO - 25/07/26 05:05:18 INFO FileSourceStrategy: Pushed Filters:
[2025-07-26T05:05:18.671+0000] {spark_submit.py:521} INFO - 25/07/26 05:05:18 INFO FileSourceStrategy: Post-Scan Filters:
[2025-07-26T05:05:19.042+0000] {spark_submit.py:521} INFO - 25/07/26 05:05:19 INFO CodeGenerator: Code generated in 197.130854 ms
[2025-07-26T05:05:19.084+0000] {spark_submit.py:521} INFO - 25/07/26 05:05:19 INFO MemoryStore: Block broadcast_1 stored as values in memory (estimated size 211.8 KiB, free 434.2 MiB)
[2025-07-26T05:05:19.096+0000] {spark_submit.py:521} INFO - 25/07/26 05:05:19 INFO MemoryStore: Block broadcast_1_piece0 stored as bytes in memory (estimated size 36.2 KiB, free 434.2 MiB)
[2025-07-26T05:05:19.097+0000] {spark_submit.py:521} INFO - 25/07/26 05:05:19 INFO BlockManagerInfo: Added broadcast_1_piece0 in memory on 3bc71adbf7e0:44803 (size: 36.2 KiB, free: 434.4 MiB)
[2025-07-26T05:05:19.099+0000] {spark_submit.py:521} INFO - 25/07/26 05:05:19 INFO SparkContext: Created broadcast 1 from showString at NativeMethodAccessorImpl.java:0
[2025-07-26T05:05:19.115+0000] {spark_submit.py:521} INFO - 25/07/26 05:05:19 INFO FileSourceScanExec: Planning scan with bin packing, max size: 4194304 bytes, open cost is considered as scanning 4194304 bytes.
[2025-07-26T05:05:19.159+0000] {spark_submit.py:521} INFO - 25/07/26 05:05:19 INFO SparkContext: Starting job: showString at NativeMethodAccessorImpl.java:0
[2025-07-26T05:05:19.161+0000] {spark_submit.py:521} INFO - 25/07/26 05:05:19 INFO DAGScheduler: Got job 1 (showString at NativeMethodAccessorImpl.java:0) with 1 output partitions
[2025-07-26T05:05:19.162+0000] {spark_submit.py:521} INFO - 25/07/26 05:05:19 INFO DAGScheduler: Final stage: ResultStage 1 (showString at NativeMethodAccessorImpl.java:0)
[2025-07-26T05:05:19.162+0000] {spark_submit.py:521} INFO - 25/07/26 05:05:19 INFO DAGScheduler: Parents of final stage: List()
[2025-07-26T05:05:19.163+0000] {spark_submit.py:521} INFO - 25/07/26 05:05:19 INFO DAGScheduler: Missing parents: List()
[2025-07-26T05:05:19.163+0000] {spark_submit.py:521} INFO - 25/07/26 05:05:19 INFO DAGScheduler: Submitting ResultStage 1 (MapPartitionsRDD[5] at showString at NativeMethodAccessorImpl.java:0), which has no missing parents
[2025-07-26T05:05:19.186+0000] {spark_submit.py:521} INFO - 25/07/26 05:05:19 INFO MemoryStore: Block broadcast_2 stored as values in memory (estimated size 20.5 KiB, free 434.1 MiB)
[2025-07-26T05:05:19.188+0000] {spark_submit.py:521} INFO - 25/07/26 05:05:19 INFO MemoryStore: Block broadcast_2_piece0 stored as bytes in memory (estimated size 7.3 KiB, free 434.1 MiB)
[2025-07-26T05:05:19.190+0000] {spark_submit.py:521} INFO - 25/07/26 05:05:19 INFO BlockManagerInfo: Added broadcast_2_piece0 in memory on 3bc71adbf7e0:44803 (size: 7.3 KiB, free: 434.4 MiB)
[2025-07-26T05:05:19.190+0000] {spark_submit.py:521} INFO - 25/07/26 05:05:19 INFO SparkContext: Created broadcast 2 from broadcast at DAGScheduler.scala:1611
[2025-07-26T05:05:19.192+0000] {spark_submit.py:521} INFO - 25/07/26 05:05:19 INFO DAGScheduler: Submitting 1 missing tasks from ResultStage 1 (MapPartitionsRDD[5] at showString at NativeMethodAccessorImpl.java:0) (first 15 tasks are for partitions Vector(0))
[2025-07-26T05:05:19.192+0000] {spark_submit.py:521} INFO - 25/07/26 05:05:19 INFO TaskSchedulerImpl: Adding task set 1.0 with 1 tasks resource profile 0
[2025-07-26T05:05:19.196+0000] {spark_submit.py:521} INFO - 25/07/26 05:05:19 INFO TaskSetManager: Starting task 0.0 in stage 1.0 (TID 1) (172.18.0.6, executor 0, partition 0, PROCESS_LOCAL, 9629 bytes)
[2025-07-26T05:05:19.230+0000] {spark_submit.py:521} INFO - 25/07/26 05:05:19 INFO BlockManagerInfo: Added broadcast_2_piece0 in memory on 172.18.0.6:43453 (size: 7.3 KiB, free: 434.4 MiB)
[2025-07-26T05:05:19.614+0000] {spark_submit.py:521} INFO - 25/07/26 05:05:19 INFO BlockManagerInfo: Added broadcast_1_piece0 in memory on 172.18.0.6:43453 (size: 36.2 KiB, free: 434.4 MiB)
[2025-07-26T05:05:20.655+0000] {spark_submit.py:521} INFO - 25/07/26 05:05:20 INFO TaskSetManager: Finished task 0.0 in stage 1.0 (TID 1) in 1462 ms on 172.18.0.6 (executor 0) (1/1)
[2025-07-26T05:05:20.656+0000] {spark_submit.py:521} INFO - 25/07/26 05:05:20 INFO TaskSchedulerImpl: Removed TaskSet 1.0, whose tasks have all completed, from pool
[2025-07-26T05:05:20.657+0000] {spark_submit.py:521} INFO - 25/07/26 05:05:20 INFO DAGScheduler: ResultStage 1 (showString at NativeMethodAccessorImpl.java:0) finished in 1.490 s
[2025-07-26T05:05:20.657+0000] {spark_submit.py:521} INFO - 25/07/26 05:05:20 INFO DAGScheduler: Job 1 is finished. Cancelling potential speculative or zombie tasks for this job
[2025-07-26T05:05:20.658+0000] {spark_submit.py:521} INFO - 25/07/26 05:05:20 INFO TaskSchedulerImpl: Killing all running tasks in stage 1: Stage finished
[2025-07-26T05:05:20.658+0000] {spark_submit.py:521} INFO - 25/07/26 05:05:20 INFO DAGScheduler: Job 1 finished: showString at NativeMethodAccessorImpl.java:0, took 1.497803 s
[2025-07-26T05:05:20.886+0000] {spark_submit.py:521} INFO - 25/07/26 05:05:20 INFO BlockManagerInfo: Removed broadcast_2_piece0 on 3bc71adbf7e0:44803 in memory (size: 7.3 KiB, free: 434.4 MiB)
[2025-07-26T05:05:20.890+0000] {spark_submit.py:521} INFO - 25/07/26 05:05:20 INFO BlockManagerInfo: Removed broadcast_2_piece0 on 172.18.0.6:43453 in memory (size: 7.3 KiB, free: 434.4 MiB)
[2025-07-26T05:05:21.442+0000] {spark_submit.py:521} INFO - 25/07/26 05:05:21 INFO CodeGenerator: Code generated in 23.63752 ms
[2025-07-26T05:05:21.452+0000] {spark_submit.py:521} INFO - +------+---------+---------------+-----+-------+-------+------+-------------+-------------+------+
[2025-07-26T05:05:21.452+0000] {spark_submit.py:521} INFO - |ticker|   volume|volume_weighted| open|  close|   high|   low|   time_stamp|num_of_trades|is_otc|
[2025-07-26T05:05:21.453+0000] {spark_submit.py:521} INFO - +------+---------+---------------+-----+-------+-------+------+-------------+-------------+------+
[2025-07-26T05:05:21.453+0000] {spark_submit.py:521} INFO - |  IRWD|1764759.0|         0.7039|0.737|  0.687|0.74215|0.6701|1752609600000|         5329|  NULL|
[2025-07-26T05:05:21.454+0000] {spark_submit.py:521} INFO - |  TNGX|1484614.0|         5.9627| 6.19|   5.91|   6.32|  5.83|1752609600000|        12172|  NULL|
[2025-07-26T05:05:21.455+0000] {spark_submit.py:521} INFO - |  BITC|   9501.0|        49.4809|49.68|49.1062|  49.93| 48.97|1752609600000|          243|  NULL|
[2025-07-26T05:05:21.455+0000] {spark_submit.py:521} INFO - |  AEVA|2617489.0|        27.1082|27.79|   26.5|   28.3| 26.44|1752609600000|        28198|  NULL|
[2025-07-26T05:05:21.456+0000] {spark_submit.py:521} INFO - |  MNDR| 123129.0|         1.1113| 1.11|    1.1|   1.14|  1.09|1752609600000|          391|  NULL|
[2025-07-26T05:05:21.456+0000] {spark_submit.py:521} INFO - +------+---------+---------------+-----+-------+-------+------+-------------+-------------+------+
[2025-07-26T05:05:21.457+0000] {spark_submit.py:521} INFO - only showing top 5 rows
[2025-07-26T05:05:21.457+0000] {spark_submit.py:521} INFO - 
[2025-07-26T05:05:21.746+0000] {spark_submit.py:521} INFO - Time ID DataFrame:
[2025-07-26T05:05:21.749+0000] {spark_submit.py:521} INFO - id
[2025-07-26T05:05:21.749+0000] {spark_submit.py:521} INFO - 0   4
[2025-07-26T05:05:22.411+0000] {spark_submit.py:521} INFO - Companies DataFrame:
[2025-07-26T05:05:22.413+0000] {spark_submit.py:521} INFO - DataFrame[id: bigint, ticker: string]
[2025-07-26T05:05:22.513+0000] {spark_submit.py:521} INFO - Transformed DataFrame:
[2025-07-26T05:05:22.689+0000] {spark_submit.py:521} INFO - 25/07/26 05:05:22 INFO FileSourceStrategy: Pushed Filters: IsNotNull(volume_weighted),IsNotNull(ticker)
[2025-07-26T05:05:22.690+0000] {spark_submit.py:521} INFO - 25/07/26 05:05:22 INFO FileSourceStrategy: Post-Scan Filters: isnotnull(volume_weighted#2),isnotnull(ticker#0)
[2025-07-26T05:05:22.861+0000] {spark_submit.py:521} INFO - 25/07/26 05:05:22 INFO BlockManagerInfo: Removed broadcast_1_piece0 on 3bc71adbf7e0:44803 in memory (size: 36.2 KiB, free: 434.4 MiB)
[2025-07-26T05:05:22.864+0000] {spark_submit.py:521} INFO - 25/07/26 05:05:22 INFO BlockManagerInfo: Removed broadcast_1_piece0 on 172.18.0.6:43453 in memory (size: 36.2 KiB, free: 434.4 MiB)
[2025-07-26T05:05:22.883+0000] {spark_submit.py:521} INFO - 25/07/26 05:05:22 INFO CodeGenerator: Code generated in 45.911968 ms
[2025-07-26T05:05:22.889+0000] {spark_submit.py:521} INFO - 25/07/26 05:05:22 INFO MemoryStore: Block broadcast_3 stored as values in memory (estimated size 211.8 KiB, free 434.2 MiB)
[2025-07-26T05:05:22.908+0000] {spark_submit.py:521} INFO - 25/07/26 05:05:22 INFO MemoryStore: Block broadcast_3_piece0 stored as bytes in memory (estimated size 36.2 KiB, free 434.2 MiB)
[2025-07-26T05:05:22.910+0000] {spark_submit.py:521} INFO - 25/07/26 05:05:22 INFO BlockManagerInfo: Added broadcast_3_piece0 in memory on 3bc71adbf7e0:44803 (size: 36.2 KiB, free: 434.4 MiB)
[2025-07-26T05:05:22.919+0000] {spark_submit.py:521} INFO - 25/07/26 05:05:22 INFO SparkContext: Created broadcast 3 from $anonfun$withThreadLocalCaptured$1 at FutureTask.java:264
[2025-07-26T05:05:22.923+0000] {spark_submit.py:521} INFO - 25/07/26 05:05:22 INFO FileSourceScanExec: Planning scan with bin packing, max size: 4194304 bytes, open cost is considered as scanning 4194304 bytes.
[2025-07-26T05:05:22.946+0000] {spark_submit.py:521} INFO - 25/07/26 05:05:22 INFO SparkContext: Starting job: $anonfun$withThreadLocalCaptured$1 at FutureTask.java:264
[2025-07-26T05:05:22.948+0000] {spark_submit.py:521} INFO - 25/07/26 05:05:22 INFO DAGScheduler: Got job 2 ($anonfun$withThreadLocalCaptured$1 at FutureTask.java:264) with 1 output partitions
[2025-07-26T05:05:22.949+0000] {spark_submit.py:521} INFO - 25/07/26 05:05:22 INFO DAGScheduler: Final stage: ResultStage 2 ($anonfun$withThreadLocalCaptured$1 at FutureTask.java:264)
[2025-07-26T05:05:22.949+0000] {spark_submit.py:521} INFO - 25/07/26 05:05:22 INFO DAGScheduler: Parents of final stage: List()
[2025-07-26T05:05:22.950+0000] {spark_submit.py:521} INFO - 25/07/26 05:05:22 INFO DAGScheduler: Missing parents: List()
[2025-07-26T05:05:22.950+0000] {spark_submit.py:521} INFO - 25/07/26 05:05:22 INFO DAGScheduler: Submitting ResultStage 2 (MapPartitionsRDD[14] at $anonfun$withThreadLocalCaptured$1 at FutureTask.java:264), which has no missing parents
[2025-07-26T05:05:22.951+0000] {spark_submit.py:521} INFO - 25/07/26 05:05:22 INFO CodeGenerator: Code generated in 80.678062 ms
[2025-07-26T05:05:22.954+0000] {spark_submit.py:521} INFO - 25/07/26 05:05:22 INFO MemoryStore: Block broadcast_4 stored as values in memory (estimated size 19.9 KiB, free 434.1 MiB)
[2025-07-26T05:05:22.959+0000] {spark_submit.py:521} INFO - 25/07/26 05:05:22 INFO MemoryStore: Block broadcast_4_piece0 stored as bytes in memory (estimated size 7.3 KiB, free 434.1 MiB)
[2025-07-26T05:05:22.962+0000] {spark_submit.py:521} INFO - 25/07/26 05:05:22 INFO BlockManagerInfo: Added broadcast_4_piece0 in memory on 3bc71adbf7e0:44803 (size: 7.3 KiB, free: 434.4 MiB)
[2025-07-26T05:05:22.963+0000] {spark_submit.py:521} INFO - 25/07/26 05:05:22 INFO SparkContext: Created broadcast 4 from broadcast at DAGScheduler.scala:1611
[2025-07-26T05:05:22.965+0000] {spark_submit.py:521} INFO - 25/07/26 05:05:22 INFO DAGScheduler: Submitting 1 missing tasks from ResultStage 2 (MapPartitionsRDD[14] at $anonfun$withThreadLocalCaptured$1 at FutureTask.java:264) (first 15 tasks are for partitions Vector(0))
[2025-07-26T05:05:22.966+0000] {spark_submit.py:521} INFO - 25/07/26 05:05:22 INFO TaskSchedulerImpl: Adding task set 2.0 with 1 tasks resource profile 0
[2025-07-26T05:05:22.967+0000] {spark_submit.py:521} INFO - 25/07/26 05:05:22 INFO TaskSetManager: Starting task 0.0 in stage 2.0 (TID 2) (172.18.0.6, executor 0, partition 0, PROCESS_LOCAL, 9629 bytes)
[2025-07-26T05:05:22.986+0000] {spark_submit.py:521} INFO - 25/07/26 05:05:22 INFO BlockManagerInfo: Added broadcast_4_piece0 in memory on 172.18.0.6:43453 (size: 7.3 KiB, free: 434.4 MiB)
[2025-07-26T05:05:23.028+0000] {spark_submit.py:521} INFO - 25/07/26 05:05:23 INFO DAGScheduler: Registering RDD 16 (showString at NativeMethodAccessorImpl.java:0) as input to shuffle 0
[2025-07-26T05:05:23.033+0000] {spark_submit.py:521} INFO - 25/07/26 05:05:23 INFO DAGScheduler: Got map stage job 3 (showString at NativeMethodAccessorImpl.java:0) with 2 output partitions
[2025-07-26T05:05:23.034+0000] {spark_submit.py:521} INFO - 25/07/26 05:05:23 INFO DAGScheduler: Final stage: ShuffleMapStage 3 (showString at NativeMethodAccessorImpl.java:0)
[2025-07-26T05:05:23.035+0000] {spark_submit.py:521} INFO - 25/07/26 05:05:23 INFO DAGScheduler: Parents of final stage: List()
[2025-07-26T05:05:23.036+0000] {spark_submit.py:521} INFO - 25/07/26 05:05:23 INFO DAGScheduler: Missing parents: List()
[2025-07-26T05:05:23.039+0000] {spark_submit.py:521} INFO - 25/07/26 05:05:23 INFO DAGScheduler: Submitting ShuffleMapStage 3 (MapPartitionsRDD[16] at showString at NativeMethodAccessorImpl.java:0), which has no missing parents
[2025-07-26T05:05:23.057+0000] {spark_submit.py:521} INFO - 25/07/26 05:05:23 INFO BlockManagerInfo: Added broadcast_3_piece0 in memory on 172.18.0.6:43453 (size: 36.2 KiB, free: 434.4 MiB)
[2025-07-26T05:05:23.060+0000] {spark_submit.py:521} INFO - 25/07/26 05:05:23 INFO MemoryStore: Block broadcast_5 stored as values in memory (estimated size 37.8 KiB, free 434.1 MiB)
[2025-07-26T05:05:23.079+0000] {spark_submit.py:521} INFO - 25/07/26 05:05:23 INFO MemoryStore: Block broadcast_5_piece0 stored as bytes in memory (estimated size 17.8 KiB, free 434.1 MiB)
[2025-07-26T05:05:23.081+0000] {spark_submit.py:521} INFO - 25/07/26 05:05:23 INFO BlockManagerInfo: Added broadcast_5_piece0 in memory on 3bc71adbf7e0:44803 (size: 17.8 KiB, free: 434.3 MiB)
[2025-07-26T05:05:23.089+0000] {spark_submit.py:521} INFO - 25/07/26 05:05:23 INFO SparkContext: Created broadcast 5 from broadcast at DAGScheduler.scala:1611
[2025-07-26T05:05:23.092+0000] {spark_submit.py:521} INFO - 25/07/26 05:05:23 INFO DAGScheduler: Submitting 2 missing tasks from ShuffleMapStage 3 (MapPartitionsRDD[16] at showString at NativeMethodAccessorImpl.java:0) (first 15 tasks are for partitions Vector(0, 1))
[2025-07-26T05:05:23.093+0000] {spark_submit.py:521} INFO - 25/07/26 05:05:23 INFO TaskSchedulerImpl: Adding task set 3.0 with 2 tasks resource profile 0
[2025-07-26T05:05:23.098+0000] {spark_submit.py:521} INFO - 25/07/26 05:05:23 INFO TaskSetManager: Starting task 0.0 in stage 3.0 (TID 3) (172.18.0.6, executor 0, partition 0, PROCESS_LOCAL, 159165 bytes)
[2025-07-26T05:05:23.164+0000] {spark_submit.py:521} INFO - 25/07/26 05:05:23 INFO BlockManagerInfo: Added broadcast_5_piece0 in memory on 172.18.0.6:43453 (size: 17.8 KiB, free: 434.3 MiB)
[2025-07-26T05:05:24.394+0000] {spark_submit.py:521} INFO - 25/07/26 05:05:24 INFO TaskSetManager: Starting task 1.0 in stage 3.0 (TID 4) (172.18.0.6, executor 0, partition 1, PROCESS_LOCAL, 147748 bytes)
[2025-07-26T05:05:24.401+0000] {spark_submit.py:521} INFO - 25/07/26 05:05:24 INFO TaskSetManager: Finished task 0.0 in stage 2.0 (TID 2) in 1430 ms on 172.18.0.6 (executor 0) (1/1)
[2025-07-26T05:05:24.405+0000] {spark_submit.py:521} INFO - 25/07/26 05:05:24 INFO TaskSchedulerImpl: Removed TaskSet 2.0, whose tasks have all completed, from pool
[2025-07-26T05:05:24.407+0000] {spark_submit.py:521} INFO - 25/07/26 05:05:24 INFO DAGScheduler: ResultStage 2 ($anonfun$withThreadLocalCaptured$1 at FutureTask.java:264) finished in 1.450 s
[2025-07-26T05:05:24.412+0000] {spark_submit.py:521} INFO - 25/07/26 05:05:24 INFO DAGScheduler: Job 2 is finished. Cancelling potential speculative or zombie tasks for this job
[2025-07-26T05:05:24.415+0000] {spark_submit.py:521} INFO - 25/07/26 05:05:24 INFO TaskSchedulerImpl: Killing all running tasks in stage 2: Stage finished
[2025-07-26T05:05:24.417+0000] {spark_submit.py:521} INFO - 25/07/26 05:05:24 INFO DAGScheduler: Job 2 finished: $anonfun$withThreadLocalCaptured$1 at FutureTask.java:264, took 1.455132 s
[2025-07-26T05:05:24.454+0000] {spark_submit.py:521} INFO - 25/07/26 05:05:24 INFO CodeGenerator: Code generated in 14.504248 ms
[2025-07-26T05:05:24.570+0000] {spark_submit.py:521} INFO - 25/07/26 05:05:24 INFO BlockManagerInfo: Removed broadcast_4_piece0 on 3bc71adbf7e0:44803 in memory (size: 7.3 KiB, free: 434.3 MiB)
[2025-07-26T05:05:24.598+0000] {spark_submit.py:521} INFO - 25/07/26 05:05:24 INFO BlockManagerInfo: Removed broadcast_4_piece0 on 172.18.0.6:43453 in memory (size: 7.3 KiB, free: 434.3 MiB)
[2025-07-26T05:05:24.604+0000] {spark_submit.py:521} INFO - 25/07/26 05:05:24 INFO MemoryStore: Block broadcast_6_piece0 stored as bytes in memory (estimated size 838.8 KiB, free 433.3 MiB)
[2025-07-26T05:05:24.612+0000] {spark_submit.py:521} INFO - 25/07/26 05:05:24 INFO BlockManagerInfo: Added broadcast_6_piece0 in memory on 3bc71adbf7e0:44803 (size: 838.8 KiB, free: 433.5 MiB)
[2025-07-26T05:05:24.614+0000] {spark_submit.py:521} INFO - 25/07/26 05:05:24 INFO SparkContext: Created broadcast 6 from $anonfun$withThreadLocalCaptured$1 at FutureTask.java:264
[2025-07-26T05:05:25.200+0000] {spark_submit.py:521} INFO - 25/07/26 05:05:25 INFO TaskSetManager: Finished task 0.0 in stage 3.0 (TID 3) in 2103 ms on 172.18.0.6 (executor 0) (1/2)
[2025-07-26T05:05:25.201+0000] {spark_submit.py:521} INFO - 25/07/26 05:05:25 INFO TaskSetManager: Finished task 1.0 in stage 3.0 (TID 4) in 807 ms on 172.18.0.6 (executor 0) (2/2)
[2025-07-26T05:05:25.202+0000] {spark_submit.py:521} INFO - 25/07/26 05:05:25 INFO TaskSchedulerImpl: Removed TaskSet 3.0, whose tasks have all completed, from pool
[2025-07-26T05:05:25.203+0000] {spark_submit.py:521} INFO - 25/07/26 05:05:25 INFO PythonAccumulatorV2: Connected to AccumulatorServer at host: 127.0.0.1 port: 41809
[2025-07-26T05:05:25.208+0000] {spark_submit.py:521} INFO - 25/07/26 05:05:25 INFO DAGScheduler: ShuffleMapStage 3 (showString at NativeMethodAccessorImpl.java:0) finished in 2.163 s
[2025-07-26T05:05:25.209+0000] {spark_submit.py:521} INFO - 25/07/26 05:05:25 INFO DAGScheduler: looking for newly runnable stages
[2025-07-26T05:05:25.210+0000] {spark_submit.py:521} INFO - 25/07/26 05:05:25 INFO DAGScheduler: running: Set()
[2025-07-26T05:05:25.211+0000] {spark_submit.py:521} INFO - 25/07/26 05:05:25 INFO DAGScheduler: waiting: Set()
[2025-07-26T05:05:25.211+0000] {spark_submit.py:521} INFO - 25/07/26 05:05:25 INFO DAGScheduler: failed: Set()
[2025-07-26T05:05:25.244+0000] {spark_submit.py:521} INFO - 25/07/26 05:05:25 INFO ShufflePartitionsUtil: For shuffle(0), advisory target size: 67108864, actual target size 1048576, minimum partition size: 1048576
[2025-07-26T05:05:25.294+0000] {spark_submit.py:521} INFO - 25/07/26 05:05:25 INFO HashAggregateExec: spark.sql.codegen.aggregate.map.twolevel.enabled is set to true, but current version of codegened fast hashmap does not support this aggregate.
[2025-07-26T05:05:25.406+0000] {spark_submit.py:521} INFO - 25/07/26 05:05:25 INFO CodeGenerator: Code generated in 62.985049 ms
[2025-07-26T05:05:25.498+0000] {spark_submit.py:521} INFO - 25/07/26 05:05:25 INFO SparkContext: Starting job: showString at NativeMethodAccessorImpl.java:0
[2025-07-26T05:05:25.501+0000] {spark_submit.py:521} INFO - 25/07/26 05:05:25 INFO DAGScheduler: Got job 4 (showString at NativeMethodAccessorImpl.java:0) with 1 output partitions
[2025-07-26T05:05:25.503+0000] {spark_submit.py:521} INFO - 25/07/26 05:05:25 INFO DAGScheduler: Final stage: ResultStage 5 (showString at NativeMethodAccessorImpl.java:0)
[2025-07-26T05:05:25.512+0000] {spark_submit.py:521} INFO - 25/07/26 05:05:25 INFO DAGScheduler: Parents of final stage: List(ShuffleMapStage 4)
[2025-07-26T05:05:25.513+0000] {spark_submit.py:521} INFO - 25/07/26 05:05:25 INFO DAGScheduler: Missing parents: List()
[2025-07-26T05:05:25.514+0000] {spark_submit.py:521} INFO - 25/07/26 05:05:25 INFO DAGScheduler: Submitting ResultStage 5 (MapPartitionsRDD[19] at showString at NativeMethodAccessorImpl.java:0), which has no missing parents
[2025-07-26T05:05:25.554+0000] {spark_submit.py:521} INFO - 25/07/26 05:05:25 INFO MemoryStore: Block broadcast_7 stored as values in memory (estimated size 59.3 KiB, free 433.2 MiB)
[2025-07-26T05:05:25.569+0000] {spark_submit.py:521} INFO - 25/07/26 05:05:25 INFO BlockManagerInfo: Removed broadcast_5_piece0 on 3bc71adbf7e0:44803 in memory (size: 17.8 KiB, free: 433.5 MiB)
[2025-07-26T05:05:25.573+0000] {spark_submit.py:521} INFO - 25/07/26 05:05:25 INFO BlockManagerInfo: Removed broadcast_5_piece0 on 172.18.0.6:43453 in memory (size: 17.8 KiB, free: 434.4 MiB)
[2025-07-26T05:05:25.574+0000] {spark_submit.py:521} INFO - 25/07/26 05:05:25 INFO MemoryStore: Block broadcast_7_piece0 stored as bytes in memory (estimated size 26.0 KiB, free 433.3 MiB)
[2025-07-26T05:05:25.575+0000] {spark_submit.py:521} INFO - 25/07/26 05:05:25 INFO BlockManagerInfo: Added broadcast_7_piece0 in memory on 3bc71adbf7e0:44803 (size: 26.0 KiB, free: 433.5 MiB)
[2025-07-26T05:05:25.577+0000] {spark_submit.py:521} INFO - 25/07/26 05:05:25 INFO SparkContext: Created broadcast 7 from broadcast at DAGScheduler.scala:1611
[2025-07-26T05:05:25.580+0000] {spark_submit.py:521} INFO - 25/07/26 05:05:25 INFO DAGScheduler: Submitting 1 missing tasks from ResultStage 5 (MapPartitionsRDD[19] at showString at NativeMethodAccessorImpl.java:0) (first 15 tasks are for partitions Vector(0))
[2025-07-26T05:05:25.581+0000] {spark_submit.py:521} INFO - 25/07/26 05:05:25 INFO TaskSchedulerImpl: Adding task set 5.0 with 1 tasks resource profile 0
[2025-07-26T05:05:25.595+0000] {spark_submit.py:521} INFO - 25/07/26 05:05:25 INFO TaskSetManager: Starting task 0.0 in stage 5.0 (TID 5) (172.18.0.6, executor 0, partition 0, NODE_LOCAL, 9003 bytes)
[2025-07-26T05:05:25.652+0000] {spark_submit.py:521} INFO - 25/07/26 05:05:25 INFO BlockManagerInfo: Added broadcast_7_piece0 in memory on 172.18.0.6:43453 (size: 26.0 KiB, free: 434.3 MiB)
[2025-07-26T05:05:25.839+0000] {spark_submit.py:521} INFO - 25/07/26 05:05:25 INFO MapOutputTrackerMasterEndpoint: Asked to send map output locations for shuffle 0 to 172.18.0.6:50066
[2025-07-26T05:05:25.997+0000] {spark_submit.py:521} INFO - 25/07/26 05:05:25 INFO BlockManagerInfo: Added broadcast_6_piece0 in memory on 172.18.0.6:43453 (size: 838.8 KiB, free: 433.5 MiB)
[2025-07-26T05:05:26.124+0000] {spark_submit.py:521} INFO - 25/07/26 05:05:26 INFO TaskSetManager: Finished task 0.0 in stage 5.0 (TID 5) in 534 ms on 172.18.0.6 (executor 0) (1/1)
[2025-07-26T05:05:26.127+0000] {spark_submit.py:521} INFO - 25/07/26 05:05:26 INFO TaskSchedulerImpl: Removed TaskSet 5.0, whose tasks have all completed, from pool
[2025-07-26T05:05:26.129+0000] {spark_submit.py:521} INFO - 25/07/26 05:05:26 INFO DAGScheduler: ResultStage 5 (showString at NativeMethodAccessorImpl.java:0) finished in 0.581 s
[2025-07-26T05:05:26.130+0000] {spark_submit.py:521} INFO - 25/07/26 05:05:26 INFO DAGScheduler: Job 4 is finished. Cancelling potential speculative or zombie tasks for this job
[2025-07-26T05:05:26.131+0000] {spark_submit.py:521} INFO - 25/07/26 05:05:26 INFO TaskSchedulerImpl: Killing all running tasks in stage 5: Stage finished
[2025-07-26T05:05:26.131+0000] {spark_submit.py:521} INFO - 25/07/26 05:05:26 INFO DAGScheduler: Job 4 finished: showString at NativeMethodAccessorImpl.java:0, took 0.628932 s
[2025-07-26T05:05:26.162+0000] {spark_submit.py:521} INFO - 25/07/26 05:05:26 INFO CodeGenerator: Code generated in 23.2675 ms
[2025-07-26T05:05:26.166+0000] {spark_submit.py:521} INFO - +------+--------+---------------+------+-------+------+------+-------------+-------------+------+----------+-------+
[2025-07-26T05:05:26.166+0000] {spark_submit.py:521} INFO - |ticker|  volume|volume_weighted|  open|  close|  high|   low|   time_stamp|num_of_trades|is_otc|company_id|time_id|
[2025-07-26T05:05:26.167+0000] {spark_submit.py:521} INFO - +------+--------+---------------+------+-------+------+------+-------------+-------------+------+----------+-------+
[2025-07-26T05:05:26.168+0000] {spark_submit.py:521} INFO - |  BOEG|  2898.0|        18.8073|  18.6|18.7494| 19.17|  18.6|1752609600000|           44|  NULL|      7704|      4|
[2025-07-26T05:05:26.168+0000] {spark_submit.py:521} INFO - |   CRS|818569.0|       279.3399|279.26| 278.55|281.64|277.54|1752609600000|        21879|  NULL|     17521|      4|
[2025-07-26T05:05:26.169+0000] {spark_submit.py:521} INFO - |  ELME|847769.0|        16.3214| 16.45|  16.23| 16.51|  16.2|1752609600000|         8861|  NULL|      2229|      4|
[2025-07-26T05:05:26.169+0000] {spark_submit.py:521} INFO - |  ACFN|  6526.0|        16.0179| 16.17|  15.95| 16.35| 15.95|1752609600000|           47|  true|      2690|      4|
[2025-07-26T05:05:26.170+0000] {spark_submit.py:521} INFO - |   PKE|146194.0|        15.6035|  16.0|  15.52| 16.12| 15.42|1752609600000|         2392|  NULL|      2951|      4|
[2025-07-26T05:05:26.170+0000] {spark_submit.py:521} INFO - +------+--------+---------------+------+-------+------+------+-------------+-------------+------+----------+-------+
[2025-07-26T05:05:26.171+0000] {spark_submit.py:521} INFO - only showing top 5 rows
[2025-07-26T05:05:26.171+0000] {spark_submit.py:521} INFO - 
[2025-07-26T05:05:26.172+0000] {spark_submit.py:521} INFO - None
[2025-07-26T05:05:26.222+0000] {spark_submit.py:521} INFO - 25/07/26 05:05:26 INFO FileSourceStrategy: Pushed Filters: IsNotNull(volume_weighted),IsNotNull(ticker)
[2025-07-26T05:05:26.223+0000] {spark_submit.py:521} INFO - 25/07/26 05:05:26 INFO FileSourceStrategy: Post-Scan Filters: isnotnull(volume_weighted#2),isnotnull(ticker#0)
[2025-07-26T05:05:26.277+0000] {spark_submit.py:521} INFO - 25/07/26 05:05:26 INFO MemoryStore: Block broadcast_8 stored as values in memory (estimated size 211.8 KiB, free 433.0 MiB)
[2025-07-26T05:05:26.278+0000] {spark_submit.py:521} INFO - 25/07/26 05:05:26 INFO DAGScheduler: Registering RDD 21 (toPandas at /opt/airflow/scripts/elt_to_dwh/transform/process_ohlcs.py:94) as input to shuffle 1
[2025-07-26T05:05:26.279+0000] {spark_submit.py:521} INFO - 25/07/26 05:05:26 INFO DAGScheduler: Got map stage job 5 (toPandas at /opt/airflow/scripts/elt_to_dwh/transform/process_ohlcs.py:94) with 2 output partitions
[2025-07-26T05:05:26.279+0000] {spark_submit.py:521} INFO - 25/07/26 05:05:26 INFO DAGScheduler: Final stage: ShuffleMapStage 6 (toPandas at /opt/airflow/scripts/elt_to_dwh/transform/process_ohlcs.py:94)
[2025-07-26T05:05:26.280+0000] {spark_submit.py:521} INFO - 25/07/26 05:05:26 INFO DAGScheduler: Parents of final stage: List()
[2025-07-26T05:05:26.281+0000] {spark_submit.py:521} INFO - 25/07/26 05:05:26 INFO DAGScheduler: Missing parents: List()
[2025-07-26T05:05:26.281+0000] {spark_submit.py:521} INFO - 25/07/26 05:05:26 INFO DAGScheduler: Submitting ShuffleMapStage 6 (MapPartitionsRDD[21] at toPandas at /opt/airflow/scripts/elt_to_dwh/transform/process_ohlcs.py:94), which has no missing parents
[2025-07-26T05:05:26.291+0000] {spark_submit.py:521} INFO - 25/07/26 05:05:26 INFO MemoryStore: Block broadcast_9 stored as values in memory (estimated size 37.8 KiB, free 433.0 MiB)
[2025-07-26T05:05:26.295+0000] {spark_submit.py:521} INFO - 25/07/26 05:05:26 INFO MemoryStore: Block broadcast_9_piece0 stored as bytes in memory (estimated size 17.8 KiB, free 433.0 MiB)
[2025-07-26T05:05:26.297+0000] {spark_submit.py:521} INFO - 25/07/26 05:05:26 INFO BlockManagerInfo: Added broadcast_9_piece0 in memory on 3bc71adbf7e0:44803 (size: 17.8 KiB, free: 433.5 MiB)
[2025-07-26T05:05:26.304+0000] {spark_submit.py:521} INFO - 25/07/26 05:05:26 INFO BlockManagerInfo: Removed broadcast_7_piece0 on 172.18.0.6:43453 in memory (size: 26.0 KiB, free: 433.5 MiB)
[2025-07-26T05:05:26.305+0000] {spark_submit.py:521} INFO - 25/07/26 05:05:26 INFO MemoryStore: Block broadcast_8_piece0 stored as bytes in memory (estimated size 36.2 KiB, free 433.0 MiB)
[2025-07-26T05:05:26.306+0000] {spark_submit.py:521} INFO - 25/07/26 05:05:26 INFO BlockManagerInfo: Added broadcast_8_piece0 in memory on 3bc71adbf7e0:44803 (size: 36.2 KiB, free: 433.5 MiB)
[2025-07-26T05:05:26.306+0000] {spark_submit.py:521} INFO - 25/07/26 05:05:26 INFO BlockManagerInfo: Removed broadcast_7_piece0 on 3bc71adbf7e0:44803 in memory (size: 26.0 KiB, free: 433.5 MiB)
[2025-07-26T05:05:26.307+0000] {spark_submit.py:521} INFO - 25/07/26 05:05:26 INFO SparkContext: Created broadcast 9 from broadcast at DAGScheduler.scala:1611
[2025-07-26T05:05:26.308+0000] {spark_submit.py:521} INFO - 25/07/26 05:05:26 INFO DAGScheduler: Submitting 2 missing tasks from ShuffleMapStage 6 (MapPartitionsRDD[21] at toPandas at /opt/airflow/scripts/elt_to_dwh/transform/process_ohlcs.py:94) (first 15 tasks are for partitions Vector(0, 1))
[2025-07-26T05:05:26.308+0000] {spark_submit.py:521} INFO - 25/07/26 05:05:26 INFO TaskSchedulerImpl: Adding task set 6.0 with 2 tasks resource profile 0
[2025-07-26T05:05:26.309+0000] {spark_submit.py:521} INFO - 25/07/26 05:05:26 INFO SparkContext: Created broadcast 8 from toPandas at /opt/airflow/scripts/elt_to_dwh/transform/process_ohlcs.py:94
[2025-07-26T05:05:26.309+0000] {spark_submit.py:521} INFO - 25/07/26 05:05:26 INFO FileSourceScanExec: Planning scan with bin packing, max size: 4194304 bytes, open cost is considered as scanning 4194304 bytes.
[2025-07-26T05:05:26.310+0000] {spark_submit.py:521} INFO - 25/07/26 05:05:26 INFO TaskSetManager: Starting task 0.0 in stage 6.0 (TID 6) (172.18.0.6, executor 0, partition 0, PROCESS_LOCAL, 159165 bytes)
[2025-07-26T05:05:26.310+0000] {spark_submit.py:521} INFO - 25/07/26 05:05:26 INFO TaskSetManager: Starting task 1.0 in stage 6.0 (TID 7) (172.18.0.6, executor 0, partition 1, PROCESS_LOCAL, 147748 bytes)
[2025-07-26T05:05:26.320+0000] {spark_submit.py:521} INFO - 25/07/26 05:05:26 INFO SparkContext: Starting job: toPandas at /opt/airflow/scripts/elt_to_dwh/transform/process_ohlcs.py:94
[2025-07-26T05:05:26.322+0000] {spark_submit.py:521} INFO - 25/07/26 05:05:26 INFO DAGScheduler: Got job 6 (toPandas at /opt/airflow/scripts/elt_to_dwh/transform/process_ohlcs.py:94) with 1 output partitions
[2025-07-26T05:05:26.323+0000] {spark_submit.py:521} INFO - 25/07/26 05:05:26 INFO DAGScheduler: Final stage: ResultStage 7 (toPandas at /opt/airflow/scripts/elt_to_dwh/transform/process_ohlcs.py:94)
[2025-07-26T05:05:26.324+0000] {spark_submit.py:521} INFO - 25/07/26 05:05:26 INFO DAGScheduler: Parents of final stage: List()
[2025-07-26T05:05:26.324+0000] {spark_submit.py:521} INFO - 25/07/26 05:05:26 INFO DAGScheduler: Missing parents: List()
[2025-07-26T05:05:26.325+0000] {spark_submit.py:521} INFO - 25/07/26 05:05:26 INFO DAGScheduler: Submitting ResultStage 7 (MapPartitionsRDD[25] at toPandas at /opt/airflow/scripts/elt_to_dwh/transform/process_ohlcs.py:94), which has no missing parents
[2025-07-26T05:05:26.327+0000] {spark_submit.py:521} INFO - 25/07/26 05:05:26 INFO MemoryStore: Block broadcast_10 stored as values in memory (estimated size 19.9 KiB, free 433.0 MiB)
[2025-07-26T05:05:26.349+0000] {spark_submit.py:521} INFO - 25/07/26 05:05:26 INFO MemoryStore: Block broadcast_10_piece0 stored as bytes in memory (estimated size 7.3 KiB, free 433.0 MiB)
[2025-07-26T05:05:26.351+0000] {spark_submit.py:521} INFO - 25/07/26 05:05:26 INFO BlockManagerInfo: Added broadcast_10_piece0 in memory on 3bc71adbf7e0:44803 (size: 7.3 KiB, free: 433.5 MiB)
[2025-07-26T05:05:26.352+0000] {spark_submit.py:521} INFO - 25/07/26 05:05:26 INFO SparkContext: Created broadcast 10 from broadcast at DAGScheduler.scala:1611
[2025-07-26T05:05:26.354+0000] {spark_submit.py:521} INFO - 25/07/26 05:05:26 INFO DAGScheduler: Submitting 1 missing tasks from ResultStage 7 (MapPartitionsRDD[25] at toPandas at /opt/airflow/scripts/elt_to_dwh/transform/process_ohlcs.py:94) (first 15 tasks are for partitions Vector(0))
[2025-07-26T05:05:26.355+0000] {spark_submit.py:521} INFO - 25/07/26 05:05:26 INFO TaskSchedulerImpl: Adding task set 7.0 with 1 tasks resource profile 0
[2025-07-26T05:05:26.366+0000] {spark_submit.py:521} INFO - 25/07/26 05:05:26 INFO BlockManagerInfo: Added broadcast_9_piece0 in memory on 172.18.0.6:43453 (size: 17.8 KiB, free: 433.5 MiB)
[2025-07-26T05:05:26.634+0000] {spark_submit.py:521} INFO - 25/07/26 05:05:26 INFO TaskSetManager: Starting task 0.0 in stage 7.0 (TID 8) (172.18.0.6, executor 0, partition 0, PROCESS_LOCAL, 9629 bytes)
[2025-07-26T05:05:26.635+0000] {spark_submit.py:521} INFO - 25/07/26 05:05:26 INFO TaskSetManager: Finished task 1.0 in stage 6.0 (TID 7) in 331 ms on 172.18.0.6 (executor 0) (1/2)
[2025-07-26T05:05:26.640+0000] {spark_submit.py:521} INFO - 25/07/26 05:05:26 INFO TaskSetManager: Finished task 0.0 in stage 6.0 (TID 6) in 335 ms on 172.18.0.6 (executor 0) (2/2)
[2025-07-26T05:05:26.640+0000] {spark_submit.py:521} INFO - 25/07/26 05:05:26 INFO TaskSchedulerImpl: Removed TaskSet 6.0, whose tasks have all completed, from pool
[2025-07-26T05:05:26.644+0000] {spark_submit.py:521} INFO - 25/07/26 05:05:26 INFO DAGScheduler: ShuffleMapStage 6 (toPandas at /opt/airflow/scripts/elt_to_dwh/transform/process_ohlcs.py:94) finished in 0.361 s
[2025-07-26T05:05:26.645+0000] {spark_submit.py:521} INFO - 25/07/26 05:05:26 INFO DAGScheduler: looking for newly runnable stages
[2025-07-26T05:05:26.645+0000] {spark_submit.py:521} INFO - 25/07/26 05:05:26 INFO DAGScheduler: running: Set(ResultStage 7)
[2025-07-26T05:05:26.646+0000] {spark_submit.py:521} INFO - 25/07/26 05:05:26 INFO DAGScheduler: waiting: Set()
[2025-07-26T05:05:26.647+0000] {spark_submit.py:521} INFO - 25/07/26 05:05:26 INFO DAGScheduler: failed: Set()
[2025-07-26T05:05:26.652+0000] {spark_submit.py:521} INFO - 25/07/26 05:05:26 INFO BlockManagerInfo: Added broadcast_10_piece0 in memory on 172.18.0.6:43453 (size: 7.3 KiB, free: 433.5 MiB)
[2025-07-26T05:05:26.668+0000] {spark_submit.py:521} INFO - 25/07/26 05:05:26 INFO BlockManagerInfo: Added broadcast_8_piece0 in memory on 172.18.0.6:43453 (size: 36.2 KiB, free: 433.5 MiB)
[2025-07-26T05:05:27.898+0000] {spark_submit.py:521} INFO - 25/07/26 05:05:27 INFO BlockManagerInfo: Removed broadcast_9_piece0 on 3bc71adbf7e0:44803 in memory (size: 17.8 KiB, free: 433.5 MiB)
[2025-07-26T05:05:27.899+0000] {spark_submit.py:521} INFO - 25/07/26 05:05:27 INFO TaskSetManager: Finished task 0.0 in stage 7.0 (TID 8) in 1265 ms on 172.18.0.6 (executor 0) (1/1)
[2025-07-26T05:05:27.900+0000] {spark_submit.py:521} INFO - 25/07/26 05:05:27 INFO TaskSchedulerImpl: Removed TaskSet 7.0, whose tasks have all completed, from pool
[2025-07-26T05:05:27.901+0000] {spark_submit.py:521} INFO - 25/07/26 05:05:27 INFO DAGScheduler: ResultStage 7 (toPandas at /opt/airflow/scripts/elt_to_dwh/transform/process_ohlcs.py:94) finished in 1.575 s
[2025-07-26T05:05:27.902+0000] {spark_submit.py:521} INFO - 25/07/26 05:05:27 INFO DAGScheduler: Job 6 is finished. Cancelling potential speculative or zombie tasks for this job
[2025-07-26T05:05:27.902+0000] {spark_submit.py:521} INFO - 25/07/26 05:05:27 INFO TaskSchedulerImpl: Killing all running tasks in stage 7: Stage finished
[2025-07-26T05:05:27.903+0000] {spark_submit.py:521} INFO - 25/07/26 05:05:27 INFO DAGScheduler: Job 6 finished: toPandas at /opt/airflow/scripts/elt_to_dwh/transform/process_ohlcs.py:94, took 1.580910 s
[2025-07-26T05:05:27.905+0000] {spark_submit.py:521} INFO - 25/07/26 05:05:27 INFO BlockManagerInfo: Removed broadcast_9_piece0 on 172.18.0.6:43453 in memory (size: 17.8 KiB, free: 433.5 MiB)
[2025-07-26T05:05:27.954+0000] {spark_submit.py:521} INFO - 25/07/26 05:05:27 INFO MemoryStore: Block broadcast_11_piece0 stored as bytes in memory (estimated size 838.8 KiB, free 432.3 MiB)
[2025-07-26T05:05:27.956+0000] {spark_submit.py:521} INFO - 25/07/26 05:05:27 INFO BlockManagerInfo: Added broadcast_11_piece0 in memory on 3bc71adbf7e0:44803 (size: 838.8 KiB, free: 432.7 MiB)
[2025-07-26T05:05:27.957+0000] {spark_submit.py:521} INFO - 25/07/26 05:05:27 INFO SparkContext: Created broadcast 11 from toPandas at /opt/airflow/scripts/elt_to_dwh/transform/process_ohlcs.py:94
[2025-07-26T05:05:27.968+0000] {spark_submit.py:521} INFO - 25/07/26 05:05:27 INFO ShufflePartitionsUtil: For shuffle(1), advisory target size: 67108864, actual target size 1048576, minimum partition size: 1048576
[2025-07-26T05:05:27.980+0000] {spark_submit.py:521} INFO - 25/07/26 05:05:27 INFO HashAggregateExec: spark.sql.codegen.aggregate.map.twolevel.enabled is set to true, but current version of codegened fast hashmap does not support this aggregate.
[2025-07-26T05:05:28.025+0000] {spark_submit.py:521} INFO - 25/07/26 05:05:28 INFO CodeGenerator: Code generated in 30.293663 ms
[2025-07-26T05:05:28.040+0000] {spark_submit.py:521} INFO - 25/07/26 05:05:28 INFO SparkContext: Starting job: toPandas at /opt/airflow/scripts/elt_to_dwh/transform/process_ohlcs.py:94
[2025-07-26T05:05:28.042+0000] {spark_submit.py:521} INFO - 25/07/26 05:05:28 INFO DAGScheduler: Got job 7 (toPandas at /opt/airflow/scripts/elt_to_dwh/transform/process_ohlcs.py:94) with 1 output partitions
[2025-07-26T05:05:28.043+0000] {spark_submit.py:521} INFO - 25/07/26 05:05:28 INFO DAGScheduler: Final stage: ResultStage 9 (toPandas at /opt/airflow/scripts/elt_to_dwh/transform/process_ohlcs.py:94)
[2025-07-26T05:05:28.044+0000] {spark_submit.py:521} INFO - 25/07/26 05:05:28 INFO DAGScheduler: Parents of final stage: List(ShuffleMapStage 8)
[2025-07-26T05:05:28.045+0000] {spark_submit.py:521} INFO - 25/07/26 05:05:28 INFO DAGScheduler: Missing parents: List()
[2025-07-26T05:05:28.045+0000] {spark_submit.py:521} INFO - 25/07/26 05:05:28 INFO DAGScheduler: Submitting ResultStage 9 (MapPartitionsRDD[28] at toPandas at /opt/airflow/scripts/elt_to_dwh/transform/process_ohlcs.py:94), which has no missing parents
[2025-07-26T05:05:28.055+0000] {spark_submit.py:521} INFO - 25/07/26 05:05:28 INFO MemoryStore: Block broadcast_12 stored as values in memory (estimated size 56.5 KiB, free 432.2 MiB)
[2025-07-26T05:05:28.062+0000] {spark_submit.py:521} INFO - 25/07/26 05:05:28 INFO MemoryStore: Block broadcast_12_piece0 stored as bytes in memory (estimated size 25.5 KiB, free 432.2 MiB)
[2025-07-26T05:05:28.064+0000] {spark_submit.py:521} INFO - 25/07/26 05:05:28 INFO BlockManagerInfo: Added broadcast_12_piece0 in memory on 3bc71adbf7e0:44803 (size: 25.5 KiB, free: 432.7 MiB)
[2025-07-26T05:05:28.066+0000] {spark_submit.py:521} INFO - 25/07/26 05:05:28 INFO SparkContext: Created broadcast 12 from broadcast at DAGScheduler.scala:1611
[2025-07-26T05:05:28.067+0000] {spark_submit.py:521} INFO - 25/07/26 05:05:28 INFO DAGScheduler: Submitting 1 missing tasks from ResultStage 9 (MapPartitionsRDD[28] at toPandas at /opt/airflow/scripts/elt_to_dwh/transform/process_ohlcs.py:94) (first 15 tasks are for partitions Vector(0))
[2025-07-26T05:05:28.068+0000] {spark_submit.py:521} INFO - 25/07/26 05:05:28 INFO BlockManagerInfo: Removed broadcast_10_piece0 on 3bc71adbf7e0:44803 in memory (size: 7.3 KiB, free: 432.7 MiB)
[2025-07-26T05:05:28.069+0000] {spark_submit.py:521} INFO - 25/07/26 05:05:28 INFO TaskSchedulerImpl: Adding task set 9.0 with 1 tasks resource profile 0
[2025-07-26T05:05:28.069+0000] {spark_submit.py:521} INFO - 25/07/26 05:05:28 INFO BlockManagerInfo: Removed broadcast_10_piece0 on 172.18.0.6:43453 in memory (size: 7.3 KiB, free: 433.5 MiB)
[2025-07-26T05:05:28.073+0000] {spark_submit.py:521} INFO - 25/07/26 05:05:28 INFO TaskSetManager: Starting task 0.0 in stage 9.0 (TID 9) (172.18.0.6, executor 0, partition 0, NODE_LOCAL, 9003 bytes)
[2025-07-26T05:05:28.094+0000] {spark_submit.py:521} INFO - 25/07/26 05:05:28 INFO BlockManagerInfo: Added broadcast_12_piece0 in memory on 172.18.0.6:43453 (size: 25.5 KiB, free: 433.5 MiB)
[2025-07-26T05:05:28.108+0000] {spark_submit.py:521} INFO - 25/07/26 05:05:28 INFO MapOutputTrackerMasterEndpoint: Asked to send map output locations for shuffle 1 to 172.18.0.6:50066
[2025-07-26T05:05:28.171+0000] {spark_submit.py:521} INFO - 25/07/26 05:05:28 INFO BlockManagerInfo: Added broadcast_11_piece0 in memory on 172.18.0.6:43453 (size: 838.8 KiB, free: 432.7 MiB)
[2025-07-26T05:05:28.260+0000] {spark_submit.py:521} INFO - 25/07/26 05:05:28 INFO TaskSetManager: Finished task 0.0 in stage 9.0 (TID 9) in 189 ms on 172.18.0.6 (executor 0) (1/1)
[2025-07-26T05:05:28.261+0000] {spark_submit.py:521} INFO - 25/07/26 05:05:28 INFO TaskSchedulerImpl: Removed TaskSet 9.0, whose tasks have all completed, from pool
[2025-07-26T05:05:28.262+0000] {spark_submit.py:521} INFO - 25/07/26 05:05:28 INFO DAGScheduler: ResultStage 9 (toPandas at /opt/airflow/scripts/elt_to_dwh/transform/process_ohlcs.py:94) finished in 0.210 s
[2025-07-26T05:05:28.263+0000] {spark_submit.py:521} INFO - 25/07/26 05:05:28 INFO DAGScheduler: Job 7 is finished. Cancelling potential speculative or zombie tasks for this job
[2025-07-26T05:05:28.264+0000] {spark_submit.py:521} INFO - 25/07/26 05:05:28 INFO TaskSchedulerImpl: Killing all running tasks in stage 9: Stage finished
[2025-07-26T05:05:28.264+0000] {spark_submit.py:521} INFO - 25/07/26 05:05:28 INFO DAGScheduler: Job 7 finished: toPandas at /opt/airflow/scripts/elt_to_dwh/transform/process_ohlcs.py:94, took 0.222981 s
[2025-07-26T05:05:28.719+0000] {spark_submit.py:521} INFO - Data has been successfully inserted into fact_candles in DuckDB!
[2025-07-26T05:05:28.720+0000] {spark_submit.py:521} INFO - 25/07/26 05:05:28 INFO SparkContext: SparkContext is stopping with exitCode 0.
[2025-07-26T05:05:28.737+0000] {spark_submit.py:521} INFO - 25/07/26 05:05:28 INFO SparkUI: Stopped Spark web UI at http://3bc71adbf7e0:4040
[2025-07-26T05:05:28.743+0000] {spark_submit.py:521} INFO - 25/07/26 05:05:28 INFO StandaloneSchedulerBackend: Shutting down all executors
[2025-07-26T05:05:28.743+0000] {spark_submit.py:521} INFO - 25/07/26 05:05:28 INFO StandaloneSchedulerBackend$StandaloneDriverEndpoint: Asking each executor to shut down
[2025-07-26T05:05:28.775+0000] {spark_submit.py:521} INFO - 25/07/26 05:05:28 INFO MapOutputTrackerMasterEndpoint: MapOutputTrackerMasterEndpoint stopped!
[2025-07-26T05:05:28.812+0000] {spark_submit.py:521} INFO - 25/07/26 05:05:28 INFO MemoryStore: MemoryStore cleared
[2025-07-26T05:05:28.813+0000] {spark_submit.py:521} INFO - 25/07/26 05:05:28 INFO BlockManager: BlockManager stopped
[2025-07-26T05:05:28.819+0000] {spark_submit.py:521} INFO - 25/07/26 05:05:28 INFO BlockManagerMaster: BlockManagerMaster stopped
[2025-07-26T05:05:28.821+0000] {spark_submit.py:521} INFO - 25/07/26 05:05:28 INFO OutputCommitCoordinator$OutputCommitCoordinatorEndpoint: OutputCommitCoordinator stopped!
[2025-07-26T05:05:28.832+0000] {spark_submit.py:521} INFO - 25/07/26 05:05:28 INFO SparkContext: Successfully stopped SparkContext
[2025-07-26T05:05:29.266+0000] {spark_submit.py:521} INFO - Process completed successfully.
[2025-07-26T05:05:29.467+0000] {spark_submit.py:521} INFO - 25/07/26 05:05:29 INFO ShutdownHookManager: Shutdown hook called
[2025-07-26T05:05:29.468+0000] {spark_submit.py:521} INFO - 25/07/26 05:05:29 INFO ShutdownHookManager: Deleting directory /tmp/spark-731267e6-380e-4677-8861-0d0b8cfacc36
[2025-07-26T05:05:29.470+0000] {spark_submit.py:521} INFO - 25/07/26 05:05:29 INFO ShutdownHookManager: Deleting directory /tmp/spark-731267e6-380e-4677-8861-0d0b8cfacc36/pyspark-bf827e9a-b645-4f50-922e-c2a83a679240
[2025-07-26T05:05:29.473+0000] {spark_submit.py:521} INFO - 25/07/26 05:05:29 INFO ShutdownHookManager: Deleting directory /tmp/spark-cefbb4bf-d6bf-4b54-a5a9-b85cdc4b0d8c
[2025-07-26T05:05:29.477+0000] {spark_submit.py:521} INFO - 25/07/26 05:05:29 INFO MetricsSystemImpl: Stopping s3a-file-system metrics system...
[2025-07-26T05:05:29.478+0000] {spark_submit.py:521} INFO - 25/07/26 05:05:29 INFO MetricsSystemImpl: s3a-file-system metrics system stopped.
[2025-07-26T05:05:29.478+0000] {spark_submit.py:521} INFO - 25/07/26 05:05:29 INFO MetricsSystemImpl: s3a-file-system metrics system shutdown complete.
[2025-07-26T05:05:29.518+0000] {taskinstance.py:341} INFO - ::group::Post task execution logs
[2025-07-26T05:05:29.519+0000] {taskinstance.py:353} INFO - Marking task as SUCCESS. dag_id=elt_to_dwh, task_id=transform_task.process_ohlcs, run_id=scheduled__2025-07-15T00:00:00+00:00, execution_date=20250715T000000, start_date=20250726T050505, end_date=20250726T050529
[2025-07-26T05:05:29.569+0000] {local_task_job_runner.py:266} INFO - Task exited with return code 0
[2025-07-26T05:05:29.579+0000] {taskinstance.py:3901} INFO - 1 downstream tasks scheduled from follow-on schedule check
[2025-07-26T05:05:29.585+0000] {local_task_job_runner.py:245} INFO - ::endgroup::
