[2025-07-25T11:11:38.314+0000] {local_task_job_runner.py:123} INFO - ::group::Pre task execution logs
[2025-07-25T11:11:38.323+0000] {taskinstance.py:2614} INFO - Dependencies all met for dep_context=non-requeueable deps ti=<TaskInstance: elt_to_dwh.create_dwh scheduled__2025-07-13T00:00:00+00:00 [queued]>
[2025-07-25T11:11:38.329+0000] {taskinstance.py:2614} INFO - Dependencies all met for dep_context=requeueable deps ti=<TaskInstance: elt_to_dwh.create_dwh scheduled__2025-07-13T00:00:00+00:00 [queued]>
[2025-07-25T11:11:38.329+0000] {taskinstance.py:2867} INFO - Starting attempt 1 of 1
[2025-07-25T11:11:38.344+0000] {taskinstance.py:2890} INFO - Executing <Task(PythonOperator): create_dwh> on 2025-07-13 00:00:00+00:00
[2025-07-25T11:11:38.350+0000] {standard_task_runner.py:104} INFO - Running: ['airflow', 'tasks', 'run', 'elt_to_dwh', 'create_dwh', 'scheduled__2025-07-13T00:00:00+00:00', '--job-id', '80', '--raw', '--subdir', 'DAGS_FOLDER/elt_to_dwh.py', '--cfg-path', '/tmp/tmp_fndjikw']
[2025-07-25T11:11:38.352+0000] {standard_task_runner.py:105} INFO - Job 80: Subtask create_dwh
[2025-07-25T11:11:38.354+0000] {logging_mixin.py:190} WARNING - /home/airflow/.local/lib/python3.12/site-packages/airflow/task/task_runner/standard_task_runner.py:70 DeprecationWarning: This process (pid=2846) is multi-threaded, use of fork() may lead to deadlocks in the child.
[2025-07-25T11:11:38.354+0000] {standard_task_runner.py:72} INFO - Started process 2856 to run task
[2025-07-25T11:11:38.387+0000] {task_command.py:467} INFO - Running <TaskInstance: elt_to_dwh.create_dwh scheduled__2025-07-13T00:00:00+00:00 [running]> on host 74cfddf97016
[2025-07-25T11:11:38.449+0000] {taskinstance.py:3134} INFO - Exporting env vars: AIRFLOW_CTX_DAG_OWNER='airflow' AIRFLOW_CTX_DAG_ID='elt_to_dwh' AIRFLOW_CTX_TASK_ID='create_dwh' AIRFLOW_CTX_EXECUTION_DATE='2025-07-13T00:00:00+00:00' AIRFLOW_CTX_TRY_NUMBER='1' AIRFLOW_CTX_DAG_RUN_ID='scheduled__2025-07-13T00:00:00+00:00'
[2025-07-25T11:11:38.450+0000] {taskinstance.py:732} INFO - ::endgroup::
[2025-07-25T11:11:38.504+0000] {logging_mixin.py:190} INFO - Executed DDL script successfully!
[2025-07-25T11:11:38.517+0000] {python.py:240} INFO - Done. Returned value was: None
[2025-07-25T11:11:38.521+0000] {taskinstance.py:341} INFO - ::group::Post task execution logs
[2025-07-25T11:11:38.522+0000] {taskinstance.py:353} INFO - Marking task as SUCCESS. dag_id=elt_to_dwh, task_id=create_dwh, run_id=scheduled__2025-07-13T00:00:00+00:00, execution_date=20250713T000000, start_date=20250725T111138, end_date=20250725T111138
[2025-07-25T11:11:38.569+0000] {local_task_job_runner.py:266} INFO - Task exited with return code 0
[2025-07-25T11:11:38.590+0000] {taskinstance.py:3901} INFO - 3 downstream tasks scheduled from follow-on schedule check
[2025-07-25T11:11:38.596+0000] {local_task_job_runner.py:245} INFO - ::endgroup::
[2025-07-25T11:51:01.871+0000] {local_task_job_runner.py:123} INFO - ::group::Pre task execution logs
[2025-07-25T11:51:01.882+0000] {taskinstance.py:2614} INFO - Dependencies all met for dep_context=non-requeueable deps ti=<TaskInstance: elt_to_dwh.create_dwh scheduled__2025-07-13T00:00:00+00:00 [queued]>
[2025-07-25T11:51:01.888+0000] {taskinstance.py:2614} INFO - Dependencies all met for dep_context=requeueable deps ti=<TaskInstance: elt_to_dwh.create_dwh scheduled__2025-07-13T00:00:00+00:00 [queued]>
[2025-07-25T11:51:01.888+0000] {taskinstance.py:2867} INFO - Starting attempt 1 of 1
[2025-07-25T11:51:01.904+0000] {taskinstance.py:2890} INFO - Executing <Task(PythonOperator): create_dwh> on 2025-07-13 00:00:00+00:00
[2025-07-25T11:51:01.912+0000] {standard_task_runner.py:104} INFO - Running: ['airflow', 'tasks', 'run', 'elt_to_dwh', 'create_dwh', 'scheduled__2025-07-13T00:00:00+00:00', '--job-id', '150', '--raw', '--subdir', 'DAGS_FOLDER/elt_to_dwh.py', '--cfg-path', '/tmp/tmpa_qmy8f9']
[2025-07-25T11:51:01.914+0000] {standard_task_runner.py:105} INFO - Job 150: Subtask create_dwh
[2025-07-25T11:51:01.917+0000] {logging_mixin.py:190} WARNING - /home/airflow/.local/lib/python3.12/site-packages/airflow/task/task_runner/standard_task_runner.py:70 DeprecationWarning: This process (pid=4592) is multi-threaded, use of fork() may lead to deadlocks in the child.
[2025-07-25T11:51:01.918+0000] {standard_task_runner.py:72} INFO - Started process 4602 to run task
[2025-07-25T11:51:01.956+0000] {task_command.py:467} INFO - Running <TaskInstance: elt_to_dwh.create_dwh scheduled__2025-07-13T00:00:00+00:00 [running]> on host 74cfddf97016
[2025-07-25T11:51:02.020+0000] {taskinstance.py:3134} INFO - Exporting env vars: AIRFLOW_CTX_DAG_OWNER='airflow' AIRFLOW_CTX_DAG_ID='elt_to_dwh' AIRFLOW_CTX_TASK_ID='create_dwh' AIRFLOW_CTX_EXECUTION_DATE='2025-07-13T00:00:00+00:00' AIRFLOW_CTX_TRY_NUMBER='1' AIRFLOW_CTX_DAG_RUN_ID='scheduled__2025-07-13T00:00:00+00:00'
[2025-07-25T11:51:02.021+0000] {taskinstance.py:732} INFO - ::endgroup::
[2025-07-25T11:51:02.080+0000] {logging_mixin.py:190} INFO - Executed DDL script successfully!
[2025-07-25T11:51:02.099+0000] {python.py:240} INFO - Done. Returned value was: None
[2025-07-25T11:51:02.104+0000] {taskinstance.py:341} INFO - ::group::Post task execution logs
[2025-07-25T11:51:02.105+0000] {taskinstance.py:353} INFO - Marking task as SUCCESS. dag_id=elt_to_dwh, task_id=create_dwh, run_id=scheduled__2025-07-13T00:00:00+00:00, execution_date=20250713T000000, start_date=20250725T115101, end_date=20250725T115102
[2025-07-25T11:51:02.133+0000] {local_task_job_runner.py:266} INFO - Task exited with return code 0
[2025-07-25T11:51:02.155+0000] {taskinstance.py:3901} INFO - 3 downstream tasks scheduled from follow-on schedule check
[2025-07-25T11:51:02.161+0000] {local_task_job_runner.py:245} INFO - ::endgroup::
[2025-07-26T04:57:13.695+0000] {local_task_job_runner.py:123} INFO - ::group::Pre task execution logs
[2025-07-26T04:57:13.707+0000] {taskinstance.py:2614} INFO - Dependencies all met for dep_context=non-requeueable deps ti=<TaskInstance: elt_to_dwh.create_dwh scheduled__2025-07-13T00:00:00+00:00 [queued]>
[2025-07-26T04:57:13.715+0000] {taskinstance.py:2614} INFO - Dependencies all met for dep_context=requeueable deps ti=<TaskInstance: elt_to_dwh.create_dwh scheduled__2025-07-13T00:00:00+00:00 [queued]>
[2025-07-26T04:57:13.715+0000] {taskinstance.py:2867} INFO - Starting attempt 1 of 1
[2025-07-26T04:57:13.730+0000] {taskinstance.py:2890} INFO - Executing <Task(PythonOperator): create_dwh> on 2025-07-13 00:00:00+00:00
[2025-07-26T04:57:13.737+0000] {standard_task_runner.py:104} INFO - Running: ['airflow', 'tasks', 'run', 'elt_to_dwh', 'create_dwh', 'scheduled__2025-07-13T00:00:00+00:00', '--job-id', '27', '--raw', '--subdir', 'DAGS_FOLDER/elt_to_dwh.py', '--cfg-path', '/tmp/tmp4e5ercny']
[2025-07-26T04:57:13.739+0000] {standard_task_runner.py:105} INFO - Job 27: Subtask create_dwh
[2025-07-26T04:57:13.741+0000] {logging_mixin.py:190} WARNING - /home/airflow/.local/lib/python3.12/site-packages/airflow/task/task_runner/standard_task_runner.py:70 DeprecationWarning: This process (pid=698) is multi-threaded, use of fork() may lead to deadlocks in the child.
[2025-07-26T04:57:13.742+0000] {standard_task_runner.py:72} INFO - Started process 708 to run task
[2025-07-26T04:57:13.773+0000] {task_command.py:467} INFO - Running <TaskInstance: elt_to_dwh.create_dwh scheduled__2025-07-13T00:00:00+00:00 [running]> on host 3bc71adbf7e0
[2025-07-26T04:57:13.832+0000] {taskinstance.py:3134} INFO - Exporting env vars: AIRFLOW_CTX_DAG_OWNER='airflow' AIRFLOW_CTX_DAG_ID='elt_to_dwh' AIRFLOW_CTX_TASK_ID='create_dwh' AIRFLOW_CTX_EXECUTION_DATE='2025-07-13T00:00:00+00:00' AIRFLOW_CTX_TRY_NUMBER='1' AIRFLOW_CTX_DAG_RUN_ID='scheduled__2025-07-13T00:00:00+00:00'
[2025-07-26T04:57:13.833+0000] {taskinstance.py:732} INFO - ::endgroup::
[2025-07-26T04:57:13.888+0000] {logging_mixin.py:190} INFO - Executed DDL script successfully!
[2025-07-26T04:57:13.900+0000] {python.py:240} INFO - Done. Returned value was: None
[2025-07-26T04:57:13.905+0000] {taskinstance.py:341} INFO - ::group::Post task execution logs
[2025-07-26T04:57:13.906+0000] {taskinstance.py:353} INFO - Marking task as SUCCESS. dag_id=elt_to_dwh, task_id=create_dwh, run_id=scheduled__2025-07-13T00:00:00+00:00, execution_date=20250713T000000, start_date=20250726T045713, end_date=20250726T045713
[2025-07-26T04:57:13.957+0000] {local_task_job_runner.py:266} INFO - Task exited with return code 0
[2025-07-26T04:57:13.979+0000] {taskinstance.py:3901} INFO - 3 downstream tasks scheduled from follow-on schedule check
[2025-07-26T04:57:13.985+0000] {local_task_job_runner.py:245} INFO - ::endgroup::
