[2025-07-25T11:17:35.801+0000] {local_task_job_runner.py:123} INFO - ::group::Pre task execution logs
[2025-07-25T11:17:35.810+0000] {taskinstance.py:2614} INFO - Dependencies all met for dep_context=non-requeueable deps ti=<TaskInstance: elt_to_dwh.create_dwh scheduled__2025-07-20T00:00:00+00:00 [queued]>
[2025-07-25T11:17:35.815+0000] {taskinstance.py:2614} INFO - Dependencies all met for dep_context=requeueable deps ti=<TaskInstance: elt_to_dwh.create_dwh scheduled__2025-07-20T00:00:00+00:00 [queued]>
[2025-07-25T11:17:35.816+0000] {taskinstance.py:2867} INFO - Starting attempt 1 of 1
[2025-07-25T11:17:35.831+0000] {taskinstance.py:2890} INFO - Executing <Task(PythonOperator): create_dwh> on 2025-07-20 00:00:00+00:00
[2025-07-25T11:17:35.838+0000] {standard_task_runner.py:104} INFO - Running: ['airflow', 'tasks', 'run', 'elt_to_dwh', 'create_dwh', 'scheduled__2025-07-20T00:00:00+00:00', '--job-id', '134', '--raw', '--subdir', 'DAGS_FOLDER/elt_to_dwh.py', '--cfg-path', '/tmp/tmpqm1zjbuq']
[2025-07-25T11:17:35.841+0000] {standard_task_runner.py:105} INFO - Job 134: Subtask create_dwh
[2025-07-25T11:17:35.842+0000] {logging_mixin.py:190} WARNING - /home/airflow/.local/lib/python3.12/site-packages/airflow/task/task_runner/standard_task_runner.py:70 DeprecationWarning: This process (pid=4081) is multi-threaded, use of fork() may lead to deadlocks in the child.
[2025-07-25T11:17:35.843+0000] {standard_task_runner.py:72} INFO - Started process 4091 to run task
[2025-07-25T11:17:35.875+0000] {task_command.py:467} INFO - Running <TaskInstance: elt_to_dwh.create_dwh scheduled__2025-07-20T00:00:00+00:00 [running]> on host 74cfddf97016
[2025-07-25T11:17:35.939+0000] {taskinstance.py:3134} INFO - Exporting env vars: AIRFLOW_CTX_DAG_OWNER='airflow' AIRFLOW_CTX_DAG_ID='elt_to_dwh' AIRFLOW_CTX_TASK_ID='create_dwh' AIRFLOW_CTX_EXECUTION_DATE='2025-07-20T00:00:00+00:00' AIRFLOW_CTX_TRY_NUMBER='1' AIRFLOW_CTX_DAG_RUN_ID='scheduled__2025-07-20T00:00:00+00:00'
[2025-07-25T11:17:35.940+0000] {taskinstance.py:732} INFO - ::endgroup::
[2025-07-25T11:17:35.999+0000] {logging_mixin.py:190} INFO - Executed DDL script successfully!
[2025-07-25T11:17:36.015+0000] {python.py:240} INFO - Done. Returned value was: None
[2025-07-25T11:17:36.023+0000] {taskinstance.py:341} INFO - ::group::Post task execution logs
[2025-07-25T11:17:36.023+0000] {taskinstance.py:353} INFO - Marking task as SUCCESS. dag_id=elt_to_dwh, task_id=create_dwh, run_id=scheduled__2025-07-20T00:00:00+00:00, execution_date=20250720T000000, start_date=20250725T111735, end_date=20250725T111736
[2025-07-25T11:17:36.058+0000] {local_task_job_runner.py:266} INFO - Task exited with return code 0
[2025-07-25T11:17:36.084+0000] {taskinstance.py:3901} INFO - 3 downstream tasks scheduled from follow-on schedule check
[2025-07-25T11:17:36.089+0000] {local_task_job_runner.py:245} INFO - ::endgroup::
[2025-07-25T11:55:46.957+0000] {local_task_job_runner.py:123} INFO - ::group::Pre task execution logs
[2025-07-25T11:55:46.975+0000] {taskinstance.py:2614} INFO - Dependencies all met for dep_context=non-requeueable deps ti=<TaskInstance: elt_to_dwh.create_dwh scheduled__2025-07-20T00:00:00+00:00 [queued]>
[2025-07-25T11:55:46.984+0000] {taskinstance.py:2614} INFO - Dependencies all met for dep_context=requeueable deps ti=<TaskInstance: elt_to_dwh.create_dwh scheduled__2025-07-20T00:00:00+00:00 [queued]>
[2025-07-25T11:55:46.985+0000] {taskinstance.py:2867} INFO - Starting attempt 1 of 1
[2025-07-25T11:55:47.005+0000] {taskinstance.py:2890} INFO - Executing <Task(PythonOperator): create_dwh> on 2025-07-20 00:00:00+00:00
[2025-07-25T11:55:47.013+0000] {standard_task_runner.py:104} INFO - Running: ['airflow', 'tasks', 'run', 'elt_to_dwh', 'create_dwh', 'scheduled__2025-07-20T00:00:00+00:00', '--job-id', '186', '--raw', '--subdir', 'DAGS_FOLDER/elt_to_dwh.py', '--cfg-path', '/tmp/tmphzgmox1v']
[2025-07-25T11:55:47.016+0000] {standard_task_runner.py:105} INFO - Job 186: Subtask create_dwh
[2025-07-25T11:55:47.018+0000] {logging_mixin.py:190} WARNING - /home/airflow/.local/lib/python3.12/site-packages/airflow/task/task_runner/standard_task_runner.py:70 DeprecationWarning: This process (pid=5205) is multi-threaded, use of fork() may lead to deadlocks in the child.
[2025-07-25T11:55:47.019+0000] {standard_task_runner.py:72} INFO - Started process 5215 to run task
[2025-07-25T11:55:47.059+0000] {task_command.py:467} INFO - Running <TaskInstance: elt_to_dwh.create_dwh scheduled__2025-07-20T00:00:00+00:00 [running]> on host 74cfddf97016
[2025-07-25T11:55:47.140+0000] {taskinstance.py:3134} INFO - Exporting env vars: AIRFLOW_CTX_DAG_OWNER='airflow' AIRFLOW_CTX_DAG_ID='elt_to_dwh' AIRFLOW_CTX_TASK_ID='create_dwh' AIRFLOW_CTX_EXECUTION_DATE='2025-07-20T00:00:00+00:00' AIRFLOW_CTX_TRY_NUMBER='1' AIRFLOW_CTX_DAG_RUN_ID='scheduled__2025-07-20T00:00:00+00:00'
[2025-07-25T11:55:47.142+0000] {taskinstance.py:732} INFO - ::endgroup::
[2025-07-25T11:55:47.232+0000] {logging_mixin.py:190} INFO - Executed DDL script successfully!
[2025-07-25T11:55:47.251+0000] {python.py:240} INFO - Done. Returned value was: None
[2025-07-25T11:55:47.258+0000] {taskinstance.py:341} INFO - ::group::Post task execution logs
[2025-07-25T11:55:47.260+0000] {taskinstance.py:353} INFO - Marking task as SUCCESS. dag_id=elt_to_dwh, task_id=create_dwh, run_id=scheduled__2025-07-20T00:00:00+00:00, execution_date=20250720T000000, start_date=20250725T115546, end_date=20250725T115547
[2025-07-25T11:55:47.316+0000] {local_task_job_runner.py:266} INFO - Task exited with return code 0
[2025-07-25T11:55:47.345+0000] {taskinstance.py:3901} INFO - 3 downstream tasks scheduled from follow-on schedule check
[2025-07-25T11:55:47.351+0000] {local_task_job_runner.py:245} INFO - ::endgroup::
[2025-07-26T05:09:21.600+0000] {local_task_job_runner.py:123} INFO - ::group::Pre task execution logs
[2025-07-26T05:09:21.609+0000] {taskinstance.py:2614} INFO - Dependencies all met for dep_context=non-requeueable deps ti=<TaskInstance: elt_to_dwh.create_dwh scheduled__2025-07-20T00:00:00+00:00 [queued]>
[2025-07-26T05:09:21.615+0000] {taskinstance.py:2614} INFO - Dependencies all met for dep_context=requeueable deps ti=<TaskInstance: elt_to_dwh.create_dwh scheduled__2025-07-20T00:00:00+00:00 [queued]>
[2025-07-26T05:09:21.615+0000] {taskinstance.py:2867} INFO - Starting attempt 1 of 1
[2025-07-26T05:09:21.628+0000] {taskinstance.py:2890} INFO - Executing <Task(PythonOperator): create_dwh> on 2025-07-20 00:00:00+00:00
[2025-07-26T05:09:21.635+0000] {standard_task_runner.py:104} INFO - Running: ['airflow', 'tasks', 'run', 'elt_to_dwh', 'create_dwh', 'scheduled__2025-07-20T00:00:00+00:00', '--job-id', '95', '--raw', '--subdir', 'DAGS_FOLDER/elt_to_dwh.py', '--cfg-path', '/tmp/tmp78xkt6o3']
[2025-07-26T05:09:21.636+0000] {standard_task_runner.py:105} INFO - Job 95: Subtask create_dwh
[2025-07-26T05:09:21.639+0000] {logging_mixin.py:190} WARNING - /home/airflow/.local/lib/python3.12/site-packages/airflow/task/task_runner/standard_task_runner.py:70 DeprecationWarning: This process (pid=5839) is multi-threaded, use of fork() may lead to deadlocks in the child.
[2025-07-26T05:09:21.639+0000] {standard_task_runner.py:72} INFO - Started process 5849 to run task
[2025-07-26T05:09:21.665+0000] {task_command.py:467} INFO - Running <TaskInstance: elt_to_dwh.create_dwh scheduled__2025-07-20T00:00:00+00:00 [running]> on host 3bc71adbf7e0
[2025-07-26T05:09:21.730+0000] {taskinstance.py:3134} INFO - Exporting env vars: AIRFLOW_CTX_DAG_OWNER='airflow' AIRFLOW_CTX_DAG_ID='elt_to_dwh' AIRFLOW_CTX_TASK_ID='create_dwh' AIRFLOW_CTX_EXECUTION_DATE='2025-07-20T00:00:00+00:00' AIRFLOW_CTX_TRY_NUMBER='1' AIRFLOW_CTX_DAG_RUN_ID='scheduled__2025-07-20T00:00:00+00:00'
[2025-07-26T05:09:21.731+0000] {taskinstance.py:732} INFO - ::endgroup::
[2025-07-26T05:09:21.782+0000] {logging_mixin.py:190} INFO - Executed DDL script successfully!
[2025-07-26T05:09:21.801+0000] {python.py:240} INFO - Done. Returned value was: None
[2025-07-26T05:09:21.805+0000] {taskinstance.py:341} INFO - ::group::Post task execution logs
[2025-07-26T05:09:21.806+0000] {taskinstance.py:353} INFO - Marking task as SUCCESS. dag_id=elt_to_dwh, task_id=create_dwh, run_id=scheduled__2025-07-20T00:00:00+00:00, execution_date=20250720T000000, start_date=20250726T050921, end_date=20250726T050921
[2025-07-26T05:09:21.854+0000] {local_task_job_runner.py:266} INFO - Task exited with return code 0
[2025-07-26T05:09:21.873+0000] {taskinstance.py:3901} INFO - 3 downstream tasks scheduled from follow-on schedule check
[2025-07-26T05:09:21.878+0000] {local_task_job_runner.py:245} INFO - ::endgroup::
