[2025-07-25T11:14:07.267+0000] {local_task_job_runner.py:123} INFO - ::group::Pre task execution logs
[2025-07-25T11:14:07.281+0000] {taskinstance.py:2614} INFO - Dependencies all met for dep_context=non-requeueable deps ti=<TaskInstance: elt_to_dwh.extract_task.load_db_to_parquet scheduled__2025-07-15T00:00:00+00:00 [queued]>
[2025-07-25T11:14:07.292+0000] {taskinstance.py:2614} INFO - Dependencies all met for dep_context=requeueable deps ti=<TaskInstance: elt_to_dwh.extract_task.load_db_to_parquet scheduled__2025-07-15T00:00:00+00:00 [queued]>
[2025-07-25T11:14:07.293+0000] {taskinstance.py:2867} INFO - Starting attempt 1 of 1
[2025-07-25T11:14:07.307+0000] {taskinstance.py:2890} INFO - Executing <Task(PythonOperator): extract_task.load_db_to_parquet> on 2025-07-15 00:00:00+00:00
[2025-07-25T11:14:07.317+0000] {standard_task_runner.py:104} INFO - Running: ['airflow', 'tasks', 'run', 'elt_to_dwh', 'extract_task.load_db_to_parquet', 'scheduled__2025-07-15T00:00:00+00:00', '--job-id', '103', '--raw', '--subdir', 'DAGS_FOLDER/elt_to_dwh.py', '--cfg-path', '/tmp/tmpsf4oyhl4']
[2025-07-25T11:14:07.319+0000] {standard_task_runner.py:105} INFO - Job 103: Subtask extract_task.load_db_to_parquet
[2025-07-25T11:14:07.322+0000] {logging_mixin.py:190} WARNING - /home/airflow/.local/lib/python3.12/site-packages/airflow/task/task_runner/standard_task_runner.py:70 DeprecationWarning: This process (pid=3234) is multi-threaded, use of fork() may lead to deadlocks in the child.
[2025-07-25T11:14:07.323+0000] {standard_task_runner.py:72} INFO - Started process 3244 to run task
[2025-07-25T11:14:07.361+0000] {task_command.py:467} INFO - Running <TaskInstance: elt_to_dwh.extract_task.load_db_to_parquet scheduled__2025-07-15T00:00:00+00:00 [running]> on host 74cfddf97016
[2025-07-25T11:14:07.433+0000] {taskinstance.py:3134} INFO - Exporting env vars: AIRFLOW_CTX_DAG_OWNER='airflow' AIRFLOW_CTX_DAG_ID='elt_to_dwh' AIRFLOW_CTX_TASK_ID='extract_task.load_db_to_parquet' AIRFLOW_CTX_EXECUTION_DATE='2025-07-15T00:00:00+00:00' AIRFLOW_CTX_TRY_NUMBER='1' AIRFLOW_CTX_DAG_RUN_ID='scheduled__2025-07-15T00:00:00+00:00'
[2025-07-25T11:14:07.434+0000] {taskinstance.py:732} INFO - ::endgroup::
[2025-07-25T11:14:08.326+0000] {logging_mixin.py:190} INFO - [Company extract] retrieved 23670 rows from the database
[2025-07-25T11:14:08.357+0000] {logging_mixin.py:190} INFO - Saved data from database to parquet successfully at /opt/airflow/data/parquet/companies/crawl_companies-20250715.parquet
[2025-07-25T11:14:08.358+0000] {python.py:240} INFO - Done. Returned value was: None
[2025-07-25T11:14:08.362+0000] {taskinstance.py:341} INFO - ::group::Post task execution logs
[2025-07-25T11:14:08.363+0000] {taskinstance.py:353} INFO - Marking task as SUCCESS. dag_id=elt_to_dwh, task_id=extract_task.load_db_to_parquet, run_id=scheduled__2025-07-15T00:00:00+00:00, execution_date=20250715T000000, start_date=20250725T111407, end_date=20250725T111408
[2025-07-25T11:14:08.421+0000] {local_task_job_runner.py:266} INFO - Task exited with return code 0
[2025-07-25T11:14:08.434+0000] {taskinstance.py:3901} INFO - 0 downstream tasks scheduled from follow-on schedule check
[2025-07-25T11:14:08.435+0000] {local_task_job_runner.py:245} INFO - ::endgroup::
[2025-07-25T11:53:11.013+0000] {local_task_job_runner.py:123} INFO - ::group::Pre task execution logs
[2025-07-25T11:53:11.029+0000] {taskinstance.py:2614} INFO - Dependencies all met for dep_context=non-requeueable deps ti=<TaskInstance: elt_to_dwh.extract_task.load_db_to_parquet scheduled__2025-07-15T00:00:00+00:00 [queued]>
[2025-07-25T11:53:11.039+0000] {taskinstance.py:2614} INFO - Dependencies all met for dep_context=requeueable deps ti=<TaskInstance: elt_to_dwh.extract_task.load_db_to_parquet scheduled__2025-07-15T00:00:00+00:00 [queued]>
[2025-07-25T11:53:11.040+0000] {taskinstance.py:2867} INFO - Starting attempt 1 of 1
[2025-07-25T11:53:11.058+0000] {taskinstance.py:2890} INFO - Executing <Task(PythonOperator): extract_task.load_db_to_parquet> on 2025-07-15 00:00:00+00:00
[2025-07-25T11:53:11.066+0000] {standard_task_runner.py:104} INFO - Running: ['airflow', 'tasks', 'run', 'elt_to_dwh', 'extract_task.load_db_to_parquet', 'scheduled__2025-07-15T00:00:00+00:00', '--job-id', '168', '--raw', '--subdir', 'DAGS_FOLDER/elt_to_dwh.py', '--cfg-path', '/tmp/tmpkc_5s99p']
[2025-07-25T11:53:11.069+0000] {standard_task_runner.py:105} INFO - Job 168: Subtask extract_task.load_db_to_parquet
[2025-07-25T11:53:11.072+0000] {logging_mixin.py:190} WARNING - /home/airflow/.local/lib/python3.12/site-packages/airflow/task/task_runner/standard_task_runner.py:70 DeprecationWarning: This process (pid=4879) is multi-threaded, use of fork() may lead to deadlocks in the child.
[2025-07-25T11:53:11.072+0000] {standard_task_runner.py:72} INFO - Started process 4889 to run task
[2025-07-25T11:53:11.134+0000] {task_command.py:467} INFO - Running <TaskInstance: elt_to_dwh.extract_task.load_db_to_parquet scheduled__2025-07-15T00:00:00+00:00 [running]> on host 74cfddf97016
[2025-07-25T11:53:11.248+0000] {taskinstance.py:3134} INFO - Exporting env vars: AIRFLOW_CTX_DAG_OWNER='airflow' AIRFLOW_CTX_DAG_ID='elt_to_dwh' AIRFLOW_CTX_TASK_ID='extract_task.load_db_to_parquet' AIRFLOW_CTX_EXECUTION_DATE='2025-07-15T00:00:00+00:00' AIRFLOW_CTX_TRY_NUMBER='1' AIRFLOW_CTX_DAG_RUN_ID='scheduled__2025-07-15T00:00:00+00:00'
[2025-07-25T11:53:11.250+0000] {taskinstance.py:732} INFO - ::endgroup::
[2025-07-25T11:53:13.440+0000] {logging_mixin.py:190} INFO - [Company extract] retrieved 23670 rows from the database
[2025-07-25T11:53:13.512+0000] {logging_mixin.py:190} INFO - Saved data from database to parquet successfully at /opt/airflow/data/parquet/companies/crawl_companies-20250715.parquet
[2025-07-25T11:53:13.514+0000] {python.py:240} INFO - Done. Returned value was: None
[2025-07-25T11:53:13.524+0000] {taskinstance.py:341} INFO - ::group::Post task execution logs
[2025-07-25T11:53:13.527+0000] {taskinstance.py:353} INFO - Marking task as SUCCESS. dag_id=elt_to_dwh, task_id=extract_task.load_db_to_parquet, run_id=scheduled__2025-07-15T00:00:00+00:00, execution_date=20250715T000000, start_date=20250725T115311, end_date=20250725T115313
[2025-07-25T11:53:13.591+0000] {local_task_job_runner.py:266} INFO - Task exited with return code 0
[2025-07-25T11:53:13.615+0000] {taskinstance.py:3901} INFO - 0 downstream tasks scheduled from follow-on schedule check
[2025-07-25T11:53:13.627+0000] {local_task_job_runner.py:245} INFO - ::endgroup::
[2025-07-26T05:00:33.944+0000] {local_task_job_runner.py:123} INFO - ::group::Pre task execution logs
[2025-07-26T05:00:33.957+0000] {taskinstance.py:2614} INFO - Dependencies all met for dep_context=non-requeueable deps ti=<TaskInstance: elt_to_dwh.extract_task.load_db_to_parquet scheduled__2025-07-15T00:00:00+00:00 [queued]>
[2025-07-26T05:00:33.964+0000] {taskinstance.py:2614} INFO - Dependencies all met for dep_context=requeueable deps ti=<TaskInstance: elt_to_dwh.extract_task.load_db_to_parquet scheduled__2025-07-15T00:00:00+00:00 [queued]>
[2025-07-26T05:00:33.965+0000] {taskinstance.py:2867} INFO - Starting attempt 1 of 1
[2025-07-26T05:00:33.977+0000] {taskinstance.py:2890} INFO - Executing <Task(PythonOperator): extract_task.load_db_to_parquet> on 2025-07-15 00:00:00+00:00
[2025-07-26T05:00:33.984+0000] {standard_task_runner.py:104} INFO - Running: ['airflow', 'tasks', 'run', 'elt_to_dwh', 'extract_task.load_db_to_parquet', 'scheduled__2025-07-15T00:00:00+00:00', '--job-id', '55', '--raw', '--subdir', 'DAGS_FOLDER/elt_to_dwh.py', '--cfg-path', '/tmp/tmphwpqihlk']
[2025-07-26T05:00:33.986+0000] {standard_task_runner.py:105} INFO - Job 55: Subtask extract_task.load_db_to_parquet
[2025-07-26T05:00:33.988+0000] {logging_mixin.py:190} WARNING - /home/airflow/.local/lib/python3.12/site-packages/airflow/task/task_runner/standard_task_runner.py:70 DeprecationWarning: This process (pid=1621) is multi-threaded, use of fork() may lead to deadlocks in the child.
[2025-07-26T05:00:33.988+0000] {standard_task_runner.py:72} INFO - Started process 1631 to run task
[2025-07-26T05:00:34.018+0000] {task_command.py:467} INFO - Running <TaskInstance: elt_to_dwh.extract_task.load_db_to_parquet scheduled__2025-07-15T00:00:00+00:00 [running]> on host 3bc71adbf7e0
[2025-07-26T05:00:34.073+0000] {taskinstance.py:3134} INFO - Exporting env vars: AIRFLOW_CTX_DAG_OWNER='airflow' AIRFLOW_CTX_DAG_ID='elt_to_dwh' AIRFLOW_CTX_TASK_ID='extract_task.load_db_to_parquet' AIRFLOW_CTX_EXECUTION_DATE='2025-07-15T00:00:00+00:00' AIRFLOW_CTX_TRY_NUMBER='1' AIRFLOW_CTX_DAG_RUN_ID='scheduled__2025-07-15T00:00:00+00:00'
[2025-07-26T05:00:34.075+0000] {taskinstance.py:732} INFO - ::endgroup::
[2025-07-26T05:00:34.908+0000] {logging_mixin.py:190} INFO - [Company extract] retrieved 23670 rows from the database
[2025-07-26T05:00:34.946+0000] {logging_mixin.py:190} INFO - Saved data from database to parquet successfully at /opt/airflow/data/parquet/companies/crawl_companies-20250715.parquet
[2025-07-26T05:00:34.946+0000] {python.py:240} INFO - Done. Returned value was: None
[2025-07-26T05:00:34.951+0000] {taskinstance.py:341} INFO - ::group::Post task execution logs
[2025-07-26T05:00:34.952+0000] {taskinstance.py:353} INFO - Marking task as SUCCESS. dag_id=elt_to_dwh, task_id=extract_task.load_db_to_parquet, run_id=scheduled__2025-07-15T00:00:00+00:00, execution_date=20250715T000000, start_date=20250726T050033, end_date=20250726T050034
[2025-07-26T05:00:35.005+0000] {local_task_job_runner.py:266} INFO - Task exited with return code 0
[2025-07-26T05:00:35.021+0000] {taskinstance.py:3901} INFO - 0 downstream tasks scheduled from follow-on schedule check
[2025-07-26T05:00:35.022+0000] {local_task_job_runner.py:245} INFO - ::endgroup::
