[2025-07-25T11:17:16.576+0000] {local_task_job_runner.py:123} INFO - ::group::Pre task execution logs
[2025-07-25T11:17:16.591+0000] {taskinstance.py:2614} INFO - Dependencies all met for dep_context=non-requeueable deps ti=<TaskInstance: elt_to_dwh.extract_task.crawl_ohlcs scheduled__2025-07-19T00:00:00+00:00 [queued]>
[2025-07-25T11:17:16.602+0000] {taskinstance.py:2614} INFO - Dependencies all met for dep_context=requeueable deps ti=<TaskInstance: elt_to_dwh.extract_task.crawl_ohlcs scheduled__2025-07-19T00:00:00+00:00 [queued]>
[2025-07-25T11:17:16.603+0000] {taskinstance.py:2867} INFO - Starting attempt 1 of 1
[2025-07-25T11:17:16.618+0000] {taskinstance.py:2890} INFO - Executing <Task(PythonOperator): extract_task.crawl_ohlcs> on 2025-07-19 00:00:00+00:00
[2025-07-25T11:17:16.625+0000] {standard_task_runner.py:104} INFO - Running: ['airflow', 'tasks', 'run', 'elt_to_dwh', 'extract_task.crawl_ohlcs', 'scheduled__2025-07-19T00:00:00+00:00', '--job-id', '131', '--raw', '--subdir', 'DAGS_FOLDER/elt_to_dwh.py', '--cfg-path', '/tmp/tmpfbqwit0g']
[2025-07-25T11:17:16.628+0000] {standard_task_runner.py:105} INFO - Job 131: Subtask extract_task.crawl_ohlcs
[2025-07-25T11:17:16.629+0000] {logging_mixin.py:190} WARNING - /home/airflow/.local/lib/python3.12/site-packages/airflow/task/task_runner/standard_task_runner.py:70 DeprecationWarning: This process (pid=3991) is multi-threaded, use of fork() may lead to deadlocks in the child.
[2025-07-25T11:17:16.630+0000] {standard_task_runner.py:72} INFO - Started process 4001 to run task
[2025-07-25T11:17:16.668+0000] {task_command.py:467} INFO - Running <TaskInstance: elt_to_dwh.extract_task.crawl_ohlcs scheduled__2025-07-19T00:00:00+00:00 [running]> on host 74cfddf97016
[2025-07-25T11:17:16.736+0000] {taskinstance.py:3134} INFO - Exporting env vars: AIRFLOW_CTX_DAG_OWNER='airflow' AIRFLOW_CTX_DAG_ID='elt_to_dwh' AIRFLOW_CTX_TASK_ID='extract_task.crawl_ohlcs' AIRFLOW_CTX_EXECUTION_DATE='2025-07-19T00:00:00+00:00' AIRFLOW_CTX_TRY_NUMBER='1' AIRFLOW_CTX_DAG_RUN_ID='scheduled__2025-07-19T00:00:00+00:00'
[2025-07-25T11:17:16.737+0000] {taskinstance.py:732} INFO - ::endgroup::
[2025-07-25T11:17:16.750+0000] {logging_mixin.py:190} INFO - url: https://api.polygon.io/v2/aggs/grouped/locale/us/market/stocks/2025-07-19?adjusted=true&include_otc=true&apiKey=2lwa_Zgcz4qzZ1X30xbf2CQBf_AldkL0
[2025-07-25T11:17:17.514+0000] {logging_mixin.py:190} INFO - The process of crawling 0 OHLCs was successful
[2025-07-25T11:17:17.515+0000] {logging_mixin.py:190} INFO - Saving at /opt/airflow/data/raw/ohlcs/crawl_ohlcs-20250719.json
[2025-07-25T11:17:17.515+0000] {python.py:240} INFO - Done. Returned value was: None
[2025-07-25T11:17:17.522+0000] {taskinstance.py:341} INFO - ::group::Post task execution logs
[2025-07-25T11:17:17.523+0000] {taskinstance.py:353} INFO - Marking task as SUCCESS. dag_id=elt_to_dwh, task_id=extract_task.crawl_ohlcs, run_id=scheduled__2025-07-19T00:00:00+00:00, execution_date=20250719T000000, start_date=20250725T111716, end_date=20250725T111717
[2025-07-25T11:17:17.570+0000] {local_task_job_runner.py:266} INFO - Task exited with return code 0
[2025-07-25T11:17:17.590+0000] {taskinstance.py:3901} INFO - 1 downstream tasks scheduled from follow-on schedule check
[2025-07-25T11:17:17.597+0000] {local_task_job_runner.py:245} INFO - ::endgroup::
[2025-07-25T11:56:00.314+0000] {local_task_job_runner.py:123} INFO - ::group::Pre task execution logs
[2025-07-25T11:56:00.333+0000] {taskinstance.py:2614} INFO - Dependencies all met for dep_context=non-requeueable deps ti=<TaskInstance: elt_to_dwh.extract_task.crawl_ohlcs scheduled__2025-07-19T00:00:00+00:00 [queued]>
[2025-07-25T11:56:00.347+0000] {taskinstance.py:2614} INFO - Dependencies all met for dep_context=requeueable deps ti=<TaskInstance: elt_to_dwh.extract_task.crawl_ohlcs scheduled__2025-07-19T00:00:00+00:00 [queued]>
[2025-07-25T11:56:00.349+0000] {taskinstance.py:2867} INFO - Starting attempt 1 of 1
[2025-07-25T11:56:00.370+0000] {taskinstance.py:2890} INFO - Executing <Task(PythonOperator): extract_task.crawl_ohlcs> on 2025-07-19 00:00:00+00:00
[2025-07-25T11:56:00.380+0000] {standard_task_runner.py:104} INFO - Running: ['airflow', 'tasks', 'run', 'elt_to_dwh', 'extract_task.crawl_ohlcs', 'scheduled__2025-07-19T00:00:00+00:00', '--job-id', '188', '--raw', '--subdir', 'DAGS_FOLDER/elt_to_dwh.py', '--cfg-path', '/tmp/tmp6ouuu1pg']
[2025-07-25T11:56:00.384+0000] {standard_task_runner.py:105} INFO - Job 188: Subtask extract_task.crawl_ohlcs
[2025-07-25T11:56:00.387+0000] {logging_mixin.py:190} WARNING - /home/airflow/.local/lib/python3.12/site-packages/airflow/task/task_runner/standard_task_runner.py:70 DeprecationWarning: This process (pid=5236) is multi-threaded, use of fork() may lead to deadlocks in the child.
[2025-07-25T11:56:00.388+0000] {standard_task_runner.py:72} INFO - Started process 5246 to run task
[2025-07-25T11:56:00.440+0000] {task_command.py:467} INFO - Running <TaskInstance: elt_to_dwh.extract_task.crawl_ohlcs scheduled__2025-07-19T00:00:00+00:00 [running]> on host 74cfddf97016
[2025-07-25T11:56:00.525+0000] {taskinstance.py:3134} INFO - Exporting env vars: AIRFLOW_CTX_DAG_OWNER='airflow' AIRFLOW_CTX_DAG_ID='elt_to_dwh' AIRFLOW_CTX_TASK_ID='extract_task.crawl_ohlcs' AIRFLOW_CTX_EXECUTION_DATE='2025-07-19T00:00:00+00:00' AIRFLOW_CTX_TRY_NUMBER='1' AIRFLOW_CTX_DAG_RUN_ID='scheduled__2025-07-19T00:00:00+00:00'
[2025-07-25T11:56:00.526+0000] {taskinstance.py:732} INFO - ::endgroup::
[2025-07-25T11:56:00.545+0000] {logging_mixin.py:190} INFO - url: https://api.polygon.io/v2/aggs/grouped/locale/us/market/stocks/2025-07-19?adjusted=true&include_otc=true&apiKey=2lwa_Zgcz4qzZ1X30xbf2CQBf_AldkL0
[2025-07-25T11:56:01.282+0000] {logging_mixin.py:190} INFO - The process of crawling 0 OHLCs was successful
[2025-07-25T11:56:01.282+0000] {logging_mixin.py:190} INFO - Saving at /opt/airflow/data/raw/ohlcs/crawl_ohlcs-20250719.json
[2025-07-25T11:56:01.283+0000] {python.py:240} INFO - Done. Returned value was: None
[2025-07-25T11:56:01.289+0000] {taskinstance.py:341} INFO - ::group::Post task execution logs
[2025-07-25T11:56:01.290+0000] {taskinstance.py:353} INFO - Marking task as SUCCESS. dag_id=elt_to_dwh, task_id=extract_task.crawl_ohlcs, run_id=scheduled__2025-07-19T00:00:00+00:00, execution_date=20250719T000000, start_date=20250725T115600, end_date=20250725T115601
[2025-07-25T11:56:01.329+0000] {local_task_job_runner.py:266} INFO - Task exited with return code 0
[2025-07-25T11:56:01.352+0000] {taskinstance.py:3901} INFO - 1 downstream tasks scheduled from follow-on schedule check
[2025-07-25T11:56:01.360+0000] {local_task_job_runner.py:245} INFO - ::endgroup::
[2025-07-26T05:09:32.404+0000] {local_task_job_runner.py:123} INFO - ::group::Pre task execution logs
[2025-07-26T05:09:32.417+0000] {taskinstance.py:2614} INFO - Dependencies all met for dep_context=non-requeueable deps ti=<TaskInstance: elt_to_dwh.extract_task.crawl_ohlcs scheduled__2025-07-19T00:00:00+00:00 [queued]>
[2025-07-26T05:09:32.423+0000] {taskinstance.py:2614} INFO - Dependencies all met for dep_context=requeueable deps ti=<TaskInstance: elt_to_dwh.extract_task.crawl_ohlcs scheduled__2025-07-19T00:00:00+00:00 [queued]>
[2025-07-26T05:09:32.424+0000] {taskinstance.py:2867} INFO - Starting attempt 1 of 1
[2025-07-26T05:09:32.436+0000] {taskinstance.py:2890} INFO - Executing <Task(PythonOperator): extract_task.crawl_ohlcs> on 2025-07-19 00:00:00+00:00
[2025-07-26T05:09:32.442+0000] {standard_task_runner.py:104} INFO - Running: ['airflow', 'tasks', 'run', 'elt_to_dwh', 'extract_task.crawl_ohlcs', 'scheduled__2025-07-19T00:00:00+00:00', '--job-id', '97', '--raw', '--subdir', 'DAGS_FOLDER/elt_to_dwh.py', '--cfg-path', '/tmp/tmpqzdxujr1']
[2025-07-26T05:09:32.444+0000] {standard_task_runner.py:105} INFO - Job 97: Subtask extract_task.crawl_ohlcs
[2025-07-26T05:09:32.445+0000] {logging_mixin.py:190} WARNING - /home/airflow/.local/lib/python3.12/site-packages/airflow/task/task_runner/standard_task_runner.py:70 DeprecationWarning: This process (pid=5870) is multi-threaded, use of fork() may lead to deadlocks in the child.
[2025-07-26T05:09:32.446+0000] {standard_task_runner.py:72} INFO - Started process 5880 to run task
[2025-07-26T05:09:32.473+0000] {task_command.py:467} INFO - Running <TaskInstance: elt_to_dwh.extract_task.crawl_ohlcs scheduled__2025-07-19T00:00:00+00:00 [running]> on host 3bc71adbf7e0
[2025-07-26T05:09:32.534+0000] {taskinstance.py:3134} INFO - Exporting env vars: AIRFLOW_CTX_DAG_OWNER='airflow' AIRFLOW_CTX_DAG_ID='elt_to_dwh' AIRFLOW_CTX_TASK_ID='extract_task.crawl_ohlcs' AIRFLOW_CTX_EXECUTION_DATE='2025-07-19T00:00:00+00:00' AIRFLOW_CTX_TRY_NUMBER='1' AIRFLOW_CTX_DAG_RUN_ID='scheduled__2025-07-19T00:00:00+00:00'
[2025-07-26T05:09:32.535+0000] {taskinstance.py:732} INFO - ::endgroup::
[2025-07-26T05:09:32.546+0000] {logging_mixin.py:190} INFO - url: https://api.polygon.io/v2/aggs/grouped/locale/us/market/stocks/2025-07-19?adjusted=true&include_otc=true&apiKey=2lwa_Zgcz4qzZ1X30xbf2CQBf_AldkL0
[2025-07-26T05:09:33.254+0000] {logging_mixin.py:190} INFO - The process of crawling 0 OHLCs was successful
[2025-07-26T05:09:33.255+0000] {logging_mixin.py:190} INFO - Saving at /opt/airflow/data/raw/ohlcs/crawl_ohlcs-20250719.json
[2025-07-26T05:09:33.255+0000] {python.py:240} INFO - Done. Returned value was: None
[2025-07-26T05:09:33.259+0000] {taskinstance.py:341} INFO - ::group::Post task execution logs
[2025-07-26T05:09:33.259+0000] {taskinstance.py:353} INFO - Marking task as SUCCESS. dag_id=elt_to_dwh, task_id=extract_task.crawl_ohlcs, run_id=scheduled__2025-07-19T00:00:00+00:00, execution_date=20250719T000000, start_date=20250726T050932, end_date=20250726T050933
[2025-07-26T05:09:33.304+0000] {local_task_job_runner.py:266} INFO - Task exited with return code 0
[2025-07-26T05:09:33.320+0000] {taskinstance.py:3901} INFO - 1 downstream tasks scheduled from follow-on schedule check
[2025-07-26T05:09:33.325+0000] {local_task_job_runner.py:245} INFO - ::endgroup::
