[2025-07-25T11:15:50.705+0000] {local_task_job_runner.py:123} INFO - ::group::Pre task execution logs
[2025-07-25T11:15:50.717+0000] {taskinstance.py:2614} INFO - Dependencies all met for dep_context=non-requeueable deps ti=<TaskInstance: elt_to_dwh.transform_task.process_companies scheduled__2025-07-14T00:00:00+00:00 [queued]>
[2025-07-25T11:15:50.726+0000] {taskinstance.py:2614} INFO - Dependencies all met for dep_context=requeueable deps ti=<TaskInstance: elt_to_dwh.transform_task.process_companies scheduled__2025-07-14T00:00:00+00:00 [queued]>
[2025-07-25T11:15:50.726+0000] {taskinstance.py:2867} INFO - Starting attempt 1 of 1
[2025-07-25T11:15:50.740+0000] {taskinstance.py:2890} INFO - Executing <Task(PythonOperator): transform_task.process_companies> on 2025-07-14 00:00:00+00:00
[2025-07-25T11:15:50.747+0000] {standard_task_runner.py:104} INFO - Running: ['airflow', 'tasks', 'run', 'elt_to_dwh', 'transform_task.process_companies', 'scheduled__2025-07-14T00:00:00+00:00', '--job-id', '118', '--raw', '--subdir', 'DAGS_FOLDER/elt_to_dwh.py', '--cfg-path', '/tmp/tmpmt1g9vln']
[2025-07-25T11:15:50.749+0000] {standard_task_runner.py:105} INFO - Job 118: Subtask transform_task.process_companies
[2025-07-25T11:15:50.751+0000] {logging_mixin.py:190} WARNING - /home/airflow/.local/lib/python3.12/site-packages/airflow/task/task_runner/standard_task_runner.py:70 DeprecationWarning: This process (pid=3558) is multi-threaded, use of fork() may lead to deadlocks in the child.
[2025-07-25T11:15:50.752+0000] {standard_task_runner.py:72} INFO - Started process 3568 to run task
[2025-07-25T11:15:50.783+0000] {task_command.py:467} INFO - Running <TaskInstance: elt_to_dwh.transform_task.process_companies scheduled__2025-07-14T00:00:00+00:00 [running]> on host 74cfddf97016
[2025-07-25T11:15:50.844+0000] {taskinstance.py:3134} INFO - Exporting env vars: AIRFLOW_CTX_DAG_OWNER='airflow' AIRFLOW_CTX_DAG_ID='elt_to_dwh' AIRFLOW_CTX_TASK_ID='transform_task.process_companies' AIRFLOW_CTX_EXECUTION_DATE='2025-07-14T00:00:00+00:00' AIRFLOW_CTX_TRY_NUMBER='1' AIRFLOW_CTX_DAG_RUN_ID='scheduled__2025-07-14T00:00:00+00:00'
[2025-07-25T11:15:50.845+0000] {taskinstance.py:732} INFO - ::endgroup::
[2025-07-25T11:15:51.259+0000] {logging_mixin.py:190} INFO - Reading from: s3://stock-project-datalake/companies/crawl_companies-20250714.parquet
[2025-07-25T11:15:51.943+0000] {logging_mixin.py:190} INFO - DataFrame loaded from Parquet:
[2025-07-25T11:15:51.944+0000] {logging_mixin.py:190} INFO - Schema({'name': String, 'ticker': String, 'is_delisted': Boolean, 'category': String, 'currency': String, 'location': String, 'exchange': String, 'region': String, 'industry': String, 'sector': String, 'sic_industry': String, 'sic_sector': String, 'updated_time': Datetime(time_unit='us', time_zone=None)})
[2025-07-25T11:15:51.949+0000] {logging_mixin.py:190} INFO - shape: (5, 13)
┌────────────┬─────────┬───────────┬───────────┬───┬───────────┬───────────┬───────────┬───────────┐
│ name       ┆ ticker  ┆ is_delist ┆ category  ┆ … ┆ sector    ┆ sic_indus ┆ sic_secto ┆ updated_t │
│ ---        ┆ ---     ┆ ed        ┆ ---       ┆   ┆ ---       ┆ try       ┆ r         ┆ ime       │
│ str        ┆ str     ┆ ---       ┆ str       ┆   ┆ str       ┆ ---       ┆ ---       ┆ ---       │
│            ┆         ┆ bool      ┆           ┆   ┆           ┆ str       ┆ str       ┆ datetime[ │
│            ┆         ┆           ┆           ┆   ┆           ┆           ┆           ┆ μs]       │
╞════════════╪═════════╪═══════════╪═══════════╪═══╪═══════════╪═══════════╪═══════════╪═══════════╡
│ GRITSTONE  ┆ GRTSQ   ┆ true      ┆ Domestic  ┆ … ┆ Healthcar ┆ Biologica ┆ Manufactu ┆ 2025-07-2 │
│ BIO INC    ┆         ┆           ┆ Common    ┆   ┆ e         ┆ l         ┆ ring      ┆ 5 10:42:1 │
│            ┆         ┆           ┆ Stock     ┆   ┆           ┆ Products  ┆           ┆ 3.568557  │
│            ┆         ┆           ┆           ┆   ┆           ┆ (No       ┆           ┆           │
│            ┆         ┆           ┆           ┆   ┆           ┆ Disgno…   ┆           ┆           │
│ TRITON INT ┆ TRTN-PD ┆ false     ┆ Domestic  ┆ … ┆ Industria ┆ Services- ┆ Services  ┆ 2025-07-2 │
│ ERNATIONAL ┆         ┆           ┆ Preferred ┆   ┆ ls        ┆ Equipment ┆           ┆ 5 10:42:1 │
│ LTD        ┆         ┆           ┆ Stock     ┆   ┆           ┆ Rental &  ┆           ┆ 3.568557  │
│            ┆         ┆           ┆           ┆   ┆           ┆ Le…       ┆           ┆           │
│ SAFE &     ┆ SGD     ┆ false     ┆ Domestic  ┆ … ┆ Real      ┆ Real      ┆ Finance   ┆ 2025-07-2 │
│ GREEN DEVE ┆         ┆           ┆ Common    ┆   ┆ Estate    ┆ Estate    ┆ Insurance ┆ 5 10:42:1 │
│ LOPMENT    ┆         ┆           ┆ Stock     ┆   ┆           ┆           ┆ And Real  ┆ 3.568557  │
│ CORP       ┆         ┆           ┆           ┆   ┆           ┆           ┆ Est…      ┆           │
│ LAZARD     ┆ LGACW   ┆ true      ┆ Domestic  ┆ … ┆ Industria ┆ Blank     ┆ Finance   ┆ 2025-07-2 │
│ GROWTH ACQ ┆         ┆           ┆ Common    ┆   ┆ ls        ┆ Checks    ┆ Insurance ┆ 5 10:42:1 │
│ UISITION   ┆         ┆           ┆ Stock     ┆   ┆           ┆           ┆ And Real  ┆ 3.568557  │
│ CORP…      ┆         ┆           ┆ Warrant   ┆   ┆           ┆           ┆ Est…      ┆           │
│ MGP INGRED ┆ MGPI    ┆ false     ┆ Domestic  ┆ … ┆ Consumer  ┆ Wholesale ┆ Wholesale ┆ 2025-07-2 │
│ IENTS INC  ┆         ┆           ┆ Common    ┆   ┆ Defensive ┆ -Beer     ┆ Trade     ┆ 5 10:42:1 │
│            ┆         ┆           ┆ Stock     ┆   ┆           ┆ Wine &    ┆           ┆ 3.568557  │
│            ┆         ┆           ┆           ┆   ┆           ┆ Distille… ┆           ┆           │
└────────────┴─────────┴───────────┴───────────┴───┴───────────┴───────────┴───────────┴───────────┘
[2025-07-25T11:15:53.550+0000] {logging_mixin.py:190} INFO - Data has been successfully inserted into dim_companies in DuckDB!
[2025-07-25T11:15:53.551+0000] {python.py:240} INFO - Done. Returned value was: None
[2025-07-25T11:15:53.556+0000] {taskinstance.py:341} INFO - ::group::Post task execution logs
[2025-07-25T11:15:53.556+0000] {taskinstance.py:353} INFO - Marking task as SUCCESS. dag_id=elt_to_dwh, task_id=transform_task.process_companies, run_id=scheduled__2025-07-14T00:00:00+00:00, execution_date=20250714T000000, start_date=20250725T111550, end_date=20250725T111553
[2025-07-25T11:15:53.614+0000] {local_task_job_runner.py:266} INFO - Task exited with return code 0
[2025-07-25T11:15:53.630+0000] {taskinstance.py:3901} INFO - 1 downstream tasks scheduled from follow-on schedule check
[2025-07-25T11:15:53.635+0000] {local_task_job_runner.py:245} INFO - ::endgroup::
[2025-07-26T05:03:51.614+0000] {local_task_job_runner.py:123} INFO - ::group::Pre task execution logs
[2025-07-26T05:03:51.628+0000] {taskinstance.py:2614} INFO - Dependencies all met for dep_context=non-requeueable deps ti=<TaskInstance: elt_to_dwh.transform_task.process_companies scheduled__2025-07-14T00:00:00+00:00 [queued]>
[2025-07-26T05:03:51.634+0000] {taskinstance.py:2614} INFO - Dependencies all met for dep_context=requeueable deps ti=<TaskInstance: elt_to_dwh.transform_task.process_companies scheduled__2025-07-14T00:00:00+00:00 [queued]>
[2025-07-26T05:03:51.635+0000] {taskinstance.py:2867} INFO - Starting attempt 1 of 1
[2025-07-26T05:03:51.649+0000] {taskinstance.py:2890} INFO - Executing <Task(PythonOperator): transform_task.process_companies> on 2025-07-14 00:00:00+00:00
[2025-07-26T05:03:51.656+0000] {standard_task_runner.py:104} INFO - Running: ['airflow', 'tasks', 'run', 'elt_to_dwh', 'transform_task.process_companies', 'scheduled__2025-07-14T00:00:00+00:00', '--job-id', '72', '--raw', '--subdir', 'DAGS_FOLDER/elt_to_dwh.py', '--cfg-path', '/tmp/tmpqzyvgvw5']
[2025-07-26T05:03:51.658+0000] {standard_task_runner.py:105} INFO - Job 72: Subtask transform_task.process_companies
[2025-07-26T05:03:51.664+0000] {logging_mixin.py:190} WARNING - /home/airflow/.local/lib/python3.12/site-packages/airflow/task/task_runner/standard_task_runner.py:70 DeprecationWarning: This process (pid=2889) is multi-threaded, use of fork() may lead to deadlocks in the child.
[2025-07-26T05:03:51.665+0000] {standard_task_runner.py:72} INFO - Started process 2899 to run task
[2025-07-26T05:03:51.691+0000] {task_command.py:467} INFO - Running <TaskInstance: elt_to_dwh.transform_task.process_companies scheduled__2025-07-14T00:00:00+00:00 [running]> on host 3bc71adbf7e0
[2025-07-26T05:03:51.758+0000] {taskinstance.py:3134} INFO - Exporting env vars: AIRFLOW_CTX_DAG_OWNER='airflow' AIRFLOW_CTX_DAG_ID='elt_to_dwh' AIRFLOW_CTX_TASK_ID='transform_task.process_companies' AIRFLOW_CTX_EXECUTION_DATE='2025-07-14T00:00:00+00:00' AIRFLOW_CTX_TRY_NUMBER='1' AIRFLOW_CTX_DAG_RUN_ID='scheduled__2025-07-14T00:00:00+00:00'
[2025-07-26T05:03:51.759+0000] {taskinstance.py:732} INFO - ::endgroup::
[2025-07-26T05:03:52.133+0000] {logging_mixin.py:190} INFO - Reading from: s3://stock-project-datalake/companies/crawl_companies-20250714.parquet
[2025-07-26T05:03:52.743+0000] {logging_mixin.py:190} INFO - DataFrame loaded from Parquet:
[2025-07-26T05:03:52.744+0000] {logging_mixin.py:190} INFO - Schema({'name': String, 'ticker': String, 'is_delisted': Boolean, 'category': String, 'currency': String, 'location': String, 'exchange': String, 'region': String, 'industry': String, 'sector': String, 'sic_industry': String, 'sic_sector': String, 'updated_time': Datetime(time_unit='us', time_zone=None)})
[2025-07-26T05:03:52.745+0000] {logging_mixin.py:190} INFO - shape: (5, 13)
┌────────────┬────────┬────────────┬───────────┬───┬───────────┬───────────┬───────────┬───────────┐
│ name       ┆ ticker ┆ is_deliste ┆ category  ┆ … ┆ sector    ┆ sic_indus ┆ sic_secto ┆ updated_t │
│ ---        ┆ ---    ┆ d          ┆ ---       ┆   ┆ ---       ┆ try       ┆ r         ┆ ime       │
│ str        ┆ str    ┆ ---        ┆ str       ┆   ┆ str       ┆ ---       ┆ ---       ┆ ---       │
│            ┆        ┆ bool       ┆           ┆   ┆           ┆ str       ┆ str       ┆ datetime[ │
│            ┆        ┆            ┆           ┆   ┆           ┆           ┆           ┆ μs]       │
╞════════════╪════════╪════════════╪═══════════╪═══╪═══════════╪═══════════╪═══════════╪═══════════╡
│ DUCKHORN   ┆ NAPA   ┆ true       ┆ Domestic  ┆ … ┆ Consumer  ┆ Beverages ┆ Manufactu ┆ 2025-07-2 │
│ PORTFOLIO  ┆        ┆            ┆ Common    ┆   ┆ Defensive ┆           ┆ ring      ┆ 6 04:45:1 │
│ INC        ┆        ┆            ┆ Stock     ┆   ┆           ┆           ┆           ┆ 4.278565  │
│ INVESTCORP ┆ CMFNL  ┆ true       ┆ ETD       ┆ … ┆           ┆ State Com ┆ Finance   ┆ 2025-07-2 │
│ CREDIT     ┆        ┆            ┆           ┆   ┆           ┆ mercial   ┆ Insurance ┆ 6 04:45:1 │
│ MANAGEMENT ┆        ┆            ┆           ┆   ┆           ┆ Banks     ┆ And Real  ┆ 4.278565  │
│ B…         ┆        ┆            ┆           ┆   ┆           ┆           ┆ Est…      ┆           │
│ ADVANTAGE  ┆ AADV   ┆ true       ┆ Domestic  ┆ … ┆ Financial ┆ Savings   ┆ Finance   ┆ 2025-07-2 │
│ BANCORP    ┆        ┆            ┆ Common    ┆   ┆ Services  ┆ Instituti ┆ Insurance ┆ 6 04:45:1 │
│ INC        ┆        ┆            ┆ Stock     ┆   ┆           ┆ ons Not   ┆ And Real  ┆ 4.278565  │
│            ┆        ┆            ┆           ┆   ┆           ┆ Feder…    ┆ Est…      ┆           │
│ AXCELIS    ┆ ACLS   ┆ false      ┆ Domestic  ┆ … ┆ Technolog ┆ Special   ┆ Manufactu ┆ 2025-07-2 │
│ TECHNOLOGI ┆        ┆            ┆ Common    ┆   ┆ y         ┆ Industry  ┆ ring      ┆ 6 04:45:1 │
│ ES INC     ┆        ┆            ┆ Stock     ┆   ┆           ┆ Machinery ┆           ┆ 4.278565  │
│            ┆        ┆            ┆           ┆   ┆           ┆ Nec       ┆           ┆           │
│ HEALTH     ┆ HGRD   ┆ true       ┆ Domestic  ┆ … ┆ Technolog ┆ Services- ┆ Services  ┆ 2025-07-2 │
│ GRADES INC ┆        ┆            ┆ Common    ┆   ┆ y         ┆ Business  ┆           ┆ 6 04:45:1 │
│            ┆        ┆            ┆ Stock     ┆   ┆           ┆ Services  ┆           ┆ 4.278565  │
│            ┆        ┆            ┆           ┆   ┆           ┆ Nec       ┆           ┆           │
└────────────┴────────┴────────────┴───────────┴───┴───────────┴───────────┴───────────┴───────────┘
[2025-07-26T05:03:53.284+0000] {logging_mixin.py:190} INFO - Data has been successfully inserted into dim_companies in DuckDB!
[2025-07-26T05:03:53.285+0000] {python.py:240} INFO - Done. Returned value was: None
[2025-07-26T05:03:53.289+0000] {taskinstance.py:341} INFO - ::group::Post task execution logs
[2025-07-26T05:03:53.289+0000] {taskinstance.py:353} INFO - Marking task as SUCCESS. dag_id=elt_to_dwh, task_id=transform_task.process_companies, run_id=scheduled__2025-07-14T00:00:00+00:00, execution_date=20250714T000000, start_date=20250726T050351, end_date=20250726T050353
[2025-07-26T05:03:53.325+0000] {local_task_job_runner.py:266} INFO - Task exited with return code 0
[2025-07-26T05:03:53.341+0000] {taskinstance.py:3901} INFO - 1 downstream tasks scheduled from follow-on schedule check
[2025-07-26T05:03:53.346+0000] {local_task_job_runner.py:245} INFO - ::endgroup::
