[2025-07-25T11:14:18.410+0000] {local_task_job_runner.py:123} INFO - ::group::Pre task execution logs
[2025-07-25T11:14:18.423+0000] {taskinstance.py:2614} INFO - Dependencies all met for dep_context=non-requeueable deps ti=<TaskInstance: elt_to_dwh.extract_task.crawl_news scheduled__2025-07-16T00:00:00+00:00 [queued]>
[2025-07-25T11:14:18.431+0000] {taskinstance.py:2614} INFO - Dependencies all met for dep_context=requeueable deps ti=<TaskInstance: elt_to_dwh.extract_task.crawl_news scheduled__2025-07-16T00:00:00+00:00 [queued]>
[2025-07-25T11:14:18.432+0000] {taskinstance.py:2867} INFO - Starting attempt 1 of 1
[2025-07-25T11:14:18.445+0000] {taskinstance.py:2890} INFO - Executing <Task(PythonOperator): extract_task.crawl_news> on 2025-07-16 00:00:00+00:00
[2025-07-25T11:14:18.452+0000] {standard_task_runner.py:104} INFO - Running: ['airflow', 'tasks', 'run', 'elt_to_dwh', 'extract_task.crawl_news', 'scheduled__2025-07-16T00:00:00+00:00', '--job-id', '105', '--raw', '--subdir', 'DAGS_FOLDER/elt_to_dwh.py', '--cfg-path', '/tmp/tmphdvf1gup']
[2025-07-25T11:14:18.456+0000] {standard_task_runner.py:105} INFO - Job 105: Subtask extract_task.crawl_news
[2025-07-25T11:14:18.456+0000] {logging_mixin.py:190} WARNING - /home/airflow/.local/lib/python3.12/site-packages/airflow/task/task_runner/standard_task_runner.py:70 DeprecationWarning: This process (pid=3275) is multi-threaded, use of fork() may lead to deadlocks in the child.
[2025-07-25T11:14:18.457+0000] {standard_task_runner.py:72} INFO - Started process 3285 to run task
[2025-07-25T11:14:18.495+0000] {task_command.py:467} INFO - Running <TaskInstance: elt_to_dwh.extract_task.crawl_news scheduled__2025-07-16T00:00:00+00:00 [running]> on host 74cfddf97016
[2025-07-25T11:14:18.557+0000] {taskinstance.py:3134} INFO - Exporting env vars: AIRFLOW_CTX_DAG_OWNER='airflow' AIRFLOW_CTX_DAG_ID='elt_to_dwh' AIRFLOW_CTX_TASK_ID='extract_task.crawl_news' AIRFLOW_CTX_EXECUTION_DATE='2025-07-16T00:00:00+00:00' AIRFLOW_CTX_TRY_NUMBER='1' AIRFLOW_CTX_DAG_RUN_ID='scheduled__2025-07-16T00:00:00+00:00'
[2025-07-25T11:14:18.558+0000] {taskinstance.py:732} INFO - ::endgroup::
[2025-07-25T11:14:18.571+0000] {logging_mixin.py:190} INFO - Get news from 20250716T0000 to 20250716T2359
[2025-07-25T11:14:21.737+0000] {logging_mixin.py:190} INFO - Get news from 20250716T0000 to 20250716T1200
[2025-07-25T11:14:23.473+0000] {logging_mixin.py:190} INFO - Get news from 20250716T1201 to 20250716T2359
[2025-07-25T11:14:26.707+0000] {logging_mixin.py:190} INFO - The process of crawling 2347 news was successful
[2025-07-25T11:14:26.708+0000] {logging_mixin.py:190} INFO - Saving at /opt/airflow/data/raw/news/crawl_news-20250716.json
[2025-07-25T11:14:26.710+0000] {python.py:240} INFO - Done. Returned value was: None
[2025-07-25T11:14:26.715+0000] {taskinstance.py:341} INFO - ::group::Post task execution logs
[2025-07-25T11:14:26.716+0000] {taskinstance.py:353} INFO - Marking task as SUCCESS. dag_id=elt_to_dwh, task_id=extract_task.crawl_news, run_id=scheduled__2025-07-16T00:00:00+00:00, execution_date=20250716T000000, start_date=20250725T111418, end_date=20250725T111426
[2025-07-25T11:14:26.770+0000] {local_task_job_runner.py:266} INFO - Task exited with return code 0
[2025-07-25T11:14:26.785+0000] {taskinstance.py:3901} INFO - 1 downstream tasks scheduled from follow-on schedule check
[2025-07-25T11:14:26.790+0000] {local_task_job_runner.py:245} INFO - ::endgroup::
[2025-07-25T11:53:44.600+0000] {local_task_job_runner.py:123} INFO - ::group::Pre task execution logs
[2025-07-25T11:53:44.633+0000] {taskinstance.py:2614} INFO - Dependencies all met for dep_context=non-requeueable deps ti=<TaskInstance: elt_to_dwh.extract_task.crawl_news scheduled__2025-07-16T00:00:00+00:00 [queued]>
[2025-07-25T11:53:44.652+0000] {taskinstance.py:2614} INFO - Dependencies all met for dep_context=requeueable deps ti=<TaskInstance: elt_to_dwh.extract_task.crawl_news scheduled__2025-07-16T00:00:00+00:00 [queued]>
[2025-07-25T11:53:44.653+0000] {taskinstance.py:2867} INFO - Starting attempt 1 of 1
[2025-07-25T11:53:44.683+0000] {taskinstance.py:2890} INFO - Executing <Task(PythonOperator): extract_task.crawl_news> on 2025-07-16 00:00:00+00:00
[2025-07-25T11:53:44.697+0000] {standard_task_runner.py:104} INFO - Running: ['airflow', 'tasks', 'run', 'elt_to_dwh', 'extract_task.crawl_news', 'scheduled__2025-07-16T00:00:00+00:00', '--job-id', '172', '--raw', '--subdir', 'DAGS_FOLDER/elt_to_dwh.py', '--cfg-path', '/tmp/tmpe8t3ge2b']
[2025-07-25T11:53:44.703+0000] {standard_task_runner.py:105} INFO - Job 172: Subtask extract_task.crawl_news
[2025-07-25T11:53:44.710+0000] {logging_mixin.py:190} WARNING - /home/airflow/.local/lib/python3.12/site-packages/airflow/task/task_runner/standard_task_runner.py:70 DeprecationWarning: This process (pid=4962) is multi-threaded, use of fork() may lead to deadlocks in the child.
[2025-07-25T11:53:44.713+0000] {standard_task_runner.py:72} INFO - Started process 4972 to run task
[2025-07-25T11:53:44.785+0000] {task_command.py:467} INFO - Running <TaskInstance: elt_to_dwh.extract_task.crawl_news scheduled__2025-07-16T00:00:00+00:00 [running]> on host 74cfddf97016
[2025-07-25T11:53:44.927+0000] {taskinstance.py:3134} INFO - Exporting env vars: AIRFLOW_CTX_DAG_OWNER='airflow' AIRFLOW_CTX_DAG_ID='elt_to_dwh' AIRFLOW_CTX_TASK_ID='extract_task.crawl_news' AIRFLOW_CTX_EXECUTION_DATE='2025-07-16T00:00:00+00:00' AIRFLOW_CTX_TRY_NUMBER='1' AIRFLOW_CTX_DAG_RUN_ID='scheduled__2025-07-16T00:00:00+00:00'
[2025-07-25T11:53:44.929+0000] {taskinstance.py:732} INFO - ::endgroup::
[2025-07-25T11:53:44.952+0000] {logging_mixin.py:190} INFO - Get news from 20250716T0000 to 20250716T2359
[2025-07-25T11:53:45.735+0000] {taskinstance.py:3313} ERROR - Task failed with exception
Traceback (most recent call last):
  File "/home/airflow/.local/lib/python3.12/site-packages/airflow/models/taskinstance.py", line 768, in _execute_task
    result = _execute_callable(context=context, **execute_callable_kwargs)
             ^^^^^^^^^^^^^^^^^^^^^^^^^^^^^^^^^^^^^^^^^^^^^^^^^^^^^^^^^^^^^
  File "/home/airflow/.local/lib/python3.12/site-packages/airflow/models/taskinstance.py", line 734, in _execute_callable
    return ExecutionCallableRunner(
           ^^^^^^^^^^^^^^^^^^^^^^^^
  File "/home/airflow/.local/lib/python3.12/site-packages/airflow/utils/operator_helpers.py", line 252, in run
    return self.func(*args, **kwargs)
           ^^^^^^^^^^^^^^^^^^^^^^^^^^
  File "/home/airflow/.local/lib/python3.12/site-packages/airflow/models/baseoperator.py", line 424, in wrapper
    return func(self, *args, **kwargs)
           ^^^^^^^^^^^^^^^^^^^^^^^^^^^
  File "/home/airflow/.local/lib/python3.12/site-packages/airflow/operators/python.py", line 238, in execute
    return_value = self.execute_callable()
                   ^^^^^^^^^^^^^^^^^^^^^^^
  File "/home/airflow/.local/lib/python3.12/site-packages/airflow/operators/python.py", line 256, in execute_callable
    return runner.run(*self.op_args, **self.op_kwargs)
           ^^^^^^^^^^^^^^^^^^^^^^^^^^^^^^^^^^^^^^^^^^^
  File "/home/airflow/.local/lib/python3.12/site-packages/airflow/utils/operator_helpers.py", line 252, in run
    return self.func(*args, **kwargs)
           ^^^^^^^^^^^^^^^^^^^^^^^^^^
  File "/opt/airflow/scripts/elt_to_dwh/extract/crawl_news.py", line 40, in crawl_news
    raise KeyError(f"'feed' key not found in response. Full response:\n{json.dumps(response, indent=4)}")
KeyError: '\'feed\' key not found in response. Full response:\n{\n    "Information": "We have detected your API key as RSKHO6B8SELFWUYG and our standard API rate limit is 25 requests per day. Please subscribe to any of the premium plans at https://www.alphavantage.co/premium/ to instantly remove all daily rate limits."\n}'
[2025-07-25T11:53:45.749+0000] {taskinstance.py:1226} INFO - Marking task as FAILED. dag_id=elt_to_dwh, task_id=extract_task.crawl_news, run_id=scheduled__2025-07-16T00:00:00+00:00, execution_date=20250716T000000, start_date=20250725T115344, end_date=20250725T115345
[2025-07-25T11:53:45.777+0000] {taskinstance.py:341} INFO - ::group::Post task execution logs
[2025-07-25T11:53:45.778+0000] {standard_task_runner.py:124} ERROR - Failed to execute job 172 for task extract_task.crawl_news ('\'feed\' key not found in response. Full response:\n{\n    "Information": "We have detected your API key as RSKHO6B8SELFWUYG and our standard API rate limit is 25 requests per day. Please subscribe to any of the premium plans at https://www.alphavantage.co/premium/ to instantly remove all daily rate limits."\n}'; 4972)
Traceback (most recent call last):
  File "/home/airflow/.local/lib/python3.12/site-packages/airflow/task/task_runner/standard_task_runner.py", line 117, in _start_by_fork
    ret = args.func(args, dag=self.dag)
          ^^^^^^^^^^^^^^^^^^^^^^^^^^^^^
  File "/home/airflow/.local/lib/python3.12/site-packages/airflow/cli/cli_config.py", line 49, in command
    return func(*args, **kwargs)
           ^^^^^^^^^^^^^^^^^^^^^
  File "/home/airflow/.local/lib/python3.12/site-packages/airflow/utils/cli.py", line 116, in wrapper
    return f(*args, **kwargs)
           ^^^^^^^^^^^^^^^^^^
  File "/home/airflow/.local/lib/python3.12/site-packages/airflow/cli/commands/task_command.py", line 483, in task_run
    task_return_code = _run_task_by_selected_method(args, _dag, ti)
                       ^^^^^^^^^^^^^^^^^^^^^^^^^^^^^^^^^^^^^^^^^^^^
  File "/home/airflow/.local/lib/python3.12/site-packages/airflow/cli/commands/task_command.py", line 256, in _run_task_by_selected_method
    return _run_raw_task(args, ti)
           ^^^^^^^^^^^^^^^^^^^^^^^
  File "/home/airflow/.local/lib/python3.12/site-packages/airflow/cli/commands/task_command.py", line 341, in _run_raw_task
    return ti._run_raw_task(
           ^^^^^^^^^^^^^^^^^
  File "/home/airflow/.local/lib/python3.12/site-packages/airflow/utils/session.py", line 97, in wrapper
    return func(*args, session=session, **kwargs)
           ^^^^^^^^^^^^^^^^^^^^^^^^^^^^^^^^^^^^^^
  File "/home/airflow/.local/lib/python3.12/site-packages/airflow/models/taskinstance.py", line 3006, in _run_raw_task
    return _run_raw_task(
           ^^^^^^^^^^^^^^
  File "/home/airflow/.local/lib/python3.12/site-packages/airflow/models/taskinstance.py", line 274, in _run_raw_task
    TaskInstance._execute_task_with_callbacks(
  File "/home/airflow/.local/lib/python3.12/site-packages/airflow/models/taskinstance.py", line 3161, in _execute_task_with_callbacks
    result = self._execute_task(context, task_orig)
             ^^^^^^^^^^^^^^^^^^^^^^^^^^^^^^^^^^^^^^
  File "/home/airflow/.local/lib/python3.12/site-packages/airflow/models/taskinstance.py", line 3185, in _execute_task
    return _execute_task(self, context, task_orig)
           ^^^^^^^^^^^^^^^^^^^^^^^^^^^^^^^^^^^^^^^
  File "/home/airflow/.local/lib/python3.12/site-packages/airflow/models/taskinstance.py", line 768, in _execute_task
    result = _execute_callable(context=context, **execute_callable_kwargs)
             ^^^^^^^^^^^^^^^^^^^^^^^^^^^^^^^^^^^^^^^^^^^^^^^^^^^^^^^^^^^^^
  File "/home/airflow/.local/lib/python3.12/site-packages/airflow/models/taskinstance.py", line 734, in _execute_callable
    return ExecutionCallableRunner(
           ^^^^^^^^^^^^^^^^^^^^^^^^
  File "/home/airflow/.local/lib/python3.12/site-packages/airflow/utils/operator_helpers.py", line 252, in run
    return self.func(*args, **kwargs)
           ^^^^^^^^^^^^^^^^^^^^^^^^^^
  File "/home/airflow/.local/lib/python3.12/site-packages/airflow/models/baseoperator.py", line 424, in wrapper
    return func(self, *args, **kwargs)
           ^^^^^^^^^^^^^^^^^^^^^^^^^^^
  File "/home/airflow/.local/lib/python3.12/site-packages/airflow/operators/python.py", line 238, in execute
    return_value = self.execute_callable()
                   ^^^^^^^^^^^^^^^^^^^^^^^
  File "/home/airflow/.local/lib/python3.12/site-packages/airflow/operators/python.py", line 256, in execute_callable
    return runner.run(*self.op_args, **self.op_kwargs)
           ^^^^^^^^^^^^^^^^^^^^^^^^^^^^^^^^^^^^^^^^^^^
  File "/home/airflow/.local/lib/python3.12/site-packages/airflow/utils/operator_helpers.py", line 252, in run
    return self.func(*args, **kwargs)
           ^^^^^^^^^^^^^^^^^^^^^^^^^^
  File "/opt/airflow/scripts/elt_to_dwh/extract/crawl_news.py", line 40, in crawl_news
    raise KeyError(f"'feed' key not found in response. Full response:\n{json.dumps(response, indent=4)}")
KeyError: '\'feed\' key not found in response. Full response:\n{\n    "Information": "We have detected your API key as RSKHO6B8SELFWUYG and our standard API rate limit is 25 requests per day. Please subscribe to any of the premium plans at https://www.alphavantage.co/premium/ to instantly remove all daily rate limits."\n}'
[2025-07-25T11:53:45.819+0000] {local_task_job_runner.py:266} INFO - Task exited with return code 1
[2025-07-25T11:53:45.847+0000] {taskinstance.py:3901} INFO - 0 downstream tasks scheduled from follow-on schedule check
[2025-07-25T11:53:45.860+0000] {local_task_job_runner.py:245} INFO - ::endgroup::
[2025-07-26T05:01:49.227+0000] {local_task_job_runner.py:123} INFO - ::group::Pre task execution logs
[2025-07-26T05:01:49.240+0000] {taskinstance.py:2614} INFO - Dependencies all met for dep_context=non-requeueable deps ti=<TaskInstance: elt_to_dwh.extract_task.crawl_news scheduled__2025-07-16T00:00:00+00:00 [queued]>
[2025-07-26T05:01:49.246+0000] {taskinstance.py:2614} INFO - Dependencies all met for dep_context=requeueable deps ti=<TaskInstance: elt_to_dwh.extract_task.crawl_news scheduled__2025-07-16T00:00:00+00:00 [queued]>
[2025-07-26T05:01:49.246+0000] {taskinstance.py:2867} INFO - Starting attempt 1 of 1
[2025-07-26T05:01:49.259+0000] {taskinstance.py:2890} INFO - Executing <Task(PythonOperator): extract_task.crawl_news> on 2025-07-16 00:00:00+00:00
[2025-07-26T05:01:49.265+0000] {standard_task_runner.py:104} INFO - Running: ['airflow', 'tasks', 'run', 'elt_to_dwh', 'extract_task.crawl_news', 'scheduled__2025-07-16T00:00:00+00:00', '--job-id', '59', '--raw', '--subdir', 'DAGS_FOLDER/elt_to_dwh.py', '--cfg-path', '/tmp/tmpqyuva_cc']
[2025-07-26T05:01:49.267+0000] {standard_task_runner.py:105} INFO - Job 59: Subtask extract_task.crawl_news
[2025-07-26T05:01:49.268+0000] {logging_mixin.py:190} WARNING - /home/airflow/.local/lib/python3.12/site-packages/airflow/task/task_runner/standard_task_runner.py:70 DeprecationWarning: This process (pid=2263) is multi-threaded, use of fork() may lead to deadlocks in the child.
[2025-07-26T05:01:49.269+0000] {standard_task_runner.py:72} INFO - Started process 2273 to run task
[2025-07-26T05:01:49.295+0000] {task_command.py:467} INFO - Running <TaskInstance: elt_to_dwh.extract_task.crawl_news scheduled__2025-07-16T00:00:00+00:00 [running]> on host 3bc71adbf7e0
[2025-07-26T05:01:49.354+0000] {taskinstance.py:3134} INFO - Exporting env vars: AIRFLOW_CTX_DAG_OWNER='airflow' AIRFLOW_CTX_DAG_ID='elt_to_dwh' AIRFLOW_CTX_TASK_ID='extract_task.crawl_news' AIRFLOW_CTX_EXECUTION_DATE='2025-07-16T00:00:00+00:00' AIRFLOW_CTX_TRY_NUMBER='1' AIRFLOW_CTX_DAG_RUN_ID='scheduled__2025-07-16T00:00:00+00:00'
[2025-07-26T05:01:49.355+0000] {taskinstance.py:732} INFO - ::endgroup::
[2025-07-26T05:01:49.366+0000] {logging_mixin.py:190} INFO - Get news from 20250716T0000 to 20250716T2359
[2025-07-26T05:01:52.863+0000] {logging_mixin.py:190} INFO - Get news from 20250716T0000 to 20250716T1200
[2025-07-26T05:01:54.669+0000] {logging_mixin.py:190} INFO - Get news from 20250716T1201 to 20250716T2359
[2025-07-26T05:01:57.929+0000] {logging_mixin.py:190} INFO - The process of crawling 2347 news was successful
[2025-07-26T05:01:57.930+0000] {logging_mixin.py:190} INFO - Saving at /opt/airflow/data/raw/news/crawl_news-20250716.json
[2025-07-26T05:01:57.931+0000] {python.py:240} INFO - Done. Returned value was: None
[2025-07-26T05:01:57.935+0000] {taskinstance.py:341} INFO - ::group::Post task execution logs
[2025-07-26T05:01:57.936+0000] {taskinstance.py:353} INFO - Marking task as SUCCESS. dag_id=elt_to_dwh, task_id=extract_task.crawl_news, run_id=scheduled__2025-07-16T00:00:00+00:00, execution_date=20250716T000000, start_date=20250726T050149, end_date=20250726T050157
[2025-07-26T05:01:57.993+0000] {local_task_job_runner.py:266} INFO - Task exited with return code 0
[2025-07-26T05:01:58.007+0000] {taskinstance.py:3901} INFO - 1 downstream tasks scheduled from follow-on schedule check
[2025-07-26T05:01:58.012+0000] {local_task_job_runner.py:245} INFO - ::endgroup::
