[2025-07-25T09:53:43.627+0000] {local_task_job_runner.py:123} INFO - ::group::Pre task execution logs
[2025-07-25T09:53:43.639+0000] {taskinstance.py:2614} INFO - Dependencies all met for dep_context=non-requeueable deps ti=<TaskInstance: etl_to_db.extract_task.crawl_companies scheduled__2025-05-01T00:00:00+00:00 [queued]>
[2025-07-25T09:53:43.645+0000] {taskinstance.py:2614} INFO - Dependencies all met for dep_context=requeueable deps ti=<TaskInstance: etl_to_db.extract_task.crawl_companies scheduled__2025-05-01T00:00:00+00:00 [queued]>
[2025-07-25T09:53:43.646+0000] {taskinstance.py:2867} INFO - Starting attempt 1 of 1
[2025-07-25T09:53:43.659+0000] {taskinstance.py:2890} INFO - Executing <Task(PythonOperator): extract_task.crawl_companies> on 2025-05-01 00:00:00+00:00
[2025-07-25T09:53:43.669+0000] {standard_task_runner.py:104} INFO - Running: ['airflow', 'tasks', 'run', 'etl_to_db', 'extract_task.crawl_companies', 'scheduled__2025-05-01T00:00:00+00:00', '--job-id', '45', '--raw', '--subdir', 'DAGS_FOLDER/etl_to_db.py', '--cfg-path', '/tmp/tmp70wh1z8z']
[2025-07-25T09:53:43.671+0000] {standard_task_runner.py:105} INFO - Job 45: Subtask extract_task.crawl_companies
[2025-07-25T09:53:43.673+0000] {logging_mixin.py:190} WARNING - /home/airflow/.local/lib/python3.12/site-packages/airflow/task/task_runner/standard_task_runner.py:70 DeprecationWarning: This process (pid=1767) is multi-threaded, use of fork() may lead to deadlocks in the child.
[2025-07-25T09:53:43.674+0000] {standard_task_runner.py:72} INFO - Started process 1777 to run task
[2025-07-25T09:53:43.707+0000] {task_command.py:467} INFO - Running <TaskInstance: etl_to_db.extract_task.crawl_companies scheduled__2025-05-01T00:00:00+00:00 [running]> on host 74cfddf97016
[2025-07-25T09:53:43.767+0000] {taskinstance.py:3134} INFO - Exporting env vars: AIRFLOW_CTX_DAG_OWNER='airflow' AIRFLOW_CTX_DAG_ID='etl_to_db' AIRFLOW_CTX_TASK_ID='extract_task.crawl_companies' AIRFLOW_CTX_EXECUTION_DATE='2025-05-01T00:00:00+00:00' AIRFLOW_CTX_TRY_NUMBER='1' AIRFLOW_CTX_DAG_RUN_ID='scheduled__2025-05-01T00:00:00+00:00'
[2025-07-25T09:53:43.768+0000] {taskinstance.py:732} INFO - ::endgroup::
[2025-07-25T09:53:47.258+0000] {logging_mixin.py:190} INFO - Fetched 15746 companies from NASDAQ exchange.
[2025-07-25T09:53:50.647+0000] {logging_mixin.py:190} INFO - Fetched 13993 companies from NYSE exchange.
[2025-07-25T09:53:51.694+0000] {logging_mixin.py:190} INFO - The process of crawling 29739 companies was successful
[2025-07-25T09:53:51.694+0000] {logging_mixin.py:190} INFO - Saving at /opt/airflow/data/raw/companies/crawl_companies-20250501.json
[2025-07-25T09:53:51.708+0000] {python.py:240} INFO - Done. Returned value was: None
[2025-07-25T09:53:51.713+0000] {taskinstance.py:341} INFO - ::group::Post task execution logs
[2025-07-25T09:53:51.714+0000] {taskinstance.py:353} INFO - Marking task as SUCCESS. dag_id=etl_to_db, task_id=extract_task.crawl_companies, run_id=scheduled__2025-05-01T00:00:00+00:00, execution_date=20250501T000000, start_date=20250725T095343, end_date=20250725T095351
[2025-07-25T09:53:51.747+0000] {local_task_job_runner.py:266} INFO - Task exited with return code 0
[2025-07-25T09:53:51.762+0000] {taskinstance.py:3901} INFO - 0 downstream tasks scheduled from follow-on schedule check
[2025-07-25T09:53:51.763+0000] {local_task_job_runner.py:245} INFO - ::endgroup::
[2025-07-25T10:20:52.831+0000] {local_task_job_runner.py:123} INFO - ::group::Pre task execution logs
[2025-07-25T10:20:52.844+0000] {taskinstance.py:2614} INFO - Dependencies all met for dep_context=non-requeueable deps ti=<TaskInstance: etl_to_db.extract_task.crawl_companies scheduled__2025-05-01T00:00:00+00:00 [queued]>
[2025-07-25T10:20:52.852+0000] {taskinstance.py:2614} INFO - Dependencies all met for dep_context=requeueable deps ti=<TaskInstance: etl_to_db.extract_task.crawl_companies scheduled__2025-05-01T00:00:00+00:00 [queued]>
[2025-07-25T10:20:52.852+0000] {taskinstance.py:2867} INFO - Starting attempt 1 of 1
[2025-07-25T10:20:52.866+0000] {taskinstance.py:2890} INFO - Executing <Task(PythonOperator): extract_task.crawl_companies> on 2025-05-01 00:00:00+00:00
[2025-07-25T10:20:52.873+0000] {standard_task_runner.py:104} INFO - Running: ['airflow', 'tasks', 'run', 'etl_to_db', 'extract_task.crawl_companies', 'scheduled__2025-05-01T00:00:00+00:00', '--job-id', '60', '--raw', '--subdir', 'DAGS_FOLDER/etl_to_db.py', '--cfg-path', '/tmp/tmpw0rwdfyu']
[2025-07-25T10:20:52.877+0000] {standard_task_runner.py:105} INFO - Job 60: Subtask extract_task.crawl_companies
[2025-07-25T10:20:52.877+0000] {logging_mixin.py:190} WARNING - /home/airflow/.local/lib/python3.12/site-packages/airflow/task/task_runner/standard_task_runner.py:70 DeprecationWarning: This process (pid=2168) is multi-threaded, use of fork() may lead to deadlocks in the child.
[2025-07-25T10:20:52.878+0000] {standard_task_runner.py:72} INFO - Started process 2178 to run task
[2025-07-25T10:20:52.917+0000] {task_command.py:467} INFO - Running <TaskInstance: etl_to_db.extract_task.crawl_companies scheduled__2025-05-01T00:00:00+00:00 [running]> on host 74cfddf97016
[2025-07-25T10:20:52.987+0000] {taskinstance.py:3134} INFO - Exporting env vars: AIRFLOW_CTX_DAG_OWNER='airflow' AIRFLOW_CTX_DAG_ID='etl_to_db' AIRFLOW_CTX_TASK_ID='extract_task.crawl_companies' AIRFLOW_CTX_EXECUTION_DATE='2025-05-01T00:00:00+00:00' AIRFLOW_CTX_TRY_NUMBER='1' AIRFLOW_CTX_DAG_RUN_ID='scheduled__2025-05-01T00:00:00+00:00'
[2025-07-25T10:20:52.988+0000] {taskinstance.py:732} INFO - ::endgroup::
[2025-07-25T10:20:56.409+0000] {logging_mixin.py:190} INFO - Fetched 15746 companies from NASDAQ exchange.
[2025-07-25T10:20:59.794+0000] {logging_mixin.py:190} INFO - Fetched 13993 companies from NYSE exchange.
[2025-07-25T10:21:01.119+0000] {logging_mixin.py:190} INFO - The process of crawling 29739 companies was successful
[2025-07-25T10:21:01.119+0000] {logging_mixin.py:190} INFO - Saving at /opt/airflow/data/raw/companies/crawl_companies-20250501.json
[2025-07-25T10:21:01.134+0000] {python.py:240} INFO - Done. Returned value was: None
[2025-07-25T10:21:01.145+0000] {taskinstance.py:341} INFO - ::group::Post task execution logs
[2025-07-25T10:21:01.146+0000] {taskinstance.py:353} INFO - Marking task as SUCCESS. dag_id=etl_to_db, task_id=extract_task.crawl_companies, run_id=scheduled__2025-05-01T00:00:00+00:00, execution_date=20250501T000000, start_date=20250725T102052, end_date=20250725T102101
[2025-07-25T10:21:01.211+0000] {local_task_job_runner.py:266} INFO - Task exited with return code 0
[2025-07-25T10:21:01.238+0000] {taskinstance.py:3901} INFO - 0 downstream tasks scheduled from follow-on schedule check
[2025-07-25T10:21:01.239+0000] {local_task_job_runner.py:245} INFO - ::endgroup::
[2025-07-26T04:44:29.219+0000] {local_task_job_runner.py:123} INFO - ::group::Pre task execution logs
[2025-07-26T04:44:29.230+0000] {taskinstance.py:2614} INFO - Dependencies all met for dep_context=non-requeueable deps ti=<TaskInstance: etl_to_db.extract_task.crawl_companies scheduled__2025-05-01T00:00:00+00:00 [queued]>
[2025-07-26T04:44:29.236+0000] {taskinstance.py:2614} INFO - Dependencies all met for dep_context=requeueable deps ti=<TaskInstance: etl_to_db.extract_task.crawl_companies scheduled__2025-05-01T00:00:00+00:00 [queued]>
[2025-07-26T04:44:29.236+0000] {taskinstance.py:2867} INFO - Starting attempt 1 of 1
[2025-07-26T04:44:29.248+0000] {taskinstance.py:2890} INFO - Executing <Task(PythonOperator): extract_task.crawl_companies> on 2025-05-01 00:00:00+00:00
[2025-07-26T04:44:29.254+0000] {standard_task_runner.py:104} INFO - Running: ['airflow', 'tasks', 'run', 'etl_to_db', 'extract_task.crawl_companies', 'scheduled__2025-05-01T00:00:00+00:00', '--job-id', '8', '--raw', '--subdir', 'DAGS_FOLDER/etl_to_db.py', '--cfg-path', '/tmp/tmp1wqu7_ss']
[2025-07-26T04:44:29.256+0000] {standard_task_runner.py:105} INFO - Job 8: Subtask extract_task.crawl_companies
[2025-07-26T04:44:29.258+0000] {logging_mixin.py:190} WARNING - /home/airflow/.local/lib/python3.12/site-packages/airflow/task/task_runner/standard_task_runner.py:70 DeprecationWarning: This process (pid=307) is multi-threaded, use of fork() may lead to deadlocks in the child.
[2025-07-26T04:44:29.258+0000] {standard_task_runner.py:72} INFO - Started process 317 to run task
[2025-07-26T04:44:29.285+0000] {task_command.py:467} INFO - Running <TaskInstance: etl_to_db.extract_task.crawl_companies scheduled__2025-05-01T00:00:00+00:00 [running]> on host 3bc71adbf7e0
[2025-07-26T04:44:29.338+0000] {taskinstance.py:3134} INFO - Exporting env vars: AIRFLOW_CTX_DAG_OWNER='airflow' AIRFLOW_CTX_DAG_ID='etl_to_db' AIRFLOW_CTX_TASK_ID='extract_task.crawl_companies' AIRFLOW_CTX_EXECUTION_DATE='2025-05-01T00:00:00+00:00' AIRFLOW_CTX_TRY_NUMBER='1' AIRFLOW_CTX_DAG_RUN_ID='scheduled__2025-05-01T00:00:00+00:00'
[2025-07-26T04:44:29.338+0000] {taskinstance.py:732} INFO - ::endgroup::
[2025-07-26T04:44:33.313+0000] {logging_mixin.py:190} INFO - Fetched 15746 companies from NASDAQ exchange.
[2025-07-26T04:44:37.950+0000] {logging_mixin.py:190} INFO - Fetched 13993 companies from NYSE exchange.
[2025-07-26T04:44:38.398+0000] {logging_mixin.py:190} INFO - The process of crawling 29739 companies was successful
[2025-07-26T04:44:38.398+0000] {logging_mixin.py:190} INFO - Saving at /opt/airflow/data/raw/companies/crawl_companies-20250501.json
[2025-07-26T04:44:38.409+0000] {python.py:240} INFO - Done. Returned value was: None
[2025-07-26T04:44:38.413+0000] {taskinstance.py:341} INFO - ::group::Post task execution logs
[2025-07-26T04:44:38.413+0000] {taskinstance.py:353} INFO - Marking task as SUCCESS. dag_id=etl_to_db, task_id=extract_task.crawl_companies, run_id=scheduled__2025-05-01T00:00:00+00:00, execution_date=20250501T000000, start_date=20250726T044429, end_date=20250726T044438
[2025-07-26T04:44:38.456+0000] {local_task_job_runner.py:266} INFO - Task exited with return code 0
[2025-07-26T04:44:38.470+0000] {taskinstance.py:3901} INFO - 0 downstream tasks scheduled from follow-on schedule check
[2025-07-26T04:44:38.471+0000] {local_task_job_runner.py:245} INFO - ::endgroup::
