[2025-07-25T09:54:11.618+0000] {local_task_job_runner.py:123} INFO - ::group::Pre task execution logs
[2025-07-25T09:54:11.630+0000] {taskinstance.py:2614} INFO - Dependencies all met for dep_context=non-requeueable deps ti=<TaskInstance: etl_to_db.extract_task.crawl_markets scheduled__2025-06-01T00:00:00+00:00 [queued]>
[2025-07-25T09:54:11.637+0000] {taskinstance.py:2614} INFO - Dependencies all met for dep_context=requeueable deps ti=<TaskInstance: etl_to_db.extract_task.crawl_markets scheduled__2025-06-01T00:00:00+00:00 [queued]>
[2025-07-25T09:54:11.638+0000] {taskinstance.py:2867} INFO - Starting attempt 1 of 1
[2025-07-25T09:54:11.652+0000] {taskinstance.py:2890} INFO - Executing <Task(PythonOperator): extract_task.crawl_markets> on 2025-06-01 00:00:00+00:00
[2025-07-25T09:54:11.659+0000] {standard_task_runner.py:104} INFO - Running: ['airflow', 'tasks', 'run', 'etl_to_db', 'extract_task.crawl_markets', 'scheduled__2025-06-01T00:00:00+00:00', '--job-id', '48', '--raw', '--subdir', 'DAGS_FOLDER/etl_to_db.py', '--cfg-path', '/tmp/tmpzvup_3zn']
[2025-07-25T09:54:11.661+0000] {standard_task_runner.py:105} INFO - Job 48: Subtask extract_task.crawl_markets
[2025-07-25T09:54:11.663+0000] {logging_mixin.py:190} WARNING - /home/airflow/.local/lib/python3.12/site-packages/airflow/task/task_runner/standard_task_runner.py:70 DeprecationWarning: This process (pid=1805) is multi-threaded, use of fork() may lead to deadlocks in the child.
[2025-07-25T09:54:11.664+0000] {standard_task_runner.py:72} INFO - Started process 1815 to run task
[2025-07-25T09:54:11.697+0000] {task_command.py:467} INFO - Running <TaskInstance: etl_to_db.extract_task.crawl_markets scheduled__2025-06-01T00:00:00+00:00 [running]> on host 74cfddf97016
[2025-07-25T09:54:11.752+0000] {taskinstance.py:3134} INFO - Exporting env vars: AIRFLOW_CTX_DAG_OWNER='airflow' AIRFLOW_CTX_DAG_ID='etl_to_db' AIRFLOW_CTX_TASK_ID='extract_task.crawl_markets' AIRFLOW_CTX_EXECUTION_DATE='2025-06-01T00:00:00+00:00' AIRFLOW_CTX_TRY_NUMBER='1' AIRFLOW_CTX_DAG_RUN_ID='scheduled__2025-06-01T00:00:00+00:00'
[2025-07-25T09:54:11.753+0000] {taskinstance.py:732} INFO - ::endgroup::
[2025-07-25T09:54:12.539+0000] {logging_mixin.py:190} INFO - The process of crawling 16 regions and exchanges was successful.
[2025-07-25T09:54:12.539+0000] {logging_mixin.py:190} INFO - Saving at /opt/airflow/data/raw/markets/crawl_markets-20250601.json
[2025-07-25T09:54:12.540+0000] {python.py:240} INFO - Done. Returned value was: None
[2025-07-25T09:54:12.543+0000] {taskinstance.py:341} INFO - ::group::Post task execution logs
[2025-07-25T09:54:12.544+0000] {taskinstance.py:353} INFO - Marking task as SUCCESS. dag_id=etl_to_db, task_id=extract_task.crawl_markets, run_id=scheduled__2025-06-01T00:00:00+00:00, execution_date=20250601T000000, start_date=20250725T095411, end_date=20250725T095412
[2025-07-25T09:54:12.602+0000] {local_task_job_runner.py:266} INFO - Task exited with return code 0
[2025-07-25T09:54:12.618+0000] {taskinstance.py:3901} INFO - 1 downstream tasks scheduled from follow-on schedule check
[2025-07-25T09:54:12.624+0000] {local_task_job_runner.py:245} INFO - ::endgroup::
[2025-07-25T10:21:25.169+0000] {local_task_job_runner.py:123} INFO - ::group::Pre task execution logs
[2025-07-25T10:21:25.186+0000] {taskinstance.py:2614} INFO - Dependencies all met for dep_context=non-requeueable deps ti=<TaskInstance: etl_to_db.extract_task.crawl_markets scheduled__2025-06-01T00:00:00+00:00 [queued]>
[2025-07-25T10:21:25.194+0000] {taskinstance.py:2614} INFO - Dependencies all met for dep_context=requeueable deps ti=<TaskInstance: etl_to_db.extract_task.crawl_markets scheduled__2025-06-01T00:00:00+00:00 [queued]>
[2025-07-25T10:21:25.195+0000] {taskinstance.py:2867} INFO - Starting attempt 1 of 1
[2025-07-25T10:21:25.212+0000] {taskinstance.py:2890} INFO - Executing <Task(PythonOperator): extract_task.crawl_markets> on 2025-06-01 00:00:00+00:00
[2025-07-25T10:21:25.222+0000] {standard_task_runner.py:104} INFO - Running: ['airflow', 'tasks', 'run', 'etl_to_db', 'extract_task.crawl_markets', 'scheduled__2025-06-01T00:00:00+00:00', '--job-id', '63', '--raw', '--subdir', 'DAGS_FOLDER/etl_to_db.py', '--cfg-path', '/tmp/tmpo7j57tgz']
[2025-07-25T10:21:25.225+0000] {standard_task_runner.py:105} INFO - Job 63: Subtask extract_task.crawl_markets
[2025-07-25T10:21:25.226+0000] {logging_mixin.py:190} WARNING - /home/airflow/.local/lib/python3.12/site-packages/airflow/task/task_runner/standard_task_runner.py:70 DeprecationWarning: This process (pid=2206) is multi-threaded, use of fork() may lead to deadlocks in the child.
[2025-07-25T10:21:25.227+0000] {standard_task_runner.py:72} INFO - Started process 2216 to run task
[2025-07-25T10:21:25.270+0000] {task_command.py:467} INFO - Running <TaskInstance: etl_to_db.extract_task.crawl_markets scheduled__2025-06-01T00:00:00+00:00 [running]> on host 74cfddf97016
[2025-07-25T10:21:25.345+0000] {taskinstance.py:3134} INFO - Exporting env vars: AIRFLOW_CTX_DAG_OWNER='airflow' AIRFLOW_CTX_DAG_ID='etl_to_db' AIRFLOW_CTX_TASK_ID='extract_task.crawl_markets' AIRFLOW_CTX_EXECUTION_DATE='2025-06-01T00:00:00+00:00' AIRFLOW_CTX_TRY_NUMBER='1' AIRFLOW_CTX_DAG_RUN_ID='scheduled__2025-06-01T00:00:00+00:00'
[2025-07-25T10:21:25.346+0000] {taskinstance.py:732} INFO - ::endgroup::
[2025-07-25T10:21:26.158+0000] {logging_mixin.py:190} INFO - The process of crawling 16 regions and exchanges was successful.
[2025-07-25T10:21:26.158+0000] {logging_mixin.py:190} INFO - Saving at /opt/airflow/data/raw/markets/crawl_markets-20250601.json
[2025-07-25T10:21:26.159+0000] {python.py:240} INFO - Done. Returned value was: None
[2025-07-25T10:21:26.164+0000] {taskinstance.py:341} INFO - ::group::Post task execution logs
[2025-07-25T10:21:26.164+0000] {taskinstance.py:353} INFO - Marking task as SUCCESS. dag_id=etl_to_db, task_id=extract_task.crawl_markets, run_id=scheduled__2025-06-01T00:00:00+00:00, execution_date=20250601T000000, start_date=20250725T102125, end_date=20250725T102126
[2025-07-25T10:21:26.205+0000] {local_task_job_runner.py:266} INFO - Task exited with return code 0
[2025-07-25T10:21:26.222+0000] {taskinstance.py:3901} INFO - 1 downstream tasks scheduled from follow-on schedule check
[2025-07-25T10:21:26.229+0000] {local_task_job_runner.py:245} INFO - ::endgroup::
[2025-07-26T04:45:00.519+0000] {local_task_job_runner.py:123} INFO - ::group::Pre task execution logs
[2025-07-26T04:45:00.532+0000] {taskinstance.py:2614} INFO - Dependencies all met for dep_context=non-requeueable deps ti=<TaskInstance: etl_to_db.extract_task.crawl_markets scheduled__2025-06-01T00:00:00+00:00 [queued]>
[2025-07-26T04:45:00.540+0000] {taskinstance.py:2614} INFO - Dependencies all met for dep_context=requeueable deps ti=<TaskInstance: etl_to_db.extract_task.crawl_markets scheduled__2025-06-01T00:00:00+00:00 [queued]>
[2025-07-26T04:45:00.540+0000] {taskinstance.py:2867} INFO - Starting attempt 1 of 1
[2025-07-26T04:45:00.554+0000] {taskinstance.py:2890} INFO - Executing <Task(PythonOperator): extract_task.crawl_markets> on 2025-06-01 00:00:00+00:00
[2025-07-26T04:45:00.560+0000] {standard_task_runner.py:104} INFO - Running: ['airflow', 'tasks', 'run', 'etl_to_db', 'extract_task.crawl_markets', 'scheduled__2025-06-01T00:00:00+00:00', '--job-id', '11', '--raw', '--subdir', 'DAGS_FOLDER/etl_to_db.py', '--cfg-path', '/tmp/tmpgf6ek0b4']
[2025-07-26T04:45:00.561+0000] {standard_task_runner.py:105} INFO - Job 11: Subtask extract_task.crawl_markets
[2025-07-26T04:45:00.565+0000] {logging_mixin.py:190} WARNING - /home/airflow/.local/lib/python3.12/site-packages/airflow/task/task_runner/standard_task_runner.py:70 DeprecationWarning: This process (pid=345) is multi-threaded, use of fork() may lead to deadlocks in the child.
[2025-07-26T04:45:00.565+0000] {standard_task_runner.py:72} INFO - Started process 355 to run task
[2025-07-26T04:45:00.590+0000] {task_command.py:467} INFO - Running <TaskInstance: etl_to_db.extract_task.crawl_markets scheduled__2025-06-01T00:00:00+00:00 [running]> on host 3bc71adbf7e0
[2025-07-26T04:45:00.642+0000] {taskinstance.py:3134} INFO - Exporting env vars: AIRFLOW_CTX_DAG_OWNER='airflow' AIRFLOW_CTX_DAG_ID='etl_to_db' AIRFLOW_CTX_TASK_ID='extract_task.crawl_markets' AIRFLOW_CTX_EXECUTION_DATE='2025-06-01T00:00:00+00:00' AIRFLOW_CTX_TRY_NUMBER='1' AIRFLOW_CTX_DAG_RUN_ID='scheduled__2025-06-01T00:00:00+00:00'
[2025-07-26T04:45:00.642+0000] {taskinstance.py:732} INFO - ::endgroup::
[2025-07-26T04:45:01.446+0000] {logging_mixin.py:190} INFO - The process of crawling 16 regions and exchanges was successful.
[2025-07-26T04:45:01.446+0000] {logging_mixin.py:190} INFO - Saving at /opt/airflow/data/raw/markets/crawl_markets-20250601.json
[2025-07-26T04:45:01.447+0000] {python.py:240} INFO - Done. Returned value was: None
[2025-07-26T04:45:01.450+0000] {taskinstance.py:341} INFO - ::group::Post task execution logs
[2025-07-26T04:45:01.451+0000] {taskinstance.py:353} INFO - Marking task as SUCCESS. dag_id=etl_to_db, task_id=extract_task.crawl_markets, run_id=scheduled__2025-06-01T00:00:00+00:00, execution_date=20250601T000000, start_date=20250726T044500, end_date=20250726T044501
[2025-07-26T04:45:01.504+0000] {local_task_job_runner.py:266} INFO - Task exited with return code 0
[2025-07-26T04:45:01.519+0000] {taskinstance.py:3901} INFO - 1 downstream tasks scheduled from follow-on schedule check
[2025-07-26T04:45:01.525+0000] {local_task_job_runner.py:245} INFO - ::endgroup::
