[2025-07-25T11:13:27.291+0000] {local_task_job_runner.py:123} INFO - ::group::Pre task execution logs
[2025-07-25T11:13:27.301+0000] {taskinstance.py:2614} INFO - Dependencies all met for dep_context=non-requeueable deps ti=<TaskInstance: elt_to_dwh.create_dwh scheduled__2025-07-16T00:00:00+00:00 [queued]>
[2025-07-25T11:13:27.306+0000] {taskinstance.py:2614} INFO - Dependencies all met for dep_context=requeueable deps ti=<TaskInstance: elt_to_dwh.create_dwh scheduled__2025-07-16T00:00:00+00:00 [queued]>
[2025-07-25T11:13:27.307+0000] {taskinstance.py:2867} INFO - Starting attempt 1 of 1
[2025-07-25T11:13:27.322+0000] {taskinstance.py:2890} INFO - Executing <Task(PythonOperator): create_dwh> on 2025-07-16 00:00:00+00:00
[2025-07-25T11:13:27.329+0000] {standard_task_runner.py:104} INFO - Running: ['airflow', 'tasks', 'run', 'elt_to_dwh', 'create_dwh', 'scheduled__2025-07-16T00:00:00+00:00', '--job-id', '98', '--raw', '--subdir', 'DAGS_FOLDER/elt_to_dwh.py', '--cfg-path', '/tmp/tmp7lsdyw6b']
[2025-07-25T11:13:27.331+0000] {standard_task_runner.py:105} INFO - Job 98: Subtask create_dwh
[2025-07-25T11:13:27.334+0000] {logging_mixin.py:190} WARNING - /home/airflow/.local/lib/python3.12/site-packages/airflow/task/task_runner/standard_task_runner.py:70 DeprecationWarning: This process (pid=3149) is multi-threaded, use of fork() may lead to deadlocks in the child.
[2025-07-25T11:13:27.335+0000] {standard_task_runner.py:72} INFO - Started process 3159 to run task
[2025-07-25T11:13:27.379+0000] {task_command.py:467} INFO - Running <TaskInstance: elt_to_dwh.create_dwh scheduled__2025-07-16T00:00:00+00:00 [running]> on host 74cfddf97016
[2025-07-25T11:13:27.465+0000] {taskinstance.py:3134} INFO - Exporting env vars: AIRFLOW_CTX_DAG_OWNER='airflow' AIRFLOW_CTX_DAG_ID='elt_to_dwh' AIRFLOW_CTX_TASK_ID='create_dwh' AIRFLOW_CTX_EXECUTION_DATE='2025-07-16T00:00:00+00:00' AIRFLOW_CTX_TRY_NUMBER='1' AIRFLOW_CTX_DAG_RUN_ID='scheduled__2025-07-16T00:00:00+00:00'
[2025-07-25T11:13:27.465+0000] {taskinstance.py:732} INFO - ::endgroup::
[2025-07-25T11:13:27.537+0000] {logging_mixin.py:190} INFO - Executed DDL script successfully!
[2025-07-25T11:13:27.551+0000] {python.py:240} INFO - Done. Returned value was: None
[2025-07-25T11:13:27.556+0000] {taskinstance.py:341} INFO - ::group::Post task execution logs
[2025-07-25T11:13:27.556+0000] {taskinstance.py:353} INFO - Marking task as SUCCESS. dag_id=elt_to_dwh, task_id=create_dwh, run_id=scheduled__2025-07-16T00:00:00+00:00, execution_date=20250716T000000, start_date=20250725T111327, end_date=20250725T111327
[2025-07-25T11:13:27.591+0000] {local_task_job_runner.py:266} INFO - Task exited with return code 0
[2025-07-25T11:13:27.613+0000] {taskinstance.py:3901} INFO - 3 downstream tasks scheduled from follow-on schedule check
[2025-07-25T11:13:27.619+0000] {local_task_job_runner.py:245} INFO - ::endgroup::
[2025-07-25T11:53:23.944+0000] {local_task_job_runner.py:123} INFO - ::group::Pre task execution logs
[2025-07-25T11:53:23.961+0000] {taskinstance.py:2614} INFO - Dependencies all met for dep_context=non-requeueable deps ti=<TaskInstance: elt_to_dwh.create_dwh scheduled__2025-07-16T00:00:00+00:00 [queued]>
[2025-07-25T11:53:23.970+0000] {taskinstance.py:2614} INFO - Dependencies all met for dep_context=requeueable deps ti=<TaskInstance: elt_to_dwh.create_dwh scheduled__2025-07-16T00:00:00+00:00 [queued]>
[2025-07-25T11:53:23.970+0000] {taskinstance.py:2867} INFO - Starting attempt 1 of 1
[2025-07-25T11:53:23.986+0000] {taskinstance.py:2890} INFO - Executing <Task(PythonOperator): create_dwh> on 2025-07-16 00:00:00+00:00
[2025-07-25T11:53:23.994+0000] {standard_task_runner.py:104} INFO - Running: ['airflow', 'tasks', 'run', 'elt_to_dwh', 'create_dwh', 'scheduled__2025-07-16T00:00:00+00:00', '--job-id', '169', '--raw', '--subdir', 'DAGS_FOLDER/elt_to_dwh.py', '--cfg-path', '/tmp/tmplmasou3u']
[2025-07-25T11:53:23.997+0000] {standard_task_runner.py:105} INFO - Job 169: Subtask create_dwh
[2025-07-25T11:53:23.999+0000] {logging_mixin.py:190} WARNING - /home/airflow/.local/lib/python3.12/site-packages/airflow/task/task_runner/standard_task_runner.py:70 DeprecationWarning: This process (pid=4901) is multi-threaded, use of fork() may lead to deadlocks in the child.
[2025-07-25T11:53:23.999+0000] {standard_task_runner.py:72} INFO - Started process 4911 to run task
[2025-07-25T11:53:24.041+0000] {task_command.py:467} INFO - Running <TaskInstance: elt_to_dwh.create_dwh scheduled__2025-07-16T00:00:00+00:00 [running]> on host 74cfddf97016
[2025-07-25T11:53:24.107+0000] {taskinstance.py:3134} INFO - Exporting env vars: AIRFLOW_CTX_DAG_OWNER='airflow' AIRFLOW_CTX_DAG_ID='elt_to_dwh' AIRFLOW_CTX_TASK_ID='create_dwh' AIRFLOW_CTX_EXECUTION_DATE='2025-07-16T00:00:00+00:00' AIRFLOW_CTX_TRY_NUMBER='1' AIRFLOW_CTX_DAG_RUN_ID='scheduled__2025-07-16T00:00:00+00:00'
[2025-07-25T11:53:24.108+0000] {taskinstance.py:732} INFO - ::endgroup::
[2025-07-25T11:53:24.168+0000] {logging_mixin.py:190} INFO - Executed DDL script successfully!
[2025-07-25T11:53:24.184+0000] {python.py:240} INFO - Done. Returned value was: None
[2025-07-25T11:53:24.190+0000] {taskinstance.py:341} INFO - ::group::Post task execution logs
[2025-07-25T11:53:24.190+0000] {taskinstance.py:353} INFO - Marking task as SUCCESS. dag_id=elt_to_dwh, task_id=create_dwh, run_id=scheduled__2025-07-16T00:00:00+00:00, execution_date=20250716T000000, start_date=20250725T115323, end_date=20250725T115324
[2025-07-25T11:53:24.255+0000] {local_task_job_runner.py:266} INFO - Task exited with return code 0
[2025-07-25T11:53:24.279+0000] {taskinstance.py:3901} INFO - 3 downstream tasks scheduled from follow-on schedule check
[2025-07-25T11:53:24.285+0000] {local_task_job_runner.py:245} INFO - ::endgroup::
[2025-07-26T05:00:02.628+0000] {local_task_job_runner.py:123} INFO - ::group::Pre task execution logs
[2025-07-26T05:00:02.639+0000] {taskinstance.py:2614} INFO - Dependencies all met for dep_context=non-requeueable deps ti=<TaskInstance: elt_to_dwh.create_dwh scheduled__2025-07-16T00:00:00+00:00 [queued]>
[2025-07-26T05:00:02.645+0000] {taskinstance.py:2614} INFO - Dependencies all met for dep_context=requeueable deps ti=<TaskInstance: elt_to_dwh.create_dwh scheduled__2025-07-16T00:00:00+00:00 [queued]>
[2025-07-26T05:00:02.646+0000] {taskinstance.py:2867} INFO - Starting attempt 1 of 1
[2025-07-26T05:00:02.663+0000] {taskinstance.py:2890} INFO - Executing <Task(PythonOperator): create_dwh> on 2025-07-16 00:00:00+00:00
[2025-07-26T05:00:02.670+0000] {standard_task_runner.py:104} INFO - Running: ['airflow', 'tasks', 'run', 'elt_to_dwh', 'create_dwh', 'scheduled__2025-07-16T00:00:00+00:00', '--job-id', '50', '--raw', '--subdir', 'DAGS_FOLDER/elt_to_dwh.py', '--cfg-path', '/tmp/tmpp0084l5o']
[2025-07-26T05:00:02.672+0000] {standard_task_runner.py:105} INFO - Job 50: Subtask create_dwh
[2025-07-26T05:00:02.674+0000] {logging_mixin.py:190} WARNING - /home/airflow/.local/lib/python3.12/site-packages/airflow/task/task_runner/standard_task_runner.py:70 DeprecationWarning: This process (pid=1536) is multi-threaded, use of fork() may lead to deadlocks in the child.
[2025-07-26T05:00:02.675+0000] {standard_task_runner.py:72} INFO - Started process 1546 to run task
[2025-07-26T05:00:02.712+0000] {task_command.py:467} INFO - Running <TaskInstance: elt_to_dwh.create_dwh scheduled__2025-07-16T00:00:00+00:00 [running]> on host 3bc71adbf7e0
[2025-07-26T05:00:02.793+0000] {taskinstance.py:3134} INFO - Exporting env vars: AIRFLOW_CTX_DAG_OWNER='airflow' AIRFLOW_CTX_DAG_ID='elt_to_dwh' AIRFLOW_CTX_TASK_ID='create_dwh' AIRFLOW_CTX_EXECUTION_DATE='2025-07-16T00:00:00+00:00' AIRFLOW_CTX_TRY_NUMBER='1' AIRFLOW_CTX_DAG_RUN_ID='scheduled__2025-07-16T00:00:00+00:00'
[2025-07-26T05:00:02.794+0000] {taskinstance.py:732} INFO - ::endgroup::
[2025-07-26T05:00:02.873+0000] {logging_mixin.py:190} INFO - Executed DDL script successfully!
[2025-07-26T05:00:02.897+0000] {python.py:240} INFO - Done. Returned value was: None
[2025-07-26T05:00:02.914+0000] {taskinstance.py:341} INFO - ::group::Post task execution logs
[2025-07-26T05:00:02.915+0000] {taskinstance.py:353} INFO - Marking task as SUCCESS. dag_id=elt_to_dwh, task_id=create_dwh, run_id=scheduled__2025-07-16T00:00:00+00:00, execution_date=20250716T000000, start_date=20250726T050002, end_date=20250726T050002
[2025-07-26T05:00:03.010+0000] {local_task_job_runner.py:266} INFO - Task exited with return code 0
[2025-07-26T05:00:03.052+0000] {taskinstance.py:3901} INFO - 3 downstream tasks scheduled from follow-on schedule check
[2025-07-26T05:00:03.068+0000] {local_task_job_runner.py:245} INFO - ::endgroup::
