[2025-07-26T05:00:39.794+0000] {local_task_job_runner.py:123} INFO - ::group::Pre task execution logs
[2025-07-26T05:00:39.808+0000] {taskinstance.py:2614} INFO - Dependencies all met for dep_context=non-requeueable deps ti=<TaskInstance: elt_to_dwh.transform_task.process_ohlcs scheduled__2025-07-11T00:00:00+00:00 [queued]>
[2025-07-26T05:00:39.817+0000] {taskinstance.py:2614} INFO - Dependencies all met for dep_context=requeueable deps ti=<TaskInstance: elt_to_dwh.transform_task.process_ohlcs scheduled__2025-07-11T00:00:00+00:00 [queued]>
[2025-07-26T05:00:39.817+0000] {taskinstance.py:2867} INFO - Starting attempt 1 of 1
[2025-07-26T05:00:39.830+0000] {taskinstance.py:2890} INFO - Executing <Task(SparkSubmitOperator): transform_task.process_ohlcs> on 2025-07-11 00:00:00+00:00
[2025-07-26T05:00:39.838+0000] {standard_task_runner.py:104} INFO - Running: ['airflow', 'tasks', 'run', 'elt_to_dwh', 'transform_task.process_ohlcs', 'scheduled__2025-07-11T00:00:00+00:00', '--job-id', '56', '--raw', '--subdir', 'DAGS_FOLDER/elt_to_dwh.py', '--cfg-path', '/tmp/tmpb130xdl0']
[2025-07-26T05:00:39.840+0000] {standard_task_runner.py:105} INFO - Job 56: Subtask transform_task.process_ohlcs
[2025-07-26T05:00:39.842+0000] {logging_mixin.py:190} WARNING - /home/airflow/.local/lib/python3.12/site-packages/airflow/task/task_runner/standard_task_runner.py:70 DeprecationWarning: This process (pid=1641) is multi-threaded, use of fork() may lead to deadlocks in the child.
[2025-07-26T05:00:39.843+0000] {standard_task_runner.py:72} INFO - Started process 1651 to run task
[2025-07-26T05:00:39.881+0000] {task_command.py:467} INFO - Running <TaskInstance: elt_to_dwh.transform_task.process_ohlcs scheduled__2025-07-11T00:00:00+00:00 [running]> on host 3bc71adbf7e0
[2025-07-26T05:00:39.971+0000] {taskinstance.py:3134} INFO - Exporting env vars: AIRFLOW_CTX_DAG_OWNER='airflow' AIRFLOW_CTX_DAG_ID='elt_to_dwh' AIRFLOW_CTX_TASK_ID='transform_task.process_ohlcs' AIRFLOW_CTX_EXECUTION_DATE='2025-07-11T00:00:00+00:00' AIRFLOW_CTX_TRY_NUMBER='1' AIRFLOW_CTX_DAG_RUN_ID='scheduled__2025-07-11T00:00:00+00:00'
[2025-07-26T05:00:39.971+0000] {taskinstance.py:732} INFO - ::endgroup::
[2025-07-26T05:00:39.990+0000] {base.py:84} INFO - Retrieving connection 'spark_conn'
[2025-07-26T05:00:39.991+0000] {spark_submit.py:351} INFO - Spark-Submit cmd: spark-submit --master spark-master:7077 --name arrow-spark /opt/airflow/scripts/elt_to_dwh/transform/process_ohlcs.py 2025-07-11
[2025-07-26T05:00:43.184+0000] {spark_submit.py:521} INFO - Execution date string: 2025-07-11
[2025-07-26T05:00:43.619+0000] {spark_submit.py:521} INFO - Reading from: s3a://stock-project-datalake/ohlcs/crawl_ohlcs-20250711.parquet
[2025-07-26T05:00:43.690+0000] {spark_submit.py:521} INFO - 25/07/26 05:00:43 INFO SparkContext: Running Spark version 3.5.6
[2025-07-26T05:00:43.691+0000] {spark_submit.py:521} INFO - 25/07/26 05:00:43 INFO SparkContext: OS info Linux, 5.15.153.1-microsoft-standard-WSL2, amd64
[2025-07-26T05:00:43.692+0000] {spark_submit.py:521} INFO - 25/07/26 05:00:43 INFO SparkContext: Java version 17.0.15
[2025-07-26T05:00:43.743+0000] {spark_submit.py:521} INFO - 25/07/26 05:00:43 WARN NativeCodeLoader: Unable to load native-hadoop library for your platform... using builtin-java classes where applicable
[2025-07-26T05:00:43.830+0000] {spark_submit.py:521} INFO - 25/07/26 05:00:43 INFO ResourceUtils: ==============================================================
[2025-07-26T05:00:43.831+0000] {spark_submit.py:521} INFO - 25/07/26 05:00:43 INFO ResourceUtils: No custom resources configured for spark.driver.
[2025-07-26T05:00:43.831+0000] {spark_submit.py:521} INFO - 25/07/26 05:00:43 INFO ResourceUtils: ==============================================================
[2025-07-26T05:00:43.832+0000] {spark_submit.py:521} INFO - 25/07/26 05:00:43 INFO SparkContext: Submitted application: process_ohlcs
[2025-07-26T05:00:43.852+0000] {spark_submit.py:521} INFO - 25/07/26 05:00:43 INFO ResourceProfile: Default ResourceProfile created, executor resources: Map(memory -> name: memory, amount: 1024, script: , vendor: , offHeap -> name: offHeap, amount: 0, script: , vendor: ), task resources: Map(cpus -> name: cpus, amount: 1.0)
[2025-07-26T05:00:43.863+0000] {spark_submit.py:521} INFO - 25/07/26 05:00:43 INFO ResourceProfile: Limiting resource is cpu
[2025-07-26T05:00:43.864+0000] {spark_submit.py:521} INFO - 25/07/26 05:00:43 INFO ResourceProfileManager: Added ResourceProfile id: 0
[2025-07-26T05:00:43.914+0000] {spark_submit.py:521} INFO - 25/07/26 05:00:43 INFO SecurityManager: Changing view acls to: airflow
[2025-07-26T05:00:43.915+0000] {spark_submit.py:521} INFO - 25/07/26 05:00:43 INFO SecurityManager: Changing modify acls to: airflow
[2025-07-26T05:00:43.915+0000] {spark_submit.py:521} INFO - 25/07/26 05:00:43 INFO SecurityManager: Changing view acls groups to:
[2025-07-26T05:00:43.916+0000] {spark_submit.py:521} INFO - 25/07/26 05:00:43 INFO SecurityManager: Changing modify acls groups to:
[2025-07-26T05:00:43.917+0000] {spark_submit.py:521} INFO - 25/07/26 05:00:43 INFO SecurityManager: SecurityManager: authentication disabled; ui acls disabled; users with view permissions: airflow; groups with view permissions: EMPTY; users with modify permissions: airflow; groups with modify permissions: EMPTY
[2025-07-26T05:00:44.135+0000] {spark_submit.py:521} INFO - 25/07/26 05:00:44 INFO Utils: Successfully started service 'sparkDriver' on port 38751.
[2025-07-26T05:00:44.159+0000] {spark_submit.py:521} INFO - 25/07/26 05:00:44 INFO SparkEnv: Registering MapOutputTracker
[2025-07-26T05:00:44.189+0000] {spark_submit.py:521} INFO - 25/07/26 05:00:44 INFO SparkEnv: Registering BlockManagerMaster
[2025-07-26T05:00:44.210+0000] {spark_submit.py:521} INFO - 25/07/26 05:00:44 INFO BlockManagerMasterEndpoint: Using org.apache.spark.storage.DefaultTopologyMapper for getting topology information
[2025-07-26T05:00:44.211+0000] {spark_submit.py:521} INFO - 25/07/26 05:00:44 INFO BlockManagerMasterEndpoint: BlockManagerMasterEndpoint up
[2025-07-26T05:00:44.216+0000] {spark_submit.py:521} INFO - 25/07/26 05:00:44 INFO SparkEnv: Registering BlockManagerMasterHeartbeat
[2025-07-26T05:00:44.236+0000] {spark_submit.py:521} INFO - 25/07/26 05:00:44 INFO DiskBlockManager: Created local directory at /tmp/blockmgr-73a697f3-f926-4093-b073-af7d19998aa4
[2025-07-26T05:00:44.249+0000] {spark_submit.py:521} INFO - 25/07/26 05:00:44 INFO MemoryStore: MemoryStore started with capacity 434.4 MiB
[2025-07-26T05:00:44.263+0000] {spark_submit.py:521} INFO - 25/07/26 05:00:44 INFO SparkEnv: Registering OutputCommitCoordinator
[2025-07-26T05:00:44.377+0000] {spark_submit.py:521} INFO - 25/07/26 05:00:44 INFO JettyUtils: Start Jetty 0.0.0.0:4040 for SparkUI
[2025-07-26T05:00:44.438+0000] {spark_submit.py:521} INFO - 25/07/26 05:00:44 INFO Utils: Successfully started service 'SparkUI' on port 4040.
[2025-07-26T05:00:44.575+0000] {spark_submit.py:521} INFO - 25/07/26 05:00:44 INFO StandaloneAppClient$ClientEndpoint: Connecting to master spark://spark-master:7077...
[2025-07-26T05:00:44.629+0000] {spark_submit.py:521} INFO - 25/07/26 05:00:44 INFO TransportClientFactory: Successfully created connection to spark-master/172.18.0.5:7077 after 30 ms (0 ms spent in bootstraps)
[2025-07-26T05:00:44.727+0000] {spark_submit.py:521} INFO - 25/07/26 05:00:44 INFO StandaloneSchedulerBackend: Connected to Spark cluster with app ID app-20250726050044-0001
[2025-07-26T05:00:44.737+0000] {spark_submit.py:521} INFO - 25/07/26 05:00:44 INFO StandaloneAppClient$ClientEndpoint: Executor added: app-20250726050044-0001/0 on worker-20250726042217-172.18.0.6-40723 (172.18.0.6:40723) with 2 core(s)
[2025-07-26T05:00:44.743+0000] {spark_submit.py:521} INFO - 25/07/26 05:00:44 INFO StandaloneSchedulerBackend: Granted executor ID app-20250726050044-0001/0 on hostPort 172.18.0.6:40723 with 2 core(s), 1024.0 MiB RAM
[2025-07-26T05:00:44.744+0000] {spark_submit.py:521} INFO - 25/07/26 05:00:44 INFO Utils: Successfully started service 'org.apache.spark.network.netty.NettyBlockTransferService' on port 34363.
[2025-07-26T05:00:44.745+0000] {spark_submit.py:521} INFO - 25/07/26 05:00:44 INFO NettyBlockTransferService: Server created on 3bc71adbf7e0:34363
[2025-07-26T05:00:44.749+0000] {spark_submit.py:521} INFO - 25/07/26 05:00:44 INFO BlockManager: Using org.apache.spark.storage.RandomBlockReplicationPolicy for block replication policy
[2025-07-26T05:00:44.759+0000] {spark_submit.py:521} INFO - 25/07/26 05:00:44 INFO BlockManagerMaster: Registering BlockManager BlockManagerId(driver, 3bc71adbf7e0, 34363, None)
[2025-07-26T05:00:44.766+0000] {spark_submit.py:521} INFO - 25/07/26 05:00:44 INFO BlockManagerMasterEndpoint: Registering block manager 3bc71adbf7e0:34363 with 434.4 MiB RAM, BlockManagerId(driver, 3bc71adbf7e0, 34363, None)
[2025-07-26T05:00:44.769+0000] {spark_submit.py:521} INFO - 25/07/26 05:00:44 INFO BlockManagerMaster: Registered BlockManager BlockManagerId(driver, 3bc71adbf7e0, 34363, None)
[2025-07-26T05:00:44.771+0000] {spark_submit.py:521} INFO - 25/07/26 05:00:44 INFO BlockManager: Initialized BlockManager: BlockManagerId(driver, 3bc71adbf7e0, 34363, None)
[2025-07-26T05:00:44.786+0000] {spark_submit.py:521} INFO - 25/07/26 05:00:44 INFO StandaloneAppClient$ClientEndpoint: Executor updated: app-20250726050044-0001/0 is now RUNNING
[2025-07-26T05:00:45.074+0000] {spark_submit.py:521} INFO - 25/07/26 05:00:45 INFO StandaloneSchedulerBackend: SchedulerBackend is ready for scheduling beginning after reached minRegisteredResourcesRatio: 0.0
[2025-07-26T05:00:45.377+0000] {spark_submit.py:521} INFO - 25/07/26 05:00:45 INFO SharedState: Setting hive.metastore.warehouse.dir ('null') to the value of spark.sql.warehouse.dir.
[2025-07-26T05:00:45.388+0000] {spark_submit.py:521} INFO - 25/07/26 05:00:45 INFO SharedState: Warehouse path is 'file:/opt/airflow/spark-warehouse'.
[2025-07-26T05:00:46.688+0000] {spark_submit.py:521} INFO - 25/07/26 05:00:46 WARN MetricsConfig: Cannot locate configuration: tried hadoop-metrics2-s3a-file-system.properties,hadoop-metrics2.properties
[2025-07-26T05:00:46.736+0000] {spark_submit.py:521} INFO - 25/07/26 05:00:46 INFO MetricsSystemImpl: Scheduled Metric snapshot period at 10 second(s).
[2025-07-26T05:00:46.737+0000] {spark_submit.py:521} INFO - 25/07/26 05:00:46 INFO MetricsSystemImpl: s3a-file-system metrics system started
[2025-07-26T05:00:47.924+0000] {spark_submit.py:521} INFO - 25/07/26 05:00:47 INFO StandaloneSchedulerBackend$StandaloneDriverEndpoint: Registered executor NettyRpcEndpointRef(spark-client://Executor) (172.18.0.6:55760) with ID 0,  ResourceProfileId 0
[2025-07-26T05:00:47.994+0000] {spark_submit.py:521} INFO - 25/07/26 05:00:47 INFO BlockManagerMasterEndpoint: Registering block manager 172.18.0.6:36881 with 434.4 MiB RAM, BlockManagerId(0, 172.18.0.6, 36881, None)
[2025-07-26T05:00:48.962+0000] {spark_submit.py:521} INFO - 25/07/26 05:00:48 INFO InMemoryFileIndex: It took 162 ms to list leaf files for 1 paths.
[2025-07-26T05:00:49.261+0000] {spark_submit.py:521} INFO - 25/07/26 05:00:49 INFO SparkContext: Starting job: parquet at NativeMethodAccessorImpl.java:0
[2025-07-26T05:00:49.275+0000] {spark_submit.py:521} INFO - 25/07/26 05:00:49 INFO DAGScheduler: Got job 0 (parquet at NativeMethodAccessorImpl.java:0) with 1 output partitions
[2025-07-26T05:00:49.276+0000] {spark_submit.py:521} INFO - 25/07/26 05:00:49 INFO DAGScheduler: Final stage: ResultStage 0 (parquet at NativeMethodAccessorImpl.java:0)
[2025-07-26T05:00:49.277+0000] {spark_submit.py:521} INFO - 25/07/26 05:00:49 INFO DAGScheduler: Parents of final stage: List()
[2025-07-26T05:00:49.279+0000] {spark_submit.py:521} INFO - 25/07/26 05:00:49 INFO DAGScheduler: Missing parents: List()
[2025-07-26T05:00:49.283+0000] {spark_submit.py:521} INFO - 25/07/26 05:00:49 INFO DAGScheduler: Submitting ResultStage 0 (MapPartitionsRDD[1] at parquet at NativeMethodAccessorImpl.java:0), which has no missing parents
[2025-07-26T05:00:49.328+0000] {spark_submit.py:521} INFO - 25/07/26 05:00:49 INFO MemoryStore: Block broadcast_0 stored as values in memory (estimated size 104.6 KiB, free 434.3 MiB)
[2025-07-26T05:00:49.356+0000] {spark_submit.py:521} INFO - 25/07/26 05:00:49 INFO MemoryStore: Block broadcast_0_piece0 stored as bytes in memory (estimated size 38.1 KiB, free 434.3 MiB)
[2025-07-26T05:00:49.359+0000] {spark_submit.py:521} INFO - 25/07/26 05:00:49 INFO BlockManagerInfo: Added broadcast_0_piece0 in memory on 3bc71adbf7e0:34363 (size: 38.1 KiB, free: 434.4 MiB)
[2025-07-26T05:00:49.363+0000] {spark_submit.py:521} INFO - 25/07/26 05:00:49 INFO SparkContext: Created broadcast 0 from broadcast at DAGScheduler.scala:1611
[2025-07-26T05:00:49.398+0000] {spark_submit.py:521} INFO - 25/07/26 05:00:49 INFO DAGScheduler: Submitting 1 missing tasks from ResultStage 0 (MapPartitionsRDD[1] at parquet at NativeMethodAccessorImpl.java:0) (first 15 tasks are for partitions Vector(0))
[2025-07-26T05:00:49.399+0000] {spark_submit.py:521} INFO - 25/07/26 05:00:49 INFO TaskSchedulerImpl: Adding task set 0.0 with 1 tasks resource profile 0
[2025-07-26T05:00:49.437+0000] {spark_submit.py:521} INFO - 25/07/26 05:00:49 INFO TaskSetManager: Starting task 0.0 in stage 0.0 (TID 0) (172.18.0.6, executor 0, partition 0, PROCESS_LOCAL, 9161 bytes)
[2025-07-26T05:00:49.720+0000] {spark_submit.py:521} INFO - 25/07/26 05:00:49 INFO BlockManagerInfo: Added broadcast_0_piece0 in memory on 172.18.0.6:36881 (size: 38.1 KiB, free: 434.4 MiB)
[2025-07-26T05:00:52.086+0000] {spark_submit.py:521} INFO - 25/07/26 05:00:52 INFO TaskSetManager: Finished task 0.0 in stage 0.0 (TID 0) in 2662 ms on 172.18.0.6 (executor 0) (1/1)
[2025-07-26T05:00:52.089+0000] {spark_submit.py:521} INFO - 25/07/26 05:00:52 INFO TaskSchedulerImpl: Removed TaskSet 0.0, whose tasks have all completed, from pool
[2025-07-26T05:00:52.093+0000] {spark_submit.py:521} INFO - 25/07/26 05:00:52 INFO DAGScheduler: ResultStage 0 (parquet at NativeMethodAccessorImpl.java:0) finished in 2.795 s
[2025-07-26T05:00:52.097+0000] {spark_submit.py:521} INFO - 25/07/26 05:00:52 INFO DAGScheduler: Job 0 is finished. Cancelling potential speculative or zombie tasks for this job
[2025-07-26T05:00:52.097+0000] {spark_submit.py:521} INFO - 25/07/26 05:00:52 INFO TaskSchedulerImpl: Killing all running tasks in stage 0: Stage finished
[2025-07-26T05:00:52.099+0000] {spark_submit.py:521} INFO - 25/07/26 05:00:52 INFO DAGScheduler: Job 0 finished: parquet at NativeMethodAccessorImpl.java:0, took 2.837723 s
[2025-07-26T05:00:52.214+0000] {spark_submit.py:521} INFO - 25/07/26 05:00:52 INFO BlockManagerInfo: Removed broadcast_0_piece0 on 3bc71adbf7e0:34363 in memory (size: 38.1 KiB, free: 434.4 MiB)
[2025-07-26T05:00:52.224+0000] {spark_submit.py:521} INFO - 25/07/26 05:00:52 INFO BlockManagerInfo: Removed broadcast_0_piece0 on 172.18.0.6:36881 in memory (size: 38.1 KiB, free: 434.4 MiB)
[2025-07-26T05:00:52.615+0000] {spark_submit.py:521} INFO - DataFrame loaded from Parquet:
[2025-07-26T05:00:52.629+0000] {spark_submit.py:521} INFO - root
[2025-07-26T05:00:52.630+0000] {spark_submit.py:521} INFO - |-- ticker: string (nullable = true)
[2025-07-26T05:00:52.630+0000] {spark_submit.py:521} INFO - |-- volume: double (nullable = true)
[2025-07-26T05:00:52.631+0000] {spark_submit.py:521} INFO - |-- volume_weighted: double (nullable = true)
[2025-07-26T05:00:52.631+0000] {spark_submit.py:521} INFO - |-- open: double (nullable = true)
[2025-07-26T05:00:52.632+0000] {spark_submit.py:521} INFO - |-- close: double (nullable = true)
[2025-07-26T05:00:52.632+0000] {spark_submit.py:521} INFO - |-- high: double (nullable = true)
[2025-07-26T05:00:52.632+0000] {spark_submit.py:521} INFO - |-- low: double (nullable = true)
[2025-07-26T05:00:52.633+0000] {spark_submit.py:521} INFO - |-- time_stamp: long (nullable = true)
[2025-07-26T05:00:52.633+0000] {spark_submit.py:521} INFO - |-- num_of_trades: long (nullable = true)
[2025-07-26T05:00:52.633+0000] {spark_submit.py:521} INFO - |-- is_otc: boolean (nullable = true)
[2025-07-26T05:00:52.634+0000] {spark_submit.py:521} INFO - 
[2025-07-26T05:00:52.998+0000] {spark_submit.py:521} INFO - 25/07/26 05:00:52 INFO FileSourceStrategy: Pushed Filters:
[2025-07-26T05:00:52.999+0000] {spark_submit.py:521} INFO - 25/07/26 05:00:52 INFO FileSourceStrategy: Post-Scan Filters:
[2025-07-26T05:00:53.393+0000] {spark_submit.py:521} INFO - 25/07/26 05:00:53 INFO CodeGenerator: Code generated in 225.234419 ms
[2025-07-26T05:00:53.431+0000] {spark_submit.py:521} INFO - 25/07/26 05:00:53 INFO MemoryStore: Block broadcast_1 stored as values in memory (estimated size 211.8 KiB, free 434.2 MiB)
[2025-07-26T05:00:53.444+0000] {spark_submit.py:521} INFO - 25/07/26 05:00:53 INFO MemoryStore: Block broadcast_1_piece0 stored as bytes in memory (estimated size 36.2 KiB, free 434.2 MiB)
[2025-07-26T05:00:53.445+0000] {spark_submit.py:521} INFO - 25/07/26 05:00:53 INFO BlockManagerInfo: Added broadcast_1_piece0 in memory on 3bc71adbf7e0:34363 (size: 36.2 KiB, free: 434.4 MiB)
[2025-07-26T05:00:53.446+0000] {spark_submit.py:521} INFO - 25/07/26 05:00:53 INFO SparkContext: Created broadcast 1 from showString at NativeMethodAccessorImpl.java:0
[2025-07-26T05:00:53.462+0000] {spark_submit.py:521} INFO - 25/07/26 05:00:53 INFO FileSourceScanExec: Planning scan with bin packing, max size: 4194304 bytes, open cost is considered as scanning 4194304 bytes.
[2025-07-26T05:00:53.514+0000] {spark_submit.py:521} INFO - 25/07/26 05:00:53 INFO SparkContext: Starting job: showString at NativeMethodAccessorImpl.java:0
[2025-07-26T05:00:53.515+0000] {spark_submit.py:521} INFO - 25/07/26 05:00:53 INFO DAGScheduler: Got job 1 (showString at NativeMethodAccessorImpl.java:0) with 1 output partitions
[2025-07-26T05:00:53.516+0000] {spark_submit.py:521} INFO - 25/07/26 05:00:53 INFO DAGScheduler: Final stage: ResultStage 1 (showString at NativeMethodAccessorImpl.java:0)
[2025-07-26T05:00:53.517+0000] {spark_submit.py:521} INFO - 25/07/26 05:00:53 INFO DAGScheduler: Parents of final stage: List()
[2025-07-26T05:00:53.517+0000] {spark_submit.py:521} INFO - 25/07/26 05:00:53 INFO DAGScheduler: Missing parents: List()
[2025-07-26T05:00:53.518+0000] {spark_submit.py:521} INFO - 25/07/26 05:00:53 INFO DAGScheduler: Submitting ResultStage 1 (MapPartitionsRDD[5] at showString at NativeMethodAccessorImpl.java:0), which has no missing parents
[2025-07-26T05:00:53.545+0000] {spark_submit.py:521} INFO - 25/07/26 05:00:53 INFO MemoryStore: Block broadcast_2 stored as values in memory (estimated size 20.5 KiB, free 434.1 MiB)
[2025-07-26T05:00:53.555+0000] {spark_submit.py:521} INFO - 25/07/26 05:00:53 INFO MemoryStore: Block broadcast_2_piece0 stored as bytes in memory (estimated size 7.3 KiB, free 434.1 MiB)
[2025-07-26T05:00:53.556+0000] {spark_submit.py:521} INFO - 25/07/26 05:00:53 INFO BlockManagerInfo: Added broadcast_2_piece0 in memory on 3bc71adbf7e0:34363 (size: 7.3 KiB, free: 434.4 MiB)
[2025-07-26T05:00:53.557+0000] {spark_submit.py:521} INFO - 25/07/26 05:00:53 INFO SparkContext: Created broadcast 2 from broadcast at DAGScheduler.scala:1611
[2025-07-26T05:00:53.559+0000] {spark_submit.py:521} INFO - 25/07/26 05:00:53 INFO DAGScheduler: Submitting 1 missing tasks from ResultStage 1 (MapPartitionsRDD[5] at showString at NativeMethodAccessorImpl.java:0) (first 15 tasks are for partitions Vector(0))
[2025-07-26T05:00:53.559+0000] {spark_submit.py:521} INFO - 25/07/26 05:00:53 INFO TaskSchedulerImpl: Adding task set 1.0 with 1 tasks resource profile 0
[2025-07-26T05:00:53.564+0000] {spark_submit.py:521} INFO - 25/07/26 05:00:53 INFO TaskSetManager: Starting task 0.0 in stage 1.0 (TID 1) (172.18.0.6, executor 0, partition 0, PROCESS_LOCAL, 9629 bytes)
[2025-07-26T05:00:53.600+0000] {spark_submit.py:521} INFO - 25/07/26 05:00:53 INFO BlockManagerInfo: Added broadcast_2_piece0 in memory on 172.18.0.6:36881 (size: 7.3 KiB, free: 434.4 MiB)
[2025-07-26T05:00:54.028+0000] {spark_submit.py:521} INFO - 25/07/26 05:00:54 INFO BlockManagerInfo: Added broadcast_1_piece0 in memory on 172.18.0.6:36881 (size: 36.2 KiB, free: 434.4 MiB)
[2025-07-26T05:00:55.128+0000] {spark_submit.py:521} INFO - 25/07/26 05:00:55 INFO TaskSetManager: Finished task 0.0 in stage 1.0 (TID 1) in 1567 ms on 172.18.0.6 (executor 0) (1/1)
[2025-07-26T05:00:55.129+0000] {spark_submit.py:521} INFO - 25/07/26 05:00:55 INFO TaskSchedulerImpl: Removed TaskSet 1.0, whose tasks have all completed, from pool
[2025-07-26T05:00:55.130+0000] {spark_submit.py:521} INFO - 25/07/26 05:00:55 INFO DAGScheduler: ResultStage 1 (showString at NativeMethodAccessorImpl.java:0) finished in 1.609 s
[2025-07-26T05:00:55.131+0000] {spark_submit.py:521} INFO - 25/07/26 05:00:55 INFO DAGScheduler: Job 1 is finished. Cancelling potential speculative or zombie tasks for this job
[2025-07-26T05:00:55.131+0000] {spark_submit.py:521} INFO - 25/07/26 05:00:55 INFO TaskSchedulerImpl: Killing all running tasks in stage 1: Stage finished
[2025-07-26T05:00:55.132+0000] {spark_submit.py:521} INFO - 25/07/26 05:00:55 INFO DAGScheduler: Job 1 finished: showString at NativeMethodAccessorImpl.java:0, took 1.616991 s
[2025-07-26T05:00:56.101+0000] {spark_submit.py:521} INFO - 25/07/26 05:00:56 INFO CodeGenerator: Code generated in 19.049694 ms
[2025-07-26T05:00:56.110+0000] {spark_submit.py:521} INFO - +------+---------+---------------+------+-----+------+-----+-------------+-------------+------+
[2025-07-26T05:00:56.111+0000] {spark_submit.py:521} INFO - |ticker|   volume|volume_weighted|  open|close|  high|  low|   time_stamp|num_of_trades|is_otc|
[2025-07-26T05:00:56.112+0000] {spark_submit.py:521} INFO - +------+---------+---------------+------+-----+------+-----+-------------+-------------+------+
[2025-07-26T05:00:56.112+0000] {spark_submit.py:521} INFO - |  DDIV|   4020.0|        38.0873| 38.04|38.16| 38.17|38.04|1752264000000|           50|  NULL|
[2025-07-26T05:00:56.112+0000] {spark_submit.py:521} INFO - |  NBIS|9198213.0|        45.1204|46.515| 44.3|47.605|43.89|1752264000000|        97327|  NULL|
[2025-07-26T05:00:56.113+0000] {spark_submit.py:521} INFO - |   HOG| 775316.0|        24.6726| 24.73|24.62| 24.84| 24.5|1752264000000|        14875|  NULL|
[2025-07-26T05:00:56.113+0000] {spark_submit.py:521} INFO - |  NYAX|   8941.0|        43.4702| 43.49|43.59| 43.69|43.32|1752264000000|          286|  NULL|
[2025-07-26T05:00:56.114+0000] {spark_submit.py:521} INFO - |   SVC|1935803.0|         2.8005|  2.75| 2.82|  2.85| 2.75|1752264000000|         6119|  NULL|
[2025-07-26T05:00:56.114+0000] {spark_submit.py:521} INFO - +------+---------+---------------+------+-----+------+-----+-------------+-------------+------+
[2025-07-26T05:00:56.114+0000] {spark_submit.py:521} INFO - only showing top 5 rows
[2025-07-26T05:00:56.115+0000] {spark_submit.py:521} INFO - 
[2025-07-26T05:00:56.415+0000] {spark_submit.py:521} INFO - Time ID DataFrame:
[2025-07-26T05:00:56.417+0000] {spark_submit.py:521} INFO - id
[2025-07-26T05:00:56.418+0000] {spark_submit.py:521} INFO - 0   2
[2025-07-26T05:00:57.087+0000] {spark_submit.py:521} INFO - Companies DataFrame:
[2025-07-26T05:00:57.089+0000] {spark_submit.py:521} INFO - DataFrame[id: bigint, ticker: string]
[2025-07-26T05:00:57.165+0000] {spark_submit.py:521} INFO - 25/07/26 05:00:57 INFO BlockManagerInfo: Removed broadcast_2_piece0 on 3bc71adbf7e0:34363 in memory (size: 7.3 KiB, free: 434.4 MiB)
[2025-07-26T05:00:57.168+0000] {spark_submit.py:521} INFO - 25/07/26 05:00:57 INFO BlockManagerInfo: Removed broadcast_2_piece0 on 172.18.0.6:36881 in memory (size: 7.3 KiB, free: 434.4 MiB)
[2025-07-26T05:00:57.208+0000] {spark_submit.py:521} INFO - Transformed DataFrame:
[2025-07-26T05:00:57.352+0000] {spark_submit.py:521} INFO - 25/07/26 05:00:57 INFO FileSourceStrategy: Pushed Filters: IsNotNull(volume_weighted),IsNotNull(ticker)
[2025-07-26T05:00:57.352+0000] {spark_submit.py:521} INFO - 25/07/26 05:00:57 INFO FileSourceStrategy: Post-Scan Filters: isnotnull(volume_weighted#2),isnotnull(ticker#0)
[2025-07-26T05:00:57.507+0000] {spark_submit.py:521} INFO - 25/07/26 05:00:57 INFO CodeGenerator: Code generated in 27.218735 ms
[2025-07-26T05:00:57.516+0000] {spark_submit.py:521} INFO - 25/07/26 05:00:57 INFO MemoryStore: Block broadcast_3 stored as values in memory (estimated size 211.8 KiB, free 434.0 MiB)
[2025-07-26T05:00:57.544+0000] {spark_submit.py:521} INFO - 25/07/26 05:00:57 INFO MemoryStore: Block broadcast_3_piece0 stored as bytes in memory (estimated size 36.2 KiB, free 433.9 MiB)
[2025-07-26T05:00:57.546+0000] {spark_submit.py:521} INFO - 25/07/26 05:00:57 INFO BlockManagerInfo: Added broadcast_3_piece0 in memory on 3bc71adbf7e0:34363 (size: 36.2 KiB, free: 434.3 MiB)
[2025-07-26T05:00:57.548+0000] {spark_submit.py:521} INFO - 25/07/26 05:00:57 INFO SparkContext: Created broadcast 3 from $anonfun$withThreadLocalCaptured$1 at FutureTask.java:264
[2025-07-26T05:00:57.551+0000] {spark_submit.py:521} INFO - 25/07/26 05:00:57 INFO FileSourceScanExec: Planning scan with bin packing, max size: 4194304 bytes, open cost is considered as scanning 4194304 bytes.
[2025-07-26T05:00:57.581+0000] {spark_submit.py:521} INFO - 25/07/26 05:00:57 INFO SparkContext: Starting job: $anonfun$withThreadLocalCaptured$1 at FutureTask.java:264
[2025-07-26T05:00:57.583+0000] {spark_submit.py:521} INFO - 25/07/26 05:00:57 INFO DAGScheduler: Got job 2 ($anonfun$withThreadLocalCaptured$1 at FutureTask.java:264) with 1 output partitions
[2025-07-26T05:00:57.584+0000] {spark_submit.py:521} INFO - 25/07/26 05:00:57 INFO DAGScheduler: Final stage: ResultStage 2 ($anonfun$withThreadLocalCaptured$1 at FutureTask.java:264)
[2025-07-26T05:00:57.587+0000] {spark_submit.py:521} INFO - 25/07/26 05:00:57 INFO DAGScheduler: Parents of final stage: List()
[2025-07-26T05:00:57.589+0000] {spark_submit.py:521} INFO - 25/07/26 05:00:57 INFO DAGScheduler: Missing parents: List()
[2025-07-26T05:00:57.590+0000] {spark_submit.py:521} INFO - 25/07/26 05:00:57 INFO DAGScheduler: Submitting ResultStage 2 (MapPartitionsRDD[14] at $anonfun$withThreadLocalCaptured$1 at FutureTask.java:264), which has no missing parents
[2025-07-26T05:00:57.593+0000] {spark_submit.py:521} INFO - 25/07/26 05:00:57 INFO MemoryStore: Block broadcast_4 stored as values in memory (estimated size 19.9 KiB, free 433.9 MiB)
[2025-07-26T05:00:57.596+0000] {spark_submit.py:521} INFO - 25/07/26 05:00:57 INFO MemoryStore: Block broadcast_4_piece0 stored as bytes in memory (estimated size 7.3 KiB, free 433.9 MiB)
[2025-07-26T05:00:57.598+0000] {spark_submit.py:521} INFO - 25/07/26 05:00:57 INFO BlockManagerInfo: Added broadcast_4_piece0 in memory on 3bc71adbf7e0:34363 (size: 7.3 KiB, free: 434.3 MiB)
[2025-07-26T05:00:57.600+0000] {spark_submit.py:521} INFO - 25/07/26 05:00:57 INFO SparkContext: Created broadcast 4 from broadcast at DAGScheduler.scala:1611
[2025-07-26T05:00:57.601+0000] {spark_submit.py:521} INFO - 25/07/26 05:00:57 INFO CodeGenerator: Code generated in 102.198962 ms
[2025-07-26T05:00:57.602+0000] {spark_submit.py:521} INFO - 25/07/26 05:00:57 INFO DAGScheduler: Submitting 1 missing tasks from ResultStage 2 (MapPartitionsRDD[14] at $anonfun$withThreadLocalCaptured$1 at FutureTask.java:264) (first 15 tasks are for partitions Vector(0))
[2025-07-26T05:00:57.602+0000] {spark_submit.py:521} INFO - 25/07/26 05:00:57 INFO TaskSchedulerImpl: Adding task set 2.0 with 1 tasks resource profile 0
[2025-07-26T05:00:57.604+0000] {spark_submit.py:521} INFO - 25/07/26 05:00:57 INFO TaskSetManager: Starting task 0.0 in stage 2.0 (TID 2) (172.18.0.6, executor 0, partition 0, PROCESS_LOCAL, 9629 bytes)
[2025-07-26T05:00:57.643+0000] {spark_submit.py:521} INFO - 25/07/26 05:00:57 INFO BlockManagerInfo: Added broadcast_4_piece0 in memory on 172.18.0.6:36881 (size: 7.3 KiB, free: 434.4 MiB)
[2025-07-26T05:00:57.695+0000] {spark_submit.py:521} INFO - 25/07/26 05:00:57 INFO DAGScheduler: Registering RDD 16 (showString at NativeMethodAccessorImpl.java:0) as input to shuffle 0
[2025-07-26T05:00:57.702+0000] {spark_submit.py:521} INFO - 25/07/26 05:00:57 INFO DAGScheduler: Got map stage job 3 (showString at NativeMethodAccessorImpl.java:0) with 2 output partitions
[2025-07-26T05:00:57.704+0000] {spark_submit.py:521} INFO - 25/07/26 05:00:57 INFO DAGScheduler: Final stage: ShuffleMapStage 3 (showString at NativeMethodAccessorImpl.java:0)
[2025-07-26T05:00:57.705+0000] {spark_submit.py:521} INFO - 25/07/26 05:00:57 INFO DAGScheduler: Parents of final stage: List()
[2025-07-26T05:00:57.708+0000] {spark_submit.py:521} INFO - 25/07/26 05:00:57 INFO DAGScheduler: Missing parents: List()
[2025-07-26T05:00:57.711+0000] {spark_submit.py:521} INFO - 25/07/26 05:00:57 INFO DAGScheduler: Submitting ShuffleMapStage 3 (MapPartitionsRDD[16] at showString at NativeMethodAccessorImpl.java:0), which has no missing parents
[2025-07-26T05:00:57.719+0000] {spark_submit.py:521} INFO - 25/07/26 05:00:57 INFO BlockManagerInfo: Added broadcast_3_piece0 in memory on 172.18.0.6:36881 (size: 36.2 KiB, free: 434.3 MiB)
[2025-07-26T05:00:57.737+0000] {spark_submit.py:521} INFO - 25/07/26 05:00:57 INFO MemoryStore: Block broadcast_5 stored as values in memory (estimated size 37.8 KiB, free 433.9 MiB)
[2025-07-26T05:00:57.750+0000] {spark_submit.py:521} INFO - 25/07/26 05:00:57 INFO MemoryStore: Block broadcast_5_piece0 stored as bytes in memory (estimated size 17.8 KiB, free 433.8 MiB)
[2025-07-26T05:00:57.753+0000] {spark_submit.py:521} INFO - 25/07/26 05:00:57 INFO BlockManagerInfo: Added broadcast_5_piece0 in memory on 3bc71adbf7e0:34363 (size: 17.8 KiB, free: 434.3 MiB)
[2025-07-26T05:00:57.757+0000] {spark_submit.py:521} INFO - 25/07/26 05:00:57 INFO SparkContext: Created broadcast 5 from broadcast at DAGScheduler.scala:1611
[2025-07-26T05:00:57.762+0000] {spark_submit.py:521} INFO - 25/07/26 05:00:57 INFO DAGScheduler: Submitting 2 missing tasks from ShuffleMapStage 3 (MapPartitionsRDD[16] at showString at NativeMethodAccessorImpl.java:0) (first 15 tasks are for partitions Vector(0, 1))
[2025-07-26T05:00:57.762+0000] {spark_submit.py:521} INFO - 25/07/26 05:00:57 INFO TaskSchedulerImpl: Adding task set 3.0 with 2 tasks resource profile 0
[2025-07-26T05:00:57.765+0000] {spark_submit.py:521} INFO - 25/07/26 05:00:57 INFO TaskSetManager: Starting task 0.0 in stage 3.0 (TID 3) (172.18.0.6, executor 0, partition 0, PROCESS_LOCAL, 159165 bytes)
[2025-07-26T05:00:57.825+0000] {spark_submit.py:521} INFO - 25/07/26 05:00:57 INFO BlockManagerInfo: Removed broadcast_1_piece0 on 172.18.0.6:36881 in memory (size: 36.2 KiB, free: 434.4 MiB)
[2025-07-26T05:00:57.832+0000] {spark_submit.py:521} INFO - 25/07/26 05:00:57 INFO BlockManagerInfo: Removed broadcast_1_piece0 on 3bc71adbf7e0:34363 in memory (size: 36.2 KiB, free: 434.3 MiB)
[2025-07-26T05:00:57.844+0000] {spark_submit.py:521} INFO - 25/07/26 05:00:57 INFO BlockManagerInfo: Added broadcast_5_piece0 in memory on 172.18.0.6:36881 (size: 17.8 KiB, free: 434.3 MiB)
[2025-07-26T05:00:59.189+0000] {spark_submit.py:521} INFO - 25/07/26 05:00:59 INFO TaskSetManager: Starting task 1.0 in stage 3.0 (TID 4) (172.18.0.6, executor 0, partition 1, PROCESS_LOCAL, 147748 bytes)
[2025-07-26T05:00:59.191+0000] {spark_submit.py:521} INFO - 25/07/26 05:00:59 INFO TaskSetManager: Finished task 0.0 in stage 2.0 (TID 2) in 1587 ms on 172.18.0.6 (executor 0) (1/1)
[2025-07-26T05:00:59.194+0000] {spark_submit.py:521} INFO - 25/07/26 05:00:59 INFO TaskSchedulerImpl: Removed TaskSet 2.0, whose tasks have all completed, from pool
[2025-07-26T05:00:59.194+0000] {spark_submit.py:521} INFO - 25/07/26 05:00:59 INFO DAGScheduler: ResultStage 2 ($anonfun$withThreadLocalCaptured$1 at FutureTask.java:264) finished in 1.602 s
[2025-07-26T05:00:59.195+0000] {spark_submit.py:521} INFO - 25/07/26 05:00:59 INFO DAGScheduler: Job 2 is finished. Cancelling potential speculative or zombie tasks for this job
[2025-07-26T05:00:59.195+0000] {spark_submit.py:521} INFO - 25/07/26 05:00:59 INFO TaskSchedulerImpl: Killing all running tasks in stage 2: Stage finished
[2025-07-26T05:00:59.203+0000] {spark_submit.py:521} INFO - 25/07/26 05:00:59 INFO DAGScheduler: Job 2 finished: $anonfun$withThreadLocalCaptured$1 at FutureTask.java:264, took 1.620994 s
[2025-07-26T05:00:59.250+0000] {spark_submit.py:521} INFO - 25/07/26 05:00:59 INFO CodeGenerator: Code generated in 12.793233 ms
[2025-07-26T05:00:59.322+0000] {spark_submit.py:521} INFO - 25/07/26 05:00:59 INFO BlockManagerInfo: Removed broadcast_4_piece0 on 3bc71adbf7e0:34363 in memory (size: 7.3 KiB, free: 434.3 MiB)
[2025-07-26T05:00:59.328+0000] {spark_submit.py:521} INFO - 25/07/26 05:00:59 INFO BlockManagerInfo: Removed broadcast_4_piece0 on 172.18.0.6:36881 in memory (size: 7.3 KiB, free: 434.3 MiB)
[2025-07-26T05:00:59.346+0000] {spark_submit.py:521} INFO - 25/07/26 05:00:59 INFO MemoryStore: Block broadcast_6_piece0 stored as bytes in memory (estimated size 847.3 KiB, free 433.3 MiB)
[2025-07-26T05:00:59.348+0000] {spark_submit.py:521} INFO - 25/07/26 05:00:59 INFO BlockManagerInfo: Added broadcast_6_piece0 in memory on 3bc71adbf7e0:34363 (size: 847.3 KiB, free: 433.5 MiB)
[2025-07-26T05:00:59.349+0000] {spark_submit.py:521} INFO - 25/07/26 05:00:59 INFO SparkContext: Created broadcast 6 from $anonfun$withThreadLocalCaptured$1 at FutureTask.java:264
[2025-07-26T05:01:00.328+0000] {spark_submit.py:521} INFO - 25/07/26 05:01:00 INFO TaskSetManager: Finished task 1.0 in stage 3.0 (TID 4) in 1142 ms on 172.18.0.6 (executor 0) (1/2)
[2025-07-26T05:01:00.330+0000] {spark_submit.py:521} INFO - 25/07/26 05:01:00 INFO PythonAccumulatorV2: Connected to AccumulatorServer at host: 127.0.0.1 port: 36731
[2025-07-26T05:01:00.331+0000] {spark_submit.py:521} INFO - 25/07/26 05:01:00 INFO TaskSetManager: Finished task 0.0 in stage 3.0 (TID 3) in 2570 ms on 172.18.0.6 (executor 0) (2/2)
[2025-07-26T05:01:00.332+0000] {spark_submit.py:521} INFO - 25/07/26 05:01:00 INFO TaskSchedulerImpl: Removed TaskSet 3.0, whose tasks have all completed, from pool
[2025-07-26T05:01:00.335+0000] {spark_submit.py:521} INFO - 25/07/26 05:01:00 INFO DAGScheduler: ShuffleMapStage 3 (showString at NativeMethodAccessorImpl.java:0) finished in 2.617 s
[2025-07-26T05:01:00.336+0000] {spark_submit.py:521} INFO - 25/07/26 05:01:00 INFO DAGScheduler: looking for newly runnable stages
[2025-07-26T05:01:00.337+0000] {spark_submit.py:521} INFO - 25/07/26 05:01:00 INFO DAGScheduler: running: Set()
[2025-07-26T05:01:00.337+0000] {spark_submit.py:521} INFO - 25/07/26 05:01:00 INFO DAGScheduler: waiting: Set()
[2025-07-26T05:01:00.338+0000] {spark_submit.py:521} INFO - 25/07/26 05:01:00 INFO DAGScheduler: failed: Set()
[2025-07-26T05:01:00.363+0000] {spark_submit.py:521} INFO - 25/07/26 05:01:00 INFO ShufflePartitionsUtil: For shuffle(0), advisory target size: 67108864, actual target size 1048576, minimum partition size: 1048576
[2025-07-26T05:01:00.401+0000] {spark_submit.py:521} INFO - 25/07/26 05:01:00 INFO HashAggregateExec: spark.sql.codegen.aggregate.map.twolevel.enabled is set to true, but current version of codegened fast hashmap does not support this aggregate.
[2025-07-26T05:01:00.491+0000] {spark_submit.py:521} INFO - 25/07/26 05:01:00 INFO CodeGenerator: Code generated in 41.702039 ms
[2025-07-26T05:01:00.542+0000] {spark_submit.py:521} INFO - 25/07/26 05:01:00 INFO SparkContext: Starting job: showString at NativeMethodAccessorImpl.java:0
[2025-07-26T05:01:00.545+0000] {spark_submit.py:521} INFO - 25/07/26 05:01:00 INFO DAGScheduler: Got job 4 (showString at NativeMethodAccessorImpl.java:0) with 1 output partitions
[2025-07-26T05:01:00.545+0000] {spark_submit.py:521} INFO - 25/07/26 05:01:00 INFO DAGScheduler: Final stage: ResultStage 5 (showString at NativeMethodAccessorImpl.java:0)
[2025-07-26T05:01:00.546+0000] {spark_submit.py:521} INFO - 25/07/26 05:01:00 INFO DAGScheduler: Parents of final stage: List(ShuffleMapStage 4)
[2025-07-26T05:01:00.546+0000] {spark_submit.py:521} INFO - 25/07/26 05:01:00 INFO DAGScheduler: Missing parents: List()
[2025-07-26T05:01:00.547+0000] {spark_submit.py:521} INFO - 25/07/26 05:01:00 INFO DAGScheduler: Submitting ResultStage 5 (MapPartitionsRDD[19] at showString at NativeMethodAccessorImpl.java:0), which has no missing parents
[2025-07-26T05:01:00.573+0000] {spark_submit.py:521} INFO - 25/07/26 05:01:00 INFO MemoryStore: Block broadcast_7 stored as values in memory (estimated size 59.3 KiB, free 433.2 MiB)
[2025-07-26T05:01:00.580+0000] {spark_submit.py:521} INFO - 25/07/26 05:01:00 INFO MemoryStore: Block broadcast_7_piece0 stored as bytes in memory (estimated size 26.1 KiB, free 433.2 MiB)
[2025-07-26T05:01:00.582+0000] {spark_submit.py:521} INFO - 25/07/26 05:01:00 INFO BlockManagerInfo: Added broadcast_7_piece0 in memory on 3bc71adbf7e0:34363 (size: 26.1 KiB, free: 433.5 MiB)
[2025-07-26T05:01:00.583+0000] {spark_submit.py:521} INFO - 25/07/26 05:01:00 INFO SparkContext: Created broadcast 7 from broadcast at DAGScheduler.scala:1611
[2025-07-26T05:01:00.585+0000] {spark_submit.py:521} INFO - 25/07/26 05:01:00 INFO BlockManagerInfo: Removed broadcast_5_piece0 on 3bc71adbf7e0:34363 in memory (size: 17.8 KiB, free: 433.5 MiB)
[2025-07-26T05:01:00.586+0000] {spark_submit.py:521} INFO - 25/07/26 05:01:00 INFO DAGScheduler: Submitting 1 missing tasks from ResultStage 5 (MapPartitionsRDD[19] at showString at NativeMethodAccessorImpl.java:0) (first 15 tasks are for partitions Vector(0))
[2025-07-26T05:01:00.587+0000] {spark_submit.py:521} INFO - 25/07/26 05:01:00 INFO TaskSchedulerImpl: Adding task set 5.0 with 1 tasks resource profile 0
[2025-07-26T05:01:00.592+0000] {spark_submit.py:521} INFO - 25/07/26 05:01:00 INFO BlockManagerInfo: Removed broadcast_5_piece0 on 172.18.0.6:36881 in memory (size: 17.8 KiB, free: 434.4 MiB)
[2025-07-26T05:01:00.595+0000] {spark_submit.py:521} INFO - 25/07/26 05:01:00 INFO TaskSetManager: Starting task 0.0 in stage 5.0 (TID 5) (172.18.0.6, executor 0, partition 0, NODE_LOCAL, 9003 bytes)
[2025-07-26T05:01:00.620+0000] {spark_submit.py:521} INFO - 25/07/26 05:01:00 INFO BlockManagerInfo: Added broadcast_7_piece0 in memory on 172.18.0.6:36881 (size: 26.1 KiB, free: 434.3 MiB)
[2025-07-26T05:01:00.707+0000] {spark_submit.py:521} INFO - 25/07/26 05:01:00 INFO MapOutputTrackerMasterEndpoint: Asked to send map output locations for shuffle 0 to 172.18.0.6:55760
[2025-07-26T05:01:00.837+0000] {spark_submit.py:521} INFO - 25/07/26 05:01:00 INFO BlockManagerInfo: Added broadcast_6_piece0 in memory on 172.18.0.6:36881 (size: 847.3 KiB, free: 433.5 MiB)
[2025-07-26T05:01:00.990+0000] {spark_submit.py:521} INFO - 25/07/26 05:01:00 INFO TaskSetManager: Finished task 0.0 in stage 5.0 (TID 5) in 396 ms on 172.18.0.6 (executor 0) (1/1)
[2025-07-26T05:01:00.991+0000] {spark_submit.py:521} INFO - 25/07/26 05:01:00 INFO TaskSchedulerImpl: Removed TaskSet 5.0, whose tasks have all completed, from pool
[2025-07-26T05:01:00.993+0000] {spark_submit.py:521} INFO - 25/07/26 05:01:00 INFO DAGScheduler: ResultStage 5 (showString at NativeMethodAccessorImpl.java:0) finished in 0.426 s
[2025-07-26T05:01:00.994+0000] {spark_submit.py:521} INFO - 25/07/26 05:01:00 INFO DAGScheduler: Job 4 is finished. Cancelling potential speculative or zombie tasks for this job
[2025-07-26T05:01:00.995+0000] {spark_submit.py:521} INFO - 25/07/26 05:01:00 INFO TaskSchedulerImpl: Killing all running tasks in stage 5: Stage finished
[2025-07-26T05:01:00.996+0000] {spark_submit.py:521} INFO - 25/07/26 05:01:00 INFO DAGScheduler: Job 4 finished: showString at NativeMethodAccessorImpl.java:0, took 0.450765 s
[2025-07-26T05:01:01.020+0000] {spark_submit.py:521} INFO - 25/07/26 05:01:01 INFO CodeGenerator: Code generated in 16.501189 ms
[2025-07-26T05:01:01.024+0000] {spark_submit.py:521} INFO - +------+--------+---------------+------+-------+-------+-------+-------------+-------------+------+----------+-------+
[2025-07-26T05:01:01.025+0000] {spark_submit.py:521} INFO - |ticker|  volume|volume_weighted|  open|  close|   high|    low|   time_stamp|num_of_trades|is_otc|company_id|time_id|
[2025-07-26T05:01:01.026+0000] {spark_submit.py:521} INFO - +------+--------+---------------+------+-------+-------+-------+-------------+-------------+------+----------+-------+
[2025-07-26T05:01:01.026+0000] {spark_submit.py:521} INFO - |  BOEG|  4949.0|        18.3982|18.369|17.9724|   18.5|17.9724|1752264000000|           50|  NULL|      7704|      2|
[2025-07-26T05:01:01.027+0000] {spark_submit.py:521} INFO - |   CRS|726441.0|       278.4787|277.33| 277.98| 281.22| 275.37|1752264000000|        20765|  NULL|     17521|      2|
[2025-07-26T05:01:01.027+0000] {spark_submit.py:521} INFO - |  ELME|494418.0|        16.3433| 16.15|  16.39| 16.435|  16.13|1752264000000|         5294|  NULL|      2229|      2|
[2025-07-26T05:01:01.028+0000] {spark_submit.py:521} INFO - |  ACFN|  5256.0|        16.2172| 16.25|   16.4|   16.4|  16.02|1752264000000|           17|  true|      2690|      2|
[2025-07-26T05:01:01.029+0000] {spark_submit.py:521} INFO - |   PKE| 64574.0|         15.208| 15.33|  15.29|15.4254|   15.0|1752264000000|         1448|  NULL|      2951|      2|
[2025-07-26T05:01:01.029+0000] {spark_submit.py:521} INFO - +------+--------+---------------+------+-------+-------+-------+-------------+-------------+------+----------+-------+
[2025-07-26T05:01:01.030+0000] {spark_submit.py:521} INFO - only showing top 5 rows
[2025-07-26T05:01:01.030+0000] {spark_submit.py:521} INFO - 
[2025-07-26T05:01:01.031+0000] {spark_submit.py:521} INFO - None
[2025-07-26T05:01:01.083+0000] {spark_submit.py:521} INFO - 25/07/26 05:01:01 INFO FileSourceStrategy: Pushed Filters: IsNotNull(volume_weighted),IsNotNull(ticker)
[2025-07-26T05:01:01.085+0000] {spark_submit.py:521} INFO - 25/07/26 05:01:01 INFO FileSourceStrategy: Post-Scan Filters: isnotnull(volume_weighted#2),isnotnull(ticker#0)
[2025-07-26T05:01:01.135+0000] {spark_submit.py:521} INFO - 25/07/26 05:01:01 INFO MemoryStore: Block broadcast_8 stored as values in memory (estimated size 211.8 KiB, free 433.0 MiB)
[2025-07-26T05:01:01.138+0000] {spark_submit.py:521} INFO - 25/07/26 05:01:01 INFO DAGScheduler: Registering RDD 21 (toPandas at /opt/airflow/scripts/elt_to_dwh/transform/process_ohlcs.py:94) as input to shuffle 1
[2025-07-26T05:01:01.139+0000] {spark_submit.py:521} INFO - 25/07/26 05:01:01 INFO DAGScheduler: Got map stage job 5 (toPandas at /opt/airflow/scripts/elt_to_dwh/transform/process_ohlcs.py:94) with 2 output partitions
[2025-07-26T05:01:01.141+0000] {spark_submit.py:521} INFO - 25/07/26 05:01:01 INFO DAGScheduler: Final stage: ShuffleMapStage 6 (toPandas at /opt/airflow/scripts/elt_to_dwh/transform/process_ohlcs.py:94)
[2025-07-26T05:01:01.158+0000] {spark_submit.py:521} INFO - 25/07/26 05:01:01 INFO DAGScheduler: Parents of final stage: List()
[2025-07-26T05:01:01.159+0000] {spark_submit.py:521} INFO - 25/07/26 05:01:01 INFO DAGScheduler: Missing parents: List()
[2025-07-26T05:01:01.162+0000] {spark_submit.py:521} INFO - 25/07/26 05:01:01 INFO BlockManagerInfo: Removed broadcast_7_piece0 on 3bc71adbf7e0:34363 in memory (size: 26.1 KiB, free: 433.5 MiB)
[2025-07-26T05:01:01.163+0000] {spark_submit.py:521} INFO - 25/07/26 05:01:01 INFO DAGScheduler: Submitting ShuffleMapStage 6 (MapPartitionsRDD[21] at toPandas at /opt/airflow/scripts/elt_to_dwh/transform/process_ohlcs.py:94), which has no missing parents
[2025-07-26T05:01:01.163+0000] {spark_submit.py:521} INFO - 25/07/26 05:01:01 INFO MemoryStore: Block broadcast_8_piece0 stored as bytes in memory (estimated size 36.2 KiB, free 433.1 MiB)
[2025-07-26T05:01:01.164+0000] {spark_submit.py:521} INFO - 25/07/26 05:01:01 INFO MemoryStore: Block broadcast_9 stored as values in memory (estimated size 37.8 KiB, free 433.1 MiB)
[2025-07-26T05:01:01.165+0000] {spark_submit.py:521} INFO - 25/07/26 05:01:01 INFO BlockManagerInfo: Added broadcast_8_piece0 in memory on 3bc71adbf7e0:34363 (size: 36.2 KiB, free: 433.5 MiB)
[2025-07-26T05:01:01.166+0000] {spark_submit.py:521} INFO - 25/07/26 05:01:01 INFO SparkContext: Created broadcast 8 from toPandas at /opt/airflow/scripts/elt_to_dwh/transform/process_ohlcs.py:94
[2025-07-26T05:01:01.166+0000] {spark_submit.py:521} INFO - 25/07/26 05:01:01 INFO MemoryStore: Block broadcast_9_piece0 stored as bytes in memory (estimated size 17.8 KiB, free 433.0 MiB)
[2025-07-26T05:01:01.167+0000] {spark_submit.py:521} INFO - 25/07/26 05:01:01 INFO BlockManagerInfo: Added broadcast_9_piece0 in memory on 3bc71adbf7e0:34363 (size: 17.8 KiB, free: 433.5 MiB)
[2025-07-26T05:01:01.167+0000] {spark_submit.py:521} INFO - 25/07/26 05:01:01 INFO FileSourceScanExec: Planning scan with bin packing, max size: 4194304 bytes, open cost is considered as scanning 4194304 bytes.
[2025-07-26T05:01:01.176+0000] {spark_submit.py:521} INFO - 25/07/26 05:01:01 INFO SparkContext: Created broadcast 9 from broadcast at DAGScheduler.scala:1611
[2025-07-26T05:01:01.178+0000] {spark_submit.py:521} INFO - 25/07/26 05:01:01 INFO DAGScheduler: Submitting 2 missing tasks from ShuffleMapStage 6 (MapPartitionsRDD[21] at toPandas at /opt/airflow/scripts/elt_to_dwh/transform/process_ohlcs.py:94) (first 15 tasks are for partitions Vector(0, 1))
[2025-07-26T05:01:01.181+0000] {spark_submit.py:521} INFO - 25/07/26 05:01:01 INFO TaskSchedulerImpl: Adding task set 6.0 with 2 tasks resource profile 0
[2025-07-26T05:01:01.183+0000] {spark_submit.py:521} INFO - 25/07/26 05:01:01 INFO TaskSetManager: Starting task 0.0 in stage 6.0 (TID 6) (172.18.0.6, executor 0, partition 0, PROCESS_LOCAL, 159165 bytes)
[2025-07-26T05:01:01.186+0000] {spark_submit.py:521} INFO - 25/07/26 05:01:01 INFO BlockManagerInfo: Removed broadcast_7_piece0 on 172.18.0.6:36881 in memory (size: 26.1 KiB, free: 433.5 MiB)
[2025-07-26T05:01:01.188+0000] {spark_submit.py:521} INFO - 25/07/26 05:01:01 INFO TaskSetManager: Starting task 1.0 in stage 6.0 (TID 7) (172.18.0.6, executor 0, partition 1, PROCESS_LOCAL, 147748 bytes)
[2025-07-26T05:01:01.189+0000] {spark_submit.py:521} INFO - 25/07/26 05:01:01 INFO SparkContext: Starting job: toPandas at /opt/airflow/scripts/elt_to_dwh/transform/process_ohlcs.py:94
[2025-07-26T05:01:01.194+0000] {spark_submit.py:521} INFO - 25/07/26 05:01:01 INFO DAGScheduler: Got job 6 (toPandas at /opt/airflow/scripts/elt_to_dwh/transform/process_ohlcs.py:94) with 1 output partitions
[2025-07-26T05:01:01.199+0000] {spark_submit.py:521} INFO - 25/07/26 05:01:01 INFO DAGScheduler: Final stage: ResultStage 7 (toPandas at /opt/airflow/scripts/elt_to_dwh/transform/process_ohlcs.py:94)
[2025-07-26T05:01:01.199+0000] {spark_submit.py:521} INFO - 25/07/26 05:01:01 INFO DAGScheduler: Parents of final stage: List()
[2025-07-26T05:01:01.200+0000] {spark_submit.py:521} INFO - 25/07/26 05:01:01 INFO DAGScheduler: Missing parents: List()
[2025-07-26T05:01:01.200+0000] {spark_submit.py:521} INFO - 25/07/26 05:01:01 INFO DAGScheduler: Submitting ResultStage 7 (MapPartitionsRDD[25] at toPandas at /opt/airflow/scripts/elt_to_dwh/transform/process_ohlcs.py:94), which has no missing parents
[2025-07-26T05:01:01.201+0000] {spark_submit.py:521} INFO - 25/07/26 05:01:01 INFO MemoryStore: Block broadcast_10 stored as values in memory (estimated size 19.9 KiB, free 433.0 MiB)
[2025-07-26T05:01:01.202+0000] {spark_submit.py:521} INFO - 25/07/26 05:01:01 INFO MemoryStore: Block broadcast_10_piece0 stored as bytes in memory (estimated size 7.3 KiB, free 433.0 MiB)
[2025-07-26T05:01:01.203+0000] {spark_submit.py:521} INFO - 25/07/26 05:01:01 INFO BlockManagerInfo: Added broadcast_10_piece0 in memory on 3bc71adbf7e0:34363 (size: 7.3 KiB, free: 433.5 MiB)
[2025-07-26T05:01:01.205+0000] {spark_submit.py:521} INFO - 25/07/26 05:01:01 INFO SparkContext: Created broadcast 10 from broadcast at DAGScheduler.scala:1611
[2025-07-26T05:01:01.206+0000] {spark_submit.py:521} INFO - 25/07/26 05:01:01 INFO DAGScheduler: Submitting 1 missing tasks from ResultStage 7 (MapPartitionsRDD[25] at toPandas at /opt/airflow/scripts/elt_to_dwh/transform/process_ohlcs.py:94) (first 15 tasks are for partitions Vector(0))
[2025-07-26T05:01:01.208+0000] {spark_submit.py:521} INFO - 25/07/26 05:01:01 INFO TaskSchedulerImpl: Adding task set 7.0 with 1 tasks resource profile 0
[2025-07-26T05:01:01.218+0000] {spark_submit.py:521} INFO - 25/07/26 05:01:01 INFO BlockManagerInfo: Added broadcast_9_piece0 in memory on 172.18.0.6:36881 (size: 17.8 KiB, free: 433.5 MiB)
[2025-07-26T05:01:01.622+0000] {spark_submit.py:521} INFO - 25/07/26 05:01:01 INFO TaskSetManager: Starting task 0.0 in stage 7.0 (TID 8) (172.18.0.6, executor 0, partition 0, PROCESS_LOCAL, 9629 bytes)
[2025-07-26T05:01:01.651+0000] {spark_submit.py:521} INFO - 25/07/26 05:01:01 INFO TaskSetManager: Finished task 1.0 in stage 6.0 (TID 7) in 461 ms on 172.18.0.6 (executor 0) (1/2)
[2025-07-26T05:01:01.691+0000] {spark_submit.py:521} INFO - 25/07/26 05:01:01 INFO TaskSetManager: Finished task 0.0 in stage 6.0 (TID 6) in 470 ms on 172.18.0.6 (executor 0) (2/2)
[2025-07-26T05:01:01.722+0000] {spark_submit.py:521} INFO - 25/07/26 05:01:01 INFO TaskSchedulerImpl: Removed TaskSet 6.0, whose tasks have all completed, from pool
[2025-07-26T05:01:01.723+0000] {spark_submit.py:521} INFO - 25/07/26 05:01:01 INFO DAGScheduler: ShuffleMapStage 6 (toPandas at /opt/airflow/scripts/elt_to_dwh/transform/process_ohlcs.py:94) finished in 0.487 s
[2025-07-26T05:01:01.724+0000] {spark_submit.py:521} INFO - 25/07/26 05:01:01 INFO DAGScheduler: looking for newly runnable stages
[2025-07-26T05:01:01.724+0000] {spark_submit.py:521} INFO - 25/07/26 05:01:01 INFO DAGScheduler: running: Set(ResultStage 7)
[2025-07-26T05:01:01.734+0000] {spark_submit.py:521} INFO - 25/07/26 05:01:01 INFO DAGScheduler: waiting: Set()
[2025-07-26T05:01:01.739+0000] {spark_submit.py:521} INFO - 25/07/26 05:01:01 INFO DAGScheduler: failed: Set()
[2025-07-26T05:01:01.740+0000] {spark_submit.py:521} INFO - 25/07/26 05:01:01 INFO BlockManagerInfo: Added broadcast_10_piece0 in memory on 172.18.0.6:36881 (size: 7.3 KiB, free: 433.5 MiB)
[2025-07-26T05:01:01.740+0000] {spark_submit.py:521} INFO - 25/07/26 05:01:01 INFO BlockManagerInfo: Added broadcast_8_piece0 in memory on 172.18.0.6:36881 (size: 36.2 KiB, free: 433.5 MiB)
[2025-07-26T05:01:03.116+0000] {spark_submit.py:521} INFO - 25/07/26 05:01:03 INFO TaskSetManager: Finished task 0.0 in stage 7.0 (TID 8) in 1494 ms on 172.18.0.6 (executor 0) (1/1)
[2025-07-26T05:01:03.117+0000] {spark_submit.py:521} INFO - 25/07/26 05:01:03 INFO TaskSchedulerImpl: Removed TaskSet 7.0, whose tasks have all completed, from pool
[2025-07-26T05:01:03.119+0000] {spark_submit.py:521} INFO - 25/07/26 05:01:03 INFO DAGScheduler: ResultStage 7 (toPandas at /opt/airflow/scripts/elt_to_dwh/transform/process_ohlcs.py:94) finished in 1.929 s
[2025-07-26T05:01:03.121+0000] {spark_submit.py:521} INFO - 25/07/26 05:01:03 INFO DAGScheduler: Job 6 is finished. Cancelling potential speculative or zombie tasks for this job
[2025-07-26T05:01:03.124+0000] {spark_submit.py:521} INFO - 25/07/26 05:01:03 INFO TaskSchedulerImpl: Killing all running tasks in stage 7: Stage finished
[2025-07-26T05:01:03.127+0000] {spark_submit.py:521} INFO - 25/07/26 05:01:03 INFO DAGScheduler: Job 6 finished: toPandas at /opt/airflow/scripts/elt_to_dwh/transform/process_ohlcs.py:94, took 1.935427 s
[2025-07-26T05:01:03.168+0000] {spark_submit.py:521} INFO - 25/07/26 05:01:03 INFO MemoryStore: Block broadcast_11_piece0 stored as bytes in memory (estimated size 847.3 KiB, free 432.2 MiB)
[2025-07-26T05:01:03.170+0000] {spark_submit.py:521} INFO - 25/07/26 05:01:03 INFO BlockManagerInfo: Added broadcast_11_piece0 in memory on 3bc71adbf7e0:34363 (size: 847.3 KiB, free: 432.6 MiB)
[2025-07-26T05:01:03.172+0000] {spark_submit.py:521} INFO - 25/07/26 05:01:03 INFO SparkContext: Created broadcast 11 from toPandas at /opt/airflow/scripts/elt_to_dwh/transform/process_ohlcs.py:94
[2025-07-26T05:01:03.183+0000] {spark_submit.py:521} INFO - 25/07/26 05:01:03 INFO ShufflePartitionsUtil: For shuffle(1), advisory target size: 67108864, actual target size 1048576, minimum partition size: 1048576
[2025-07-26T05:01:03.200+0000] {spark_submit.py:521} INFO - 25/07/26 05:01:03 INFO HashAggregateExec: spark.sql.codegen.aggregate.map.twolevel.enabled is set to true, but current version of codegened fast hashmap does not support this aggregate.
[2025-07-26T05:01:03.241+0000] {spark_submit.py:521} INFO - 25/07/26 05:01:03 INFO CodeGenerator: Code generated in 28.101772 ms
[2025-07-26T05:01:03.264+0000] {spark_submit.py:521} INFO - 25/07/26 05:01:03 INFO SparkContext: Starting job: toPandas at /opt/airflow/scripts/elt_to_dwh/transform/process_ohlcs.py:94
[2025-07-26T05:01:03.266+0000] {spark_submit.py:521} INFO - 25/07/26 05:01:03 INFO DAGScheduler: Got job 7 (toPandas at /opt/airflow/scripts/elt_to_dwh/transform/process_ohlcs.py:94) with 1 output partitions
[2025-07-26T05:01:03.266+0000] {spark_submit.py:521} INFO - 25/07/26 05:01:03 INFO DAGScheduler: Final stage: ResultStage 9 (toPandas at /opt/airflow/scripts/elt_to_dwh/transform/process_ohlcs.py:94)
[2025-07-26T05:01:03.268+0000] {spark_submit.py:521} INFO - 25/07/26 05:01:03 INFO DAGScheduler: Parents of final stage: List(ShuffleMapStage 8)
[2025-07-26T05:01:03.269+0000] {spark_submit.py:521} INFO - 25/07/26 05:01:03 INFO DAGScheduler: Missing parents: List()
[2025-07-26T05:01:03.270+0000] {spark_submit.py:521} INFO - 25/07/26 05:01:03 INFO DAGScheduler: Submitting ResultStage 9 (MapPartitionsRDD[28] at toPandas at /opt/airflow/scripts/elt_to_dwh/transform/process_ohlcs.py:94), which has no missing parents
[2025-07-26T05:01:03.279+0000] {spark_submit.py:521} INFO - 25/07/26 05:01:03 INFO MemoryStore: Block broadcast_12 stored as values in memory (estimated size 56.5 KiB, free 432.1 MiB)
[2025-07-26T05:01:03.281+0000] {spark_submit.py:521} INFO - 25/07/26 05:01:03 INFO MemoryStore: Block broadcast_12_piece0 stored as bytes in memory (estimated size 25.5 KiB, free 432.1 MiB)
[2025-07-26T05:01:03.282+0000] {spark_submit.py:521} INFO - 25/07/26 05:01:03 INFO BlockManagerInfo: Added broadcast_12_piece0 in memory on 3bc71adbf7e0:34363 (size: 25.5 KiB, free: 432.6 MiB)
[2025-07-26T05:01:03.284+0000] {spark_submit.py:521} INFO - 25/07/26 05:01:03 INFO SparkContext: Created broadcast 12 from broadcast at DAGScheduler.scala:1611
[2025-07-26T05:01:03.285+0000] {spark_submit.py:521} INFO - 25/07/26 05:01:03 INFO DAGScheduler: Submitting 1 missing tasks from ResultStage 9 (MapPartitionsRDD[28] at toPandas at /opt/airflow/scripts/elt_to_dwh/transform/process_ohlcs.py:94) (first 15 tasks are for partitions Vector(0))
[2025-07-26T05:01:03.287+0000] {spark_submit.py:521} INFO - 25/07/26 05:01:03 INFO TaskSchedulerImpl: Adding task set 9.0 with 1 tasks resource profile 0
[2025-07-26T05:01:03.288+0000] {spark_submit.py:521} INFO - 25/07/26 05:01:03 INFO TaskSetManager: Starting task 0.0 in stage 9.0 (TID 9) (172.18.0.6, executor 0, partition 0, NODE_LOCAL, 9003 bytes)
[2025-07-26T05:01:03.307+0000] {spark_submit.py:521} INFO - 25/07/26 05:01:03 INFO BlockManagerInfo: Added broadcast_12_piece0 in memory on 172.18.0.6:36881 (size: 25.5 KiB, free: 433.5 MiB)
[2025-07-26T05:01:03.329+0000] {spark_submit.py:521} INFO - 25/07/26 05:01:03 INFO MapOutputTrackerMasterEndpoint: Asked to send map output locations for shuffle 1 to 172.18.0.6:55760
[2025-07-26T05:01:03.430+0000] {spark_submit.py:521} INFO - 25/07/26 05:01:03 INFO BlockManagerInfo: Added broadcast_11_piece0 in memory on 172.18.0.6:36881 (size: 847.3 KiB, free: 432.6 MiB)
[2025-07-26T05:01:03.592+0000] {spark_submit.py:521} INFO - 25/07/26 05:01:03 INFO TaskSetManager: Finished task 0.0 in stage 9.0 (TID 9) in 305 ms on 172.18.0.6 (executor 0) (1/1)
[2025-07-26T05:01:03.593+0000] {spark_submit.py:521} INFO - 25/07/26 05:01:03 INFO TaskSchedulerImpl: Removed TaskSet 9.0, whose tasks have all completed, from pool
[2025-07-26T05:01:03.599+0000] {spark_submit.py:521} INFO - 25/07/26 05:01:03 INFO DAGScheduler: ResultStage 9 (toPandas at /opt/airflow/scripts/elt_to_dwh/transform/process_ohlcs.py:94) finished in 0.324 s
[2025-07-26T05:01:03.601+0000] {spark_submit.py:521} INFO - 25/07/26 05:01:03 INFO DAGScheduler: Job 7 is finished. Cancelling potential speculative or zombie tasks for this job
[2025-07-26T05:01:03.602+0000] {spark_submit.py:521} INFO - 25/07/26 05:01:03 INFO TaskSchedulerImpl: Killing all running tasks in stage 9: Stage finished
[2025-07-26T05:01:03.605+0000] {spark_submit.py:521} INFO - 25/07/26 05:01:03 INFO DAGScheduler: Job 7 finished: toPandas at /opt/airflow/scripts/elt_to_dwh/transform/process_ohlcs.py:94, took 0.339298 s
[2025-07-26T05:01:04.070+0000] {spark_submit.py:521} INFO - Data has been successfully inserted into fact_candles in DuckDB!
[2025-07-26T05:01:04.072+0000] {spark_submit.py:521} INFO - 25/07/26 05:01:04 INFO SparkContext: SparkContext is stopping with exitCode 0.
[2025-07-26T05:01:04.091+0000] {spark_submit.py:521} INFO - 25/07/26 05:01:04 INFO SparkUI: Stopped Spark web UI at http://3bc71adbf7e0:4040
[2025-07-26T05:01:04.095+0000] {spark_submit.py:521} INFO - 25/07/26 05:01:04 INFO StandaloneSchedulerBackend: Shutting down all executors
[2025-07-26T05:01:04.096+0000] {spark_submit.py:521} INFO - 25/07/26 05:01:04 INFO StandaloneSchedulerBackend$StandaloneDriverEndpoint: Asking each executor to shut down
[2025-07-26T05:01:04.155+0000] {spark_submit.py:521} INFO - 25/07/26 05:01:04 INFO MapOutputTrackerMasterEndpoint: MapOutputTrackerMasterEndpoint stopped!
[2025-07-26T05:01:04.203+0000] {spark_submit.py:521} INFO - 25/07/26 05:01:04 INFO MemoryStore: MemoryStore cleared
[2025-07-26T05:01:04.205+0000] {spark_submit.py:521} INFO - 25/07/26 05:01:04 INFO BlockManager: BlockManager stopped
[2025-07-26T05:01:04.211+0000] {spark_submit.py:521} INFO - 25/07/26 05:01:04 INFO BlockManagerMaster: BlockManagerMaster stopped
[2025-07-26T05:01:04.214+0000] {spark_submit.py:521} INFO - 25/07/26 05:01:04 INFO OutputCommitCoordinator$OutputCommitCoordinatorEndpoint: OutputCommitCoordinator stopped!
[2025-07-26T05:01:04.232+0000] {spark_submit.py:521} INFO - 25/07/26 05:01:04 INFO SparkContext: Successfully stopped SparkContext
[2025-07-26T05:01:04.600+0000] {spark_submit.py:521} INFO - Process completed successfully.
[2025-07-26T05:01:04.846+0000] {spark_submit.py:521} INFO - 25/07/26 05:01:04 INFO ShutdownHookManager: Shutdown hook called
[2025-07-26T05:01:04.847+0000] {spark_submit.py:521} INFO - 25/07/26 05:01:04 INFO ShutdownHookManager: Deleting directory /tmp/spark-3990a18b-c51d-4581-b1b2-9a1f954e9968/pyspark-4a4c7c13-6815-4014-8148-a907bfa3e147
[2025-07-26T05:01:04.850+0000] {spark_submit.py:521} INFO - 25/07/26 05:01:04 INFO ShutdownHookManager: Deleting directory /tmp/spark-3990a18b-c51d-4581-b1b2-9a1f954e9968
[2025-07-26T05:01:04.853+0000] {spark_submit.py:521} INFO - 25/07/26 05:01:04 INFO ShutdownHookManager: Deleting directory /tmp/spark-2e050dd3-7597-40cc-b377-160268772670
[2025-07-26T05:01:04.857+0000] {spark_submit.py:521} INFO - 25/07/26 05:01:04 INFO MetricsSystemImpl: Stopping s3a-file-system metrics system...
[2025-07-26T05:01:04.858+0000] {spark_submit.py:521} INFO - 25/07/26 05:01:04 INFO MetricsSystemImpl: s3a-file-system metrics system stopped.
[2025-07-26T05:01:04.858+0000] {spark_submit.py:521} INFO - 25/07/26 05:01:04 INFO MetricsSystemImpl: s3a-file-system metrics system shutdown complete.
[2025-07-26T05:01:04.889+0000] {taskinstance.py:341} INFO - ::group::Post task execution logs
[2025-07-26T05:01:04.890+0000] {taskinstance.py:353} INFO - Marking task as SUCCESS. dag_id=elt_to_dwh, task_id=transform_task.process_ohlcs, run_id=scheduled__2025-07-11T00:00:00+00:00, execution_date=20250711T000000, start_date=20250726T050039, end_date=20250726T050104
[2025-07-26T05:01:04.922+0000] {local_task_job_runner.py:266} INFO - Task exited with return code 0
[2025-07-26T05:01:04.933+0000] {taskinstance.py:3901} INFO - 1 downstream tasks scheduled from follow-on schedule check
[2025-07-26T05:01:04.938+0000] {local_task_job_runner.py:245} INFO - ::endgroup::
