[2025-07-25T11:12:50.552+0000] {local_task_job_runner.py:123} INFO - ::group::Pre task execution logs
[2025-07-25T11:12:50.567+0000] {taskinstance.py:2614} INFO - Dependencies all met for dep_context=non-requeueable deps ti=<TaskInstance: elt_to_dwh.extract_task.convert_news_to_parquet scheduled__2025-07-13T00:00:00+00:00 [queued]>
[2025-07-25T11:12:50.578+0000] {taskinstance.py:2614} INFO - Dependencies all met for dep_context=requeueable deps ti=<TaskInstance: elt_to_dwh.extract_task.convert_news_to_parquet scheduled__2025-07-13T00:00:00+00:00 [queued]>
[2025-07-25T11:12:50.578+0000] {taskinstance.py:2867} INFO - Starting attempt 1 of 1
[2025-07-25T11:12:50.596+0000] {taskinstance.py:2890} INFO - Executing <Task(PythonOperator): extract_task.convert_news_to_parquet> on 2025-07-13 00:00:00+00:00
[2025-07-25T11:12:50.605+0000] {standard_task_runner.py:104} INFO - Running: ['airflow', 'tasks', 'run', 'elt_to_dwh', 'extract_task.convert_news_to_parquet', 'scheduled__2025-07-13T00:00:00+00:00', '--job-id', '92', '--raw', '--subdir', 'DAGS_FOLDER/elt_to_dwh.py', '--cfg-path', '/tmp/tmp7p7eaelj']
[2025-07-25T11:12:50.607+0000] {standard_task_runner.py:105} INFO - Job 92: Subtask extract_task.convert_news_to_parquet
[2025-07-25T11:12:50.611+0000] {logging_mixin.py:190} WARNING - /home/airflow/.local/lib/python3.12/site-packages/airflow/task/task_runner/standard_task_runner.py:70 DeprecationWarning: This process (pid=3050) is multi-threaded, use of fork() may lead to deadlocks in the child.
[2025-07-25T11:12:50.612+0000] {standard_task_runner.py:72} INFO - Started process 3060 to run task
[2025-07-25T11:12:50.650+0000] {task_command.py:467} INFO - Running <TaskInstance: elt_to_dwh.extract_task.convert_news_to_parquet scheduled__2025-07-13T00:00:00+00:00 [running]> on host 74cfddf97016
[2025-07-25T11:12:50.724+0000] {taskinstance.py:3134} INFO - Exporting env vars: AIRFLOW_CTX_DAG_OWNER='airflow' AIRFLOW_CTX_DAG_ID='elt_to_dwh' AIRFLOW_CTX_TASK_ID='extract_task.convert_news_to_parquet' AIRFLOW_CTX_EXECUTION_DATE='2025-07-13T00:00:00+00:00' AIRFLOW_CTX_TRY_NUMBER='1' AIRFLOW_CTX_DAG_RUN_ID='scheduled__2025-07-13T00:00:00+00:00'
[2025-07-25T11:12:50.725+0000] {taskinstance.py:732} INFO - ::endgroup::
[2025-07-25T11:12:50.740+0000] {logging_mixin.py:190} INFO - Looking for file: /opt/airflow/data/raw/news/crawl_news-20250713.json
[2025-07-25T11:12:50.795+0000] {logging_mixin.py:190} INFO - [news] Saved Parquet file: /opt/airflow/data/parquet/news/crawl_news-20250713.parquet
[2025-07-25T11:12:50.796+0000] {python.py:240} INFO - Done. Returned value was: None
[2025-07-25T11:12:50.803+0000] {taskinstance.py:341} INFO - ::group::Post task execution logs
[2025-07-25T11:12:50.805+0000] {taskinstance.py:353} INFO - Marking task as SUCCESS. dag_id=elt_to_dwh, task_id=extract_task.convert_news_to_parquet, run_id=scheduled__2025-07-13T00:00:00+00:00, execution_date=20250713T000000, start_date=20250725T111250, end_date=20250725T111250
[2025-07-25T11:12:50.867+0000] {local_task_job_runner.py:266} INFO - Task exited with return code 0
[2025-07-25T11:12:50.900+0000] {taskinstance.py:3901} INFO - 0 downstream tasks scheduled from follow-on schedule check
[2025-07-25T11:12:50.902+0000] {local_task_job_runner.py:245} INFO - ::endgroup::
[2025-07-26T04:59:04.839+0000] {local_task_job_runner.py:123} INFO - ::group::Pre task execution logs
[2025-07-26T04:59:04.852+0000] {taskinstance.py:2614} INFO - Dependencies all met for dep_context=non-requeueable deps ti=<TaskInstance: elt_to_dwh.extract_task.convert_news_to_parquet scheduled__2025-07-13T00:00:00+00:00 [queued]>
[2025-07-26T04:59:04.863+0000] {taskinstance.py:2614} INFO - Dependencies all met for dep_context=requeueable deps ti=<TaskInstance: elt_to_dwh.extract_task.convert_news_to_parquet scheduled__2025-07-13T00:00:00+00:00 [queued]>
[2025-07-26T04:59:04.864+0000] {taskinstance.py:2867} INFO - Starting attempt 1 of 1
[2025-07-26T04:59:04.880+0000] {taskinstance.py:2890} INFO - Executing <Task(PythonOperator): extract_task.convert_news_to_parquet> on 2025-07-13 00:00:00+00:00
[2025-07-26T04:59:04.888+0000] {standard_task_runner.py:104} INFO - Running: ['airflow', 'tasks', 'run', 'elt_to_dwh', 'extract_task.convert_news_to_parquet', 'scheduled__2025-07-13T00:00:00+00:00', '--job-id', '45', '--raw', '--subdir', 'DAGS_FOLDER/elt_to_dwh.py', '--cfg-path', '/tmp/tmpwnbsf06f']
[2025-07-26T04:59:04.889+0000] {standard_task_runner.py:105} INFO - Job 45: Subtask extract_task.convert_news_to_parquet
[2025-07-26T04:59:04.892+0000] {logging_mixin.py:190} WARNING - /home/airflow/.local/lib/python3.12/site-packages/airflow/task/task_runner/standard_task_runner.py:70 DeprecationWarning: This process (pid=1120) is multi-threaded, use of fork() may lead to deadlocks in the child.
[2025-07-26T04:59:04.892+0000] {standard_task_runner.py:72} INFO - Started process 1130 to run task
[2025-07-26T04:59:04.926+0000] {task_command.py:467} INFO - Running <TaskInstance: elt_to_dwh.extract_task.convert_news_to_parquet scheduled__2025-07-13T00:00:00+00:00 [running]> on host 3bc71adbf7e0
[2025-07-26T04:59:04.987+0000] {taskinstance.py:3134} INFO - Exporting env vars: AIRFLOW_CTX_DAG_OWNER='airflow' AIRFLOW_CTX_DAG_ID='elt_to_dwh' AIRFLOW_CTX_TASK_ID='extract_task.convert_news_to_parquet' AIRFLOW_CTX_EXECUTION_DATE='2025-07-13T00:00:00+00:00' AIRFLOW_CTX_TRY_NUMBER='1' AIRFLOW_CTX_DAG_RUN_ID='scheduled__2025-07-13T00:00:00+00:00'
[2025-07-26T04:59:04.988+0000] {taskinstance.py:732} INFO - ::endgroup::
[2025-07-26T04:59:05.001+0000] {logging_mixin.py:190} INFO - Looking for file: /opt/airflow/data/raw/news/crawl_news-20250713.json
[2025-07-26T04:59:05.047+0000] {logging_mixin.py:190} INFO - [news] Saved Parquet file: /opt/airflow/data/parquet/news/crawl_news-20250713.parquet
[2025-07-26T04:59:05.048+0000] {python.py:240} INFO - Done. Returned value was: None
[2025-07-26T04:59:05.052+0000] {taskinstance.py:341} INFO - ::group::Post task execution logs
[2025-07-26T04:59:05.053+0000] {taskinstance.py:353} INFO - Marking task as SUCCESS. dag_id=elt_to_dwh, task_id=extract_task.convert_news_to_parquet, run_id=scheduled__2025-07-13T00:00:00+00:00, execution_date=20250713T000000, start_date=20250726T045904, end_date=20250726T045905
[2025-07-26T04:59:05.108+0000] {local_task_job_runner.py:266} INFO - Task exited with return code 0
[2025-07-26T04:59:05.124+0000] {taskinstance.py:3901} INFO - 0 downstream tasks scheduled from follow-on schedule check
[2025-07-26T04:59:05.125+0000] {local_task_job_runner.py:245} INFO - ::endgroup::
