[2025-07-25T11:10:56.467+0000] {local_task_job_runner.py:123} INFO - ::group::Pre task execution logs
[2025-07-25T11:10:56.487+0000] {taskinstance.py:2614} INFO - Dependencies all met for dep_context=non-requeueable deps ti=<TaskInstance: elt_to_dwh.create_dwh scheduled__2025-07-12T00:00:00+00:00 [queued]>
[2025-07-25T11:10:56.497+0000] {taskinstance.py:2614} INFO - Dependencies all met for dep_context=requeueable deps ti=<TaskInstance: elt_to_dwh.create_dwh scheduled__2025-07-12T00:00:00+00:00 [queued]>
[2025-07-25T11:10:56.498+0000] {taskinstance.py:2867} INFO - Starting attempt 1 of 1
[2025-07-25T11:10:56.523+0000] {taskinstance.py:2890} INFO - Executing <Task(PythonOperator): create_dwh> on 2025-07-12 00:00:00+00:00
[2025-07-25T11:10:56.537+0000] {standard_task_runner.py:104} INFO - Running: ['airflow', 'tasks', 'run', 'elt_to_dwh', 'create_dwh', 'scheduled__2025-07-12T00:00:00+00:00', '--job-id', '74', '--raw', '--subdir', 'DAGS_FOLDER/elt_to_dwh.py', '--cfg-path', '/tmp/tmpb8kcxear']
[2025-07-25T11:10:56.542+0000] {standard_task_runner.py:105} INFO - Job 74: Subtask create_dwh
[2025-07-25T11:10:56.544+0000] {logging_mixin.py:190} WARNING - /home/airflow/.local/lib/python3.12/site-packages/airflow/task/task_runner/standard_task_runner.py:70 DeprecationWarning: This process (pid=2747) is multi-threaded, use of fork() may lead to deadlocks in the child.
[2025-07-25T11:10:56.545+0000] {standard_task_runner.py:72} INFO - Started process 2757 to run task
[2025-07-25T11:10:56.605+0000] {task_command.py:467} INFO - Running <TaskInstance: elt_to_dwh.create_dwh scheduled__2025-07-12T00:00:00+00:00 [running]> on host 74cfddf97016
[2025-07-25T11:10:56.712+0000] {taskinstance.py:3134} INFO - Exporting env vars: AIRFLOW_CTX_DAG_OWNER='airflow' AIRFLOW_CTX_DAG_ID='elt_to_dwh' AIRFLOW_CTX_TASK_ID='create_dwh' AIRFLOW_CTX_EXECUTION_DATE='2025-07-12T00:00:00+00:00' AIRFLOW_CTX_TRY_NUMBER='1' AIRFLOW_CTX_DAG_RUN_ID='scheduled__2025-07-12T00:00:00+00:00'
[2025-07-25T11:10:56.715+0000] {taskinstance.py:732} INFO - ::endgroup::
[2025-07-25T11:10:56.838+0000] {logging_mixin.py:190} INFO - Executed DDL script successfully!
[2025-07-25T11:10:56.863+0000] {python.py:240} INFO - Done. Returned value was: None
[2025-07-25T11:10:56.871+0000] {taskinstance.py:341} INFO - ::group::Post task execution logs
[2025-07-25T11:10:56.872+0000] {taskinstance.py:353} INFO - Marking task as SUCCESS. dag_id=elt_to_dwh, task_id=create_dwh, run_id=scheduled__2025-07-12T00:00:00+00:00, execution_date=20250712T000000, start_date=20250725T111056, end_date=20250725T111056
[2025-07-25T11:10:56.924+0000] {local_task_job_runner.py:266} INFO - Task exited with return code 0
[2025-07-25T11:10:56.961+0000] {taskinstance.py:3901} INFO - 3 downstream tasks scheduled from follow-on schedule check
[2025-07-25T11:10:56.968+0000] {local_task_job_runner.py:245} INFO - ::endgroup::
[2025-07-25T11:50:27.955+0000] {local_task_job_runner.py:123} INFO - ::group::Pre task execution logs
[2025-07-25T11:50:27.965+0000] {taskinstance.py:2614} INFO - Dependencies all met for dep_context=non-requeueable deps ti=<TaskInstance: elt_to_dwh.create_dwh scheduled__2025-07-12T00:00:00+00:00 [queued]>
[2025-07-25T11:50:27.971+0000] {taskinstance.py:2614} INFO - Dependencies all met for dep_context=requeueable deps ti=<TaskInstance: elt_to_dwh.create_dwh scheduled__2025-07-12T00:00:00+00:00 [queued]>
[2025-07-25T11:50:27.971+0000] {taskinstance.py:2867} INFO - Starting attempt 1 of 1
[2025-07-25T11:50:27.988+0000] {taskinstance.py:2890} INFO - Executing <Task(PythonOperator): create_dwh> on 2025-07-12 00:00:00+00:00
[2025-07-25T11:50:27.996+0000] {standard_task_runner.py:104} INFO - Running: ['airflow', 'tasks', 'run', 'elt_to_dwh', 'create_dwh', 'scheduled__2025-07-12T00:00:00+00:00', '--job-id', '145', '--raw', '--subdir', 'DAGS_FOLDER/elt_to_dwh.py', '--cfg-path', '/tmp/tmpxim7hgm6']
[2025-07-25T11:50:27.998+0000] {standard_task_runner.py:105} INFO - Job 145: Subtask create_dwh
[2025-07-25T11:50:28.000+0000] {logging_mixin.py:190} WARNING - /home/airflow/.local/lib/python3.12/site-packages/airflow/task/task_runner/standard_task_runner.py:70 DeprecationWarning: This process (pid=4506) is multi-threaded, use of fork() may lead to deadlocks in the child.
[2025-07-25T11:50:28.001+0000] {standard_task_runner.py:72} INFO - Started process 4516 to run task
[2025-07-25T11:50:28.038+0000] {task_command.py:467} INFO - Running <TaskInstance: elt_to_dwh.create_dwh scheduled__2025-07-12T00:00:00+00:00 [running]> on host 74cfddf97016
[2025-07-25T11:50:28.113+0000] {taskinstance.py:3134} INFO - Exporting env vars: AIRFLOW_CTX_DAG_OWNER='airflow' AIRFLOW_CTX_DAG_ID='elt_to_dwh' AIRFLOW_CTX_TASK_ID='create_dwh' AIRFLOW_CTX_EXECUTION_DATE='2025-07-12T00:00:00+00:00' AIRFLOW_CTX_TRY_NUMBER='1' AIRFLOW_CTX_DAG_RUN_ID='scheduled__2025-07-12T00:00:00+00:00'
[2025-07-25T11:50:28.115+0000] {taskinstance.py:732} INFO - ::endgroup::
[2025-07-25T11:50:28.183+0000] {logging_mixin.py:190} INFO - Executed DDL script successfully!
[2025-07-25T11:50:28.200+0000] {python.py:240} INFO - Done. Returned value was: None
[2025-07-25T11:50:28.206+0000] {taskinstance.py:341} INFO - ::group::Post task execution logs
[2025-07-25T11:50:28.207+0000] {taskinstance.py:353} INFO - Marking task as SUCCESS. dag_id=elt_to_dwh, task_id=create_dwh, run_id=scheduled__2025-07-12T00:00:00+00:00, execution_date=20250712T000000, start_date=20250725T115027, end_date=20250725T115028
[2025-07-25T11:50:28.257+0000] {local_task_job_runner.py:266} INFO - Task exited with return code 0
[2025-07-25T11:50:28.284+0000] {taskinstance.py:3901} INFO - 3 downstream tasks scheduled from follow-on schedule check
[2025-07-25T11:50:28.290+0000] {local_task_job_runner.py:245} INFO - ::endgroup::
[2025-07-26T04:56:41.731+0000] {local_task_job_runner.py:123} INFO - ::group::Pre task execution logs
[2025-07-26T04:56:41.739+0000] {taskinstance.py:2614} INFO - Dependencies all met for dep_context=non-requeueable deps ti=<TaskInstance: elt_to_dwh.create_dwh scheduled__2025-07-12T00:00:00+00:00 [queued]>
[2025-07-26T04:56:41.744+0000] {taskinstance.py:2614} INFO - Dependencies all met for dep_context=requeueable deps ti=<TaskInstance: elt_to_dwh.create_dwh scheduled__2025-07-12T00:00:00+00:00 [queued]>
[2025-07-26T04:56:41.745+0000] {taskinstance.py:2867} INFO - Starting attempt 1 of 1
[2025-07-26T04:56:41.758+0000] {taskinstance.py:2890} INFO - Executing <Task(PythonOperator): create_dwh> on 2025-07-12 00:00:00+00:00
[2025-07-26T04:56:41.764+0000] {standard_task_runner.py:104} INFO - Running: ['airflow', 'tasks', 'run', 'elt_to_dwh', 'create_dwh', 'scheduled__2025-07-12T00:00:00+00:00', '--job-id', '21', '--raw', '--subdir', 'DAGS_FOLDER/elt_to_dwh.py', '--cfg-path', '/tmp/tmp0y4zk18y']
[2025-07-26T04:56:41.766+0000] {standard_task_runner.py:105} INFO - Job 21: Subtask create_dwh
[2025-07-26T04:56:41.768+0000] {logging_mixin.py:190} WARNING - /home/airflow/.local/lib/python3.12/site-packages/airflow/task/task_runner/standard_task_runner.py:70 DeprecationWarning: This process (pid=591) is multi-threaded, use of fork() may lead to deadlocks in the child.
[2025-07-26T04:56:41.768+0000] {standard_task_runner.py:72} INFO - Started process 601 to run task
[2025-07-26T04:56:41.795+0000] {task_command.py:467} INFO - Running <TaskInstance: elt_to_dwh.create_dwh scheduled__2025-07-12T00:00:00+00:00 [running]> on host 3bc71adbf7e0
[2025-07-26T04:56:41.854+0000] {taskinstance.py:3134} INFO - Exporting env vars: AIRFLOW_CTX_DAG_OWNER='airflow' AIRFLOW_CTX_DAG_ID='elt_to_dwh' AIRFLOW_CTX_TASK_ID='create_dwh' AIRFLOW_CTX_EXECUTION_DATE='2025-07-12T00:00:00+00:00' AIRFLOW_CTX_TRY_NUMBER='1' AIRFLOW_CTX_DAG_RUN_ID='scheduled__2025-07-12T00:00:00+00:00'
[2025-07-26T04:56:41.855+0000] {taskinstance.py:732} INFO - ::endgroup::
[2025-07-26T04:56:41.903+0000] {logging_mixin.py:190} INFO - Executed DDL script successfully!
[2025-07-26T04:56:41.914+0000] {python.py:240} INFO - Done. Returned value was: None
[2025-07-26T04:56:41.918+0000] {taskinstance.py:341} INFO - ::group::Post task execution logs
[2025-07-26T04:56:41.918+0000] {taskinstance.py:353} INFO - Marking task as SUCCESS. dag_id=elt_to_dwh, task_id=create_dwh, run_id=scheduled__2025-07-12T00:00:00+00:00, execution_date=20250712T000000, start_date=20250726T045641, end_date=20250726T045641
[2025-07-26T04:56:41.942+0000] {local_task_job_runner.py:266} INFO - Task exited with return code 0
[2025-07-26T04:56:41.962+0000] {taskinstance.py:3901} INFO - 3 downstream tasks scheduled from follow-on schedule check
[2025-07-26T04:56:41.968+0000] {local_task_job_runner.py:245} INFO - ::endgroup::
