[2025-07-25T11:14:42.441+0000] {local_task_job_runner.py:123} INFO - ::group::Pre task execution logs
[2025-07-25T11:14:42.458+0000] {taskinstance.py:2614} INFO - Dependencies all met for dep_context=non-requeueable deps ti=<TaskInstance: elt_to_dwh.extract_task.convert_ohlcs_to_parquet scheduled__2025-07-15T00:00:00+00:00 [queued]>
[2025-07-25T11:14:42.468+0000] {taskinstance.py:2614} INFO - Dependencies all met for dep_context=requeueable deps ti=<TaskInstance: elt_to_dwh.extract_task.convert_ohlcs_to_parquet scheduled__2025-07-15T00:00:00+00:00 [queued]>
[2025-07-25T11:14:42.469+0000] {taskinstance.py:2867} INFO - Starting attempt 1 of 1
[2025-07-25T11:14:42.488+0000] {taskinstance.py:2890} INFO - Executing <Task(PythonOperator): extract_task.convert_ohlcs_to_parquet> on 2025-07-15 00:00:00+00:00
[2025-07-25T11:14:42.496+0000] {standard_task_runner.py:104} INFO - Running: ['airflow', 'tasks', 'run', 'elt_to_dwh', 'extract_task.convert_ohlcs_to_parquet', 'scheduled__2025-07-15T00:00:00+00:00', '--job-id', '108', '--raw', '--subdir', 'DAGS_FOLDER/elt_to_dwh.py', '--cfg-path', '/tmp/tmp1u4v_cob']
[2025-07-25T11:14:42.499+0000] {standard_task_runner.py:105} INFO - Job 108: Subtask extract_task.convert_ohlcs_to_parquet
[2025-07-25T11:14:42.512+0000] {logging_mixin.py:190} WARNING - /home/airflow/.local/lib/python3.12/site-packages/airflow/task/task_runner/standard_task_runner.py:70 DeprecationWarning: This process (pid=3320) is multi-threaded, use of fork() may lead to deadlocks in the child.
[2025-07-25T11:14:43.069+0000] {standard_task_runner.py:72} INFO - Started process 3330 to run task
[2025-07-25T11:14:43.183+0000] {task_command.py:467} INFO - Running <TaskInstance: elt_to_dwh.extract_task.convert_ohlcs_to_parquet scheduled__2025-07-15T00:00:00+00:00 [running]> on host 74cfddf97016
[2025-07-25T11:14:43.279+0000] {taskinstance.py:3134} INFO - Exporting env vars: AIRFLOW_CTX_DAG_OWNER='airflow' AIRFLOW_CTX_DAG_ID='elt_to_dwh' AIRFLOW_CTX_TASK_ID='extract_task.convert_ohlcs_to_parquet' AIRFLOW_CTX_EXECUTION_DATE='2025-07-15T00:00:00+00:00' AIRFLOW_CTX_TRY_NUMBER='1' AIRFLOW_CTX_DAG_RUN_ID='scheduled__2025-07-15T00:00:00+00:00'
[2025-07-25T11:14:43.281+0000] {taskinstance.py:732} INFO - ::endgroup::
[2025-07-25T11:14:43.307+0000] {logging_mixin.py:190} INFO - Looking for file: /opt/airflow/data/raw/ohlcs/crawl_ohlcs-20250715.json
[2025-07-25T11:14:43.532+0000] {logging_mixin.py:190} INFO - [ohlcs] Saved Parquet file: /opt/airflow/data/parquet/ohlcs/crawl_ohlcs-20250715.parquet
[2025-07-25T11:14:43.533+0000] {python.py:240} INFO - Done. Returned value was: None
[2025-07-25T11:14:43.540+0000] {taskinstance.py:341} INFO - ::group::Post task execution logs
[2025-07-25T11:14:43.541+0000] {taskinstance.py:353} INFO - Marking task as SUCCESS. dag_id=elt_to_dwh, task_id=extract_task.convert_ohlcs_to_parquet, run_id=scheduled__2025-07-15T00:00:00+00:00, execution_date=20250715T000000, start_date=20250725T111442, end_date=20250725T111443
[2025-07-25T11:14:43.591+0000] {local_task_job_runner.py:266} INFO - Task exited with return code 0
[2025-07-25T11:14:43.611+0000] {taskinstance.py:3901} INFO - 1 downstream tasks scheduled from follow-on schedule check
[2025-07-25T11:14:43.616+0000] {local_task_job_runner.py:245} INFO - ::endgroup::
[2025-07-25T11:53:29.130+0000] {local_task_job_runner.py:123} INFO - ::group::Pre task execution logs
[2025-07-25T11:53:29.143+0000] {taskinstance.py:2614} INFO - Dependencies all met for dep_context=non-requeueable deps ti=<TaskInstance: elt_to_dwh.extract_task.convert_ohlcs_to_parquet scheduled__2025-07-15T00:00:00+00:00 [queued]>
[2025-07-25T11:53:29.151+0000] {taskinstance.py:2614} INFO - Dependencies all met for dep_context=requeueable deps ti=<TaskInstance: elt_to_dwh.extract_task.convert_ohlcs_to_parquet scheduled__2025-07-15T00:00:00+00:00 [queued]>
[2025-07-25T11:53:29.152+0000] {taskinstance.py:2867} INFO - Starting attempt 1 of 1
[2025-07-25T11:53:29.165+0000] {taskinstance.py:2890} INFO - Executing <Task(PythonOperator): extract_task.convert_ohlcs_to_parquet> on 2025-07-15 00:00:00+00:00
[2025-07-25T11:53:29.172+0000] {standard_task_runner.py:104} INFO - Running: ['airflow', 'tasks', 'run', 'elt_to_dwh', 'extract_task.convert_ohlcs_to_parquet', 'scheduled__2025-07-15T00:00:00+00:00', '--job-id', '170', '--raw', '--subdir', 'DAGS_FOLDER/elt_to_dwh.py', '--cfg-path', '/tmp/tmpmdw8c19h']
[2025-07-25T11:53:29.175+0000] {standard_task_runner.py:105} INFO - Job 170: Subtask extract_task.convert_ohlcs_to_parquet
[2025-07-25T11:53:29.176+0000] {logging_mixin.py:190} WARNING - /home/airflow/.local/lib/python3.12/site-packages/airflow/task/task_runner/standard_task_runner.py:70 DeprecationWarning: This process (pid=4920) is multi-threaded, use of fork() may lead to deadlocks in the child.
[2025-07-25T11:53:29.177+0000] {standard_task_runner.py:72} INFO - Started process 4930 to run task
[2025-07-25T11:53:29.212+0000] {task_command.py:467} INFO - Running <TaskInstance: elt_to_dwh.extract_task.convert_ohlcs_to_parquet scheduled__2025-07-15T00:00:00+00:00 [running]> on host 74cfddf97016
[2025-07-25T11:53:29.279+0000] {taskinstance.py:3134} INFO - Exporting env vars: AIRFLOW_CTX_DAG_OWNER='airflow' AIRFLOW_CTX_DAG_ID='elt_to_dwh' AIRFLOW_CTX_TASK_ID='extract_task.convert_ohlcs_to_parquet' AIRFLOW_CTX_EXECUTION_DATE='2025-07-15T00:00:00+00:00' AIRFLOW_CTX_TRY_NUMBER='1' AIRFLOW_CTX_DAG_RUN_ID='scheduled__2025-07-15T00:00:00+00:00'
[2025-07-25T11:53:29.280+0000] {taskinstance.py:732} INFO - ::endgroup::
[2025-07-25T11:53:29.293+0000] {logging_mixin.py:190} INFO - Looking for file: /opt/airflow/data/raw/ohlcs/crawl_ohlcs-20250715.json
[2025-07-25T11:53:29.467+0000] {logging_mixin.py:190} INFO - [ohlcs] Saved Parquet file: /opt/airflow/data/parquet/ohlcs/crawl_ohlcs-20250715.parquet
[2025-07-25T11:53:29.467+0000] {python.py:240} INFO - Done. Returned value was: None
[2025-07-25T11:53:29.472+0000] {taskinstance.py:341} INFO - ::group::Post task execution logs
[2025-07-25T11:53:29.473+0000] {taskinstance.py:353} INFO - Marking task as SUCCESS. dag_id=elt_to_dwh, task_id=extract_task.convert_ohlcs_to_parquet, run_id=scheduled__2025-07-15T00:00:00+00:00, execution_date=20250715T000000, start_date=20250725T115329, end_date=20250725T115329
[2025-07-25T11:53:29.512+0000] {local_task_job_runner.py:266} INFO - Task exited with return code 0
[2025-07-25T11:53:29.527+0000] {taskinstance.py:3901} INFO - 0 downstream tasks scheduled from follow-on schedule check
[2025-07-25T11:53:29.534+0000] {local_task_job_runner.py:245} INFO - ::endgroup::
[2025-07-26T05:02:11.837+0000] {local_task_job_runner.py:123} INFO - ::group::Pre task execution logs
[2025-07-26T05:02:11.868+0000] {taskinstance.py:2614} INFO - Dependencies all met for dep_context=non-requeueable deps ti=<TaskInstance: elt_to_dwh.extract_task.convert_ohlcs_to_parquet scheduled__2025-07-15T00:00:00+00:00 [queued]>
[2025-07-26T05:02:11.881+0000] {taskinstance.py:2614} INFO - Dependencies all met for dep_context=requeueable deps ti=<TaskInstance: elt_to_dwh.extract_task.convert_ohlcs_to_parquet scheduled__2025-07-15T00:00:00+00:00 [queued]>
[2025-07-26T05:02:11.883+0000] {taskinstance.py:2867} INFO - Starting attempt 1 of 1
[2025-07-26T05:02:11.906+0000] {taskinstance.py:2890} INFO - Executing <Task(PythonOperator): extract_task.convert_ohlcs_to_parquet> on 2025-07-15 00:00:00+00:00
[2025-07-26T05:02:11.916+0000] {standard_task_runner.py:104} INFO - Running: ['airflow', 'tasks', 'run', 'elt_to_dwh', 'extract_task.convert_ohlcs_to_parquet', 'scheduled__2025-07-15T00:00:00+00:00', '--job-id', '62', '--raw', '--subdir', 'DAGS_FOLDER/elt_to_dwh.py', '--cfg-path', '/tmp/tmp65u5ufxx']
[2025-07-26T05:02:11.920+0000] {standard_task_runner.py:105} INFO - Job 62: Subtask extract_task.convert_ohlcs_to_parquet
[2025-07-26T05:02:11.924+0000] {logging_mixin.py:190} WARNING - /home/airflow/.local/lib/python3.12/site-packages/airflow/task/task_runner/standard_task_runner.py:70 DeprecationWarning: This process (pid=2308) is multi-threaded, use of fork() may lead to deadlocks in the child.
[2025-07-26T05:02:11.925+0000] {standard_task_runner.py:72} INFO - Started process 2318 to run task
[2025-07-26T05:02:11.959+0000] {task_command.py:467} INFO - Running <TaskInstance: elt_to_dwh.extract_task.convert_ohlcs_to_parquet scheduled__2025-07-15T00:00:00+00:00 [running]> on host 3bc71adbf7e0
[2025-07-26T05:02:12.023+0000] {taskinstance.py:3134} INFO - Exporting env vars: AIRFLOW_CTX_DAG_OWNER='airflow' AIRFLOW_CTX_DAG_ID='elt_to_dwh' AIRFLOW_CTX_TASK_ID='extract_task.convert_ohlcs_to_parquet' AIRFLOW_CTX_EXECUTION_DATE='2025-07-15T00:00:00+00:00' AIRFLOW_CTX_TRY_NUMBER='1' AIRFLOW_CTX_DAG_RUN_ID='scheduled__2025-07-15T00:00:00+00:00'
[2025-07-26T05:02:12.023+0000] {taskinstance.py:732} INFO - ::endgroup::
[2025-07-26T05:02:12.034+0000] {logging_mixin.py:190} INFO - Looking for file: /opt/airflow/data/raw/ohlcs/crawl_ohlcs-20250715.json
[2025-07-26T05:02:12.160+0000] {logging_mixin.py:190} INFO - [ohlcs] Saved Parquet file: /opt/airflow/data/parquet/ohlcs/crawl_ohlcs-20250715.parquet
[2025-07-26T05:02:12.161+0000] {python.py:240} INFO - Done. Returned value was: None
[2025-07-26T05:02:12.165+0000] {taskinstance.py:341} INFO - ::group::Post task execution logs
[2025-07-26T05:02:12.165+0000] {taskinstance.py:353} INFO - Marking task as SUCCESS. dag_id=elt_to_dwh, task_id=extract_task.convert_ohlcs_to_parquet, run_id=scheduled__2025-07-15T00:00:00+00:00, execution_date=20250715T000000, start_date=20250726T050211, end_date=20250726T050212
[2025-07-26T05:02:12.221+0000] {local_task_job_runner.py:266} INFO - Task exited with return code 0
[2025-07-26T05:02:12.238+0000] {taskinstance.py:3901} INFO - 1 downstream tasks scheduled from follow-on schedule check
[2025-07-26T05:02:12.245+0000] {local_task_job_runner.py:245} INFO - ::endgroup::
