[2025-07-25T11:11:21.931+0000] {local_task_job_runner.py:123} INFO - ::group::Pre task execution logs
[2025-07-25T11:11:21.956+0000] {taskinstance.py:2614} INFO - Dependencies all met for dep_context=non-requeueable deps ti=<TaskInstance: elt_to_dwh.extract_task.convert_news_to_parquet scheduled__2025-07-10T00:00:00+00:00 [queued]>
[2025-07-25T11:11:21.990+0000] {taskinstance.py:2614} INFO - Dependencies all met for dep_context=requeueable deps ti=<TaskInstance: elt_to_dwh.extract_task.convert_news_to_parquet scheduled__2025-07-10T00:00:00+00:00 [queued]>
[2025-07-25T11:11:21.991+0000] {taskinstance.py:2867} INFO - Starting attempt 1 of 1
[2025-07-25T11:11:22.011+0000] {taskinstance.py:2890} INFO - Executing <Task(PythonOperator): extract_task.convert_news_to_parquet> on 2025-07-10 00:00:00+00:00
[2025-07-25T11:11:22.021+0000] {standard_task_runner.py:104} INFO - Running: ['airflow', 'tasks', 'run', 'elt_to_dwh', 'extract_task.convert_news_to_parquet', 'scheduled__2025-07-10T00:00:00+00:00', '--job-id', '77', '--raw', '--subdir', 'DAGS_FOLDER/elt_to_dwh.py', '--cfg-path', '/tmp/tmp1v0ctbog']
[2025-07-25T11:11:22.024+0000] {standard_task_runner.py:105} INFO - Job 77: Subtask extract_task.convert_news_to_parquet
[2025-07-25T11:11:22.027+0000] {logging_mixin.py:190} WARNING - /home/airflow/.local/lib/python3.12/site-packages/airflow/task/task_runner/standard_task_runner.py:70 DeprecationWarning: This process (pid=2790) is multi-threaded, use of fork() may lead to deadlocks in the child.
[2025-07-25T11:11:22.028+0000] {standard_task_runner.py:72} INFO - Started process 2800 to run task
[2025-07-25T11:11:22.075+0000] {task_command.py:467} INFO - Running <TaskInstance: elt_to_dwh.extract_task.convert_news_to_parquet scheduled__2025-07-10T00:00:00+00:00 [running]> on host 74cfddf97016
[2025-07-25T11:11:22.174+0000] {taskinstance.py:3134} INFO - Exporting env vars: AIRFLOW_CTX_DAG_OWNER='airflow' AIRFLOW_CTX_DAG_ID='elt_to_dwh' AIRFLOW_CTX_TASK_ID='extract_task.convert_news_to_parquet' AIRFLOW_CTX_EXECUTION_DATE='2025-07-10T00:00:00+00:00' AIRFLOW_CTX_TRY_NUMBER='1' AIRFLOW_CTX_DAG_RUN_ID='scheduled__2025-07-10T00:00:00+00:00'
[2025-07-25T11:11:22.175+0000] {taskinstance.py:732} INFO - ::endgroup::
[2025-07-25T11:11:22.199+0000] {logging_mixin.py:190} INFO - Looking for file: /opt/airflow/data/raw/news/crawl_news-20250710.json
[2025-07-25T11:11:22.442+0000] {logging_mixin.py:190} INFO - [news] Saved Parquet file: /opt/airflow/data/parquet/news/crawl_news-20250710.parquet
[2025-07-25T11:11:22.443+0000] {python.py:240} INFO - Done. Returned value was: None
[2025-07-25T11:11:22.449+0000] {taskinstance.py:341} INFO - ::group::Post task execution logs
[2025-07-25T11:11:22.450+0000] {taskinstance.py:353} INFO - Marking task as SUCCESS. dag_id=elt_to_dwh, task_id=extract_task.convert_news_to_parquet, run_id=scheduled__2025-07-10T00:00:00+00:00, execution_date=20250710T000000, start_date=20250725T111121, end_date=20250725T111122
[2025-07-25T11:11:22.525+0000] {local_task_job_runner.py:266} INFO - Task exited with return code 0
[2025-07-25T11:11:22.550+0000] {taskinstance.py:3901} INFO - 0 downstream tasks scheduled from follow-on schedule check
[2025-07-25T11:11:22.561+0000] {local_task_job_runner.py:245} INFO - ::endgroup::
[2025-07-26T04:56:59.866+0000] {local_task_job_runner.py:123} INFO - ::group::Pre task execution logs
[2025-07-26T04:56:59.878+0000] {taskinstance.py:2614} INFO - Dependencies all met for dep_context=non-requeueable deps ti=<TaskInstance: elt_to_dwh.extract_task.convert_news_to_parquet scheduled__2025-07-10T00:00:00+00:00 [queued]>
[2025-07-26T04:56:59.885+0000] {taskinstance.py:2614} INFO - Dependencies all met for dep_context=requeueable deps ti=<TaskInstance: elt_to_dwh.extract_task.convert_news_to_parquet scheduled__2025-07-10T00:00:00+00:00 [queued]>
[2025-07-26T04:56:59.885+0000] {taskinstance.py:2867} INFO - Starting attempt 1 of 1
[2025-07-26T04:56:59.898+0000] {taskinstance.py:2890} INFO - Executing <Task(PythonOperator): extract_task.convert_news_to_parquet> on 2025-07-10 00:00:00+00:00
[2025-07-26T04:56:59.904+0000] {standard_task_runner.py:104} INFO - Running: ['airflow', 'tasks', 'run', 'elt_to_dwh', 'extract_task.convert_news_to_parquet', 'scheduled__2025-07-10T00:00:00+00:00', '--job-id', '24', '--raw', '--subdir', 'DAGS_FOLDER/elt_to_dwh.py', '--cfg-path', '/tmp/tmpcdpyifv5']
[2025-07-26T04:56:59.906+0000] {standard_task_runner.py:105} INFO - Job 24: Subtask extract_task.convert_news_to_parquet
[2025-07-26T04:56:59.908+0000] {logging_mixin.py:190} WARNING - /home/airflow/.local/lib/python3.12/site-packages/airflow/task/task_runner/standard_task_runner.py:70 DeprecationWarning: This process (pid=634) is multi-threaded, use of fork() may lead to deadlocks in the child.
[2025-07-26T04:56:59.908+0000] {standard_task_runner.py:72} INFO - Started process 644 to run task
[2025-07-26T04:56:59.937+0000] {task_command.py:467} INFO - Running <TaskInstance: elt_to_dwh.extract_task.convert_news_to_parquet scheduled__2025-07-10T00:00:00+00:00 [running]> on host 3bc71adbf7e0
[2025-07-26T04:56:59.991+0000] {taskinstance.py:3134} INFO - Exporting env vars: AIRFLOW_CTX_DAG_OWNER='airflow' AIRFLOW_CTX_DAG_ID='elt_to_dwh' AIRFLOW_CTX_TASK_ID='extract_task.convert_news_to_parquet' AIRFLOW_CTX_EXECUTION_DATE='2025-07-10T00:00:00+00:00' AIRFLOW_CTX_TRY_NUMBER='1' AIRFLOW_CTX_DAG_RUN_ID='scheduled__2025-07-10T00:00:00+00:00'
[2025-07-26T04:56:59.992+0000] {taskinstance.py:732} INFO - ::endgroup::
[2025-07-26T04:57:00.005+0000] {logging_mixin.py:190} INFO - Looking for file: /opt/airflow/data/raw/news/crawl_news-20250710.json
[2025-07-26T04:57:00.114+0000] {logging_mixin.py:190} INFO - [news] Saved Parquet file: /opt/airflow/data/parquet/news/crawl_news-20250710.parquet
[2025-07-26T04:57:00.115+0000] {python.py:240} INFO - Done. Returned value was: None
[2025-07-26T04:57:00.118+0000] {taskinstance.py:341} INFO - ::group::Post task execution logs
[2025-07-26T04:57:00.119+0000] {taskinstance.py:353} INFO - Marking task as SUCCESS. dag_id=elt_to_dwh, task_id=extract_task.convert_news_to_parquet, run_id=scheduled__2025-07-10T00:00:00+00:00, execution_date=20250710T000000, start_date=20250726T045659, end_date=20250726T045700
[2025-07-26T04:57:00.162+0000] {local_task_job_runner.py:266} INFO - Task exited with return code 0
[2025-07-26T04:57:00.176+0000] {taskinstance.py:3901} INFO - 0 downstream tasks scheduled from follow-on schedule check
[2025-07-26T04:57:00.177+0000] {local_task_job_runner.py:245} INFO - ::endgroup::
