[2025-07-25T11:16:11.875+0000] {local_task_job_runner.py:123} INFO - ::group::Pre task execution logs
[2025-07-25T11:16:11.888+0000] {taskinstance.py:2614} INFO - Dependencies all met for dep_context=non-requeueable deps ti=<TaskInstance: elt_to_dwh.extract_task.convert_ohlcs_to_parquet scheduled__2025-07-17T00:00:00+00:00 [queued]>
[2025-07-25T11:16:11.897+0000] {taskinstance.py:2614} INFO - Dependencies all met for dep_context=requeueable deps ti=<TaskInstance: elt_to_dwh.extract_task.convert_ohlcs_to_parquet scheduled__2025-07-17T00:00:00+00:00 [queued]>
[2025-07-25T11:16:11.898+0000] {taskinstance.py:2867} INFO - Starting attempt 1 of 1
[2025-07-25T11:16:11.912+0000] {taskinstance.py:2890} INFO - Executing <Task(PythonOperator): extract_task.convert_ohlcs_to_parquet> on 2025-07-17 00:00:00+00:00
[2025-07-25T11:16:11.920+0000] {standard_task_runner.py:104} INFO - Running: ['airflow', 'tasks', 'run', 'elt_to_dwh', 'extract_task.convert_ohlcs_to_parquet', 'scheduled__2025-07-17T00:00:00+00:00', '--job-id', '121', '--raw', '--subdir', 'DAGS_FOLDER/elt_to_dwh.py', '--cfg-path', '/tmp/tmpjr32agwb']
[2025-07-25T11:16:11.922+0000] {logging_mixin.py:190} WARNING - /home/airflow/.local/lib/python3.12/site-packages/airflow/task/task_runner/standard_task_runner.py:70 DeprecationWarning: This process (pid=3635) is multi-threaded, use of fork() may lead to deadlocks in the child.
[2025-07-25T11:16:11.923+0000] {standard_task_runner.py:105} INFO - Job 121: Subtask extract_task.convert_ohlcs_to_parquet
[2025-07-25T11:16:11.923+0000] {standard_task_runner.py:72} INFO - Started process 3645 to run task
[2025-07-25T11:16:11.962+0000] {task_command.py:467} INFO - Running <TaskInstance: elt_to_dwh.extract_task.convert_ohlcs_to_parquet scheduled__2025-07-17T00:00:00+00:00 [running]> on host 74cfddf97016
[2025-07-25T11:16:12.023+0000] {taskinstance.py:3134} INFO - Exporting env vars: AIRFLOW_CTX_DAG_OWNER='airflow' AIRFLOW_CTX_DAG_ID='elt_to_dwh' AIRFLOW_CTX_TASK_ID='extract_task.convert_ohlcs_to_parquet' AIRFLOW_CTX_EXECUTION_DATE='2025-07-17T00:00:00+00:00' AIRFLOW_CTX_TRY_NUMBER='1' AIRFLOW_CTX_DAG_RUN_ID='scheduled__2025-07-17T00:00:00+00:00'
[2025-07-25T11:16:12.024+0000] {taskinstance.py:732} INFO - ::endgroup::
[2025-07-25T11:16:12.040+0000] {logging_mixin.py:190} INFO - Looking for file: /opt/airflow/data/raw/ohlcs/crawl_ohlcs-20250717.json
[2025-07-25T11:16:12.194+0000] {logging_mixin.py:190} INFO - [ohlcs] Saved Parquet file: /opt/airflow/data/parquet/ohlcs/crawl_ohlcs-20250717.parquet
[2025-07-25T11:16:12.194+0000] {python.py:240} INFO - Done. Returned value was: None
[2025-07-25T11:16:12.199+0000] {taskinstance.py:341} INFO - ::group::Post task execution logs
[2025-07-25T11:16:12.199+0000] {taskinstance.py:353} INFO - Marking task as SUCCESS. dag_id=elt_to_dwh, task_id=extract_task.convert_ohlcs_to_parquet, run_id=scheduled__2025-07-17T00:00:00+00:00, execution_date=20250717T000000, start_date=20250725T111611, end_date=20250725T111612
[2025-07-25T11:16:12.259+0000] {local_task_job_runner.py:266} INFO - Task exited with return code 0
[2025-07-25T11:16:12.274+0000] {taskinstance.py:3901} INFO - 0 downstream tasks scheduled from follow-on schedule check
[2025-07-25T11:16:12.280+0000] {local_task_job_runner.py:245} INFO - ::endgroup::
[2025-07-25T11:54:53.529+0000] {local_task_job_runner.py:123} INFO - ::group::Pre task execution logs
[2025-07-25T11:54:53.552+0000] {taskinstance.py:2614} INFO - Dependencies all met for dep_context=non-requeueable deps ti=<TaskInstance: elt_to_dwh.extract_task.convert_ohlcs_to_parquet scheduled__2025-07-17T00:00:00+00:00 [queued]>
[2025-07-25T11:54:53.564+0000] {taskinstance.py:2614} INFO - Dependencies all met for dep_context=requeueable deps ti=<TaskInstance: elt_to_dwh.extract_task.convert_ohlcs_to_parquet scheduled__2025-07-17T00:00:00+00:00 [queued]>
[2025-07-25T11:54:53.566+0000] {taskinstance.py:2867} INFO - Starting attempt 1 of 1
[2025-07-25T11:54:53.584+0000] {taskinstance.py:2890} INFO - Executing <Task(PythonOperator): extract_task.convert_ohlcs_to_parquet> on 2025-07-17 00:00:00+00:00
[2025-07-25T11:54:53.595+0000] {standard_task_runner.py:104} INFO - Running: ['airflow', 'tasks', 'run', 'elt_to_dwh', 'extract_task.convert_ohlcs_to_parquet', 'scheduled__2025-07-17T00:00:00+00:00', '--job-id', '180', '--raw', '--subdir', 'DAGS_FOLDER/elt_to_dwh.py', '--cfg-path', '/tmp/tmptr_q4ybu']
[2025-07-25T11:54:53.598+0000] {standard_task_runner.py:105} INFO - Job 180: Subtask extract_task.convert_ohlcs_to_parquet
[2025-07-25T11:54:53.602+0000] {logging_mixin.py:190} WARNING - /home/airflow/.local/lib/python3.12/site-packages/airflow/task/task_runner/standard_task_runner.py:70 DeprecationWarning: This process (pid=5094) is multi-threaded, use of fork() may lead to deadlocks in the child.
[2025-07-25T11:54:53.602+0000] {standard_task_runner.py:72} INFO - Started process 5104 to run task
[2025-07-25T11:54:53.647+0000] {task_command.py:467} INFO - Running <TaskInstance: elt_to_dwh.extract_task.convert_ohlcs_to_parquet scheduled__2025-07-17T00:00:00+00:00 [running]> on host 74cfddf97016
[2025-07-25T11:54:53.741+0000] {taskinstance.py:3134} INFO - Exporting env vars: AIRFLOW_CTX_DAG_OWNER='airflow' AIRFLOW_CTX_DAG_ID='elt_to_dwh' AIRFLOW_CTX_TASK_ID='extract_task.convert_ohlcs_to_parquet' AIRFLOW_CTX_EXECUTION_DATE='2025-07-17T00:00:00+00:00' AIRFLOW_CTX_TRY_NUMBER='1' AIRFLOW_CTX_DAG_RUN_ID='scheduled__2025-07-17T00:00:00+00:00'
[2025-07-25T11:54:53.743+0000] {taskinstance.py:732} INFO - ::endgroup::
[2025-07-25T11:54:53.764+0000] {logging_mixin.py:190} INFO - Looking for file: /opt/airflow/data/raw/ohlcs/crawl_ohlcs-20250717.json
[2025-07-25T11:54:53.994+0000] {logging_mixin.py:190} INFO - [ohlcs] Saved Parquet file: /opt/airflow/data/parquet/ohlcs/crawl_ohlcs-20250717.parquet
[2025-07-25T11:54:53.996+0000] {python.py:240} INFO - Done. Returned value was: None
[2025-07-25T11:54:54.004+0000] {taskinstance.py:341} INFO - ::group::Post task execution logs
[2025-07-25T11:54:54.005+0000] {taskinstance.py:353} INFO - Marking task as SUCCESS. dag_id=elt_to_dwh, task_id=extract_task.convert_ohlcs_to_parquet, run_id=scheduled__2025-07-17T00:00:00+00:00, execution_date=20250717T000000, start_date=20250725T115453, end_date=20250725T115454
[2025-07-25T11:54:54.059+0000] {local_task_job_runner.py:266} INFO - Task exited with return code 0
[2025-07-25T11:54:54.084+0000] {taskinstance.py:3901} INFO - 0 downstream tasks scheduled from follow-on schedule check
[2025-07-25T11:54:54.095+0000] {local_task_job_runner.py:245} INFO - ::endgroup::
[2025-07-26T05:04:01.770+0000] {local_task_job_runner.py:123} INFO - ::group::Pre task execution logs
[2025-07-26T05:04:01.781+0000] {taskinstance.py:2614} INFO - Dependencies all met for dep_context=non-requeueable deps ti=<TaskInstance: elt_to_dwh.extract_task.convert_ohlcs_to_parquet scheduled__2025-07-17T00:00:00+00:00 [queued]>
[2025-07-26T05:04:01.788+0000] {taskinstance.py:2614} INFO - Dependencies all met for dep_context=requeueable deps ti=<TaskInstance: elt_to_dwh.extract_task.convert_ohlcs_to_parquet scheduled__2025-07-17T00:00:00+00:00 [queued]>
[2025-07-26T05:04:01.789+0000] {taskinstance.py:2867} INFO - Starting attempt 1 of 1
[2025-07-26T05:04:01.801+0000] {taskinstance.py:2890} INFO - Executing <Task(PythonOperator): extract_task.convert_ohlcs_to_parquet> on 2025-07-17 00:00:00+00:00
[2025-07-26T05:04:01.808+0000] {standard_task_runner.py:104} INFO - Running: ['airflow', 'tasks', 'run', 'elt_to_dwh', 'extract_task.convert_ohlcs_to_parquet', 'scheduled__2025-07-17T00:00:00+00:00', '--job-id', '74', '--raw', '--subdir', 'DAGS_FOLDER/elt_to_dwh.py', '--cfg-path', '/tmp/tmpxss9pf8m']
[2025-07-26T05:04:01.809+0000] {standard_task_runner.py:105} INFO - Job 74: Subtask extract_task.convert_ohlcs_to_parquet
[2025-07-26T05:04:01.811+0000] {logging_mixin.py:190} WARNING - /home/airflow/.local/lib/python3.12/site-packages/airflow/task/task_runner/standard_task_runner.py:70 DeprecationWarning: This process (pid=2959) is multi-threaded, use of fork() may lead to deadlocks in the child.
[2025-07-26T05:04:01.812+0000] {standard_task_runner.py:72} INFO - Started process 2969 to run task
[2025-07-26T05:04:01.838+0000] {task_command.py:467} INFO - Running <TaskInstance: elt_to_dwh.extract_task.convert_ohlcs_to_parquet scheduled__2025-07-17T00:00:00+00:00 [running]> on host 3bc71adbf7e0
[2025-07-26T05:04:01.933+0000] {taskinstance.py:3134} INFO - Exporting env vars: AIRFLOW_CTX_DAG_OWNER='airflow' AIRFLOW_CTX_DAG_ID='elt_to_dwh' AIRFLOW_CTX_TASK_ID='extract_task.convert_ohlcs_to_parquet' AIRFLOW_CTX_EXECUTION_DATE='2025-07-17T00:00:00+00:00' AIRFLOW_CTX_TRY_NUMBER='1' AIRFLOW_CTX_DAG_RUN_ID='scheduled__2025-07-17T00:00:00+00:00'
[2025-07-26T05:04:01.934+0000] {taskinstance.py:732} INFO - ::endgroup::
[2025-07-26T05:04:01.948+0000] {logging_mixin.py:190} INFO - Looking for file: /opt/airflow/data/raw/ohlcs/crawl_ohlcs-20250717.json
[2025-07-26T05:04:02.170+0000] {logging_mixin.py:190} INFO - [ohlcs] Saved Parquet file: /opt/airflow/data/parquet/ohlcs/crawl_ohlcs-20250717.parquet
[2025-07-26T05:04:02.171+0000] {python.py:240} INFO - Done. Returned value was: None
[2025-07-26T05:04:02.177+0000] {taskinstance.py:341} INFO - ::group::Post task execution logs
[2025-07-26T05:04:02.178+0000] {taskinstance.py:353} INFO - Marking task as SUCCESS. dag_id=elt_to_dwh, task_id=extract_task.convert_ohlcs_to_parquet, run_id=scheduled__2025-07-17T00:00:00+00:00, execution_date=20250717T000000, start_date=20250726T050401, end_date=20250726T050402
[2025-07-26T05:04:02.227+0000] {local_task_job_runner.py:266} INFO - Task exited with return code 0
[2025-07-26T05:04:02.252+0000] {taskinstance.py:3901} INFO - 1 downstream tasks scheduled from follow-on schedule check
[2025-07-26T05:04:02.257+0000] {local_task_job_runner.py:245} INFO - ::endgroup::
