[2025-07-25T11:15:41.455+0000] {local_task_job_runner.py:123} INFO - ::group::Pre task execution logs
[2025-07-25T11:15:41.472+0000] {taskinstance.py:2614} INFO - Dependencies all met for dep_context=non-requeueable deps ti=<TaskInstance: elt_to_dwh.load_to_datalake scheduled__2025-07-15T00:00:00+00:00 [queued]>
[2025-07-25T11:15:41.483+0000] {taskinstance.py:2614} INFO - Dependencies all met for dep_context=requeueable deps ti=<TaskInstance: elt_to_dwh.load_to_datalake scheduled__2025-07-15T00:00:00+00:00 [queued]>
[2025-07-25T11:15:41.483+0000] {taskinstance.py:2867} INFO - Starting attempt 1 of 1
[2025-07-25T11:15:41.498+0000] {taskinstance.py:2890} INFO - Executing <Task(PythonOperator): load_to_datalake> on 2025-07-15 00:00:00+00:00
[2025-07-25T11:15:41.506+0000] {standard_task_runner.py:104} INFO - Running: ['airflow', 'tasks', 'run', 'elt_to_dwh', 'load_to_datalake', 'scheduled__2025-07-15T00:00:00+00:00', '--job-id', '117', '--raw', '--subdir', 'DAGS_FOLDER/elt_to_dwh.py', '--cfg-path', '/tmp/tmpewfegiys']
[2025-07-25T11:15:41.508+0000] {standard_task_runner.py:105} INFO - Job 117: Subtask load_to_datalake
[2025-07-25T11:15:41.512+0000] {logging_mixin.py:190} WARNING - /home/airflow/.local/lib/python3.12/site-packages/airflow/task/task_runner/standard_task_runner.py:70 DeprecationWarning: This process (pid=3510) is multi-threaded, use of fork() may lead to deadlocks in the child.
[2025-07-25T11:15:41.512+0000] {standard_task_runner.py:72} INFO - Started process 3520 to run task
[2025-07-25T11:15:41.545+0000] {task_command.py:467} INFO - Running <TaskInstance: elt_to_dwh.load_to_datalake scheduled__2025-07-15T00:00:00+00:00 [running]> on host 74cfddf97016
[2025-07-25T11:15:41.611+0000] {taskinstance.py:3134} INFO - Exporting env vars: AIRFLOW_CTX_DAG_OWNER='airflow' AIRFLOW_CTX_DAG_ID='elt_to_dwh' AIRFLOW_CTX_TASK_ID='load_to_datalake' AIRFLOW_CTX_EXECUTION_DATE='2025-07-15T00:00:00+00:00' AIRFLOW_CTX_TRY_NUMBER='1' AIRFLOW_CTX_DAG_RUN_ID='scheduled__2025-07-15T00:00:00+00:00'
[2025-07-25T11:15:41.613+0000] {taskinstance.py:732} INFO - ::endgroup::
[2025-07-25T11:15:41.781+0000] {logging_mixin.py:190} INFO - Uploading to bucket: stock-project-datalake
[2025-07-25T11:15:42.432+0000] {logging_mixin.py:190} INFO - Uploaded: /opt/airflow/data/parquet/companies/crawl_companies-20250712.parquet -> s3://stock-project-datalake/companies/crawl_companies-20250712.parquet
[2025-07-25T11:15:42.644+0000] {logging_mixin.py:190} INFO - Uploaded: /opt/airflow/data/parquet/companies/crawl_companies-20250713.parquet -> s3://stock-project-datalake/companies/crawl_companies-20250713.parquet
[2025-07-25T11:15:42.881+0000] {logging_mixin.py:190} INFO - Uploaded: /opt/airflow/data/parquet/companies/crawl_companies-20250714.parquet -> s3://stock-project-datalake/companies/crawl_companies-20250714.parquet
[2025-07-25T11:15:43.181+0000] {logging_mixin.py:190} INFO - Uploaded: /opt/airflow/data/parquet/companies/crawl_companies-20250715.parquet -> s3://stock-project-datalake/companies/crawl_companies-20250715.parquet
[2025-07-25T11:15:43.447+0000] {logging_mixin.py:190} INFO - Uploaded: /opt/airflow/data/parquet/companies/crawl_companies-20250716.parquet -> s3://stock-project-datalake/companies/crawl_companies-20250716.parquet
[2025-07-25T11:15:43.639+0000] {logging_mixin.py:190} INFO - Uploaded: /opt/airflow/data/parquet/companies/crawl_companies-20250717.parquet -> s3://stock-project-datalake/companies/crawl_companies-20250717.parquet
[2025-07-25T11:15:43.851+0000] {logging_mixin.py:190} INFO - Uploaded: /opt/airflow/data/parquet/news/crawl_news-20250710.parquet -> s3://stock-project-datalake/news/crawl_news-20250710.parquet
[2025-07-25T11:15:44.046+0000] {logging_mixin.py:190} INFO - Uploaded: /opt/airflow/data/parquet/news/crawl_news-20250711.parquet -> s3://stock-project-datalake/news/crawl_news-20250711.parquet
[2025-07-25T11:15:44.227+0000] {logging_mixin.py:190} INFO - Uploaded: /opt/airflow/data/parquet/news/crawl_news-20250712.parquet -> s3://stock-project-datalake/news/crawl_news-20250712.parquet
[2025-07-25T11:15:44.391+0000] {logging_mixin.py:190} INFO - Uploaded: /opt/airflow/data/parquet/news/crawl_news-20250713.parquet -> s3://stock-project-datalake/news/crawl_news-20250713.parquet
[2025-07-25T11:15:44.600+0000] {logging_mixin.py:190} INFO - Uploaded: /opt/airflow/data/parquet/news/crawl_news-20250714.parquet -> s3://stock-project-datalake/news/crawl_news-20250714.parquet
[2025-07-25T11:15:44.805+0000] {logging_mixin.py:190} INFO - Uploaded: /opt/airflow/data/parquet/news/crawl_news-20250715.parquet -> s3://stock-project-datalake/news/crawl_news-20250715.parquet
[2025-07-25T11:15:45.011+0000] {logging_mixin.py:190} INFO - Uploaded: /opt/airflow/data/parquet/news/crawl_news-20250716.parquet -> s3://stock-project-datalake/news/crawl_news-20250716.parquet
[2025-07-25T11:15:45.219+0000] {logging_mixin.py:190} INFO - Uploaded: /opt/airflow/data/parquet/ohlcs/crawl_ohlcs-20250710.parquet -> s3://stock-project-datalake/ohlcs/crawl_ohlcs-20250710.parquet
[2025-07-25T11:15:45.427+0000] {logging_mixin.py:190} INFO - Uploaded: /opt/airflow/data/parquet/ohlcs/crawl_ohlcs-20250711.parquet -> s3://stock-project-datalake/ohlcs/crawl_ohlcs-20250711.parquet
[2025-07-25T11:15:45.640+0000] {logging_mixin.py:190} INFO - Uploaded: /opt/airflow/data/parquet/ohlcs/crawl_ohlcs-20250714.parquet -> s3://stock-project-datalake/ohlcs/crawl_ohlcs-20250714.parquet
[2025-07-25T11:15:45.826+0000] {logging_mixin.py:190} INFO - Uploaded: /opt/airflow/data/parquet/ohlcs/crawl_ohlcs-20250715.parquet -> s3://stock-project-datalake/ohlcs/crawl_ohlcs-20250715.parquet
[2025-07-25T11:15:46.041+0000] {logging_mixin.py:190} INFO - Uploaded: /opt/airflow/data/parquet/ohlcs/crawl_ohlcs-20250716.parquet -> s3://stock-project-datalake/ohlcs/crawl_ohlcs-20250716.parquet
[2025-07-25T11:15:46.043+0000] {python.py:240} INFO - Done. Returned value was: None
[2025-07-25T11:15:46.048+0000] {taskinstance.py:341} INFO - ::group::Post task execution logs
[2025-07-25T11:15:46.048+0000] {taskinstance.py:353} INFO - Marking task as SUCCESS. dag_id=elt_to_dwh, task_id=load_to_datalake, run_id=scheduled__2025-07-15T00:00:00+00:00, execution_date=20250715T000000, start_date=20250725T111541, end_date=20250725T111546
[2025-07-25T11:15:46.107+0000] {local_task_job_runner.py:266} INFO - Task exited with return code 0
[2025-07-25T11:15:46.126+0000] {taskinstance.py:3901} INFO - 1 downstream tasks scheduled from follow-on schedule check
[2025-07-25T11:15:46.131+0000] {local_task_job_runner.py:245} INFO - ::endgroup::
[2025-07-26T05:03:41.846+0000] {local_task_job_runner.py:123} INFO - ::group::Pre task execution logs
[2025-07-26T05:03:41.860+0000] {taskinstance.py:2614} INFO - Dependencies all met for dep_context=non-requeueable deps ti=<TaskInstance: elt_to_dwh.load_to_datalake scheduled__2025-07-15T00:00:00+00:00 [queued]>
[2025-07-26T05:03:41.868+0000] {taskinstance.py:2614} INFO - Dependencies all met for dep_context=requeueable deps ti=<TaskInstance: elt_to_dwh.load_to_datalake scheduled__2025-07-15T00:00:00+00:00 [queued]>
[2025-07-26T05:03:41.868+0000] {taskinstance.py:2867} INFO - Starting attempt 1 of 1
[2025-07-26T05:03:41.882+0000] {taskinstance.py:2890} INFO - Executing <Task(PythonOperator): load_to_datalake> on 2025-07-15 00:00:00+00:00
[2025-07-26T05:03:41.888+0000] {standard_task_runner.py:104} INFO - Running: ['airflow', 'tasks', 'run', 'elt_to_dwh', 'load_to_datalake', 'scheduled__2025-07-15T00:00:00+00:00', '--job-id', '71', '--raw', '--subdir', 'DAGS_FOLDER/elt_to_dwh.py', '--cfg-path', '/tmp/tmp5gxmxifn']
[2025-07-26T05:03:41.890+0000] {standard_task_runner.py:105} INFO - Job 71: Subtask load_to_datalake
[2025-07-26T05:03:41.892+0000] {logging_mixin.py:190} WARNING - /home/airflow/.local/lib/python3.12/site-packages/airflow/task/task_runner/standard_task_runner.py:70 DeprecationWarning: This process (pid=2827) is multi-threaded, use of fork() may lead to deadlocks in the child.
[2025-07-26T05:03:41.892+0000] {standard_task_runner.py:72} INFO - Started process 2837 to run task
[2025-07-26T05:03:41.917+0000] {task_command.py:467} INFO - Running <TaskInstance: elt_to_dwh.load_to_datalake scheduled__2025-07-15T00:00:00+00:00 [running]> on host 3bc71adbf7e0
[2025-07-26T05:03:41.976+0000] {taskinstance.py:3134} INFO - Exporting env vars: AIRFLOW_CTX_DAG_OWNER='airflow' AIRFLOW_CTX_DAG_ID='elt_to_dwh' AIRFLOW_CTX_TASK_ID='load_to_datalake' AIRFLOW_CTX_EXECUTION_DATE='2025-07-15T00:00:00+00:00' AIRFLOW_CTX_TRY_NUMBER='1' AIRFLOW_CTX_DAG_RUN_ID='scheduled__2025-07-15T00:00:00+00:00'
[2025-07-26T05:03:41.977+0000] {taskinstance.py:732} INFO - ::endgroup::
[2025-07-26T05:03:42.085+0000] {logging_mixin.py:190} INFO - Uploading to bucket: stock-project-datalake
[2025-07-26T05:03:42.677+0000] {logging_mixin.py:190} INFO - Uploaded: /opt/airflow/data/parquet/companies/crawl_companies-20250710.parquet -> s3://stock-project-datalake/companies/crawl_companies-20250710.parquet
[2025-07-26T05:03:42.958+0000] {logging_mixin.py:190} INFO - Uploaded: /opt/airflow/data/parquet/companies/crawl_companies-20250711.parquet -> s3://stock-project-datalake/companies/crawl_companies-20250711.parquet
[2025-07-26T05:03:43.149+0000] {logging_mixin.py:190} INFO - Uploaded: /opt/airflow/data/parquet/companies/crawl_companies-20250712.parquet -> s3://stock-project-datalake/companies/crawl_companies-20250712.parquet
[2025-07-26T05:03:43.356+0000] {logging_mixin.py:190} INFO - Uploaded: /opt/airflow/data/parquet/companies/crawl_companies-20250713.parquet -> s3://stock-project-datalake/companies/crawl_companies-20250713.parquet
[2025-07-26T05:03:43.593+0000] {logging_mixin.py:190} INFO - Uploaded: /opt/airflow/data/parquet/companies/crawl_companies-20250714.parquet -> s3://stock-project-datalake/companies/crawl_companies-20250714.parquet
[2025-07-26T05:03:43.767+0000] {logging_mixin.py:190} INFO - Uploaded: /opt/airflow/data/parquet/companies/crawl_companies-20250715.parquet -> s3://stock-project-datalake/companies/crawl_companies-20250715.parquet
[2025-07-26T05:03:43.992+0000] {logging_mixin.py:190} INFO - Uploaded: /opt/airflow/data/parquet/companies/crawl_companies-20250716.parquet -> s3://stock-project-datalake/companies/crawl_companies-20250716.parquet
[2025-07-26T05:03:44.184+0000] {logging_mixin.py:190} INFO - Uploaded: /opt/airflow/data/parquet/companies/crawl_companies-20250717.parquet -> s3://stock-project-datalake/companies/crawl_companies-20250717.parquet
[2025-07-26T05:03:44.373+0000] {logging_mixin.py:190} INFO - Uploaded: /opt/airflow/data/parquet/companies/crawl_companies-20250718.parquet -> s3://stock-project-datalake/companies/crawl_companies-20250718.parquet
[2025-07-26T05:03:44.571+0000] {logging_mixin.py:190} INFO - Uploaded: /opt/airflow/data/parquet/companies/crawl_companies-20250719.parquet -> s3://stock-project-datalake/companies/crawl_companies-20250719.parquet
[2025-07-26T05:03:44.770+0000] {logging_mixin.py:190} INFO - Uploaded: /opt/airflow/data/parquet/companies/crawl_companies-20250720.parquet -> s3://stock-project-datalake/companies/crawl_companies-20250720.parquet
[2025-07-26T05:03:44.976+0000] {logging_mixin.py:190} INFO - Uploaded: /opt/airflow/data/parquet/news/crawl_news-20250710.parquet -> s3://stock-project-datalake/news/crawl_news-20250710.parquet
[2025-07-26T05:03:45.169+0000] {logging_mixin.py:190} INFO - Uploaded: /opt/airflow/data/parquet/news/crawl_news-20250711.parquet -> s3://stock-project-datalake/news/crawl_news-20250711.parquet
[2025-07-26T05:03:45.331+0000] {logging_mixin.py:190} INFO - Uploaded: /opt/airflow/data/parquet/news/crawl_news-20250712.parquet -> s3://stock-project-datalake/news/crawl_news-20250712.parquet
[2025-07-26T05:03:45.588+0000] {logging_mixin.py:190} INFO - Uploaded: /opt/airflow/data/parquet/news/crawl_news-20250713.parquet -> s3://stock-project-datalake/news/crawl_news-20250713.parquet
[2025-07-26T05:03:45.804+0000] {logging_mixin.py:190} INFO - Uploaded: /opt/airflow/data/parquet/news/crawl_news-20250714.parquet -> s3://stock-project-datalake/news/crawl_news-20250714.parquet
[2025-07-26T05:03:45.977+0000] {logging_mixin.py:190} INFO - Uploaded: /opt/airflow/data/parquet/news/crawl_news-20250715.parquet -> s3://stock-project-datalake/news/crawl_news-20250715.parquet
[2025-07-26T05:03:46.188+0000] {logging_mixin.py:190} INFO - Uploaded: /opt/airflow/data/parquet/news/crawl_news-20250716.parquet -> s3://stock-project-datalake/news/crawl_news-20250716.parquet
[2025-07-26T05:03:46.388+0000] {logging_mixin.py:190} INFO - Uploaded: /opt/airflow/data/parquet/ohlcs/crawl_ohlcs-20250710.parquet -> s3://stock-project-datalake/ohlcs/crawl_ohlcs-20250710.parquet
[2025-07-26T05:03:46.583+0000] {logging_mixin.py:190} INFO - Uploaded: /opt/airflow/data/parquet/ohlcs/crawl_ohlcs-20250711.parquet -> s3://stock-project-datalake/ohlcs/crawl_ohlcs-20250711.parquet
[2025-07-26T05:03:46.793+0000] {logging_mixin.py:190} INFO - Uploaded: /opt/airflow/data/parquet/ohlcs/crawl_ohlcs-20250714.parquet -> s3://stock-project-datalake/ohlcs/crawl_ohlcs-20250714.parquet
[2025-07-26T05:03:47.013+0000] {logging_mixin.py:190} INFO - Uploaded: /opt/airflow/data/parquet/ohlcs/crawl_ohlcs-20250715.parquet -> s3://stock-project-datalake/ohlcs/crawl_ohlcs-20250715.parquet
[2025-07-26T05:03:47.207+0000] {logging_mixin.py:190} INFO - Uploaded: /opt/airflow/data/parquet/ohlcs/crawl_ohlcs-20250716.parquet -> s3://stock-project-datalake/ohlcs/crawl_ohlcs-20250716.parquet
[2025-07-26T05:03:47.403+0000] {logging_mixin.py:190} INFO - Uploaded: /opt/airflow/data/parquet/ohlcs/crawl_ohlcs-20250717.parquet -> s3://stock-project-datalake/ohlcs/crawl_ohlcs-20250717.parquet
[2025-07-26T05:03:47.618+0000] {logging_mixin.py:190} INFO - Uploaded: /opt/airflow/data/parquet/ohlcs/crawl_ohlcs-20250718.parquet -> s3://stock-project-datalake/ohlcs/crawl_ohlcs-20250718.parquet
[2025-07-26T05:03:47.620+0000] {python.py:240} INFO - Done. Returned value was: None
[2025-07-26T05:03:47.625+0000] {taskinstance.py:341} INFO - ::group::Post task execution logs
[2025-07-26T05:03:47.625+0000] {taskinstance.py:353} INFO - Marking task as SUCCESS. dag_id=elt_to_dwh, task_id=load_to_datalake, run_id=scheduled__2025-07-15T00:00:00+00:00, execution_date=20250715T000000, start_date=20250726T050341, end_date=20250726T050347
[2025-07-26T05:03:47.684+0000] {local_task_job_runner.py:266} INFO - Task exited with return code 0
[2025-07-26T05:03:47.700+0000] {taskinstance.py:3901} INFO - 1 downstream tasks scheduled from follow-on schedule check
[2025-07-26T05:03:47.705+0000] {local_task_job_runner.py:245} INFO - ::endgroup::
