[2025-07-25T09:53:39.679+0000] {local_task_job_runner.py:123} INFO - ::group::Pre task execution logs
[2025-07-25T09:53:39.691+0000] {taskinstance.py:2614} INFO - Dependencies all met for dep_context=non-requeueable deps ti=<TaskInstance: etl_to_db.ddl_task.create_indexes scheduled__2025-06-01T00:00:00+00:00 [queued]>
[2025-07-25T09:53:39.698+0000] {taskinstance.py:2614} INFO - Dependencies all met for dep_context=requeueable deps ti=<TaskInstance: etl_to_db.ddl_task.create_indexes scheduled__2025-06-01T00:00:00+00:00 [queued]>
[2025-07-25T09:53:39.698+0000] {taskinstance.py:2867} INFO - Starting attempt 1 of 1
[2025-07-25T09:53:39.714+0000] {taskinstance.py:2890} INFO - Executing <Task(PythonOperator): ddl_task.create_indexes> on 2025-06-01 00:00:00+00:00
[2025-07-25T09:53:39.723+0000] {standard_task_runner.py:104} INFO - Running: ['airflow', 'tasks', 'run', 'etl_to_db', 'ddl_task.create_indexes', 'scheduled__2025-06-01T00:00:00+00:00', '--job-id', '44', '--raw', '--subdir', 'DAGS_FOLDER/etl_to_db.py', '--cfg-path', '/tmp/tmpe2bnsbyu']
[2025-07-25T09:53:39.725+0000] {standard_task_runner.py:105} INFO - Job 44: Subtask ddl_task.create_indexes
[2025-07-25T09:53:39.727+0000] {logging_mixin.py:190} WARNING - /home/airflow/.local/lib/python3.12/site-packages/airflow/task/task_runner/standard_task_runner.py:70 DeprecationWarning: This process (pid=1755) is multi-threaded, use of fork() may lead to deadlocks in the child.
[2025-07-25T09:53:39.728+0000] {standard_task_runner.py:72} INFO - Started process 1765 to run task
[2025-07-25T09:53:39.762+0000] {task_command.py:467} INFO - Running <TaskInstance: etl_to_db.ddl_task.create_indexes scheduled__2025-06-01T00:00:00+00:00 [running]> on host 74cfddf97016
[2025-07-25T09:53:39.819+0000] {taskinstance.py:3134} INFO - Exporting env vars: AIRFLOW_CTX_DAG_OWNER='airflow' AIRFLOW_CTX_DAG_ID='etl_to_db' AIRFLOW_CTX_TASK_ID='ddl_task.create_indexes' AIRFLOW_CTX_EXECUTION_DATE='2025-06-01T00:00:00+00:00' AIRFLOW_CTX_TRY_NUMBER='1' AIRFLOW_CTX_DAG_RUN_ID='scheduled__2025-06-01T00:00:00+00:00'
[2025-07-25T09:53:39.820+0000] {taskinstance.py:732} INFO - ::endgroup::
[2025-07-25T09:53:39.846+0000] {logging_mixin.py:190} INFO - Indexes already exist.
[2025-07-25T09:53:39.847+0000] {python.py:240} INFO - Done. Returned value was: None
[2025-07-25T09:53:39.851+0000] {taskinstance.py:341} INFO - ::group::Post task execution logs
[2025-07-25T09:53:39.851+0000] {taskinstance.py:353} INFO - Marking task as SUCCESS. dag_id=etl_to_db, task_id=ddl_task.create_indexes, run_id=scheduled__2025-06-01T00:00:00+00:00, execution_date=20250601T000000, start_date=20250725T095339, end_date=20250725T095339
[2025-07-25T09:53:39.904+0000] {local_task_job_runner.py:266} INFO - Task exited with return code 0
[2025-07-25T09:53:39.922+0000] {taskinstance.py:3901} INFO - 2 downstream tasks scheduled from follow-on schedule check
[2025-07-25T09:53:39.927+0000] {local_task_job_runner.py:245} INFO - ::endgroup::
[2025-07-25T10:20:47.986+0000] {local_task_job_runner.py:123} INFO - ::group::Pre task execution logs
[2025-07-25T10:20:48.001+0000] {taskinstance.py:2614} INFO - Dependencies all met for dep_context=non-requeueable deps ti=<TaskInstance: etl_to_db.ddl_task.create_indexes scheduled__2025-06-01T00:00:00+00:00 [queued]>
[2025-07-25T10:20:48.007+0000] {taskinstance.py:2614} INFO - Dependencies all met for dep_context=requeueable deps ti=<TaskInstance: etl_to_db.ddl_task.create_indexes scheduled__2025-06-01T00:00:00+00:00 [queued]>
[2025-07-25T10:20:48.008+0000] {taskinstance.py:2867} INFO - Starting attempt 1 of 1
[2025-07-25T10:20:48.024+0000] {taskinstance.py:2890} INFO - Executing <Task(PythonOperator): ddl_task.create_indexes> on 2025-06-01 00:00:00+00:00
[2025-07-25T10:20:48.032+0000] {standard_task_runner.py:104} INFO - Running: ['airflow', 'tasks', 'run', 'etl_to_db', 'ddl_task.create_indexes', 'scheduled__2025-06-01T00:00:00+00:00', '--job-id', '59', '--raw', '--subdir', 'DAGS_FOLDER/etl_to_db.py', '--cfg-path', '/tmp/tmprqhj9fb1']
[2025-07-25T10:20:48.037+0000] {logging_mixin.py:190} WARNING - /home/airflow/.local/lib/python3.12/site-packages/airflow/task/task_runner/standard_task_runner.py:70 DeprecationWarning: This process (pid=2156) is multi-threaded, use of fork() may lead to deadlocks in the child.
[2025-07-25T10:20:48.038+0000] {standard_task_runner.py:105} INFO - Job 59: Subtask ddl_task.create_indexes
[2025-07-25T10:20:48.038+0000] {standard_task_runner.py:72} INFO - Started process 2166 to run task
[2025-07-25T10:20:48.079+0000] {task_command.py:467} INFO - Running <TaskInstance: etl_to_db.ddl_task.create_indexes scheduled__2025-06-01T00:00:00+00:00 [running]> on host 74cfddf97016
[2025-07-25T10:20:48.150+0000] {taskinstance.py:3134} INFO - Exporting env vars: AIRFLOW_CTX_DAG_OWNER='airflow' AIRFLOW_CTX_DAG_ID='etl_to_db' AIRFLOW_CTX_TASK_ID='ddl_task.create_indexes' AIRFLOW_CTX_EXECUTION_DATE='2025-06-01T00:00:00+00:00' AIRFLOW_CTX_TRY_NUMBER='1' AIRFLOW_CTX_DAG_RUN_ID='scheduled__2025-06-01T00:00:00+00:00'
[2025-07-25T10:20:48.151+0000] {taskinstance.py:732} INFO - ::endgroup::
[2025-07-25T10:20:48.186+0000] {logging_mixin.py:190} INFO - Indexes already exist.
[2025-07-25T10:20:48.187+0000] {python.py:240} INFO - Done. Returned value was: None
[2025-07-25T10:20:48.192+0000] {taskinstance.py:341} INFO - ::group::Post task execution logs
[2025-07-25T10:20:48.193+0000] {taskinstance.py:353} INFO - Marking task as SUCCESS. dag_id=etl_to_db, task_id=ddl_task.create_indexes, run_id=scheduled__2025-06-01T00:00:00+00:00, execution_date=20250601T000000, start_date=20250725T102048, end_date=20250725T102048
[2025-07-25T10:20:48.254+0000] {local_task_job_runner.py:266} INFO - Task exited with return code 0
[2025-07-25T10:20:48.283+0000] {taskinstance.py:3901} INFO - 2 downstream tasks scheduled from follow-on schedule check
[2025-07-25T10:20:48.289+0000] {local_task_job_runner.py:245} INFO - ::endgroup::
[2025-07-26T04:44:25.671+0000] {local_task_job_runner.py:123} INFO - ::group::Pre task execution logs
[2025-07-26T04:44:25.682+0000] {taskinstance.py:2614} INFO - Dependencies all met for dep_context=non-requeueable deps ti=<TaskInstance: etl_to_db.ddl_task.create_indexes scheduled__2025-06-01T00:00:00+00:00 [queued]>
[2025-07-26T04:44:25.688+0000] {taskinstance.py:2614} INFO - Dependencies all met for dep_context=requeueable deps ti=<TaskInstance: etl_to_db.ddl_task.create_indexes scheduled__2025-06-01T00:00:00+00:00 [queued]>
[2025-07-26T04:44:25.689+0000] {taskinstance.py:2867} INFO - Starting attempt 1 of 1
[2025-07-26T04:44:25.700+0000] {taskinstance.py:2890} INFO - Executing <Task(PythonOperator): ddl_task.create_indexes> on 2025-06-01 00:00:00+00:00
[2025-07-26T04:44:25.706+0000] {standard_task_runner.py:104} INFO - Running: ['airflow', 'tasks', 'run', 'etl_to_db', 'ddl_task.create_indexes', 'scheduled__2025-06-01T00:00:00+00:00', '--job-id', '7', '--raw', '--subdir', 'DAGS_FOLDER/etl_to_db.py', '--cfg-path', '/tmp/tmpg0urqkqc']
[2025-07-26T04:44:25.707+0000] {standard_task_runner.py:105} INFO - Job 7: Subtask ddl_task.create_indexes
[2025-07-26T04:44:25.709+0000] {logging_mixin.py:190} WARNING - /home/airflow/.local/lib/python3.12/site-packages/airflow/task/task_runner/standard_task_runner.py:70 DeprecationWarning: This process (pid=295) is multi-threaded, use of fork() may lead to deadlocks in the child.
[2025-07-26T04:44:25.710+0000] {standard_task_runner.py:72} INFO - Started process 305 to run task
[2025-07-26T04:44:25.736+0000] {task_command.py:467} INFO - Running <TaskInstance: etl_to_db.ddl_task.create_indexes scheduled__2025-06-01T00:00:00+00:00 [running]> on host 3bc71adbf7e0
[2025-07-26T04:44:25.794+0000] {taskinstance.py:3134} INFO - Exporting env vars: AIRFLOW_CTX_DAG_OWNER='airflow' AIRFLOW_CTX_DAG_ID='etl_to_db' AIRFLOW_CTX_TASK_ID='ddl_task.create_indexes' AIRFLOW_CTX_EXECUTION_DATE='2025-06-01T00:00:00+00:00' AIRFLOW_CTX_TRY_NUMBER='1' AIRFLOW_CTX_DAG_RUN_ID='scheduled__2025-06-01T00:00:00+00:00'
[2025-07-26T04:44:25.795+0000] {taskinstance.py:732} INFO - ::endgroup::
[2025-07-26T04:44:25.816+0000] {logging_mixin.py:190} INFO - Indexes already exist.
[2025-07-26T04:44:25.816+0000] {python.py:240} INFO - Done. Returned value was: None
[2025-07-26T04:44:25.820+0000] {taskinstance.py:341} INFO - ::group::Post task execution logs
[2025-07-26T04:44:25.821+0000] {taskinstance.py:353} INFO - Marking task as SUCCESS. dag_id=etl_to_db, task_id=ddl_task.create_indexes, run_id=scheduled__2025-06-01T00:00:00+00:00, execution_date=20250601T000000, start_date=20250726T044425, end_date=20250726T044425
[2025-07-26T04:44:25.844+0000] {local_task_job_runner.py:266} INFO - Task exited with return code 0
[2025-07-26T04:44:25.861+0000] {taskinstance.py:3901} INFO - 2 downstream tasks scheduled from follow-on schedule check
[2025-07-26T04:44:25.866+0000] {local_task_job_runner.py:245} INFO - ::endgroup::
