[2025-07-26T04:57:42.093+0000] {local_task_job_runner.py:123} INFO - ::group::Pre task execution logs
[2025-07-26T04:57:42.108+0000] {taskinstance.py:2614} INFO - Dependencies all met for dep_context=non-requeueable deps ti=<TaskInstance: elt_to_dwh.load_to_datalake scheduled__2025-07-10T00:00:00+00:00 [queued]>
[2025-07-26T04:57:42.118+0000] {taskinstance.py:2614} INFO - Dependencies all met for dep_context=requeueable deps ti=<TaskInstance: elt_to_dwh.load_to_datalake scheduled__2025-07-10T00:00:00+00:00 [queued]>
[2025-07-26T04:57:42.119+0000] {taskinstance.py:2867} INFO - Starting attempt 1 of 1
[2025-07-26T04:57:42.133+0000] {taskinstance.py:2890} INFO - Executing <Task(PythonOperator): load_to_datalake> on 2025-07-10 00:00:00+00:00
[2025-07-26T04:57:42.140+0000] {standard_task_runner.py:104} INFO - Running: ['airflow', 'tasks', 'run', 'elt_to_dwh', 'load_to_datalake', 'scheduled__2025-07-10T00:00:00+00:00', '--job-id', '33', '--raw', '--subdir', 'DAGS_FOLDER/elt_to_dwh.py', '--cfg-path', '/tmp/tmp5ld9smce']
[2025-07-26T04:57:42.143+0000] {standard_task_runner.py:105} INFO - Job 33: Subtask load_to_datalake
[2025-07-26T04:57:42.144+0000] {logging_mixin.py:190} WARNING - /home/airflow/.local/lib/python3.12/site-packages/airflow/task/task_runner/standard_task_runner.py:70 DeprecationWarning: This process (pid=803) is multi-threaded, use of fork() may lead to deadlocks in the child.
[2025-07-26T04:57:42.145+0000] {standard_task_runner.py:72} INFO - Started process 813 to run task
[2025-07-26T04:57:42.180+0000] {task_command.py:467} INFO - Running <TaskInstance: elt_to_dwh.load_to_datalake scheduled__2025-07-10T00:00:00+00:00 [running]> on host 3bc71adbf7e0
[2025-07-26T04:57:42.247+0000] {taskinstance.py:3134} INFO - Exporting env vars: AIRFLOW_CTX_DAG_OWNER='airflow' AIRFLOW_CTX_DAG_ID='elt_to_dwh' AIRFLOW_CTX_TASK_ID='load_to_datalake' AIRFLOW_CTX_EXECUTION_DATE='2025-07-10T00:00:00+00:00' AIRFLOW_CTX_TRY_NUMBER='1' AIRFLOW_CTX_DAG_RUN_ID='scheduled__2025-07-10T00:00:00+00:00'
[2025-07-26T04:57:42.248+0000] {taskinstance.py:732} INFO - ::endgroup::
[2025-07-26T04:57:42.656+0000] {logging_mixin.py:190} INFO - Uploading to bucket: stock-project-datalake
[2025-07-26T04:57:43.487+0000] {logging_mixin.py:190} INFO - Uploaded: /opt/airflow/data/parquet/companies/crawl_companies-20250710.parquet -> s3://stock-project-datalake/companies/crawl_companies-20250710.parquet
[2025-07-26T04:57:43.676+0000] {logging_mixin.py:190} INFO - Uploaded: /opt/airflow/data/parquet/companies/crawl_companies-20250711.parquet -> s3://stock-project-datalake/companies/crawl_companies-20250711.parquet
[2025-07-26T04:57:43.883+0000] {logging_mixin.py:190} INFO - Uploaded: /opt/airflow/data/parquet/companies/crawl_companies-20250712.parquet -> s3://stock-project-datalake/companies/crawl_companies-20250712.parquet
[2025-07-26T04:57:44.099+0000] {logging_mixin.py:190} INFO - Uploaded: /opt/airflow/data/parquet/companies/crawl_companies-20250713.parquet -> s3://stock-project-datalake/companies/crawl_companies-20250713.parquet
[2025-07-26T04:57:44.300+0000] {logging_mixin.py:190} INFO - Uploaded: /opt/airflow/data/parquet/companies/crawl_companies-20250714.parquet -> s3://stock-project-datalake/companies/crawl_companies-20250714.parquet
[2025-07-26T04:57:44.514+0000] {logging_mixin.py:190} INFO - Uploaded: /opt/airflow/data/parquet/companies/crawl_companies-20250715.parquet -> s3://stock-project-datalake/companies/crawl_companies-20250715.parquet
[2025-07-26T04:57:44.732+0000] {logging_mixin.py:190} INFO - Uploaded: /opt/airflow/data/parquet/companies/crawl_companies-20250716.parquet -> s3://stock-project-datalake/companies/crawl_companies-20250716.parquet
[2025-07-26T04:57:44.936+0000] {logging_mixin.py:190} INFO - Uploaded: /opt/airflow/data/parquet/companies/crawl_companies-20250717.parquet -> s3://stock-project-datalake/companies/crawl_companies-20250717.parquet
[2025-07-26T04:57:45.116+0000] {logging_mixin.py:190} INFO - Uploaded: /opt/airflow/data/parquet/companies/crawl_companies-20250718.parquet -> s3://stock-project-datalake/companies/crawl_companies-20250718.parquet
[2025-07-26T04:57:45.333+0000] {logging_mixin.py:190} INFO - Uploaded: /opt/airflow/data/parquet/companies/crawl_companies-20250719.parquet -> s3://stock-project-datalake/companies/crawl_companies-20250719.parquet
[2025-07-26T04:57:45.747+0000] {logging_mixin.py:190} INFO - Uploaded: /opt/airflow/data/parquet/companies/crawl_companies-20250720.parquet -> s3://stock-project-datalake/companies/crawl_companies-20250720.parquet
[2025-07-26T04:57:45.974+0000] {logging_mixin.py:190} INFO - Uploaded: /opt/airflow/data/parquet/news/crawl_news-20250710.parquet -> s3://stock-project-datalake/news/crawl_news-20250710.parquet
[2025-07-26T04:57:46.190+0000] {logging_mixin.py:190} INFO - Uploaded: /opt/airflow/data/parquet/news/crawl_news-20250711.parquet -> s3://stock-project-datalake/news/crawl_news-20250711.parquet
[2025-07-26T04:57:46.427+0000] {logging_mixin.py:190} INFO - Uploaded: /opt/airflow/data/parquet/news/crawl_news-20250712.parquet -> s3://stock-project-datalake/news/crawl_news-20250712.parquet
[2025-07-26T04:57:46.634+0000] {logging_mixin.py:190} INFO - Uploaded: /opt/airflow/data/parquet/news/crawl_news-20250713.parquet -> s3://stock-project-datalake/news/crawl_news-20250713.parquet
[2025-07-26T04:57:46.901+0000] {logging_mixin.py:190} INFO - Uploaded: /opt/airflow/data/parquet/news/crawl_news-20250714.parquet -> s3://stock-project-datalake/news/crawl_news-20250714.parquet
[2025-07-26T04:57:47.347+0000] {logging_mixin.py:190} INFO - Uploaded: /opt/airflow/data/parquet/news/crawl_news-20250715.parquet -> s3://stock-project-datalake/news/crawl_news-20250715.parquet
[2025-07-26T04:57:47.620+0000] {logging_mixin.py:190} INFO - Uploaded: /opt/airflow/data/parquet/news/crawl_news-20250716.parquet -> s3://stock-project-datalake/news/crawl_news-20250716.parquet
[2025-07-26T04:57:47.828+0000] {logging_mixin.py:190} INFO - Uploaded: /opt/airflow/data/parquet/ohlcs/crawl_ohlcs-20250710.parquet -> s3://stock-project-datalake/ohlcs/crawl_ohlcs-20250710.parquet
[2025-07-26T04:57:48.020+0000] {logging_mixin.py:190} INFO - Uploaded: /opt/airflow/data/parquet/ohlcs/crawl_ohlcs-20250711.parquet -> s3://stock-project-datalake/ohlcs/crawl_ohlcs-20250711.parquet
[2025-07-26T04:57:48.249+0000] {logging_mixin.py:190} INFO - Uploaded: /opt/airflow/data/parquet/ohlcs/crawl_ohlcs-20250714.parquet -> s3://stock-project-datalake/ohlcs/crawl_ohlcs-20250714.parquet
[2025-07-26T04:57:48.481+0000] {logging_mixin.py:190} INFO - Uploaded: /opt/airflow/data/parquet/ohlcs/crawl_ohlcs-20250715.parquet -> s3://stock-project-datalake/ohlcs/crawl_ohlcs-20250715.parquet
[2025-07-26T04:57:48.734+0000] {logging_mixin.py:190} INFO - Uploaded: /opt/airflow/data/parquet/ohlcs/crawl_ohlcs-20250716.parquet -> s3://stock-project-datalake/ohlcs/crawl_ohlcs-20250716.parquet
[2025-07-26T04:57:48.946+0000] {logging_mixin.py:190} INFO - Uploaded: /opt/airflow/data/parquet/ohlcs/crawl_ohlcs-20250717.parquet -> s3://stock-project-datalake/ohlcs/crawl_ohlcs-20250717.parquet
[2025-07-26T04:57:49.151+0000] {logging_mixin.py:190} INFO - Uploaded: /opt/airflow/data/parquet/ohlcs/crawl_ohlcs-20250718.parquet -> s3://stock-project-datalake/ohlcs/crawl_ohlcs-20250718.parquet
[2025-07-26T04:57:49.153+0000] {python.py:240} INFO - Done. Returned value was: None
[2025-07-26T04:57:49.159+0000] {taskinstance.py:341} INFO - ::group::Post task execution logs
[2025-07-26T04:57:49.160+0000] {taskinstance.py:353} INFO - Marking task as SUCCESS. dag_id=elt_to_dwh, task_id=load_to_datalake, run_id=scheduled__2025-07-10T00:00:00+00:00, execution_date=20250710T000000, start_date=20250726T045742, end_date=20250726T045749
[2025-07-26T04:57:49.201+0000] {local_task_job_runner.py:266} INFO - Task exited with return code 0
[2025-07-26T04:57:49.217+0000] {taskinstance.py:3901} INFO - 1 downstream tasks scheduled from follow-on schedule check
[2025-07-26T04:57:49.222+0000] {local_task_job_runner.py:245} INFO - ::endgroup::
