[2025-07-26T05:07:41.107+0000] {local_task_job_runner.py:123} INFO - ::group::Pre task execution logs
[2025-07-26T05:07:41.119+0000] {taskinstance.py:2614} INFO - Dependencies all met for dep_context=non-requeueable deps ti=<TaskInstance: elt_to_dwh.transform_task.process_news scheduled__2025-07-16T00:00:00+00:00 [queued]>
[2025-07-26T05:07:41.126+0000] {taskinstance.py:2614} INFO - Dependencies all met for dep_context=requeueable deps ti=<TaskInstance: elt_to_dwh.transform_task.process_news scheduled__2025-07-16T00:00:00+00:00 [queued]>
[2025-07-26T05:07:41.127+0000] {taskinstance.py:2867} INFO - Starting attempt 1 of 1
[2025-07-26T05:07:41.142+0000] {taskinstance.py:2890} INFO - Executing <Task(SparkSubmitOperator): transform_task.process_news> on 2025-07-16 00:00:00+00:00
[2025-07-26T05:07:41.149+0000] {standard_task_runner.py:104} INFO - Running: ['airflow', 'tasks', 'run', 'elt_to_dwh', 'transform_task.process_news', 'scheduled__2025-07-16T00:00:00+00:00', '--job-id', '86', '--raw', '--subdir', 'DAGS_FOLDER/elt_to_dwh.py', '--cfg-path', '/tmp/tmpkyn1nvqe']
[2025-07-26T05:07:41.150+0000] {standard_task_runner.py:105} INFO - Job 86: Subtask transform_task.process_news
[2025-07-26T05:07:41.153+0000] {logging_mixin.py:190} WARNING - /home/airflow/.local/lib/python3.12/site-packages/airflow/task/task_runner/standard_task_runner.py:70 DeprecationWarning: This process (pid=5057) is multi-threaded, use of fork() may lead to deadlocks in the child.
[2025-07-26T05:07:41.153+0000] {standard_task_runner.py:72} INFO - Started process 5067 to run task
[2025-07-26T05:07:41.181+0000] {task_command.py:467} INFO - Running <TaskInstance: elt_to_dwh.transform_task.process_news scheduled__2025-07-16T00:00:00+00:00 [running]> on host 3bc71adbf7e0
[2025-07-26T05:07:41.246+0000] {taskinstance.py:3134} INFO - Exporting env vars: AIRFLOW_CTX_DAG_OWNER='airflow' AIRFLOW_CTX_DAG_ID='elt_to_dwh' AIRFLOW_CTX_TASK_ID='transform_task.process_news' AIRFLOW_CTX_EXECUTION_DATE='2025-07-16T00:00:00+00:00' AIRFLOW_CTX_TRY_NUMBER='1' AIRFLOW_CTX_DAG_RUN_ID='scheduled__2025-07-16T00:00:00+00:00'
[2025-07-26T05:07:41.247+0000] {taskinstance.py:732} INFO - ::endgroup::
[2025-07-26T05:07:41.261+0000] {base.py:84} INFO - Retrieving connection 'spark_conn'
[2025-07-26T05:07:41.262+0000] {spark_submit.py:351} INFO - Spark-Submit cmd: spark-submit --master spark-master:7077 --name arrow-spark /opt/airflow/scripts/elt_to_dwh/transform/process_news.py 2025-07-16
[2025-07-26T05:07:44.622+0000] {spark_submit.py:521} INFO - Execution date string: 2025-07-16
[2025-07-26T05:07:45.080+0000] {spark_submit.py:521} INFO - Reading from: s3a://stock-project-datalake/news/crawl_news-20250716.parquet
[2025-07-26T05:07:45.152+0000] {spark_submit.py:521} INFO - 25/07/26 05:07:45 INFO SparkContext: Running Spark version 3.5.6
[2025-07-26T05:07:45.155+0000] {spark_submit.py:521} INFO - 25/07/26 05:07:45 INFO SparkContext: OS info Linux, 5.15.153.1-microsoft-standard-WSL2, amd64
[2025-07-26T05:07:45.155+0000] {spark_submit.py:521} INFO - 25/07/26 05:07:45 INFO SparkContext: Java version 17.0.15
[2025-07-26T05:07:45.208+0000] {spark_submit.py:521} INFO - 25/07/26 05:07:45 WARN NativeCodeLoader: Unable to load native-hadoop library for your platform... using builtin-java classes where applicable
[2025-07-26T05:07:45.319+0000] {spark_submit.py:521} INFO - 25/07/26 05:07:45 INFO ResourceUtils: ==============================================================
[2025-07-26T05:07:45.320+0000] {spark_submit.py:521} INFO - 25/07/26 05:07:45 INFO ResourceUtils: No custom resources configured for spark.driver.
[2025-07-26T05:07:45.321+0000] {spark_submit.py:521} INFO - 25/07/26 05:07:45 INFO ResourceUtils: ==============================================================
[2025-07-26T05:07:45.323+0000] {spark_submit.py:521} INFO - 25/07/26 05:07:45 INFO SparkContext: Submitted application: process_news
[2025-07-26T05:07:45.352+0000] {spark_submit.py:521} INFO - 25/07/26 05:07:45 INFO ResourceProfile: Default ResourceProfile created, executor resources: Map(memory -> name: memory, amount: 1024, script: , vendor: , offHeap -> name: offHeap, amount: 0, script: , vendor: ), task resources: Map(cpus -> name: cpus, amount: 1.0)
[2025-07-26T05:07:45.363+0000] {spark_submit.py:521} INFO - 25/07/26 05:07:45 INFO ResourceProfile: Limiting resource is cpu
[2025-07-26T05:07:45.364+0000] {spark_submit.py:521} INFO - 25/07/26 05:07:45 INFO ResourceProfileManager: Added ResourceProfile id: 0
[2025-07-26T05:07:45.430+0000] {spark_submit.py:521} INFO - 25/07/26 05:07:45 INFO SecurityManager: Changing view acls to: airflow
[2025-07-26T05:07:45.431+0000] {spark_submit.py:521} INFO - 25/07/26 05:07:45 INFO SecurityManager: Changing modify acls to: airflow
[2025-07-26T05:07:45.432+0000] {spark_submit.py:521} INFO - 25/07/26 05:07:45 INFO SecurityManager: Changing view acls groups to:
[2025-07-26T05:07:45.433+0000] {spark_submit.py:521} INFO - 25/07/26 05:07:45 INFO SecurityManager: Changing modify acls groups to:
[2025-07-26T05:07:45.434+0000] {spark_submit.py:521} INFO - 25/07/26 05:07:45 INFO SecurityManager: SecurityManager: authentication disabled; ui acls disabled; users with view permissions: airflow; groups with view permissions: EMPTY; users with modify permissions: airflow; groups with modify permissions: EMPTY
[2025-07-26T05:07:45.703+0000] {spark_submit.py:521} INFO - 25/07/26 05:07:45 INFO Utils: Successfully started service 'sparkDriver' on port 40761.
[2025-07-26T05:07:45.741+0000] {spark_submit.py:521} INFO - 25/07/26 05:07:45 INFO SparkEnv: Registering MapOutputTracker
[2025-07-26T05:07:45.812+0000] {spark_submit.py:521} INFO - 25/07/26 05:07:45 INFO SparkEnv: Registering BlockManagerMaster
[2025-07-26T05:07:45.840+0000] {spark_submit.py:521} INFO - 25/07/26 05:07:45 INFO BlockManagerMasterEndpoint: Using org.apache.spark.storage.DefaultTopologyMapper for getting topology information
[2025-07-26T05:07:45.842+0000] {spark_submit.py:521} INFO - 25/07/26 05:07:45 INFO BlockManagerMasterEndpoint: BlockManagerMasterEndpoint up
[2025-07-26T05:07:45.847+0000] {spark_submit.py:521} INFO - 25/07/26 05:07:45 INFO SparkEnv: Registering BlockManagerMasterHeartbeat
[2025-07-26T05:07:45.918+0000] {spark_submit.py:521} INFO - 25/07/26 05:07:45 INFO DiskBlockManager: Created local directory at /tmp/blockmgr-79c34ec3-319d-4a4c-85a1-dbb9d8638481
[2025-07-26T05:07:45.939+0000] {spark_submit.py:521} INFO - 25/07/26 05:07:45 INFO MemoryStore: MemoryStore started with capacity 434.4 MiB
[2025-07-26T05:07:45.959+0000] {spark_submit.py:521} INFO - 25/07/26 05:07:45 INFO SparkEnv: Registering OutputCommitCoordinator
[2025-07-26T05:07:46.092+0000] {spark_submit.py:521} INFO - 25/07/26 05:07:46 INFO JettyUtils: Start Jetty 0.0.0.0:4040 for SparkUI
[2025-07-26T05:07:46.151+0000] {spark_submit.py:521} INFO - 25/07/26 05:07:46 INFO Utils: Successfully started service 'SparkUI' on port 4040.
[2025-07-26T05:07:46.267+0000] {spark_submit.py:521} INFO - 25/07/26 05:07:46 INFO StandaloneAppClient$ClientEndpoint: Connecting to master spark://spark-master:7077...
[2025-07-26T05:07:46.315+0000] {spark_submit.py:521} INFO - 25/07/26 05:07:46 INFO TransportClientFactory: Successfully created connection to spark-master/172.18.0.5:7077 after 28 ms (0 ms spent in bootstraps)
[2025-07-26T05:07:46.409+0000] {spark_submit.py:521} INFO - 25/07/26 05:07:46 INFO StandaloneSchedulerBackend: Connected to Spark cluster with app ID app-20250726050746-0010
[2025-07-26T05:07:46.418+0000] {spark_submit.py:521} INFO - 25/07/26 05:07:46 INFO StandaloneAppClient$ClientEndpoint: Executor added: app-20250726050746-0010/0 on worker-20250726042217-172.18.0.6-40723 (172.18.0.6:40723) with 2 core(s)
[2025-07-26T05:07:46.421+0000] {spark_submit.py:521} INFO - 25/07/26 05:07:46 INFO StandaloneSchedulerBackend: Granted executor ID app-20250726050746-0010/0 on hostPort 172.18.0.6:40723 with 2 core(s), 1024.0 MiB RAM
[2025-07-26T05:07:46.423+0000] {spark_submit.py:521} INFO - 25/07/26 05:07:46 INFO Utils: Successfully started service 'org.apache.spark.network.netty.NettyBlockTransferService' on port 40423.
[2025-07-26T05:07:46.426+0000] {spark_submit.py:521} INFO - 25/07/26 05:07:46 INFO NettyBlockTransferService: Server created on 3bc71adbf7e0:40423
[2025-07-26T05:07:46.430+0000] {spark_submit.py:521} INFO - 25/07/26 05:07:46 INFO BlockManager: Using org.apache.spark.storage.RandomBlockReplicationPolicy for block replication policy
[2025-07-26T05:07:46.440+0000] {spark_submit.py:521} INFO - 25/07/26 05:07:46 INFO BlockManagerMaster: Registering BlockManager BlockManagerId(driver, 3bc71adbf7e0, 40423, None)
[2025-07-26T05:07:46.445+0000] {spark_submit.py:521} INFO - 25/07/26 05:07:46 INFO BlockManagerMasterEndpoint: Registering block manager 3bc71adbf7e0:40423 with 434.4 MiB RAM, BlockManagerId(driver, 3bc71adbf7e0, 40423, None)
[2025-07-26T05:07:46.448+0000] {spark_submit.py:521} INFO - 25/07/26 05:07:46 INFO BlockManagerMaster: Registered BlockManager BlockManagerId(driver, 3bc71adbf7e0, 40423, None)
[2025-07-26T05:07:46.451+0000] {spark_submit.py:521} INFO - 25/07/26 05:07:46 INFO BlockManager: Initialized BlockManager: BlockManagerId(driver, 3bc71adbf7e0, 40423, None)
[2025-07-26T05:07:46.461+0000] {spark_submit.py:521} INFO - 25/07/26 05:07:46 INFO StandaloneAppClient$ClientEndpoint: Executor updated: app-20250726050746-0010/0 is now RUNNING
[2025-07-26T05:07:46.746+0000] {spark_submit.py:521} INFO - 25/07/26 05:07:46 INFO StandaloneSchedulerBackend: SchedulerBackend is ready for scheduling beginning after reached minRegisteredResourcesRatio: 0.0
[2025-07-26T05:07:47.121+0000] {spark_submit.py:521} INFO - 25/07/26 05:07:47 INFO SharedState: Setting hive.metastore.warehouse.dir ('null') to the value of spark.sql.warehouse.dir.
[2025-07-26T05:07:47.133+0000] {spark_submit.py:521} INFO - 25/07/26 05:07:47 INFO SharedState: Warehouse path is 'file:/opt/airflow/spark-warehouse'.
[2025-07-26T05:07:48.957+0000] {spark_submit.py:521} INFO - 25/07/26 05:07:48 WARN MetricsConfig: Cannot locate configuration: tried hadoop-metrics2-s3a-file-system.properties,hadoop-metrics2.properties
[2025-07-26T05:07:48.996+0000] {spark_submit.py:521} INFO - 25/07/26 05:07:48 INFO MetricsSystemImpl: Scheduled Metric snapshot period at 10 second(s).
[2025-07-26T05:07:48.997+0000] {spark_submit.py:521} INFO - 25/07/26 05:07:48 INFO MetricsSystemImpl: s3a-file-system metrics system started
[2025-07-26T05:07:50.070+0000] {spark_submit.py:521} INFO - 25/07/26 05:07:50 INFO StandaloneSchedulerBackend$StandaloneDriverEndpoint: Registered executor NettyRpcEndpointRef(spark-client://Executor) (172.18.0.6:50800) with ID 0,  ResourceProfileId 0
[2025-07-26T05:07:50.159+0000] {spark_submit.py:521} INFO - 25/07/26 05:07:50 INFO BlockManagerMasterEndpoint: Registering block manager 172.18.0.6:37041 with 434.4 MiB RAM, BlockManagerId(0, 172.18.0.6, 37041, None)
[2025-07-26T05:07:51.115+0000] {spark_submit.py:521} INFO - 25/07/26 05:07:51 INFO InMemoryFileIndex: It took 183 ms to list leaf files for 1 paths.
[2025-07-26T05:07:51.440+0000] {spark_submit.py:521} INFO - 25/07/26 05:07:51 INFO SparkContext: Starting job: parquet at NativeMethodAccessorImpl.java:0
[2025-07-26T05:07:51.456+0000] {spark_submit.py:521} INFO - 25/07/26 05:07:51 INFO DAGScheduler: Got job 0 (parquet at NativeMethodAccessorImpl.java:0) with 1 output partitions
[2025-07-26T05:07:51.457+0000] {spark_submit.py:521} INFO - 25/07/26 05:07:51 INFO DAGScheduler: Final stage: ResultStage 0 (parquet at NativeMethodAccessorImpl.java:0)
[2025-07-26T05:07:51.457+0000] {spark_submit.py:521} INFO - 25/07/26 05:07:51 INFO DAGScheduler: Parents of final stage: List()
[2025-07-26T05:07:51.458+0000] {spark_submit.py:521} INFO - 25/07/26 05:07:51 INFO DAGScheduler: Missing parents: List()
[2025-07-26T05:07:51.461+0000] {spark_submit.py:521} INFO - 25/07/26 05:07:51 INFO DAGScheduler: Submitting ResultStage 0 (MapPartitionsRDD[1] at parquet at NativeMethodAccessorImpl.java:0), which has no missing parents
[2025-07-26T05:07:51.517+0000] {spark_submit.py:521} INFO - 25/07/26 05:07:51 INFO MemoryStore: Block broadcast_0 stored as values in memory (estimated size 104.6 KiB, free 434.3 MiB)
[2025-07-26T05:07:51.545+0000] {spark_submit.py:521} INFO - 25/07/26 05:07:51 INFO MemoryStore: Block broadcast_0_piece0 stored as bytes in memory (estimated size 38.1 KiB, free 434.3 MiB)
[2025-07-26T05:07:51.547+0000] {spark_submit.py:521} INFO - 25/07/26 05:07:51 INFO BlockManagerInfo: Added broadcast_0_piece0 in memory on 3bc71adbf7e0:40423 (size: 38.1 KiB, free: 434.4 MiB)
[2025-07-26T05:07:51.551+0000] {spark_submit.py:521} INFO - 25/07/26 05:07:51 INFO SparkContext: Created broadcast 0 from broadcast at DAGScheduler.scala:1611
[2025-07-26T05:07:51.568+0000] {spark_submit.py:521} INFO - 25/07/26 05:07:51 INFO DAGScheduler: Submitting 1 missing tasks from ResultStage 0 (MapPartitionsRDD[1] at parquet at NativeMethodAccessorImpl.java:0) (first 15 tasks are for partitions Vector(0))
[2025-07-26T05:07:51.569+0000] {spark_submit.py:521} INFO - 25/07/26 05:07:51 INFO TaskSchedulerImpl: Adding task set 0.0 with 1 tasks resource profile 0
[2025-07-26T05:07:51.596+0000] {spark_submit.py:521} INFO - 25/07/26 05:07:51 INFO TaskSetManager: Starting task 0.0 in stage 0.0 (TID 0) (172.18.0.6, executor 0, partition 0, PROCESS_LOCAL, 9159 bytes)
[2025-07-26T05:07:51.857+0000] {spark_submit.py:521} INFO - 25/07/26 05:07:51 INFO BlockManagerInfo: Added broadcast_0_piece0 in memory on 172.18.0.6:37041 (size: 38.1 KiB, free: 434.4 MiB)
[2025-07-26T05:07:54.126+0000] {spark_submit.py:521} INFO - 25/07/26 05:07:54 INFO TaskSetManager: Finished task 0.0 in stage 0.0 (TID 0) in 2540 ms on 172.18.0.6 (executor 0) (1/1)
[2025-07-26T05:07:54.129+0000] {spark_submit.py:521} INFO - 25/07/26 05:07:54 INFO TaskSchedulerImpl: Removed TaskSet 0.0, whose tasks have all completed, from pool
[2025-07-26T05:07:54.135+0000] {spark_submit.py:521} INFO - 25/07/26 05:07:54 INFO DAGScheduler: ResultStage 0 (parquet at NativeMethodAccessorImpl.java:0) finished in 2.660 s
[2025-07-26T05:07:54.138+0000] {spark_submit.py:521} INFO - 25/07/26 05:07:54 INFO DAGScheduler: Job 0 is finished. Cancelling potential speculative or zombie tasks for this job
[2025-07-26T05:07:54.139+0000] {spark_submit.py:521} INFO - 25/07/26 05:07:54 INFO TaskSchedulerImpl: Killing all running tasks in stage 0: Stage finished
[2025-07-26T05:07:54.142+0000] {spark_submit.py:521} INFO - 25/07/26 05:07:54 INFO DAGScheduler: Job 0 finished: parquet at NativeMethodAccessorImpl.java:0, took 2.700922 s
[2025-07-26T05:07:54.264+0000] {spark_submit.py:521} INFO - 25/07/26 05:07:54 INFO BlockManagerInfo: Removed broadcast_0_piece0 on 3bc71adbf7e0:40423 in memory (size: 38.1 KiB, free: 434.4 MiB)
[2025-07-26T05:07:54.275+0000] {spark_submit.py:521} INFO - 25/07/26 05:07:54 INFO BlockManagerInfo: Removed broadcast_0_piece0 on 172.18.0.6:37041 in memory (size: 38.1 KiB, free: 434.4 MiB)
[2025-07-26T05:07:54.740+0000] {spark_submit.py:521} INFO - DataFrame loaded from Parquet:
[2025-07-26T05:07:54.756+0000] {spark_submit.py:521} INFO - root
[2025-07-26T05:07:54.756+0000] {spark_submit.py:521} INFO - |-- title: string (nullable = true)
[2025-07-26T05:07:54.757+0000] {spark_submit.py:521} INFO - |-- url: string (nullable = true)
[2025-07-26T05:07:54.757+0000] {spark_submit.py:521} INFO - |-- time_published: string (nullable = true)
[2025-07-26T05:07:54.758+0000] {spark_submit.py:521} INFO - |-- authors: array (nullable = true)
[2025-07-26T05:07:54.758+0000] {spark_submit.py:521} INFO - |    |-- element: string (containsNull = true)
[2025-07-26T05:07:54.758+0000] {spark_submit.py:521} INFO - |-- summary: string (nullable = true)
[2025-07-26T05:07:54.759+0000] {spark_submit.py:521} INFO - |-- banner_image: string (nullable = true)
[2025-07-26T05:07:54.759+0000] {spark_submit.py:521} INFO - |-- source: string (nullable = true)
[2025-07-26T05:07:54.759+0000] {spark_submit.py:521} INFO - |-- category_within_source: string (nullable = true)
[2025-07-26T05:07:54.760+0000] {spark_submit.py:521} INFO - |-- source_domain: string (nullable = true)
[2025-07-26T05:07:54.760+0000] {spark_submit.py:521} INFO - |-- topics: array (nullable = true)
[2025-07-26T05:07:54.760+0000] {spark_submit.py:521} INFO - |    |-- element: struct (containsNull = true)
[2025-07-26T05:07:54.761+0000] {spark_submit.py:521} INFO - |    |    |-- topic: string (nullable = true)
[2025-07-26T05:07:54.761+0000] {spark_submit.py:521} INFO - |    |    |-- relevance_score: string (nullable = true)
[2025-07-26T05:07:54.761+0000] {spark_submit.py:521} INFO - |-- overall_sentiment_score: double (nullable = true)
[2025-07-26T05:07:54.762+0000] {spark_submit.py:521} INFO - |-- overall_sentiment_label: string (nullable = true)
[2025-07-26T05:07:54.762+0000] {spark_submit.py:521} INFO - |-- ticker_sentiment: array (nullable = true)
[2025-07-26T05:07:54.762+0000] {spark_submit.py:521} INFO - |    |-- element: struct (containsNull = true)
[2025-07-26T05:07:54.763+0000] {spark_submit.py:521} INFO - |    |    |-- ticker: string (nullable = true)
[2025-07-26T05:07:54.763+0000] {spark_submit.py:521} INFO - |    |    |-- relevance_score: string (nullable = true)
[2025-07-26T05:07:54.763+0000] {spark_submit.py:521} INFO - |    |    |-- ticker_sentiment_score: string (nullable = true)
[2025-07-26T05:07:54.764+0000] {spark_submit.py:521} INFO - |    |    |-- ticker_sentiment_label: string (nullable = true)
[2025-07-26T05:07:54.764+0000] {spark_submit.py:521} INFO - 
[2025-07-26T05:07:55.120+0000] {spark_submit.py:521} INFO - 25/07/26 05:07:55 INFO FileSourceStrategy: Pushed Filters:
[2025-07-26T05:07:55.122+0000] {spark_submit.py:521} INFO - 25/07/26 05:07:55 INFO FileSourceStrategy: Post-Scan Filters:
[2025-07-26T05:07:55.570+0000] {spark_submit.py:521} INFO - 25/07/26 05:07:55 INFO CodeGenerator: Code generated in 244.571839 ms
[2025-07-26T05:07:55.605+0000] {spark_submit.py:521} INFO - 25/07/26 05:07:55 INFO MemoryStore: Block broadcast_1 stored as values in memory (estimated size 213.5 KiB, free 434.2 MiB)
[2025-07-26T05:07:55.614+0000] {spark_submit.py:521} INFO - 25/07/26 05:07:55 INFO MemoryStore: Block broadcast_1_piece0 stored as bytes in memory (estimated size 36.5 KiB, free 434.2 MiB)
[2025-07-26T05:07:55.615+0000] {spark_submit.py:521} INFO - 25/07/26 05:07:55 INFO BlockManagerInfo: Added broadcast_1_piece0 in memory on 3bc71adbf7e0:40423 (size: 36.5 KiB, free: 434.4 MiB)
[2025-07-26T05:07:55.616+0000] {spark_submit.py:521} INFO - 25/07/26 05:07:55 INFO SparkContext: Created broadcast 1 from showString at NativeMethodAccessorImpl.java:0
[2025-07-26T05:07:55.628+0000] {spark_submit.py:521} INFO - 25/07/26 05:07:55 INFO FileSourceScanExec: Planning scan with bin packing, max size: 4194304 bytes, open cost is considered as scanning 4194304 bytes.
[2025-07-26T05:07:55.666+0000] {spark_submit.py:521} INFO - 25/07/26 05:07:55 INFO SparkContext: Starting job: showString at NativeMethodAccessorImpl.java:0
[2025-07-26T05:07:55.667+0000] {spark_submit.py:521} INFO - 25/07/26 05:07:55 INFO DAGScheduler: Got job 1 (showString at NativeMethodAccessorImpl.java:0) with 1 output partitions
[2025-07-26T05:07:55.668+0000] {spark_submit.py:521} INFO - 25/07/26 05:07:55 INFO DAGScheduler: Final stage: ResultStage 1 (showString at NativeMethodAccessorImpl.java:0)
[2025-07-26T05:07:55.668+0000] {spark_submit.py:521} INFO - 25/07/26 05:07:55 INFO DAGScheduler: Parents of final stage: List()
[2025-07-26T05:07:55.669+0000] {spark_submit.py:521} INFO - 25/07/26 05:07:55 INFO DAGScheduler: Missing parents: List()
[2025-07-26T05:07:55.669+0000] {spark_submit.py:521} INFO - 25/07/26 05:07:55 INFO DAGScheduler: Submitting ResultStage 1 (MapPartitionsRDD[5] at showString at NativeMethodAccessorImpl.java:0), which has no missing parents
[2025-07-26T05:07:55.693+0000] {spark_submit.py:521} INFO - 25/07/26 05:07:55 INFO MemoryStore: Block broadcast_2 stored as values in memory (estimated size 28.9 KiB, free 434.1 MiB)
[2025-07-26T05:07:55.702+0000] {spark_submit.py:521} INFO - 25/07/26 05:07:55 INFO MemoryStore: Block broadcast_2_piece0 stored as bytes in memory (estimated size 9.3 KiB, free 434.1 MiB)
[2025-07-26T05:07:55.703+0000] {spark_submit.py:521} INFO - 25/07/26 05:07:55 INFO BlockManagerInfo: Added broadcast_2_piece0 in memory on 3bc71adbf7e0:40423 (size: 9.3 KiB, free: 434.4 MiB)
[2025-07-26T05:07:55.704+0000] {spark_submit.py:521} INFO - 25/07/26 05:07:55 INFO SparkContext: Created broadcast 2 from broadcast at DAGScheduler.scala:1611
[2025-07-26T05:07:55.705+0000] {spark_submit.py:521} INFO - 25/07/26 05:07:55 INFO DAGScheduler: Submitting 1 missing tasks from ResultStage 1 (MapPartitionsRDD[5] at showString at NativeMethodAccessorImpl.java:0) (first 15 tasks are for partitions Vector(0))
[2025-07-26T05:07:55.706+0000] {spark_submit.py:521} INFO - 25/07/26 05:07:55 INFO TaskSchedulerImpl: Adding task set 1.0 with 1 tasks resource profile 0
[2025-07-26T05:07:55.710+0000] {spark_submit.py:521} INFO - 25/07/26 05:07:55 INFO TaskSetManager: Starting task 0.0 in stage 1.0 (TID 1) (172.18.0.6, executor 0, partition 0, PROCESS_LOCAL, 9627 bytes)
[2025-07-26T05:07:55.748+0000] {spark_submit.py:521} INFO - 25/07/26 05:07:55 INFO BlockManagerInfo: Added broadcast_2_piece0 in memory on 172.18.0.6:37041 (size: 9.3 KiB, free: 434.4 MiB)
[2025-07-26T05:07:56.232+0000] {spark_submit.py:521} INFO - 25/07/26 05:07:56 INFO BlockManagerInfo: Added broadcast_1_piece0 in memory on 172.18.0.6:37041 (size: 36.5 KiB, free: 434.4 MiB)
[2025-07-26T05:07:57.220+0000] {spark_submit.py:521} INFO - 25/07/26 05:07:57 INFO TaskSetManager: Finished task 0.0 in stage 1.0 (TID 1) in 1512 ms on 172.18.0.6 (executor 0) (1/1)
[2025-07-26T05:07:57.220+0000] {spark_submit.py:521} INFO - 25/07/26 05:07:57 INFO TaskSchedulerImpl: Removed TaskSet 1.0, whose tasks have all completed, from pool
[2025-07-26T05:07:57.221+0000] {spark_submit.py:521} INFO - 25/07/26 05:07:57 INFO DAGScheduler: ResultStage 1 (showString at NativeMethodAccessorImpl.java:0) finished in 1.549 s
[2025-07-26T05:07:57.222+0000] {spark_submit.py:521} INFO - 25/07/26 05:07:57 INFO DAGScheduler: Job 1 is finished. Cancelling potential speculative or zombie tasks for this job
[2025-07-26T05:07:57.222+0000] {spark_submit.py:521} INFO - 25/07/26 05:07:57 INFO TaskSchedulerImpl: Killing all running tasks in stage 1: Stage finished
[2025-07-26T05:07:57.223+0000] {spark_submit.py:521} INFO - 25/07/26 05:07:57 INFO DAGScheduler: Job 1 finished: showString at NativeMethodAccessorImpl.java:0, took 1.556017 s
[2025-07-26T05:07:57.949+0000] {spark_submit.py:521} INFO - 25/07/26 05:07:57 INFO CodeGenerator: Code generated in 26.129186 ms
[2025-07-26T05:07:57.962+0000] {spark_submit.py:521} INFO - +--------------------+--------------------+---------------+--------------------+--------------------+--------------------+-------------+----------------------+--------------------+--------------------+-----------------------+-----------------------+--------------------+
[2025-07-26T05:07:57.963+0000] {spark_submit.py:521} INFO - |               title|                 url| time_published|             authors|             summary|        banner_image|       source|category_within_source|       source_domain|              topics|overall_sentiment_score|overall_sentiment_label|    ticker_sentiment|
[2025-07-26T05:07:57.964+0000] {spark_submit.py:521} INFO - +--------------------+--------------------+---------------+--------------------+--------------------+--------------------+-------------+----------------------+--------------------+--------------------+-----------------------+-----------------------+--------------------+
[2025-07-26T05:07:57.964+0000] {spark_submit.py:521} INFO - |Greenridge Explor...|https://www.globe...|20250716T120000|[Greenridge Explo...|VANCOUVER, Britis...|https://ml.globen...|GlobeNewswire|                   n/a|www.globenewswire...|[{Energy & Transp...|               0.226523|       Somewhat-Bullish|[{NXE, 0.03804, 0...|
[2025-07-26T05:07:57.965+0000] {spark_submit.py:521} INFO - |CareCloud to Anno...|https://www.globe...|20250716T120000|    [CareCloud, Inc]|SOMERSET, N.J., J...|https://ml.globen...|GlobeNewswire|                   n/a|www.globenewswire...|[{Earnings, 0.108...|                0.31091|       Somewhat-Bullish|[{CCLD, 0.688096,...|
[2025-07-26T05:07:57.966+0000] {spark_submit.py:521} INFO - |Bitcoin Mining: A...|https://www.benzi...|20250716T120000|    [Globe Newswire]|Zero Hardware: Re...|https://www.benzi...|     Benzinga|               Markets|    www.benzinga.com|[{Earnings, 0.310...|               0.479606|                Bullish|[{ASCCF, 0.137671...|
[2025-07-26T05:07:57.967+0000] {spark_submit.py:521} INFO - |Nametag Brings De...|https://www.benzi...|20250716T120000|    [Globe Newswire]|SEATTLE, July 16,...|https://www.benzi...|     Benzinga|               General|    www.benzinga.com| [{Technology, 1.0}]|               0.310257|       Somewhat-Bullish|[{MSFT, 0.191675,...|
[2025-07-26T05:07:57.968+0000] {spark_submit.py:521} INFO - |Aventis Energy An...|https://www.globe...|20250716T120000|[Vital Battery Me...|VANCOUVER, Britis...|https://ml.globen...|GlobeNewswire|                   n/a|www.globenewswire...|[{Financial Marke...|               0.224894|       Somewhat-Bullish|                  []|
[2025-07-26T05:07:57.968+0000] {spark_submit.py:521} INFO - +--------------------+--------------------+---------------+--------------------+--------------------+--------------------+-------------+----------------------+--------------------+--------------------+-----------------------+-----------------------+--------------------+
[2025-07-26T05:07:57.969+0000] {spark_submit.py:521} INFO - only showing top 5 rows
[2025-07-26T05:07:57.969+0000] {spark_submit.py:521} INFO - 
[2025-07-26T05:07:58.060+0000] {spark_submit.py:521} INFO - Topics DataFrame:
[2025-07-26T05:07:58.177+0000] {spark_submit.py:521} INFO - 25/07/26 05:07:58 INFO BlockManagerInfo: Removed broadcast_2_piece0 on 3bc71adbf7e0:40423 in memory (size: 9.3 KiB, free: 434.4 MiB)
[2025-07-26T05:07:58.180+0000] {spark_submit.py:521} INFO - 25/07/26 05:07:58 INFO BlockManagerInfo: Removed broadcast_2_piece0 on 172.18.0.6:37041 in memory (size: 9.3 KiB, free: 434.4 MiB)
[2025-07-26T05:07:58.211+0000] {spark_submit.py:521} INFO - 25/07/26 05:07:58 INFO FileSourceStrategy: Pushed Filters:
[2025-07-26T05:07:58.212+0000] {spark_submit.py:521} INFO - 25/07/26 05:07:58 INFO FileSourceStrategy: Post-Scan Filters: (size(topics#9.topic, true) > 0),isnotnull(topics#9.topic)
[2025-07-26T05:07:58.373+0000] {spark_submit.py:521} INFO - 25/07/26 05:07:58 INFO CodeGenerator: Code generated in 54.405578 ms
[2025-07-26T05:07:58.379+0000] {spark_submit.py:521} INFO - 25/07/26 05:07:58 INFO MemoryStore: Block broadcast_3 stored as values in memory (estimated size 210.9 KiB, free 433.9 MiB)
[2025-07-26T05:07:58.397+0000] {spark_submit.py:521} INFO - 25/07/26 05:07:58 INFO MemoryStore: Block broadcast_3_piece0 stored as bytes in memory (estimated size 35.8 KiB, free 433.9 MiB)
[2025-07-26T05:07:58.398+0000] {spark_submit.py:521} INFO - 25/07/26 05:07:58 INFO BlockManagerInfo: Added broadcast_3_piece0 in memory on 3bc71adbf7e0:40423 (size: 35.8 KiB, free: 434.3 MiB)
[2025-07-26T05:07:58.400+0000] {spark_submit.py:521} INFO - 25/07/26 05:07:58 INFO SparkContext: Created broadcast 3 from showString at NativeMethodAccessorImpl.java:0
[2025-07-26T05:07:58.403+0000] {spark_submit.py:521} INFO - 25/07/26 05:07:58 INFO FileSourceScanExec: Planning scan with bin packing, max size: 4194304 bytes, open cost is considered as scanning 4194304 bytes.
[2025-07-26T05:07:58.498+0000] {spark_submit.py:521} INFO - 25/07/26 05:07:58 INFO DAGScheduler: Registering RDD 9 (showString at NativeMethodAccessorImpl.java:0) as input to shuffle 0
[2025-07-26T05:07:58.502+0000] {spark_submit.py:521} INFO - 25/07/26 05:07:58 INFO DAGScheduler: Got map stage job 2 (showString at NativeMethodAccessorImpl.java:0) with 1 output partitions
[2025-07-26T05:07:58.503+0000] {spark_submit.py:521} INFO - 25/07/26 05:07:58 INFO DAGScheduler: Final stage: ShuffleMapStage 2 (showString at NativeMethodAccessorImpl.java:0)
[2025-07-26T05:07:58.503+0000] {spark_submit.py:521} INFO - 25/07/26 05:07:58 INFO DAGScheduler: Parents of final stage: List()
[2025-07-26T05:07:58.504+0000] {spark_submit.py:521} INFO - 25/07/26 05:07:58 INFO DAGScheduler: Missing parents: List()
[2025-07-26T05:07:58.505+0000] {spark_submit.py:521} INFO - 25/07/26 05:07:58 INFO DAGScheduler: Submitting ShuffleMapStage 2 (MapPartitionsRDD[9] at showString at NativeMethodAccessorImpl.java:0), which has no missing parents
[2025-07-26T05:07:58.521+0000] {spark_submit.py:521} INFO - 25/07/26 05:07:58 INFO MemoryStore: Block broadcast_4 stored as values in memory (estimated size 45.1 KiB, free 433.9 MiB)
[2025-07-26T05:07:58.528+0000] {spark_submit.py:521} INFO - 25/07/26 05:07:58 INFO MemoryStore: Block broadcast_4_piece0 stored as bytes in memory (estimated size 19.3 KiB, free 433.9 MiB)
[2025-07-26T05:07:58.530+0000] {spark_submit.py:521} INFO - 25/07/26 05:07:58 INFO BlockManagerInfo: Added broadcast_4_piece0 in memory on 3bc71adbf7e0:40423 (size: 19.3 KiB, free: 434.3 MiB)
[2025-07-26T05:07:58.531+0000] {spark_submit.py:521} INFO - 25/07/26 05:07:58 INFO SparkContext: Created broadcast 4 from broadcast at DAGScheduler.scala:1611
[2025-07-26T05:07:58.534+0000] {spark_submit.py:521} INFO - 25/07/26 05:07:58 INFO DAGScheduler: Submitting 1 missing tasks from ShuffleMapStage 2 (MapPartitionsRDD[9] at showString at NativeMethodAccessorImpl.java:0) (first 15 tasks are for partitions Vector(0))
[2025-07-26T05:07:58.536+0000] {spark_submit.py:521} INFO - 25/07/26 05:07:58 INFO TaskSchedulerImpl: Adding task set 2.0 with 1 tasks resource profile 0
[2025-07-26T05:07:58.537+0000] {spark_submit.py:521} INFO - 25/07/26 05:07:58 INFO TaskSetManager: Starting task 0.0 in stage 2.0 (TID 2) (172.18.0.6, executor 0, partition 0, PROCESS_LOCAL, 9616 bytes)
[2025-07-26T05:07:58.562+0000] {spark_submit.py:521} INFO - 25/07/26 05:07:58 INFO BlockManagerInfo: Added broadcast_4_piece0 in memory on 172.18.0.6:37041 (size: 19.3 KiB, free: 434.3 MiB)
[2025-07-26T05:07:58.586+0000] {spark_submit.py:521} INFO - 25/07/26 05:07:58 INFO BlockManagerInfo: Removed broadcast_1_piece0 on 3bc71adbf7e0:40423 in memory (size: 36.5 KiB, free: 434.3 MiB)
[2025-07-26T05:07:58.589+0000] {spark_submit.py:521} INFO - 25/07/26 05:07:58 INFO BlockManagerInfo: Removed broadcast_1_piece0 on 172.18.0.6:37041 in memory (size: 36.5 KiB, free: 434.4 MiB)
[2025-07-26T05:07:58.972+0000] {spark_submit.py:521} INFO - 25/07/26 05:07:58 INFO BlockManagerInfo: Added broadcast_3_piece0 in memory on 172.18.0.6:37041 (size: 35.8 KiB, free: 434.3 MiB)
[2025-07-26T05:07:59.555+0000] {spark_submit.py:521} INFO - 25/07/26 05:07:59 INFO TaskSetManager: Finished task 0.0 in stage 2.0 (TID 2) in 1019 ms on 172.18.0.6 (executor 0) (1/1)
[2025-07-26T05:07:59.556+0000] {spark_submit.py:521} INFO - 25/07/26 05:07:59 INFO TaskSchedulerImpl: Removed TaskSet 2.0, whose tasks have all completed, from pool
[2025-07-26T05:07:59.558+0000] {spark_submit.py:521} INFO - 25/07/26 05:07:59 INFO DAGScheduler: ShuffleMapStage 2 (showString at NativeMethodAccessorImpl.java:0) finished in 1.049 s
[2025-07-26T05:07:59.558+0000] {spark_submit.py:521} INFO - 25/07/26 05:07:59 INFO DAGScheduler: looking for newly runnable stages
[2025-07-26T05:07:59.559+0000] {spark_submit.py:521} INFO - 25/07/26 05:07:59 INFO DAGScheduler: running: Set()
[2025-07-26T05:07:59.559+0000] {spark_submit.py:521} INFO - 25/07/26 05:07:59 INFO DAGScheduler: waiting: Set()
[2025-07-26T05:07:59.559+0000] {spark_submit.py:521} INFO - 25/07/26 05:07:59 INFO DAGScheduler: failed: Set()
[2025-07-26T05:07:59.579+0000] {spark_submit.py:521} INFO - 25/07/26 05:07:59 INFO ShufflePartitionsUtil: For shuffle(0), advisory target size: 67108864, actual target size 1048576, minimum partition size: 1048576
[2025-07-26T05:07:59.630+0000] {spark_submit.py:521} INFO - 25/07/26 05:07:59 INFO CodeGenerator: Code generated in 32.023877 ms
[2025-07-26T05:07:59.666+0000] {spark_submit.py:521} INFO - 25/07/26 05:07:59 INFO SparkContext: Starting job: showString at NativeMethodAccessorImpl.java:0
[2025-07-26T05:07:59.669+0000] {spark_submit.py:521} INFO - 25/07/26 05:07:59 INFO DAGScheduler: Got job 3 (showString at NativeMethodAccessorImpl.java:0) with 1 output partitions
[2025-07-26T05:07:59.670+0000] {spark_submit.py:521} INFO - 25/07/26 05:07:59 INFO DAGScheduler: Final stage: ResultStage 4 (showString at NativeMethodAccessorImpl.java:0)
[2025-07-26T05:07:59.671+0000] {spark_submit.py:521} INFO - 25/07/26 05:07:59 INFO DAGScheduler: Parents of final stage: List(ShuffleMapStage 3)
[2025-07-26T05:07:59.672+0000] {spark_submit.py:521} INFO - 25/07/26 05:07:59 INFO DAGScheduler: Missing parents: List()
[2025-07-26T05:07:59.673+0000] {spark_submit.py:521} INFO - 25/07/26 05:07:59 INFO DAGScheduler: Submitting ResultStage 4 (MapPartitionsRDD[12] at showString at NativeMethodAccessorImpl.java:0), which has no missing parents
[2025-07-26T05:07:59.691+0000] {spark_submit.py:521} INFO - 25/07/26 05:07:59 INFO MemoryStore: Block broadcast_5 stored as values in memory (estimated size 45.4 KiB, free 434.1 MiB)
[2025-07-26T05:07:59.694+0000] {spark_submit.py:521} INFO - 25/07/26 05:07:59 INFO MemoryStore: Block broadcast_5_piece0 stored as bytes in memory (estimated size 20.3 KiB, free 434.0 MiB)
[2025-07-26T05:07:59.696+0000] {spark_submit.py:521} INFO - 25/07/26 05:07:59 INFO BlockManagerInfo: Added broadcast_5_piece0 in memory on 3bc71adbf7e0:40423 (size: 20.3 KiB, free: 434.3 MiB)
[2025-07-26T05:07:59.697+0000] {spark_submit.py:521} INFO - 25/07/26 05:07:59 INFO SparkContext: Created broadcast 5 from broadcast at DAGScheduler.scala:1611
[2025-07-26T05:07:59.698+0000] {spark_submit.py:521} INFO - 25/07/26 05:07:59 INFO DAGScheduler: Submitting 1 missing tasks from ResultStage 4 (MapPartitionsRDD[12] at showString at NativeMethodAccessorImpl.java:0) (first 15 tasks are for partitions Vector(0))
[2025-07-26T05:07:59.698+0000] {spark_submit.py:521} INFO - 25/07/26 05:07:59 INFO TaskSchedulerImpl: Adding task set 4.0 with 1 tasks resource profile 0
[2025-07-26T05:07:59.706+0000] {spark_submit.py:521} INFO - 25/07/26 05:07:59 INFO TaskSetManager: Starting task 0.0 in stage 4.0 (TID 3) (172.18.0.6, executor 0, partition 0, NODE_LOCAL, 9003 bytes)
[2025-07-26T05:07:59.729+0000] {spark_submit.py:521} INFO - 25/07/26 05:07:59 INFO BlockManagerInfo: Added broadcast_5_piece0 in memory on 172.18.0.6:37041 (size: 20.3 KiB, free: 434.3 MiB)
[2025-07-26T05:07:59.777+0000] {spark_submit.py:521} INFO - 25/07/26 05:07:59 INFO MapOutputTrackerMasterEndpoint: Asked to send map output locations for shuffle 0 to 172.18.0.6:50800
[2025-07-26T05:07:59.921+0000] {spark_submit.py:521} INFO - 25/07/26 05:07:59 INFO TaskSetManager: Finished task 0.0 in stage 4.0 (TID 3) in 217 ms on 172.18.0.6 (executor 0) (1/1)
[2025-07-26T05:07:59.923+0000] {spark_submit.py:521} INFO - 25/07/26 05:07:59 INFO DAGScheduler: ResultStage 4 (showString at NativeMethodAccessorImpl.java:0) finished in 0.235 s
[2025-07-26T05:07:59.926+0000] {spark_submit.py:521} INFO - 25/07/26 05:07:59 INFO TaskSchedulerImpl: Removed TaskSet 4.0, whose tasks have all completed, from pool
[2025-07-26T05:07:59.927+0000] {spark_submit.py:521} INFO - 25/07/26 05:07:59 INFO DAGScheduler: Job 3 is finished. Cancelling potential speculative or zombie tasks for this job
[2025-07-26T05:07:59.928+0000] {spark_submit.py:521} INFO - 25/07/26 05:07:59 INFO TaskSchedulerImpl: Killing all running tasks in stage 4: Stage finished
[2025-07-26T05:07:59.928+0000] {spark_submit.py:521} INFO - 25/07/26 05:07:59 INFO DAGScheduler: Job 3 finished: showString at NativeMethodAccessorImpl.java:0, took 0.257277 s
[2025-07-26T05:07:59.939+0000] {spark_submit.py:521} INFO - 25/07/26 05:07:59 INFO CodeGenerator: Code generated in 8.950041 ms
[2025-07-26T05:07:59.943+0000] {spark_submit.py:521} INFO - +--------------------+
[2025-07-26T05:07:59.943+0000] {spark_submit.py:521} INFO - |                name|
[2025-07-26T05:07:59.944+0000] {spark_submit.py:521} INFO - +--------------------+
[2025-07-26T05:07:59.944+0000] {spark_submit.py:521} INFO - |                 IPO|
[2025-07-26T05:07:59.946+0000] {spark_submit.py:521} INFO - |    Economy - Fiscal|
[2025-07-26T05:07:59.948+0000] {spark_submit.py:521} INFO - |     Economy - Macro|
[2025-07-26T05:07:59.949+0000] {spark_submit.py:521} INFO - |             Finance|
[2025-07-26T05:07:59.949+0000] {spark_submit.py:521} INFO - |            Earnings|
[2025-07-26T05:07:59.950+0000] {spark_submit.py:521} INFO - |Real Estate & Con...|
[2025-07-26T05:07:59.950+0000] {spark_submit.py:521} INFO - |  Retail & Wholesale|
[2025-07-26T05:07:59.951+0000] {spark_submit.py:521} INFO - |Energy & Transpor...|
[2025-07-26T05:07:59.951+0000] {spark_submit.py:521} INFO - |          Technology|
[2025-07-26T05:07:59.952+0000] {spark_submit.py:521} INFO - |   Financial Markets|
[2025-07-26T05:07:59.952+0000] {spark_submit.py:521} INFO - |  Economy - Monetary|
[2025-07-26T05:07:59.953+0000] {spark_submit.py:521} INFO - |Mergers & Acquisi...|
[2025-07-26T05:07:59.954+0000] {spark_submit.py:521} INFO - |       Manufacturing|
[2025-07-26T05:07:59.954+0000] {spark_submit.py:521} INFO - |       Life Sciences|
[2025-07-26T05:07:59.955+0000] {spark_submit.py:521} INFO - |          Blockchain|
[2025-07-26T05:07:59.955+0000] {spark_submit.py:521} INFO - +--------------------+
[2025-07-26T05:07:59.955+0000] {spark_submit.py:521} INFO - 
[2025-07-26T05:08:00.524+0000] {spark_submit.py:521} INFO - 25/07/26 05:08:00 INFO FileSourceStrategy: Pushed Filters:
[2025-07-26T05:08:00.524+0000] {spark_submit.py:521} INFO - 25/07/26 05:08:00 INFO FileSourceStrategy: Post-Scan Filters: (size(topics#9.topic, true) > 0),isnotnull(topics#9.topic)
[2025-07-26T05:08:00.551+0000] {spark_submit.py:521} INFO - 25/07/26 05:08:00 INFO MemoryStore: Block broadcast_6 stored as values in memory (estimated size 210.9 KiB, free 433.8 MiB)
[2025-07-26T05:08:00.562+0000] {spark_submit.py:521} INFO - 25/07/26 05:08:00 INFO MemoryStore: Block broadcast_6_piece0 stored as bytes in memory (estimated size 35.8 KiB, free 433.8 MiB)
[2025-07-26T05:08:00.563+0000] {spark_submit.py:521} INFO - 25/07/26 05:08:00 INFO BlockManagerInfo: Added broadcast_6_piece0 in memory on 3bc71adbf7e0:40423 (size: 35.8 KiB, free: 434.3 MiB)
[2025-07-26T05:08:00.563+0000] {spark_submit.py:521} INFO - 25/07/26 05:08:00 INFO SparkContext: Created broadcast 6 from toPandas at /opt/airflow/scripts/elt_to_dwh/transform/process_news.py:63
[2025-07-26T05:08:00.565+0000] {spark_submit.py:521} INFO - 25/07/26 05:08:00 INFO FileSourceScanExec: Planning scan with bin packing, max size: 4194304 bytes, open cost is considered as scanning 4194304 bytes.
[2025-07-26T05:08:00.570+0000] {spark_submit.py:521} INFO - 25/07/26 05:08:00 INFO DAGScheduler: Registering RDD 16 (toPandas at /opt/airflow/scripts/elt_to_dwh/transform/process_news.py:63) as input to shuffle 1
[2025-07-26T05:08:00.571+0000] {spark_submit.py:521} INFO - 25/07/26 05:08:00 INFO DAGScheduler: Got map stage job 4 (toPandas at /opt/airflow/scripts/elt_to_dwh/transform/process_news.py:63) with 1 output partitions
[2025-07-26T05:08:00.572+0000] {spark_submit.py:521} INFO - 25/07/26 05:08:00 INFO DAGScheduler: Final stage: ShuffleMapStage 5 (toPandas at /opt/airflow/scripts/elt_to_dwh/transform/process_news.py:63)
[2025-07-26T05:08:00.572+0000] {spark_submit.py:521} INFO - 25/07/26 05:08:00 INFO DAGScheduler: Parents of final stage: List()
[2025-07-26T05:08:00.572+0000] {spark_submit.py:521} INFO - 25/07/26 05:08:00 INFO DAGScheduler: Missing parents: List()
[2025-07-26T05:08:00.573+0000] {spark_submit.py:521} INFO - 25/07/26 05:08:00 INFO DAGScheduler: Submitting ShuffleMapStage 5 (MapPartitionsRDD[16] at toPandas at /opt/airflow/scripts/elt_to_dwh/transform/process_news.py:63), which has no missing parents
[2025-07-26T05:08:00.576+0000] {spark_submit.py:521} INFO - 25/07/26 05:08:00 INFO MemoryStore: Block broadcast_7 stored as values in memory (estimated size 45.1 KiB, free 433.7 MiB)
[2025-07-26T05:08:00.578+0000] {spark_submit.py:521} INFO - 25/07/26 05:08:00 INFO MemoryStore: Block broadcast_7_piece0 stored as bytes in memory (estimated size 19.3 KiB, free 433.7 MiB)
[2025-07-26T05:08:00.579+0000] {spark_submit.py:521} INFO - 25/07/26 05:08:00 INFO BlockManagerInfo: Added broadcast_7_piece0 in memory on 3bc71adbf7e0:40423 (size: 19.3 KiB, free: 434.3 MiB)
[2025-07-26T05:08:00.580+0000] {spark_submit.py:521} INFO - 25/07/26 05:08:00 INFO SparkContext: Created broadcast 7 from broadcast at DAGScheduler.scala:1611
[2025-07-26T05:08:00.581+0000] {spark_submit.py:521} INFO - 25/07/26 05:08:00 INFO DAGScheduler: Submitting 1 missing tasks from ShuffleMapStage 5 (MapPartitionsRDD[16] at toPandas at /opt/airflow/scripts/elt_to_dwh/transform/process_news.py:63) (first 15 tasks are for partitions Vector(0))
[2025-07-26T05:08:00.581+0000] {spark_submit.py:521} INFO - 25/07/26 05:08:00 INFO TaskSchedulerImpl: Adding task set 5.0 with 1 tasks resource profile 0
[2025-07-26T05:08:00.582+0000] {spark_submit.py:521} INFO - 25/07/26 05:08:00 INFO TaskSetManager: Starting task 0.0 in stage 5.0 (TID 4) (172.18.0.6, executor 0, partition 0, PROCESS_LOCAL, 9616 bytes)
[2025-07-26T05:08:00.597+0000] {spark_submit.py:521} INFO - 25/07/26 05:08:00 INFO BlockManagerInfo: Added broadcast_7_piece0 in memory on 172.18.0.6:37041 (size: 19.3 KiB, free: 434.3 MiB)
[2025-07-26T05:08:00.634+0000] {spark_submit.py:521} INFO - 25/07/26 05:08:00 INFO BlockManagerInfo: Added broadcast_6_piece0 in memory on 172.18.0.6:37041 (size: 35.8 KiB, free: 434.3 MiB)
[2025-07-26T05:08:01.153+0000] {spark_submit.py:521} INFO - 25/07/26 05:08:01 INFO TaskSetManager: Finished task 0.0 in stage 5.0 (TID 4) in 570 ms on 172.18.0.6 (executor 0) (1/1)
[2025-07-26T05:08:01.154+0000] {spark_submit.py:521} INFO - 25/07/26 05:08:01 INFO TaskSchedulerImpl: Removed TaskSet 5.0, whose tasks have all completed, from pool
[2025-07-26T05:08:01.154+0000] {spark_submit.py:521} INFO - 25/07/26 05:08:01 INFO DAGScheduler: ShuffleMapStage 5 (toPandas at /opt/airflow/scripts/elt_to_dwh/transform/process_news.py:63) finished in 0.582 s
[2025-07-26T05:08:01.155+0000] {spark_submit.py:521} INFO - 25/07/26 05:08:01 INFO DAGScheduler: looking for newly runnable stages
[2025-07-26T05:08:01.156+0000] {spark_submit.py:521} INFO - 25/07/26 05:08:01 INFO DAGScheduler: running: Set()
[2025-07-26T05:08:01.157+0000] {spark_submit.py:521} INFO - 25/07/26 05:08:01 INFO DAGScheduler: waiting: Set()
[2025-07-26T05:08:01.157+0000] {spark_submit.py:521} INFO - 25/07/26 05:08:01 INFO DAGScheduler: failed: Set()
[2025-07-26T05:08:01.161+0000] {spark_submit.py:521} INFO - 25/07/26 05:08:01 INFO ShufflePartitionsUtil: For shuffle(1), advisory target size: 67108864, actual target size 1048576, minimum partition size: 1048576
[2025-07-26T05:08:01.204+0000] {spark_submit.py:521} INFO - 25/07/26 05:08:01 INFO CodeGenerator: Code generated in 31.416628 ms
[2025-07-26T05:08:01.221+0000] {spark_submit.py:521} INFO - 25/07/26 05:08:01 INFO SparkContext: Starting job: toPandas at /opt/airflow/scripts/elt_to_dwh/transform/process_news.py:63
[2025-07-26T05:08:01.224+0000] {spark_submit.py:521} INFO - 25/07/26 05:08:01 INFO DAGScheduler: Got job 5 (toPandas at /opt/airflow/scripts/elt_to_dwh/transform/process_news.py:63) with 1 output partitions
[2025-07-26T05:08:01.225+0000] {spark_submit.py:521} INFO - 25/07/26 05:08:01 INFO DAGScheduler: Final stage: ResultStage 7 (toPandas at /opt/airflow/scripts/elt_to_dwh/transform/process_news.py:63)
[2025-07-26T05:08:01.225+0000] {spark_submit.py:521} INFO - 25/07/26 05:08:01 INFO DAGScheduler: Parents of final stage: List(ShuffleMapStage 6)
[2025-07-26T05:08:01.226+0000] {spark_submit.py:521} INFO - 25/07/26 05:08:01 INFO DAGScheduler: Missing parents: List()
[2025-07-26T05:08:01.227+0000] {spark_submit.py:521} INFO - 25/07/26 05:08:01 INFO DAGScheduler: Submitting ResultStage 7 (MapPartitionsRDD[19] at toPandas at /opt/airflow/scripts/elt_to_dwh/transform/process_news.py:63), which has no missing parents
[2025-07-26T05:08:01.234+0000] {spark_submit.py:521} INFO - 25/07/26 05:08:01 INFO MemoryStore: Block broadcast_8 stored as values in memory (estimated size 44.8 KiB, free 433.7 MiB)
[2025-07-26T05:08:01.237+0000] {spark_submit.py:521} INFO - 25/07/26 05:08:01 INFO MemoryStore: Block broadcast_8_piece0 stored as bytes in memory (estimated size 20.1 KiB, free 433.7 MiB)
[2025-07-26T05:08:01.237+0000] {spark_submit.py:521} INFO - 25/07/26 05:08:01 INFO BlockManagerInfo: Added broadcast_8_piece0 in memory on 3bc71adbf7e0:40423 (size: 20.1 KiB, free: 434.3 MiB)
[2025-07-26T05:08:01.238+0000] {spark_submit.py:521} INFO - 25/07/26 05:08:01 INFO SparkContext: Created broadcast 8 from broadcast at DAGScheduler.scala:1611
[2025-07-26T05:08:01.239+0000] {spark_submit.py:521} INFO - 25/07/26 05:08:01 INFO DAGScheduler: Submitting 1 missing tasks from ResultStage 7 (MapPartitionsRDD[19] at toPandas at /opt/airflow/scripts/elt_to_dwh/transform/process_news.py:63) (first 15 tasks are for partitions Vector(0))
[2025-07-26T05:08:01.240+0000] {spark_submit.py:521} INFO - 25/07/26 05:08:01 INFO TaskSchedulerImpl: Adding task set 7.0 with 1 tasks resource profile 0
[2025-07-26T05:08:01.241+0000] {spark_submit.py:521} INFO - 25/07/26 05:08:01 INFO TaskSetManager: Starting task 0.0 in stage 7.0 (TID 5) (172.18.0.6, executor 0, partition 0, NODE_LOCAL, 9003 bytes)
[2025-07-26T05:08:01.264+0000] {spark_submit.py:521} INFO - 25/07/26 05:08:01 INFO BlockManagerInfo: Added broadcast_8_piece0 in memory on 172.18.0.6:37041 (size: 20.1 KiB, free: 434.3 MiB)
[2025-07-26T05:08:01.284+0000] {spark_submit.py:521} INFO - 25/07/26 05:08:01 INFO MapOutputTrackerMasterEndpoint: Asked to send map output locations for shuffle 1 to 172.18.0.6:50800
[2025-07-26T05:08:01.378+0000] {spark_submit.py:521} INFO - 25/07/26 05:08:01 INFO TaskSetManager: Finished task 0.0 in stage 7.0 (TID 5) in 131 ms on 172.18.0.6 (executor 0) (1/1)
[2025-07-26T05:08:01.384+0000] {spark_submit.py:521} INFO - 25/07/26 05:08:01 INFO TaskSchedulerImpl: Removed TaskSet 7.0, whose tasks have all completed, from pool
[2025-07-26T05:08:01.385+0000] {spark_submit.py:521} INFO - 25/07/26 05:08:01 INFO DAGScheduler: ResultStage 7 (toPandas at /opt/airflow/scripts/elt_to_dwh/transform/process_news.py:63) finished in 0.146 s
[2025-07-26T05:08:01.393+0000] {spark_submit.py:521} INFO - 25/07/26 05:08:01 INFO DAGScheduler: Job 5 is finished. Cancelling potential speculative or zombie tasks for this job
[2025-07-26T05:08:01.409+0000] {spark_submit.py:521} INFO - 25/07/26 05:08:01 INFO TaskSchedulerImpl: Killing all running tasks in stage 7: Stage finished
[2025-07-26T05:08:01.413+0000] {spark_submit.py:521} INFO - 25/07/26 05:08:01 INFO DAGScheduler: Job 5 finished: toPandas at /opt/airflow/scripts/elt_to_dwh/transform/process_news.py:63, took 0.157680 s
[2025-07-26T05:08:01.446+0000] {spark_submit.py:521} INFO - Data inserted into dim_topics successfully.
[2025-07-26T05:08:01.449+0000] {spark_submit.py:521} INFO - Data inserted into dim_time successfully.
[2025-07-26T05:08:01.451+0000] {spark_submit.py:521} INFO - Time ID DataFrame:
[2025-07-26T05:08:01.455+0000] {spark_submit.py:521} INFO - id
[2025-07-26T05:08:01.456+0000] {spark_submit.py:521} INFO - 0   5
[2025-07-26T05:08:01.505+0000] {spark_submit.py:521} INFO - Dim_news DataFrame:
[2025-07-26T05:08:01.569+0000] {spark_submit.py:521} INFO - 25/07/26 05:08:01 INFO FileSourceStrategy: Pushed Filters:
[2025-07-26T05:08:01.570+0000] {spark_submit.py:521} INFO - 25/07/26 05:08:01 INFO FileSourceStrategy: Post-Scan Filters:
[2025-07-26T05:08:01.618+0000] {spark_submit.py:521} INFO - 25/07/26 05:08:01 INFO BlockManagerInfo: Removed broadcast_8_piece0 on 172.18.0.6:37041 in memory (size: 20.1 KiB, free: 434.3 MiB)
[2025-07-26T05:08:01.621+0000] {spark_submit.py:521} INFO - 25/07/26 05:08:01 INFO BlockManagerInfo: Removed broadcast_8_piece0 on 3bc71adbf7e0:40423 in memory (size: 20.1 KiB, free: 434.3 MiB)
[2025-07-26T05:08:01.643+0000] {spark_submit.py:521} INFO - 25/07/26 05:08:01 INFO BlockManagerInfo: Removed broadcast_7_piece0 on 3bc71adbf7e0:40423 in memory (size: 19.3 KiB, free: 434.3 MiB)
[2025-07-26T05:08:01.647+0000] {spark_submit.py:521} INFO - 25/07/26 05:08:01 INFO BlockManagerInfo: Removed broadcast_7_piece0 on 172.18.0.6:37041 in memory (size: 19.3 KiB, free: 434.3 MiB)
[2025-07-26T05:08:01.661+0000] {spark_submit.py:521} INFO - 25/07/26 05:08:01 INFO BlockManagerInfo: Removed broadcast_5_piece0 on 3bc71adbf7e0:40423 in memory (size: 20.3 KiB, free: 434.3 MiB)
[2025-07-26T05:08:01.664+0000] {spark_submit.py:521} INFO - 25/07/26 05:08:01 INFO CodeGenerator: Code generated in 54.659436 ms
[2025-07-26T05:08:01.674+0000] {spark_submit.py:521} INFO - 25/07/26 05:08:01 INFO BlockManagerInfo: Removed broadcast_5_piece0 on 172.18.0.6:37041 in memory (size: 20.3 KiB, free: 434.3 MiB)
[2025-07-26T05:08:01.675+0000] {spark_submit.py:521} INFO - 25/07/26 05:08:01 INFO MemoryStore: Block broadcast_9 stored as values in memory (estimated size 213.5 KiB, free 433.6 MiB)
[2025-07-26T05:08:01.686+0000] {spark_submit.py:521} INFO - 25/07/26 05:08:01 INFO BlockManagerInfo: Removed broadcast_4_piece0 on 3bc71adbf7e0:40423 in memory (size: 19.3 KiB, free: 434.3 MiB)
[2025-07-26T05:08:01.691+0000] {spark_submit.py:521} INFO - 25/07/26 05:08:01 INFO MemoryStore: Block broadcast_9_piece0 stored as bytes in memory (estimated size 36.5 KiB, free 433.7 MiB)
[2025-07-26T05:08:01.693+0000] {spark_submit.py:521} INFO - 25/07/26 05:08:01 INFO BlockManagerInfo: Added broadcast_9_piece0 in memory on 3bc71adbf7e0:40423 (size: 36.5 KiB, free: 434.3 MiB)
[2025-07-26T05:08:01.695+0000] {spark_submit.py:521} INFO - 25/07/26 05:08:01 INFO BlockManagerInfo: Removed broadcast_4_piece0 on 172.18.0.6:37041 in memory (size: 19.3 KiB, free: 434.3 MiB)
[2025-07-26T05:08:01.696+0000] {spark_submit.py:521} INFO - 25/07/26 05:08:01 INFO SparkContext: Created broadcast 9 from showString at NativeMethodAccessorImpl.java:0
[2025-07-26T05:08:01.699+0000] {spark_submit.py:521} INFO - 25/07/26 05:08:01 INFO FileSourceScanExec: Planning scan with bin packing, max size: 4194304 bytes, open cost is considered as scanning 4194304 bytes.
[2025-07-26T05:08:01.712+0000] {spark_submit.py:521} INFO - 25/07/26 05:08:01 INFO SparkContext: Starting job: showString at NativeMethodAccessorImpl.java:0
[2025-07-26T05:08:01.715+0000] {spark_submit.py:521} INFO - 25/07/26 05:08:01 INFO DAGScheduler: Got job 6 (showString at NativeMethodAccessorImpl.java:0) with 1 output partitions
[2025-07-26T05:08:01.716+0000] {spark_submit.py:521} INFO - 25/07/26 05:08:01 INFO DAGScheduler: Final stage: ResultStage 8 (showString at NativeMethodAccessorImpl.java:0)
[2025-07-26T05:08:01.717+0000] {spark_submit.py:521} INFO - 25/07/26 05:08:01 INFO DAGScheduler: Parents of final stage: List()
[2025-07-26T05:08:01.718+0000] {spark_submit.py:521} INFO - 25/07/26 05:08:01 INFO DAGScheduler: Missing parents: List()
[2025-07-26T05:08:01.719+0000] {spark_submit.py:521} INFO - 25/07/26 05:08:01 INFO DAGScheduler: Submitting ResultStage 8 (MapPartitionsRDD[23] at showString at NativeMethodAccessorImpl.java:0), which has no missing parents
[2025-07-26T05:08:01.719+0000] {spark_submit.py:521} INFO - 25/07/26 05:08:01 INFO MemoryStore: Block broadcast_10 stored as values in memory (estimated size 29.2 KiB, free 433.6 MiB)
[2025-07-26T05:08:01.720+0000] {spark_submit.py:521} INFO - 25/07/26 05:08:01 INFO MemoryStore: Block broadcast_10_piece0 stored as bytes in memory (estimated size 9.4 KiB, free 433.6 MiB)
[2025-07-26T05:08:01.725+0000] {spark_submit.py:521} INFO - 25/07/26 05:08:01 INFO BlockManagerInfo: Added broadcast_10_piece0 in memory on 3bc71adbf7e0:40423 (size: 9.4 KiB, free: 434.3 MiB)
[2025-07-26T05:08:01.725+0000] {spark_submit.py:521} INFO - 25/07/26 05:08:01 INFO SparkContext: Created broadcast 10 from broadcast at DAGScheduler.scala:1611
[2025-07-26T05:08:01.726+0000] {spark_submit.py:521} INFO - 25/07/26 05:08:01 INFO DAGScheduler: Submitting 1 missing tasks from ResultStage 8 (MapPartitionsRDD[23] at showString at NativeMethodAccessorImpl.java:0) (first 15 tasks are for partitions Vector(0))
[2025-07-26T05:08:01.726+0000] {spark_submit.py:521} INFO - 25/07/26 05:08:01 INFO TaskSchedulerImpl: Adding task set 8.0 with 1 tasks resource profile 0
[2025-07-26T05:08:01.726+0000] {spark_submit.py:521} INFO - 25/07/26 05:08:01 INFO TaskSetManager: Starting task 0.0 in stage 8.0 (TID 6) (172.18.0.6, executor 0, partition 0, PROCESS_LOCAL, 9627 bytes)
[2025-07-26T05:08:01.752+0000] {spark_submit.py:521} INFO - 25/07/26 05:08:01 INFO BlockManagerInfo: Removed broadcast_3_piece0 on 3bc71adbf7e0:40423 in memory (size: 35.8 KiB, free: 434.3 MiB)
[2025-07-26T05:08:01.755+0000] {spark_submit.py:521} INFO - 25/07/26 05:08:01 INFO BlockManagerInfo: Removed broadcast_3_piece0 on 172.18.0.6:37041 in memory (size: 35.8 KiB, free: 434.4 MiB)
[2025-07-26T05:08:01.762+0000] {spark_submit.py:521} INFO - 25/07/26 05:08:01 INFO BlockManagerInfo: Added broadcast_10_piece0 in memory on 172.18.0.6:37041 (size: 9.4 KiB, free: 434.4 MiB)
[2025-07-26T05:08:01.815+0000] {spark_submit.py:521} INFO - 25/07/26 05:08:01 INFO BlockManagerInfo: Added broadcast_9_piece0 in memory on 172.18.0.6:37041 (size: 36.5 KiB, free: 434.3 MiB)
[2025-07-26T05:08:02.376+0000] {spark_submit.py:521} INFO - 25/07/26 05:08:02 INFO TaskSetManager: Finished task 0.0 in stage 8.0 (TID 6) in 652 ms on 172.18.0.6 (executor 0) (1/1)
[2025-07-26T05:08:02.377+0000] {spark_submit.py:521} INFO - 25/07/26 05:08:02 INFO TaskSchedulerImpl: Removed TaskSet 8.0, whose tasks have all completed, from pool
[2025-07-26T05:08:02.378+0000] {spark_submit.py:521} INFO - 25/07/26 05:08:02 INFO DAGScheduler: ResultStage 8 (showString at NativeMethodAccessorImpl.java:0) finished in 0.661 s
[2025-07-26T05:08:02.381+0000] {spark_submit.py:521} INFO - 25/07/26 05:08:02 INFO DAGScheduler: Job 6 is finished. Cancelling potential speculative or zombie tasks for this job
[2025-07-26T05:08:02.386+0000] {spark_submit.py:521} INFO - 25/07/26 05:08:02 INFO TaskSchedulerImpl: Killing all running tasks in stage 8: Stage finished
[2025-07-26T05:08:02.389+0000] {spark_submit.py:521} INFO - 25/07/26 05:08:02 INFO DAGScheduler: Job 6 finished: showString at NativeMethodAccessorImpl.java:0, took 0.665029 s
[2025-07-26T05:08:02.405+0000] {spark_submit.py:521} INFO - 25/07/26 05:08:02 INFO CodeGenerator: Code generated in 15.647812 ms
[2025-07-26T05:08:02.409+0000] {spark_submit.py:521} INFO - +--------------------+--------------------+---------------+--------------------+--------------------+--------------------+-------------+----------------------+--------------------+--------------------+-----------------------+-----------------------+--------------------+-------+
[2025-07-26T05:08:02.409+0000] {spark_submit.py:521} INFO - |               title|                 url| time_published|             authors|             summary|        banner_image|       source|category_within_source|       source_domain|              topics|overall_sentiment_score|overall_sentiment_label|    ticker_sentiment|time_id|
[2025-07-26T05:08:02.410+0000] {spark_submit.py:521} INFO - +--------------------+--------------------+---------------+--------------------+--------------------+--------------------+-------------+----------------------+--------------------+--------------------+-----------------------+-----------------------+--------------------+-------+
[2025-07-26T05:08:02.410+0000] {spark_submit.py:521} INFO - |Greenridge Explor...|https://www.globe...|20250716T120000|[Greenridge Explo...|VANCOUVER, Britis...|https://ml.globen...|GlobeNewswire|                   n/a|www.globenewswire...|[{Energy & Transp...|               0.226523|       Somewhat-Bullish|[{NXE, 0.03804, 0...|      5|
[2025-07-26T05:08:02.411+0000] {spark_submit.py:521} INFO - |CareCloud to Anno...|https://www.globe...|20250716T120000|    [CareCloud, Inc]|SOMERSET, N.J., J...|https://ml.globen...|GlobeNewswire|                   n/a|www.globenewswire...|[{Earnings, 0.108...|                0.31091|       Somewhat-Bullish|[{CCLD, 0.688096,...|      5|
[2025-07-26T05:08:02.411+0000] {spark_submit.py:521} INFO - |Bitcoin Mining: A...|https://www.benzi...|20250716T120000|    [Globe Newswire]|Zero Hardware: Re...|https://www.benzi...|     Benzinga|               Markets|    www.benzinga.com|[{Earnings, 0.310...|               0.479606|                Bullish|[{ASCCF, 0.137671...|      5|
[2025-07-26T05:08:02.412+0000] {spark_submit.py:521} INFO - |Nametag Brings De...|https://www.benzi...|20250716T120000|    [Globe Newswire]|SEATTLE, July 16,...|https://www.benzi...|     Benzinga|               General|    www.benzinga.com| [{Technology, 1.0}]|               0.310257|       Somewhat-Bullish|[{MSFT, 0.191675,...|      5|
[2025-07-26T05:08:02.412+0000] {spark_submit.py:521} INFO - |Aventis Energy An...|https://www.globe...|20250716T120000|[Vital Battery Me...|VANCOUVER, Britis...|https://ml.globen...|GlobeNewswire|                   n/a|www.globenewswire...|[{Financial Marke...|               0.224894|       Somewhat-Bullish|                  []|      5|
[2025-07-26T05:08:02.412+0000] {spark_submit.py:521} INFO - +--------------------+--------------------+---------------+--------------------+--------------------+--------------------+-------------+----------------------+--------------------+--------------------+-----------------------+-----------------------+--------------------+-------+
[2025-07-26T05:08:02.413+0000] {spark_submit.py:521} INFO - only showing top 5 rows
[2025-07-26T05:08:02.413+0000] {spark_submit.py:521} INFO - 
[2025-07-26T05:08:02.429+0000] {spark_submit.py:521} INFO - 25/07/26 05:08:02 INFO FileSourceStrategy: Pushed Filters:
[2025-07-26T05:08:02.430+0000] {spark_submit.py:521} INFO - 25/07/26 05:08:02 INFO FileSourceStrategy: Post-Scan Filters:
[2025-07-26T05:08:02.478+0000] {spark_submit.py:521} INFO - 25/07/26 05:08:02 INFO CodeGenerator: Code generated in 26.443233 ms
[2025-07-26T05:08:02.484+0000] {spark_submit.py:521} INFO - 25/07/26 05:08:02 INFO MemoryStore: Block broadcast_11 stored as values in memory (estimated size 213.5 KiB, free 433.7 MiB)
[2025-07-26T05:08:02.497+0000] {spark_submit.py:521} INFO - 25/07/26 05:08:02 INFO MemoryStore: Block broadcast_11_piece0 stored as bytes in memory (estimated size 36.5 KiB, free 433.6 MiB)
[2025-07-26T05:08:02.498+0000] {spark_submit.py:521} INFO - 25/07/26 05:08:02 INFO BlockManagerInfo: Added broadcast_11_piece0 in memory on 3bc71adbf7e0:40423 (size: 36.5 KiB, free: 434.3 MiB)
[2025-07-26T05:08:02.499+0000] {spark_submit.py:521} INFO - 25/07/26 05:08:02 INFO SparkContext: Created broadcast 11 from toPandas at /opt/airflow/scripts/elt_to_dwh/transform/process_news.py:99
[2025-07-26T05:08:02.501+0000] {spark_submit.py:521} INFO - 25/07/26 05:08:02 INFO FileSourceScanExec: Planning scan with bin packing, max size: 4194304 bytes, open cost is considered as scanning 4194304 bytes.
[2025-07-26T05:08:02.516+0000] {spark_submit.py:521} INFO - 25/07/26 05:08:02 INFO SparkContext: Starting job: toPandas at /opt/airflow/scripts/elt_to_dwh/transform/process_news.py:99
[2025-07-26T05:08:02.517+0000] {spark_submit.py:521} INFO - 25/07/26 05:08:02 INFO DAGScheduler: Got job 7 (toPandas at /opt/airflow/scripts/elt_to_dwh/transform/process_news.py:99) with 1 output partitions
[2025-07-26T05:08:02.518+0000] {spark_submit.py:521} INFO - 25/07/26 05:08:02 INFO DAGScheduler: Final stage: ResultStage 9 (toPandas at /opt/airflow/scripts/elt_to_dwh/transform/process_news.py:99)
[2025-07-26T05:08:02.518+0000] {spark_submit.py:521} INFO - 25/07/26 05:08:02 INFO DAGScheduler: Parents of final stage: List()
[2025-07-26T05:08:02.519+0000] {spark_submit.py:521} INFO - 25/07/26 05:08:02 INFO DAGScheduler: Missing parents: List()
[2025-07-26T05:08:02.519+0000] {spark_submit.py:521} INFO - 25/07/26 05:08:02 INFO DAGScheduler: Submitting ResultStage 9 (MapPartitionsRDD[27] at toPandas at /opt/airflow/scripts/elt_to_dwh/transform/process_news.py:99), which has no missing parents
[2025-07-26T05:08:02.521+0000] {spark_submit.py:521} INFO - 25/07/26 05:08:02 INFO MemoryStore: Block broadcast_12 stored as values in memory (estimated size 28.4 KiB, free 433.6 MiB)
[2025-07-26T05:08:02.522+0000] {spark_submit.py:521} INFO - 25/07/26 05:08:02 INFO MemoryStore: Block broadcast_12_piece0 stored as bytes in memory (estimated size 8.9 KiB, free 433.6 MiB)
[2025-07-26T05:08:02.523+0000] {spark_submit.py:521} INFO - 25/07/26 05:08:02 INFO BlockManagerInfo: Added broadcast_12_piece0 in memory on 3bc71adbf7e0:40423 (size: 8.9 KiB, free: 434.3 MiB)
[2025-07-26T05:08:02.523+0000] {spark_submit.py:521} INFO - 25/07/26 05:08:02 INFO SparkContext: Created broadcast 12 from broadcast at DAGScheduler.scala:1611
[2025-07-26T05:08:02.524+0000] {spark_submit.py:521} INFO - 25/07/26 05:08:02 INFO DAGScheduler: Submitting 1 missing tasks from ResultStage 9 (MapPartitionsRDD[27] at toPandas at /opt/airflow/scripts/elt_to_dwh/transform/process_news.py:99) (first 15 tasks are for partitions Vector(0))
[2025-07-26T05:08:02.525+0000] {spark_submit.py:521} INFO - 25/07/26 05:08:02 INFO TaskSchedulerImpl: Adding task set 9.0 with 1 tasks resource profile 0
[2025-07-26T05:08:02.526+0000] {spark_submit.py:521} INFO - 25/07/26 05:08:02 INFO TaskSetManager: Starting task 0.0 in stage 9.0 (TID 7) (172.18.0.6, executor 0, partition 0, PROCESS_LOCAL, 9627 bytes)
[2025-07-26T05:08:02.539+0000] {spark_submit.py:521} INFO - 25/07/26 05:08:02 INFO BlockManagerInfo: Added broadcast_12_piece0 in memory on 172.18.0.6:37041 (size: 8.9 KiB, free: 434.3 MiB)
[2025-07-26T05:08:02.588+0000] {spark_submit.py:521} INFO - 25/07/26 05:08:02 INFO BlockManagerInfo: Added broadcast_11_piece0 in memory on 172.18.0.6:37041 (size: 36.5 KiB, free: 434.3 MiB)
[2025-07-26T05:08:03.174+0000] {spark_submit.py:521} INFO - 25/07/26 05:08:03 INFO TaskSetManager: Finished task 0.0 in stage 9.0 (TID 7) in 647 ms on 172.18.0.6 (executor 0) (1/1)
[2025-07-26T05:08:03.175+0000] {spark_submit.py:521} INFO - 25/07/26 05:08:03 INFO TaskSchedulerImpl: Removed TaskSet 9.0, whose tasks have all completed, from pool
[2025-07-26T05:08:03.176+0000] {spark_submit.py:521} INFO - 25/07/26 05:08:03 INFO DAGScheduler: ResultStage 9 (toPandas at /opt/airflow/scripts/elt_to_dwh/transform/process_news.py:99) finished in 0.656 s
[2025-07-26T05:08:03.177+0000] {spark_submit.py:521} INFO - 25/07/26 05:08:03 INFO DAGScheduler: Job 7 is finished. Cancelling potential speculative or zombie tasks for this job
[2025-07-26T05:08:03.177+0000] {spark_submit.py:521} INFO - 25/07/26 05:08:03 INFO TaskSchedulerImpl: Killing all running tasks in stage 9: Stage finished
[2025-07-26T05:08:03.178+0000] {spark_submit.py:521} INFO - 25/07/26 05:08:03 INFO DAGScheduler: Job 7 finished: toPandas at /opt/airflow/scripts/elt_to_dwh/transform/process_news.py:99, took 0.659711 s
[2025-07-26T05:08:03.445+0000] {spark_submit.py:521} INFO - Data inserted into dim_news successfully!
[2025-07-26T05:08:03.502+0000] {spark_submit.py:521} INFO - 25/07/26 05:08:03 INFO FileSourceStrategy: Pushed Filters: IsNotNull(topics)
[2025-07-26T05:08:03.502+0000] {spark_submit.py:521} INFO - 25/07/26 05:08:03 INFO FileSourceStrategy: Post-Scan Filters: (size(topics#9, true) > 0),isnotnull(topics#9)
[2025-07-26T05:08:03.521+0000] {spark_submit.py:521} INFO - 25/07/26 05:08:03 INFO BlockManagerInfo: Removed broadcast_12_piece0 on 3bc71adbf7e0:40423 in memory (size: 8.9 KiB, free: 434.3 MiB)
[2025-07-26T05:08:03.530+0000] {spark_submit.py:521} INFO - 25/07/26 05:08:03 INFO BlockManagerInfo: Removed broadcast_12_piece0 on 172.18.0.6:37041 in memory (size: 8.9 KiB, free: 434.3 MiB)
[2025-07-26T05:08:03.536+0000] {spark_submit.py:521} INFO - 25/07/26 05:08:03 INFO CodeGenerator: Code generated in 16.726354 ms
[2025-07-26T05:08:03.542+0000] {spark_submit.py:521} INFO - 25/07/26 05:08:03 INFO BlockManagerInfo: Removed broadcast_10_piece0 on 172.18.0.6:37041 in memory (size: 9.4 KiB, free: 434.3 MiB)
[2025-07-26T05:08:03.543+0000] {spark_submit.py:521} INFO - 25/07/26 05:08:03 INFO BlockManagerInfo: Removed broadcast_10_piece0 on 3bc71adbf7e0:40423 in memory (size: 9.4 KiB, free: 434.3 MiB)
[2025-07-26T05:08:03.544+0000] {spark_submit.py:521} INFO - 25/07/26 05:08:03 INFO MemoryStore: Block broadcast_13 stored as values in memory (estimated size 211.3 KiB, free 433.5 MiB)
[2025-07-26T05:08:03.550+0000] {spark_submit.py:521} INFO - 25/07/26 05:08:03 INFO MemoryStore: Block broadcast_13_piece0 stored as bytes in memory (estimated size 36.0 KiB, free 433.4 MiB)
[2025-07-26T05:08:03.551+0000] {spark_submit.py:521} INFO - 25/07/26 05:08:03 INFO BlockManagerInfo: Added broadcast_13_piece0 in memory on 3bc71adbf7e0:40423 (size: 36.0 KiB, free: 434.3 MiB)
[2025-07-26T05:08:03.552+0000] {spark_submit.py:521} INFO - 25/07/26 05:08:03 INFO SparkContext: Created broadcast 13 from toPandas at /opt/airflow/scripts/elt_to_dwh/transform/process_news.py:123
[2025-07-26T05:08:03.554+0000] {spark_submit.py:521} INFO - 25/07/26 05:08:03 INFO FileSourceScanExec: Planning scan with bin packing, max size: 4194304 bytes, open cost is considered as scanning 4194304 bytes.
[2025-07-26T05:08:03.571+0000] {spark_submit.py:521} INFO - 25/07/26 05:08:03 INFO SparkContext: Starting job: toPandas at /opt/airflow/scripts/elt_to_dwh/transform/process_news.py:123
[2025-07-26T05:08:03.572+0000] {spark_submit.py:521} INFO - 25/07/26 05:08:03 INFO DAGScheduler: Got job 8 (toPandas at /opt/airflow/scripts/elt_to_dwh/transform/process_news.py:123) with 1 output partitions
[2025-07-26T05:08:03.576+0000] {spark_submit.py:521} INFO - 25/07/26 05:08:03 INFO DAGScheduler: Final stage: ResultStage 10 (toPandas at /opt/airflow/scripts/elt_to_dwh/transform/process_news.py:123)
[2025-07-26T05:08:03.577+0000] {spark_submit.py:521} INFO - 25/07/26 05:08:03 INFO DAGScheduler: Parents of final stage: List()
[2025-07-26T05:08:03.577+0000] {spark_submit.py:521} INFO - 25/07/26 05:08:03 INFO DAGScheduler: Missing parents: List()
[2025-07-26T05:08:03.578+0000] {spark_submit.py:521} INFO - 25/07/26 05:08:03 INFO DAGScheduler: Submitting ResultStage 10 (MapPartitionsRDD[31] at toPandas at /opt/airflow/scripts/elt_to_dwh/transform/process_news.py:123), which has no missing parents
[2025-07-26T05:08:03.578+0000] {spark_submit.py:521} INFO - 25/07/26 05:08:03 INFO MemoryStore: Block broadcast_14 stored as values in memory (estimated size 19.5 KiB, free 433.4 MiB)
[2025-07-26T05:08:03.580+0000] {spark_submit.py:521} INFO - 25/07/26 05:08:03 INFO MemoryStore: Block broadcast_14_piece0 stored as bytes in memory (estimated size 7.6 KiB, free 433.4 MiB)
[2025-07-26T05:08:03.585+0000] {spark_submit.py:521} INFO - 25/07/26 05:08:03 INFO BlockManagerInfo: Added broadcast_14_piece0 in memory on 3bc71adbf7e0:40423 (size: 7.6 KiB, free: 434.3 MiB)
[2025-07-26T05:08:03.585+0000] {spark_submit.py:521} INFO - 25/07/26 05:08:03 INFO SparkContext: Created broadcast 14 from broadcast at DAGScheduler.scala:1611
[2025-07-26T05:08:03.586+0000] {spark_submit.py:521} INFO - 25/07/26 05:08:03 INFO DAGScheduler: Submitting 1 missing tasks from ResultStage 10 (MapPartitionsRDD[31] at toPandas at /opt/airflow/scripts/elt_to_dwh/transform/process_news.py:123) (first 15 tasks are for partitions Vector(0))
[2025-07-26T05:08:03.586+0000] {spark_submit.py:521} INFO - 25/07/26 05:08:03 INFO TaskSchedulerImpl: Adding task set 10.0 with 1 tasks resource profile 0
[2025-07-26T05:08:03.587+0000] {spark_submit.py:521} INFO - 25/07/26 05:08:03 INFO TaskSetManager: Starting task 0.0 in stage 10.0 (TID 8) (172.18.0.6, executor 0, partition 0, PROCESS_LOCAL, 9627 bytes)
[2025-07-26T05:08:03.602+0000] {spark_submit.py:521} INFO - 25/07/26 05:08:03 INFO BlockManagerInfo: Added broadcast_14_piece0 in memory on 172.18.0.6:37041 (size: 7.6 KiB, free: 434.3 MiB)
[2025-07-26T05:08:03.641+0000] {spark_submit.py:521} INFO - 25/07/26 05:08:03 INFO BlockManagerInfo: Removed broadcast_9_piece0 on 3bc71adbf7e0:40423 in memory (size: 36.5 KiB, free: 434.3 MiB)
[2025-07-26T05:08:03.651+0000] {spark_submit.py:521} INFO - 25/07/26 05:08:03 INFO BlockManagerInfo: Removed broadcast_9_piece0 on 172.18.0.6:37041 in memory (size: 36.5 KiB, free: 434.3 MiB)
[2025-07-26T05:08:03.659+0000] {spark_submit.py:521} INFO - 25/07/26 05:08:03 INFO BlockManagerInfo: Added broadcast_13_piece0 in memory on 172.18.0.6:37041 (size: 36.0 KiB, free: 434.3 MiB)
[2025-07-26T05:08:04.403+0000] {spark_submit.py:521} INFO - 25/07/26 05:08:04 INFO TaskSetManager: Finished task 0.0 in stage 10.0 (TID 8) in 819 ms on 172.18.0.6 (executor 0) (1/1)
[2025-07-26T05:08:04.403+0000] {spark_submit.py:521} INFO - 25/07/26 05:08:04 INFO TaskSchedulerImpl: Removed TaskSet 10.0, whose tasks have all completed, from pool
[2025-07-26T05:08:04.404+0000] {spark_submit.py:521} INFO - 25/07/26 05:08:04 INFO DAGScheduler: ResultStage 10 (toPandas at /opt/airflow/scripts/elt_to_dwh/transform/process_news.py:123) finished in 0.829 s
[2025-07-26T05:08:04.404+0000] {spark_submit.py:521} INFO - 25/07/26 05:08:04 INFO DAGScheduler: Job 8 is finished. Cancelling potential speculative or zombie tasks for this job
[2025-07-26T05:08:04.405+0000] {spark_submit.py:521} INFO - 25/07/26 05:08:04 INFO TaskSchedulerImpl: Killing all running tasks in stage 10: Stage finished
[2025-07-26T05:08:04.405+0000] {spark_submit.py:521} INFO - 25/07/26 05:08:04 INFO DAGScheduler: Job 8 finished: toPandas at /opt/airflow/scripts/elt_to_dwh/transform/process_news.py:123, took 0.833426 s
[2025-07-26T05:08:04.456+0000] {spark_submit.py:521} INFO - DataFrame for fact_news_topics:
[2025-07-26T05:08:04.456+0000] {spark_submit.py:521} INFO - shape: (3_382, 6)
[2025-07-26T05:08:04.457+0000] {spark_submit.py:521} INFO - 
[2025-07-26T05:08:04.457+0000] {spark_submit.py:521} INFO -  relevance_score  name                title              url                topic_id  new_id 
[2025-07-26T05:08:04.457+0000] {spark_submit.py:521} INFO -  ---              ---                 ---                ---                ---       ---    
[2025-07-26T05:08:04.458+0000] {spark_submit.py:521} INFO -  str              str                 str                str                i32       i32    
[2025-07-26T05:08:04.458+0000] {spark_submit.py:521} INFO - 
[2025-07-26T05:08:04.458+0000] {spark_submit.py:521} INFO -  1.0              Energy &            Greenridge         https://www.globe  8         4696   
[2025-07-26T05:08:04.459+0000] {spark_submit.py:521} INFO -                   Transportation      Exploration        newswire.com/                      
[2025-07-26T05:08:04.459+0000] {spark_submit.py:521} INFO -                                       Announc                                               
[2025-07-26T05:08:04.459+0000] {spark_submit.py:521} INFO -  0.310843         Financial Markets   Greenridge         https://www.globe  10        4696   
[2025-07-26T05:08:04.459+0000] {spark_submit.py:521} INFO -                                       Exploration        newswire.com/                      
[2025-07-26T05:08:04.460+0000] {spark_submit.py:521} INFO -                                       Announc                                               
[2025-07-26T05:08:04.460+0000] {spark_submit.py:521} INFO -  0.108179         Earnings            CareCloud to       https://www.globe  5         4697   
[2025-07-26T05:08:04.460+0000] {spark_submit.py:521} INFO -                                       Announce Second    newswire.com/                      
[2025-07-26T05:08:04.461+0000] {spark_submit.py:521} INFO -                                       Q                                                     
[2025-07-26T05:08:04.461+0000] {spark_submit.py:521} INFO -  0.310843         Earnings            Bitcoin Mining:    https://www.benzi  5         4698   
[2025-07-26T05:08:04.461+0000] {spark_submit.py:521} INFO -                                       AASMINER Launc    nga.com/press                      
[2025-07-26T05:08:04.461+0000] {spark_submit.py:521} INFO -  1.0              Technology          Nametag Brings     https://www.benzi  9         4699   
[2025-07-26T05:08:04.462+0000] {spark_submit.py:521} INFO -                                       Deepfake Defens   nga.com/press                      
[2025-07-26T05:08:04.462+0000] {spark_submit.py:521} INFO -                                                                                        
[2025-07-26T05:08:04.462+0000] {spark_submit.py:521} INFO -  0.158519         Financial Markets   Intuitive          https://www.globe  10        6040   
[2025-07-26T05:08:04.462+0000] {spark_submit.py:521} INFO -                                       demonstrates       newswire.com/                      
[2025-07-26T05:08:04.463+0000] {spark_submit.py:521} INFO -                                       telesur                                               
[2025-07-26T05:08:04.463+0000] {spark_submit.py:521} INFO -  0.316726         Financial Markets   15th Annual        https://www.benzi  10        6041   
[2025-07-26T05:08:04.463+0000] {spark_submit.py:521} INFO -                                       Virtual Diversity  nga.com/press                      
[2025-07-26T05:08:04.463+0000] {spark_submit.py:521} INFO -                                                                                             
[2025-07-26T05:08:04.464+0000] {spark_submit.py:521} INFO -  0.996718         Earnings            MasTec, Inc.  (    https://www.zacks  5         6042   
[2025-07-26T05:08:04.464+0000] {spark_submit.py:521} INFO -                                       MTZ )  Hit a 5    .com/stock/ne                      
[2025-07-26T05:08:04.464+0000] {spark_submit.py:521} INFO -  1.0              Real Estate &       MasTec, Inc.  (    https://www.zacks  6         6042   
[2025-07-26T05:08:04.464+0000] {spark_submit.py:521} INFO -                   Construction        MTZ )  Hit a 5    .com/stock/ne                      
[2025-07-26T05:08:04.465+0000] {spark_submit.py:521} INFO -  0.266143         Financial Markets   MasTec, Inc.  (    https://www.zacks  10        6042   
[2025-07-26T05:08:04.465+0000] {spark_submit.py:521} INFO -                                       MTZ )  Hit a 5    .com/stock/ne                      
[2025-07-26T05:08:04.465+0000] {spark_submit.py:521} INFO - 
[2025-07-26T05:08:04.504+0000] {spark_submit.py:521} INFO - Data inserted into fact_news_topics successfully!
[2025-07-26T05:08:04.551+0000] {spark_submit.py:521} INFO - 25/07/26 05:08:04 INFO FileSourceStrategy: Pushed Filters: IsNotNull(ticker_sentiment)
[2025-07-26T05:08:04.551+0000] {spark_submit.py:521} INFO - 25/07/26 05:08:04 INFO FileSourceStrategy: Post-Scan Filters: (size(ticker_sentiment#12, true) > 0),isnotnull(ticker_sentiment#12)
[2025-07-26T05:08:04.574+0000] {spark_submit.py:521} INFO - 25/07/26 05:08:04 INFO CodeGenerator: Code generated in 9.919888 ms
[2025-07-26T05:08:04.578+0000] {spark_submit.py:521} INFO - 25/07/26 05:08:04 INFO MemoryStore: Block broadcast_15 stored as values in memory (estimated size 211.6 KiB, free 433.4 MiB)
[2025-07-26T05:08:04.585+0000] {spark_submit.py:521} INFO - 25/07/26 05:08:04 INFO MemoryStore: Block broadcast_15_piece0 stored as bytes in memory (estimated size 36.2 KiB, free 433.4 MiB)
[2025-07-26T05:08:04.585+0000] {spark_submit.py:521} INFO - 25/07/26 05:08:04 INFO BlockManagerInfo: Added broadcast_15_piece0 in memory on 3bc71adbf7e0:40423 (size: 36.2 KiB, free: 434.3 MiB)
[2025-07-26T05:08:04.586+0000] {spark_submit.py:521} INFO - 25/07/26 05:08:04 INFO SparkContext: Created broadcast 15 from toPandas at /opt/airflow/scripts/elt_to_dwh/transform/process_news.py:169
[2025-07-26T05:08:04.587+0000] {spark_submit.py:521} INFO - 25/07/26 05:08:04 INFO FileSourceScanExec: Planning scan with bin packing, max size: 4194304 bytes, open cost is considered as scanning 4194304 bytes.
[2025-07-26T05:08:04.595+0000] {spark_submit.py:521} INFO - 25/07/26 05:08:04 INFO SparkContext: Starting job: toPandas at /opt/airflow/scripts/elt_to_dwh/transform/process_news.py:169
[2025-07-26T05:08:04.596+0000] {spark_submit.py:521} INFO - 25/07/26 05:08:04 INFO DAGScheduler: Got job 9 (toPandas at /opt/airflow/scripts/elt_to_dwh/transform/process_news.py:169) with 1 output partitions
[2025-07-26T05:08:04.597+0000] {spark_submit.py:521} INFO - 25/07/26 05:08:04 INFO DAGScheduler: Final stage: ResultStage 11 (toPandas at /opt/airflow/scripts/elt_to_dwh/transform/process_news.py:169)
[2025-07-26T05:08:04.598+0000] {spark_submit.py:521} INFO - 25/07/26 05:08:04 INFO DAGScheduler: Parents of final stage: List()
[2025-07-26T05:08:04.599+0000] {spark_submit.py:521} INFO - 25/07/26 05:08:04 INFO DAGScheduler: Missing parents: List()
[2025-07-26T05:08:04.599+0000] {spark_submit.py:521} INFO - 25/07/26 05:08:04 INFO DAGScheduler: Submitting ResultStage 11 (MapPartitionsRDD[35] at toPandas at /opt/airflow/scripts/elt_to_dwh/transform/process_news.py:169), which has no missing parents
[2025-07-26T05:08:04.600+0000] {spark_submit.py:521} INFO - 25/07/26 05:08:04 INFO MemoryStore: Block broadcast_16 stored as values in memory (estimated size 20.2 KiB, free 433.4 MiB)
[2025-07-26T05:08:04.601+0000] {spark_submit.py:521} INFO - 25/07/26 05:08:04 INFO MemoryStore: Block broadcast_16_piece0 stored as bytes in memory (estimated size 7.6 KiB, free 433.4 MiB)
[2025-07-26T05:08:04.602+0000] {spark_submit.py:521} INFO - 25/07/26 05:08:04 INFO BlockManagerInfo: Added broadcast_16_piece0 in memory on 3bc71adbf7e0:40423 (size: 7.6 KiB, free: 434.2 MiB)
[2025-07-26T05:08:04.602+0000] {spark_submit.py:521} INFO - 25/07/26 05:08:04 INFO SparkContext: Created broadcast 16 from broadcast at DAGScheduler.scala:1611
[2025-07-26T05:08:04.603+0000] {spark_submit.py:521} INFO - 25/07/26 05:08:04 INFO DAGScheduler: Submitting 1 missing tasks from ResultStage 11 (MapPartitionsRDD[35] at toPandas at /opt/airflow/scripts/elt_to_dwh/transform/process_news.py:169) (first 15 tasks are for partitions Vector(0))
[2025-07-26T05:08:04.603+0000] {spark_submit.py:521} INFO - 25/07/26 05:08:04 INFO TaskSchedulerImpl: Adding task set 11.0 with 1 tasks resource profile 0
[2025-07-26T05:08:04.605+0000] {spark_submit.py:521} INFO - 25/07/26 05:08:04 INFO TaskSetManager: Starting task 0.0 in stage 11.0 (TID 9) (172.18.0.6, executor 0, partition 0, PROCESS_LOCAL, 9627 bytes)
[2025-07-26T05:08:04.618+0000] {spark_submit.py:521} INFO - 25/07/26 05:08:04 INFO BlockManagerInfo: Added broadcast_16_piece0 in memory on 172.18.0.6:37041 (size: 7.6 KiB, free: 434.3 MiB)
[2025-07-26T05:08:04.643+0000] {spark_submit.py:521} INFO - 25/07/26 05:08:04 INFO BlockManagerInfo: Added broadcast_15_piece0 in memory on 172.18.0.6:37041 (size: 36.2 KiB, free: 434.2 MiB)
[2025-07-26T05:08:05.429+0000] {spark_submit.py:521} INFO - 25/07/26 05:08:05 INFO TaskSetManager: Finished task 0.0 in stage 11.0 (TID 9) in 825 ms on 172.18.0.6 (executor 0) (1/1)
[2025-07-26T05:08:05.431+0000] {spark_submit.py:521} INFO - 25/07/26 05:08:05 INFO DAGScheduler: ResultStage 11 (toPandas at /opt/airflow/scripts/elt_to_dwh/transform/process_news.py:169) finished in 0.832 s
[2025-07-26T05:08:05.431+0000] {spark_submit.py:521} INFO - 25/07/26 05:08:05 INFO TaskSchedulerImpl: Removed TaskSet 11.0, whose tasks have all completed, from pool
[2025-07-26T05:08:05.432+0000] {spark_submit.py:521} INFO - 25/07/26 05:08:05 INFO DAGScheduler: Job 9 is finished. Cancelling potential speculative or zombie tasks for this job
[2025-07-26T05:08:05.432+0000] {spark_submit.py:521} INFO - 25/07/26 05:08:05 INFO TaskSchedulerImpl: Killing all running tasks in stage 11: Stage finished
[2025-07-26T05:08:05.433+0000] {spark_submit.py:521} INFO - 25/07/26 05:08:05 INFO DAGScheduler: Job 9 finished: toPandas at /opt/airflow/scripts/elt_to_dwh/transform/process_news.py:169, took 0.837083 s
[2025-07-26T05:08:05.486+0000] {spark_submit.py:521} INFO - DataFrame for fact_news_companies:
[2025-07-26T05:08:05.486+0000] {spark_submit.py:521} INFO - shape: (1_779, 9)
[2025-07-26T05:08:05.487+0000] {spark_submit.py:521} INFO - 
[2025-07-26T05:08:05.487+0000] {spark_submit.py:521} INFO -  ticker  ticker_sen  ticker_sen  relevance_    url         company_id  updated_t  new_id 
[2025-07-26T05:08:05.488+0000] {spark_submit.py:521} INFO -  ---     timent_sco  timent_lab  score          ---         ---         ime        ---    
[2025-07-26T05:08:05.488+0000] {spark_submit.py:521} INFO -  str     re          el          ---            str         i32         ---        i32    
[2025-07-26T05:08:05.488+0000] {spark_submit.py:521} INFO -          ---         ---         str                                    datetime[         
[2025-07-26T05:08:05.488+0000] {spark_submit.py:521} INFO -          str         str                                                s]               
[2025-07-26T05:08:05.489+0000] {spark_submit.py:521} INFO - 
[2025-07-26T05:08:05.489+0000] {spark_submit.py:521} INFO -  NXE     0.037326    Neutral     0.03804       https://ww  16200       2025-07-2  4696   
[2025-07-26T05:08:05.489+0000] {spark_submit.py:521} INFO -                                                 w.globenew              6 04:45:1         
[2025-07-26T05:08:05.490+0000] {spark_submit.py:521} INFO -                                                 swire.com/              4.278565          
[2025-07-26T05:08:05.490+0000] {spark_submit.py:521} INFO -                                                                                          
[2025-07-26T05:08:05.490+0000] {spark_submit.py:521} INFO -  CCJ     0.049646    Neutral     0.019026      https://ww  13966       2025-07-2  4696   
[2025-07-26T05:08:05.491+0000] {spark_submit.py:521} INFO -                                                 w.globenew              6 04:45:1         
[2025-07-26T05:08:05.491+0000] {spark_submit.py:521} INFO -                                                 swire.com/              4.278565          
[2025-07-26T05:08:05.491+0000] {spark_submit.py:521} INFO -                                                                                          
[2025-07-26T05:08:05.491+0000] {spark_submit.py:521} INFO -  ENGS    0.026441    Neutral     0.019026      https://ww  18917       2025-07-2  4696   
[2025-07-26T05:08:05.492+0000] {spark_submit.py:521} INFO -                                                 w.globenew              6 04:45:1         
[2025-07-26T05:08:05.492+0000] {spark_submit.py:521} INFO -                                                 swire.com/              4.278565          
[2025-07-26T05:08:05.493+0000] {spark_submit.py:521} INFO -                                                                                          
[2025-07-26T05:08:05.493+0000] {spark_submit.py:521} INFO -  CCLD    0.52123     Bullish     0.688096      https://ww  2700        2025-07-2  4697   
[2025-07-26T05:08:05.494+0000] {spark_submit.py:521} INFO -                                                 w.globenew              6 04:45:1         
[2025-07-26T05:08:05.494+0000] {spark_submit.py:521} INFO -                                                 swire.com/              4.278565          
[2025-07-26T05:08:05.495+0000] {spark_submit.py:521} INFO -                                                                                          
[2025-07-26T05:08:05.495+0000] {spark_submit.py:521} INFO -  MSFT    0.133647    Neutral     0.191675      https://ww  13968       2025-07-2  4699   
[2025-07-26T05:08:05.495+0000] {spark_submit.py:521} INFO -                                                 w.benzinga              6 04:45:1         
[2025-07-26T05:08:05.495+0000] {spark_submit.py:521} INFO -                                                 .com/press              4.278565          
[2025-07-26T05:08:05.496+0000] {spark_submit.py:521} INFO -                                                                                          
[2025-07-26T05:08:05.496+0000] {spark_submit.py:521} INFO -                                                                                  
[2025-07-26T05:08:05.496+0000] {spark_submit.py:521} INFO -  UHS     0.157967    Somewhat-B  0.184129      https://ww  20891       2025-07-2  6038   
[2025-07-26T05:08:05.497+0000] {spark_submit.py:521} INFO -                      ullish                     w.zacks.co              6 04:45:1         
[2025-07-26T05:08:05.497+0000] {spark_submit.py:521} INFO -                                                 m/stock/ne              4.278565          
[2025-07-26T05:08:05.497+0000] {spark_submit.py:521} INFO -                                                                                          
[2025-07-26T05:08:05.497+0000] {spark_submit.py:521} INFO -  HBM     0.185849    Somewhat-B  0.214123      https://ww  3229        2025-07-2  6038   
[2025-07-26T05:08:05.498+0000] {spark_submit.py:521} INFO -                      ullish                     w.zacks.co              6 04:45:1         
[2025-07-26T05:08:05.498+0000] {spark_submit.py:521} INFO -                                                 m/stock/ne              4.278565          
[2025-07-26T05:08:05.498+0000] {spark_submit.py:521} INFO -                                                                                          
[2025-07-26T05:08:05.499+0000] {spark_submit.py:521} INFO -  STKH    0.214652    Somewhat-B  0.652292      https://ww  22090       2025-07-2  6039   
[2025-07-26T05:08:05.499+0000] {spark_submit.py:521} INFO -                      ullish                     w.globenew              6 04:45:1         
[2025-07-26T05:08:05.499+0000] {spark_submit.py:521} INFO -                                                 swire.com/              4.278565          
[2025-07-26T05:08:05.500+0000] {spark_submit.py:521} INFO -                                                                                          
[2025-07-26T05:08:05.500+0000] {spark_submit.py:521} INFO -  MTZ     0.531582    Bullish     0.778508      https://ww  19066       2025-07-2  6042   
[2025-07-26T05:08:05.501+0000] {spark_submit.py:521} INFO -                                                 w.zacks.co              6 04:45:1         
[2025-07-26T05:08:05.501+0000] {spark_submit.py:521} INFO -                                                 m/stock/ne              4.278565          
[2025-07-26T05:08:05.501+0000] {spark_submit.py:521} INFO -                                                                                          
[2025-07-26T05:08:05.502+0000] {spark_submit.py:521} INFO -  PRIM    0.480247    Bullish     0.427425      https://ww  10018       2025-07-2  6042   
[2025-07-26T05:08:05.502+0000] {spark_submit.py:521} INFO -                                                 w.zacks.co              6 04:45:1         
[2025-07-26T05:08:05.502+0000] {spark_submit.py:521} INFO -                                                 m/stock/ne              4.278565          
[2025-07-26T05:08:05.502+0000] {spark_submit.py:521} INFO -                                                                                          
[2025-07-26T05:08:05.503+0000] {spark_submit.py:521} INFO - 
[2025-07-26T05:08:05.512+0000] {spark_submit.py:521} INFO - Data inserted into fact_news_companies successfully!
[2025-07-26T05:08:05.608+0000] {spark_submit.py:521} INFO - 25/07/26 05:08:05 INFO SparkContext: SparkContext is stopping with exitCode 0.
[2025-07-26T05:08:05.618+0000] {spark_submit.py:521} INFO - 25/07/26 05:08:05 INFO SparkUI: Stopped Spark web UI at http://3bc71adbf7e0:4040
[2025-07-26T05:08:05.621+0000] {spark_submit.py:521} INFO - 25/07/26 05:08:05 INFO StandaloneSchedulerBackend: Shutting down all executors
[2025-07-26T05:08:05.622+0000] {spark_submit.py:521} INFO - 25/07/26 05:08:05 INFO StandaloneSchedulerBackend$StandaloneDriverEndpoint: Asking each executor to shut down
[2025-07-26T05:08:05.641+0000] {spark_submit.py:521} INFO - 25/07/26 05:08:05 INFO MapOutputTrackerMasterEndpoint: MapOutputTrackerMasterEndpoint stopped!
[2025-07-26T05:08:05.658+0000] {spark_submit.py:521} INFO - 25/07/26 05:08:05 INFO MemoryStore: MemoryStore cleared
[2025-07-26T05:08:05.659+0000] {spark_submit.py:521} INFO - 25/07/26 05:08:05 INFO BlockManager: BlockManager stopped
[2025-07-26T05:08:05.663+0000] {spark_submit.py:521} INFO - 25/07/26 05:08:05 INFO BlockManagerMaster: BlockManagerMaster stopped
[2025-07-26T05:08:05.668+0000] {spark_submit.py:521} INFO - 25/07/26 05:08:05 INFO OutputCommitCoordinator$OutputCommitCoordinatorEndpoint: OutputCommitCoordinator stopped!
[2025-07-26T05:08:05.680+0000] {spark_submit.py:521} INFO - 25/07/26 05:08:05 INFO SparkContext: Successfully stopped SparkContext
[2025-07-26T05:08:05.818+0000] {spark_submit.py:521} INFO - Process completed successfully.
[2025-07-26T05:08:06.073+0000] {spark_submit.py:521} INFO - 25/07/26 05:08:06 INFO ShutdownHookManager: Shutdown hook called
[2025-07-26T05:08:06.073+0000] {spark_submit.py:521} INFO - 25/07/26 05:08:06 INFO ShutdownHookManager: Deleting directory /tmp/spark-9787bf28-f55c-43b0-91eb-214d495ee4c6
[2025-07-26T05:08:06.077+0000] {spark_submit.py:521} INFO - 25/07/26 05:08:06 INFO ShutdownHookManager: Deleting directory /tmp/spark-9787bf28-f55c-43b0-91eb-214d495ee4c6/pyspark-c971adaa-b3e6-475a-ac4a-2655ee34cc3f
[2025-07-26T05:08:06.080+0000] {spark_submit.py:521} INFO - 25/07/26 05:08:06 INFO ShutdownHookManager: Deleting directory /tmp/spark-0985b777-b5b6-4e43-a417-c1b92b4f9d81
[2025-07-26T05:08:06.086+0000] {spark_submit.py:521} INFO - 25/07/26 05:08:06 INFO MetricsSystemImpl: Stopping s3a-file-system metrics system...
[2025-07-26T05:08:06.086+0000] {spark_submit.py:521} INFO - 25/07/26 05:08:06 INFO MetricsSystemImpl: s3a-file-system metrics system stopped.
[2025-07-26T05:08:06.087+0000] {spark_submit.py:521} INFO - 25/07/26 05:08:06 INFO MetricsSystemImpl: s3a-file-system metrics system shutdown complete.
[2025-07-26T05:08:06.121+0000] {taskinstance.py:341} INFO - ::group::Post task execution logs
[2025-07-26T05:08:06.122+0000] {taskinstance.py:353} INFO - Marking task as SUCCESS. dag_id=elt_to_dwh, task_id=transform_task.process_news, run_id=scheduled__2025-07-16T00:00:00+00:00, execution_date=20250716T000000, start_date=20250726T050741, end_date=20250726T050806
[2025-07-26T05:08:06.150+0000] {local_task_job_runner.py:266} INFO - Task exited with return code 0
[2025-07-26T05:08:06.157+0000] {standard_task_runner.py:217} INFO - Process not found (most likely exited), stop collecting metrics
[2025-07-26T05:08:06.159+0000] {taskinstance.py:3901} INFO - 0 downstream tasks scheduled from follow-on schedule check
[2025-07-26T05:08:06.160+0000] {local_task_job_runner.py:245} INFO - ::endgroup::
