[2025-07-25T11:16:05.062+0000] {local_task_job_runner.py:123} INFO - ::group::Pre task execution logs
[2025-07-25T11:16:05.076+0000] {taskinstance.py:2614} INFO - Dependencies all met for dep_context=non-requeueable deps ti=<TaskInstance: elt_to_dwh.extract_task.crawl_ohlcs scheduled__2025-07-18T00:00:00+00:00 [queued]>
[2025-07-25T11:16:05.086+0000] {taskinstance.py:2614} INFO - Dependencies all met for dep_context=requeueable deps ti=<TaskInstance: elt_to_dwh.extract_task.crawl_ohlcs scheduled__2025-07-18T00:00:00+00:00 [queued]>
[2025-07-25T11:16:05.086+0000] {taskinstance.py:2867} INFO - Starting attempt 1 of 1
[2025-07-25T11:16:05.101+0000] {taskinstance.py:2890} INFO - Executing <Task(PythonOperator): extract_task.crawl_ohlcs> on 2025-07-18 00:00:00+00:00
[2025-07-25T11:16:05.108+0000] {standard_task_runner.py:104} INFO - Running: ['airflow', 'tasks', 'run', 'elt_to_dwh', 'extract_task.crawl_ohlcs', 'scheduled__2025-07-18T00:00:00+00:00', '--job-id', '120', '--raw', '--subdir', 'DAGS_FOLDER/elt_to_dwh.py', '--cfg-path', '/tmp/tmp0zeiwi3p']
[2025-07-25T11:16:05.111+0000] {standard_task_runner.py:105} INFO - Job 120: Subtask extract_task.crawl_ohlcs
[2025-07-25T11:16:05.114+0000] {logging_mixin.py:190} WARNING - /home/airflow/.local/lib/python3.12/site-packages/airflow/task/task_runner/standard_task_runner.py:70 DeprecationWarning: This process (pid=3623) is multi-threaded, use of fork() may lead to deadlocks in the child.
[2025-07-25T11:16:05.115+0000] {standard_task_runner.py:72} INFO - Started process 3633 to run task
[2025-07-25T11:16:05.146+0000] {task_command.py:467} INFO - Running <TaskInstance: elt_to_dwh.extract_task.crawl_ohlcs scheduled__2025-07-18T00:00:00+00:00 [running]> on host 74cfddf97016
[2025-07-25T11:16:05.214+0000] {taskinstance.py:3134} INFO - Exporting env vars: AIRFLOW_CTX_DAG_OWNER='airflow' AIRFLOW_CTX_DAG_ID='elt_to_dwh' AIRFLOW_CTX_TASK_ID='extract_task.crawl_ohlcs' AIRFLOW_CTX_EXECUTION_DATE='2025-07-18T00:00:00+00:00' AIRFLOW_CTX_TRY_NUMBER='1' AIRFLOW_CTX_DAG_RUN_ID='scheduled__2025-07-18T00:00:00+00:00'
[2025-07-25T11:16:05.215+0000] {taskinstance.py:732} INFO - ::endgroup::
[2025-07-25T11:16:05.229+0000] {logging_mixin.py:190} INFO - url: https://api.polygon.io/v2/aggs/grouped/locale/us/market/stocks/2025-07-18?adjusted=true&include_otc=true&apiKey=2lwa_Zgcz4qzZ1X30xbf2CQBf_AldkL0
[2025-07-25T11:16:07.570+0000] {logging_mixin.py:190} INFO - The process of crawling 15297 OHLCs was successful
[2025-07-25T11:16:07.571+0000] {logging_mixin.py:190} INFO - Saving at /opt/airflow/data/raw/ohlcs/crawl_ohlcs-20250718.json
[2025-07-25T11:16:07.574+0000] {python.py:240} INFO - Done. Returned value was: None
[2025-07-25T11:16:07.579+0000] {taskinstance.py:341} INFO - ::group::Post task execution logs
[2025-07-25T11:16:07.579+0000] {taskinstance.py:353} INFO - Marking task as SUCCESS. dag_id=elt_to_dwh, task_id=extract_task.crawl_ohlcs, run_id=scheduled__2025-07-18T00:00:00+00:00, execution_date=20250718T000000, start_date=20250725T111605, end_date=20250725T111607
[2025-07-25T11:16:07.618+0000] {local_task_job_runner.py:266} INFO - Task exited with return code 0
[2025-07-25T11:16:07.635+0000] {taskinstance.py:3901} INFO - 1 downstream tasks scheduled from follow-on schedule check
[2025-07-25T11:16:07.642+0000] {local_task_job_runner.py:245} INFO - ::endgroup::
[2025-07-25T11:55:10.354+0000] {local_task_job_runner.py:123} INFO - ::group::Pre task execution logs
[2025-07-25T11:55:10.378+0000] {taskinstance.py:2614} INFO - Dependencies all met for dep_context=non-requeueable deps ti=<TaskInstance: elt_to_dwh.extract_task.crawl_ohlcs scheduled__2025-07-18T00:00:00+00:00 [queued]>
[2025-07-25T11:55:10.395+0000] {taskinstance.py:2614} INFO - Dependencies all met for dep_context=requeueable deps ti=<TaskInstance: elt_to_dwh.extract_task.crawl_ohlcs scheduled__2025-07-18T00:00:00+00:00 [queued]>
[2025-07-25T11:55:10.396+0000] {taskinstance.py:2867} INFO - Starting attempt 1 of 1
[2025-07-25T11:55:10.416+0000] {taskinstance.py:2890} INFO - Executing <Task(PythonOperator): extract_task.crawl_ohlcs> on 2025-07-18 00:00:00+00:00
[2025-07-25T11:55:10.430+0000] {standard_task_runner.py:104} INFO - Running: ['airflow', 'tasks', 'run', 'elt_to_dwh', 'extract_task.crawl_ohlcs', 'scheduled__2025-07-18T00:00:00+00:00', '--job-id', '182', '--raw', '--subdir', 'DAGS_FOLDER/elt_to_dwh.py', '--cfg-path', '/tmp/tmpwqpazq23']
[2025-07-25T11:55:10.432+0000] {standard_task_runner.py:105} INFO - Job 182: Subtask extract_task.crawl_ohlcs
[2025-07-25T11:55:10.438+0000] {logging_mixin.py:190} WARNING - /home/airflow/.local/lib/python3.12/site-packages/airflow/task/task_runner/standard_task_runner.py:70 DeprecationWarning: This process (pid=5129) is multi-threaded, use of fork() may lead to deadlocks in the child.
[2025-07-25T11:55:10.439+0000] {standard_task_runner.py:72} INFO - Started process 5139 to run task
[2025-07-25T11:55:10.491+0000] {task_command.py:467} INFO - Running <TaskInstance: elt_to_dwh.extract_task.crawl_ohlcs scheduled__2025-07-18T00:00:00+00:00 [running]> on host 74cfddf97016
[2025-07-25T11:55:10.661+0000] {taskinstance.py:3134} INFO - Exporting env vars: AIRFLOW_CTX_DAG_OWNER='airflow' AIRFLOW_CTX_DAG_ID='elt_to_dwh' AIRFLOW_CTX_TASK_ID='extract_task.crawl_ohlcs' AIRFLOW_CTX_EXECUTION_DATE='2025-07-18T00:00:00+00:00' AIRFLOW_CTX_TRY_NUMBER='1' AIRFLOW_CTX_DAG_RUN_ID='scheduled__2025-07-18T00:00:00+00:00'
[2025-07-25T11:55:10.664+0000] {taskinstance.py:732} INFO - ::endgroup::
[2025-07-25T11:55:10.707+0000] {logging_mixin.py:190} INFO - url: https://api.polygon.io/v2/aggs/grouped/locale/us/market/stocks/2025-07-18?adjusted=true&include_otc=true&apiKey=2lwa_Zgcz4qzZ1X30xbf2CQBf_AldkL0
[2025-07-25T11:55:13.099+0000] {logging_mixin.py:190} INFO - The process of crawling 15297 OHLCs was successful
[2025-07-25T11:55:13.100+0000] {logging_mixin.py:190} INFO - Saving at /opt/airflow/data/raw/ohlcs/crawl_ohlcs-20250718.json
[2025-07-25T11:55:13.107+0000] {python.py:240} INFO - Done. Returned value was: None
[2025-07-25T11:55:13.118+0000] {taskinstance.py:341} INFO - ::group::Post task execution logs
[2025-07-25T11:55:13.119+0000] {taskinstance.py:353} INFO - Marking task as SUCCESS. dag_id=elt_to_dwh, task_id=extract_task.crawl_ohlcs, run_id=scheduled__2025-07-18T00:00:00+00:00, execution_date=20250718T000000, start_date=20250725T115510, end_date=20250725T115513
[2025-07-25T11:55:13.192+0000] {local_task_job_runner.py:266} INFO - Task exited with return code 0
[2025-07-25T11:55:13.250+0000] {taskinstance.py:3901} INFO - 1 downstream tasks scheduled from follow-on schedule check
[2025-07-25T11:55:13.262+0000] {local_task_job_runner.py:245} INFO - ::endgroup::
[2025-07-26T05:08:54.059+0000] {local_task_job_runner.py:123} INFO - ::group::Pre task execution logs
[2025-07-26T05:08:54.073+0000] {taskinstance.py:2614} INFO - Dependencies all met for dep_context=non-requeueable deps ti=<TaskInstance: elt_to_dwh.extract_task.crawl_ohlcs scheduled__2025-07-18T00:00:00+00:00 [queued]>
[2025-07-26T05:08:54.080+0000] {taskinstance.py:2614} INFO - Dependencies all met for dep_context=requeueable deps ti=<TaskInstance: elt_to_dwh.extract_task.crawl_ohlcs scheduled__2025-07-18T00:00:00+00:00 [queued]>
[2025-07-26T05:08:54.080+0000] {taskinstance.py:2867} INFO - Starting attempt 1 of 1
[2025-07-26T05:08:54.094+0000] {taskinstance.py:2890} INFO - Executing <Task(PythonOperator): extract_task.crawl_ohlcs> on 2025-07-18 00:00:00+00:00
[2025-07-26T05:08:54.101+0000] {standard_task_runner.py:104} INFO - Running: ['airflow', 'tasks', 'run', 'elt_to_dwh', 'extract_task.crawl_ohlcs', 'scheduled__2025-07-18T00:00:00+00:00', '--job-id', '90', '--raw', '--subdir', 'DAGS_FOLDER/elt_to_dwh.py', '--cfg-path', '/tmp/tmpipzber7p']
[2025-07-26T05:08:54.103+0000] {standard_task_runner.py:105} INFO - Job 90: Subtask extract_task.crawl_ohlcs
[2025-07-26T05:08:54.105+0000] {logging_mixin.py:190} WARNING - /home/airflow/.local/lib/python3.12/site-packages/airflow/task/task_runner/standard_task_runner.py:70 DeprecationWarning: This process (pid=5744) is multi-threaded, use of fork() may lead to deadlocks in the child.
[2025-07-26T05:08:54.106+0000] {standard_task_runner.py:72} INFO - Started process 5754 to run task
[2025-07-26T05:08:54.133+0000] {task_command.py:467} INFO - Running <TaskInstance: elt_to_dwh.extract_task.crawl_ohlcs scheduled__2025-07-18T00:00:00+00:00 [running]> on host 3bc71adbf7e0
[2025-07-26T05:08:54.201+0000] {taskinstance.py:3134} INFO - Exporting env vars: AIRFLOW_CTX_DAG_OWNER='airflow' AIRFLOW_CTX_DAG_ID='elt_to_dwh' AIRFLOW_CTX_TASK_ID='extract_task.crawl_ohlcs' AIRFLOW_CTX_EXECUTION_DATE='2025-07-18T00:00:00+00:00' AIRFLOW_CTX_TRY_NUMBER='1' AIRFLOW_CTX_DAG_RUN_ID='scheduled__2025-07-18T00:00:00+00:00'
[2025-07-26T05:08:54.202+0000] {taskinstance.py:732} INFO - ::endgroup::
[2025-07-26T05:08:54.214+0000] {logging_mixin.py:190} INFO - url: https://api.polygon.io/v2/aggs/grouped/locale/us/market/stocks/2025-07-18?adjusted=true&include_otc=true&apiKey=2lwa_Zgcz4qzZ1X30xbf2CQBf_AldkL0
[2025-07-26T05:08:56.337+0000] {logging_mixin.py:190} INFO - The process of crawling 15297 OHLCs was successful
[2025-07-26T05:08:56.338+0000] {logging_mixin.py:190} INFO - Saving at /opt/airflow/data/raw/ohlcs/crawl_ohlcs-20250718.json
[2025-07-26T05:08:56.344+0000] {python.py:240} INFO - Done. Returned value was: None
[2025-07-26T05:08:56.350+0000] {taskinstance.py:341} INFO - ::group::Post task execution logs
[2025-07-26T05:08:56.351+0000] {taskinstance.py:353} INFO - Marking task as SUCCESS. dag_id=elt_to_dwh, task_id=extract_task.crawl_ohlcs, run_id=scheduled__2025-07-18T00:00:00+00:00, execution_date=20250718T000000, start_date=20250726T050854, end_date=20250726T050856
[2025-07-26T05:08:56.412+0000] {local_task_job_runner.py:266} INFO - Task exited with return code 0
[2025-07-26T05:08:56.437+0000] {taskinstance.py:3901} INFO - 1 downstream tasks scheduled from follow-on schedule check
[2025-07-26T05:08:56.444+0000] {local_task_job_runner.py:245} INFO - ::endgroup::
