[2025-07-25T09:53:55.336+0000] {local_task_job_runner.py:123} INFO - ::group::Pre task execution logs
[2025-07-25T09:53:55.347+0000] {taskinstance.py:2614} INFO - Dependencies all met for dep_context=non-requeueable deps ti=<TaskInstance: etl_to_db.extract_task.crawl_markets scheduled__2025-05-01T00:00:00+00:00 [queued]>
[2025-07-25T09:53:55.353+0000] {taskinstance.py:2614} INFO - Dependencies all met for dep_context=requeueable deps ti=<TaskInstance: etl_to_db.extract_task.crawl_markets scheduled__2025-05-01T00:00:00+00:00 [queued]>
[2025-07-25T09:53:55.354+0000] {taskinstance.py:2867} INFO - Starting attempt 1 of 1
[2025-07-25T09:53:55.368+0000] {taskinstance.py:2890} INFO - Executing <Task(PythonOperator): extract_task.crawl_markets> on 2025-05-01 00:00:00+00:00
[2025-07-25T09:53:55.375+0000] {standard_task_runner.py:104} INFO - Running: ['airflow', 'tasks', 'run', 'etl_to_db', 'extract_task.crawl_markets', 'scheduled__2025-05-01T00:00:00+00:00', '--job-id', '46', '--raw', '--subdir', 'DAGS_FOLDER/etl_to_db.py', '--cfg-path', '/tmp/tmpxleog_m5']
[2025-07-25T09:53:55.377+0000] {standard_task_runner.py:105} INFO - Job 46: Subtask extract_task.crawl_markets
[2025-07-25T09:53:55.379+0000] {logging_mixin.py:190} WARNING - /home/airflow/.local/lib/python3.12/site-packages/airflow/task/task_runner/standard_task_runner.py:70 DeprecationWarning: This process (pid=1779) is multi-threaded, use of fork() may lead to deadlocks in the child.
[2025-07-25T09:53:55.379+0000] {standard_task_runner.py:72} INFO - Started process 1789 to run task
[2025-07-25T09:53:55.421+0000] {task_command.py:467} INFO - Running <TaskInstance: etl_to_db.extract_task.crawl_markets scheduled__2025-05-01T00:00:00+00:00 [running]> on host 74cfddf97016
[2025-07-25T09:53:55.476+0000] {taskinstance.py:3134} INFO - Exporting env vars: AIRFLOW_CTX_DAG_OWNER='airflow' AIRFLOW_CTX_DAG_ID='etl_to_db' AIRFLOW_CTX_TASK_ID='extract_task.crawl_markets' AIRFLOW_CTX_EXECUTION_DATE='2025-05-01T00:00:00+00:00' AIRFLOW_CTX_TRY_NUMBER='1' AIRFLOW_CTX_DAG_RUN_ID='scheduled__2025-05-01T00:00:00+00:00'
[2025-07-25T09:53:55.477+0000] {taskinstance.py:732} INFO - ::endgroup::
[2025-07-25T09:53:55.918+0000] {logging_mixin.py:190} INFO - The process of crawling 16 regions and exchanges was successful.
[2025-07-25T09:53:55.918+0000] {logging_mixin.py:190} INFO - Saving at /opt/airflow/data/raw/markets/crawl_markets-20250501.json
[2025-07-25T09:53:55.919+0000] {python.py:240} INFO - Done. Returned value was: None
[2025-07-25T09:53:55.923+0000] {taskinstance.py:341} INFO - ::group::Post task execution logs
[2025-07-25T09:53:55.924+0000] {taskinstance.py:353} INFO - Marking task as SUCCESS. dag_id=etl_to_db, task_id=extract_task.crawl_markets, run_id=scheduled__2025-05-01T00:00:00+00:00, execution_date=20250501T000000, start_date=20250725T095355, end_date=20250725T095355
[2025-07-25T09:53:55.956+0000] {local_task_job_runner.py:266} INFO - Task exited with return code 0
[2025-07-25T09:53:55.975+0000] {taskinstance.py:3901} INFO - 1 downstream tasks scheduled from follow-on schedule check
[2025-07-25T09:53:55.980+0000] {local_task_job_runner.py:245} INFO - ::endgroup::
[2025-07-25T10:21:06.212+0000] {local_task_job_runner.py:123} INFO - ::group::Pre task execution logs
[2025-07-25T10:21:06.233+0000] {taskinstance.py:2614} INFO - Dependencies all met for dep_context=non-requeueable deps ti=<TaskInstance: etl_to_db.extract_task.crawl_markets scheduled__2025-05-01T00:00:00+00:00 [queued]>
[2025-07-25T10:21:06.242+0000] {taskinstance.py:2614} INFO - Dependencies all met for dep_context=requeueable deps ti=<TaskInstance: etl_to_db.extract_task.crawl_markets scheduled__2025-05-01T00:00:00+00:00 [queued]>
[2025-07-25T10:21:06.243+0000] {taskinstance.py:2867} INFO - Starting attempt 1 of 1
[2025-07-25T10:21:06.260+0000] {taskinstance.py:2890} INFO - Executing <Task(PythonOperator): extract_task.crawl_markets> on 2025-05-01 00:00:00+00:00
[2025-07-25T10:21:06.268+0000] {standard_task_runner.py:104} INFO - Running: ['airflow', 'tasks', 'run', 'etl_to_db', 'extract_task.crawl_markets', 'scheduled__2025-05-01T00:00:00+00:00', '--job-id', '61', '--raw', '--subdir', 'DAGS_FOLDER/etl_to_db.py', '--cfg-path', '/tmp/tmp5w5k7tay']
[2025-07-25T10:21:06.272+0000] {standard_task_runner.py:105} INFO - Job 61: Subtask extract_task.crawl_markets
[2025-07-25T10:21:06.276+0000] {logging_mixin.py:190} WARNING - /home/airflow/.local/lib/python3.12/site-packages/airflow/task/task_runner/standard_task_runner.py:70 DeprecationWarning: This process (pid=2180) is multi-threaded, use of fork() may lead to deadlocks in the child.
[2025-07-25T10:21:06.277+0000] {standard_task_runner.py:72} INFO - Started process 2190 to run task
[2025-07-25T10:21:06.312+0000] {task_command.py:467} INFO - Running <TaskInstance: etl_to_db.extract_task.crawl_markets scheduled__2025-05-01T00:00:00+00:00 [running]> on host 74cfddf97016
[2025-07-25T10:21:06.379+0000] {taskinstance.py:3134} INFO - Exporting env vars: AIRFLOW_CTX_DAG_OWNER='airflow' AIRFLOW_CTX_DAG_ID='etl_to_db' AIRFLOW_CTX_TASK_ID='extract_task.crawl_markets' AIRFLOW_CTX_EXECUTION_DATE='2025-05-01T00:00:00+00:00' AIRFLOW_CTX_TRY_NUMBER='1' AIRFLOW_CTX_DAG_RUN_ID='scheduled__2025-05-01T00:00:00+00:00'
[2025-07-25T10:21:06.380+0000] {taskinstance.py:732} INFO - ::endgroup::
[2025-07-25T10:21:07.234+0000] {logging_mixin.py:190} INFO - The process of crawling 16 regions and exchanges was successful.
[2025-07-25T10:21:07.235+0000] {logging_mixin.py:190} INFO - Saving at /opt/airflow/data/raw/markets/crawl_markets-20250501.json
[2025-07-25T10:21:07.235+0000] {python.py:240} INFO - Done. Returned value was: None
[2025-07-25T10:21:07.242+0000] {taskinstance.py:341} INFO - ::group::Post task execution logs
[2025-07-25T10:21:07.243+0000] {taskinstance.py:353} INFO - Marking task as SUCCESS. dag_id=etl_to_db, task_id=extract_task.crawl_markets, run_id=scheduled__2025-05-01T00:00:00+00:00, execution_date=20250501T000000, start_date=20250725T102106, end_date=20250725T102107
[2025-07-25T10:21:07.295+0000] {local_task_job_runner.py:266} INFO - Task exited with return code 0
[2025-07-25T10:21:07.336+0000] {taskinstance.py:3901} INFO - 1 downstream tasks scheduled from follow-on schedule check
[2025-07-25T10:21:07.343+0000] {local_task_job_runner.py:245} INFO - ::endgroup::
[2025-07-26T04:44:41.933+0000] {local_task_job_runner.py:123} INFO - ::group::Pre task execution logs
[2025-07-26T04:44:41.944+0000] {taskinstance.py:2614} INFO - Dependencies all met for dep_context=non-requeueable deps ti=<TaskInstance: etl_to_db.extract_task.crawl_markets scheduled__2025-05-01T00:00:00+00:00 [queued]>
[2025-07-26T04:44:41.949+0000] {taskinstance.py:2614} INFO - Dependencies all met for dep_context=requeueable deps ti=<TaskInstance: etl_to_db.extract_task.crawl_markets scheduled__2025-05-01T00:00:00+00:00 [queued]>
[2025-07-26T04:44:41.950+0000] {taskinstance.py:2867} INFO - Starting attempt 1 of 1
[2025-07-26T04:44:41.963+0000] {taskinstance.py:2890} INFO - Executing <Task(PythonOperator): extract_task.crawl_markets> on 2025-05-01 00:00:00+00:00
[2025-07-26T04:44:41.968+0000] {standard_task_runner.py:104} INFO - Running: ['airflow', 'tasks', 'run', 'etl_to_db', 'extract_task.crawl_markets', 'scheduled__2025-05-01T00:00:00+00:00', '--job-id', '9', '--raw', '--subdir', 'DAGS_FOLDER/etl_to_db.py', '--cfg-path', '/tmp/tmpvyglaag_']
[2025-07-26T04:44:41.970+0000] {standard_task_runner.py:105} INFO - Job 9: Subtask extract_task.crawl_markets
[2025-07-26T04:44:41.972+0000] {logging_mixin.py:190} WARNING - /home/airflow/.local/lib/python3.12/site-packages/airflow/task/task_runner/standard_task_runner.py:70 DeprecationWarning: This process (pid=319) is multi-threaded, use of fork() may lead to deadlocks in the child.
[2025-07-26T04:44:41.973+0000] {standard_task_runner.py:72} INFO - Started process 329 to run task
[2025-07-26T04:44:42.000+0000] {task_command.py:467} INFO - Running <TaskInstance: etl_to_db.extract_task.crawl_markets scheduled__2025-05-01T00:00:00+00:00 [running]> on host 3bc71adbf7e0
[2025-07-26T04:44:42.051+0000] {taskinstance.py:3134} INFO - Exporting env vars: AIRFLOW_CTX_DAG_OWNER='airflow' AIRFLOW_CTX_DAG_ID='etl_to_db' AIRFLOW_CTX_TASK_ID='extract_task.crawl_markets' AIRFLOW_CTX_EXECUTION_DATE='2025-05-01T00:00:00+00:00' AIRFLOW_CTX_TRY_NUMBER='1' AIRFLOW_CTX_DAG_RUN_ID='scheduled__2025-05-01T00:00:00+00:00'
[2025-07-26T04:44:42.052+0000] {taskinstance.py:732} INFO - ::endgroup::
[2025-07-26T04:44:42.911+0000] {logging_mixin.py:190} INFO - The process of crawling 16 regions and exchanges was successful.
[2025-07-26T04:44:42.911+0000] {logging_mixin.py:190} INFO - Saving at /opt/airflow/data/raw/markets/crawl_markets-20250501.json
[2025-07-26T04:44:42.912+0000] {python.py:240} INFO - Done. Returned value was: None
[2025-07-26T04:44:42.916+0000] {taskinstance.py:341} INFO - ::group::Post task execution logs
[2025-07-26T04:44:42.916+0000] {taskinstance.py:353} INFO - Marking task as SUCCESS. dag_id=etl_to_db, task_id=extract_task.crawl_markets, run_id=scheduled__2025-05-01T00:00:00+00:00, execution_date=20250501T000000, start_date=20250726T044441, end_date=20250726T044442
[2025-07-26T04:44:42.951+0000] {local_task_job_runner.py:266} INFO - Task exited with return code 0
[2025-07-26T04:44:42.965+0000] {taskinstance.py:3901} INFO - 1 downstream tasks scheduled from follow-on schedule check
[2025-07-26T04:44:42.971+0000] {local_task_job_runner.py:245} INFO - ::endgroup::
