[2025-07-26T05:03:57.897+0000] {local_task_job_runner.py:123} INFO - ::group::Pre task execution logs
[2025-07-26T05:03:57.910+0000] {taskinstance.py:2614} INFO - Dependencies all met for dep_context=non-requeueable deps ti=<TaskInstance: elt_to_dwh.extract_task.convert_news_to_parquet scheduled__2025-07-17T00:00:00+00:00 [queued]>
[2025-07-26T05:03:57.917+0000] {taskinstance.py:2614} INFO - Dependencies all met for dep_context=requeueable deps ti=<TaskInstance: elt_to_dwh.extract_task.convert_news_to_parquet scheduled__2025-07-17T00:00:00+00:00 [queued]>
[2025-07-26T05:03:57.918+0000] {taskinstance.py:2867} INFO - Starting attempt 1 of 1
[2025-07-26T05:03:57.934+0000] {taskinstance.py:2890} INFO - Executing <Task(PythonOperator): extract_task.convert_news_to_parquet> on 2025-07-17 00:00:00+00:00
[2025-07-26T05:03:57.940+0000] {standard_task_runner.py:104} INFO - Running: ['airflow', 'tasks', 'run', 'elt_to_dwh', 'extract_task.convert_news_to_parquet', 'scheduled__2025-07-17T00:00:00+00:00', '--job-id', '73', '--raw', '--subdir', 'DAGS_FOLDER/elt_to_dwh.py', '--cfg-path', '/tmp/tmpqn4i4qe1']
[2025-07-26T05:03:57.942+0000] {standard_task_runner.py:105} INFO - Job 73: Subtask extract_task.convert_news_to_parquet
[2025-07-26T05:03:57.943+0000] {logging_mixin.py:190} WARNING - /home/airflow/.local/lib/python3.12/site-packages/airflow/task/task_runner/standard_task_runner.py:70 DeprecationWarning: This process (pid=2938) is multi-threaded, use of fork() may lead to deadlocks in the child.
[2025-07-26T05:03:57.944+0000] {standard_task_runner.py:72} INFO - Started process 2948 to run task
[2025-07-26T05:03:57.972+0000] {task_command.py:467} INFO - Running <TaskInstance: elt_to_dwh.extract_task.convert_news_to_parquet scheduled__2025-07-17T00:00:00+00:00 [running]> on host 3bc71adbf7e0
[2025-07-26T05:03:58.041+0000] {taskinstance.py:3134} INFO - Exporting env vars: AIRFLOW_CTX_DAG_OWNER='airflow' AIRFLOW_CTX_DAG_ID='elt_to_dwh' AIRFLOW_CTX_TASK_ID='extract_task.convert_news_to_parquet' AIRFLOW_CTX_EXECUTION_DATE='2025-07-17T00:00:00+00:00' AIRFLOW_CTX_TRY_NUMBER='1' AIRFLOW_CTX_DAG_RUN_ID='scheduled__2025-07-17T00:00:00+00:00'
[2025-07-26T05:03:58.041+0000] {taskinstance.py:732} INFO - ::endgroup::
[2025-07-26T05:03:58.054+0000] {logging_mixin.py:190} INFO - Looking for file: /opt/airflow/data/raw/news/crawl_news-20250717.json
[2025-07-26T05:03:58.158+0000] {logging_mixin.py:190} INFO - [news] Saved Parquet file: /opt/airflow/data/parquet/news/crawl_news-20250717.parquet
[2025-07-26T05:03:58.158+0000] {python.py:240} INFO - Done. Returned value was: None
[2025-07-26T05:03:58.163+0000] {taskinstance.py:341} INFO - ::group::Post task execution logs
[2025-07-26T05:03:58.163+0000] {taskinstance.py:353} INFO - Marking task as SUCCESS. dag_id=elt_to_dwh, task_id=extract_task.convert_news_to_parquet, run_id=scheduled__2025-07-17T00:00:00+00:00, execution_date=20250717T000000, start_date=20250726T050357, end_date=20250726T050358
[2025-07-26T05:03:58.199+0000] {local_task_job_runner.py:266} INFO - Task exited with return code 0
[2025-07-26T05:03:58.212+0000] {taskinstance.py:3901} INFO - 0 downstream tasks scheduled from follow-on schedule check
[2025-07-26T05:03:58.213+0000] {local_task_job_runner.py:245} INFO - ::endgroup::
