[2025-07-25T11:16:46.103+0000] {local_task_job_runner.py:123} INFO - ::group::Pre task execution logs
[2025-07-25T11:16:46.114+0000] {taskinstance.py:2614} INFO - Dependencies all met for dep_context=non-requeueable deps ti=<TaskInstance: elt_to_dwh.create_dwh scheduled__2025-07-19T00:00:00+00:00 [queued]>
[2025-07-25T11:16:46.122+0000] {taskinstance.py:2614} INFO - Dependencies all met for dep_context=requeueable deps ti=<TaskInstance: elt_to_dwh.create_dwh scheduled__2025-07-19T00:00:00+00:00 [queued]>
[2025-07-25T11:16:46.122+0000] {taskinstance.py:2867} INFO - Starting attempt 1 of 1
[2025-07-25T11:16:46.138+0000] {taskinstance.py:2890} INFO - Executing <Task(PythonOperator): create_dwh> on 2025-07-19 00:00:00+00:00
[2025-07-25T11:16:46.146+0000] {standard_task_runner.py:104} INFO - Running: ['airflow', 'tasks', 'run', 'elt_to_dwh', 'create_dwh', 'scheduled__2025-07-19T00:00:00+00:00', '--job-id', '126', '--raw', '--subdir', 'DAGS_FOLDER/elt_to_dwh.py', '--cfg-path', '/tmp/tmpoeicz03s']
[2025-07-25T11:16:46.149+0000] {standard_task_runner.py:105} INFO - Job 126: Subtask create_dwh
[2025-07-25T11:16:46.152+0000] {logging_mixin.py:190} WARNING - /home/airflow/.local/lib/python3.12/site-packages/airflow/task/task_runner/standard_task_runner.py:70 DeprecationWarning: This process (pid=3834) is multi-threaded, use of fork() may lead to deadlocks in the child.
[2025-07-25T11:16:46.153+0000] {standard_task_runner.py:72} INFO - Started process 3844 to run task
[2025-07-25T11:16:46.195+0000] {task_command.py:467} INFO - Running <TaskInstance: elt_to_dwh.create_dwh scheduled__2025-07-19T00:00:00+00:00 [running]> on host 74cfddf97016
[2025-07-25T11:16:46.269+0000] {taskinstance.py:3134} INFO - Exporting env vars: AIRFLOW_CTX_DAG_OWNER='airflow' AIRFLOW_CTX_DAG_ID='elt_to_dwh' AIRFLOW_CTX_TASK_ID='create_dwh' AIRFLOW_CTX_EXECUTION_DATE='2025-07-19T00:00:00+00:00' AIRFLOW_CTX_TRY_NUMBER='1' AIRFLOW_CTX_DAG_RUN_ID='scheduled__2025-07-19T00:00:00+00:00'
[2025-07-25T11:16:46.270+0000] {taskinstance.py:732} INFO - ::endgroup::
[2025-07-25T11:16:46.362+0000] {logging_mixin.py:190} INFO - Executed DDL script successfully!
[2025-07-25T11:16:46.380+0000] {python.py:240} INFO - Done. Returned value was: None
[2025-07-25T11:16:46.386+0000] {taskinstance.py:341} INFO - ::group::Post task execution logs
[2025-07-25T11:16:46.387+0000] {taskinstance.py:353} INFO - Marking task as SUCCESS. dag_id=elt_to_dwh, task_id=create_dwh, run_id=scheduled__2025-07-19T00:00:00+00:00, execution_date=20250719T000000, start_date=20250725T111646, end_date=20250725T111646
[2025-07-25T11:16:46.450+0000] {local_task_job_runner.py:266} INFO - Task exited with return code 0
[2025-07-25T11:16:46.482+0000] {taskinstance.py:3901} INFO - 3 downstream tasks scheduled from follow-on schedule check
[2025-07-25T11:16:46.493+0000] {local_task_job_runner.py:245} INFO - ::endgroup::
[2025-07-25T11:55:30.436+0000] {local_task_job_runner.py:123} INFO - ::group::Pre task execution logs
[2025-07-25T11:55:30.449+0000] {taskinstance.py:2614} INFO - Dependencies all met for dep_context=non-requeueable deps ti=<TaskInstance: elt_to_dwh.create_dwh scheduled__2025-07-19T00:00:00+00:00 [queued]>
[2025-07-25T11:55:30.457+0000] {taskinstance.py:2614} INFO - Dependencies all met for dep_context=requeueable deps ti=<TaskInstance: elt_to_dwh.create_dwh scheduled__2025-07-19T00:00:00+00:00 [queued]>
[2025-07-25T11:55:30.457+0000] {taskinstance.py:2867} INFO - Starting attempt 1 of 1
[2025-07-25T11:55:30.477+0000] {taskinstance.py:2890} INFO - Executing <Task(PythonOperator): create_dwh> on 2025-07-19 00:00:00+00:00
[2025-07-25T11:55:30.487+0000] {standard_task_runner.py:104} INFO - Running: ['airflow', 'tasks', 'run', 'elt_to_dwh', 'create_dwh', 'scheduled__2025-07-19T00:00:00+00:00', '--job-id', '184', '--raw', '--subdir', 'DAGS_FOLDER/elt_to_dwh.py', '--cfg-path', '/tmp/tmps05e71m_']
[2025-07-25T11:55:30.490+0000] {standard_task_runner.py:105} INFO - Job 184: Subtask create_dwh
[2025-07-25T11:55:30.493+0000] {logging_mixin.py:190} WARNING - /home/airflow/.local/lib/python3.12/site-packages/airflow/task/task_runner/standard_task_runner.py:70 DeprecationWarning: This process (pid=5163) is multi-threaded, use of fork() may lead to deadlocks in the child.
[2025-07-25T11:55:30.494+0000] {standard_task_runner.py:72} INFO - Started process 5173 to run task
[2025-07-25T11:55:30.541+0000] {task_command.py:467} INFO - Running <TaskInstance: elt_to_dwh.create_dwh scheduled__2025-07-19T00:00:00+00:00 [running]> on host 74cfddf97016
[2025-07-25T11:55:30.645+0000] {taskinstance.py:3134} INFO - Exporting env vars: AIRFLOW_CTX_DAG_OWNER='airflow' AIRFLOW_CTX_DAG_ID='elt_to_dwh' AIRFLOW_CTX_TASK_ID='create_dwh' AIRFLOW_CTX_EXECUTION_DATE='2025-07-19T00:00:00+00:00' AIRFLOW_CTX_TRY_NUMBER='1' AIRFLOW_CTX_DAG_RUN_ID='scheduled__2025-07-19T00:00:00+00:00'
[2025-07-25T11:55:30.646+0000] {taskinstance.py:732} INFO - ::endgroup::
[2025-07-25T11:55:30.944+0000] {logging_mixin.py:190} INFO - Executed DDL script successfully!
[2025-07-25T11:55:30.983+0000] {python.py:240} INFO - Done. Returned value was: None
[2025-07-25T11:55:31.000+0000] {taskinstance.py:341} INFO - ::group::Post task execution logs
[2025-07-25T11:55:31.001+0000] {taskinstance.py:353} INFO - Marking task as SUCCESS. dag_id=elt_to_dwh, task_id=create_dwh, run_id=scheduled__2025-07-19T00:00:00+00:00, execution_date=20250719T000000, start_date=20250725T115530, end_date=20250725T115531
[2025-07-25T11:55:31.072+0000] {local_task_job_runner.py:266} INFO - Task exited with return code 0
[2025-07-25T11:55:31.104+0000] {taskinstance.py:3901} INFO - 3 downstream tasks scheduled from follow-on schedule check
[2025-07-25T11:55:31.112+0000] {local_task_job_runner.py:245} INFO - ::endgroup::
[2025-07-26T05:09:07.009+0000] {local_task_job_runner.py:123} INFO - ::group::Pre task execution logs
[2025-07-26T05:09:07.017+0000] {taskinstance.py:2614} INFO - Dependencies all met for dep_context=non-requeueable deps ti=<TaskInstance: elt_to_dwh.create_dwh scheduled__2025-07-19T00:00:00+00:00 [queued]>
[2025-07-26T05:09:07.025+0000] {taskinstance.py:2614} INFO - Dependencies all met for dep_context=requeueable deps ti=<TaskInstance: elt_to_dwh.create_dwh scheduled__2025-07-19T00:00:00+00:00 [queued]>
[2025-07-26T05:09:07.026+0000] {taskinstance.py:2867} INFO - Starting attempt 1 of 1
[2025-07-26T05:09:07.042+0000] {taskinstance.py:2890} INFO - Executing <Task(PythonOperator): create_dwh> on 2025-07-19 00:00:00+00:00
[2025-07-26T05:09:07.050+0000] {standard_task_runner.py:104} INFO - Running: ['airflow', 'tasks', 'run', 'elt_to_dwh', 'create_dwh', 'scheduled__2025-07-19T00:00:00+00:00', '--job-id', '92', '--raw', '--subdir', 'DAGS_FOLDER/elt_to_dwh.py', '--cfg-path', '/tmp/tmpc2owx16n']
[2025-07-26T05:09:07.052+0000] {standard_task_runner.py:105} INFO - Job 92: Subtask create_dwh
[2025-07-26T05:09:07.053+0000] {logging_mixin.py:190} WARNING - /home/airflow/.local/lib/python3.12/site-packages/airflow/task/task_runner/standard_task_runner.py:70 DeprecationWarning: This process (pid=5776) is multi-threaded, use of fork() may lead to deadlocks in the child.
[2025-07-26T05:09:07.055+0000] {standard_task_runner.py:72} INFO - Started process 5786 to run task
[2025-07-26T05:09:07.096+0000] {task_command.py:467} INFO - Running <TaskInstance: elt_to_dwh.create_dwh scheduled__2025-07-19T00:00:00+00:00 [running]> on host 3bc71adbf7e0
[2025-07-26T05:09:07.169+0000] {taskinstance.py:3134} INFO - Exporting env vars: AIRFLOW_CTX_DAG_OWNER='airflow' AIRFLOW_CTX_DAG_ID='elt_to_dwh' AIRFLOW_CTX_TASK_ID='create_dwh' AIRFLOW_CTX_EXECUTION_DATE='2025-07-19T00:00:00+00:00' AIRFLOW_CTX_TRY_NUMBER='1' AIRFLOW_CTX_DAG_RUN_ID='scheduled__2025-07-19T00:00:00+00:00'
[2025-07-26T05:09:07.170+0000] {taskinstance.py:732} INFO - ::endgroup::
[2025-07-26T05:09:07.225+0000] {logging_mixin.py:190} INFO - Executed DDL script successfully!
[2025-07-26T05:09:07.243+0000] {python.py:240} INFO - Done. Returned value was: None
[2025-07-26T05:09:07.248+0000] {taskinstance.py:341} INFO - ::group::Post task execution logs
[2025-07-26T05:09:07.248+0000] {taskinstance.py:353} INFO - Marking task as SUCCESS. dag_id=elt_to_dwh, task_id=create_dwh, run_id=scheduled__2025-07-19T00:00:00+00:00, execution_date=20250719T000000, start_date=20250726T050907, end_date=20250726T050907
[2025-07-26T05:09:07.271+0000] {local_task_job_runner.py:266} INFO - Task exited with return code 0
[2025-07-26T05:09:07.291+0000] {taskinstance.py:3901} INFO - 3 downstream tasks scheduled from follow-on schedule check
[2025-07-26T05:09:07.297+0000] {local_task_job_runner.py:245} INFO - ::endgroup::
