[2025-07-25T11:13:06.103+0000] {local_task_job_runner.py:123} INFO - ::group::Pre task execution logs
[2025-07-25T11:13:06.114+0000] {taskinstance.py:2614} INFO - Dependencies all met for dep_context=non-requeueable deps ti=<TaskInstance: elt_to_dwh.extract_task.crawl_news scheduled__2025-07-14T00:00:00+00:00 [queued]>
[2025-07-25T11:13:06.122+0000] {taskinstance.py:2614} INFO - Dependencies all met for dep_context=requeueable deps ti=<TaskInstance: elt_to_dwh.extract_task.crawl_news scheduled__2025-07-14T00:00:00+00:00 [queued]>
[2025-07-25T11:13:06.122+0000] {taskinstance.py:2867} INFO - Starting attempt 1 of 1
[2025-07-25T11:13:06.135+0000] {taskinstance.py:2890} INFO - Executing <Task(PythonOperator): extract_task.crawl_news> on 2025-07-14 00:00:00+00:00
[2025-07-25T11:13:06.142+0000] {standard_task_runner.py:104} INFO - Running: ['airflow', 'tasks', 'run', 'elt_to_dwh', 'extract_task.crawl_news', 'scheduled__2025-07-14T00:00:00+00:00', '--job-id', '95', '--raw', '--subdir', 'DAGS_FOLDER/elt_to_dwh.py', '--cfg-path', '/tmp/tmpcv4dckkj']
[2025-07-25T11:13:06.144+0000] {standard_task_runner.py:105} INFO - Job 95: Subtask extract_task.crawl_news
[2025-07-25T11:13:06.146+0000] {logging_mixin.py:190} WARNING - /home/airflow/.local/lib/python3.12/site-packages/airflow/task/task_runner/standard_task_runner.py:70 DeprecationWarning: This process (pid=3103) is multi-threaded, use of fork() may lead to deadlocks in the child.
[2025-07-25T11:13:06.147+0000] {standard_task_runner.py:72} INFO - Started process 3113 to run task
[2025-07-25T11:13:06.180+0000] {task_command.py:467} INFO - Running <TaskInstance: elt_to_dwh.extract_task.crawl_news scheduled__2025-07-14T00:00:00+00:00 [running]> on host 74cfddf97016
[2025-07-25T11:13:06.246+0000] {taskinstance.py:3134} INFO - Exporting env vars: AIRFLOW_CTX_DAG_OWNER='airflow' AIRFLOW_CTX_DAG_ID='elt_to_dwh' AIRFLOW_CTX_TASK_ID='extract_task.crawl_news' AIRFLOW_CTX_EXECUTION_DATE='2025-07-14T00:00:00+00:00' AIRFLOW_CTX_TRY_NUMBER='1' AIRFLOW_CTX_DAG_RUN_ID='scheduled__2025-07-14T00:00:00+00:00'
[2025-07-25T11:13:06.246+0000] {taskinstance.py:732} INFO - ::endgroup::
[2025-07-25T11:13:06.262+0000] {logging_mixin.py:190} INFO - Get news from 20250714T0000 to 20250714T2359
[2025-07-25T11:13:09.944+0000] {logging_mixin.py:190} INFO - The process of crawling 999 news was successful
[2025-07-25T11:13:09.945+0000] {logging_mixin.py:190} INFO - Saving at /opt/airflow/data/raw/news/crawl_news-20250714.json
[2025-07-25T11:13:09.949+0000] {python.py:240} INFO - Done. Returned value was: None
[2025-07-25T11:13:09.961+0000] {taskinstance.py:341} INFO - ::group::Post task execution logs
[2025-07-25T11:13:09.963+0000] {taskinstance.py:353} INFO - Marking task as SUCCESS. dag_id=elt_to_dwh, task_id=extract_task.crawl_news, run_id=scheduled__2025-07-14T00:00:00+00:00, execution_date=20250714T000000, start_date=20250725T111306, end_date=20250725T111309
[2025-07-25T11:13:10.017+0000] {local_task_job_runner.py:266} INFO - Task exited with return code 0
[2025-07-25T11:13:10.061+0000] {taskinstance.py:3901} INFO - 1 downstream tasks scheduled from follow-on schedule check
[2025-07-25T11:13:10.070+0000] {local_task_job_runner.py:245} INFO - ::endgroup::
[2025-07-25T11:52:08.319+0000] {local_task_job_runner.py:123} INFO - ::group::Pre task execution logs
[2025-07-25T11:52:08.335+0000] {taskinstance.py:2614} INFO - Dependencies all met for dep_context=non-requeueable deps ti=<TaskInstance: elt_to_dwh.extract_task.crawl_news scheduled__2025-07-14T00:00:00+00:00 [queued]>
[2025-07-25T11:52:08.344+0000] {taskinstance.py:2614} INFO - Dependencies all met for dep_context=requeueable deps ti=<TaskInstance: elt_to_dwh.extract_task.crawl_news scheduled__2025-07-14T00:00:00+00:00 [queued]>
[2025-07-25T11:52:08.345+0000] {taskinstance.py:2867} INFO - Starting attempt 1 of 1
[2025-07-25T11:52:08.359+0000] {taskinstance.py:2890} INFO - Executing <Task(PythonOperator): extract_task.crawl_news> on 2025-07-14 00:00:00+00:00
[2025-07-25T11:52:08.366+0000] {standard_task_runner.py:104} INFO - Running: ['airflow', 'tasks', 'run', 'elt_to_dwh', 'extract_task.crawl_news', 'scheduled__2025-07-14T00:00:00+00:00', '--job-id', '160', '--raw', '--subdir', 'DAGS_FOLDER/elt_to_dwh.py', '--cfg-path', '/tmp/tmpww6cci7f']
[2025-07-25T11:52:08.368+0000] {standard_task_runner.py:105} INFO - Job 160: Subtask extract_task.crawl_news
[2025-07-25T11:52:08.370+0000] {logging_mixin.py:190} WARNING - /home/airflow/.local/lib/python3.12/site-packages/airflow/task/task_runner/standard_task_runner.py:70 DeprecationWarning: This process (pid=4755) is multi-threaded, use of fork() may lead to deadlocks in the child.
[2025-07-25T11:52:08.371+0000] {standard_task_runner.py:72} INFO - Started process 4765 to run task
[2025-07-25T11:52:08.402+0000] {task_command.py:467} INFO - Running <TaskInstance: elt_to_dwh.extract_task.crawl_news scheduled__2025-07-14T00:00:00+00:00 [running]> on host 74cfddf97016
[2025-07-25T11:52:08.466+0000] {taskinstance.py:3134} INFO - Exporting env vars: AIRFLOW_CTX_DAG_OWNER='airflow' AIRFLOW_CTX_DAG_ID='elt_to_dwh' AIRFLOW_CTX_TASK_ID='extract_task.crawl_news' AIRFLOW_CTX_EXECUTION_DATE='2025-07-14T00:00:00+00:00' AIRFLOW_CTX_TRY_NUMBER='1' AIRFLOW_CTX_DAG_RUN_ID='scheduled__2025-07-14T00:00:00+00:00'
[2025-07-25T11:52:08.467+0000] {taskinstance.py:732} INFO - ::endgroup::
[2025-07-25T11:52:08.480+0000] {logging_mixin.py:190} INFO - Get news from 20250714T0000 to 20250714T2359
[2025-07-25T11:52:08.836+0000] {taskinstance.py:3313} ERROR - Task failed with exception
Traceback (most recent call last):
  File "/home/airflow/.local/lib/python3.12/site-packages/airflow/models/taskinstance.py", line 768, in _execute_task
    result = _execute_callable(context=context, **execute_callable_kwargs)
             ^^^^^^^^^^^^^^^^^^^^^^^^^^^^^^^^^^^^^^^^^^^^^^^^^^^^^^^^^^^^^
  File "/home/airflow/.local/lib/python3.12/site-packages/airflow/models/taskinstance.py", line 734, in _execute_callable
    return ExecutionCallableRunner(
           ^^^^^^^^^^^^^^^^^^^^^^^^
  File "/home/airflow/.local/lib/python3.12/site-packages/airflow/utils/operator_helpers.py", line 252, in run
    return self.func(*args, **kwargs)
           ^^^^^^^^^^^^^^^^^^^^^^^^^^
  File "/home/airflow/.local/lib/python3.12/site-packages/airflow/models/baseoperator.py", line 424, in wrapper
    return func(self, *args, **kwargs)
           ^^^^^^^^^^^^^^^^^^^^^^^^^^^
  File "/home/airflow/.local/lib/python3.12/site-packages/airflow/operators/python.py", line 238, in execute
    return_value = self.execute_callable()
                   ^^^^^^^^^^^^^^^^^^^^^^^
  File "/home/airflow/.local/lib/python3.12/site-packages/airflow/operators/python.py", line 256, in execute_callable
    return runner.run(*self.op_args, **self.op_kwargs)
           ^^^^^^^^^^^^^^^^^^^^^^^^^^^^^^^^^^^^^^^^^^^
  File "/home/airflow/.local/lib/python3.12/site-packages/airflow/utils/operator_helpers.py", line 252, in run
    return self.func(*args, **kwargs)
           ^^^^^^^^^^^^^^^^^^^^^^^^^^
  File "/opt/airflow/scripts/elt_to_dwh/extract/crawl_news.py", line 40, in crawl_news
    raise KeyError(f"'feed' key not found in response. Full response:\n{json.dumps(response, indent=4)}")
KeyError: '\'feed\' key not found in response. Full response:\n{\n    "Information": "We have detected your API key as RSKHO6B8SELFWUYG and our standard API rate limit is 25 requests per day. Please subscribe to any of the premium plans at https://www.alphavantage.co/premium/ to instantly remove all daily rate limits."\n}'
[2025-07-25T11:52:08.844+0000] {taskinstance.py:1226} INFO - Marking task as FAILED. dag_id=elt_to_dwh, task_id=extract_task.crawl_news, run_id=scheduled__2025-07-14T00:00:00+00:00, execution_date=20250714T000000, start_date=20250725T115208, end_date=20250725T115208
[2025-07-25T11:52:08.863+0000] {taskinstance.py:341} INFO - ::group::Post task execution logs
[2025-07-25T11:52:08.864+0000] {standard_task_runner.py:124} ERROR - Failed to execute job 160 for task extract_task.crawl_news ('\'feed\' key not found in response. Full response:\n{\n    "Information": "We have detected your API key as RSKHO6B8SELFWUYG and our standard API rate limit is 25 requests per day. Please subscribe to any of the premium plans at https://www.alphavantage.co/premium/ to instantly remove all daily rate limits."\n}'; 4765)
Traceback (most recent call last):
  File "/home/airflow/.local/lib/python3.12/site-packages/airflow/task/task_runner/standard_task_runner.py", line 117, in _start_by_fork
    ret = args.func(args, dag=self.dag)
          ^^^^^^^^^^^^^^^^^^^^^^^^^^^^^
  File "/home/airflow/.local/lib/python3.12/site-packages/airflow/cli/cli_config.py", line 49, in command
    return func(*args, **kwargs)
           ^^^^^^^^^^^^^^^^^^^^^
  File "/home/airflow/.local/lib/python3.12/site-packages/airflow/utils/cli.py", line 116, in wrapper
    return f(*args, **kwargs)
           ^^^^^^^^^^^^^^^^^^
  File "/home/airflow/.local/lib/python3.12/site-packages/airflow/cli/commands/task_command.py", line 483, in task_run
    task_return_code = _run_task_by_selected_method(args, _dag, ti)
                       ^^^^^^^^^^^^^^^^^^^^^^^^^^^^^^^^^^^^^^^^^^^^
  File "/home/airflow/.local/lib/python3.12/site-packages/airflow/cli/commands/task_command.py", line 256, in _run_task_by_selected_method
    return _run_raw_task(args, ti)
           ^^^^^^^^^^^^^^^^^^^^^^^
  File "/home/airflow/.local/lib/python3.12/site-packages/airflow/cli/commands/task_command.py", line 341, in _run_raw_task
    return ti._run_raw_task(
           ^^^^^^^^^^^^^^^^^
  File "/home/airflow/.local/lib/python3.12/site-packages/airflow/utils/session.py", line 97, in wrapper
    return func(*args, session=session, **kwargs)
           ^^^^^^^^^^^^^^^^^^^^^^^^^^^^^^^^^^^^^^
  File "/home/airflow/.local/lib/python3.12/site-packages/airflow/models/taskinstance.py", line 3006, in _run_raw_task
    return _run_raw_task(
           ^^^^^^^^^^^^^^
  File "/home/airflow/.local/lib/python3.12/site-packages/airflow/models/taskinstance.py", line 274, in _run_raw_task
    TaskInstance._execute_task_with_callbacks(
  File "/home/airflow/.local/lib/python3.12/site-packages/airflow/models/taskinstance.py", line 3161, in _execute_task_with_callbacks
    result = self._execute_task(context, task_orig)
             ^^^^^^^^^^^^^^^^^^^^^^^^^^^^^^^^^^^^^^
  File "/home/airflow/.local/lib/python3.12/site-packages/airflow/models/taskinstance.py", line 3185, in _execute_task
    return _execute_task(self, context, task_orig)
           ^^^^^^^^^^^^^^^^^^^^^^^^^^^^^^^^^^^^^^^
  File "/home/airflow/.local/lib/python3.12/site-packages/airflow/models/taskinstance.py", line 768, in _execute_task
    result = _execute_callable(context=context, **execute_callable_kwargs)
             ^^^^^^^^^^^^^^^^^^^^^^^^^^^^^^^^^^^^^^^^^^^^^^^^^^^^^^^^^^^^^
  File "/home/airflow/.local/lib/python3.12/site-packages/airflow/models/taskinstance.py", line 734, in _execute_callable
    return ExecutionCallableRunner(
           ^^^^^^^^^^^^^^^^^^^^^^^^
  File "/home/airflow/.local/lib/python3.12/site-packages/airflow/utils/operator_helpers.py", line 252, in run
    return self.func(*args, **kwargs)
           ^^^^^^^^^^^^^^^^^^^^^^^^^^
  File "/home/airflow/.local/lib/python3.12/site-packages/airflow/models/baseoperator.py", line 424, in wrapper
    return func(self, *args, **kwargs)
           ^^^^^^^^^^^^^^^^^^^^^^^^^^^
  File "/home/airflow/.local/lib/python3.12/site-packages/airflow/operators/python.py", line 238, in execute
    return_value = self.execute_callable()
                   ^^^^^^^^^^^^^^^^^^^^^^^
  File "/home/airflow/.local/lib/python3.12/site-packages/airflow/operators/python.py", line 256, in execute_callable
    return runner.run(*self.op_args, **self.op_kwargs)
           ^^^^^^^^^^^^^^^^^^^^^^^^^^^^^^^^^^^^^^^^^^^
  File "/home/airflow/.local/lib/python3.12/site-packages/airflow/utils/operator_helpers.py", line 252, in run
    return self.func(*args, **kwargs)
           ^^^^^^^^^^^^^^^^^^^^^^^^^^
  File "/opt/airflow/scripts/elt_to_dwh/extract/crawl_news.py", line 40, in crawl_news
    raise KeyError(f"'feed' key not found in response. Full response:\n{json.dumps(response, indent=4)}")
KeyError: '\'feed\' key not found in response. Full response:\n{\n    "Information": "We have detected your API key as RSKHO6B8SELFWUYG and our standard API rate limit is 25 requests per day. Please subscribe to any of the premium plans at https://www.alphavantage.co/premium/ to instantly remove all daily rate limits."\n}'
[2025-07-25T11:52:08.907+0000] {local_task_job_runner.py:266} INFO - Task exited with return code 1
[2025-07-25T11:52:08.922+0000] {taskinstance.py:3901} INFO - 0 downstream tasks scheduled from follow-on schedule check
[2025-07-25T11:52:08.929+0000] {local_task_job_runner.py:245} INFO - ::endgroup::
[2025-07-26T04:58:48.971+0000] {local_task_job_runner.py:123} INFO - ::group::Pre task execution logs
[2025-07-26T04:58:48.988+0000] {taskinstance.py:2614} INFO - Dependencies all met for dep_context=non-requeueable deps ti=<TaskInstance: elt_to_dwh.extract_task.crawl_news scheduled__2025-07-14T00:00:00+00:00 [queued]>
[2025-07-26T04:58:48.997+0000] {taskinstance.py:2614} INFO - Dependencies all met for dep_context=requeueable deps ti=<TaskInstance: elt_to_dwh.extract_task.crawl_news scheduled__2025-07-14T00:00:00+00:00 [queued]>
[2025-07-26T04:58:48.998+0000] {taskinstance.py:2867} INFO - Starting attempt 1 of 1
[2025-07-26T04:58:49.012+0000] {taskinstance.py:2890} INFO - Executing <Task(PythonOperator): extract_task.crawl_news> on 2025-07-14 00:00:00+00:00
[2025-07-26T04:58:49.020+0000] {standard_task_runner.py:104} INFO - Running: ['airflow', 'tasks', 'run', 'elt_to_dwh', 'extract_task.crawl_news', 'scheduled__2025-07-14T00:00:00+00:00', '--job-id', '43', '--raw', '--subdir', 'DAGS_FOLDER/elt_to_dwh.py', '--cfg-path', '/tmp/tmp_qzwqkrw']
[2025-07-26T04:58:49.022+0000] {standard_task_runner.py:105} INFO - Job 43: Subtask extract_task.crawl_news
[2025-07-26T04:58:49.025+0000] {logging_mixin.py:190} WARNING - /home/airflow/.local/lib/python3.12/site-packages/airflow/task/task_runner/standard_task_runner.py:70 DeprecationWarning: This process (pid=1096) is multi-threaded, use of fork() may lead to deadlocks in the child.
[2025-07-26T04:58:49.026+0000] {standard_task_runner.py:72} INFO - Started process 1106 to run task
[2025-07-26T04:58:49.056+0000] {task_command.py:467} INFO - Running <TaskInstance: elt_to_dwh.extract_task.crawl_news scheduled__2025-07-14T00:00:00+00:00 [running]> on host 3bc71adbf7e0
[2025-07-26T04:58:49.125+0000] {taskinstance.py:3134} INFO - Exporting env vars: AIRFLOW_CTX_DAG_OWNER='airflow' AIRFLOW_CTX_DAG_ID='elt_to_dwh' AIRFLOW_CTX_TASK_ID='extract_task.crawl_news' AIRFLOW_CTX_EXECUTION_DATE='2025-07-14T00:00:00+00:00' AIRFLOW_CTX_TRY_NUMBER='1' AIRFLOW_CTX_DAG_RUN_ID='scheduled__2025-07-14T00:00:00+00:00'
[2025-07-26T04:58:49.125+0000] {taskinstance.py:732} INFO - ::endgroup::
[2025-07-26T04:58:49.139+0000] {logging_mixin.py:190} INFO - Get news from 20250714T0000 to 20250714T2359
[2025-07-26T04:58:52.207+0000] {logging_mixin.py:190} INFO - The process of crawling 999 news was successful
[2025-07-26T04:58:52.208+0000] {logging_mixin.py:190} INFO - Saving at /opt/airflow/data/raw/news/crawl_news-20250714.json
[2025-07-26T04:58:52.210+0000] {python.py:240} INFO - Done. Returned value was: None
[2025-07-26T04:58:52.215+0000] {taskinstance.py:341} INFO - ::group::Post task execution logs
[2025-07-26T04:58:52.216+0000] {taskinstance.py:353} INFO - Marking task as SUCCESS. dag_id=elt_to_dwh, task_id=extract_task.crawl_news, run_id=scheduled__2025-07-14T00:00:00+00:00, execution_date=20250714T000000, start_date=20250726T045848, end_date=20250726T045852
[2025-07-26T04:58:52.251+0000] {local_task_job_runner.py:266} INFO - Task exited with return code 0
[2025-07-26T04:58:52.271+0000] {taskinstance.py:3901} INFO - 1 downstream tasks scheduled from follow-on schedule check
[2025-07-26T04:58:52.277+0000] {local_task_job_runner.py:245} INFO - ::endgroup::
