[2025-07-26T05:06:37.613+0000] {local_task_job_runner.py:123} INFO - ::group::Pre task execution logs
[2025-07-26T05:06:37.626+0000] {taskinstance.py:2614} INFO - Dependencies all met for dep_context=non-requeueable deps ti=<TaskInstance: elt_to_dwh.transform_task.process_news scheduled__2025-07-15T00:00:00+00:00 [queued]>
[2025-07-26T05:06:37.633+0000] {taskinstance.py:2614} INFO - Dependencies all met for dep_context=requeueable deps ti=<TaskInstance: elt_to_dwh.transform_task.process_news scheduled__2025-07-15T00:00:00+00:00 [queued]>
[2025-07-26T05:06:37.634+0000] {taskinstance.py:2867} INFO - Starting attempt 1 of 1
[2025-07-26T05:06:37.647+0000] {taskinstance.py:2890} INFO - Executing <Task(SparkSubmitOperator): transform_task.process_news> on 2025-07-15 00:00:00+00:00
[2025-07-26T05:06:37.654+0000] {standard_task_runner.py:104} INFO - Running: ['airflow', 'tasks', 'run', 'elt_to_dwh', 'transform_task.process_news', 'scheduled__2025-07-15T00:00:00+00:00', '--job-id', '84', '--raw', '--subdir', 'DAGS_FOLDER/elt_to_dwh.py', '--cfg-path', '/tmp/tmpd3fcgggg']
[2025-07-26T05:06:37.656+0000] {standard_task_runner.py:105} INFO - Job 84: Subtask transform_task.process_news
[2025-07-26T05:06:37.659+0000] {logging_mixin.py:190} WARNING - /home/airflow/.local/lib/python3.12/site-packages/airflow/task/task_runner/standard_task_runner.py:70 DeprecationWarning: This process (pid=4427) is multi-threaded, use of fork() may lead to deadlocks in the child.
[2025-07-26T05:06:37.660+0000] {standard_task_runner.py:72} INFO - Started process 4437 to run task
[2025-07-26T05:06:37.689+0000] {task_command.py:467} INFO - Running <TaskInstance: elt_to_dwh.transform_task.process_news scheduled__2025-07-15T00:00:00+00:00 [running]> on host 3bc71adbf7e0
[2025-07-26T05:06:37.759+0000] {taskinstance.py:3134} INFO - Exporting env vars: AIRFLOW_CTX_DAG_OWNER='airflow' AIRFLOW_CTX_DAG_ID='elt_to_dwh' AIRFLOW_CTX_TASK_ID='transform_task.process_news' AIRFLOW_CTX_EXECUTION_DATE='2025-07-15T00:00:00+00:00' AIRFLOW_CTX_TRY_NUMBER='1' AIRFLOW_CTX_DAG_RUN_ID='scheduled__2025-07-15T00:00:00+00:00'
[2025-07-26T05:06:37.759+0000] {taskinstance.py:732} INFO - ::endgroup::
[2025-07-26T05:06:37.775+0000] {base.py:84} INFO - Retrieving connection 'spark_conn'
[2025-07-26T05:06:37.776+0000] {spark_submit.py:351} INFO - Spark-Submit cmd: spark-submit --master spark-master:7077 --name arrow-spark /opt/airflow/scripts/elt_to_dwh/transform/process_news.py 2025-07-15
[2025-07-26T05:06:41.196+0000] {spark_submit.py:521} INFO - Execution date string: 2025-07-15
[2025-07-26T05:06:41.635+0000] {spark_submit.py:521} INFO - Reading from: s3a://stock-project-datalake/news/crawl_news-20250715.parquet
[2025-07-26T05:06:41.705+0000] {spark_submit.py:521} INFO - 25/07/26 05:06:41 INFO SparkContext: Running Spark version 3.5.6
[2025-07-26T05:06:41.707+0000] {spark_submit.py:521} INFO - 25/07/26 05:06:41 INFO SparkContext: OS info Linux, 5.15.153.1-microsoft-standard-WSL2, amd64
[2025-07-26T05:06:41.707+0000] {spark_submit.py:521} INFO - 25/07/26 05:06:41 INFO SparkContext: Java version 17.0.15
[2025-07-26T05:06:41.761+0000] {spark_submit.py:521} INFO - 25/07/26 05:06:41 WARN NativeCodeLoader: Unable to load native-hadoop library for your platform... using builtin-java classes where applicable
[2025-07-26T05:06:41.847+0000] {spark_submit.py:521} INFO - 25/07/26 05:06:41 INFO ResourceUtils: ==============================================================
[2025-07-26T05:06:41.848+0000] {spark_submit.py:521} INFO - 25/07/26 05:06:41 INFO ResourceUtils: No custom resources configured for spark.driver.
[2025-07-26T05:06:41.848+0000] {spark_submit.py:521} INFO - 25/07/26 05:06:41 INFO ResourceUtils: ==============================================================
[2025-07-26T05:06:41.849+0000] {spark_submit.py:521} INFO - 25/07/26 05:06:41 INFO SparkContext: Submitted application: process_news
[2025-07-26T05:06:41.871+0000] {spark_submit.py:521} INFO - 25/07/26 05:06:41 INFO ResourceProfile: Default ResourceProfile created, executor resources: Map(memory -> name: memory, amount: 1024, script: , vendor: , offHeap -> name: offHeap, amount: 0, script: , vendor: ), task resources: Map(cpus -> name: cpus, amount: 1.0)
[2025-07-26T05:06:41.881+0000] {spark_submit.py:521} INFO - 25/07/26 05:06:41 INFO ResourceProfile: Limiting resource is cpu
[2025-07-26T05:06:41.882+0000] {spark_submit.py:521} INFO - 25/07/26 05:06:41 INFO ResourceProfileManager: Added ResourceProfile id: 0
[2025-07-26T05:06:41.933+0000] {spark_submit.py:521} INFO - 25/07/26 05:06:41 INFO SecurityManager: Changing view acls to: airflow
[2025-07-26T05:06:41.933+0000] {spark_submit.py:521} INFO - 25/07/26 05:06:41 INFO SecurityManager: Changing modify acls to: airflow
[2025-07-26T05:06:41.934+0000] {spark_submit.py:521} INFO - 25/07/26 05:06:41 INFO SecurityManager: Changing view acls groups to:
[2025-07-26T05:06:41.935+0000] {spark_submit.py:521} INFO - 25/07/26 05:06:41 INFO SecurityManager: Changing modify acls groups to:
[2025-07-26T05:06:41.936+0000] {spark_submit.py:521} INFO - 25/07/26 05:06:41 INFO SecurityManager: SecurityManager: authentication disabled; ui acls disabled; users with view permissions: airflow; groups with view permissions: EMPTY; users with modify permissions: airflow; groups with modify permissions: EMPTY
[2025-07-26T05:06:42.220+0000] {spark_submit.py:521} INFO - 25/07/26 05:06:42 INFO Utils: Successfully started service 'sparkDriver' on port 39775.
[2025-07-26T05:06:42.244+0000] {spark_submit.py:521} INFO - 25/07/26 05:06:42 INFO SparkEnv: Registering MapOutputTracker
[2025-07-26T05:06:42.275+0000] {spark_submit.py:521} INFO - 25/07/26 05:06:42 INFO SparkEnv: Registering BlockManagerMaster
[2025-07-26T05:06:42.294+0000] {spark_submit.py:521} INFO - 25/07/26 05:06:42 INFO BlockManagerMasterEndpoint: Using org.apache.spark.storage.DefaultTopologyMapper for getting topology information
[2025-07-26T05:06:42.295+0000] {spark_submit.py:521} INFO - 25/07/26 05:06:42 INFO BlockManagerMasterEndpoint: BlockManagerMasterEndpoint up
[2025-07-26T05:06:42.299+0000] {spark_submit.py:521} INFO - 25/07/26 05:06:42 INFO SparkEnv: Registering BlockManagerMasterHeartbeat
[2025-07-26T05:06:42.319+0000] {spark_submit.py:521} INFO - 25/07/26 05:06:42 INFO DiskBlockManager: Created local directory at /tmp/blockmgr-2ed74ef1-7592-483f-b882-eb773c00e5b0
[2025-07-26T05:06:42.333+0000] {spark_submit.py:521} INFO - 25/07/26 05:06:42 INFO MemoryStore: MemoryStore started with capacity 434.4 MiB
[2025-07-26T05:06:42.350+0000] {spark_submit.py:521} INFO - 25/07/26 05:06:42 INFO SparkEnv: Registering OutputCommitCoordinator
[2025-07-26T05:06:42.470+0000] {spark_submit.py:521} INFO - 25/07/26 05:06:42 INFO JettyUtils: Start Jetty 0.0.0.0:4040 for SparkUI
[2025-07-26T05:06:42.524+0000] {spark_submit.py:521} INFO - 25/07/26 05:06:42 INFO Utils: Successfully started service 'SparkUI' on port 4040.
[2025-07-26T05:06:42.650+0000] {spark_submit.py:521} INFO - 25/07/26 05:06:42 INFO StandaloneAppClient$ClientEndpoint: Connecting to master spark://spark-master:7077...
[2025-07-26T05:06:42.703+0000] {spark_submit.py:521} INFO - 25/07/26 05:06:42 INFO TransportClientFactory: Successfully created connection to spark-master/172.18.0.5:7077 after 30 ms (0 ms spent in bootstraps)
[2025-07-26T05:06:42.834+0000] {spark_submit.py:521} INFO - 25/07/26 05:06:42 INFO StandaloneSchedulerBackend: Connected to Spark cluster with app ID app-20250726050642-0008
[2025-07-26T05:06:42.835+0000] {spark_submit.py:521} INFO - 25/07/26 05:06:42 INFO StandaloneAppClient$ClientEndpoint: Executor added: app-20250726050642-0008/0 on worker-20250726042217-172.18.0.6-40723 (172.18.0.6:40723) with 2 core(s)
[2025-07-26T05:06:42.836+0000] {spark_submit.py:521} INFO - 25/07/26 05:06:42 INFO StandaloneSchedulerBackend: Granted executor ID app-20250726050642-0008/0 on hostPort 172.18.0.6:40723 with 2 core(s), 1024.0 MiB RAM
[2025-07-26T05:06:42.850+0000] {spark_submit.py:521} INFO - 25/07/26 05:06:42 INFO Utils: Successfully started service 'org.apache.spark.network.netty.NettyBlockTransferService' on port 42247.
[2025-07-26T05:06:42.852+0000] {spark_submit.py:521} INFO - 25/07/26 05:06:42 INFO NettyBlockTransferService: Server created on 3bc71adbf7e0:42247
[2025-07-26T05:06:42.854+0000] {spark_submit.py:521} INFO - 25/07/26 05:06:42 INFO BlockManager: Using org.apache.spark.storage.RandomBlockReplicationPolicy for block replication policy
[2025-07-26T05:06:42.866+0000] {spark_submit.py:521} INFO - 25/07/26 05:06:42 INFO BlockManagerMaster: Registering BlockManager BlockManagerId(driver, 3bc71adbf7e0, 42247, None)
[2025-07-26T05:06:42.871+0000] {spark_submit.py:521} INFO - 25/07/26 05:06:42 INFO BlockManagerMasterEndpoint: Registering block manager 3bc71adbf7e0:42247 with 434.4 MiB RAM, BlockManagerId(driver, 3bc71adbf7e0, 42247, None)
[2025-07-26T05:06:42.878+0000] {spark_submit.py:521} INFO - 25/07/26 05:06:42 INFO BlockManagerMaster: Registered BlockManager BlockManagerId(driver, 3bc71adbf7e0, 42247, None)
[2025-07-26T05:06:42.879+0000] {spark_submit.py:521} INFO - 25/07/26 05:06:42 INFO StandaloneAppClient$ClientEndpoint: Executor updated: app-20250726050642-0008/0 is now RUNNING
[2025-07-26T05:06:42.879+0000] {spark_submit.py:521} INFO - 25/07/26 05:06:42 INFO BlockManager: Initialized BlockManager: BlockManagerId(driver, 3bc71adbf7e0, 42247, None)
[2025-07-26T05:06:43.195+0000] {spark_submit.py:521} INFO - 25/07/26 05:06:43 INFO StandaloneSchedulerBackend: SchedulerBackend is ready for scheduling beginning after reached minRegisteredResourcesRatio: 0.0
[2025-07-26T05:06:43.476+0000] {spark_submit.py:521} INFO - 25/07/26 05:06:43 INFO SharedState: Setting hive.metastore.warehouse.dir ('null') to the value of spark.sql.warehouse.dir.
[2025-07-26T05:06:43.490+0000] {spark_submit.py:521} INFO - 25/07/26 05:06:43 INFO SharedState: Warehouse path is 'file:/opt/airflow/spark-warehouse'.
[2025-07-26T05:06:44.677+0000] {spark_submit.py:521} INFO - 25/07/26 05:06:44 WARN MetricsConfig: Cannot locate configuration: tried hadoop-metrics2-s3a-file-system.properties,hadoop-metrics2.properties
[2025-07-26T05:06:44.698+0000] {spark_submit.py:521} INFO - 25/07/26 05:06:44 INFO MetricsSystemImpl: Scheduled Metric snapshot period at 10 second(s).
[2025-07-26T05:06:44.700+0000] {spark_submit.py:521} INFO - 25/07/26 05:06:44 INFO MetricsSystemImpl: s3a-file-system metrics system started
[2025-07-26T05:06:45.649+0000] {spark_submit.py:521} INFO - 25/07/26 05:06:45 INFO StandaloneSchedulerBackend$StandaloneDriverEndpoint: Registered executor NettyRpcEndpointRef(spark-client://Executor) (172.18.0.6:35374) with ID 0,  ResourceProfileId 0
[2025-07-26T05:06:45.730+0000] {spark_submit.py:521} INFO - 25/07/26 05:06:45 INFO BlockManagerMasterEndpoint: Registering block manager 172.18.0.6:40679 with 434.4 MiB RAM, BlockManagerId(0, 172.18.0.6, 40679, None)
[2025-07-26T05:06:46.659+0000] {spark_submit.py:521} INFO - 25/07/26 05:06:46 INFO InMemoryFileIndex: It took 166 ms to list leaf files for 1 paths.
[2025-07-26T05:06:47.059+0000] {spark_submit.py:521} INFO - 25/07/26 05:06:47 INFO SparkContext: Starting job: parquet at NativeMethodAccessorImpl.java:0
[2025-07-26T05:06:47.073+0000] {spark_submit.py:521} INFO - 25/07/26 05:06:47 INFO DAGScheduler: Got job 0 (parquet at NativeMethodAccessorImpl.java:0) with 1 output partitions
[2025-07-26T05:06:47.074+0000] {spark_submit.py:521} INFO - 25/07/26 05:06:47 INFO DAGScheduler: Final stage: ResultStage 0 (parquet at NativeMethodAccessorImpl.java:0)
[2025-07-26T05:06:47.075+0000] {spark_submit.py:521} INFO - 25/07/26 05:06:47 INFO DAGScheduler: Parents of final stage: List()
[2025-07-26T05:06:47.076+0000] {spark_submit.py:521} INFO - 25/07/26 05:06:47 INFO DAGScheduler: Missing parents: List()
[2025-07-26T05:06:47.079+0000] {spark_submit.py:521} INFO - 25/07/26 05:06:47 INFO DAGScheduler: Submitting ResultStage 0 (MapPartitionsRDD[1] at parquet at NativeMethodAccessorImpl.java:0), which has no missing parents
[2025-07-26T05:06:47.124+0000] {spark_submit.py:521} INFO - 25/07/26 05:06:47 INFO MemoryStore: Block broadcast_0 stored as values in memory (estimated size 104.6 KiB, free 434.3 MiB)
[2025-07-26T05:06:47.155+0000] {spark_submit.py:521} INFO - 25/07/26 05:06:47 INFO MemoryStore: Block broadcast_0_piece0 stored as bytes in memory (estimated size 38.1 KiB, free 434.3 MiB)
[2025-07-26T05:06:47.158+0000] {spark_submit.py:521} INFO - 25/07/26 05:06:47 INFO BlockManagerInfo: Added broadcast_0_piece0 in memory on 3bc71adbf7e0:42247 (size: 38.1 KiB, free: 434.4 MiB)
[2025-07-26T05:06:47.162+0000] {spark_submit.py:521} INFO - 25/07/26 05:06:47 INFO SparkContext: Created broadcast 0 from broadcast at DAGScheduler.scala:1611
[2025-07-26T05:06:47.179+0000] {spark_submit.py:521} INFO - 25/07/26 05:06:47 INFO DAGScheduler: Submitting 1 missing tasks from ResultStage 0 (MapPartitionsRDD[1] at parquet at NativeMethodAccessorImpl.java:0) (first 15 tasks are for partitions Vector(0))
[2025-07-26T05:06:47.180+0000] {spark_submit.py:521} INFO - 25/07/26 05:06:47 INFO TaskSchedulerImpl: Adding task set 0.0 with 1 tasks resource profile 0
[2025-07-26T05:06:47.228+0000] {spark_submit.py:521} INFO - 25/07/26 05:06:47 INFO TaskSetManager: Starting task 0.0 in stage 0.0 (TID 0) (172.18.0.6, executor 0, partition 0, PROCESS_LOCAL, 9159 bytes)
[2025-07-26T05:06:47.753+0000] {spark_submit.py:521} INFO - 25/07/26 05:06:47 INFO BlockManagerInfo: Added broadcast_0_piece0 in memory on 172.18.0.6:40679 (size: 38.1 KiB, free: 434.4 MiB)
[2025-07-26T05:06:50.228+0000] {spark_submit.py:521} INFO - 25/07/26 05:06:50 INFO TaskSetManager: Finished task 0.0 in stage 0.0 (TID 0) in 3025 ms on 172.18.0.6 (executor 0) (1/1)
[2025-07-26T05:06:50.230+0000] {spark_submit.py:521} INFO - 25/07/26 05:06:50 INFO TaskSchedulerImpl: Removed TaskSet 0.0, whose tasks have all completed, from pool
[2025-07-26T05:06:50.233+0000] {spark_submit.py:521} INFO - 25/07/26 05:06:50 INFO DAGScheduler: ResultStage 0 (parquet at NativeMethodAccessorImpl.java:0) finished in 3.143 s
[2025-07-26T05:06:50.236+0000] {spark_submit.py:521} INFO - 25/07/26 05:06:50 INFO DAGScheduler: Job 0 is finished. Cancelling potential speculative or zombie tasks for this job
[2025-07-26T05:06:50.236+0000] {spark_submit.py:521} INFO - 25/07/26 05:06:50 INFO TaskSchedulerImpl: Killing all running tasks in stage 0: Stage finished
[2025-07-26T05:06:50.238+0000] {spark_submit.py:521} INFO - 25/07/26 05:06:50 INFO DAGScheduler: Job 0 finished: parquet at NativeMethodAccessorImpl.java:0, took 3.179006 s
[2025-07-26T05:06:50.331+0000] {spark_submit.py:521} INFO - 25/07/26 05:06:50 INFO BlockManagerInfo: Removed broadcast_0_piece0 on 3bc71adbf7e0:42247 in memory (size: 38.1 KiB, free: 434.4 MiB)
[2025-07-26T05:06:50.338+0000] {spark_submit.py:521} INFO - 25/07/26 05:06:50 INFO BlockManagerInfo: Removed broadcast_0_piece0 on 172.18.0.6:40679 in memory (size: 38.1 KiB, free: 434.4 MiB)
[2025-07-26T05:06:50.852+0000] {spark_submit.py:521} INFO - DataFrame loaded from Parquet:
[2025-07-26T05:06:50.865+0000] {spark_submit.py:521} INFO - root
[2025-07-26T05:06:50.866+0000] {spark_submit.py:521} INFO - |-- title: string (nullable = true)
[2025-07-26T05:06:50.867+0000] {spark_submit.py:521} INFO - |-- url: string (nullable = true)
[2025-07-26T05:06:50.867+0000] {spark_submit.py:521} INFO - |-- time_published: string (nullable = true)
[2025-07-26T05:06:50.868+0000] {spark_submit.py:521} INFO - |-- authors: array (nullable = true)
[2025-07-26T05:06:50.868+0000] {spark_submit.py:521} INFO - |    |-- element: string (containsNull = true)
[2025-07-26T05:06:50.869+0000] {spark_submit.py:521} INFO - |-- summary: string (nullable = true)
[2025-07-26T05:06:50.869+0000] {spark_submit.py:521} INFO - |-- banner_image: string (nullable = true)
[2025-07-26T05:06:50.869+0000] {spark_submit.py:521} INFO - |-- source: string (nullable = true)
[2025-07-26T05:06:50.870+0000] {spark_submit.py:521} INFO - |-- category_within_source: string (nullable = true)
[2025-07-26T05:06:50.870+0000] {spark_submit.py:521} INFO - |-- source_domain: string (nullable = true)
[2025-07-26T05:06:50.870+0000] {spark_submit.py:521} INFO - |-- topics: array (nullable = true)
[2025-07-26T05:06:50.871+0000] {spark_submit.py:521} INFO - |    |-- element: struct (containsNull = true)
[2025-07-26T05:06:50.871+0000] {spark_submit.py:521} INFO - |    |    |-- topic: string (nullable = true)
[2025-07-26T05:06:50.872+0000] {spark_submit.py:521} INFO - |    |    |-- relevance_score: string (nullable = true)
[2025-07-26T05:06:50.872+0000] {spark_submit.py:521} INFO - |-- overall_sentiment_score: double (nullable = true)
[2025-07-26T05:06:50.872+0000] {spark_submit.py:521} INFO - |-- overall_sentiment_label: string (nullable = true)
[2025-07-26T05:06:50.873+0000] {spark_submit.py:521} INFO - |-- ticker_sentiment: array (nullable = true)
[2025-07-26T05:06:50.873+0000] {spark_submit.py:521} INFO - |    |-- element: struct (containsNull = true)
[2025-07-26T05:06:50.874+0000] {spark_submit.py:521} INFO - |    |    |-- ticker: string (nullable = true)
[2025-07-26T05:06:50.874+0000] {spark_submit.py:521} INFO - |    |    |-- relevance_score: string (nullable = true)
[2025-07-26T05:06:50.874+0000] {spark_submit.py:521} INFO - |    |    |-- ticker_sentiment_score: string (nullable = true)
[2025-07-26T05:06:50.875+0000] {spark_submit.py:521} INFO - |    |    |-- ticker_sentiment_label: string (nullable = true)
[2025-07-26T05:06:50.875+0000] {spark_submit.py:521} INFO - 
[2025-07-26T05:06:51.191+0000] {spark_submit.py:521} INFO - 25/07/26 05:06:51 INFO FileSourceStrategy: Pushed Filters:
[2025-07-26T05:06:51.192+0000] {spark_submit.py:521} INFO - 25/07/26 05:06:51 INFO FileSourceStrategy: Post-Scan Filters:
[2025-07-26T05:06:51.605+0000] {spark_submit.py:521} INFO - 25/07/26 05:06:51 INFO CodeGenerator: Code generated in 222.007446 ms
[2025-07-26T05:06:51.634+0000] {spark_submit.py:521} INFO - 25/07/26 05:06:51 INFO MemoryStore: Block broadcast_1 stored as values in memory (estimated size 213.5 KiB, free 434.2 MiB)
[2025-07-26T05:06:51.643+0000] {spark_submit.py:521} INFO - 25/07/26 05:06:51 INFO MemoryStore: Block broadcast_1_piece0 stored as bytes in memory (estimated size 36.5 KiB, free 434.2 MiB)
[2025-07-26T05:06:51.644+0000] {spark_submit.py:521} INFO - 25/07/26 05:06:51 INFO BlockManagerInfo: Added broadcast_1_piece0 in memory on 3bc71adbf7e0:42247 (size: 36.5 KiB, free: 434.4 MiB)
[2025-07-26T05:06:51.645+0000] {spark_submit.py:521} INFO - 25/07/26 05:06:51 INFO SparkContext: Created broadcast 1 from showString at NativeMethodAccessorImpl.java:0
[2025-07-26T05:06:51.657+0000] {spark_submit.py:521} INFO - 25/07/26 05:06:51 INFO FileSourceScanExec: Planning scan with bin packing, max size: 4194304 bytes, open cost is considered as scanning 4194304 bytes.
[2025-07-26T05:06:51.703+0000] {spark_submit.py:521} INFO - 25/07/26 05:06:51 INFO SparkContext: Starting job: showString at NativeMethodAccessorImpl.java:0
[2025-07-26T05:06:51.704+0000] {spark_submit.py:521} INFO - 25/07/26 05:06:51 INFO DAGScheduler: Got job 1 (showString at NativeMethodAccessorImpl.java:0) with 1 output partitions
[2025-07-26T05:06:51.704+0000] {spark_submit.py:521} INFO - 25/07/26 05:06:51 INFO DAGScheduler: Final stage: ResultStage 1 (showString at NativeMethodAccessorImpl.java:0)
[2025-07-26T05:06:51.705+0000] {spark_submit.py:521} INFO - 25/07/26 05:06:51 INFO DAGScheduler: Parents of final stage: List()
[2025-07-26T05:06:51.705+0000] {spark_submit.py:521} INFO - 25/07/26 05:06:51 INFO DAGScheduler: Missing parents: List()
[2025-07-26T05:06:51.706+0000] {spark_submit.py:521} INFO - 25/07/26 05:06:51 INFO DAGScheduler: Submitting ResultStage 1 (MapPartitionsRDD[5] at showString at NativeMethodAccessorImpl.java:0), which has no missing parents
[2025-07-26T05:06:51.729+0000] {spark_submit.py:521} INFO - 25/07/26 05:06:51 INFO MemoryStore: Block broadcast_2 stored as values in memory (estimated size 28.9 KiB, free 434.1 MiB)
[2025-07-26T05:06:51.739+0000] {spark_submit.py:521} INFO - 25/07/26 05:06:51 INFO MemoryStore: Block broadcast_2_piece0 stored as bytes in memory (estimated size 9.3 KiB, free 434.1 MiB)
[2025-07-26T05:06:51.740+0000] {spark_submit.py:521} INFO - 25/07/26 05:06:51 INFO BlockManagerInfo: Added broadcast_2_piece0 in memory on 3bc71adbf7e0:42247 (size: 9.3 KiB, free: 434.4 MiB)
[2025-07-26T05:06:51.740+0000] {spark_submit.py:521} INFO - 25/07/26 05:06:51 INFO SparkContext: Created broadcast 2 from broadcast at DAGScheduler.scala:1611
[2025-07-26T05:06:51.742+0000] {spark_submit.py:521} INFO - 25/07/26 05:06:51 INFO DAGScheduler: Submitting 1 missing tasks from ResultStage 1 (MapPartitionsRDD[5] at showString at NativeMethodAccessorImpl.java:0) (first 15 tasks are for partitions Vector(0))
[2025-07-26T05:06:51.743+0000] {spark_submit.py:521} INFO - 25/07/26 05:06:51 INFO TaskSchedulerImpl: Adding task set 1.0 with 1 tasks resource profile 0
[2025-07-26T05:06:51.748+0000] {spark_submit.py:521} INFO - 25/07/26 05:06:51 INFO TaskSetManager: Starting task 0.0 in stage 1.0 (TID 1) (172.18.0.6, executor 0, partition 0, PROCESS_LOCAL, 9627 bytes)
[2025-07-26T05:06:51.786+0000] {spark_submit.py:521} INFO - 25/07/26 05:06:51 INFO BlockManagerInfo: Added broadcast_2_piece0 in memory on 172.18.0.6:40679 (size: 9.3 KiB, free: 434.4 MiB)
[2025-07-26T05:06:52.282+0000] {spark_submit.py:521} INFO - 25/07/26 05:06:52 INFO BlockManagerInfo: Added broadcast_1_piece0 in memory on 172.18.0.6:40679 (size: 36.5 KiB, free: 434.4 MiB)
[2025-07-26T05:06:53.553+0000] {spark_submit.py:521} INFO - 25/07/26 05:06:53 INFO TaskSetManager: Finished task 0.0 in stage 1.0 (TID 1) in 1809 ms on 172.18.0.6 (executor 0) (1/1)
[2025-07-26T05:06:53.553+0000] {spark_submit.py:521} INFO - 25/07/26 05:06:53 INFO TaskSchedulerImpl: Removed TaskSet 1.0, whose tasks have all completed, from pool
[2025-07-26T05:06:53.554+0000] {spark_submit.py:521} INFO - 25/07/26 05:06:53 INFO DAGScheduler: ResultStage 1 (showString at NativeMethodAccessorImpl.java:0) finished in 1.846 s
[2025-07-26T05:06:53.556+0000] {spark_submit.py:521} INFO - 25/07/26 05:06:53 INFO DAGScheduler: Job 1 is finished. Cancelling potential speculative or zombie tasks for this job
[2025-07-26T05:06:53.558+0000] {spark_submit.py:521} INFO - 25/07/26 05:06:53 INFO TaskSchedulerImpl: Killing all running tasks in stage 1: Stage finished
[2025-07-26T05:06:53.559+0000] {spark_submit.py:521} INFO - 25/07/26 05:06:53 INFO DAGScheduler: Job 1 finished: showString at NativeMethodAccessorImpl.java:0, took 1.854269 s
[2025-07-26T05:06:55.116+0000] {spark_submit.py:521} INFO - 25/07/26 05:06:55 INFO CodeGenerator: Code generated in 34.702973 ms
[2025-07-26T05:06:55.137+0000] {spark_submit.py:521} INFO - +--------------------+--------------------+---------------+--------------------+--------------------+--------------------+-------------+----------------------+--------------------+--------------------+-----------------------+-----------------------+--------------------+
[2025-07-26T05:06:55.138+0000] {spark_submit.py:521} INFO - |               title|                 url| time_published|             authors|             summary|        banner_image|       source|category_within_source|       source_domain|              topics|overall_sentiment_score|overall_sentiment_label|    ticker_sentiment|
[2025-07-26T05:06:55.139+0000] {spark_submit.py:521} INFO - +--------------------+--------------------+---------------+--------------------+--------------------+--------------------+-------------+----------------------+--------------------+--------------------+-----------------------+-----------------------+--------------------+
[2025-07-26T05:06:55.139+0000] {spark_submit.py:521} INFO - |LifeVantage Hosts...|https://www.globe...|20250715T120000|[Lifevantage Corp...|SALT LAKE CITY, J...|https://ml.globen...|GlobeNewswire|                   n/a|www.globenewswire...|[{Life Sciences, ...|                0.49606|                Bullish|[{LFVN, 0.416516,...|
[2025-07-26T05:06:55.140+0000] {spark_submit.py:521} INFO - |Prestige Consumer...|https://www.globe...|20250715T120000|[Prestige Consume...|TARRYTOWN, N.Y., ...|https://ml.globen...|GlobeNewswire|                   n/a|www.globenewswire...|[{Earnings, 0.158...|               0.071002|                Neutral|[{PBH, 0.265378, ...|
[2025-07-26T05:06:55.141+0000] {spark_submit.py:521} INFO - |Sportradar to Rel...|https://www.globe...|20250715T120000|     [Sportradar AG]|ST. GALLEN, Switz...|https://ml.globen...|GlobeNewswire|                   n/a|www.globenewswire...|[{Earnings, 0.310...|                0.24399|       Somewhat-Bullish|[{SRAD, 0.582526,...|
[2025-07-26T05:06:55.141+0000] {spark_submit.py:521} INFO - |Modaxo Welcomes S...|https://www.benzi...|20250715T120000|    [Globe Newswire]|TORONTO, July 15,...|https://www.benzi...|     Benzinga|               General|    www.benzinga.com|[{Financial Marke...|                  0.467|                Bullish|                  []|
[2025-07-26T05:06:55.141+0000] {spark_submit.py:521} INFO - |Gift Of The Game ...|https://www.benzi...|20250715T120000|        [PRNewswire]|CALGARY, AB, July...|https://www.benzi...|     Benzinga|               General|    www.benzinga.com| [{Technology, 1.0}]|               0.413514|                Bullish|[{SY, 0.098255, 0...|
[2025-07-26T05:06:55.142+0000] {spark_submit.py:521} INFO - +--------------------+--------------------+---------------+--------------------+--------------------+--------------------+-------------+----------------------+--------------------+--------------------+-----------------------+-----------------------+--------------------+
[2025-07-26T05:06:55.142+0000] {spark_submit.py:521} INFO - only showing top 5 rows
[2025-07-26T05:06:55.143+0000] {spark_submit.py:521} INFO - 
[2025-07-26T05:06:55.249+0000] {spark_submit.py:521} INFO - Topics DataFrame:
[2025-07-26T05:06:55.385+0000] {spark_submit.py:521} INFO - 25/07/26 05:06:55 INFO BlockManagerInfo: Removed broadcast_2_piece0 on 3bc71adbf7e0:42247 in memory (size: 9.3 KiB, free: 434.4 MiB)
[2025-07-26T05:06:55.389+0000] {spark_submit.py:521} INFO - 25/07/26 05:06:55 INFO BlockManagerInfo: Removed broadcast_2_piece0 on 172.18.0.6:40679 in memory (size: 9.3 KiB, free: 434.4 MiB)
[2025-07-26T05:06:55.422+0000] {spark_submit.py:521} INFO - 25/07/26 05:06:55 INFO FileSourceStrategy: Pushed Filters:
[2025-07-26T05:06:55.422+0000] {spark_submit.py:521} INFO - 25/07/26 05:06:55 INFO FileSourceStrategy: Post-Scan Filters: (size(topics#9.topic, true) > 0),isnotnull(topics#9.topic)
[2025-07-26T05:06:55.639+0000] {spark_submit.py:521} INFO - 25/07/26 05:06:55 INFO CodeGenerator: Code generated in 85.618476 ms
[2025-07-26T05:06:55.650+0000] {spark_submit.py:521} INFO - 25/07/26 05:06:55 INFO MemoryStore: Block broadcast_3 stored as values in memory (estimated size 210.9 KiB, free 433.9 MiB)
[2025-07-26T05:06:55.675+0000] {spark_submit.py:521} INFO - 25/07/26 05:06:55 INFO MemoryStore: Block broadcast_3_piece0 stored as bytes in memory (estimated size 35.8 KiB, free 433.9 MiB)
[2025-07-26T05:06:55.676+0000] {spark_submit.py:521} INFO - 25/07/26 05:06:55 INFO BlockManagerInfo: Added broadcast_3_piece0 in memory on 3bc71adbf7e0:42247 (size: 35.8 KiB, free: 434.3 MiB)
[2025-07-26T05:06:55.678+0000] {spark_submit.py:521} INFO - 25/07/26 05:06:55 INFO SparkContext: Created broadcast 3 from showString at NativeMethodAccessorImpl.java:0
[2025-07-26T05:06:55.681+0000] {spark_submit.py:521} INFO - 25/07/26 05:06:55 INFO FileSourceScanExec: Planning scan with bin packing, max size: 4194304 bytes, open cost is considered as scanning 4194304 bytes.
[2025-07-26T05:06:55.840+0000] {spark_submit.py:521} INFO - 25/07/26 05:06:55 INFO DAGScheduler: Registering RDD 9 (showString at NativeMethodAccessorImpl.java:0) as input to shuffle 0
[2025-07-26T05:06:55.847+0000] {spark_submit.py:521} INFO - 25/07/26 05:06:55 INFO DAGScheduler: Got map stage job 2 (showString at NativeMethodAccessorImpl.java:0) with 1 output partitions
[2025-07-26T05:06:55.848+0000] {spark_submit.py:521} INFO - 25/07/26 05:06:55 INFO DAGScheduler: Final stage: ShuffleMapStage 2 (showString at NativeMethodAccessorImpl.java:0)
[2025-07-26T05:06:55.850+0000] {spark_submit.py:521} INFO - 25/07/26 05:06:55 INFO DAGScheduler: Parents of final stage: List()
[2025-07-26T05:06:55.851+0000] {spark_submit.py:521} INFO - 25/07/26 05:06:55 INFO DAGScheduler: Missing parents: List()
[2025-07-26T05:06:55.853+0000] {spark_submit.py:521} INFO - 25/07/26 05:06:55 INFO DAGScheduler: Submitting ShuffleMapStage 2 (MapPartitionsRDD[9] at showString at NativeMethodAccessorImpl.java:0), which has no missing parents
[2025-07-26T05:06:55.880+0000] {spark_submit.py:521} INFO - 25/07/26 05:06:55 INFO MemoryStore: Block broadcast_4 stored as values in memory (estimated size 45.1 KiB, free 433.9 MiB)
[2025-07-26T05:06:55.889+0000] {spark_submit.py:521} INFO - 25/07/26 05:06:55 INFO MemoryStore: Block broadcast_4_piece0 stored as bytes in memory (estimated size 19.3 KiB, free 433.9 MiB)
[2025-07-26T05:06:55.896+0000] {spark_submit.py:521} INFO - 25/07/26 05:06:55 INFO BlockManagerInfo: Added broadcast_4_piece0 in memory on 3bc71adbf7e0:42247 (size: 19.3 KiB, free: 434.3 MiB)
[2025-07-26T05:06:55.901+0000] {spark_submit.py:521} INFO - 25/07/26 05:06:55 INFO SparkContext: Created broadcast 4 from broadcast at DAGScheduler.scala:1611
[2025-07-26T05:06:55.907+0000] {spark_submit.py:521} INFO - 25/07/26 05:06:55 INFO DAGScheduler: Submitting 1 missing tasks from ShuffleMapStage 2 (MapPartitionsRDD[9] at showString at NativeMethodAccessorImpl.java:0) (first 15 tasks are for partitions Vector(0))
[2025-07-26T05:06:55.909+0000] {spark_submit.py:521} INFO - 25/07/26 05:06:55 INFO TaskSchedulerImpl: Adding task set 2.0 with 1 tasks resource profile 0
[2025-07-26T05:06:55.912+0000] {spark_submit.py:521} INFO - 25/07/26 05:06:55 INFO TaskSetManager: Starting task 0.0 in stage 2.0 (TID 2) (172.18.0.6, executor 0, partition 0, PROCESS_LOCAL, 9616 bytes)
[2025-07-26T05:06:55.971+0000] {spark_submit.py:521} INFO - 25/07/26 05:06:55 INFO BlockManagerInfo: Added broadcast_4_piece0 in memory on 172.18.0.6:40679 (size: 19.3 KiB, free: 434.3 MiB)
[2025-07-26T05:06:55.994+0000] {spark_submit.py:521} INFO - 25/07/26 05:06:55 INFO BlockManagerInfo: Removed broadcast_1_piece0 on 3bc71adbf7e0:42247 in memory (size: 36.5 KiB, free: 434.3 MiB)
[2025-07-26T05:06:55.997+0000] {spark_submit.py:521} INFO - 25/07/26 05:06:55 INFO BlockManagerInfo: Removed broadcast_1_piece0 on 172.18.0.6:40679 in memory (size: 36.5 KiB, free: 434.4 MiB)
[2025-07-26T05:06:56.474+0000] {spark_submit.py:521} INFO - 25/07/26 05:06:56 INFO BlockManagerInfo: Added broadcast_3_piece0 in memory on 172.18.0.6:40679 (size: 35.8 KiB, free: 434.3 MiB)
[2025-07-26T05:06:57.119+0000] {spark_submit.py:521} INFO - 25/07/26 05:06:57 INFO TaskSetManager: Finished task 0.0 in stage 2.0 (TID 2) in 1208 ms on 172.18.0.6 (executor 0) (1/1)
[2025-07-26T05:06:57.120+0000] {spark_submit.py:521} INFO - 25/07/26 05:06:57 INFO TaskSchedulerImpl: Removed TaskSet 2.0, whose tasks have all completed, from pool
[2025-07-26T05:06:57.122+0000] {spark_submit.py:521} INFO - 25/07/26 05:06:57 INFO DAGScheduler: ShuffleMapStage 2 (showString at NativeMethodAccessorImpl.java:0) finished in 1.262 s
[2025-07-26T05:06:57.123+0000] {spark_submit.py:521} INFO - 25/07/26 05:06:57 INFO DAGScheduler: looking for newly runnable stages
[2025-07-26T05:06:57.123+0000] {spark_submit.py:521} INFO - 25/07/26 05:06:57 INFO DAGScheduler: running: Set()
[2025-07-26T05:06:57.124+0000] {spark_submit.py:521} INFO - 25/07/26 05:06:57 INFO DAGScheduler: waiting: Set()
[2025-07-26T05:06:57.124+0000] {spark_submit.py:521} INFO - 25/07/26 05:06:57 INFO DAGScheduler: failed: Set()
[2025-07-26T05:06:57.157+0000] {spark_submit.py:521} INFO - 25/07/26 05:06:57 INFO ShufflePartitionsUtil: For shuffle(0), advisory target size: 67108864, actual target size 1048576, minimum partition size: 1048576
[2025-07-26T05:06:57.226+0000] {spark_submit.py:521} INFO - 25/07/26 05:06:57 INFO CodeGenerator: Code generated in 38.944176 ms
[2025-07-26T05:06:57.274+0000] {spark_submit.py:521} INFO - 25/07/26 05:06:57 INFO SparkContext: Starting job: showString at NativeMethodAccessorImpl.java:0
[2025-07-26T05:06:57.277+0000] {spark_submit.py:521} INFO - 25/07/26 05:06:57 INFO DAGScheduler: Got job 3 (showString at NativeMethodAccessorImpl.java:0) with 1 output partitions
[2025-07-26T05:06:57.278+0000] {spark_submit.py:521} INFO - 25/07/26 05:06:57 INFO DAGScheduler: Final stage: ResultStage 4 (showString at NativeMethodAccessorImpl.java:0)
[2025-07-26T05:06:57.279+0000] {spark_submit.py:521} INFO - 25/07/26 05:06:57 INFO DAGScheduler: Parents of final stage: List(ShuffleMapStage 3)
[2025-07-26T05:06:57.280+0000] {spark_submit.py:521} INFO - 25/07/26 05:06:57 INFO DAGScheduler: Missing parents: List()
[2025-07-26T05:06:57.280+0000] {spark_submit.py:521} INFO - 25/07/26 05:06:57 INFO DAGScheduler: Submitting ResultStage 4 (MapPartitionsRDD[12] at showString at NativeMethodAccessorImpl.java:0), which has no missing parents
[2025-07-26T05:06:57.291+0000] {spark_submit.py:521} INFO - 25/07/26 05:06:57 INFO MemoryStore: Block broadcast_5 stored as values in memory (estimated size 45.4 KiB, free 434.1 MiB)
[2025-07-26T05:06:57.301+0000] {spark_submit.py:521} INFO - 25/07/26 05:06:57 INFO BlockManagerInfo: Removed broadcast_4_piece0 on 3bc71adbf7e0:42247 in memory (size: 19.3 KiB, free: 434.4 MiB)
[2025-07-26T05:06:57.304+0000] {spark_submit.py:521} INFO - 25/07/26 05:06:57 INFO MemoryStore: Block broadcast_5_piece0 stored as bytes in memory (estimated size 20.3 KiB, free 434.1 MiB)
[2025-07-26T05:06:57.307+0000] {spark_submit.py:521} INFO - 25/07/26 05:06:57 INFO BlockManagerInfo: Removed broadcast_4_piece0 on 172.18.0.6:40679 in memory (size: 19.3 KiB, free: 434.4 MiB)
[2025-07-26T05:06:57.308+0000] {spark_submit.py:521} INFO - 25/07/26 05:06:57 INFO BlockManagerInfo: Added broadcast_5_piece0 in memory on 3bc71adbf7e0:42247 (size: 20.3 KiB, free: 434.3 MiB)
[2025-07-26T05:06:57.309+0000] {spark_submit.py:521} INFO - 25/07/26 05:06:57 INFO SparkContext: Created broadcast 5 from broadcast at DAGScheduler.scala:1611
[2025-07-26T05:06:57.310+0000] {spark_submit.py:521} INFO - 25/07/26 05:06:57 INFO DAGScheduler: Submitting 1 missing tasks from ResultStage 4 (MapPartitionsRDD[12] at showString at NativeMethodAccessorImpl.java:0) (first 15 tasks are for partitions Vector(0))
[2025-07-26T05:06:57.311+0000] {spark_submit.py:521} INFO - 25/07/26 05:06:57 INFO TaskSchedulerImpl: Adding task set 4.0 with 1 tasks resource profile 0
[2025-07-26T05:06:57.318+0000] {spark_submit.py:521} INFO - 25/07/26 05:06:57 INFO TaskSetManager: Starting task 0.0 in stage 4.0 (TID 3) (172.18.0.6, executor 0, partition 0, NODE_LOCAL, 9003 bytes)
[2025-07-26T05:06:57.354+0000] {spark_submit.py:521} INFO - 25/07/26 05:06:57 INFO BlockManagerInfo: Added broadcast_5_piece0 in memory on 172.18.0.6:40679 (size: 20.3 KiB, free: 434.3 MiB)
[2025-07-26T05:06:57.412+0000] {spark_submit.py:521} INFO - 25/07/26 05:06:57 INFO MapOutputTrackerMasterEndpoint: Asked to send map output locations for shuffle 0 to 172.18.0.6:35374
[2025-07-26T05:06:57.574+0000] {spark_submit.py:521} INFO - 25/07/26 05:06:57 INFO TaskSetManager: Finished task 0.0 in stage 4.0 (TID 3) in 258 ms on 172.18.0.6 (executor 0) (1/1)
[2025-07-26T05:06:57.575+0000] {spark_submit.py:521} INFO - 25/07/26 05:06:57 INFO TaskSchedulerImpl: Removed TaskSet 4.0, whose tasks have all completed, from pool
[2025-07-26T05:06:57.576+0000] {spark_submit.py:521} INFO - 25/07/26 05:06:57 INFO DAGScheduler: ResultStage 4 (showString at NativeMethodAccessorImpl.java:0) finished in 0.286 s
[2025-07-26T05:06:57.577+0000] {spark_submit.py:521} INFO - 25/07/26 05:06:57 INFO DAGScheduler: Job 3 is finished. Cancelling potential speculative or zombie tasks for this job
[2025-07-26T05:06:57.578+0000] {spark_submit.py:521} INFO - 25/07/26 05:06:57 INFO TaskSchedulerImpl: Killing all running tasks in stage 4: Stage finished
[2025-07-26T05:06:57.579+0000] {spark_submit.py:521} INFO - 25/07/26 05:06:57 INFO DAGScheduler: Job 3 finished: showString at NativeMethodAccessorImpl.java:0, took 0.302289 s
[2025-07-26T05:06:57.592+0000] {spark_submit.py:521} INFO - 25/07/26 05:06:57 INFO CodeGenerator: Code generated in 9.155965 ms
[2025-07-26T05:06:57.594+0000] {spark_submit.py:521} INFO - +--------------------+
[2025-07-26T05:06:57.596+0000] {spark_submit.py:521} INFO - |                name|
[2025-07-26T05:06:57.596+0000] {spark_submit.py:521} INFO - +--------------------+
[2025-07-26T05:06:57.597+0000] {spark_submit.py:521} INFO - |                 IPO|
[2025-07-26T05:06:57.597+0000] {spark_submit.py:521} INFO - |    Economy - Fiscal|
[2025-07-26T05:06:57.598+0000] {spark_submit.py:521} INFO - |     Economy - Macro|
[2025-07-26T05:06:57.598+0000] {spark_submit.py:521} INFO - |             Finance|
[2025-07-26T05:06:57.599+0000] {spark_submit.py:521} INFO - |            Earnings|
[2025-07-26T05:06:57.600+0000] {spark_submit.py:521} INFO - |Real Estate & Con...|
[2025-07-26T05:06:57.600+0000] {spark_submit.py:521} INFO - |  Retail & Wholesale|
[2025-07-26T05:06:57.601+0000] {spark_submit.py:521} INFO - |Energy & Transpor...|
[2025-07-26T05:06:57.601+0000] {spark_submit.py:521} INFO - |          Technology|
[2025-07-26T05:06:57.602+0000] {spark_submit.py:521} INFO - |   Financial Markets|
[2025-07-26T05:06:57.603+0000] {spark_submit.py:521} INFO - |  Economy - Monetary|
[2025-07-26T05:06:57.603+0000] {spark_submit.py:521} INFO - |Mergers & Acquisi...|
[2025-07-26T05:06:57.604+0000] {spark_submit.py:521} INFO - |       Manufacturing|
[2025-07-26T05:06:57.605+0000] {spark_submit.py:521} INFO - |       Life Sciences|
[2025-07-26T05:06:57.606+0000] {spark_submit.py:521} INFO - |          Blockchain|
[2025-07-26T05:06:57.607+0000] {spark_submit.py:521} INFO - +--------------------+
[2025-07-26T05:06:57.607+0000] {spark_submit.py:521} INFO - 
[2025-07-26T05:06:58.266+0000] {spark_submit.py:521} INFO - 25/07/26 05:06:58 INFO FileSourceStrategy: Pushed Filters:
[2025-07-26T05:06:58.267+0000] {spark_submit.py:521} INFO - 25/07/26 05:06:58 INFO FileSourceStrategy: Post-Scan Filters: (size(topics#9.topic, true) > 0),isnotnull(topics#9.topic)
[2025-07-26T05:06:58.298+0000] {spark_submit.py:521} INFO - 25/07/26 05:06:58 INFO MemoryStore: Block broadcast_6 stored as values in memory (estimated size 210.9 KiB, free 433.9 MiB)
[2025-07-26T05:06:58.309+0000] {spark_submit.py:521} INFO - 25/07/26 05:06:58 INFO BlockManagerInfo: Removed broadcast_5_piece0 on 3bc71adbf7e0:42247 in memory (size: 20.3 KiB, free: 434.4 MiB)
[2025-07-26T05:06:58.312+0000] {spark_submit.py:521} INFO - 25/07/26 05:06:58 INFO BlockManagerInfo: Removed broadcast_5_piece0 on 172.18.0.6:40679 in memory (size: 20.3 KiB, free: 434.4 MiB)
[2025-07-26T05:06:58.313+0000] {spark_submit.py:521} INFO - 25/07/26 05:06:58 INFO MemoryStore: Block broadcast_6_piece0 stored as bytes in memory (estimated size 35.8 KiB, free 433.9 MiB)
[2025-07-26T05:06:58.314+0000] {spark_submit.py:521} INFO - 25/07/26 05:06:58 INFO BlockManagerInfo: Added broadcast_6_piece0 in memory on 3bc71adbf7e0:42247 (size: 35.8 KiB, free: 434.3 MiB)
[2025-07-26T05:06:58.315+0000] {spark_submit.py:521} INFO - 25/07/26 05:06:58 INFO SparkContext: Created broadcast 6 from toPandas at /opt/airflow/scripts/elt_to_dwh/transform/process_news.py:63
[2025-07-26T05:06:58.317+0000] {spark_submit.py:521} INFO - 25/07/26 05:06:58 INFO FileSourceScanExec: Planning scan with bin packing, max size: 4194304 bytes, open cost is considered as scanning 4194304 bytes.
[2025-07-26T05:06:58.325+0000] {spark_submit.py:521} INFO - 25/07/26 05:06:58 INFO DAGScheduler: Registering RDD 16 (toPandas at /opt/airflow/scripts/elt_to_dwh/transform/process_news.py:63) as input to shuffle 1
[2025-07-26T05:06:58.326+0000] {spark_submit.py:521} INFO - 25/07/26 05:06:58 INFO DAGScheduler: Got map stage job 4 (toPandas at /opt/airflow/scripts/elt_to_dwh/transform/process_news.py:63) with 1 output partitions
[2025-07-26T05:06:58.326+0000] {spark_submit.py:521} INFO - 25/07/26 05:06:58 INFO DAGScheduler: Final stage: ShuffleMapStage 5 (toPandas at /opt/airflow/scripts/elt_to_dwh/transform/process_news.py:63)
[2025-07-26T05:06:58.327+0000] {spark_submit.py:521} INFO - 25/07/26 05:06:58 INFO DAGScheduler: Parents of final stage: List()
[2025-07-26T05:06:58.327+0000] {spark_submit.py:521} INFO - 25/07/26 05:06:58 INFO DAGScheduler: Missing parents: List()
[2025-07-26T05:06:58.328+0000] {spark_submit.py:521} INFO - 25/07/26 05:06:58 INFO DAGScheduler: Submitting ShuffleMapStage 5 (MapPartitionsRDD[16] at toPandas at /opt/airflow/scripts/elt_to_dwh/transform/process_news.py:63), which has no missing parents
[2025-07-26T05:06:58.330+0000] {spark_submit.py:521} INFO - 25/07/26 05:06:58 INFO MemoryStore: Block broadcast_7 stored as values in memory (estimated size 45.1 KiB, free 433.9 MiB)
[2025-07-26T05:06:58.333+0000] {spark_submit.py:521} INFO - 25/07/26 05:06:58 INFO MemoryStore: Block broadcast_7_piece0 stored as bytes in memory (estimated size 19.3 KiB, free 433.9 MiB)
[2025-07-26T05:06:58.334+0000] {spark_submit.py:521} INFO - 25/07/26 05:06:58 INFO BlockManagerInfo: Added broadcast_7_piece0 in memory on 3bc71adbf7e0:42247 (size: 19.3 KiB, free: 434.3 MiB)
[2025-07-26T05:06:58.335+0000] {spark_submit.py:521} INFO - 25/07/26 05:06:58 INFO SparkContext: Created broadcast 7 from broadcast at DAGScheduler.scala:1611
[2025-07-26T05:06:58.336+0000] {spark_submit.py:521} INFO - 25/07/26 05:06:58 INFO DAGScheduler: Submitting 1 missing tasks from ShuffleMapStage 5 (MapPartitionsRDD[16] at toPandas at /opt/airflow/scripts/elt_to_dwh/transform/process_news.py:63) (first 15 tasks are for partitions Vector(0))
[2025-07-26T05:06:58.336+0000] {spark_submit.py:521} INFO - 25/07/26 05:06:58 INFO TaskSchedulerImpl: Adding task set 5.0 with 1 tasks resource profile 0
[2025-07-26T05:06:58.338+0000] {spark_submit.py:521} INFO - 25/07/26 05:06:58 INFO TaskSetManager: Starting task 0.0 in stage 5.0 (TID 4) (172.18.0.6, executor 0, partition 0, PROCESS_LOCAL, 9616 bytes)
[2025-07-26T05:06:58.362+0000] {spark_submit.py:521} INFO - 25/07/26 05:06:58 INFO BlockManagerInfo: Added broadcast_7_piece0 in memory on 172.18.0.6:40679 (size: 19.3 KiB, free: 434.3 MiB)
[2025-07-26T05:06:58.404+0000] {spark_submit.py:521} INFO - 25/07/26 05:06:58 INFO BlockManagerInfo: Added broadcast_6_piece0 in memory on 172.18.0.6:40679 (size: 35.8 KiB, free: 434.3 MiB)
[2025-07-26T05:06:58.963+0000] {spark_submit.py:521} INFO - 25/07/26 05:06:58 INFO TaskSetManager: Finished task 0.0 in stage 5.0 (TID 4) in 626 ms on 172.18.0.6 (executor 0) (1/1)
[2025-07-26T05:06:58.964+0000] {spark_submit.py:521} INFO - 25/07/26 05:06:58 INFO TaskSchedulerImpl: Removed TaskSet 5.0, whose tasks have all completed, from pool
[2025-07-26T05:06:58.964+0000] {spark_submit.py:521} INFO - 25/07/26 05:06:58 INFO DAGScheduler: ShuffleMapStage 5 (toPandas at /opt/airflow/scripts/elt_to_dwh/transform/process_news.py:63) finished in 0.637 s
[2025-07-26T05:06:58.965+0000] {spark_submit.py:521} INFO - 25/07/26 05:06:58 INFO DAGScheduler: looking for newly runnable stages
[2025-07-26T05:06:58.966+0000] {spark_submit.py:521} INFO - 25/07/26 05:06:58 INFO DAGScheduler: running: Set()
[2025-07-26T05:06:58.966+0000] {spark_submit.py:521} INFO - 25/07/26 05:06:58 INFO DAGScheduler: waiting: Set()
[2025-07-26T05:06:58.967+0000] {spark_submit.py:521} INFO - 25/07/26 05:06:58 INFO DAGScheduler: failed: Set()
[2025-07-26T05:06:58.969+0000] {spark_submit.py:521} INFO - 25/07/26 05:06:58 INFO ShufflePartitionsUtil: For shuffle(1), advisory target size: 67108864, actual target size 1048576, minimum partition size: 1048576
[2025-07-26T05:06:59.008+0000] {spark_submit.py:521} INFO - 25/07/26 05:06:59 INFO CodeGenerator: Code generated in 27.80231 ms
[2025-07-26T05:06:59.021+0000] {spark_submit.py:521} INFO - 25/07/26 05:06:59 INFO SparkContext: Starting job: toPandas at /opt/airflow/scripts/elt_to_dwh/transform/process_news.py:63
[2025-07-26T05:06:59.023+0000] {spark_submit.py:521} INFO - 25/07/26 05:06:59 INFO DAGScheduler: Got job 5 (toPandas at /opt/airflow/scripts/elt_to_dwh/transform/process_news.py:63) with 1 output partitions
[2025-07-26T05:06:59.023+0000] {spark_submit.py:521} INFO - 25/07/26 05:06:59 INFO DAGScheduler: Final stage: ResultStage 7 (toPandas at /opt/airflow/scripts/elt_to_dwh/transform/process_news.py:63)
[2025-07-26T05:06:59.024+0000] {spark_submit.py:521} INFO - 25/07/26 05:06:59 INFO DAGScheduler: Parents of final stage: List(ShuffleMapStage 6)
[2025-07-26T05:06:59.024+0000] {spark_submit.py:521} INFO - 25/07/26 05:06:59 INFO DAGScheduler: Missing parents: List()
[2025-07-26T05:06:59.025+0000] {spark_submit.py:521} INFO - 25/07/26 05:06:59 INFO DAGScheduler: Submitting ResultStage 7 (MapPartitionsRDD[19] at toPandas at /opt/airflow/scripts/elt_to_dwh/transform/process_news.py:63), which has no missing parents
[2025-07-26T05:06:59.029+0000] {spark_submit.py:521} INFO - 25/07/26 05:06:59 INFO MemoryStore: Block broadcast_8 stored as values in memory (estimated size 44.9 KiB, free 433.8 MiB)
[2025-07-26T05:06:59.035+0000] {spark_submit.py:521} INFO - 25/07/26 05:06:59 INFO MemoryStore: Block broadcast_8_piece0 stored as bytes in memory (estimated size 20.1 KiB, free 433.8 MiB)
[2025-07-26T05:06:59.039+0000] {spark_submit.py:521} INFO - 25/07/26 05:06:59 INFO BlockManagerInfo: Added broadcast_8_piece0 in memory on 3bc71adbf7e0:42247 (size: 20.1 KiB, free: 434.3 MiB)
[2025-07-26T05:06:59.040+0000] {spark_submit.py:521} INFO - 25/07/26 05:06:59 INFO BlockManagerInfo: Removed broadcast_7_piece0 on 3bc71adbf7e0:42247 in memory (size: 19.3 KiB, free: 434.3 MiB)
[2025-07-26T05:06:59.041+0000] {spark_submit.py:521} INFO - 25/07/26 05:06:59 INFO SparkContext: Created broadcast 8 from broadcast at DAGScheduler.scala:1611
[2025-07-26T05:06:59.044+0000] {spark_submit.py:521} INFO - 25/07/26 05:06:59 INFO BlockManagerInfo: Removed broadcast_7_piece0 on 172.18.0.6:40679 in memory (size: 19.3 KiB, free: 434.3 MiB)
[2025-07-26T05:06:59.045+0000] {spark_submit.py:521} INFO - 25/07/26 05:06:59 INFO DAGScheduler: Submitting 1 missing tasks from ResultStage 7 (MapPartitionsRDD[19] at toPandas at /opt/airflow/scripts/elt_to_dwh/transform/process_news.py:63) (first 15 tasks are for partitions Vector(0))
[2025-07-26T05:06:59.046+0000] {spark_submit.py:521} INFO - 25/07/26 05:06:59 INFO TaskSchedulerImpl: Adding task set 7.0 with 1 tasks resource profile 0
[2025-07-26T05:06:59.047+0000] {spark_submit.py:521} INFO - 25/07/26 05:06:59 INFO TaskSetManager: Starting task 0.0 in stage 7.0 (TID 5) (172.18.0.6, executor 0, partition 0, NODE_LOCAL, 9003 bytes)
[2025-07-26T05:06:59.075+0000] {spark_submit.py:521} INFO - 25/07/26 05:06:59 INFO BlockManagerInfo: Added broadcast_8_piece0 in memory on 172.18.0.6:40679 (size: 20.1 KiB, free: 434.3 MiB)
[2025-07-26T05:06:59.088+0000] {spark_submit.py:521} INFO - 25/07/26 05:06:59 INFO MapOutputTrackerMasterEndpoint: Asked to send map output locations for shuffle 1 to 172.18.0.6:35374
[2025-07-26T05:06:59.169+0000] {spark_submit.py:521} INFO - 25/07/26 05:06:59 INFO TaskSetManager: Finished task 0.0 in stage 7.0 (TID 5) in 122 ms on 172.18.0.6 (executor 0) (1/1)
[2025-07-26T05:06:59.170+0000] {spark_submit.py:521} INFO - 25/07/26 05:06:59 INFO TaskSchedulerImpl: Removed TaskSet 7.0, whose tasks have all completed, from pool
[2025-07-26T05:06:59.173+0000] {spark_submit.py:521} INFO - 25/07/26 05:06:59 INFO DAGScheduler: ResultStage 7 (toPandas at /opt/airflow/scripts/elt_to_dwh/transform/process_news.py:63) finished in 0.144 s
[2025-07-26T05:06:59.174+0000] {spark_submit.py:521} INFO - 25/07/26 05:06:59 INFO DAGScheduler: Job 5 is finished. Cancelling potential speculative or zombie tasks for this job
[2025-07-26T05:06:59.175+0000] {spark_submit.py:521} INFO - 25/07/26 05:06:59 INFO TaskSchedulerImpl: Killing all running tasks in stage 7: Stage finished
[2025-07-26T05:06:59.176+0000] {spark_submit.py:521} INFO - 25/07/26 05:06:59 INFO DAGScheduler: Job 5 finished: toPandas at /opt/airflow/scripts/elt_to_dwh/transform/process_news.py:63, took 0.151373 s
[2025-07-26T05:06:59.218+0000] {spark_submit.py:521} INFO - Data inserted into dim_topics successfully.
[2025-07-26T05:06:59.223+0000] {spark_submit.py:521} INFO - Data inserted into dim_time successfully.
[2025-07-26T05:06:59.223+0000] {spark_submit.py:521} INFO - Time ID DataFrame:
[2025-07-26T05:06:59.226+0000] {spark_submit.py:521} INFO - id
[2025-07-26T05:06:59.226+0000] {spark_submit.py:521} INFO - 0   4
[2025-07-26T05:06:59.285+0000] {spark_submit.py:521} INFO - Dim_news DataFrame:
[2025-07-26T05:06:59.347+0000] {spark_submit.py:521} INFO - 25/07/26 05:06:59 INFO FileSourceStrategy: Pushed Filters:
[2025-07-26T05:06:59.349+0000] {spark_submit.py:521} INFO - 25/07/26 05:06:59 INFO FileSourceStrategy: Post-Scan Filters:
[2025-07-26T05:06:59.443+0000] {spark_submit.py:521} INFO - 25/07/26 05:06:59 INFO CodeGenerator: Code generated in 50.741174 ms
[2025-07-26T05:06:59.456+0000] {spark_submit.py:521} INFO - 25/07/26 05:06:59 INFO MemoryStore: Block broadcast_9 stored as values in memory (estimated size 213.5 KiB, free 433.6 MiB)
[2025-07-26T05:06:59.483+0000] {spark_submit.py:521} INFO - 25/07/26 05:06:59 INFO MemoryStore: Block broadcast_9_piece0 stored as bytes in memory (estimated size 36.5 KiB, free 433.6 MiB)
[2025-07-26T05:06:59.497+0000] {spark_submit.py:521} INFO - 25/07/26 05:06:59 INFO BlockManagerInfo: Added broadcast_9_piece0 in memory on 3bc71adbf7e0:42247 (size: 36.5 KiB, free: 434.3 MiB)
[2025-07-26T05:06:59.514+0000] {spark_submit.py:521} INFO - 25/07/26 05:06:59 INFO SparkContext: Created broadcast 9 from showString at NativeMethodAccessorImpl.java:0
[2025-07-26T05:06:59.523+0000] {spark_submit.py:521} INFO - 25/07/26 05:06:59 INFO FileSourceScanExec: Planning scan with bin packing, max size: 4194304 bytes, open cost is considered as scanning 4194304 bytes.
[2025-07-26T05:06:59.527+0000] {spark_submit.py:521} INFO - 25/07/26 05:06:59 INFO BlockManagerInfo: Removed broadcast_8_piece0 on 3bc71adbf7e0:42247 in memory (size: 20.1 KiB, free: 434.3 MiB)
[2025-07-26T05:06:59.531+0000] {spark_submit.py:521} INFO - 25/07/26 05:06:59 INFO BlockManagerInfo: Removed broadcast_8_piece0 on 172.18.0.6:40679 in memory (size: 20.1 KiB, free: 434.3 MiB)
[2025-07-26T05:06:59.542+0000] {spark_submit.py:521} INFO - 25/07/26 05:06:59 INFO SparkContext: Starting job: showString at NativeMethodAccessorImpl.java:0
[2025-07-26T05:06:59.554+0000] {spark_submit.py:521} INFO - 25/07/26 05:06:59 INFO DAGScheduler: Got job 6 (showString at NativeMethodAccessorImpl.java:0) with 1 output partitions
[2025-07-26T05:06:59.558+0000] {spark_submit.py:521} INFO - 25/07/26 05:06:59 INFO DAGScheduler: Final stage: ResultStage 8 (showString at NativeMethodAccessorImpl.java:0)
[2025-07-26T05:06:59.563+0000] {spark_submit.py:521} INFO - 25/07/26 05:06:59 INFO DAGScheduler: Parents of final stage: List()
[2025-07-26T05:06:59.567+0000] {spark_submit.py:521} INFO - 25/07/26 05:06:59 INFO DAGScheduler: Missing parents: List()
[2025-07-26T05:06:59.568+0000] {spark_submit.py:521} INFO - 25/07/26 05:06:59 INFO DAGScheduler: Submitting ResultStage 8 (MapPartitionsRDD[23] at showString at NativeMethodAccessorImpl.java:0), which has no missing parents
[2025-07-26T05:06:59.569+0000] {spark_submit.py:521} INFO - 25/07/26 05:06:59 INFO MemoryStore: Block broadcast_10 stored as values in memory (estimated size 29.2 KiB, free 433.6 MiB)
[2025-07-26T05:06:59.570+0000] {spark_submit.py:521} INFO - 25/07/26 05:06:59 INFO MemoryStore: Block broadcast_10_piece0 stored as bytes in memory (estimated size 9.4 KiB, free 433.6 MiB)
[2025-07-26T05:06:59.584+0000] {spark_submit.py:521} INFO - 25/07/26 05:06:59 INFO BlockManagerInfo: Added broadcast_10_piece0 in memory on 3bc71adbf7e0:42247 (size: 9.4 KiB, free: 434.3 MiB)
[2025-07-26T05:06:59.585+0000] {spark_submit.py:521} INFO - 25/07/26 05:06:59 INFO SparkContext: Created broadcast 10 from broadcast at DAGScheduler.scala:1611
[2025-07-26T05:06:59.590+0000] {spark_submit.py:521} INFO - 25/07/26 05:06:59 INFO DAGScheduler: Submitting 1 missing tasks from ResultStage 8 (MapPartitionsRDD[23] at showString at NativeMethodAccessorImpl.java:0) (first 15 tasks are for partitions Vector(0))
[2025-07-26T05:06:59.599+0000] {spark_submit.py:521} INFO - 25/07/26 05:06:59 INFO TaskSchedulerImpl: Adding task set 8.0 with 1 tasks resource profile 0
[2025-07-26T05:06:59.602+0000] {spark_submit.py:521} INFO - 25/07/26 05:06:59 INFO TaskSetManager: Starting task 0.0 in stage 8.0 (TID 6) (172.18.0.6, executor 0, partition 0, PROCESS_LOCAL, 9627 bytes)
[2025-07-26T05:06:59.624+0000] {spark_submit.py:521} INFO - 25/07/26 05:06:59 INFO BlockManagerInfo: Added broadcast_10_piece0 in memory on 172.18.0.6:40679 (size: 9.4 KiB, free: 434.3 MiB)
[2025-07-26T05:06:59.755+0000] {spark_submit.py:521} INFO - 25/07/26 05:06:59 INFO BlockManagerInfo: Added broadcast_9_piece0 in memory on 172.18.0.6:40679 (size: 36.5 KiB, free: 434.3 MiB)
[2025-07-26T05:07:00.389+0000] {spark_submit.py:521} INFO - 25/07/26 05:07:00 INFO TaskSetManager: Finished task 0.0 in stage 8.0 (TID 6) in 810 ms on 172.18.0.6 (executor 0) (1/1)
[2025-07-26T05:07:00.417+0000] {spark_submit.py:521} INFO - 25/07/26 05:07:00 INFO TaskSchedulerImpl: Removed TaskSet 8.0, whose tasks have all completed, from pool
[2025-07-26T05:07:00.421+0000] {spark_submit.py:521} INFO - 25/07/26 05:07:00 INFO DAGScheduler: ResultStage 8 (showString at NativeMethodAccessorImpl.java:0) finished in 0.843 s
[2025-07-26T05:07:00.436+0000] {spark_submit.py:521} INFO - 25/07/26 05:07:00 INFO DAGScheduler: Job 6 is finished. Cancelling potential speculative or zombie tasks for this job
[2025-07-26T05:07:00.449+0000] {spark_submit.py:521} INFO - 25/07/26 05:07:00 INFO TaskSchedulerImpl: Killing all running tasks in stage 8: Stage finished
[2025-07-26T05:07:00.452+0000] {spark_submit.py:521} INFO - 25/07/26 05:07:00 INFO DAGScheduler: Job 6 finished: showString at NativeMethodAccessorImpl.java:0, took 0.851648 s
[2025-07-26T05:07:00.464+0000] {spark_submit.py:521} INFO - 25/07/26 05:07:00 INFO CodeGenerator: Code generated in 45.836325 ms
[2025-07-26T05:07:00.468+0000] {spark_submit.py:521} INFO - +--------------------+--------------------+---------------+--------------------+--------------------+--------------------+-------------+----------------------+--------------------+--------------------+-----------------------+-----------------------+--------------------+-------+
[2025-07-26T05:07:00.477+0000] {spark_submit.py:521} INFO - |               title|                 url| time_published|             authors|             summary|        banner_image|       source|category_within_source|       source_domain|              topics|overall_sentiment_score|overall_sentiment_label|    ticker_sentiment|time_id|
[2025-07-26T05:07:00.480+0000] {spark_submit.py:521} INFO - +--------------------+--------------------+---------------+--------------------+--------------------+--------------------+-------------+----------------------+--------------------+--------------------+-----------------------+-----------------------+--------------------+-------+
[2025-07-26T05:07:00.484+0000] {spark_submit.py:521} INFO - |LifeVantage Hosts...|https://www.globe...|20250715T120000|[Lifevantage Corp...|SALT LAKE CITY, J...|https://ml.globen...|GlobeNewswire|                   n/a|www.globenewswire...|[{Life Sciences, ...|                0.49606|                Bullish|[{LFVN, 0.416516,...|      4|
[2025-07-26T05:07:00.485+0000] {spark_submit.py:521} INFO - |Prestige Consumer...|https://www.globe...|20250715T120000|[Prestige Consume...|TARRYTOWN, N.Y., ...|https://ml.globen...|GlobeNewswire|                   n/a|www.globenewswire...|[{Earnings, 0.158...|               0.071002|                Neutral|[{PBH, 0.265378, ...|      4|
[2025-07-26T05:07:00.487+0000] {spark_submit.py:521} INFO - |Sportradar to Rel...|https://www.globe...|20250715T120000|     [Sportradar AG]|ST. GALLEN, Switz...|https://ml.globen...|GlobeNewswire|                   n/a|www.globenewswire...|[{Earnings, 0.310...|                0.24399|       Somewhat-Bullish|[{SRAD, 0.582526,...|      4|
[2025-07-26T05:07:00.490+0000] {spark_submit.py:521} INFO - |Modaxo Welcomes S...|https://www.benzi...|20250715T120000|    [Globe Newswire]|TORONTO, July 15,...|https://www.benzi...|     Benzinga|               General|    www.benzinga.com|[{Financial Marke...|                  0.467|                Bullish|                  []|      4|
[2025-07-26T05:07:00.491+0000] {spark_submit.py:521} INFO - |Gift Of The Game ...|https://www.benzi...|20250715T120000|        [PRNewswire]|CALGARY, AB, July...|https://www.benzi...|     Benzinga|               General|    www.benzinga.com| [{Technology, 1.0}]|               0.413514|                Bullish|[{SY, 0.098255, 0...|      4|
[2025-07-26T05:07:00.498+0000] {spark_submit.py:521} INFO - +--------------------+--------------------+---------------+--------------------+--------------------+--------------------+-------------+----------------------+--------------------+--------------------+-----------------------+-----------------------+--------------------+-------+
[2025-07-26T05:07:00.508+0000] {spark_submit.py:521} INFO - only showing top 5 rows
[2025-07-26T05:07:00.536+0000] {spark_submit.py:521} INFO - 
[2025-07-26T05:07:00.539+0000] {spark_submit.py:521} INFO - 25/07/26 05:07:00 INFO FileSourceStrategy: Pushed Filters:
[2025-07-26T05:07:00.540+0000] {spark_submit.py:521} INFO - 25/07/26 05:07:00 INFO FileSourceStrategy: Post-Scan Filters:
[2025-07-26T05:07:00.597+0000] {spark_submit.py:521} INFO - 25/07/26 05:07:00 INFO CodeGenerator: Code generated in 38.762267 ms
[2025-07-26T05:07:00.609+0000] {spark_submit.py:521} INFO - 25/07/26 05:07:00 INFO MemoryStore: Block broadcast_11 stored as values in memory (estimated size 213.5 KiB, free 433.4 MiB)
[2025-07-26T05:07:00.628+0000] {spark_submit.py:521} INFO - 25/07/26 05:07:00 INFO BlockManagerInfo: Removed broadcast_10_piece0 on 3bc71adbf7e0:42247 in memory (size: 9.4 KiB, free: 434.3 MiB)
[2025-07-26T05:07:00.637+0000] {spark_submit.py:521} INFO - 25/07/26 05:07:00 INFO MemoryStore: Block broadcast_11_piece0 stored as bytes in memory (estimated size 36.5 KiB, free 433.4 MiB)
[2025-07-26T05:07:00.641+0000] {spark_submit.py:521} INFO - 25/07/26 05:07:00 INFO BlockManagerInfo: Removed broadcast_10_piece0 on 172.18.0.6:40679 in memory (size: 9.4 KiB, free: 434.3 MiB)
[2025-07-26T05:07:00.644+0000] {spark_submit.py:521} INFO - 25/07/26 05:07:00 INFO BlockManagerInfo: Added broadcast_11_piece0 in memory on 3bc71adbf7e0:42247 (size: 36.5 KiB, free: 434.3 MiB)
[2025-07-26T05:07:00.646+0000] {spark_submit.py:521} INFO - 25/07/26 05:07:00 INFO SparkContext: Created broadcast 11 from toPandas at /opt/airflow/scripts/elt_to_dwh/transform/process_news.py:99
[2025-07-26T05:07:00.650+0000] {spark_submit.py:521} INFO - 25/07/26 05:07:00 INFO FileSourceScanExec: Planning scan with bin packing, max size: 4194304 bytes, open cost is considered as scanning 4194304 bytes.
[2025-07-26T05:07:00.661+0000] {spark_submit.py:521} INFO - 25/07/26 05:07:00 INFO BlockManagerInfo: Removed broadcast_9_piece0 on 3bc71adbf7e0:42247 in memory (size: 36.5 KiB, free: 434.3 MiB)
[2025-07-26T05:07:00.671+0000] {spark_submit.py:521} INFO - 25/07/26 05:07:00 INFO BlockManagerInfo: Removed broadcast_9_piece0 on 172.18.0.6:40679 in memory (size: 36.5 KiB, free: 434.3 MiB)
[2025-07-26T05:07:00.678+0000] {spark_submit.py:521} INFO - 25/07/26 05:07:00 INFO SparkContext: Starting job: toPandas at /opt/airflow/scripts/elt_to_dwh/transform/process_news.py:99
[2025-07-26T05:07:00.680+0000] {spark_submit.py:521} INFO - 25/07/26 05:07:00 INFO DAGScheduler: Got job 7 (toPandas at /opt/airflow/scripts/elt_to_dwh/transform/process_news.py:99) with 1 output partitions
[2025-07-26T05:07:00.682+0000] {spark_submit.py:521} INFO - 25/07/26 05:07:00 INFO DAGScheduler: Final stage: ResultStage 9 (toPandas at /opt/airflow/scripts/elt_to_dwh/transform/process_news.py:99)
[2025-07-26T05:07:00.684+0000] {spark_submit.py:521} INFO - 25/07/26 05:07:00 INFO DAGScheduler: Parents of final stage: List()
[2025-07-26T05:07:00.685+0000] {spark_submit.py:521} INFO - 25/07/26 05:07:00 INFO DAGScheduler: Missing parents: List()
[2025-07-26T05:07:00.685+0000] {spark_submit.py:521} INFO - 25/07/26 05:07:00 INFO DAGScheduler: Submitting ResultStage 9 (MapPartitionsRDD[27] at toPandas at /opt/airflow/scripts/elt_to_dwh/transform/process_news.py:99), which has no missing parents
[2025-07-26T05:07:00.692+0000] {spark_submit.py:521} INFO - 25/07/26 05:07:00 INFO MemoryStore: Block broadcast_12 stored as values in memory (estimated size 28.4 KiB, free 433.6 MiB)
[2025-07-26T05:07:00.694+0000] {spark_submit.py:521} INFO - 25/07/26 05:07:00 INFO MemoryStore: Block broadcast_12_piece0 stored as bytes in memory (estimated size 8.9 KiB, free 433.6 MiB)
[2025-07-26T05:07:00.696+0000] {spark_submit.py:521} INFO - 25/07/26 05:07:00 INFO BlockManagerInfo: Added broadcast_12_piece0 in memory on 3bc71adbf7e0:42247 (size: 8.9 KiB, free: 434.3 MiB)
[2025-07-26T05:07:00.698+0000] {spark_submit.py:521} INFO - 25/07/26 05:07:00 INFO SparkContext: Created broadcast 12 from broadcast at DAGScheduler.scala:1611
[2025-07-26T05:07:00.700+0000] {spark_submit.py:521} INFO - 25/07/26 05:07:00 INFO DAGScheduler: Submitting 1 missing tasks from ResultStage 9 (MapPartitionsRDD[27] at toPandas at /opt/airflow/scripts/elt_to_dwh/transform/process_news.py:99) (first 15 tasks are for partitions Vector(0))
[2025-07-26T05:07:00.701+0000] {spark_submit.py:521} INFO - 25/07/26 05:07:00 INFO TaskSchedulerImpl: Adding task set 9.0 with 1 tasks resource profile 0
[2025-07-26T05:07:00.715+0000] {spark_submit.py:521} INFO - 25/07/26 05:07:00 INFO TaskSetManager: Starting task 0.0 in stage 9.0 (TID 7) (172.18.0.6, executor 0, partition 0, PROCESS_LOCAL, 9627 bytes)
[2025-07-26T05:07:00.746+0000] {spark_submit.py:521} INFO - 25/07/26 05:07:00 INFO BlockManagerInfo: Added broadcast_12_piece0 in memory on 172.18.0.6:40679 (size: 8.9 KiB, free: 434.3 MiB)
[2025-07-26T05:07:00.824+0000] {spark_submit.py:521} INFO - 25/07/26 05:07:00 INFO BlockManagerInfo: Added broadcast_11_piece0 in memory on 172.18.0.6:40679 (size: 36.5 KiB, free: 434.3 MiB)
[2025-07-26T05:07:01.543+0000] {spark_submit.py:521} INFO - 25/07/26 05:07:01 INFO TaskSetManager: Finished task 0.0 in stage 9.0 (TID 7) in 828 ms on 172.18.0.6 (executor 0) (1/1)
[2025-07-26T05:07:01.544+0000] {spark_submit.py:521} INFO - 25/07/26 05:07:01 INFO TaskSchedulerImpl: Removed TaskSet 9.0, whose tasks have all completed, from pool
[2025-07-26T05:07:01.549+0000] {spark_submit.py:521} INFO - 25/07/26 05:07:01 INFO DAGScheduler: ResultStage 9 (toPandas at /opt/airflow/scripts/elt_to_dwh/transform/process_news.py:99) finished in 0.862 s
[2025-07-26T05:07:01.553+0000] {spark_submit.py:521} INFO - 25/07/26 05:07:01 INFO DAGScheduler: Job 7 is finished. Cancelling potential speculative or zombie tasks for this job
[2025-07-26T05:07:01.554+0000] {spark_submit.py:521} INFO - 25/07/26 05:07:01 INFO TaskSchedulerImpl: Killing all running tasks in stage 9: Stage finished
[2025-07-26T05:07:01.555+0000] {spark_submit.py:521} INFO - 25/07/26 05:07:01 INFO DAGScheduler: Job 7 finished: toPandas at /opt/airflow/scripts/elt_to_dwh/transform/process_news.py:99, took 0.872875 s
[2025-07-26T05:07:02.170+0000] {spark_submit.py:521} INFO - Data inserted into dim_news successfully!
[2025-07-26T05:07:02.255+0000] {spark_submit.py:521} INFO - 25/07/26 05:07:02 INFO FileSourceStrategy: Pushed Filters: IsNotNull(topics)
[2025-07-26T05:07:02.255+0000] {spark_submit.py:521} INFO - 25/07/26 05:07:02 INFO FileSourceStrategy: Post-Scan Filters: (size(topics#9, true) > 0),isnotnull(topics#9)
[2025-07-26T05:07:02.323+0000] {spark_submit.py:521} INFO - 25/07/26 05:07:02 INFO CodeGenerator: Code generated in 24.495442 ms
[2025-07-26T05:07:02.334+0000] {spark_submit.py:521} INFO - 25/07/26 05:07:02 INFO MemoryStore: Block broadcast_13 stored as values in memory (estimated size 211.3 KiB, free 433.4 MiB)
[2025-07-26T05:07:02.350+0000] {spark_submit.py:521} INFO - 25/07/26 05:07:02 INFO MemoryStore: Block broadcast_13_piece0 stored as bytes in memory (estimated size 36.0 KiB, free 433.4 MiB)
[2025-07-26T05:07:02.351+0000] {spark_submit.py:521} INFO - 25/07/26 05:07:02 INFO BlockManagerInfo: Added broadcast_13_piece0 in memory on 3bc71adbf7e0:42247 (size: 36.0 KiB, free: 434.3 MiB)
[2025-07-26T05:07:02.352+0000] {spark_submit.py:521} INFO - 25/07/26 05:07:02 INFO SparkContext: Created broadcast 13 from toPandas at /opt/airflow/scripts/elt_to_dwh/transform/process_news.py:123
[2025-07-26T05:07:02.354+0000] {spark_submit.py:521} INFO - 25/07/26 05:07:02 INFO FileSourceScanExec: Planning scan with bin packing, max size: 4194304 bytes, open cost is considered as scanning 4194304 bytes.
[2025-07-26T05:07:02.380+0000] {spark_submit.py:521} INFO - 25/07/26 05:07:02 INFO SparkContext: Starting job: toPandas at /opt/airflow/scripts/elt_to_dwh/transform/process_news.py:123
[2025-07-26T05:07:02.393+0000] {spark_submit.py:521} INFO - 25/07/26 05:07:02 INFO DAGScheduler: Got job 8 (toPandas at /opt/airflow/scripts/elt_to_dwh/transform/process_news.py:123) with 1 output partitions
[2025-07-26T05:07:02.394+0000] {spark_submit.py:521} INFO - 25/07/26 05:07:02 INFO DAGScheduler: Final stage: ResultStage 10 (toPandas at /opt/airflow/scripts/elt_to_dwh/transform/process_news.py:123)
[2025-07-26T05:07:02.395+0000] {spark_submit.py:521} INFO - 25/07/26 05:07:02 INFO DAGScheduler: Parents of final stage: List()
[2025-07-26T05:07:02.398+0000] {spark_submit.py:521} INFO - 25/07/26 05:07:02 INFO DAGScheduler: Missing parents: List()
[2025-07-26T05:07:02.399+0000] {spark_submit.py:521} INFO - 25/07/26 05:07:02 INFO DAGScheduler: Submitting ResultStage 10 (MapPartitionsRDD[31] at toPandas at /opt/airflow/scripts/elt_to_dwh/transform/process_news.py:123), which has no missing parents
[2025-07-26T05:07:02.399+0000] {spark_submit.py:521} INFO - 25/07/26 05:07:02 INFO MemoryStore: Block broadcast_14 stored as values in memory (estimated size 19.5 KiB, free 433.4 MiB)
[2025-07-26T05:07:02.427+0000] {spark_submit.py:521} INFO - 25/07/26 05:07:02 INFO MemoryStore: Block broadcast_14_piece0 stored as bytes in memory (estimated size 7.6 KiB, free 433.4 MiB)
[2025-07-26T05:07:02.439+0000] {spark_submit.py:521} INFO - 25/07/26 05:07:02 INFO BlockManagerInfo: Added broadcast_14_piece0 in memory on 3bc71adbf7e0:42247 (size: 7.6 KiB, free: 434.2 MiB)
[2025-07-26T05:07:02.474+0000] {spark_submit.py:521} INFO - 25/07/26 05:07:02 INFO SparkContext: Created broadcast 14 from broadcast at DAGScheduler.scala:1611
[2025-07-26T05:07:02.489+0000] {spark_submit.py:521} INFO - 25/07/26 05:07:02 INFO DAGScheduler: Submitting 1 missing tasks from ResultStage 10 (MapPartitionsRDD[31] at toPandas at /opt/airflow/scripts/elt_to_dwh/transform/process_news.py:123) (first 15 tasks are for partitions Vector(0))
[2025-07-26T05:07:02.505+0000] {spark_submit.py:521} INFO - 25/07/26 05:07:02 INFO TaskSchedulerImpl: Adding task set 10.0 with 1 tasks resource profile 0
[2025-07-26T05:07:02.510+0000] {spark_submit.py:521} INFO - 25/07/26 05:07:02 INFO TaskSetManager: Starting task 0.0 in stage 10.0 (TID 8) (172.18.0.6, executor 0, partition 0, PROCESS_LOCAL, 9627 bytes)
[2025-07-26T05:07:02.511+0000] {spark_submit.py:521} INFO - 25/07/26 05:07:02 INFO BlockManagerInfo: Added broadcast_14_piece0 in memory on 172.18.0.6:40679 (size: 7.6 KiB, free: 434.3 MiB)
[2025-07-26T05:07:02.593+0000] {spark_submit.py:521} INFO - 25/07/26 05:07:02 INFO BlockManagerInfo: Added broadcast_13_piece0 in memory on 172.18.0.6:40679 (size: 36.0 KiB, free: 434.2 MiB)
[2025-07-26T05:07:03.464+0000] {spark_submit.py:521} INFO - 25/07/26 05:07:03 INFO TaskSetManager: Finished task 0.0 in stage 10.0 (TID 8) in 1030 ms on 172.18.0.6 (executor 0) (1/1)
[2025-07-26T05:07:03.465+0000] {spark_submit.py:521} INFO - 25/07/26 05:07:03 INFO TaskSchedulerImpl: Removed TaskSet 10.0, whose tasks have all completed, from pool
[2025-07-26T05:07:03.467+0000] {spark_submit.py:521} INFO - 25/07/26 05:07:03 INFO DAGScheduler: ResultStage 10 (toPandas at /opt/airflow/scripts/elt_to_dwh/transform/process_news.py:123) finished in 1.070 s
[2025-07-26T05:07:03.468+0000] {spark_submit.py:521} INFO - 25/07/26 05:07:03 INFO DAGScheduler: Job 8 is finished. Cancelling potential speculative or zombie tasks for this job
[2025-07-26T05:07:03.468+0000] {spark_submit.py:521} INFO - 25/07/26 05:07:03 INFO TaskSchedulerImpl: Killing all running tasks in stage 10: Stage finished
[2025-07-26T05:07:03.469+0000] {spark_submit.py:521} INFO - 25/07/26 05:07:03 INFO DAGScheduler: Job 8 finished: toPandas at /opt/airflow/scripts/elt_to_dwh/transform/process_news.py:123, took 1.087374 s
[2025-07-26T05:07:03.543+0000] {spark_submit.py:521} INFO - DataFrame for fact_news_topics:
[2025-07-26T05:07:03.544+0000] {spark_submit.py:521} INFO - shape: (3_426, 6)
[2025-07-26T05:07:03.544+0000] {spark_submit.py:521} INFO - 
[2025-07-26T05:07:03.544+0000] {spark_submit.py:521} INFO -  relevance_score  name                title              url                topic_id  new_id 
[2025-07-26T05:07:03.545+0000] {spark_submit.py:521} INFO -  ---              ---                 ---                ---                ---       ---    
[2025-07-26T05:07:03.545+0000] {spark_submit.py:521} INFO -  str              str                 str                str                i32       i32    
[2025-07-26T05:07:03.545+0000] {spark_submit.py:521} INFO - 
[2025-07-26T05:07:03.545+0000] {spark_submit.py:521} INFO -  1.0              Life Sciences       LifeVantage Hosts  https://www.globe  14        3340   
[2025-07-26T05:07:03.546+0000] {spark_submit.py:521} INFO -                                       Activate 202      newswire.com/                      
[2025-07-26T05:07:03.546+0000] {spark_submit.py:521} INFO -  0.158519         Earnings            Prestige Consumer  https://www.globe  5         3341   
[2025-07-26T05:07:03.546+0000] {spark_submit.py:521} INFO -                                       Healthcare t      newswire.com/                      
[2025-07-26T05:07:03.546+0000] {spark_submit.py:521} INFO -  1.0              Life Sciences       Prestige Consumer  https://www.globe  14        3341   
[2025-07-26T05:07:03.547+0000] {spark_submit.py:521} INFO -                                       Healthcare t      newswire.com/                      
[2025-07-26T05:07:03.547+0000] {spark_submit.py:521} INFO -  0.310843         Earnings            Sportradar to      https://www.globe  5         3342   
[2025-07-26T05:07:03.548+0000] {spark_submit.py:521} INFO -                                       Release Second Q  newswire.com/                      
[2025-07-26T05:07:03.548+0000] {spark_submit.py:521} INFO -  1.0              Technology          Sportradar to      https://www.globe  9         3342   
[2025-07-26T05:07:03.549+0000] {spark_submit.py:521} INFO -                                       Release Second Q  newswire.com/                      
[2025-07-26T05:07:03.550+0000] {spark_submit.py:521} INFO -                                                                                        
[2025-07-26T05:07:03.551+0000] {spark_submit.py:521} INFO -  1.0              Technology          Nortal Acquires    https://www.benzi  9         4694   
[2025-07-26T05:07:03.551+0000] {spark_submit.py:521} INFO -                                       Nearsure to Ex    nga.com/press                      
[2025-07-26T05:07:03.551+0000] {spark_submit.py:521} INFO -  0.108179         Financial Markets   Nortal Acquires    https://www.benzi  10        4694   
[2025-07-26T05:07:03.551+0000] {spark_submit.py:521} INFO -                                       Nearsure to Ex    nga.com/press                      
[2025-07-26T05:07:03.552+0000] {spark_submit.py:521} INFO -  0.158519         Economy - Monetary  YieldFX Secures    https://www.benzi  11        4695   
[2025-07-26T05:07:03.552+0000] {spark_submit.py:521} INFO -                                       Strategic Gran    nga.com/press                      
[2025-07-26T05:07:03.552+0000] {spark_submit.py:521} INFO -  0.451494         Blockchain          YieldFX Secures    https://www.benzi  15        4695   
[2025-07-26T05:07:03.552+0000] {spark_submit.py:521} INFO -                                       Strategic Gran    nga.com/press                      
[2025-07-26T05:07:03.553+0000] {spark_submit.py:521} INFO -  0.999998         Financial Markets   YieldFX Secures    https://www.benzi  10        4695   
[2025-07-26T05:07:03.553+0000] {spark_submit.py:521} INFO -                                       Strategic Gran    nga.com/press                      
[2025-07-26T05:07:03.553+0000] {spark_submit.py:521} INFO - 
[2025-07-26T05:07:03.597+0000] {spark_submit.py:521} INFO - Data inserted into fact_news_topics successfully!
[2025-07-26T05:07:03.669+0000] {spark_submit.py:521} INFO - 25/07/26 05:07:03 INFO FileSourceStrategy: Pushed Filters: IsNotNull(ticker_sentiment)
[2025-07-26T05:07:03.670+0000] {spark_submit.py:521} INFO - 25/07/26 05:07:03 INFO FileSourceStrategy: Post-Scan Filters: (size(ticker_sentiment#12, true) > 0),isnotnull(ticker_sentiment#12)
[2025-07-26T05:07:03.699+0000] {spark_submit.py:521} INFO - 25/07/26 05:07:03 INFO CodeGenerator: Code generated in 14.111516 ms
[2025-07-26T05:07:03.706+0000] {spark_submit.py:521} INFO - 25/07/26 05:07:03 INFO MemoryStore: Block broadcast_15 stored as values in memory (estimated size 211.6 KiB, free 433.2 MiB)
[2025-07-26T05:07:03.719+0000] {spark_submit.py:521} INFO - 25/07/26 05:07:03 INFO BlockManagerInfo: Removed broadcast_14_piece0 on 3bc71adbf7e0:42247 in memory (size: 7.6 KiB, free: 434.3 MiB)
[2025-07-26T05:07:03.722+0000] {spark_submit.py:521} INFO - 25/07/26 05:07:03 INFO BlockManagerInfo: Removed broadcast_14_piece0 on 172.18.0.6:40679 in memory (size: 7.6 KiB, free: 434.3 MiB)
[2025-07-26T05:07:03.725+0000] {spark_submit.py:521} INFO - 25/07/26 05:07:03 INFO MemoryStore: Block broadcast_15_piece0 stored as bytes in memory (estimated size 36.2 KiB, free 433.2 MiB)
[2025-07-26T05:07:03.727+0000] {spark_submit.py:521} INFO - 25/07/26 05:07:03 INFO BlockManagerInfo: Added broadcast_15_piece0 in memory on 3bc71adbf7e0:42247 (size: 36.2 KiB, free: 434.2 MiB)
[2025-07-26T05:07:03.728+0000] {spark_submit.py:521} INFO - 25/07/26 05:07:03 INFO SparkContext: Created broadcast 15 from toPandas at /opt/airflow/scripts/elt_to_dwh/transform/process_news.py:169
[2025-07-26T05:07:03.729+0000] {spark_submit.py:521} INFO - 25/07/26 05:07:03 INFO FileSourceScanExec: Planning scan with bin packing, max size: 4194304 bytes, open cost is considered as scanning 4194304 bytes.
[2025-07-26T05:07:03.731+0000] {spark_submit.py:521} INFO - 25/07/26 05:07:03 INFO BlockManagerInfo: Removed broadcast_12_piece0 on 3bc71adbf7e0:42247 in memory (size: 8.9 KiB, free: 434.2 MiB)
[2025-07-26T05:07:03.735+0000] {spark_submit.py:521} INFO - 25/07/26 05:07:03 INFO BlockManagerInfo: Removed broadcast_12_piece0 on 172.18.0.6:40679 in memory (size: 8.9 KiB, free: 434.3 MiB)
[2025-07-26T05:07:03.755+0000] {spark_submit.py:521} INFO - 25/07/26 05:07:03 INFO SparkContext: Starting job: toPandas at /opt/airflow/scripts/elt_to_dwh/transform/process_news.py:169
[2025-07-26T05:07:03.757+0000] {spark_submit.py:521} INFO - 25/07/26 05:07:03 INFO DAGScheduler: Got job 9 (toPandas at /opt/airflow/scripts/elt_to_dwh/transform/process_news.py:169) with 1 output partitions
[2025-07-26T05:07:03.760+0000] {spark_submit.py:521} INFO - 25/07/26 05:07:03 INFO DAGScheduler: Final stage: ResultStage 11 (toPandas at /opt/airflow/scripts/elt_to_dwh/transform/process_news.py:169)
[2025-07-26T05:07:03.760+0000] {spark_submit.py:521} INFO - 25/07/26 05:07:03 INFO DAGScheduler: Parents of final stage: List()
[2025-07-26T05:07:03.761+0000] {spark_submit.py:521} INFO - 25/07/26 05:07:03 INFO DAGScheduler: Missing parents: List()
[2025-07-26T05:07:03.762+0000] {spark_submit.py:521} INFO - 25/07/26 05:07:03 INFO DAGScheduler: Submitting ResultStage 11 (MapPartitionsRDD[35] at toPandas at /opt/airflow/scripts/elt_to_dwh/transform/process_news.py:169), which has no missing parents
[2025-07-26T05:07:03.762+0000] {spark_submit.py:521} INFO - 25/07/26 05:07:03 INFO MemoryStore: Block broadcast_16 stored as values in memory (estimated size 20.2 KiB, free 433.2 MiB)
[2025-07-26T05:07:03.768+0000] {spark_submit.py:521} INFO - 25/07/26 05:07:03 INFO MemoryStore: Block broadcast_16_piece0 stored as bytes in memory (estimated size 7.6 KiB, free 433.2 MiB)
[2025-07-26T05:07:03.769+0000] {spark_submit.py:521} INFO - 25/07/26 05:07:03 INFO BlockManagerInfo: Added broadcast_16_piece0 in memory on 3bc71adbf7e0:42247 (size: 7.6 KiB, free: 434.2 MiB)
[2025-07-26T05:07:03.770+0000] {spark_submit.py:521} INFO - 25/07/26 05:07:03 INFO SparkContext: Created broadcast 16 from broadcast at DAGScheduler.scala:1611
[2025-07-26T05:07:03.774+0000] {spark_submit.py:521} INFO - 25/07/26 05:07:03 INFO DAGScheduler: Submitting 1 missing tasks from ResultStage 11 (MapPartitionsRDD[35] at toPandas at /opt/airflow/scripts/elt_to_dwh/transform/process_news.py:169) (first 15 tasks are for partitions Vector(0))
[2025-07-26T05:07:03.775+0000] {spark_submit.py:521} INFO - 25/07/26 05:07:03 INFO TaskSchedulerImpl: Adding task set 11.0 with 1 tasks resource profile 0
[2025-07-26T05:07:03.780+0000] {spark_submit.py:521} INFO - 25/07/26 05:07:03 INFO TaskSetManager: Starting task 0.0 in stage 11.0 (TID 9) (172.18.0.6, executor 0, partition 0, PROCESS_LOCAL, 9627 bytes)
[2025-07-26T05:07:03.801+0000] {spark_submit.py:521} INFO - 25/07/26 05:07:03 INFO BlockManagerInfo: Added broadcast_16_piece0 in memory on 172.18.0.6:40679 (size: 7.6 KiB, free: 434.3 MiB)
[2025-07-26T05:07:03.866+0000] {spark_submit.py:521} INFO - 25/07/26 05:07:03 INFO BlockManagerInfo: Removed broadcast_3_piece0 on 3bc71adbf7e0:42247 in memory (size: 35.8 KiB, free: 434.3 MiB)
[2025-07-26T05:07:03.878+0000] {spark_submit.py:521} INFO - 25/07/26 05:07:03 INFO BlockManagerInfo: Removed broadcast_3_piece0 on 172.18.0.6:40679 in memory (size: 35.8 KiB, free: 434.3 MiB)
[2025-07-26T05:07:03.898+0000] {spark_submit.py:521} INFO - 25/07/26 05:07:03 INFO BlockManagerInfo: Added broadcast_15_piece0 in memory on 172.18.0.6:40679 (size: 36.2 KiB, free: 434.3 MiB)
[2025-07-26T05:07:04.716+0000] {spark_submit.py:521} INFO - 25/07/26 05:07:04 INFO TaskSetManager: Finished task 0.0 in stage 11.0 (TID 9) in 940 ms on 172.18.0.6 (executor 0) (1/1)
[2025-07-26T05:07:04.717+0000] {spark_submit.py:521} INFO - 25/07/26 05:07:04 INFO TaskSchedulerImpl: Removed TaskSet 11.0, whose tasks have all completed, from pool
[2025-07-26T05:07:04.717+0000] {spark_submit.py:521} INFO - 25/07/26 05:07:04 INFO DAGScheduler: ResultStage 11 (toPandas at /opt/airflow/scripts/elt_to_dwh/transform/process_news.py:169) finished in 0.955 s
[2025-07-26T05:07:04.718+0000] {spark_submit.py:521} INFO - 25/07/26 05:07:04 INFO DAGScheduler: Job 9 is finished. Cancelling potential speculative or zombie tasks for this job
[2025-07-26T05:07:04.718+0000] {spark_submit.py:521} INFO - 25/07/26 05:07:04 INFO TaskSchedulerImpl: Killing all running tasks in stage 11: Stage finished
[2025-07-26T05:07:04.718+0000] {spark_submit.py:521} INFO - 25/07/26 05:07:04 INFO DAGScheduler: Job 9 finished: toPandas at /opt/airflow/scripts/elt_to_dwh/transform/process_news.py:169, took 0.962223 s
[2025-07-26T05:07:04.771+0000] {spark_submit.py:521} INFO - DataFrame for fact_news_companies:
[2025-07-26T05:07:04.772+0000] {spark_submit.py:521} INFO - shape: (1_942, 9)
[2025-07-26T05:07:04.772+0000] {spark_submit.py:521} INFO - 
[2025-07-26T05:07:04.773+0000] {spark_submit.py:521} INFO -  ticker  ticker_sen  ticker_sen  relevance_    url         company_id  updated_t  new_id 
[2025-07-26T05:07:04.773+0000] {spark_submit.py:521} INFO -  ---     timent_sco  timent_lab  score          ---         ---         ime        ---    
[2025-07-26T05:07:04.774+0000] {spark_submit.py:521} INFO -  str     re          el          ---            str         i32         ---        i32    
[2025-07-26T05:07:04.774+0000] {spark_submit.py:521} INFO -          ---         ---         str                                    datetime[         
[2025-07-26T05:07:04.775+0000] {spark_submit.py:521} INFO -          str         str                                                s]               
[2025-07-26T05:07:04.775+0000] {spark_submit.py:521} INFO - 
[2025-07-26T05:07:04.776+0000] {spark_submit.py:521} INFO -  LFVN    0.583455    Bullish     0.416516      https://ww  8871        2025-07-2  3340   
[2025-07-26T05:07:04.776+0000] {spark_submit.py:521} INFO -                                                 w.globenew              6 04:45:1         
[2025-07-26T05:07:04.776+0000] {spark_submit.py:521} INFO -                                                 swire.com/              4.278565          
[2025-07-26T05:07:04.777+0000] {spark_submit.py:521} INFO -                                                                                          
[2025-07-26T05:07:04.778+0000] {spark_submit.py:521} INFO -  PBH     0.02825     Neutral     0.265378      https://ww  15346       2025-07-2  3341   
[2025-07-26T05:07:04.778+0000] {spark_submit.py:521} INFO -                                                 w.globenew              6 04:45:1         
[2025-07-26T05:07:04.779+0000] {spark_submit.py:521} INFO -                                                 swire.com/              4.278565          
[2025-07-26T05:07:04.779+0000] {spark_submit.py:521} INFO -                                                                                          
[2025-07-26T05:07:04.780+0000] {spark_submit.py:521} INFO -  SRAD    0.374708    Bullish     0.582526      https://ww  17109       2025-07-2  3342   
[2025-07-26T05:07:04.780+0000] {spark_submit.py:521} INFO -                                                 w.globenew              6 04:45:1         
[2025-07-26T05:07:04.781+0000] {spark_submit.py:521} INFO -                                                 swire.com/              4.278565          
[2025-07-26T05:07:04.781+0000] {spark_submit.py:521} INFO -                                                                                          
[2025-07-26T05:07:04.781+0000] {spark_submit.py:521} INFO -  SY      0.271492    Somewhat-B  0.098255      https://ww  7845        2025-07-2  3344   
[2025-07-26T05:07:04.782+0000] {spark_submit.py:521} INFO -                      ullish                     w.benzinga              6 04:45:1         
[2025-07-26T05:07:04.782+0000] {spark_submit.py:521} INFO -                                                 .com/press              4.278565          
[2025-07-26T05:07:04.783+0000] {spark_submit.py:521} INFO -                                                                                          
[2025-07-26T05:07:04.783+0000] {spark_submit.py:521} INFO -  FELE    0.323107    Somewhat-B  0.387674      https://ww  4358        2025-07-2  3345   
[2025-07-26T05:07:04.783+0000] {spark_submit.py:521} INFO -                      ullish                     w.globenew              6 04:45:1         
[2025-07-26T05:07:04.783+0000] {spark_submit.py:521} INFO -                                                 swire.com/              4.278565          
[2025-07-26T05:07:04.784+0000] {spark_submit.py:521} INFO -                                                                                          
[2025-07-26T05:07:04.784+0000] {spark_submit.py:521} INFO -                                                                                  
[2025-07-26T05:07:04.784+0000] {spark_submit.py:521} INFO -  V       0.41258     Bullish     0.717458      https://ww  11795       2025-07-2  4692   
[2025-07-26T05:07:04.785+0000] {spark_submit.py:521} INFO -                                                 w.zacks.co              6 04:45:1         
[2025-07-26T05:07:04.785+0000] {spark_submit.py:521} INFO -                                                 m/stock/ne              4.278565          
[2025-07-26T05:07:04.785+0000] {spark_submit.py:521} INFO -                                                                                          
[2025-07-26T05:07:04.786+0000] {spark_submit.py:521} INFO -  LYV     0.155593    Somewhat-B  0.086245      https://ww  3294        2025-07-2  4693   
[2025-07-26T05:07:04.786+0000] {spark_submit.py:521} INFO -                      ullish                     w.benzinga              6 04:45:1         
[2025-07-26T05:07:04.786+0000] {spark_submit.py:521} INFO -                                                 .com/press              4.278565          
[2025-07-26T05:07:04.787+0000] {spark_submit.py:521} INFO -                                                                                          
[2025-07-26T05:07:04.788+0000] {spark_submit.py:521} INFO -  FTRK    0.16596     Somewhat-B  0.086245      https://ww  14978       2025-07-2  4693   
[2025-07-26T05:07:04.788+0000] {spark_submit.py:521} INFO -                      ullish                     w.benzinga              6 04:45:1         
[2025-07-26T05:07:04.788+0000] {spark_submit.py:521} INFO -                                                 .com/press              4.278565          
[2025-07-26T05:07:04.789+0000] {spark_submit.py:521} INFO -                                                                                          
[2025-07-26T05:07:04.790+0000] {spark_submit.py:521} INFO -  MSFT    0.122797    Neutral     0.118354      https://ww  13968       2025-07-2  4694   
[2025-07-26T05:07:04.790+0000] {spark_submit.py:521} INFO -                                                 w.benzinga              6 04:45:1         
[2025-07-26T05:07:04.791+0000] {spark_submit.py:521} INFO -                                                 .com/press              4.278565          
[2025-07-26T05:07:04.791+0000] {spark_submit.py:521} INFO -                                                                                          
[2025-07-26T05:07:04.792+0000] {spark_submit.py:521} INFO -  NOW     0.122797    Neutral     0.118354      https://ww  21963       2025-07-2  4694   
[2025-07-26T05:07:04.792+0000] {spark_submit.py:521} INFO -                                                 w.benzinga              6 04:45:1         
[2025-07-26T05:07:04.793+0000] {spark_submit.py:521} INFO -                                                 .com/press              4.278565          
[2025-07-26T05:07:04.793+0000] {spark_submit.py:521} INFO -                                                                                          
[2025-07-26T05:07:04.794+0000] {spark_submit.py:521} INFO - 
[2025-07-26T05:07:04.806+0000] {spark_submit.py:521} INFO - Data inserted into fact_news_companies successfully!
[2025-07-26T05:07:04.901+0000] {spark_submit.py:521} INFO - 25/07/26 05:07:04 INFO SparkContext: SparkContext is stopping with exitCode 0.
[2025-07-26T05:07:04.916+0000] {spark_submit.py:521} INFO - 25/07/26 05:07:04 INFO SparkUI: Stopped Spark web UI at http://3bc71adbf7e0:4040
[2025-07-26T05:07:04.922+0000] {spark_submit.py:521} INFO - 25/07/26 05:07:04 INFO StandaloneSchedulerBackend: Shutting down all executors
[2025-07-26T05:07:04.922+0000] {spark_submit.py:521} INFO - 25/07/26 05:07:04 INFO StandaloneSchedulerBackend$StandaloneDriverEndpoint: Asking each executor to shut down
[2025-07-26T05:07:04.951+0000] {spark_submit.py:521} INFO - 25/07/26 05:07:04 INFO MapOutputTrackerMasterEndpoint: MapOutputTrackerMasterEndpoint stopped!
[2025-07-26T05:07:04.977+0000] {spark_submit.py:521} INFO - 25/07/26 05:07:04 INFO MemoryStore: MemoryStore cleared
[2025-07-26T05:07:04.977+0000] {spark_submit.py:521} INFO - 25/07/26 05:07:04 INFO BlockManager: BlockManager stopped
[2025-07-26T05:07:04.981+0000] {spark_submit.py:521} INFO - 25/07/26 05:07:04 INFO BlockManagerMaster: BlockManagerMaster stopped
[2025-07-26T05:07:04.987+0000] {spark_submit.py:521} INFO - 25/07/26 05:07:04 INFO OutputCommitCoordinator$OutputCommitCoordinatorEndpoint: OutputCommitCoordinator stopped!
[2025-07-26T05:07:05.003+0000] {spark_submit.py:521} INFO - 25/07/26 05:07:05 INFO SparkContext: Successfully stopped SparkContext
[2025-07-26T05:07:05.267+0000] {spark_submit.py:521} INFO - Process completed successfully.
[2025-07-26T05:07:05.519+0000] {spark_submit.py:521} INFO - 25/07/26 05:07:05 INFO ShutdownHookManager: Shutdown hook called
[2025-07-26T05:07:05.519+0000] {spark_submit.py:521} INFO - 25/07/26 05:07:05 INFO ShutdownHookManager: Deleting directory /tmp/spark-1917d3e8-83e7-434b-86c9-383c46d094d2/pyspark-fcf87d33-b9ac-469e-8a49-27cce9a7c7a3
[2025-07-26T05:07:05.524+0000] {spark_submit.py:521} INFO - 25/07/26 05:07:05 INFO ShutdownHookManager: Deleting directory /tmp/spark-316da8f6-0d24-497d-8739-c6bf02853698
[2025-07-26T05:07:05.526+0000] {spark_submit.py:521} INFO - 25/07/26 05:07:05 INFO ShutdownHookManager: Deleting directory /tmp/spark-1917d3e8-83e7-434b-86c9-383c46d094d2
[2025-07-26T05:07:05.532+0000] {spark_submit.py:521} INFO - 25/07/26 05:07:05 INFO MetricsSystemImpl: Stopping s3a-file-system metrics system...
[2025-07-26T05:07:05.532+0000] {spark_submit.py:521} INFO - 25/07/26 05:07:05 INFO MetricsSystemImpl: s3a-file-system metrics system stopped.
[2025-07-26T05:07:05.532+0000] {spark_submit.py:521} INFO - 25/07/26 05:07:05 INFO MetricsSystemImpl: s3a-file-system metrics system shutdown complete.
[2025-07-26T05:07:05.566+0000] {taskinstance.py:341} INFO - ::group::Post task execution logs
[2025-07-26T05:07:05.567+0000] {taskinstance.py:353} INFO - Marking task as SUCCESS. dag_id=elt_to_dwh, task_id=transform_task.process_news, run_id=scheduled__2025-07-15T00:00:00+00:00, execution_date=20250715T000000, start_date=20250726T050637, end_date=20250726T050705
[2025-07-26T05:07:05.618+0000] {local_task_job_runner.py:266} INFO - Task exited with return code 0
[2025-07-26T05:07:05.627+0000] {taskinstance.py:3901} INFO - 0 downstream tasks scheduled from follow-on schedule check
[2025-07-26T05:07:05.627+0000] {local_task_job_runner.py:245} INFO - ::endgroup::
