[2025-07-25T11:11:13.443+0000] {local_task_job_runner.py:123} INFO - ::group::Pre task execution logs
[2025-07-25T11:11:13.478+0000] {taskinstance.py:2614} INFO - Dependencies all met for dep_context=non-requeueable deps ti=<TaskInstance: elt_to_dwh.extract_task.crawl_ohlcs scheduled__2025-07-11T00:00:00+00:00 [queued]>
[2025-07-25T11:11:13.528+0000] {taskinstance.py:2614} INFO - Dependencies all met for dep_context=requeueable deps ti=<TaskInstance: elt_to_dwh.extract_task.crawl_ohlcs scheduled__2025-07-11T00:00:00+00:00 [queued]>
[2025-07-25T11:11:13.530+0000] {taskinstance.py:2867} INFO - Starting attempt 1 of 1
[2025-07-25T11:11:13.569+0000] {taskinstance.py:2890} INFO - Executing <Task(PythonOperator): extract_task.crawl_ohlcs> on 2025-07-11 00:00:00+00:00
[2025-07-25T11:11:13.584+0000] {standard_task_runner.py:104} INFO - Running: ['airflow', 'tasks', 'run', 'elt_to_dwh', 'extract_task.crawl_ohlcs', 'scheduled__2025-07-11T00:00:00+00:00', '--job-id', '76', '--raw', '--subdir', 'DAGS_FOLDER/elt_to_dwh.py', '--cfg-path', '/tmp/tmpaiag78l7']
[2025-07-25T11:11:13.587+0000] {standard_task_runner.py:105} INFO - Job 76: Subtask extract_task.crawl_ohlcs
[2025-07-25T11:11:13.593+0000] {logging_mixin.py:190} WARNING - /home/airflow/.local/lib/python3.12/site-packages/airflow/task/task_runner/standard_task_runner.py:70 DeprecationWarning: This process (pid=2778) is multi-threaded, use of fork() may lead to deadlocks in the child.
[2025-07-25T11:11:13.595+0000] {standard_task_runner.py:72} INFO - Started process 2788 to run task
[2025-07-25T11:11:13.691+0000] {task_command.py:467} INFO - Running <TaskInstance: elt_to_dwh.extract_task.crawl_ohlcs scheduled__2025-07-11T00:00:00+00:00 [running]> on host 74cfddf97016
[2025-07-25T11:11:13.802+0000] {taskinstance.py:3134} INFO - Exporting env vars: AIRFLOW_CTX_DAG_OWNER='airflow' AIRFLOW_CTX_DAG_ID='elt_to_dwh' AIRFLOW_CTX_TASK_ID='extract_task.crawl_ohlcs' AIRFLOW_CTX_EXECUTION_DATE='2025-07-11T00:00:00+00:00' AIRFLOW_CTX_TRY_NUMBER='1' AIRFLOW_CTX_DAG_RUN_ID='scheduled__2025-07-11T00:00:00+00:00'
[2025-07-25T11:11:13.803+0000] {taskinstance.py:732} INFO - ::endgroup::
[2025-07-25T11:11:13.826+0000] {logging_mixin.py:190} INFO - url: https://api.polygon.io/v2/aggs/grouped/locale/us/market/stocks/2025-07-11?adjusted=true&include_otc=true&apiKey=2lwa_Zgcz4qzZ1X30xbf2CQBf_AldkL0
[2025-07-25T11:11:16.591+0000] {logging_mixin.py:190} INFO - The process of crawling 15450 OHLCs was successful
[2025-07-25T11:11:16.592+0000] {logging_mixin.py:190} INFO - Saving at /opt/airflow/data/raw/ohlcs/crawl_ohlcs-20250711.json
[2025-07-25T11:11:16.599+0000] {python.py:240} INFO - Done. Returned value was: None
[2025-07-25T11:11:16.618+0000] {taskinstance.py:341} INFO - ::group::Post task execution logs
[2025-07-25T11:11:16.619+0000] {taskinstance.py:353} INFO - Marking task as SUCCESS. dag_id=elt_to_dwh, task_id=extract_task.crawl_ohlcs, run_id=scheduled__2025-07-11T00:00:00+00:00, execution_date=20250711T000000, start_date=20250725T111113, end_date=20250725T111116
[2025-07-25T11:11:16.673+0000] {local_task_job_runner.py:266} INFO - Task exited with return code 0
[2025-07-25T11:11:16.723+0000] {taskinstance.py:3901} INFO - 1 downstream tasks scheduled from follow-on schedule check
[2025-07-25T11:11:16.734+0000] {local_task_job_runner.py:245} INFO - ::endgroup::
[2025-07-25T11:50:39.264+0000] {local_task_job_runner.py:123} INFO - ::group::Pre task execution logs
[2025-07-25T11:50:39.289+0000] {taskinstance.py:2614} INFO - Dependencies all met for dep_context=non-requeueable deps ti=<TaskInstance: elt_to_dwh.extract_task.crawl_ohlcs scheduled__2025-07-11T00:00:00+00:00 [queued]>
[2025-07-25T11:50:39.307+0000] {taskinstance.py:2614} INFO - Dependencies all met for dep_context=requeueable deps ti=<TaskInstance: elt_to_dwh.extract_task.crawl_ohlcs scheduled__2025-07-11T00:00:00+00:00 [queued]>
[2025-07-25T11:50:39.308+0000] {taskinstance.py:2867} INFO - Starting attempt 1 of 1
[2025-07-25T11:50:39.334+0000] {taskinstance.py:2890} INFO - Executing <Task(PythonOperator): extract_task.crawl_ohlcs> on 2025-07-11 00:00:00+00:00
[2025-07-25T11:50:39.346+0000] {standard_task_runner.py:104} INFO - Running: ['airflow', 'tasks', 'run', 'elt_to_dwh', 'extract_task.crawl_ohlcs', 'scheduled__2025-07-11T00:00:00+00:00', '--job-id', '147', '--raw', '--subdir', 'DAGS_FOLDER/elt_to_dwh.py', '--cfg-path', '/tmp/tmp40h_uno0']
[2025-07-25T11:50:39.350+0000] {standard_task_runner.py:105} INFO - Job 147: Subtask extract_task.crawl_ohlcs
[2025-07-25T11:50:39.355+0000] {logging_mixin.py:190} WARNING - /home/airflow/.local/lib/python3.12/site-packages/airflow/task/task_runner/standard_task_runner.py:70 DeprecationWarning: This process (pid=4537) is multi-threaded, use of fork() may lead to deadlocks in the child.
[2025-07-25T11:50:39.358+0000] {standard_task_runner.py:72} INFO - Started process 4547 to run task
[2025-07-25T11:50:39.432+0000] {task_command.py:467} INFO - Running <TaskInstance: elt_to_dwh.extract_task.crawl_ohlcs scheduled__2025-07-11T00:00:00+00:00 [running]> on host 74cfddf97016
[2025-07-25T11:50:39.534+0000] {taskinstance.py:3134} INFO - Exporting env vars: AIRFLOW_CTX_DAG_OWNER='airflow' AIRFLOW_CTX_DAG_ID='elt_to_dwh' AIRFLOW_CTX_TASK_ID='extract_task.crawl_ohlcs' AIRFLOW_CTX_EXECUTION_DATE='2025-07-11T00:00:00+00:00' AIRFLOW_CTX_TRY_NUMBER='1' AIRFLOW_CTX_DAG_RUN_ID='scheduled__2025-07-11T00:00:00+00:00'
[2025-07-25T11:50:39.535+0000] {taskinstance.py:732} INFO - ::endgroup::
[2025-07-25T11:50:39.558+0000] {logging_mixin.py:190} INFO - url: https://api.polygon.io/v2/aggs/grouped/locale/us/market/stocks/2025-07-11?adjusted=true&include_otc=true&apiKey=2lwa_Zgcz4qzZ1X30xbf2CQBf_AldkL0
[2025-07-25T11:50:42.188+0000] {logging_mixin.py:190} INFO - The process of crawling 15450 OHLCs was successful
[2025-07-25T11:50:42.188+0000] {logging_mixin.py:190} INFO - Saving at /opt/airflow/data/raw/ohlcs/crawl_ohlcs-20250711.json
[2025-07-25T11:50:42.194+0000] {python.py:240} INFO - Done. Returned value was: None
[2025-07-25T11:50:42.202+0000] {taskinstance.py:341} INFO - ::group::Post task execution logs
[2025-07-25T11:50:42.203+0000] {taskinstance.py:353} INFO - Marking task as SUCCESS. dag_id=elt_to_dwh, task_id=extract_task.crawl_ohlcs, run_id=scheduled__2025-07-11T00:00:00+00:00, execution_date=20250711T000000, start_date=20250725T115039, end_date=20250725T115042
[2025-07-25T11:50:42.237+0000] {local_task_job_runner.py:266} INFO - Task exited with return code 0
[2025-07-25T11:50:42.258+0000] {taskinstance.py:3901} INFO - 1 downstream tasks scheduled from follow-on schedule check
[2025-07-25T11:50:42.266+0000] {local_task_job_runner.py:245} INFO - ::endgroup::
[2025-07-26T04:56:53.351+0000] {local_task_job_runner.py:123} INFO - ::group::Pre task execution logs
[2025-07-26T04:56:53.371+0000] {taskinstance.py:2614} INFO - Dependencies all met for dep_context=non-requeueable deps ti=<TaskInstance: elt_to_dwh.extract_task.crawl_ohlcs scheduled__2025-07-11T00:00:00+00:00 [queued]>
[2025-07-26T04:56:53.383+0000] {taskinstance.py:2614} INFO - Dependencies all met for dep_context=requeueable deps ti=<TaskInstance: elt_to_dwh.extract_task.crawl_ohlcs scheduled__2025-07-11T00:00:00+00:00 [queued]>
[2025-07-26T04:56:53.383+0000] {taskinstance.py:2867} INFO - Starting attempt 1 of 1
[2025-07-26T04:56:53.399+0000] {taskinstance.py:2890} INFO - Executing <Task(PythonOperator): extract_task.crawl_ohlcs> on 2025-07-11 00:00:00+00:00
[2025-07-26T04:56:53.407+0000] {standard_task_runner.py:104} INFO - Running: ['airflow', 'tasks', 'run', 'elt_to_dwh', 'extract_task.crawl_ohlcs', 'scheduled__2025-07-11T00:00:00+00:00', '--job-id', '23', '--raw', '--subdir', 'DAGS_FOLDER/elt_to_dwh.py', '--cfg-path', '/tmp/tmp1qnyevru']
[2025-07-26T04:56:53.410+0000] {standard_task_runner.py:105} INFO - Job 23: Subtask extract_task.crawl_ohlcs
[2025-07-26T04:56:53.414+0000] {logging_mixin.py:190} WARNING - /home/airflow/.local/lib/python3.12/site-packages/airflow/task/task_runner/standard_task_runner.py:70 DeprecationWarning: This process (pid=622) is multi-threaded, use of fork() may lead to deadlocks in the child.
[2025-07-26T04:56:53.415+0000] {standard_task_runner.py:72} INFO - Started process 632 to run task
[2025-07-26T04:56:53.451+0000] {task_command.py:467} INFO - Running <TaskInstance: elt_to_dwh.extract_task.crawl_ohlcs scheduled__2025-07-11T00:00:00+00:00 [running]> on host 3bc71adbf7e0
[2025-07-26T04:56:53.528+0000] {taskinstance.py:3134} INFO - Exporting env vars: AIRFLOW_CTX_DAG_OWNER='airflow' AIRFLOW_CTX_DAG_ID='elt_to_dwh' AIRFLOW_CTX_TASK_ID='extract_task.crawl_ohlcs' AIRFLOW_CTX_EXECUTION_DATE='2025-07-11T00:00:00+00:00' AIRFLOW_CTX_TRY_NUMBER='1' AIRFLOW_CTX_DAG_RUN_ID='scheduled__2025-07-11T00:00:00+00:00'
[2025-07-26T04:56:53.529+0000] {taskinstance.py:732} INFO - ::endgroup::
[2025-07-26T04:56:53.553+0000] {logging_mixin.py:190} INFO - url: https://api.polygon.io/v2/aggs/grouped/locale/us/market/stocks/2025-07-11?adjusted=true&include_otc=true&apiKey=2lwa_Zgcz4qzZ1X30xbf2CQBf_AldkL0
[2025-07-26T04:56:55.694+0000] {logging_mixin.py:190} INFO - The process of crawling 15450 OHLCs was successful
[2025-07-26T04:56:55.694+0000] {logging_mixin.py:190} INFO - Saving at /opt/airflow/data/raw/ohlcs/crawl_ohlcs-20250711.json
[2025-07-26T04:56:55.698+0000] {python.py:240} INFO - Done. Returned value was: None
[2025-07-26T04:56:55.702+0000] {taskinstance.py:341} INFO - ::group::Post task execution logs
[2025-07-26T04:56:55.702+0000] {taskinstance.py:353} INFO - Marking task as SUCCESS. dag_id=elt_to_dwh, task_id=extract_task.crawl_ohlcs, run_id=scheduled__2025-07-11T00:00:00+00:00, execution_date=20250711T000000, start_date=20250726T045653, end_date=20250726T045655
[2025-07-26T04:56:55.757+0000] {local_task_job_runner.py:266} INFO - Task exited with return code 0
[2025-07-26T04:56:55.773+0000] {taskinstance.py:3901} INFO - 1 downstream tasks scheduled from follow-on schedule check
[2025-07-26T04:56:55.780+0000] {local_task_job_runner.py:245} INFO - ::endgroup::
