[2025-07-25T11:14:13.806+0000] {local_task_job_runner.py:123} INFO - ::group::Pre task execution logs
[2025-07-25T11:14:13.814+0000] {taskinstance.py:2614} INFO - Dependencies all met for dep_context=non-requeueable deps ti=<TaskInstance: elt_to_dwh.create_dwh scheduled__2025-07-17T00:00:00+00:00 [queued]>
[2025-07-25T11:14:13.820+0000] {taskinstance.py:2614} INFO - Dependencies all met for dep_context=requeueable deps ti=<TaskInstance: elt_to_dwh.create_dwh scheduled__2025-07-17T00:00:00+00:00 [queued]>
[2025-07-25T11:14:13.820+0000] {taskinstance.py:2867} INFO - Starting attempt 1 of 1
[2025-07-25T11:14:13.835+0000] {taskinstance.py:2890} INFO - Executing <Task(PythonOperator): create_dwh> on 2025-07-17 00:00:00+00:00
[2025-07-25T11:14:13.842+0000] {standard_task_runner.py:104} INFO - Running: ['airflow', 'tasks', 'run', 'elt_to_dwh', 'create_dwh', 'scheduled__2025-07-17T00:00:00+00:00', '--job-id', '104', '--raw', '--subdir', 'DAGS_FOLDER/elt_to_dwh.py', '--cfg-path', '/tmp/tmp6fghwc18']
[2025-07-25T11:14:13.844+0000] {standard_task_runner.py:105} INFO - Job 104: Subtask create_dwh
[2025-07-25T11:14:13.846+0000] {logging_mixin.py:190} WARNING - /home/airflow/.local/lib/python3.12/site-packages/airflow/task/task_runner/standard_task_runner.py:70 DeprecationWarning: This process (pid=3256) is multi-threaded, use of fork() may lead to deadlocks in the child.
[2025-07-25T11:14:13.847+0000] {standard_task_runner.py:72} INFO - Started process 3266 to run task
[2025-07-25T11:14:13.878+0000] {task_command.py:467} INFO - Running <TaskInstance: elt_to_dwh.create_dwh scheduled__2025-07-17T00:00:00+00:00 [running]> on host 74cfddf97016
[2025-07-25T11:14:13.938+0000] {taskinstance.py:3134} INFO - Exporting env vars: AIRFLOW_CTX_DAG_OWNER='airflow' AIRFLOW_CTX_DAG_ID='elt_to_dwh' AIRFLOW_CTX_TASK_ID='create_dwh' AIRFLOW_CTX_EXECUTION_DATE='2025-07-17T00:00:00+00:00' AIRFLOW_CTX_TRY_NUMBER='1' AIRFLOW_CTX_DAG_RUN_ID='scheduled__2025-07-17T00:00:00+00:00'
[2025-07-25T11:14:13.938+0000] {taskinstance.py:732} INFO - ::endgroup::
[2025-07-25T11:14:13.998+0000] {logging_mixin.py:190} INFO - Executed DDL script successfully!
[2025-07-25T11:14:14.010+0000] {python.py:240} INFO - Done. Returned value was: None
[2025-07-25T11:14:14.015+0000] {taskinstance.py:341} INFO - ::group::Post task execution logs
[2025-07-25T11:14:14.015+0000] {taskinstance.py:353} INFO - Marking task as SUCCESS. dag_id=elt_to_dwh, task_id=create_dwh, run_id=scheduled__2025-07-17T00:00:00+00:00, execution_date=20250717T000000, start_date=20250725T111413, end_date=20250725T111414
[2025-07-25T11:14:14.061+0000] {local_task_job_runner.py:266} INFO - Task exited with return code 0
[2025-07-25T11:14:14.081+0000] {taskinstance.py:3901} INFO - 3 downstream tasks scheduled from follow-on schedule check
[2025-07-25T11:14:14.087+0000] {local_task_job_runner.py:245} INFO - ::endgroup::
[2025-07-25T11:53:37.423+0000] {local_task_job_runner.py:123} INFO - ::group::Pre task execution logs
[2025-07-25T11:53:37.445+0000] {taskinstance.py:2614} INFO - Dependencies all met for dep_context=non-requeueable deps ti=<TaskInstance: elt_to_dwh.create_dwh scheduled__2025-07-17T00:00:00+00:00 [queued]>
[2025-07-25T11:53:37.460+0000] {taskinstance.py:2614} INFO - Dependencies all met for dep_context=requeueable deps ti=<TaskInstance: elt_to_dwh.create_dwh scheduled__2025-07-17T00:00:00+00:00 [queued]>
[2025-07-25T11:53:37.462+0000] {taskinstance.py:2867} INFO - Starting attempt 1 of 1
[2025-07-25T11:53:37.493+0000] {taskinstance.py:2890} INFO - Executing <Task(PythonOperator): create_dwh> on 2025-07-17 00:00:00+00:00
[2025-07-25T11:53:37.506+0000] {standard_task_runner.py:104} INFO - Running: ['airflow', 'tasks', 'run', 'elt_to_dwh', 'create_dwh', 'scheduled__2025-07-17T00:00:00+00:00', '--job-id', '171', '--raw', '--subdir', 'DAGS_FOLDER/elt_to_dwh.py', '--cfg-path', '/tmp/tmpipfeyaiz']
[2025-07-25T11:53:37.509+0000] {standard_task_runner.py:105} INFO - Job 171: Subtask create_dwh
[2025-07-25T11:53:37.512+0000] {logging_mixin.py:190} WARNING - /home/airflow/.local/lib/python3.12/site-packages/airflow/task/task_runner/standard_task_runner.py:70 DeprecationWarning: This process (pid=4943) is multi-threaded, use of fork() may lead to deadlocks in the child.
[2025-07-25T11:53:37.513+0000] {standard_task_runner.py:72} INFO - Started process 4953 to run task
[2025-07-25T11:53:37.572+0000] {task_command.py:467} INFO - Running <TaskInstance: elt_to_dwh.create_dwh scheduled__2025-07-17T00:00:00+00:00 [running]> on host 74cfddf97016
[2025-07-25T11:53:37.678+0000] {taskinstance.py:3134} INFO - Exporting env vars: AIRFLOW_CTX_DAG_OWNER='airflow' AIRFLOW_CTX_DAG_ID='elt_to_dwh' AIRFLOW_CTX_TASK_ID='create_dwh' AIRFLOW_CTX_EXECUTION_DATE='2025-07-17T00:00:00+00:00' AIRFLOW_CTX_TRY_NUMBER='1' AIRFLOW_CTX_DAG_RUN_ID='scheduled__2025-07-17T00:00:00+00:00'
[2025-07-25T11:53:37.679+0000] {taskinstance.py:732} INFO - ::endgroup::
[2025-07-25T11:53:37.784+0000] {logging_mixin.py:190} INFO - Executed DDL script successfully!
[2025-07-25T11:53:37.806+0000] {python.py:240} INFO - Done. Returned value was: None
[2025-07-25T11:53:37.817+0000] {taskinstance.py:341} INFO - ::group::Post task execution logs
[2025-07-25T11:53:37.818+0000] {taskinstance.py:353} INFO - Marking task as SUCCESS. dag_id=elt_to_dwh, task_id=create_dwh, run_id=scheduled__2025-07-17T00:00:00+00:00, execution_date=20250717T000000, start_date=20250725T115337, end_date=20250725T115337
[2025-07-25T11:53:37.892+0000] {local_task_job_runner.py:266} INFO - Task exited with return code 0
[2025-07-25T11:53:37.928+0000] {taskinstance.py:3901} INFO - 3 downstream tasks scheduled from follow-on schedule check
[2025-07-25T11:53:37.936+0000] {local_task_job_runner.py:245} INFO - ::endgroup::
[2025-07-26T05:01:44.816+0000] {local_task_job_runner.py:123} INFO - ::group::Pre task execution logs
[2025-07-26T05:01:44.828+0000] {taskinstance.py:2614} INFO - Dependencies all met for dep_context=non-requeueable deps ti=<TaskInstance: elt_to_dwh.create_dwh scheduled__2025-07-17T00:00:00+00:00 [queued]>
[2025-07-26T05:01:44.838+0000] {taskinstance.py:2614} INFO - Dependencies all met for dep_context=requeueable deps ti=<TaskInstance: elt_to_dwh.create_dwh scheduled__2025-07-17T00:00:00+00:00 [queued]>
[2025-07-26T05:01:44.839+0000] {taskinstance.py:2867} INFO - Starting attempt 1 of 1
[2025-07-26T05:01:44.855+0000] {taskinstance.py:2890} INFO - Executing <Task(PythonOperator): create_dwh> on 2025-07-17 00:00:00+00:00
[2025-07-26T05:01:44.861+0000] {standard_task_runner.py:104} INFO - Running: ['airflow', 'tasks', 'run', 'elt_to_dwh', 'create_dwh', 'scheduled__2025-07-17T00:00:00+00:00', '--job-id', '58', '--raw', '--subdir', 'DAGS_FOLDER/elt_to_dwh.py', '--cfg-path', '/tmp/tmp_wxzi764']
[2025-07-26T05:01:44.863+0000] {standard_task_runner.py:105} INFO - Job 58: Subtask create_dwh
[2025-07-26T05:01:44.865+0000] {logging_mixin.py:190} WARNING - /home/airflow/.local/lib/python3.12/site-packages/airflow/task/task_runner/standard_task_runner.py:70 DeprecationWarning: This process (pid=2244) is multi-threaded, use of fork() may lead to deadlocks in the child.
[2025-07-26T05:01:44.866+0000] {standard_task_runner.py:72} INFO - Started process 2254 to run task
[2025-07-26T05:01:44.894+0000] {task_command.py:467} INFO - Running <TaskInstance: elt_to_dwh.create_dwh scheduled__2025-07-17T00:00:00+00:00 [running]> on host 3bc71adbf7e0
[2025-07-26T05:01:44.957+0000] {taskinstance.py:3134} INFO - Exporting env vars: AIRFLOW_CTX_DAG_OWNER='airflow' AIRFLOW_CTX_DAG_ID='elt_to_dwh' AIRFLOW_CTX_TASK_ID='create_dwh' AIRFLOW_CTX_EXECUTION_DATE='2025-07-17T00:00:00+00:00' AIRFLOW_CTX_TRY_NUMBER='1' AIRFLOW_CTX_DAG_RUN_ID='scheduled__2025-07-17T00:00:00+00:00'
[2025-07-26T05:01:44.958+0000] {taskinstance.py:732} INFO - ::endgroup::
[2025-07-26T05:01:45.007+0000] {logging_mixin.py:190} INFO - Executed DDL script successfully!
[2025-07-26T05:01:45.025+0000] {python.py:240} INFO - Done. Returned value was: None
[2025-07-26T05:01:45.030+0000] {taskinstance.py:341} INFO - ::group::Post task execution logs
[2025-07-26T05:01:45.031+0000] {taskinstance.py:353} INFO - Marking task as SUCCESS. dag_id=elt_to_dwh, task_id=create_dwh, run_id=scheduled__2025-07-17T00:00:00+00:00, execution_date=20250717T000000, start_date=20250726T050144, end_date=20250726T050145
[2025-07-26T05:01:45.081+0000] {local_task_job_runner.py:266} INFO - Task exited with return code 0
[2025-07-26T05:01:45.109+0000] {taskinstance.py:3901} INFO - 3 downstream tasks scheduled from follow-on schedule check
[2025-07-26T05:01:45.115+0000] {local_task_job_runner.py:245} INFO - ::endgroup::
