[2025-07-25T11:13:46.179+0000] {local_task_job_runner.py:123} INFO - ::group::Pre task execution logs
[2025-07-25T11:13:46.191+0000] {taskinstance.py:2614} INFO - Dependencies all met for dep_context=non-requeueable deps ti=<TaskInstance: elt_to_dwh.extract_task.crawl_ohlcs scheduled__2025-07-15T00:00:00+00:00 [queued]>
[2025-07-25T11:13:46.198+0000] {taskinstance.py:2614} INFO - Dependencies all met for dep_context=requeueable deps ti=<TaskInstance: elt_to_dwh.extract_task.crawl_ohlcs scheduled__2025-07-15T00:00:00+00:00 [queued]>
[2025-07-25T11:13:46.199+0000] {taskinstance.py:2867} INFO - Starting attempt 1 of 1
[2025-07-25T11:13:46.211+0000] {taskinstance.py:2890} INFO - Executing <Task(PythonOperator): extract_task.crawl_ohlcs> on 2025-07-15 00:00:00+00:00
[2025-07-25T11:13:46.218+0000] {standard_task_runner.py:104} INFO - Running: ['airflow', 'tasks', 'run', 'elt_to_dwh', 'extract_task.crawl_ohlcs', 'scheduled__2025-07-15T00:00:00+00:00', '--job-id', '100', '--raw', '--subdir', 'DAGS_FOLDER/elt_to_dwh.py', '--cfg-path', '/tmp/tmpla30qo1h']
[2025-07-25T11:13:46.220+0000] {standard_task_runner.py:105} INFO - Job 100: Subtask extract_task.crawl_ohlcs
[2025-07-25T11:13:46.222+0000] {logging_mixin.py:190} WARNING - /home/airflow/.local/lib/python3.12/site-packages/airflow/task/task_runner/standard_task_runner.py:70 DeprecationWarning: This process (pid=3180) is multi-threaded, use of fork() may lead to deadlocks in the child.
[2025-07-25T11:13:46.222+0000] {standard_task_runner.py:72} INFO - Started process 3190 to run task
[2025-07-25T11:13:46.271+0000] {task_command.py:467} INFO - Running <TaskInstance: elt_to_dwh.extract_task.crawl_ohlcs scheduled__2025-07-15T00:00:00+00:00 [running]> on host 74cfddf97016
[2025-07-25T11:13:46.351+0000] {taskinstance.py:3134} INFO - Exporting env vars: AIRFLOW_CTX_DAG_OWNER='airflow' AIRFLOW_CTX_DAG_ID='elt_to_dwh' AIRFLOW_CTX_TASK_ID='extract_task.crawl_ohlcs' AIRFLOW_CTX_EXECUTION_DATE='2025-07-15T00:00:00+00:00' AIRFLOW_CTX_TRY_NUMBER='1' AIRFLOW_CTX_DAG_RUN_ID='scheduled__2025-07-15T00:00:00+00:00'
[2025-07-25T11:13:46.352+0000] {taskinstance.py:732} INFO - ::endgroup::
[2025-07-25T11:13:46.405+0000] {logging_mixin.py:190} INFO - url: https://api.polygon.io/v2/aggs/grouped/locale/us/market/stocks/2025-07-15?adjusted=true&include_otc=true&apiKey=2lwa_Zgcz4qzZ1X30xbf2CQBf_AldkL0
[2025-07-25T11:13:48.786+0000] {logging_mixin.py:190} INFO - The process of crawling 15381 OHLCs was successful
[2025-07-25T11:13:48.787+0000] {logging_mixin.py:190} INFO - Saving at /opt/airflow/data/raw/ohlcs/crawl_ohlcs-20250715.json
[2025-07-25T11:13:48.791+0000] {python.py:240} INFO - Done. Returned value was: None
[2025-07-25T11:13:48.796+0000] {taskinstance.py:341} INFO - ::group::Post task execution logs
[2025-07-25T11:13:48.797+0000] {taskinstance.py:353} INFO - Marking task as SUCCESS. dag_id=elt_to_dwh, task_id=extract_task.crawl_ohlcs, run_id=scheduled__2025-07-15T00:00:00+00:00, execution_date=20250715T000000, start_date=20250725T111346, end_date=20250725T111348
[2025-07-25T11:13:48.847+0000] {local_task_job_runner.py:266} INFO - Task exited with return code 0
[2025-07-25T11:13:48.862+0000] {taskinstance.py:3901} INFO - 1 downstream tasks scheduled from follow-on schedule check
[2025-07-25T11:13:48.867+0000] {local_task_job_runner.py:245} INFO - ::endgroup::
[2025-07-25T11:52:59.744+0000] {local_task_job_runner.py:123} INFO - ::group::Pre task execution logs
[2025-07-25T11:52:59.761+0000] {taskinstance.py:2614} INFO - Dependencies all met for dep_context=non-requeueable deps ti=<TaskInstance: elt_to_dwh.extract_task.crawl_ohlcs scheduled__2025-07-15T00:00:00+00:00 [queued]>
[2025-07-25T11:52:59.770+0000] {taskinstance.py:2614} INFO - Dependencies all met for dep_context=requeueable deps ti=<TaskInstance: elt_to_dwh.extract_task.crawl_ohlcs scheduled__2025-07-15T00:00:00+00:00 [queued]>
[2025-07-25T11:52:59.771+0000] {taskinstance.py:2867} INFO - Starting attempt 1 of 1
[2025-07-25T11:52:59.789+0000] {taskinstance.py:2890} INFO - Executing <Task(PythonOperator): extract_task.crawl_ohlcs> on 2025-07-15 00:00:00+00:00
[2025-07-25T11:52:59.798+0000] {standard_task_runner.py:104} INFO - Running: ['airflow', 'tasks', 'run', 'elt_to_dwh', 'extract_task.crawl_ohlcs', 'scheduled__2025-07-15T00:00:00+00:00', '--job-id', '167', '--raw', '--subdir', 'DAGS_FOLDER/elt_to_dwh.py', '--cfg-path', '/tmp/tmp41qyggj2']
[2025-07-25T11:52:59.801+0000] {standard_task_runner.py:105} INFO - Job 167: Subtask extract_task.crawl_ohlcs
[2025-07-25T11:52:59.803+0000] {logging_mixin.py:190} WARNING - /home/airflow/.local/lib/python3.12/site-packages/airflow/task/task_runner/standard_task_runner.py:70 DeprecationWarning: This process (pid=4867) is multi-threaded, use of fork() may lead to deadlocks in the child.
[2025-07-25T11:52:59.804+0000] {standard_task_runner.py:72} INFO - Started process 4877 to run task
[2025-07-25T11:52:59.847+0000] {task_command.py:467} INFO - Running <TaskInstance: elt_to_dwh.extract_task.crawl_ohlcs scheduled__2025-07-15T00:00:00+00:00 [running]> on host 74cfddf97016
[2025-07-25T11:52:59.918+0000] {taskinstance.py:3134} INFO - Exporting env vars: AIRFLOW_CTX_DAG_OWNER='airflow' AIRFLOW_CTX_DAG_ID='elt_to_dwh' AIRFLOW_CTX_TASK_ID='extract_task.crawl_ohlcs' AIRFLOW_CTX_EXECUTION_DATE='2025-07-15T00:00:00+00:00' AIRFLOW_CTX_TRY_NUMBER='1' AIRFLOW_CTX_DAG_RUN_ID='scheduled__2025-07-15T00:00:00+00:00'
[2025-07-25T11:52:59.919+0000] {taskinstance.py:732} INFO - ::endgroup::
[2025-07-25T11:52:59.935+0000] {logging_mixin.py:190} INFO - url: https://api.polygon.io/v2/aggs/grouped/locale/us/market/stocks/2025-07-15?adjusted=true&include_otc=true&apiKey=2lwa_Zgcz4qzZ1X30xbf2CQBf_AldkL0
[2025-07-25T11:53:02.590+0000] {logging_mixin.py:190} INFO - The process of crawling 15381 OHLCs was successful
[2025-07-25T11:53:02.591+0000] {logging_mixin.py:190} INFO - Saving at /opt/airflow/data/raw/ohlcs/crawl_ohlcs-20250715.json
[2025-07-25T11:53:02.599+0000] {python.py:240} INFO - Done. Returned value was: None
[2025-07-25T11:53:02.611+0000] {taskinstance.py:341} INFO - ::group::Post task execution logs
[2025-07-25T11:53:02.612+0000] {taskinstance.py:353} INFO - Marking task as SUCCESS. dag_id=elt_to_dwh, task_id=extract_task.crawl_ohlcs, run_id=scheduled__2025-07-15T00:00:00+00:00, execution_date=20250715T000000, start_date=20250725T115259, end_date=20250725T115302
[2025-07-25T11:53:02.676+0000] {local_task_job_runner.py:266} INFO - Task exited with return code 0
[2025-07-25T11:53:02.705+0000] {taskinstance.py:3901} INFO - 1 downstream tasks scheduled from follow-on schedule check
[2025-07-25T11:53:02.726+0000] {local_task_job_runner.py:245} INFO - ::endgroup::
[2025-07-26T05:00:19.700+0000] {local_task_job_runner.py:123} INFO - ::group::Pre task execution logs
[2025-07-26T05:00:19.711+0000] {taskinstance.py:2614} INFO - Dependencies all met for dep_context=non-requeueable deps ti=<TaskInstance: elt_to_dwh.extract_task.crawl_ohlcs scheduled__2025-07-15T00:00:00+00:00 [queued]>
[2025-07-26T05:00:19.719+0000] {taskinstance.py:2614} INFO - Dependencies all met for dep_context=requeueable deps ti=<TaskInstance: elt_to_dwh.extract_task.crawl_ohlcs scheduled__2025-07-15T00:00:00+00:00 [queued]>
[2025-07-26T05:00:19.720+0000] {taskinstance.py:2867} INFO - Starting attempt 1 of 1
[2025-07-26T05:00:19.734+0000] {taskinstance.py:2890} INFO - Executing <Task(PythonOperator): extract_task.crawl_ohlcs> on 2025-07-15 00:00:00+00:00
[2025-07-26T05:00:19.740+0000] {standard_task_runner.py:104} INFO - Running: ['airflow', 'tasks', 'run', 'elt_to_dwh', 'extract_task.crawl_ohlcs', 'scheduled__2025-07-15T00:00:00+00:00', '--job-id', '52', '--raw', '--subdir', 'DAGS_FOLDER/elt_to_dwh.py', '--cfg-path', '/tmp/tmp2_khoc8r']
[2025-07-26T05:00:19.741+0000] {standard_task_runner.py:105} INFO - Job 52: Subtask extract_task.crawl_ohlcs
[2025-07-26T05:00:19.743+0000] {logging_mixin.py:190} WARNING - /home/airflow/.local/lib/python3.12/site-packages/airflow/task/task_runner/standard_task_runner.py:70 DeprecationWarning: This process (pid=1567) is multi-threaded, use of fork() may lead to deadlocks in the child.
[2025-07-26T05:00:19.744+0000] {standard_task_runner.py:72} INFO - Started process 1577 to run task
[2025-07-26T05:00:19.772+0000] {task_command.py:467} INFO - Running <TaskInstance: elt_to_dwh.extract_task.crawl_ohlcs scheduled__2025-07-15T00:00:00+00:00 [running]> on host 3bc71adbf7e0
[2025-07-26T05:00:19.829+0000] {taskinstance.py:3134} INFO - Exporting env vars: AIRFLOW_CTX_DAG_OWNER='airflow' AIRFLOW_CTX_DAG_ID='elt_to_dwh' AIRFLOW_CTX_TASK_ID='extract_task.crawl_ohlcs' AIRFLOW_CTX_EXECUTION_DATE='2025-07-15T00:00:00+00:00' AIRFLOW_CTX_TRY_NUMBER='1' AIRFLOW_CTX_DAG_RUN_ID='scheduled__2025-07-15T00:00:00+00:00'
[2025-07-26T05:00:19.829+0000] {taskinstance.py:732} INFO - ::endgroup::
[2025-07-26T05:00:19.842+0000] {logging_mixin.py:190} INFO - url: https://api.polygon.io/v2/aggs/grouped/locale/us/market/stocks/2025-07-15?adjusted=true&include_otc=true&apiKey=2lwa_Zgcz4qzZ1X30xbf2CQBf_AldkL0
[2025-07-26T05:00:21.889+0000] {logging_mixin.py:190} INFO - The process of crawling 15381 OHLCs was successful
[2025-07-26T05:00:21.890+0000] {logging_mixin.py:190} INFO - Saving at /opt/airflow/data/raw/ohlcs/crawl_ohlcs-20250715.json
[2025-07-26T05:00:21.893+0000] {python.py:240} INFO - Done. Returned value was: None
[2025-07-26T05:00:21.897+0000] {taskinstance.py:341} INFO - ::group::Post task execution logs
[2025-07-26T05:00:21.898+0000] {taskinstance.py:353} INFO - Marking task as SUCCESS. dag_id=elt_to_dwh, task_id=extract_task.crawl_ohlcs, run_id=scheduled__2025-07-15T00:00:00+00:00, execution_date=20250715T000000, start_date=20250726T050019, end_date=20250726T050021
[2025-07-26T05:00:21.929+0000] {local_task_job_runner.py:266} INFO - Task exited with return code 0
[2025-07-26T05:00:21.945+0000] {taskinstance.py:3901} INFO - 1 downstream tasks scheduled from follow-on schedule check
[2025-07-26T05:00:21.950+0000] {local_task_job_runner.py:245} INFO - ::endgroup::
