[2025-07-25T11:12:45.524+0000] {local_task_job_runner.py:123} INFO - ::group::Pre task execution logs
[2025-07-25T11:12:45.533+0000] {taskinstance.py:2614} INFO - Dependencies all met for dep_context=non-requeueable deps ti=<TaskInstance: elt_to_dwh.create_dwh scheduled__2025-07-14T00:00:00+00:00 [queued]>
[2025-07-25T11:12:45.538+0000] {taskinstance.py:2614} INFO - Dependencies all met for dep_context=requeueable deps ti=<TaskInstance: elt_to_dwh.create_dwh scheduled__2025-07-14T00:00:00+00:00 [queued]>
[2025-07-25T11:12:45.539+0000] {taskinstance.py:2867} INFO - Starting attempt 1 of 1
[2025-07-25T11:12:45.553+0000] {taskinstance.py:2890} INFO - Executing <Task(PythonOperator): create_dwh> on 2025-07-14 00:00:00+00:00
[2025-07-25T11:12:45.560+0000] {standard_task_runner.py:104} INFO - Running: ['airflow', 'tasks', 'run', 'elt_to_dwh', 'create_dwh', 'scheduled__2025-07-14T00:00:00+00:00', '--job-id', '91', '--raw', '--subdir', 'DAGS_FOLDER/elt_to_dwh.py', '--cfg-path', '/tmp/tmp731hyjcl']
[2025-07-25T11:12:45.562+0000] {standard_task_runner.py:105} INFO - Job 91: Subtask create_dwh
[2025-07-25T11:12:45.563+0000] {logging_mixin.py:190} WARNING - /home/airflow/.local/lib/python3.12/site-packages/airflow/task/task_runner/standard_task_runner.py:70 DeprecationWarning: This process (pid=3031) is multi-threaded, use of fork() may lead to deadlocks in the child.
[2025-07-25T11:12:45.564+0000] {standard_task_runner.py:72} INFO - Started process 3041 to run task
[2025-07-25T11:12:45.594+0000] {task_command.py:467} INFO - Running <TaskInstance: elt_to_dwh.create_dwh scheduled__2025-07-14T00:00:00+00:00 [running]> on host 74cfddf97016
[2025-07-25T11:12:45.653+0000] {taskinstance.py:3134} INFO - Exporting env vars: AIRFLOW_CTX_DAG_OWNER='airflow' AIRFLOW_CTX_DAG_ID='elt_to_dwh' AIRFLOW_CTX_TASK_ID='create_dwh' AIRFLOW_CTX_EXECUTION_DATE='2025-07-14T00:00:00+00:00' AIRFLOW_CTX_TRY_NUMBER='1' AIRFLOW_CTX_DAG_RUN_ID='scheduled__2025-07-14T00:00:00+00:00'
[2025-07-25T11:12:45.654+0000] {taskinstance.py:732} INFO - ::endgroup::
[2025-07-25T11:12:45.716+0000] {logging_mixin.py:190} INFO - Executed DDL script successfully!
[2025-07-25T11:12:45.727+0000] {python.py:240} INFO - Done. Returned value was: None
[2025-07-25T11:12:45.732+0000] {taskinstance.py:341} INFO - ::group::Post task execution logs
[2025-07-25T11:12:45.733+0000] {taskinstance.py:353} INFO - Marking task as SUCCESS. dag_id=elt_to_dwh, task_id=create_dwh, run_id=scheduled__2025-07-14T00:00:00+00:00, execution_date=20250714T000000, start_date=20250725T111245, end_date=20250725T111245
[2025-07-25T11:12:45.779+0000] {local_task_job_runner.py:266} INFO - Task exited with return code 0
[2025-07-25T11:12:45.797+0000] {taskinstance.py:3901} INFO - 3 downstream tasks scheduled from follow-on schedule check
[2025-07-25T11:12:45.803+0000] {local_task_job_runner.py:245} INFO - ::endgroup::
[2025-07-25T11:51:34.084+0000] {local_task_job_runner.py:123} INFO - ::group::Pre task execution logs
[2025-07-25T11:51:34.102+0000] {taskinstance.py:2614} INFO - Dependencies all met for dep_context=non-requeueable deps ti=<TaskInstance: elt_to_dwh.create_dwh scheduled__2025-07-14T00:00:00+00:00 [queued]>
[2025-07-25T11:51:34.187+0000] {taskinstance.py:2614} INFO - Dependencies all met for dep_context=requeueable deps ti=<TaskInstance: elt_to_dwh.create_dwh scheduled__2025-07-14T00:00:00+00:00 [queued]>
[2025-07-25T11:51:34.187+0000] {taskinstance.py:2867} INFO - Starting attempt 1 of 1
[2025-07-25T11:51:34.345+0000] {taskinstance.py:2890} INFO - Executing <Task(PythonOperator): create_dwh> on 2025-07-14 00:00:00+00:00
[2025-07-25T11:51:34.362+0000] {standard_task_runner.py:104} INFO - Running: ['airflow', 'tasks', 'run', 'elt_to_dwh', 'create_dwh', 'scheduled__2025-07-14T00:00:00+00:00', '--job-id', '155', '--raw', '--subdir', 'DAGS_FOLDER/elt_to_dwh.py', '--cfg-path', '/tmp/tmp3klzziui']
[2025-07-25T11:51:34.373+0000] {standard_task_runner.py:105} INFO - Job 155: Subtask create_dwh
[2025-07-25T11:51:34.377+0000] {logging_mixin.py:190} WARNING - /home/airflow/.local/lib/python3.12/site-packages/airflow/task/task_runner/standard_task_runner.py:70 DeprecationWarning: This process (pid=4678) is multi-threaded, use of fork() may lead to deadlocks in the child.
[2025-07-25T11:51:34.382+0000] {standard_task_runner.py:72} INFO - Started process 4688 to run task
[2025-07-25T11:51:34.429+0000] {task_command.py:467} INFO - Running <TaskInstance: elt_to_dwh.create_dwh scheduled__2025-07-14T00:00:00+00:00 [running]> on host 74cfddf97016
[2025-07-25T11:51:34.511+0000] {taskinstance.py:3134} INFO - Exporting env vars: AIRFLOW_CTX_DAG_OWNER='airflow' AIRFLOW_CTX_DAG_ID='elt_to_dwh' AIRFLOW_CTX_TASK_ID='create_dwh' AIRFLOW_CTX_EXECUTION_DATE='2025-07-14T00:00:00+00:00' AIRFLOW_CTX_TRY_NUMBER='1' AIRFLOW_CTX_DAG_RUN_ID='scheduled__2025-07-14T00:00:00+00:00'
[2025-07-25T11:51:34.513+0000] {taskinstance.py:732} INFO - ::endgroup::
[2025-07-25T11:51:34.606+0000] {logging_mixin.py:190} INFO - Executed DDL script successfully!
[2025-07-25T11:51:34.626+0000] {python.py:240} INFO - Done. Returned value was: None
[2025-07-25T11:51:34.637+0000] {taskinstance.py:341} INFO - ::group::Post task execution logs
[2025-07-25T11:51:34.638+0000] {taskinstance.py:353} INFO - Marking task as SUCCESS. dag_id=elt_to_dwh, task_id=create_dwh, run_id=scheduled__2025-07-14T00:00:00+00:00, execution_date=20250714T000000, start_date=20250725T115134, end_date=20250725T115134
[2025-07-25T11:51:34.682+0000] {local_task_job_runner.py:266} INFO - Task exited with return code 0
[2025-07-25T11:51:34.719+0000] {taskinstance.py:3901} INFO - 3 downstream tasks scheduled from follow-on schedule check
[2025-07-25T11:51:34.726+0000] {local_task_job_runner.py:245} INFO - ::endgroup::
[2025-07-26T04:57:54.128+0000] {local_task_job_runner.py:123} INFO - ::group::Pre task execution logs
[2025-07-26T04:57:54.138+0000] {taskinstance.py:2614} INFO - Dependencies all met for dep_context=non-requeueable deps ti=<TaskInstance: elt_to_dwh.create_dwh scheduled__2025-07-14T00:00:00+00:00 [queued]>
[2025-07-26T04:57:54.143+0000] {taskinstance.py:2614} INFO - Dependencies all met for dep_context=requeueable deps ti=<TaskInstance: elt_to_dwh.create_dwh scheduled__2025-07-14T00:00:00+00:00 [queued]>
[2025-07-26T04:57:54.144+0000] {taskinstance.py:2867} INFO - Starting attempt 1 of 1
[2025-07-26T04:57:54.159+0000] {taskinstance.py:2890} INFO - Executing <Task(PythonOperator): create_dwh> on 2025-07-14 00:00:00+00:00
[2025-07-26T04:57:54.166+0000] {standard_task_runner.py:104} INFO - Running: ['airflow', 'tasks', 'run', 'elt_to_dwh', 'create_dwh', 'scheduled__2025-07-14T00:00:00+00:00', '--job-id', '34', '--raw', '--subdir', 'DAGS_FOLDER/elt_to_dwh.py', '--cfg-path', '/tmp/tmpm6b2k2b3']
[2025-07-26T04:57:54.168+0000] {standard_task_runner.py:105} INFO - Job 34: Subtask create_dwh
[2025-07-26T04:57:54.170+0000] {logging_mixin.py:190} WARNING - /home/airflow/.local/lib/python3.12/site-packages/airflow/task/task_runner/standard_task_runner.py:70 DeprecationWarning: This process (pid=867) is multi-threaded, use of fork() may lead to deadlocks in the child.
[2025-07-26T04:57:54.171+0000] {standard_task_runner.py:72} INFO - Started process 877 to run task
[2025-07-26T04:57:54.201+0000] {task_command.py:467} INFO - Running <TaskInstance: elt_to_dwh.create_dwh scheduled__2025-07-14T00:00:00+00:00 [running]> on host 3bc71adbf7e0
[2025-07-26T04:57:54.263+0000] {taskinstance.py:3134} INFO - Exporting env vars: AIRFLOW_CTX_DAG_OWNER='airflow' AIRFLOW_CTX_DAG_ID='elt_to_dwh' AIRFLOW_CTX_TASK_ID='create_dwh' AIRFLOW_CTX_EXECUTION_DATE='2025-07-14T00:00:00+00:00' AIRFLOW_CTX_TRY_NUMBER='1' AIRFLOW_CTX_DAG_RUN_ID='scheduled__2025-07-14T00:00:00+00:00'
[2025-07-26T04:57:54.264+0000] {taskinstance.py:732} INFO - ::endgroup::
[2025-07-26T04:57:54.319+0000] {logging_mixin.py:190} INFO - Executed DDL script successfully!
[2025-07-26T04:57:54.334+0000] {python.py:240} INFO - Done. Returned value was: None
[2025-07-26T04:57:54.339+0000] {taskinstance.py:341} INFO - ::group::Post task execution logs
[2025-07-26T04:57:54.340+0000] {taskinstance.py:353} INFO - Marking task as SUCCESS. dag_id=elt_to_dwh, task_id=create_dwh, run_id=scheduled__2025-07-14T00:00:00+00:00, execution_date=20250714T000000, start_date=20250726T045754, end_date=20250726T045754
[2025-07-26T04:57:54.386+0000] {local_task_job_runner.py:266} INFO - Task exited with return code 0
[2025-07-26T04:57:54.407+0000] {taskinstance.py:3901} INFO - 3 downstream tasks scheduled from follow-on schedule check
[2025-07-26T04:57:54.414+0000] {local_task_job_runner.py:245} INFO - ::endgroup::
