[2025-07-25T11:15:22.731+0000] {local_task_job_runner.py:123} INFO - ::group::Pre task execution logs
[2025-07-25T11:15:22.747+0000] {taskinstance.py:2614} INFO - Dependencies all met for dep_context=non-requeueable deps ti=<TaskInstance: elt_to_dwh.extract_task.convert_news_to_parquet scheduled__2025-07-16T00:00:00+00:00 [queued]>
[2025-07-25T11:15:22.757+0000] {taskinstance.py:2614} INFO - Dependencies all met for dep_context=requeueable deps ti=<TaskInstance: elt_to_dwh.extract_task.convert_news_to_parquet scheduled__2025-07-16T00:00:00+00:00 [queued]>
[2025-07-25T11:15:22.758+0000] {taskinstance.py:2867} INFO - Starting attempt 1 of 1
[2025-07-25T11:15:22.783+0000] {taskinstance.py:2890} INFO - Executing <Task(PythonOperator): extract_task.convert_news_to_parquet> on 2025-07-16 00:00:00+00:00
[2025-07-25T11:15:22.793+0000] {standard_task_runner.py:104} INFO - Running: ['airflow', 'tasks', 'run', 'elt_to_dwh', 'extract_task.convert_news_to_parquet', 'scheduled__2025-07-16T00:00:00+00:00', '--job-id', '114', '--raw', '--subdir', 'DAGS_FOLDER/elt_to_dwh.py', '--cfg-path', '/tmp/tmpus5zvo6n']
[2025-07-25T11:15:22.796+0000] {standard_task_runner.py:105} INFO - Job 114: Subtask extract_task.convert_news_to_parquet
[2025-07-25T11:15:22.799+0000] {logging_mixin.py:190} WARNING - /home/airflow/.local/lib/python3.12/site-packages/airflow/task/task_runner/standard_task_runner.py:70 DeprecationWarning: This process (pid=3448) is multi-threaded, use of fork() may lead to deadlocks in the child.
[2025-07-25T11:15:22.800+0000] {standard_task_runner.py:72} INFO - Started process 3458 to run task
[2025-07-25T11:15:22.858+0000] {task_command.py:467} INFO - Running <TaskInstance: elt_to_dwh.extract_task.convert_news_to_parquet scheduled__2025-07-16T00:00:00+00:00 [running]> on host 74cfddf97016
[2025-07-25T11:15:23.049+0000] {taskinstance.py:3134} INFO - Exporting env vars: AIRFLOW_CTX_DAG_OWNER='airflow' AIRFLOW_CTX_DAG_ID='elt_to_dwh' AIRFLOW_CTX_TASK_ID='extract_task.convert_news_to_parquet' AIRFLOW_CTX_EXECUTION_DATE='2025-07-16T00:00:00+00:00' AIRFLOW_CTX_TRY_NUMBER='1' AIRFLOW_CTX_DAG_RUN_ID='scheduled__2025-07-16T00:00:00+00:00'
[2025-07-25T11:15:23.051+0000] {taskinstance.py:732} INFO - ::endgroup::
[2025-07-25T11:15:23.068+0000] {logging_mixin.py:190} INFO - Looking for file: /opt/airflow/data/raw/news/crawl_news-20250716.json
[2025-07-25T11:15:23.214+0000] {logging_mixin.py:190} INFO - [news] Saved Parquet file: /opt/airflow/data/parquet/news/crawl_news-20250716.parquet
[2025-07-25T11:15:23.215+0000] {python.py:240} INFO - Done. Returned value was: None
[2025-07-25T11:15:23.219+0000] {taskinstance.py:341} INFO - ::group::Post task execution logs
[2025-07-25T11:15:23.220+0000] {taskinstance.py:353} INFO - Marking task as SUCCESS. dag_id=elt_to_dwh, task_id=extract_task.convert_news_to_parquet, run_id=scheduled__2025-07-16T00:00:00+00:00, execution_date=20250716T000000, start_date=20250725T111522, end_date=20250725T111523
[2025-07-25T11:15:23.257+0000] {local_task_job_runner.py:266} INFO - Task exited with return code 0
[2025-07-25T11:15:23.284+0000] {taskinstance.py:3901} INFO - 0 downstream tasks scheduled from follow-on schedule check
[2025-07-25T11:15:23.285+0000] {local_task_job_runner.py:245} INFO - ::endgroup::
[2025-07-26T05:03:27.282+0000] {local_task_job_runner.py:123} INFO - ::group::Pre task execution logs
[2025-07-26T05:03:27.297+0000] {taskinstance.py:2614} INFO - Dependencies all met for dep_context=non-requeueable deps ti=<TaskInstance: elt_to_dwh.extract_task.convert_news_to_parquet scheduled__2025-07-16T00:00:00+00:00 [queued]>
[2025-07-26T05:03:27.304+0000] {taskinstance.py:2614} INFO - Dependencies all met for dep_context=requeueable deps ti=<TaskInstance: elt_to_dwh.extract_task.convert_news_to_parquet scheduled__2025-07-16T00:00:00+00:00 [queued]>
[2025-07-26T05:03:27.305+0000] {taskinstance.py:2867} INFO - Starting attempt 1 of 1
[2025-07-26T05:03:27.320+0000] {taskinstance.py:2890} INFO - Executing <Task(PythonOperator): extract_task.convert_news_to_parquet> on 2025-07-16 00:00:00+00:00
[2025-07-26T05:03:27.327+0000] {standard_task_runner.py:104} INFO - Running: ['airflow', 'tasks', 'run', 'elt_to_dwh', 'extract_task.convert_news_to_parquet', 'scheduled__2025-07-16T00:00:00+00:00', '--job-id', '68', '--raw', '--subdir', 'DAGS_FOLDER/elt_to_dwh.py', '--cfg-path', '/tmp/tmpwqjql47_']
[2025-07-26T05:03:27.330+0000] {standard_task_runner.py:105} INFO - Job 68: Subtask extract_task.convert_news_to_parquet
[2025-07-26T05:03:27.331+0000] {logging_mixin.py:190} WARNING - /home/airflow/.local/lib/python3.12/site-packages/airflow/task/task_runner/standard_task_runner.py:70 DeprecationWarning: This process (pid=2765) is multi-threaded, use of fork() may lead to deadlocks in the child.
[2025-07-26T05:03:27.332+0000] {standard_task_runner.py:72} INFO - Started process 2775 to run task
[2025-07-26T05:03:27.364+0000] {task_command.py:467} INFO - Running <TaskInstance: elt_to_dwh.extract_task.convert_news_to_parquet scheduled__2025-07-16T00:00:00+00:00 [running]> on host 3bc71adbf7e0
[2025-07-26T05:03:27.433+0000] {taskinstance.py:3134} INFO - Exporting env vars: AIRFLOW_CTX_DAG_OWNER='airflow' AIRFLOW_CTX_DAG_ID='elt_to_dwh' AIRFLOW_CTX_TASK_ID='extract_task.convert_news_to_parquet' AIRFLOW_CTX_EXECUTION_DATE='2025-07-16T00:00:00+00:00' AIRFLOW_CTX_TRY_NUMBER='1' AIRFLOW_CTX_DAG_RUN_ID='scheduled__2025-07-16T00:00:00+00:00'
[2025-07-26T05:03:27.434+0000] {taskinstance.py:732} INFO - ::endgroup::
[2025-07-26T05:03:27.444+0000] {logging_mixin.py:190} INFO - Looking for file: /opt/airflow/data/raw/news/crawl_news-20250716.json
[2025-07-26T05:03:27.586+0000] {logging_mixin.py:190} INFO - [news] Saved Parquet file: /opt/airflow/data/parquet/news/crawl_news-20250716.parquet
[2025-07-26T05:03:27.587+0000] {python.py:240} INFO - Done. Returned value was: None
[2025-07-26T05:03:27.594+0000] {taskinstance.py:341} INFO - ::group::Post task execution logs
[2025-07-26T05:03:27.595+0000] {taskinstance.py:353} INFO - Marking task as SUCCESS. dag_id=elt_to_dwh, task_id=extract_task.convert_news_to_parquet, run_id=scheduled__2025-07-16T00:00:00+00:00, execution_date=20250716T000000, start_date=20250726T050327, end_date=20250726T050327
[2025-07-26T05:03:27.667+0000] {local_task_job_runner.py:266} INFO - Task exited with return code 0
[2025-07-26T05:03:27.691+0000] {taskinstance.py:3901} INFO - 0 downstream tasks scheduled from follow-on schedule check
[2025-07-26T05:03:27.693+0000] {local_task_job_runner.py:245} INFO - ::endgroup::
