[2025-07-25T11:15:14.942+0000] {local_task_job_runner.py:123} INFO - ::group::Pre task execution logs
[2025-07-25T11:15:14.955+0000] {taskinstance.py:2614} INFO - Dependencies all met for dep_context=non-requeueable deps ti=<TaskInstance: elt_to_dwh.extract_task.crawl_ohlcs scheduled__2025-07-17T00:00:00+00:00 [queued]>
[2025-07-25T11:15:14.963+0000] {taskinstance.py:2614} INFO - Dependencies all met for dep_context=requeueable deps ti=<TaskInstance: elt_to_dwh.extract_task.crawl_ohlcs scheduled__2025-07-17T00:00:00+00:00 [queued]>
[2025-07-25T11:15:14.963+0000] {taskinstance.py:2867} INFO - Starting attempt 1 of 1
[2025-07-25T11:15:14.977+0000] {taskinstance.py:2890} INFO - Executing <Task(PythonOperator): extract_task.crawl_ohlcs> on 2025-07-17 00:00:00+00:00
[2025-07-25T11:15:14.984+0000] {standard_task_runner.py:104} INFO - Running: ['airflow', 'tasks', 'run', 'elt_to_dwh', 'extract_task.crawl_ohlcs', 'scheduled__2025-07-17T00:00:00+00:00', '--job-id', '113', '--raw', '--subdir', 'DAGS_FOLDER/elt_to_dwh.py', '--cfg-path', '/tmp/tmp_evtoh88']
[2025-07-25T11:15:14.986+0000] {standard_task_runner.py:105} INFO - Job 113: Subtask extract_task.crawl_ohlcs
[2025-07-25T11:15:14.988+0000] {logging_mixin.py:190} WARNING - /home/airflow/.local/lib/python3.12/site-packages/airflow/task/task_runner/standard_task_runner.py:70 DeprecationWarning: This process (pid=3436) is multi-threaded, use of fork() may lead to deadlocks in the child.
[2025-07-25T11:15:14.989+0000] {standard_task_runner.py:72} INFO - Started process 3446 to run task
[2025-07-25T11:15:15.022+0000] {task_command.py:467} INFO - Running <TaskInstance: elt_to_dwh.extract_task.crawl_ohlcs scheduled__2025-07-17T00:00:00+00:00 [running]> on host 74cfddf97016
[2025-07-25T11:15:15.084+0000] {taskinstance.py:3134} INFO - Exporting env vars: AIRFLOW_CTX_DAG_OWNER='airflow' AIRFLOW_CTX_DAG_ID='elt_to_dwh' AIRFLOW_CTX_TASK_ID='extract_task.crawl_ohlcs' AIRFLOW_CTX_EXECUTION_DATE='2025-07-17T00:00:00+00:00' AIRFLOW_CTX_TRY_NUMBER='1' AIRFLOW_CTX_DAG_RUN_ID='scheduled__2025-07-17T00:00:00+00:00'
[2025-07-25T11:15:15.085+0000] {taskinstance.py:732} INFO - ::endgroup::
[2025-07-25T11:15:15.100+0000] {logging_mixin.py:190} INFO - url: https://api.polygon.io/v2/aggs/grouped/locale/us/market/stocks/2025-07-17?adjusted=true&include_otc=true&apiKey=2lwa_Zgcz4qzZ1X30xbf2CQBf_AldkL0
[2025-07-25T11:15:17.188+0000] {logging_mixin.py:190} INFO - The process of crawling 15550 OHLCs was successful
[2025-07-25T11:15:17.189+0000] {logging_mixin.py:190} INFO - Saving at /opt/airflow/data/raw/ohlcs/crawl_ohlcs-20250717.json
[2025-07-25T11:15:17.194+0000] {python.py:240} INFO - Done. Returned value was: None
[2025-07-25T11:15:17.199+0000] {taskinstance.py:341} INFO - ::group::Post task execution logs
[2025-07-25T11:15:17.199+0000] {taskinstance.py:353} INFO - Marking task as SUCCESS. dag_id=elt_to_dwh, task_id=extract_task.crawl_ohlcs, run_id=scheduled__2025-07-17T00:00:00+00:00, execution_date=20250717T000000, start_date=20250725T111514, end_date=20250725T111517
[2025-07-25T11:15:17.252+0000] {local_task_job_runner.py:266} INFO - Task exited with return code 0
[2025-07-25T11:15:17.271+0000] {taskinstance.py:3901} INFO - 1 downstream tasks scheduled from follow-on schedule check
[2025-07-25T11:15:17.278+0000] {local_task_job_runner.py:245} INFO - ::endgroup::
[2025-07-25T11:54:24.266+0000] {local_task_job_runner.py:123} INFO - ::group::Pre task execution logs
[2025-07-25T11:54:24.294+0000] {taskinstance.py:2614} INFO - Dependencies all met for dep_context=non-requeueable deps ti=<TaskInstance: elt_to_dwh.extract_task.crawl_ohlcs scheduled__2025-07-17T00:00:00+00:00 [queued]>
[2025-07-25T11:54:24.310+0000] {taskinstance.py:2614} INFO - Dependencies all met for dep_context=requeueable deps ti=<TaskInstance: elt_to_dwh.extract_task.crawl_ohlcs scheduled__2025-07-17T00:00:00+00:00 [queued]>
[2025-07-25T11:54:24.311+0000] {taskinstance.py:2867} INFO - Starting attempt 1 of 1
[2025-07-25T11:54:24.331+0000] {taskinstance.py:2890} INFO - Executing <Task(PythonOperator): extract_task.crawl_ohlcs> on 2025-07-17 00:00:00+00:00
[2025-07-25T11:54:24.342+0000] {standard_task_runner.py:104} INFO - Running: ['airflow', 'tasks', 'run', 'elt_to_dwh', 'extract_task.crawl_ohlcs', 'scheduled__2025-07-17T00:00:00+00:00', '--job-id', '176', '--raw', '--subdir', 'DAGS_FOLDER/elt_to_dwh.py', '--cfg-path', '/tmp/tmpkoeg0fen']
[2025-07-25T11:54:24.346+0000] {standard_task_runner.py:105} INFO - Job 176: Subtask extract_task.crawl_ohlcs
[2025-07-25T11:54:24.348+0000] {logging_mixin.py:190} WARNING - /home/airflow/.local/lib/python3.12/site-packages/airflow/task/task_runner/standard_task_runner.py:70 DeprecationWarning: This process (pid=5020) is multi-threaded, use of fork() may lead to deadlocks in the child.
[2025-07-25T11:54:24.349+0000] {standard_task_runner.py:72} INFO - Started process 5030 to run task
[2025-07-25T11:54:24.402+0000] {task_command.py:467} INFO - Running <TaskInstance: elt_to_dwh.extract_task.crawl_ohlcs scheduled__2025-07-17T00:00:00+00:00 [running]> on host 74cfddf97016
[2025-07-25T11:54:24.521+0000] {taskinstance.py:3134} INFO - Exporting env vars: AIRFLOW_CTX_DAG_OWNER='airflow' AIRFLOW_CTX_DAG_ID='elt_to_dwh' AIRFLOW_CTX_TASK_ID='extract_task.crawl_ohlcs' AIRFLOW_CTX_EXECUTION_DATE='2025-07-17T00:00:00+00:00' AIRFLOW_CTX_TRY_NUMBER='1' AIRFLOW_CTX_DAG_RUN_ID='scheduled__2025-07-17T00:00:00+00:00'
[2025-07-25T11:54:24.524+0000] {taskinstance.py:732} INFO - ::endgroup::
[2025-07-25T11:54:24.548+0000] {logging_mixin.py:190} INFO - url: https://api.polygon.io/v2/aggs/grouped/locale/us/market/stocks/2025-07-17?adjusted=true&include_otc=true&apiKey=2lwa_Zgcz4qzZ1X30xbf2CQBf_AldkL0
[2025-07-25T11:54:26.968+0000] {logging_mixin.py:190} INFO - The process of crawling 15550 OHLCs was successful
[2025-07-25T11:54:26.968+0000] {logging_mixin.py:190} INFO - Saving at /opt/airflow/data/raw/ohlcs/crawl_ohlcs-20250717.json
[2025-07-25T11:54:26.974+0000] {python.py:240} INFO - Done. Returned value was: None
[2025-07-25T11:54:26.983+0000] {taskinstance.py:341} INFO - ::group::Post task execution logs
[2025-07-25T11:54:26.984+0000] {taskinstance.py:353} INFO - Marking task as SUCCESS. dag_id=elt_to_dwh, task_id=extract_task.crawl_ohlcs, run_id=scheduled__2025-07-17T00:00:00+00:00, execution_date=20250717T000000, start_date=20250725T115424, end_date=20250725T115426
[2025-07-25T11:54:27.056+0000] {local_task_job_runner.py:266} INFO - Task exited with return code 0
[2025-07-25T11:54:27.077+0000] {taskinstance.py:3901} INFO - 1 downstream tasks scheduled from follow-on schedule check
[2025-07-25T11:54:27.083+0000] {local_task_job_runner.py:245} INFO - ::endgroup::
[2025-07-26T05:03:20.063+0000] {local_task_job_runner.py:123} INFO - ::group::Pre task execution logs
[2025-07-26T05:03:20.080+0000] {taskinstance.py:2614} INFO - Dependencies all met for dep_context=non-requeueable deps ti=<TaskInstance: elt_to_dwh.extract_task.crawl_ohlcs scheduled__2025-07-17T00:00:00+00:00 [queued]>
[2025-07-26T05:03:20.089+0000] {taskinstance.py:2614} INFO - Dependencies all met for dep_context=requeueable deps ti=<TaskInstance: elt_to_dwh.extract_task.crawl_ohlcs scheduled__2025-07-17T00:00:00+00:00 [queued]>
[2025-07-26T05:03:20.090+0000] {taskinstance.py:2867} INFO - Starting attempt 1 of 1
[2025-07-26T05:03:20.106+0000] {taskinstance.py:2890} INFO - Executing <Task(PythonOperator): extract_task.crawl_ohlcs> on 2025-07-17 00:00:00+00:00
[2025-07-26T05:03:20.113+0000] {standard_task_runner.py:104} INFO - Running: ['airflow', 'tasks', 'run', 'elt_to_dwh', 'extract_task.crawl_ohlcs', 'scheduled__2025-07-17T00:00:00+00:00', '--job-id', '67', '--raw', '--subdir', 'DAGS_FOLDER/elt_to_dwh.py', '--cfg-path', '/tmp/tmp4pok_m9r']
[2025-07-26T05:03:20.115+0000] {standard_task_runner.py:105} INFO - Job 67: Subtask extract_task.crawl_ohlcs
[2025-07-26T05:03:20.117+0000] {logging_mixin.py:190} WARNING - /home/airflow/.local/lib/python3.12/site-packages/airflow/task/task_runner/standard_task_runner.py:70 DeprecationWarning: This process (pid=2753) is multi-threaded, use of fork() may lead to deadlocks in the child.
[2025-07-26T05:03:20.118+0000] {standard_task_runner.py:72} INFO - Started process 2763 to run task
[2025-07-26T05:03:20.154+0000] {task_command.py:467} INFO - Running <TaskInstance: elt_to_dwh.extract_task.crawl_ohlcs scheduled__2025-07-17T00:00:00+00:00 [running]> on host 3bc71adbf7e0
[2025-07-26T05:03:20.226+0000] {taskinstance.py:3134} INFO - Exporting env vars: AIRFLOW_CTX_DAG_OWNER='airflow' AIRFLOW_CTX_DAG_ID='elt_to_dwh' AIRFLOW_CTX_TASK_ID='extract_task.crawl_ohlcs' AIRFLOW_CTX_EXECUTION_DATE='2025-07-17T00:00:00+00:00' AIRFLOW_CTX_TRY_NUMBER='1' AIRFLOW_CTX_DAG_RUN_ID='scheduled__2025-07-17T00:00:00+00:00'
[2025-07-26T05:03:20.227+0000] {taskinstance.py:732} INFO - ::endgroup::
[2025-07-26T05:03:20.241+0000] {logging_mixin.py:190} INFO - url: https://api.polygon.io/v2/aggs/grouped/locale/us/market/stocks/2025-07-17?adjusted=true&include_otc=true&apiKey=2lwa_Zgcz4qzZ1X30xbf2CQBf_AldkL0
[2025-07-26T05:03:22.365+0000] {logging_mixin.py:190} INFO - The process of crawling 15550 OHLCs was successful
[2025-07-26T05:03:22.365+0000] {logging_mixin.py:190} INFO - Saving at /opt/airflow/data/raw/ohlcs/crawl_ohlcs-20250717.json
[2025-07-26T05:03:22.371+0000] {python.py:240} INFO - Done. Returned value was: None
[2025-07-26T05:03:22.379+0000] {taskinstance.py:341} INFO - ::group::Post task execution logs
[2025-07-26T05:03:22.380+0000] {taskinstance.py:353} INFO - Marking task as SUCCESS. dag_id=elt_to_dwh, task_id=extract_task.crawl_ohlcs, run_id=scheduled__2025-07-17T00:00:00+00:00, execution_date=20250717T000000, start_date=20250726T050320, end_date=20250726T050322
[2025-07-26T05:03:22.422+0000] {local_task_job_runner.py:266} INFO - Task exited with return code 0
[2025-07-26T05:03:22.453+0000] {taskinstance.py:3901} INFO - 1 downstream tasks scheduled from follow-on schedule check
[2025-07-26T05:03:22.460+0000] {local_task_job_runner.py:245} INFO - ::endgroup::
