[2025-07-25T11:12:28.694+0000] {local_task_job_runner.py:123} INFO - ::group::Pre task execution logs
[2025-07-25T11:12:28.708+0000] {taskinstance.py:2614} INFO - Dependencies all met for dep_context=non-requeueable deps ti=<TaskInstance: elt_to_dwh.extract_task.convert_news_to_parquet scheduled__2025-07-12T00:00:00+00:00 [queued]>
[2025-07-25T11:12:28.717+0000] {taskinstance.py:2614} INFO - Dependencies all met for dep_context=requeueable deps ti=<TaskInstance: elt_to_dwh.extract_task.convert_news_to_parquet scheduled__2025-07-12T00:00:00+00:00 [queued]>
[2025-07-25T11:12:28.718+0000] {taskinstance.py:2867} INFO - Starting attempt 1 of 1
[2025-07-25T11:12:28.733+0000] {taskinstance.py:2890} INFO - Executing <Task(PythonOperator): extract_task.convert_news_to_parquet> on 2025-07-12 00:00:00+00:00
[2025-07-25T11:12:28.740+0000] {standard_task_runner.py:104} INFO - Running: ['airflow', 'tasks', 'run', 'elt_to_dwh', 'extract_task.convert_news_to_parquet', 'scheduled__2025-07-12T00:00:00+00:00', '--job-id', '88', '--raw', '--subdir', 'DAGS_FOLDER/elt_to_dwh.py', '--cfg-path', '/tmp/tmpzf0prl56']
[2025-07-25T11:12:28.743+0000] {standard_task_runner.py:105} INFO - Job 88: Subtask extract_task.convert_news_to_parquet
[2025-07-25T11:12:28.744+0000] {logging_mixin.py:190} WARNING - /home/airflow/.local/lib/python3.12/site-packages/airflow/task/task_runner/standard_task_runner.py:70 DeprecationWarning: This process (pid=2977) is multi-threaded, use of fork() may lead to deadlocks in the child.
[2025-07-25T11:12:28.745+0000] {standard_task_runner.py:72} INFO - Started process 2987 to run task
[2025-07-25T11:12:28.779+0000] {task_command.py:467} INFO - Running <TaskInstance: elt_to_dwh.extract_task.convert_news_to_parquet scheduled__2025-07-12T00:00:00+00:00 [running]> on host 74cfddf97016
[2025-07-25T11:12:29.069+0000] {taskinstance.py:3134} INFO - Exporting env vars: AIRFLOW_CTX_DAG_OWNER='airflow' AIRFLOW_CTX_DAG_ID='elt_to_dwh' AIRFLOW_CTX_TASK_ID='extract_task.convert_news_to_parquet' AIRFLOW_CTX_EXECUTION_DATE='2025-07-12T00:00:00+00:00' AIRFLOW_CTX_TRY_NUMBER='1' AIRFLOW_CTX_DAG_RUN_ID='scheduled__2025-07-12T00:00:00+00:00'
[2025-07-25T11:12:29.085+0000] {taskinstance.py:732} INFO - ::endgroup::
[2025-07-25T11:12:29.140+0000] {logging_mixin.py:190} INFO - Looking for file: /opt/airflow/data/raw/news/crawl_news-20250712.json
[2025-07-25T11:12:29.351+0000] {logging_mixin.py:190} INFO - [news] Saved Parquet file: /opt/airflow/data/parquet/news/crawl_news-20250712.parquet
[2025-07-25T11:12:29.352+0000] {python.py:240} INFO - Done. Returned value was: None
[2025-07-25T11:12:29.360+0000] {taskinstance.py:341} INFO - ::group::Post task execution logs
[2025-07-25T11:12:29.361+0000] {taskinstance.py:353} INFO - Marking task as SUCCESS. dag_id=elt_to_dwh, task_id=extract_task.convert_news_to_parquet, run_id=scheduled__2025-07-12T00:00:00+00:00, execution_date=20250712T000000, start_date=20250725T111228, end_date=20250725T111229
[2025-07-25T11:12:29.402+0000] {local_task_job_runner.py:266} INFO - Task exited with return code 0
[2025-07-25T11:12:29.425+0000] {taskinstance.py:3901} INFO - 0 downstream tasks scheduled from follow-on schedule check
[2025-07-25T11:12:29.425+0000] {local_task_job_runner.py:245} INFO - ::endgroup::
[2025-07-26T04:58:09.686+0000] {local_task_job_runner.py:123} INFO - ::group::Pre task execution logs
[2025-07-26T04:58:09.698+0000] {taskinstance.py:2614} INFO - Dependencies all met for dep_context=non-requeueable deps ti=<TaskInstance: elt_to_dwh.extract_task.convert_news_to_parquet scheduled__2025-07-12T00:00:00+00:00 [queued]>
[2025-07-26T04:58:09.706+0000] {taskinstance.py:2614} INFO - Dependencies all met for dep_context=requeueable deps ti=<TaskInstance: elt_to_dwh.extract_task.convert_news_to_parquet scheduled__2025-07-12T00:00:00+00:00 [queued]>
[2025-07-26T04:58:09.707+0000] {taskinstance.py:2867} INFO - Starting attempt 1 of 1
[2025-07-26T04:58:09.720+0000] {taskinstance.py:2890} INFO - Executing <Task(PythonOperator): extract_task.convert_news_to_parquet> on 2025-07-12 00:00:00+00:00
[2025-07-26T04:58:09.726+0000] {standard_task_runner.py:104} INFO - Running: ['airflow', 'tasks', 'run', 'elt_to_dwh', 'extract_task.convert_news_to_parquet', 'scheduled__2025-07-12T00:00:00+00:00', '--job-id', '37', '--raw', '--subdir', 'DAGS_FOLDER/elt_to_dwh.py', '--cfg-path', '/tmp/tmpu0k8zepp']
[2025-07-26T04:58:09.728+0000] {standard_task_runner.py:105} INFO - Job 37: Subtask extract_task.convert_news_to_parquet
[2025-07-26T04:58:09.730+0000] {logging_mixin.py:190} WARNING - /home/airflow/.local/lib/python3.12/site-packages/airflow/task/task_runner/standard_task_runner.py:70 DeprecationWarning: This process (pid=910) is multi-threaded, use of fork() may lead to deadlocks in the child.
[2025-07-26T04:58:09.731+0000] {standard_task_runner.py:72} INFO - Started process 920 to run task
[2025-07-26T04:58:09.761+0000] {task_command.py:467} INFO - Running <TaskInstance: elt_to_dwh.extract_task.convert_news_to_parquet scheduled__2025-07-12T00:00:00+00:00 [running]> on host 3bc71adbf7e0
[2025-07-26T04:58:09.822+0000] {taskinstance.py:3134} INFO - Exporting env vars: AIRFLOW_CTX_DAG_OWNER='airflow' AIRFLOW_CTX_DAG_ID='elt_to_dwh' AIRFLOW_CTX_TASK_ID='extract_task.convert_news_to_parquet' AIRFLOW_CTX_EXECUTION_DATE='2025-07-12T00:00:00+00:00' AIRFLOW_CTX_TRY_NUMBER='1' AIRFLOW_CTX_DAG_RUN_ID='scheduled__2025-07-12T00:00:00+00:00'
[2025-07-26T04:58:09.823+0000] {taskinstance.py:732} INFO - ::endgroup::
[2025-07-26T04:58:09.836+0000] {logging_mixin.py:190} INFO - Looking for file: /opt/airflow/data/raw/news/crawl_news-20250712.json
[2025-07-26T04:58:09.883+0000] {logging_mixin.py:190} INFO - [news] Saved Parquet file: /opt/airflow/data/parquet/news/crawl_news-20250712.parquet
[2025-07-26T04:58:09.884+0000] {python.py:240} INFO - Done. Returned value was: None
[2025-07-26T04:58:09.888+0000] {taskinstance.py:341} INFO - ::group::Post task execution logs
[2025-07-26T04:58:09.888+0000] {taskinstance.py:353} INFO - Marking task as SUCCESS. dag_id=elt_to_dwh, task_id=extract_task.convert_news_to_parquet, run_id=scheduled__2025-07-12T00:00:00+00:00, execution_date=20250712T000000, start_date=20250726T045809, end_date=20250726T045809
[2025-07-26T04:58:10.026+0000] {local_task_job_runner.py:266} INFO - Task exited with return code 0
[2025-07-26T04:58:10.041+0000] {taskinstance.py:3901} INFO - 0 downstream tasks scheduled from follow-on schedule check
[2025-07-26T04:58:10.041+0000] {local_task_job_runner.py:245} INFO - ::endgroup::
