[2025-07-26T05:05:33.865+0000] {local_task_job_runner.py:123} INFO - ::group::Pre task execution logs
[2025-07-26T05:05:33.880+0000] {taskinstance.py:2614} INFO - Dependencies all met for dep_context=non-requeueable deps ti=<TaskInstance: elt_to_dwh.transform_task.process_news scheduled__2025-07-14T00:00:00+00:00 [queued]>
[2025-07-26T05:05:33.888+0000] {taskinstance.py:2614} INFO - Dependencies all met for dep_context=requeueable deps ti=<TaskInstance: elt_to_dwh.transform_task.process_news scheduled__2025-07-14T00:00:00+00:00 [queued]>
[2025-07-26T05:05:33.889+0000] {taskinstance.py:2867} INFO - Starting attempt 1 of 1
[2025-07-26T05:05:33.904+0000] {taskinstance.py:2890} INFO - Executing <Task(SparkSubmitOperator): transform_task.process_news> on 2025-07-14 00:00:00+00:00
[2025-07-26T05:05:33.912+0000] {standard_task_runner.py:104} INFO - Running: ['airflow', 'tasks', 'run', 'elt_to_dwh', 'transform_task.process_news', 'scheduled__2025-07-14T00:00:00+00:00', '--job-id', '81', '--raw', '--subdir', 'DAGS_FOLDER/elt_to_dwh.py', '--cfg-path', '/tmp/tmp8ak3ei20']
[2025-07-26T05:05:33.914+0000] {standard_task_runner.py:105} INFO - Job 81: Subtask transform_task.process_news
[2025-07-26T05:05:33.916+0000] {logging_mixin.py:190} WARNING - /home/airflow/.local/lib/python3.12/site-packages/airflow/task/task_runner/standard_task_runner.py:70 DeprecationWarning: This process (pid=3774) is multi-threaded, use of fork() may lead to deadlocks in the child.
[2025-07-26T05:05:33.917+0000] {standard_task_runner.py:72} INFO - Started process 3784 to run task
[2025-07-26T05:05:33.949+0000] {task_command.py:467} INFO - Running <TaskInstance: elt_to_dwh.transform_task.process_news scheduled__2025-07-14T00:00:00+00:00 [running]> on host 3bc71adbf7e0
[2025-07-26T05:05:34.023+0000] {taskinstance.py:3134} INFO - Exporting env vars: AIRFLOW_CTX_DAG_OWNER='airflow' AIRFLOW_CTX_DAG_ID='elt_to_dwh' AIRFLOW_CTX_TASK_ID='transform_task.process_news' AIRFLOW_CTX_EXECUTION_DATE='2025-07-14T00:00:00+00:00' AIRFLOW_CTX_TRY_NUMBER='1' AIRFLOW_CTX_DAG_RUN_ID='scheduled__2025-07-14T00:00:00+00:00'
[2025-07-26T05:05:34.024+0000] {taskinstance.py:732} INFO - ::endgroup::
[2025-07-26T05:05:34.041+0000] {base.py:84} INFO - Retrieving connection 'spark_conn'
[2025-07-26T05:05:34.043+0000] {spark_submit.py:351} INFO - Spark-Submit cmd: spark-submit --master spark-master:7077 --name arrow-spark /opt/airflow/scripts/elt_to_dwh/transform/process_news.py 2025-07-14
[2025-07-26T05:05:37.820+0000] {spark_submit.py:521} INFO - Execution date string: 2025-07-14
[2025-07-26T05:05:38.235+0000] {spark_submit.py:521} INFO - Reading from: s3a://stock-project-datalake/news/crawl_news-20250714.parquet
[2025-07-26T05:05:38.348+0000] {spark_submit.py:521} INFO - 25/07/26 05:05:38 INFO SparkContext: Running Spark version 3.5.6
[2025-07-26T05:05:38.352+0000] {spark_submit.py:521} INFO - 25/07/26 05:05:38 INFO SparkContext: OS info Linux, 5.15.153.1-microsoft-standard-WSL2, amd64
[2025-07-26T05:05:38.352+0000] {spark_submit.py:521} INFO - 25/07/26 05:05:38 INFO SparkContext: Java version 17.0.15
[2025-07-26T05:05:38.426+0000] {spark_submit.py:521} INFO - 25/07/26 05:05:38 WARN NativeCodeLoader: Unable to load native-hadoop library for your platform... using builtin-java classes where applicable
[2025-07-26T05:05:38.525+0000] {spark_submit.py:521} INFO - 25/07/26 05:05:38 INFO ResourceUtils: ==============================================================
[2025-07-26T05:05:38.526+0000] {spark_submit.py:521} INFO - 25/07/26 05:05:38 INFO ResourceUtils: No custom resources configured for spark.driver.
[2025-07-26T05:05:38.527+0000] {spark_submit.py:521} INFO - 25/07/26 05:05:38 INFO ResourceUtils: ==============================================================
[2025-07-26T05:05:38.527+0000] {spark_submit.py:521} INFO - 25/07/26 05:05:38 INFO SparkContext: Submitted application: process_news
[2025-07-26T05:05:38.555+0000] {spark_submit.py:521} INFO - 25/07/26 05:05:38 INFO ResourceProfile: Default ResourceProfile created, executor resources: Map(memory -> name: memory, amount: 1024, script: , vendor: , offHeap -> name: offHeap, amount: 0, script: , vendor: ), task resources: Map(cpus -> name: cpus, amount: 1.0)
[2025-07-26T05:05:38.564+0000] {spark_submit.py:521} INFO - 25/07/26 05:05:38 INFO ResourceProfile: Limiting resource is cpu
[2025-07-26T05:05:38.565+0000] {spark_submit.py:521} INFO - 25/07/26 05:05:38 INFO ResourceProfileManager: Added ResourceProfile id: 0
[2025-07-26T05:05:38.619+0000] {spark_submit.py:521} INFO - 25/07/26 05:05:38 INFO SecurityManager: Changing view acls to: airflow
[2025-07-26T05:05:38.620+0000] {spark_submit.py:521} INFO - 25/07/26 05:05:38 INFO SecurityManager: Changing modify acls to: airflow
[2025-07-26T05:05:38.620+0000] {spark_submit.py:521} INFO - 25/07/26 05:05:38 INFO SecurityManager: Changing view acls groups to:
[2025-07-26T05:05:38.621+0000] {spark_submit.py:521} INFO - 25/07/26 05:05:38 INFO SecurityManager: Changing modify acls groups to:
[2025-07-26T05:05:38.622+0000] {spark_submit.py:521} INFO - 25/07/26 05:05:38 INFO SecurityManager: SecurityManager: authentication disabled; ui acls disabled; users with view permissions: airflow; groups with view permissions: EMPTY; users with modify permissions: airflow; groups with modify permissions: EMPTY
[2025-07-26T05:05:38.852+0000] {spark_submit.py:521} INFO - 25/07/26 05:05:38 INFO Utils: Successfully started service 'sparkDriver' on port 42749.
[2025-07-26T05:05:38.881+0000] {spark_submit.py:521} INFO - 25/07/26 05:05:38 INFO SparkEnv: Registering MapOutputTracker
[2025-07-26T05:05:38.913+0000] {spark_submit.py:521} INFO - 25/07/26 05:05:38 INFO SparkEnv: Registering BlockManagerMaster
[2025-07-26T05:05:38.932+0000] {spark_submit.py:521} INFO - 25/07/26 05:05:38 INFO BlockManagerMasterEndpoint: Using org.apache.spark.storage.DefaultTopologyMapper for getting topology information
[2025-07-26T05:05:38.933+0000] {spark_submit.py:521} INFO - 25/07/26 05:05:38 INFO BlockManagerMasterEndpoint: BlockManagerMasterEndpoint up
[2025-07-26T05:05:38.939+0000] {spark_submit.py:521} INFO - 25/07/26 05:05:38 INFO SparkEnv: Registering BlockManagerMasterHeartbeat
[2025-07-26T05:05:38.961+0000] {spark_submit.py:521} INFO - 25/07/26 05:05:38 INFO DiskBlockManager: Created local directory at /tmp/blockmgr-5b34bcef-6297-41f2-b613-a975dc2baaf5
[2025-07-26T05:05:38.977+0000] {spark_submit.py:521} INFO - 25/07/26 05:05:38 INFO MemoryStore: MemoryStore started with capacity 434.4 MiB
[2025-07-26T05:05:38.993+0000] {spark_submit.py:521} INFO - 25/07/26 05:05:38 INFO SparkEnv: Registering OutputCommitCoordinator
[2025-07-26T05:05:39.109+0000] {spark_submit.py:521} INFO - 25/07/26 05:05:39 INFO JettyUtils: Start Jetty 0.0.0.0:4040 for SparkUI
[2025-07-26T05:05:39.162+0000] {spark_submit.py:521} INFO - 25/07/26 05:05:39 INFO Utils: Successfully started service 'SparkUI' on port 4040.
[2025-07-26T05:05:39.280+0000] {spark_submit.py:521} INFO - 25/07/26 05:05:39 INFO StandaloneAppClient$ClientEndpoint: Connecting to master spark://spark-master:7077...
[2025-07-26T05:05:39.322+0000] {spark_submit.py:521} INFO - 25/07/26 05:05:39 INFO TransportClientFactory: Successfully created connection to spark-master/172.18.0.5:7077 after 25 ms (0 ms spent in bootstraps)
[2025-07-26T05:05:39.405+0000] {spark_submit.py:521} INFO - 25/07/26 05:05:39 INFO StandaloneSchedulerBackend: Connected to Spark cluster with app ID app-20250726050539-0006
[2025-07-26T05:05:39.408+0000] {spark_submit.py:521} INFO - 25/07/26 05:05:39 INFO StandaloneAppClient$ClientEndpoint: Executor added: app-20250726050539-0006/0 on worker-20250726042217-172.18.0.6-40723 (172.18.0.6:40723) with 2 core(s)
[2025-07-26T05:05:39.413+0000] {spark_submit.py:521} INFO - 25/07/26 05:05:39 INFO StandaloneSchedulerBackend: Granted executor ID app-20250726050539-0006/0 on hostPort 172.18.0.6:40723 with 2 core(s), 1024.0 MiB RAM
[2025-07-26T05:05:39.421+0000] {spark_submit.py:521} INFO - 25/07/26 05:05:39 INFO Utils: Successfully started service 'org.apache.spark.network.netty.NettyBlockTransferService' on port 38763.
[2025-07-26T05:05:39.422+0000] {spark_submit.py:521} INFO - 25/07/26 05:05:39 INFO NettyBlockTransferService: Server created on 3bc71adbf7e0:38763
[2025-07-26T05:05:39.424+0000] {spark_submit.py:521} INFO - 25/07/26 05:05:39 INFO BlockManager: Using org.apache.spark.storage.RandomBlockReplicationPolicy for block replication policy
[2025-07-26T05:05:39.433+0000] {spark_submit.py:521} INFO - 25/07/26 05:05:39 INFO BlockManagerMaster: Registering BlockManager BlockManagerId(driver, 3bc71adbf7e0, 38763, None)
[2025-07-26T05:05:39.442+0000] {spark_submit.py:521} INFO - 25/07/26 05:05:39 INFO BlockManagerMasterEndpoint: Registering block manager 3bc71adbf7e0:38763 with 434.4 MiB RAM, BlockManagerId(driver, 3bc71adbf7e0, 38763, None)
[2025-07-26T05:05:39.445+0000] {spark_submit.py:521} INFO - 25/07/26 05:05:39 INFO BlockManagerMaster: Registered BlockManager BlockManagerId(driver, 3bc71adbf7e0, 38763, None)
[2025-07-26T05:05:39.447+0000] {spark_submit.py:521} INFO - 25/07/26 05:05:39 INFO BlockManager: Initialized BlockManager: BlockManagerId(driver, 3bc71adbf7e0, 38763, None)
[2025-07-26T05:05:39.451+0000] {spark_submit.py:521} INFO - 25/07/26 05:05:39 INFO StandaloneAppClient$ClientEndpoint: Executor updated: app-20250726050539-0006/0 is now RUNNING
[2025-07-26T05:05:39.691+0000] {spark_submit.py:521} INFO - 25/07/26 05:05:39 INFO StandaloneSchedulerBackend: SchedulerBackend is ready for scheduling beginning after reached minRegisteredResourcesRatio: 0.0
[2025-07-26T05:05:39.968+0000] {spark_submit.py:521} INFO - 25/07/26 05:05:39 INFO SharedState: Setting hive.metastore.warehouse.dir ('null') to the value of spark.sql.warehouse.dir.
[2025-07-26T05:05:39.978+0000] {spark_submit.py:521} INFO - 25/07/26 05:05:39 INFO SharedState: Warehouse path is 'file:/opt/airflow/spark-warehouse'.
[2025-07-26T05:05:41.140+0000] {spark_submit.py:521} INFO - 25/07/26 05:05:41 WARN MetricsConfig: Cannot locate configuration: tried hadoop-metrics2-s3a-file-system.properties,hadoop-metrics2.properties
[2025-07-26T05:05:41.164+0000] {spark_submit.py:521} INFO - 25/07/26 05:05:41 INFO MetricsSystemImpl: Scheduled Metric snapshot period at 10 second(s).
[2025-07-26T05:05:41.164+0000] {spark_submit.py:521} INFO - 25/07/26 05:05:41 INFO MetricsSystemImpl: s3a-file-system metrics system started
[2025-07-26T05:05:42.116+0000] {spark_submit.py:521} INFO - 25/07/26 05:05:42 INFO StandaloneSchedulerBackend$StandaloneDriverEndpoint: Registered executor NettyRpcEndpointRef(spark-client://Executor) (172.18.0.6:37678) with ID 0,  ResourceProfileId 0
[2025-07-26T05:05:42.203+0000] {spark_submit.py:521} INFO - 25/07/26 05:05:42 INFO BlockManagerMasterEndpoint: Registering block manager 172.18.0.6:41619 with 434.4 MiB RAM, BlockManagerId(0, 172.18.0.6, 41619, None)
[2025-07-26T05:05:43.111+0000] {spark_submit.py:521} INFO - 25/07/26 05:05:43 INFO InMemoryFileIndex: It took 168 ms to list leaf files for 1 paths.
[2025-07-26T05:05:43.421+0000] {spark_submit.py:521} INFO - 25/07/26 05:05:43 INFO SparkContext: Starting job: parquet at NativeMethodAccessorImpl.java:0
[2025-07-26T05:05:43.435+0000] {spark_submit.py:521} INFO - 25/07/26 05:05:43 INFO DAGScheduler: Got job 0 (parquet at NativeMethodAccessorImpl.java:0) with 1 output partitions
[2025-07-26T05:05:43.436+0000] {spark_submit.py:521} INFO - 25/07/26 05:05:43 INFO DAGScheduler: Final stage: ResultStage 0 (parquet at NativeMethodAccessorImpl.java:0)
[2025-07-26T05:05:43.437+0000] {spark_submit.py:521} INFO - 25/07/26 05:05:43 INFO DAGScheduler: Parents of final stage: List()
[2025-07-26T05:05:43.437+0000] {spark_submit.py:521} INFO - 25/07/26 05:05:43 INFO DAGScheduler: Missing parents: List()
[2025-07-26T05:05:43.440+0000] {spark_submit.py:521} INFO - 25/07/26 05:05:43 INFO DAGScheduler: Submitting ResultStage 0 (MapPartitionsRDD[1] at parquet at NativeMethodAccessorImpl.java:0), which has no missing parents
[2025-07-26T05:05:43.488+0000] {spark_submit.py:521} INFO - 25/07/26 05:05:43 INFO MemoryStore: Block broadcast_0 stored as values in memory (estimated size 104.6 KiB, free 434.3 MiB)
[2025-07-26T05:05:43.521+0000] {spark_submit.py:521} INFO - 25/07/26 05:05:43 INFO MemoryStore: Block broadcast_0_piece0 stored as bytes in memory (estimated size 38.1 KiB, free 434.3 MiB)
[2025-07-26T05:05:43.523+0000] {spark_submit.py:521} INFO - 25/07/26 05:05:43 INFO BlockManagerInfo: Added broadcast_0_piece0 in memory on 3bc71adbf7e0:38763 (size: 38.1 KiB, free: 434.4 MiB)
[2025-07-26T05:05:43.527+0000] {spark_submit.py:521} INFO - 25/07/26 05:05:43 INFO SparkContext: Created broadcast 0 from broadcast at DAGScheduler.scala:1611
[2025-07-26T05:05:43.547+0000] {spark_submit.py:521} INFO - 25/07/26 05:05:43 INFO DAGScheduler: Submitting 1 missing tasks from ResultStage 0 (MapPartitionsRDD[1] at parquet at NativeMethodAccessorImpl.java:0) (first 15 tasks are for partitions Vector(0))
[2025-07-26T05:05:43.548+0000] {spark_submit.py:521} INFO - 25/07/26 05:05:43 INFO TaskSchedulerImpl: Adding task set 0.0 with 1 tasks resource profile 0
[2025-07-26T05:05:43.580+0000] {spark_submit.py:521} INFO - 25/07/26 05:05:43 INFO TaskSetManager: Starting task 0.0 in stage 0.0 (TID 0) (172.18.0.6, executor 0, partition 0, PROCESS_LOCAL, 9159 bytes)
[2025-07-26T05:05:43.854+0000] {spark_submit.py:521} INFO - 25/07/26 05:05:43 INFO BlockManagerInfo: Added broadcast_0_piece0 in memory on 172.18.0.6:41619 (size: 38.1 KiB, free: 434.4 MiB)
[2025-07-26T05:05:46.033+0000] {spark_submit.py:521} INFO - 25/07/26 05:05:46 INFO TaskSetManager: Finished task 0.0 in stage 0.0 (TID 0) in 2465 ms on 172.18.0.6 (executor 0) (1/1)
[2025-07-26T05:05:46.034+0000] {spark_submit.py:521} INFO - 25/07/26 05:05:46 INFO TaskSchedulerImpl: Removed TaskSet 0.0, whose tasks have all completed, from pool
[2025-07-26T05:05:46.038+0000] {spark_submit.py:521} INFO - 25/07/26 05:05:46 INFO DAGScheduler: ResultStage 0 (parquet at NativeMethodAccessorImpl.java:0) finished in 2.585 s
[2025-07-26T05:05:46.041+0000] {spark_submit.py:521} INFO - 25/07/26 05:05:46 INFO DAGScheduler: Job 0 is finished. Cancelling potential speculative or zombie tasks for this job
[2025-07-26T05:05:46.041+0000] {spark_submit.py:521} INFO - 25/07/26 05:05:46 INFO TaskSchedulerImpl: Killing all running tasks in stage 0: Stage finished
[2025-07-26T05:05:46.043+0000] {spark_submit.py:521} INFO - 25/07/26 05:05:46 INFO DAGScheduler: Job 0 finished: parquet at NativeMethodAccessorImpl.java:0, took 2.621381 s
[2025-07-26T05:05:46.151+0000] {spark_submit.py:521} INFO - 25/07/26 05:05:46 INFO BlockManagerInfo: Removed broadcast_0_piece0 on 3bc71adbf7e0:38763 in memory (size: 38.1 KiB, free: 434.4 MiB)
[2025-07-26T05:05:46.160+0000] {spark_submit.py:521} INFO - 25/07/26 05:05:46 INFO BlockManagerInfo: Removed broadcast_0_piece0 on 172.18.0.6:41619 in memory (size: 38.1 KiB, free: 434.4 MiB)
[2025-07-26T05:05:46.552+0000] {spark_submit.py:521} INFO - DataFrame loaded from Parquet:
[2025-07-26T05:05:46.568+0000] {spark_submit.py:521} INFO - root
[2025-07-26T05:05:46.569+0000] {spark_submit.py:521} INFO - |-- title: string (nullable = true)
[2025-07-26T05:05:46.569+0000] {spark_submit.py:521} INFO - |-- url: string (nullable = true)
[2025-07-26T05:05:46.570+0000] {spark_submit.py:521} INFO - |-- time_published: string (nullable = true)
[2025-07-26T05:05:46.570+0000] {spark_submit.py:521} INFO - |-- authors: array (nullable = true)
[2025-07-26T05:05:46.571+0000] {spark_submit.py:521} INFO - |    |-- element: string (containsNull = true)
[2025-07-26T05:05:46.571+0000] {spark_submit.py:521} INFO - |-- summary: string (nullable = true)
[2025-07-26T05:05:46.571+0000] {spark_submit.py:521} INFO - |-- banner_image: string (nullable = true)
[2025-07-26T05:05:46.572+0000] {spark_submit.py:521} INFO - |-- source: string (nullable = true)
[2025-07-26T05:05:46.572+0000] {spark_submit.py:521} INFO - |-- category_within_source: string (nullable = true)
[2025-07-26T05:05:46.572+0000] {spark_submit.py:521} INFO - |-- source_domain: string (nullable = true)
[2025-07-26T05:05:46.573+0000] {spark_submit.py:521} INFO - |-- topics: array (nullable = true)
[2025-07-26T05:05:46.573+0000] {spark_submit.py:521} INFO - |    |-- element: struct (containsNull = true)
[2025-07-26T05:05:46.573+0000] {spark_submit.py:521} INFO - |    |    |-- topic: string (nullable = true)
[2025-07-26T05:05:46.574+0000] {spark_submit.py:521} INFO - |    |    |-- relevance_score: string (nullable = true)
[2025-07-26T05:05:46.574+0000] {spark_submit.py:521} INFO - |-- overall_sentiment_score: double (nullable = true)
[2025-07-26T05:05:46.574+0000] {spark_submit.py:521} INFO - |-- overall_sentiment_label: string (nullable = true)
[2025-07-26T05:05:46.574+0000] {spark_submit.py:521} INFO - |-- ticker_sentiment: array (nullable = true)
[2025-07-26T05:05:46.575+0000] {spark_submit.py:521} INFO - |    |-- element: struct (containsNull = true)
[2025-07-26T05:05:46.575+0000] {spark_submit.py:521} INFO - |    |    |-- ticker: string (nullable = true)
[2025-07-26T05:05:46.575+0000] {spark_submit.py:521} INFO - |    |    |-- relevance_score: string (nullable = true)
[2025-07-26T05:05:46.575+0000] {spark_submit.py:521} INFO - |    |    |-- ticker_sentiment_score: string (nullable = true)
[2025-07-26T05:05:46.576+0000] {spark_submit.py:521} INFO - |    |    |-- ticker_sentiment_label: string (nullable = true)
[2025-07-26T05:05:46.576+0000] {spark_submit.py:521} INFO - 
[2025-07-26T05:05:46.915+0000] {spark_submit.py:521} INFO - 25/07/26 05:05:46 INFO FileSourceStrategy: Pushed Filters:
[2025-07-26T05:05:46.917+0000] {spark_submit.py:521} INFO - 25/07/26 05:05:46 INFO FileSourceStrategy: Post-Scan Filters:
[2025-07-26T05:05:47.711+0000] {spark_submit.py:521} INFO - 25/07/26 05:05:47 INFO CodeGenerator: Code generated in 533.050256 ms
[2025-07-26T05:05:47.761+0000] {spark_submit.py:521} INFO - 25/07/26 05:05:47 INFO MemoryStore: Block broadcast_1 stored as values in memory (estimated size 213.5 KiB, free 434.2 MiB)
[2025-07-26T05:05:47.787+0000] {spark_submit.py:521} INFO - 25/07/26 05:05:47 INFO MemoryStore: Block broadcast_1_piece0 stored as bytes in memory (estimated size 36.5 KiB, free 434.2 MiB)
[2025-07-26T05:05:47.793+0000] {spark_submit.py:521} INFO - 25/07/26 05:05:47 INFO BlockManagerInfo: Added broadcast_1_piece0 in memory on 3bc71adbf7e0:38763 (size: 36.5 KiB, free: 434.4 MiB)
[2025-07-26T05:05:47.796+0000] {spark_submit.py:521} INFO - 25/07/26 05:05:47 INFO SparkContext: Created broadcast 1 from showString at NativeMethodAccessorImpl.java:0
[2025-07-26T05:05:47.817+0000] {spark_submit.py:521} INFO - 25/07/26 05:05:47 INFO FileSourceScanExec: Planning scan with bin packing, max size: 4194304 bytes, open cost is considered as scanning 4194304 bytes.
[2025-07-26T05:05:47.870+0000] {spark_submit.py:521} INFO - 25/07/26 05:05:47 INFO SparkContext: Starting job: showString at NativeMethodAccessorImpl.java:0
[2025-07-26T05:05:47.871+0000] {spark_submit.py:521} INFO - 25/07/26 05:05:47 INFO DAGScheduler: Got job 1 (showString at NativeMethodAccessorImpl.java:0) with 1 output partitions
[2025-07-26T05:05:47.872+0000] {spark_submit.py:521} INFO - 25/07/26 05:05:47 INFO DAGScheduler: Final stage: ResultStage 1 (showString at NativeMethodAccessorImpl.java:0)
[2025-07-26T05:05:47.873+0000] {spark_submit.py:521} INFO - 25/07/26 05:05:47 INFO DAGScheduler: Parents of final stage: List()
[2025-07-26T05:05:47.873+0000] {spark_submit.py:521} INFO - 25/07/26 05:05:47 INFO DAGScheduler: Missing parents: List()
[2025-07-26T05:05:47.874+0000] {spark_submit.py:521} INFO - 25/07/26 05:05:47 INFO DAGScheduler: Submitting ResultStage 1 (MapPartitionsRDD[5] at showString at NativeMethodAccessorImpl.java:0), which has no missing parents
[2025-07-26T05:05:47.901+0000] {spark_submit.py:521} INFO - 25/07/26 05:05:47 INFO MemoryStore: Block broadcast_2 stored as values in memory (estimated size 28.9 KiB, free 434.1 MiB)
[2025-07-26T05:05:47.908+0000] {spark_submit.py:521} INFO - 25/07/26 05:05:47 INFO MemoryStore: Block broadcast_2_piece0 stored as bytes in memory (estimated size 9.3 KiB, free 434.1 MiB)
[2025-07-26T05:05:47.909+0000] {spark_submit.py:521} INFO - 25/07/26 05:05:47 INFO BlockManagerInfo: Added broadcast_2_piece0 in memory on 3bc71adbf7e0:38763 (size: 9.3 KiB, free: 434.4 MiB)
[2025-07-26T05:05:47.910+0000] {spark_submit.py:521} INFO - 25/07/26 05:05:47 INFO SparkContext: Created broadcast 2 from broadcast at DAGScheduler.scala:1611
[2025-07-26T05:05:47.912+0000] {spark_submit.py:521} INFO - 25/07/26 05:05:47 INFO DAGScheduler: Submitting 1 missing tasks from ResultStage 1 (MapPartitionsRDD[5] at showString at NativeMethodAccessorImpl.java:0) (first 15 tasks are for partitions Vector(0))
[2025-07-26T05:05:47.913+0000] {spark_submit.py:521} INFO - 25/07/26 05:05:47 INFO TaskSchedulerImpl: Adding task set 1.0 with 1 tasks resource profile 0
[2025-07-26T05:05:47.917+0000] {spark_submit.py:521} INFO - 25/07/26 05:05:47 INFO TaskSetManager: Starting task 0.0 in stage 1.0 (TID 1) (172.18.0.6, executor 0, partition 0, PROCESS_LOCAL, 9627 bytes)
[2025-07-26T05:05:47.954+0000] {spark_submit.py:521} INFO - 25/07/26 05:05:47 INFO BlockManagerInfo: Added broadcast_2_piece0 in memory on 172.18.0.6:41619 (size: 9.3 KiB, free: 434.4 MiB)
[2025-07-26T05:05:48.438+0000] {spark_submit.py:521} INFO - 25/07/26 05:05:48 INFO BlockManagerInfo: Added broadcast_1_piece0 in memory on 172.18.0.6:41619 (size: 36.5 KiB, free: 434.4 MiB)
[2025-07-26T05:05:49.518+0000] {spark_submit.py:521} INFO - 25/07/26 05:05:49 INFO TaskSetManager: Finished task 0.0 in stage 1.0 (TID 1) in 1603 ms on 172.18.0.6 (executor 0) (1/1)
[2025-07-26T05:05:49.518+0000] {spark_submit.py:521} INFO - 25/07/26 05:05:49 INFO TaskSchedulerImpl: Removed TaskSet 1.0, whose tasks have all completed, from pool
[2025-07-26T05:05:49.519+0000] {spark_submit.py:521} INFO - 25/07/26 05:05:49 INFO DAGScheduler: ResultStage 1 (showString at NativeMethodAccessorImpl.java:0) finished in 1.642 s
[2025-07-26T05:05:49.520+0000] {spark_submit.py:521} INFO - 25/07/26 05:05:49 INFO DAGScheduler: Job 1 is finished. Cancelling potential speculative or zombie tasks for this job
[2025-07-26T05:05:49.520+0000] {spark_submit.py:521} INFO - 25/07/26 05:05:49 INFO TaskSchedulerImpl: Killing all running tasks in stage 1: Stage finished
[2025-07-26T05:05:49.521+0000] {spark_submit.py:521} INFO - 25/07/26 05:05:49 INFO DAGScheduler: Job 1 finished: showString at NativeMethodAccessorImpl.java:0, took 1.649982 s
[2025-07-26T05:05:50.227+0000] {spark_submit.py:521} INFO - 25/07/26 05:05:50 INFO CodeGenerator: Code generated in 23.664419 ms
[2025-07-26T05:05:50.236+0000] {spark_submit.py:521} INFO - +--------------------+--------------------+---------------+-------------------+--------------------+--------------------+-------------+----------------------+--------------------+--------------------+-----------------------+-----------------------+--------------------+
[2025-07-26T05:05:50.238+0000] {spark_submit.py:521} INFO - |               title|                 url| time_published|            authors|             summary|        banner_image|       source|category_within_source|       source_domain|              topics|overall_sentiment_score|overall_sentiment_label|    ticker_sentiment|
[2025-07-26T05:05:50.239+0000] {spark_submit.py:521} INFO - +--------------------+--------------------+---------------+-------------------+--------------------+--------------------+-------------+----------------------+--------------------+--------------------+-----------------------+-----------------------+--------------------+
[2025-07-26T05:05:50.239+0000] {spark_submit.py:521} INFO - |FOMO, lax rules a...|https://cointeleg...|20250714T235000|    [Stephen Katte]|Retired DEA agent...|https://s3.cointe...|Cointelegraph|                   n/a|   cointelegraph.com|[{Finance, 1.0}, ...|              -0.355166|                Bearish|[{COIN, 0.081276,...|
[2025-07-26T05:05:50.240+0000] {spark_submit.py:521} INFO - |SHAREHOLDER INVES...|https://www.benzi...|20250714T234955|   [Globe Newswire]|NEW YORK, July 14...|https://www.benzi...|     Benzinga|                  News|    www.benzinga.com|[{Life Sciences, ...|               0.162874|       Somewhat-Bullish|[{ZBH, 0.083251, ...|
[2025-07-26T05:05:50.240+0000] {spark_submit.py:521} INFO - |If You Invested $...|https://www.benzi...|20250714T234515|[Benzinga Insights]|Oracle ORCL has o...|https://cdn.benzi...|     Benzinga|               Trading|    www.benzinga.com|[{Technology, 1.0...|               0.164255|       Somewhat-Bullish|[{ORCL, 0.901338,...|
[2025-07-26T05:05:50.241+0000] {spark_submit.py:521} INFO - |Montage Gold Clos...|https://www.globe...|20250714T233700|[Montage Gold Corp]|VANCOUVER, Britis...|https://ml.globen...|GlobeNewswire|                   n/a|www.globenewswire...|[{Economy - Macro...|               0.092093|                Neutral|[{ZHAOF, 0.046184...|
[2025-07-26T05:05:50.241+0000] {spark_submit.py:521} INFO - |Imperial to Redee...|https://www.benzi...|20250714T233456|   [Globe Newswire]|VANCOUVER, Britis...|https://www.benzi...|     Benzinga|               Markets|    www.benzinga.com|[{Financial Marke...|               0.245347|       Somewhat-Bullish|[{IPMLF, 0.056808...|
[2025-07-26T05:05:50.242+0000] {spark_submit.py:521} INFO - +--------------------+--------------------+---------------+-------------------+--------------------+--------------------+-------------+----------------------+--------------------+--------------------+-----------------------+-----------------------+--------------------+
[2025-07-26T05:05:50.242+0000] {spark_submit.py:521} INFO - only showing top 5 rows
[2025-07-26T05:05:50.243+0000] {spark_submit.py:521} INFO - 
[2025-07-26T05:05:50.334+0000] {spark_submit.py:521} INFO - Topics DataFrame:
[2025-07-26T05:05:50.471+0000] {spark_submit.py:521} INFO - 25/07/26 05:05:50 INFO FileSourceStrategy: Pushed Filters:
[2025-07-26T05:05:50.472+0000] {spark_submit.py:521} INFO - 25/07/26 05:05:50 INFO FileSourceStrategy: Post-Scan Filters: (size(topics#9.topic, true) > 0),isnotnull(topics#9.topic)
[2025-07-26T05:05:50.490+0000] {spark_submit.py:521} INFO - 25/07/26 05:05:50 INFO BlockManagerInfo: Removed broadcast_2_piece0 on 3bc71adbf7e0:38763 in memory (size: 9.3 KiB, free: 434.4 MiB)
[2025-07-26T05:05:50.494+0000] {spark_submit.py:521} INFO - 25/07/26 05:05:50 INFO BlockManagerInfo: Removed broadcast_2_piece0 on 172.18.0.6:41619 in memory (size: 9.3 KiB, free: 434.4 MiB)
[2025-07-26T05:05:50.661+0000] {spark_submit.py:521} INFO - 25/07/26 05:05:50 INFO CodeGenerator: Code generated in 68.331919 ms
[2025-07-26T05:05:50.669+0000] {spark_submit.py:521} INFO - 25/07/26 05:05:50 INFO MemoryStore: Block broadcast_3 stored as values in memory (estimated size 210.9 KiB, free 433.9 MiB)
[2025-07-26T05:05:50.686+0000] {spark_submit.py:521} INFO - 25/07/26 05:05:50 INFO MemoryStore: Block broadcast_3_piece0 stored as bytes in memory (estimated size 35.9 KiB, free 433.9 MiB)
[2025-07-26T05:05:50.687+0000] {spark_submit.py:521} INFO - 25/07/26 05:05:50 INFO BlockManagerInfo: Added broadcast_3_piece0 in memory on 3bc71adbf7e0:38763 (size: 35.9 KiB, free: 434.3 MiB)
[2025-07-26T05:05:50.689+0000] {spark_submit.py:521} INFO - 25/07/26 05:05:50 INFO SparkContext: Created broadcast 3 from showString at NativeMethodAccessorImpl.java:0
[2025-07-26T05:05:50.692+0000] {spark_submit.py:521} INFO - 25/07/26 05:05:50 INFO FileSourceScanExec: Planning scan with bin packing, max size: 4194304 bytes, open cost is considered as scanning 4194304 bytes.
[2025-07-26T05:05:50.770+0000] {spark_submit.py:521} INFO - 25/07/26 05:05:50 INFO DAGScheduler: Registering RDD 9 (showString at NativeMethodAccessorImpl.java:0) as input to shuffle 0
[2025-07-26T05:05:50.774+0000] {spark_submit.py:521} INFO - 25/07/26 05:05:50 INFO DAGScheduler: Got map stage job 2 (showString at NativeMethodAccessorImpl.java:0) with 1 output partitions
[2025-07-26T05:05:50.774+0000] {spark_submit.py:521} INFO - 25/07/26 05:05:50 INFO DAGScheduler: Final stage: ShuffleMapStage 2 (showString at NativeMethodAccessorImpl.java:0)
[2025-07-26T05:05:50.775+0000] {spark_submit.py:521} INFO - 25/07/26 05:05:50 INFO DAGScheduler: Parents of final stage: List()
[2025-07-26T05:05:50.775+0000] {spark_submit.py:521} INFO - 25/07/26 05:05:50 INFO DAGScheduler: Missing parents: List()
[2025-07-26T05:05:50.776+0000] {spark_submit.py:521} INFO - 25/07/26 05:05:50 INFO DAGScheduler: Submitting ShuffleMapStage 2 (MapPartitionsRDD[9] at showString at NativeMethodAccessorImpl.java:0), which has no missing parents
[2025-07-26T05:05:50.791+0000] {spark_submit.py:521} INFO - 25/07/26 05:05:50 INFO MemoryStore: Block broadcast_4 stored as values in memory (estimated size 45.1 KiB, free 433.9 MiB)
[2025-07-26T05:05:50.797+0000] {spark_submit.py:521} INFO - 25/07/26 05:05:50 INFO MemoryStore: Block broadcast_4_piece0 stored as bytes in memory (estimated size 19.3 KiB, free 433.9 MiB)
[2025-07-26T05:05:50.798+0000] {spark_submit.py:521} INFO - 25/07/26 05:05:50 INFO BlockManagerInfo: Added broadcast_4_piece0 in memory on 3bc71adbf7e0:38763 (size: 19.3 KiB, free: 434.3 MiB)
[2025-07-26T05:05:50.799+0000] {spark_submit.py:521} INFO - 25/07/26 05:05:50 INFO SparkContext: Created broadcast 4 from broadcast at DAGScheduler.scala:1611
[2025-07-26T05:05:50.808+0000] {spark_submit.py:521} INFO - 25/07/26 05:05:50 INFO DAGScheduler: Submitting 1 missing tasks from ShuffleMapStage 2 (MapPartitionsRDD[9] at showString at NativeMethodAccessorImpl.java:0) (first 15 tasks are for partitions Vector(0))
[2025-07-26T05:05:50.808+0000] {spark_submit.py:521} INFO - 25/07/26 05:05:50 INFO TaskSchedulerImpl: Adding task set 2.0 with 1 tasks resource profile 0
[2025-07-26T05:05:50.811+0000] {spark_submit.py:521} INFO - 25/07/26 05:05:50 INFO TaskSetManager: Starting task 0.0 in stage 2.0 (TID 2) (172.18.0.6, executor 0, partition 0, PROCESS_LOCAL, 9616 bytes)
[2025-07-26T05:05:50.836+0000] {spark_submit.py:521} INFO - 25/07/26 05:05:50 INFO BlockManagerInfo: Added broadcast_4_piece0 in memory on 172.18.0.6:41619 (size: 19.3 KiB, free: 434.3 MiB)
[2025-07-26T05:05:50.855+0000] {spark_submit.py:521} INFO - 25/07/26 05:05:50 INFO BlockManagerInfo: Removed broadcast_1_piece0 on 3bc71adbf7e0:38763 in memory (size: 36.5 KiB, free: 434.3 MiB)
[2025-07-26T05:05:50.868+0000] {spark_submit.py:521} INFO - 25/07/26 05:05:50 INFO BlockManagerInfo: Removed broadcast_1_piece0 on 172.18.0.6:41619 in memory (size: 36.5 KiB, free: 434.4 MiB)
[2025-07-26T05:05:51.235+0000] {spark_submit.py:521} INFO - 25/07/26 05:05:51 INFO BlockManagerInfo: Added broadcast_3_piece0 in memory on 172.18.0.6:41619 (size: 35.9 KiB, free: 434.3 MiB)
[2025-07-26T05:05:51.874+0000] {spark_submit.py:521} INFO - 25/07/26 05:05:51 INFO TaskSetManager: Finished task 0.0 in stage 2.0 (TID 2) in 1064 ms on 172.18.0.6 (executor 0) (1/1)
[2025-07-26T05:05:51.874+0000] {spark_submit.py:521} INFO - 25/07/26 05:05:51 INFO TaskSchedulerImpl: Removed TaskSet 2.0, whose tasks have all completed, from pool
[2025-07-26T05:05:51.876+0000] {spark_submit.py:521} INFO - 25/07/26 05:05:51 INFO DAGScheduler: ShuffleMapStage 2 (showString at NativeMethodAccessorImpl.java:0) finished in 1.095 s
[2025-07-26T05:05:51.876+0000] {spark_submit.py:521} INFO - 25/07/26 05:05:51 INFO DAGScheduler: looking for newly runnable stages
[2025-07-26T05:05:51.877+0000] {spark_submit.py:521} INFO - 25/07/26 05:05:51 INFO DAGScheduler: running: Set()
[2025-07-26T05:05:51.877+0000] {spark_submit.py:521} INFO - 25/07/26 05:05:51 INFO DAGScheduler: waiting: Set()
[2025-07-26T05:05:51.878+0000] {spark_submit.py:521} INFO - 25/07/26 05:05:51 INFO DAGScheduler: failed: Set()
[2025-07-26T05:05:51.897+0000] {spark_submit.py:521} INFO - 25/07/26 05:05:51 INFO ShufflePartitionsUtil: For shuffle(0), advisory target size: 67108864, actual target size 1048576, minimum partition size: 1048576
[2025-07-26T05:05:51.939+0000] {spark_submit.py:521} INFO - 25/07/26 05:05:51 INFO CodeGenerator: Code generated in 23.69272 ms
[2025-07-26T05:05:51.965+0000] {spark_submit.py:521} INFO - 25/07/26 05:05:51 INFO SparkContext: Starting job: showString at NativeMethodAccessorImpl.java:0
[2025-07-26T05:05:51.967+0000] {spark_submit.py:521} INFO - 25/07/26 05:05:51 INFO DAGScheduler: Got job 3 (showString at NativeMethodAccessorImpl.java:0) with 1 output partitions
[2025-07-26T05:05:51.968+0000] {spark_submit.py:521} INFO - 25/07/26 05:05:51 INFO DAGScheduler: Final stage: ResultStage 4 (showString at NativeMethodAccessorImpl.java:0)
[2025-07-26T05:05:51.968+0000] {spark_submit.py:521} INFO - 25/07/26 05:05:51 INFO DAGScheduler: Parents of final stage: List(ShuffleMapStage 3)
[2025-07-26T05:05:51.969+0000] {spark_submit.py:521} INFO - 25/07/26 05:05:51 INFO DAGScheduler: Missing parents: List()
[2025-07-26T05:05:51.969+0000] {spark_submit.py:521} INFO - 25/07/26 05:05:51 INFO DAGScheduler: Submitting ResultStage 4 (MapPartitionsRDD[12] at showString at NativeMethodAccessorImpl.java:0), which has no missing parents
[2025-07-26T05:05:51.982+0000] {spark_submit.py:521} INFO - 25/07/26 05:05:51 INFO MemoryStore: Block broadcast_5 stored as values in memory (estimated size 45.4 KiB, free 434.1 MiB)
[2025-07-26T05:05:51.984+0000] {spark_submit.py:521} INFO - 25/07/26 05:05:51 INFO MemoryStore: Block broadcast_5_piece0 stored as bytes in memory (estimated size 20.3 KiB, free 434.0 MiB)
[2025-07-26T05:05:51.985+0000] {spark_submit.py:521} INFO - 25/07/26 05:05:51 INFO BlockManagerInfo: Added broadcast_5_piece0 in memory on 3bc71adbf7e0:38763 (size: 20.3 KiB, free: 434.3 MiB)
[2025-07-26T05:05:51.985+0000] {spark_submit.py:521} INFO - 25/07/26 05:05:51 INFO SparkContext: Created broadcast 5 from broadcast at DAGScheduler.scala:1611
[2025-07-26T05:05:51.986+0000] {spark_submit.py:521} INFO - 25/07/26 05:05:51 INFO DAGScheduler: Submitting 1 missing tasks from ResultStage 4 (MapPartitionsRDD[12] at showString at NativeMethodAccessorImpl.java:0) (first 15 tasks are for partitions Vector(0))
[2025-07-26T05:05:51.987+0000] {spark_submit.py:521} INFO - 25/07/26 05:05:51 INFO TaskSchedulerImpl: Adding task set 4.0 with 1 tasks resource profile 0
[2025-07-26T05:05:51.992+0000] {spark_submit.py:521} INFO - 25/07/26 05:05:51 INFO TaskSetManager: Starting task 0.0 in stage 4.0 (TID 3) (172.18.0.6, executor 0, partition 0, NODE_LOCAL, 9003 bytes)
[2025-07-26T05:05:52.011+0000] {spark_submit.py:521} INFO - 25/07/26 05:05:52 INFO BlockManagerInfo: Added broadcast_5_piece0 in memory on 172.18.0.6:41619 (size: 20.3 KiB, free: 434.3 MiB)
[2025-07-26T05:05:52.047+0000] {spark_submit.py:521} INFO - 25/07/26 05:05:52 INFO MapOutputTrackerMasterEndpoint: Asked to send map output locations for shuffle 0 to 172.18.0.6:37678
[2025-07-26T05:05:52.274+0000] {spark_submit.py:521} INFO - 25/07/26 05:05:52 INFO TaskSetManager: Finished task 0.0 in stage 4.0 (TID 3) in 284 ms on 172.18.0.6 (executor 0) (1/1)
[2025-07-26T05:05:52.275+0000] {spark_submit.py:521} INFO - 25/07/26 05:05:52 INFO TaskSchedulerImpl: Removed TaskSet 4.0, whose tasks have all completed, from pool
[2025-07-26T05:05:52.276+0000] {spark_submit.py:521} INFO - 25/07/26 05:05:52 INFO DAGScheduler: ResultStage 4 (showString at NativeMethodAccessorImpl.java:0) finished in 0.297 s
[2025-07-26T05:05:52.277+0000] {spark_submit.py:521} INFO - 25/07/26 05:05:52 INFO DAGScheduler: Job 3 is finished. Cancelling potential speculative or zombie tasks for this job
[2025-07-26T05:05:52.277+0000] {spark_submit.py:521} INFO - 25/07/26 05:05:52 INFO TaskSchedulerImpl: Killing all running tasks in stage 4: Stage finished
[2025-07-26T05:05:52.278+0000] {spark_submit.py:521} INFO - 25/07/26 05:05:52 INFO DAGScheduler: Job 3 finished: showString at NativeMethodAccessorImpl.java:0, took 0.312123 s
[2025-07-26T05:05:52.291+0000] {spark_submit.py:521} INFO - 25/07/26 05:05:52 INFO CodeGenerator: Code generated in 8.201022 ms
[2025-07-26T05:05:52.294+0000] {spark_submit.py:521} INFO - +--------------------+
[2025-07-26T05:05:52.295+0000] {spark_submit.py:521} INFO - |                name|
[2025-07-26T05:05:52.295+0000] {spark_submit.py:521} INFO - +--------------------+
[2025-07-26T05:05:52.296+0000] {spark_submit.py:521} INFO - |                 IPO|
[2025-07-26T05:05:52.296+0000] {spark_submit.py:521} INFO - |    Economy - Fiscal|
[2025-07-26T05:05:52.297+0000] {spark_submit.py:521} INFO - |     Economy - Macro|
[2025-07-26T05:05:52.297+0000] {spark_submit.py:521} INFO - |             Finance|
[2025-07-26T05:05:52.298+0000] {spark_submit.py:521} INFO - |            Earnings|
[2025-07-26T05:05:52.298+0000] {spark_submit.py:521} INFO - |Real Estate & Con...|
[2025-07-26T05:05:52.298+0000] {spark_submit.py:521} INFO - |  Retail & Wholesale|
[2025-07-26T05:05:52.299+0000] {spark_submit.py:521} INFO - |Energy & Transpor...|
[2025-07-26T05:05:52.299+0000] {spark_submit.py:521} INFO - |          Technology|
[2025-07-26T05:05:52.300+0000] {spark_submit.py:521} INFO - |   Financial Markets|
[2025-07-26T05:05:52.300+0000] {spark_submit.py:521} INFO - |  Economy - Monetary|
[2025-07-26T05:05:52.301+0000] {spark_submit.py:521} INFO - |Mergers & Acquisi...|
[2025-07-26T05:05:52.301+0000] {spark_submit.py:521} INFO - |       Manufacturing|
[2025-07-26T05:05:52.302+0000] {spark_submit.py:521} INFO - |          Blockchain|
[2025-07-26T05:05:52.302+0000] {spark_submit.py:521} INFO - |       Life Sciences|
[2025-07-26T05:05:52.303+0000] {spark_submit.py:521} INFO - +--------------------+
[2025-07-26T05:05:52.303+0000] {spark_submit.py:521} INFO - 
[2025-07-26T05:05:52.802+0000] {spark_submit.py:521} INFO - 25/07/26 05:05:52 INFO FileSourceStrategy: Pushed Filters:
[2025-07-26T05:05:52.803+0000] {spark_submit.py:521} INFO - 25/07/26 05:05:52 INFO FileSourceStrategy: Post-Scan Filters: (size(topics#9.topic, true) > 0),isnotnull(topics#9.topic)
[2025-07-26T05:05:52.830+0000] {spark_submit.py:521} INFO - 25/07/26 05:05:52 INFO MemoryStore: Block broadcast_6 stored as values in memory (estimated size 210.9 KiB, free 433.8 MiB)
[2025-07-26T05:05:52.838+0000] {spark_submit.py:521} INFO - 25/07/26 05:05:52 INFO MemoryStore: Block broadcast_6_piece0 stored as bytes in memory (estimated size 35.9 KiB, free 433.8 MiB)
[2025-07-26T05:05:52.838+0000] {spark_submit.py:521} INFO - 25/07/26 05:05:52 INFO BlockManagerInfo: Added broadcast_6_piece0 in memory on 3bc71adbf7e0:38763 (size: 35.9 KiB, free: 434.3 MiB)
[2025-07-26T05:05:52.839+0000] {spark_submit.py:521} INFO - 25/07/26 05:05:52 INFO SparkContext: Created broadcast 6 from toPandas at /opt/airflow/scripts/elt_to_dwh/transform/process_news.py:63
[2025-07-26T05:05:52.840+0000] {spark_submit.py:521} INFO - 25/07/26 05:05:52 INFO FileSourceScanExec: Planning scan with bin packing, max size: 4194304 bytes, open cost is considered as scanning 4194304 bytes.
[2025-07-26T05:05:52.845+0000] {spark_submit.py:521} INFO - 25/07/26 05:05:52 INFO DAGScheduler: Registering RDD 16 (toPandas at /opt/airflow/scripts/elt_to_dwh/transform/process_news.py:63) as input to shuffle 1
[2025-07-26T05:05:52.846+0000] {spark_submit.py:521} INFO - 25/07/26 05:05:52 INFO DAGScheduler: Got map stage job 4 (toPandas at /opt/airflow/scripts/elt_to_dwh/transform/process_news.py:63) with 1 output partitions
[2025-07-26T05:05:52.846+0000] {spark_submit.py:521} INFO - 25/07/26 05:05:52 INFO DAGScheduler: Final stage: ShuffleMapStage 5 (toPandas at /opt/airflow/scripts/elt_to_dwh/transform/process_news.py:63)
[2025-07-26T05:05:52.847+0000] {spark_submit.py:521} INFO - 25/07/26 05:05:52 INFO DAGScheduler: Parents of final stage: List()
[2025-07-26T05:05:52.847+0000] {spark_submit.py:521} INFO - 25/07/26 05:05:52 INFO DAGScheduler: Missing parents: List()
[2025-07-26T05:05:52.848+0000] {spark_submit.py:521} INFO - 25/07/26 05:05:52 INFO DAGScheduler: Submitting ShuffleMapStage 5 (MapPartitionsRDD[16] at toPandas at /opt/airflow/scripts/elt_to_dwh/transform/process_news.py:63), which has no missing parents
[2025-07-26T05:05:52.849+0000] {spark_submit.py:521} INFO - 25/07/26 05:05:52 INFO MemoryStore: Block broadcast_7 stored as values in memory (estimated size 45.1 KiB, free 433.7 MiB)
[2025-07-26T05:05:52.851+0000] {spark_submit.py:521} INFO - 25/07/26 05:05:52 INFO MemoryStore: Block broadcast_7_piece0 stored as bytes in memory (estimated size 19.3 KiB, free 433.7 MiB)
[2025-07-26T05:05:52.852+0000] {spark_submit.py:521} INFO - 25/07/26 05:05:52 INFO BlockManagerInfo: Added broadcast_7_piece0 in memory on 3bc71adbf7e0:38763 (size: 19.3 KiB, free: 434.3 MiB)
[2025-07-26T05:05:52.852+0000] {spark_submit.py:521} INFO - 25/07/26 05:05:52 INFO SparkContext: Created broadcast 7 from broadcast at DAGScheduler.scala:1611
[2025-07-26T05:05:52.853+0000] {spark_submit.py:521} INFO - 25/07/26 05:05:52 INFO DAGScheduler: Submitting 1 missing tasks from ShuffleMapStage 5 (MapPartitionsRDD[16] at toPandas at /opt/airflow/scripts/elt_to_dwh/transform/process_news.py:63) (first 15 tasks are for partitions Vector(0))
[2025-07-26T05:05:52.853+0000] {spark_submit.py:521} INFO - 25/07/26 05:05:52 INFO TaskSchedulerImpl: Adding task set 5.0 with 1 tasks resource profile 0
[2025-07-26T05:05:52.854+0000] {spark_submit.py:521} INFO - 25/07/26 05:05:52 INFO TaskSetManager: Starting task 0.0 in stage 5.0 (TID 4) (172.18.0.6, executor 0, partition 0, PROCESS_LOCAL, 9616 bytes)
[2025-07-26T05:05:52.868+0000] {spark_submit.py:521} INFO - 25/07/26 05:05:52 INFO BlockManagerInfo: Added broadcast_7_piece0 in memory on 172.18.0.6:41619 (size: 19.3 KiB, free: 434.3 MiB)
[2025-07-26T05:05:52.902+0000] {spark_submit.py:521} INFO - 25/07/26 05:05:52 INFO BlockManagerInfo: Added broadcast_6_piece0 in memory on 172.18.0.6:41619 (size: 35.9 KiB, free: 434.3 MiB)
[2025-07-26T05:05:53.487+0000] {spark_submit.py:521} INFO - 25/07/26 05:05:53 INFO TaskSetManager: Finished task 0.0 in stage 5.0 (TID 4) in 633 ms on 172.18.0.6 (executor 0) (1/1)
[2025-07-26T05:05:53.488+0000] {spark_submit.py:521} INFO - 25/07/26 05:05:53 INFO TaskSchedulerImpl: Removed TaskSet 5.0, whose tasks have all completed, from pool
[2025-07-26T05:05:53.488+0000] {spark_submit.py:521} INFO - 25/07/26 05:05:53 INFO DAGScheduler: ShuffleMapStage 5 (toPandas at /opt/airflow/scripts/elt_to_dwh/transform/process_news.py:63) finished in 0.641 s
[2025-07-26T05:05:53.489+0000] {spark_submit.py:521} INFO - 25/07/26 05:05:53 INFO DAGScheduler: looking for newly runnable stages
[2025-07-26T05:05:53.489+0000] {spark_submit.py:521} INFO - 25/07/26 05:05:53 INFO DAGScheduler: running: Set()
[2025-07-26T05:05:53.490+0000] {spark_submit.py:521} INFO - 25/07/26 05:05:53 INFO DAGScheduler: waiting: Set()
[2025-07-26T05:05:53.490+0000] {spark_submit.py:521} INFO - 25/07/26 05:05:53 INFO DAGScheduler: failed: Set()
[2025-07-26T05:05:53.493+0000] {spark_submit.py:521} INFO - 25/07/26 05:05:53 INFO ShufflePartitionsUtil: For shuffle(1), advisory target size: 67108864, actual target size 1048576, minimum partition size: 1048576
[2025-07-26T05:05:53.524+0000] {spark_submit.py:521} INFO - 25/07/26 05:05:53 INFO CodeGenerator: Code generated in 23.788214 ms
[2025-07-26T05:05:53.560+0000] {spark_submit.py:521} INFO - 25/07/26 05:05:53 INFO SparkContext: Starting job: toPandas at /opt/airflow/scripts/elt_to_dwh/transform/process_news.py:63
[2025-07-26T05:05:53.561+0000] {spark_submit.py:521} INFO - 25/07/26 05:05:53 INFO DAGScheduler: Got job 5 (toPandas at /opt/airflow/scripts/elt_to_dwh/transform/process_news.py:63) with 1 output partitions
[2025-07-26T05:05:53.562+0000] {spark_submit.py:521} INFO - 25/07/26 05:05:53 INFO DAGScheduler: Final stage: ResultStage 7 (toPandas at /opt/airflow/scripts/elt_to_dwh/transform/process_news.py:63)
[2025-07-26T05:05:53.588+0000] {spark_submit.py:521} INFO - 25/07/26 05:05:53 INFO DAGScheduler: Parents of final stage: List(ShuffleMapStage 6)
[2025-07-26T05:05:53.593+0000] {spark_submit.py:521} INFO - 25/07/26 05:05:53 INFO DAGScheduler: Missing parents: List()
[2025-07-26T05:05:53.594+0000] {spark_submit.py:521} INFO - 25/07/26 05:05:53 INFO DAGScheduler: Submitting ResultStage 7 (MapPartitionsRDD[19] at toPandas at /opt/airflow/scripts/elt_to_dwh/transform/process_news.py:63), which has no missing parents
[2025-07-26T05:05:53.595+0000] {spark_submit.py:521} INFO - 25/07/26 05:05:53 INFO MemoryStore: Block broadcast_8 stored as values in memory (estimated size 44.8 KiB, free 433.7 MiB)
[2025-07-26T05:05:53.596+0000] {spark_submit.py:521} INFO - 25/07/26 05:05:53 INFO MemoryStore: Block broadcast_8_piece0 stored as bytes in memory (estimated size 20.1 KiB, free 433.7 MiB)
[2025-07-26T05:05:53.597+0000] {spark_submit.py:521} INFO - 25/07/26 05:05:53 INFO BlockManagerInfo: Added broadcast_8_piece0 in memory on 3bc71adbf7e0:38763 (size: 20.1 KiB, free: 434.3 MiB)
[2025-07-26T05:05:53.597+0000] {spark_submit.py:521} INFO - 25/07/26 05:05:53 INFO SparkContext: Created broadcast 8 from broadcast at DAGScheduler.scala:1611
[2025-07-26T05:05:53.598+0000] {spark_submit.py:521} INFO - 25/07/26 05:05:53 INFO DAGScheduler: Submitting 1 missing tasks from ResultStage 7 (MapPartitionsRDD[19] at toPandas at /opt/airflow/scripts/elt_to_dwh/transform/process_news.py:63) (first 15 tasks are for partitions Vector(0))
[2025-07-26T05:05:53.598+0000] {spark_submit.py:521} INFO - 25/07/26 05:05:53 INFO TaskSchedulerImpl: Adding task set 7.0 with 1 tasks resource profile 0
[2025-07-26T05:05:53.599+0000] {spark_submit.py:521} INFO - 25/07/26 05:05:53 INFO TaskSetManager: Starting task 0.0 in stage 7.0 (TID 5) (172.18.0.6, executor 0, partition 0, NODE_LOCAL, 9003 bytes)
[2025-07-26T05:05:53.616+0000] {spark_submit.py:521} INFO - 25/07/26 05:05:53 INFO BlockManagerInfo: Added broadcast_8_piece0 in memory on 172.18.0.6:41619 (size: 20.1 KiB, free: 434.3 MiB)
[2025-07-26T05:05:53.646+0000] {spark_submit.py:521} INFO - 25/07/26 05:05:53 INFO MapOutputTrackerMasterEndpoint: Asked to send map output locations for shuffle 1 to 172.18.0.6:37678
[2025-07-26T05:05:53.725+0000] {spark_submit.py:521} INFO - 25/07/26 05:05:53 INFO TaskSetManager: Finished task 0.0 in stage 7.0 (TID 5) in 137 ms on 172.18.0.6 (executor 0) (1/1)
[2025-07-26T05:05:53.726+0000] {spark_submit.py:521} INFO - 25/07/26 05:05:53 INFO TaskSchedulerImpl: Removed TaskSet 7.0, whose tasks have all completed, from pool
[2025-07-26T05:05:53.727+0000] {spark_submit.py:521} INFO - 25/07/26 05:05:53 INFO DAGScheduler: ResultStage 7 (toPandas at /opt/airflow/scripts/elt_to_dwh/transform/process_news.py:63) finished in 0.159 s
[2025-07-26T05:05:53.728+0000] {spark_submit.py:521} INFO - 25/07/26 05:05:53 INFO DAGScheduler: Job 5 is finished. Cancelling potential speculative or zombie tasks for this job
[2025-07-26T05:05:53.729+0000] {spark_submit.py:521} INFO - 25/07/26 05:05:53 INFO TaskSchedulerImpl: Killing all running tasks in stage 7: Stage finished
[2025-07-26T05:05:53.730+0000] {spark_submit.py:521} INFO - 25/07/26 05:05:53 INFO DAGScheduler: Job 5 finished: toPandas at /opt/airflow/scripts/elt_to_dwh/transform/process_news.py:63, took 0.167742 s
[2025-07-26T05:05:53.774+0000] {spark_submit.py:521} INFO - Data inserted into dim_topics successfully.
[2025-07-26T05:05:53.777+0000] {spark_submit.py:521} INFO - Data inserted into dim_time successfully.
[2025-07-26T05:05:53.779+0000] {spark_submit.py:521} INFO - Time ID DataFrame:
[2025-07-26T05:05:53.783+0000] {spark_submit.py:521} INFO - id
[2025-07-26T05:05:53.784+0000] {spark_submit.py:521} INFO - 0   3
[2025-07-26T05:05:53.828+0000] {spark_submit.py:521} INFO - Dim_news DataFrame:
[2025-07-26T05:05:53.885+0000] {spark_submit.py:521} INFO - 25/07/26 05:05:53 INFO FileSourceStrategy: Pushed Filters:
[2025-07-26T05:05:53.886+0000] {spark_submit.py:521} INFO - 25/07/26 05:05:53 INFO FileSourceStrategy: Post-Scan Filters:
[2025-07-26T05:05:53.953+0000] {spark_submit.py:521} INFO - 25/07/26 05:05:53 INFO BlockManagerInfo: Removed broadcast_8_piece0 on 3bc71adbf7e0:38763 in memory (size: 20.1 KiB, free: 434.3 MiB)
[2025-07-26T05:05:53.967+0000] {spark_submit.py:521} INFO - 25/07/26 05:05:53 INFO BlockManagerInfo: Removed broadcast_8_piece0 on 172.18.0.6:41619 in memory (size: 20.1 KiB, free: 434.3 MiB)
[2025-07-26T05:05:53.990+0000] {spark_submit.py:521} INFO - 25/07/26 05:05:53 INFO BlockManagerInfo: Removed broadcast_4_piece0 on 3bc71adbf7e0:38763 in memory (size: 19.3 KiB, free: 434.3 MiB)
[2025-07-26T05:05:53.994+0000] {spark_submit.py:521} INFO - 25/07/26 05:05:53 INFO BlockManagerInfo: Removed broadcast_4_piece0 on 172.18.0.6:41619 in memory (size: 19.3 KiB, free: 434.3 MiB)
[2025-07-26T05:05:54.000+0000] {spark_submit.py:521} INFO - 25/07/26 05:05:54 INFO CodeGenerator: Code generated in 71.999967 ms
[2025-07-26T05:05:54.008+0000] {spark_submit.py:521} INFO - 25/07/26 05:05:54 INFO MemoryStore: Block broadcast_9 stored as values in memory (estimated size 213.5 KiB, free 433.6 MiB)
[2025-07-26T05:05:54.008+0000] {spark_submit.py:521} INFO - 25/07/26 05:05:54 INFO BlockManagerInfo: Removed broadcast_5_piece0 on 3bc71adbf7e0:38763 in memory (size: 20.3 KiB, free: 434.3 MiB)
[2025-07-26T05:05:54.016+0000] {spark_submit.py:521} INFO - 25/07/26 05:05:54 INFO BlockManagerInfo: Removed broadcast_5_piece0 on 172.18.0.6:41619 in memory (size: 20.3 KiB, free: 434.3 MiB)
[2025-07-26T05:05:54.024+0000] {spark_submit.py:521} INFO - 25/07/26 05:05:54 INFO MemoryStore: Block broadcast_9_piece0 stored as bytes in memory (estimated size 36.5 KiB, free 433.6 MiB)
[2025-07-26T05:05:54.025+0000] {spark_submit.py:521} INFO - 25/07/26 05:05:54 INFO BlockManagerInfo: Added broadcast_9_piece0 in memory on 3bc71adbf7e0:38763 (size: 36.5 KiB, free: 434.3 MiB)
[2025-07-26T05:05:54.026+0000] {spark_submit.py:521} INFO - 25/07/26 05:05:54 INFO SparkContext: Created broadcast 9 from showString at NativeMethodAccessorImpl.java:0
[2025-07-26T05:05:54.031+0000] {spark_submit.py:521} INFO - 25/07/26 05:05:54 INFO FileSourceScanExec: Planning scan with bin packing, max size: 4194304 bytes, open cost is considered as scanning 4194304 bytes.
[2025-07-26T05:05:54.033+0000] {spark_submit.py:521} INFO - 25/07/26 05:05:54 INFO BlockManagerInfo: Removed broadcast_7_piece0 on 3bc71adbf7e0:38763 in memory (size: 19.3 KiB, free: 434.3 MiB)
[2025-07-26T05:05:54.043+0000] {spark_submit.py:521} INFO - 25/07/26 05:05:54 INFO BlockManagerInfo: Removed broadcast_7_piece0 on 172.18.0.6:41619 in memory (size: 19.3 KiB, free: 434.3 MiB)
[2025-07-26T05:05:54.045+0000] {spark_submit.py:521} INFO - 25/07/26 05:05:54 INFO SparkContext: Starting job: showString at NativeMethodAccessorImpl.java:0
[2025-07-26T05:05:54.049+0000] {spark_submit.py:521} INFO - 25/07/26 05:05:54 INFO DAGScheduler: Got job 6 (showString at NativeMethodAccessorImpl.java:0) with 1 output partitions
[2025-07-26T05:05:54.050+0000] {spark_submit.py:521} INFO - 25/07/26 05:05:54 INFO DAGScheduler: Final stage: ResultStage 8 (showString at NativeMethodAccessorImpl.java:0)
[2025-07-26T05:05:54.051+0000] {spark_submit.py:521} INFO - 25/07/26 05:05:54 INFO DAGScheduler: Parents of final stage: List()
[2025-07-26T05:05:54.051+0000] {spark_submit.py:521} INFO - 25/07/26 05:05:54 INFO DAGScheduler: Missing parents: List()
[2025-07-26T05:05:54.052+0000] {spark_submit.py:521} INFO - 25/07/26 05:05:54 INFO DAGScheduler: Submitting ResultStage 8 (MapPartitionsRDD[23] at showString at NativeMethodAccessorImpl.java:0), which has no missing parents
[2025-07-26T05:05:54.055+0000] {spark_submit.py:521} INFO - 25/07/26 05:05:54 INFO MemoryStore: Block broadcast_10 stored as values in memory (estimated size 29.2 KiB, free 433.6 MiB)
[2025-07-26T05:05:54.060+0000] {spark_submit.py:521} INFO - 25/07/26 05:05:54 INFO MemoryStore: Block broadcast_10_piece0 stored as bytes in memory (estimated size 9.4 KiB, free 433.6 MiB)
[2025-07-26T05:05:54.061+0000] {spark_submit.py:521} INFO - 25/07/26 05:05:54 INFO BlockManagerInfo: Added broadcast_10_piece0 in memory on 3bc71adbf7e0:38763 (size: 9.4 KiB, free: 434.3 MiB)
[2025-07-26T05:05:54.064+0000] {spark_submit.py:521} INFO - 25/07/26 05:05:54 INFO SparkContext: Created broadcast 10 from broadcast at DAGScheduler.scala:1611
[2025-07-26T05:05:54.067+0000] {spark_submit.py:521} INFO - 25/07/26 05:05:54 INFO DAGScheduler: Submitting 1 missing tasks from ResultStage 8 (MapPartitionsRDD[23] at showString at NativeMethodAccessorImpl.java:0) (first 15 tasks are for partitions Vector(0))
[2025-07-26T05:05:54.069+0000] {spark_submit.py:521} INFO - 25/07/26 05:05:54 INFO TaskSchedulerImpl: Adding task set 8.0 with 1 tasks resource profile 0
[2025-07-26T05:05:54.073+0000] {spark_submit.py:521} INFO - 25/07/26 05:05:54 INFO TaskSetManager: Starting task 0.0 in stage 8.0 (TID 6) (172.18.0.6, executor 0, partition 0, PROCESS_LOCAL, 9627 bytes)
[2025-07-26T05:05:54.119+0000] {spark_submit.py:521} INFO - 25/07/26 05:05:54 INFO BlockManagerInfo: Removed broadcast_3_piece0 on 3bc71adbf7e0:38763 in memory (size: 35.9 KiB, free: 434.3 MiB)
[2025-07-26T05:05:54.121+0000] {spark_submit.py:521} INFO - 25/07/26 05:05:54 INFO BlockManagerInfo: Removed broadcast_3_piece0 on 172.18.0.6:41619 in memory (size: 35.9 KiB, free: 434.4 MiB)
[2025-07-26T05:05:54.124+0000] {spark_submit.py:521} INFO - 25/07/26 05:05:54 INFO BlockManagerInfo: Added broadcast_10_piece0 in memory on 172.18.0.6:41619 (size: 9.4 KiB, free: 434.4 MiB)
[2025-07-26T05:05:54.223+0000] {spark_submit.py:521} INFO - 25/07/26 05:05:54 INFO BlockManagerInfo: Added broadcast_9_piece0 in memory on 172.18.0.6:41619 (size: 36.5 KiB, free: 434.3 MiB)
[2025-07-26T05:05:54.854+0000] {spark_submit.py:521} INFO - 25/07/26 05:05:54 INFO TaskSetManager: Finished task 0.0 in stage 8.0 (TID 6) in 783 ms on 172.18.0.6 (executor 0) (1/1)
[2025-07-26T05:05:54.855+0000] {spark_submit.py:521} INFO - 25/07/26 05:05:54 INFO TaskSchedulerImpl: Removed TaskSet 8.0, whose tasks have all completed, from pool
[2025-07-26T05:05:54.856+0000] {spark_submit.py:521} INFO - 25/07/26 05:05:54 INFO DAGScheduler: ResultStage 8 (showString at NativeMethodAccessorImpl.java:0) finished in 0.802 s
[2025-07-26T05:05:54.856+0000] {spark_submit.py:521} INFO - 25/07/26 05:05:54 INFO DAGScheduler: Job 6 is finished. Cancelling potential speculative or zombie tasks for this job
[2025-07-26T05:05:54.857+0000] {spark_submit.py:521} INFO - 25/07/26 05:05:54 INFO TaskSchedulerImpl: Killing all running tasks in stage 8: Stage finished
[2025-07-26T05:05:54.857+0000] {spark_submit.py:521} INFO - 25/07/26 05:05:54 INFO DAGScheduler: Job 6 finished: showString at NativeMethodAccessorImpl.java:0, took 0.813934 s
[2025-07-26T05:05:54.875+0000] {spark_submit.py:521} INFO - 25/07/26 05:05:54 INFO CodeGenerator: Code generated in 13.655025 ms
[2025-07-26T05:05:54.880+0000] {spark_submit.py:521} INFO - +--------------------+--------------------+---------------+-------------------+--------------------+--------------------+-------------+----------------------+--------------------+--------------------+-----------------------+-----------------------+--------------------+-------+
[2025-07-26T05:05:54.880+0000] {spark_submit.py:521} INFO - |               title|                 url| time_published|            authors|             summary|        banner_image|       source|category_within_source|       source_domain|              topics|overall_sentiment_score|overall_sentiment_label|    ticker_sentiment|time_id|
[2025-07-26T05:05:54.881+0000] {spark_submit.py:521} INFO - +--------------------+--------------------+---------------+-------------------+--------------------+--------------------+-------------+----------------------+--------------------+--------------------+-----------------------+-----------------------+--------------------+-------+
[2025-07-26T05:05:54.881+0000] {spark_submit.py:521} INFO - |FOMO, lax rules a...|https://cointeleg...|20250714T235000|    [Stephen Katte]|Retired DEA agent...|https://s3.cointe...|Cointelegraph|                   n/a|   cointelegraph.com|[{Finance, 1.0}, ...|              -0.355166|                Bearish|[{COIN, 0.081276,...|      3|
[2025-07-26T05:05:54.882+0000] {spark_submit.py:521} INFO - |SHAREHOLDER INVES...|https://www.benzi...|20250714T234955|   [Globe Newswire]|NEW YORK, July 14...|https://www.benzi...|     Benzinga|                  News|    www.benzinga.com|[{Life Sciences, ...|               0.162874|       Somewhat-Bullish|[{ZBH, 0.083251, ...|      3|
[2025-07-26T05:05:54.882+0000] {spark_submit.py:521} INFO - |If You Invested $...|https://www.benzi...|20250714T234515|[Benzinga Insights]|Oracle ORCL has o...|https://cdn.benzi...|     Benzinga|               Trading|    www.benzinga.com|[{Technology, 1.0...|               0.164255|       Somewhat-Bullish|[{ORCL, 0.901338,...|      3|
[2025-07-26T05:05:54.883+0000] {spark_submit.py:521} INFO - |Montage Gold Clos...|https://www.globe...|20250714T233700|[Montage Gold Corp]|VANCOUVER, Britis...|https://ml.globen...|GlobeNewswire|                   n/a|www.globenewswire...|[{Economy - Macro...|               0.092093|                Neutral|[{ZHAOF, 0.046184...|      3|
[2025-07-26T05:05:54.884+0000] {spark_submit.py:521} INFO - |Imperial to Redee...|https://www.benzi...|20250714T233456|   [Globe Newswire]|VANCOUVER, Britis...|https://www.benzi...|     Benzinga|               Markets|    www.benzinga.com|[{Financial Marke...|               0.245347|       Somewhat-Bullish|[{IPMLF, 0.056808...|      3|
[2025-07-26T05:05:54.885+0000] {spark_submit.py:521} INFO - +--------------------+--------------------+---------------+-------------------+--------------------+--------------------+-------------+----------------------+--------------------+--------------------+-----------------------+-----------------------+--------------------+-------+
[2025-07-26T05:05:54.885+0000] {spark_submit.py:521} INFO - only showing top 5 rows
[2025-07-26T05:05:54.885+0000] {spark_submit.py:521} INFO - 
[2025-07-26T05:05:54.895+0000] {spark_submit.py:521} INFO - 25/07/26 05:05:54 INFO FileSourceStrategy: Pushed Filters:
[2025-07-26T05:05:54.895+0000] {spark_submit.py:521} INFO - 25/07/26 05:05:54 INFO FileSourceStrategy: Post-Scan Filters:
[2025-07-26T05:05:54.927+0000] {spark_submit.py:521} INFO - 25/07/26 05:05:54 INFO CodeGenerator: Code generated in 20.587391 ms
[2025-07-26T05:05:54.933+0000] {spark_submit.py:521} INFO - 25/07/26 05:05:54 INFO MemoryStore: Block broadcast_11 stored as values in memory (estimated size 213.5 KiB, free 433.7 MiB)
[2025-07-26T05:05:54.940+0000] {spark_submit.py:521} INFO - 25/07/26 05:05:54 INFO MemoryStore: Block broadcast_11_piece0 stored as bytes in memory (estimated size 36.5 KiB, free 433.6 MiB)
[2025-07-26T05:05:54.941+0000] {spark_submit.py:521} INFO - 25/07/26 05:05:54 INFO BlockManagerInfo: Added broadcast_11_piece0 in memory on 3bc71adbf7e0:38763 (size: 36.5 KiB, free: 434.3 MiB)
[2025-07-26T05:05:54.942+0000] {spark_submit.py:521} INFO - 25/07/26 05:05:54 INFO SparkContext: Created broadcast 11 from toPandas at /opt/airflow/scripts/elt_to_dwh/transform/process_news.py:99
[2025-07-26T05:05:54.943+0000] {spark_submit.py:521} INFO - 25/07/26 05:05:54 INFO FileSourceScanExec: Planning scan with bin packing, max size: 4194304 bytes, open cost is considered as scanning 4194304 bytes.
[2025-07-26T05:05:54.955+0000] {spark_submit.py:521} INFO - 25/07/26 05:05:54 INFO SparkContext: Starting job: toPandas at /opt/airflow/scripts/elt_to_dwh/transform/process_news.py:99
[2025-07-26T05:05:54.956+0000] {spark_submit.py:521} INFO - 25/07/26 05:05:54 INFO DAGScheduler: Got job 7 (toPandas at /opt/airflow/scripts/elt_to_dwh/transform/process_news.py:99) with 1 output partitions
[2025-07-26T05:05:54.956+0000] {spark_submit.py:521} INFO - 25/07/26 05:05:54 INFO DAGScheduler: Final stage: ResultStage 9 (toPandas at /opt/airflow/scripts/elt_to_dwh/transform/process_news.py:99)
[2025-07-26T05:05:54.957+0000] {spark_submit.py:521} INFO - 25/07/26 05:05:54 INFO DAGScheduler: Parents of final stage: List()
[2025-07-26T05:05:54.957+0000] {spark_submit.py:521} INFO - 25/07/26 05:05:54 INFO DAGScheduler: Missing parents: List()
[2025-07-26T05:05:54.958+0000] {spark_submit.py:521} INFO - 25/07/26 05:05:54 INFO DAGScheduler: Submitting ResultStage 9 (MapPartitionsRDD[27] at toPandas at /opt/airflow/scripts/elt_to_dwh/transform/process_news.py:99), which has no missing parents
[2025-07-26T05:05:54.959+0000] {spark_submit.py:521} INFO - 25/07/26 05:05:54 INFO MemoryStore: Block broadcast_12 stored as values in memory (estimated size 28.4 KiB, free 433.6 MiB)
[2025-07-26T05:05:54.961+0000] {spark_submit.py:521} INFO - 25/07/26 05:05:54 INFO MemoryStore: Block broadcast_12_piece0 stored as bytes in memory (estimated size 8.9 KiB, free 433.6 MiB)
[2025-07-26T05:05:54.962+0000] {spark_submit.py:521} INFO - 25/07/26 05:05:54 INFO BlockManagerInfo: Added broadcast_12_piece0 in memory on 3bc71adbf7e0:38763 (size: 8.9 KiB, free: 434.3 MiB)
[2025-07-26T05:05:54.962+0000] {spark_submit.py:521} INFO - 25/07/26 05:05:54 INFO SparkContext: Created broadcast 12 from broadcast at DAGScheduler.scala:1611
[2025-07-26T05:05:54.963+0000] {spark_submit.py:521} INFO - 25/07/26 05:05:54 INFO DAGScheduler: Submitting 1 missing tasks from ResultStage 9 (MapPartitionsRDD[27] at toPandas at /opt/airflow/scripts/elt_to_dwh/transform/process_news.py:99) (first 15 tasks are for partitions Vector(0))
[2025-07-26T05:05:54.964+0000] {spark_submit.py:521} INFO - 25/07/26 05:05:54 INFO TaskSchedulerImpl: Adding task set 9.0 with 1 tasks resource profile 0
[2025-07-26T05:05:54.965+0000] {spark_submit.py:521} INFO - 25/07/26 05:05:54 INFO TaskSetManager: Starting task 0.0 in stage 9.0 (TID 7) (172.18.0.6, executor 0, partition 0, PROCESS_LOCAL, 9627 bytes)
[2025-07-26T05:05:54.981+0000] {spark_submit.py:521} INFO - 25/07/26 05:05:54 INFO BlockManagerInfo: Added broadcast_12_piece0 in memory on 172.18.0.6:41619 (size: 8.9 KiB, free: 434.3 MiB)
[2025-07-26T05:05:55.025+0000] {spark_submit.py:521} INFO - 25/07/26 05:05:55 INFO BlockManagerInfo: Added broadcast_11_piece0 in memory on 172.18.0.6:41619 (size: 36.5 KiB, free: 434.3 MiB)
[2025-07-26T05:05:55.626+0000] {spark_submit.py:521} INFO - 25/07/26 05:05:55 INFO TaskSetManager: Finished task 0.0 in stage 9.0 (TID 7) in 661 ms on 172.18.0.6 (executor 0) (1/1)
[2025-07-26T05:05:55.627+0000] {spark_submit.py:521} INFO - 25/07/26 05:05:55 INFO TaskSchedulerImpl: Removed TaskSet 9.0, whose tasks have all completed, from pool
[2025-07-26T05:05:55.627+0000] {spark_submit.py:521} INFO - 25/07/26 05:05:55 INFO DAGScheduler: ResultStage 9 (toPandas at /opt/airflow/scripts/elt_to_dwh/transform/process_news.py:99) finished in 0.669 s
[2025-07-26T05:05:55.628+0000] {spark_submit.py:521} INFO - 25/07/26 05:05:55 INFO DAGScheduler: Job 7 is finished. Cancelling potential speculative or zombie tasks for this job
[2025-07-26T05:05:55.628+0000] {spark_submit.py:521} INFO - 25/07/26 05:05:55 INFO TaskSchedulerImpl: Killing all running tasks in stage 9: Stage finished
[2025-07-26T05:05:55.629+0000] {spark_submit.py:521} INFO - 25/07/26 05:05:55 INFO DAGScheduler: Job 7 finished: toPandas at /opt/airflow/scripts/elt_to_dwh/transform/process_news.py:99, took 0.673055 s
[2025-07-26T05:05:55.943+0000] {spark_submit.py:521} INFO - Data inserted into dim_news successfully!
[2025-07-26T05:05:56.002+0000] {spark_submit.py:521} INFO - 25/07/26 05:05:56 INFO FileSourceStrategy: Pushed Filters: IsNotNull(topics)
[2025-07-26T05:05:56.003+0000] {spark_submit.py:521} INFO - 25/07/26 05:05:56 INFO FileSourceStrategy: Post-Scan Filters: (size(topics#9, true) > 0),isnotnull(topics#9)
[2025-07-26T05:05:56.028+0000] {spark_submit.py:521} INFO - 25/07/26 05:05:56 INFO CodeGenerator: Code generated in 10.519405 ms
[2025-07-26T05:05:56.033+0000] {spark_submit.py:521} INFO - 25/07/26 05:05:56 INFO MemoryStore: Block broadcast_13 stored as values in memory (estimated size 211.3 KiB, free 433.4 MiB)
[2025-07-26T05:05:56.043+0000] {spark_submit.py:521} INFO - 25/07/26 05:05:56 INFO BlockManagerInfo: Removed broadcast_10_piece0 on 3bc71adbf7e0:38763 in memory (size: 9.4 KiB, free: 434.3 MiB)
[2025-07-26T05:05:56.047+0000] {spark_submit.py:521} INFO - 25/07/26 05:05:56 INFO BlockManagerInfo: Removed broadcast_10_piece0 on 172.18.0.6:41619 in memory (size: 9.4 KiB, free: 434.3 MiB)
[2025-07-26T05:05:56.047+0000] {spark_submit.py:521} INFO - 25/07/26 05:05:56 INFO MemoryStore: Block broadcast_13_piece0 stored as bytes in memory (estimated size 36.0 KiB, free 433.4 MiB)
[2025-07-26T05:05:56.048+0000] {spark_submit.py:521} INFO - 25/07/26 05:05:56 INFO BlockManagerInfo: Added broadcast_13_piece0 in memory on 3bc71adbf7e0:38763 (size: 36.0 KiB, free: 434.2 MiB)
[2025-07-26T05:05:56.050+0000] {spark_submit.py:521} INFO - 25/07/26 05:05:56 INFO SparkContext: Created broadcast 13 from toPandas at /opt/airflow/scripts/elt_to_dwh/transform/process_news.py:123
[2025-07-26T05:05:56.051+0000] {spark_submit.py:521} INFO - 25/07/26 05:05:56 INFO FileSourceScanExec: Planning scan with bin packing, max size: 4194304 bytes, open cost is considered as scanning 4194304 bytes.
[2025-07-26T05:05:56.058+0000] {spark_submit.py:521} INFO - 25/07/26 05:05:56 INFO BlockManagerInfo: Removed broadcast_12_piece0 on 3bc71adbf7e0:38763 in memory (size: 8.9 KiB, free: 434.3 MiB)
[2025-07-26T05:05:56.061+0000] {spark_submit.py:521} INFO - 25/07/26 05:05:56 INFO BlockManagerInfo: Removed broadcast_12_piece0 on 172.18.0.6:41619 in memory (size: 8.9 KiB, free: 434.3 MiB)
[2025-07-26T05:05:56.069+0000] {spark_submit.py:521} INFO - 25/07/26 05:05:56 INFO SparkContext: Starting job: toPandas at /opt/airflow/scripts/elt_to_dwh/transform/process_news.py:123
[2025-07-26T05:05:56.071+0000] {spark_submit.py:521} INFO - 25/07/26 05:05:56 INFO DAGScheduler: Got job 8 (toPandas at /opt/airflow/scripts/elt_to_dwh/transform/process_news.py:123) with 1 output partitions
[2025-07-26T05:05:56.072+0000] {spark_submit.py:521} INFO - 25/07/26 05:05:56 INFO DAGScheduler: Final stage: ResultStage 10 (toPandas at /opt/airflow/scripts/elt_to_dwh/transform/process_news.py:123)
[2025-07-26T05:05:56.072+0000] {spark_submit.py:521} INFO - 25/07/26 05:05:56 INFO DAGScheduler: Parents of final stage: List()
[2025-07-26T05:05:56.073+0000] {spark_submit.py:521} INFO - 25/07/26 05:05:56 INFO DAGScheduler: Missing parents: List()
[2025-07-26T05:05:56.073+0000] {spark_submit.py:521} INFO - 25/07/26 05:05:56 INFO DAGScheduler: Submitting ResultStage 10 (MapPartitionsRDD[31] at toPandas at /opt/airflow/scripts/elt_to_dwh/transform/process_news.py:123), which has no missing parents
[2025-07-26T05:05:56.075+0000] {spark_submit.py:521} INFO - 25/07/26 05:05:56 INFO MemoryStore: Block broadcast_14 stored as values in memory (estimated size 19.5 KiB, free 433.4 MiB)
[2025-07-26T05:05:56.088+0000] {spark_submit.py:521} INFO - 25/07/26 05:05:56 INFO MemoryStore: Block broadcast_14_piece0 stored as bytes in memory (estimated size 7.6 KiB, free 433.4 MiB)
[2025-07-26T05:05:56.088+0000] {spark_submit.py:521} INFO - 25/07/26 05:05:56 INFO BlockManagerInfo: Added broadcast_14_piece0 in memory on 3bc71adbf7e0:38763 (size: 7.6 KiB, free: 434.3 MiB)
[2025-07-26T05:05:56.089+0000] {spark_submit.py:521} INFO - 25/07/26 05:05:56 INFO SparkContext: Created broadcast 14 from broadcast at DAGScheduler.scala:1611
[2025-07-26T05:05:56.089+0000] {spark_submit.py:521} INFO - 25/07/26 05:05:56 INFO DAGScheduler: Submitting 1 missing tasks from ResultStage 10 (MapPartitionsRDD[31] at toPandas at /opt/airflow/scripts/elt_to_dwh/transform/process_news.py:123) (first 15 tasks are for partitions Vector(0))
[2025-07-26T05:05:56.090+0000] {spark_submit.py:521} INFO - 25/07/26 05:05:56 INFO TaskSchedulerImpl: Adding task set 10.0 with 1 tasks resource profile 0
[2025-07-26T05:05:56.091+0000] {spark_submit.py:521} INFO - 25/07/26 05:05:56 INFO TaskSetManager: Starting task 0.0 in stage 10.0 (TID 8) (172.18.0.6, executor 0, partition 0, PROCESS_LOCAL, 9627 bytes)
[2025-07-26T05:05:56.110+0000] {spark_submit.py:521} INFO - 25/07/26 05:05:56 INFO BlockManagerInfo: Added broadcast_14_piece0 in memory on 172.18.0.6:41619 (size: 7.6 KiB, free: 434.3 MiB)
[2025-07-26T05:05:56.131+0000] {spark_submit.py:521} INFO - 25/07/26 05:05:56 INFO BlockManagerInfo: Removed broadcast_9_piece0 on 3bc71adbf7e0:38763 in memory (size: 36.5 KiB, free: 434.3 MiB)
[2025-07-26T05:05:56.155+0000] {spark_submit.py:521} INFO - 25/07/26 05:05:56 INFO BlockManagerInfo: Removed broadcast_9_piece0 on 172.18.0.6:41619 in memory (size: 36.5 KiB, free: 434.3 MiB)
[2025-07-26T05:05:56.163+0000] {spark_submit.py:521} INFO - 25/07/26 05:05:56 INFO BlockManagerInfo: Added broadcast_13_piece0 in memory on 172.18.0.6:41619 (size: 36.0 KiB, free: 434.3 MiB)
[2025-07-26T05:05:56.977+0000] {spark_submit.py:521} INFO - 25/07/26 05:05:56 INFO TaskSetManager: Finished task 0.0 in stage 10.0 (TID 8) in 886 ms on 172.18.0.6 (executor 0) (1/1)
[2025-07-26T05:05:56.978+0000] {spark_submit.py:521} INFO - 25/07/26 05:05:56 INFO TaskSchedulerImpl: Removed TaskSet 10.0, whose tasks have all completed, from pool
[2025-07-26T05:05:56.978+0000] {spark_submit.py:521} INFO - 25/07/26 05:05:56 INFO DAGScheduler: ResultStage 10 (toPandas at /opt/airflow/scripts/elt_to_dwh/transform/process_news.py:123) finished in 0.904 s
[2025-07-26T05:05:56.979+0000] {spark_submit.py:521} INFO - 25/07/26 05:05:56 INFO DAGScheduler: Job 8 is finished. Cancelling potential speculative or zombie tasks for this job
[2025-07-26T05:05:56.979+0000] {spark_submit.py:521} INFO - 25/07/26 05:05:56 INFO TaskSchedulerImpl: Killing all running tasks in stage 10: Stage finished
[2025-07-26T05:05:56.980+0000] {spark_submit.py:521} INFO - 25/07/26 05:05:56 INFO DAGScheduler: Job 8 finished: toPandas at /opt/airflow/scripts/elt_to_dwh/transform/process_news.py:123, took 0.909793 s
[2025-07-26T05:05:57.025+0000] {spark_submit.py:521} INFO - DataFrame for fact_news_topics:
[2025-07-26T05:05:57.025+0000] {spark_submit.py:521} INFO - shape: (2_572, 6)
[2025-07-26T05:05:57.025+0000] {spark_submit.py:521} INFO - 
[2025-07-26T05:05:57.026+0000] {spark_submit.py:521} INFO -  relevance_score  name               title               url                topic_id  new_id 
[2025-07-26T05:05:57.026+0000] {spark_submit.py:521} INFO -  ---              ---                ---                 ---                ---       ---    
[2025-07-26T05:05:57.026+0000] {spark_submit.py:521} INFO -  str              str                str                 str                i32       i32    
[2025-07-26T05:05:57.027+0000] {spark_submit.py:521} INFO - 
[2025-07-26T05:05:57.027+0000] {spark_submit.py:521} INFO -  1.0              Finance            FOMO, lax rules     https://cointeleg  4         2341   
[2025-07-26T05:05:57.027+0000] {spark_submit.py:521} INFO -                                      are fueling th     raph.com/news                      
[2025-07-26T05:05:57.027+0000] {spark_submit.py:521} INFO -  0.682689         Blockchain         FOMO, lax rules     https://cointeleg  15        2341   
[2025-07-26T05:05:57.028+0000] {spark_submit.py:521} INFO -                                      are fueling th     raph.com/news                      
[2025-07-26T05:05:57.028+0000] {spark_submit.py:521} INFO -  1.0              Life Sciences      SHAREHOLDER         https://www.benzi  14        2342   
[2025-07-26T05:05:57.028+0000] {spark_submit.py:521} INFO -                                      INVESTIGATION:      nga.com/press                      
[2025-07-26T05:05:57.029+0000] {spark_submit.py:521} INFO -                                      Hal                                                    
[2025-07-26T05:05:57.029+0000] {spark_submit.py:521} INFO -  0.796627         Financial Markets  SHAREHOLDER         https://www.benzi  10        2342   
[2025-07-26T05:05:57.029+0000] {spark_submit.py:521} INFO -                                      INVESTIGATION:      nga.com/press                      
[2025-07-26T05:05:57.029+0000] {spark_submit.py:521} INFO -                                      Hal                                                    
[2025-07-26T05:05:57.030+0000] {spark_submit.py:521} INFO -  1.0              Technology         If You Invested     https://www.benzi  9         2343   
[2025-07-26T05:05:57.030+0000] {spark_submit.py:521} INFO -                                      $1000 In This      nga.com/insig                      
[2025-07-26T05:05:57.030+0000] {spark_submit.py:521} INFO -                                                                                        
[2025-07-26T05:05:57.030+0000] {spark_submit.py:521} INFO -  0.5              Manufacturing      Here's How Much a   https://www.zacks  13        3338   
[2025-07-26T05:05:57.031+0000] {spark_submit.py:521} INFO -                                      $1000 Invest       .com/stock/ne                      
[2025-07-26T05:05:57.031+0000] {spark_submit.py:521} INFO -  0.310843         Earnings           Here's How Much a   https://www.zacks  5         3338   
[2025-07-26T05:05:57.031+0000] {spark_submit.py:521} INFO -                                      $1000 Invest       .com/stock/ne                      
[2025-07-26T05:05:57.031+0000] {spark_submit.py:521} INFO -  0.495866         Earnings           If You Invested     https://www.zacks  5         3339   
[2025-07-26T05:05:57.032+0000] {spark_submit.py:521} INFO -                                      $1000 in Leido     .com/stock/ne                      
[2025-07-26T05:05:57.032+0000] {spark_submit.py:521} INFO -  1.0              Technology         If You Invested     https://www.zacks  9         3339   
[2025-07-26T05:05:57.032+0000] {spark_submit.py:521} INFO -                                      $1000 in Leido     .com/stock/ne                      
[2025-07-26T05:05:57.032+0000] {spark_submit.py:521} INFO -  0.929393         Financial Markets  If You Invested     https://www.zacks  10        3339   
[2025-07-26T05:05:57.033+0000] {spark_submit.py:521} INFO -                                      $1000 in Leido     .com/stock/ne                      
[2025-07-26T05:05:57.033+0000] {spark_submit.py:521} INFO - 
[2025-07-26T05:05:57.069+0000] {spark_submit.py:521} INFO - Data inserted into fact_news_topics successfully!
[2025-07-26T05:05:57.120+0000] {spark_submit.py:521} INFO - 25/07/26 05:05:57 INFO FileSourceStrategy: Pushed Filters: IsNotNull(ticker_sentiment)
[2025-07-26T05:05:57.120+0000] {spark_submit.py:521} INFO - 25/07/26 05:05:57 INFO FileSourceStrategy: Post-Scan Filters: (size(ticker_sentiment#12, true) > 0),isnotnull(ticker_sentiment#12)
[2025-07-26T05:05:57.143+0000] {spark_submit.py:521} INFO - 25/07/26 05:05:57 INFO CodeGenerator: Code generated in 11.515942 ms
[2025-07-26T05:05:57.147+0000] {spark_submit.py:521} INFO - 25/07/26 05:05:57 INFO MemoryStore: Block broadcast_15 stored as values in memory (estimated size 211.6 KiB, free 433.4 MiB)
[2025-07-26T05:05:57.153+0000] {spark_submit.py:521} INFO - 25/07/26 05:05:57 INFO MemoryStore: Block broadcast_15_piece0 stored as bytes in memory (estimated size 36.2 KiB, free 433.4 MiB)
[2025-07-26T05:05:57.154+0000] {spark_submit.py:521} INFO - 25/07/26 05:05:57 INFO BlockManagerInfo: Added broadcast_15_piece0 in memory on 3bc71adbf7e0:38763 (size: 36.2 KiB, free: 434.3 MiB)
[2025-07-26T05:05:57.155+0000] {spark_submit.py:521} INFO - 25/07/26 05:05:57 INFO SparkContext: Created broadcast 15 from toPandas at /opt/airflow/scripts/elt_to_dwh/transform/process_news.py:169
[2025-07-26T05:05:57.156+0000] {spark_submit.py:521} INFO - 25/07/26 05:05:57 INFO FileSourceScanExec: Planning scan with bin packing, max size: 4194304 bytes, open cost is considered as scanning 4194304 bytes.
[2025-07-26T05:05:57.165+0000] {spark_submit.py:521} INFO - 25/07/26 05:05:57 INFO SparkContext: Starting job: toPandas at /opt/airflow/scripts/elt_to_dwh/transform/process_news.py:169
[2025-07-26T05:05:57.166+0000] {spark_submit.py:521} INFO - 25/07/26 05:05:57 INFO DAGScheduler: Got job 9 (toPandas at /opt/airflow/scripts/elt_to_dwh/transform/process_news.py:169) with 1 output partitions
[2025-07-26T05:05:57.166+0000] {spark_submit.py:521} INFO - 25/07/26 05:05:57 INFO DAGScheduler: Final stage: ResultStage 11 (toPandas at /opt/airflow/scripts/elt_to_dwh/transform/process_news.py:169)
[2025-07-26T05:05:57.167+0000] {spark_submit.py:521} INFO - 25/07/26 05:05:57 INFO DAGScheduler: Parents of final stage: List()
[2025-07-26T05:05:57.167+0000] {spark_submit.py:521} INFO - 25/07/26 05:05:57 INFO DAGScheduler: Missing parents: List()
[2025-07-26T05:05:57.168+0000] {spark_submit.py:521} INFO - 25/07/26 05:05:57 INFO DAGScheduler: Submitting ResultStage 11 (MapPartitionsRDD[35] at toPandas at /opt/airflow/scripts/elt_to_dwh/transform/process_news.py:169), which has no missing parents
[2025-07-26T05:05:57.169+0000] {spark_submit.py:521} INFO - 25/07/26 05:05:57 INFO MemoryStore: Block broadcast_16 stored as values in memory (estimated size 20.2 KiB, free 433.4 MiB)
[2025-07-26T05:05:57.170+0000] {spark_submit.py:521} INFO - 25/07/26 05:05:57 INFO MemoryStore: Block broadcast_16_piece0 stored as bytes in memory (estimated size 7.6 KiB, free 433.4 MiB)
[2025-07-26T05:05:57.171+0000] {spark_submit.py:521} INFO - 25/07/26 05:05:57 INFO BlockManagerInfo: Added broadcast_16_piece0 in memory on 3bc71adbf7e0:38763 (size: 7.6 KiB, free: 434.2 MiB)
[2025-07-26T05:05:57.172+0000] {spark_submit.py:521} INFO - 25/07/26 05:05:57 INFO SparkContext: Created broadcast 16 from broadcast at DAGScheduler.scala:1611
[2025-07-26T05:05:57.172+0000] {spark_submit.py:521} INFO - 25/07/26 05:05:57 INFO DAGScheduler: Submitting 1 missing tasks from ResultStage 11 (MapPartitionsRDD[35] at toPandas at /opt/airflow/scripts/elt_to_dwh/transform/process_news.py:169) (first 15 tasks are for partitions Vector(0))
[2025-07-26T05:05:57.172+0000] {spark_submit.py:521} INFO - 25/07/26 05:05:57 INFO TaskSchedulerImpl: Adding task set 11.0 with 1 tasks resource profile 0
[2025-07-26T05:05:57.173+0000] {spark_submit.py:521} INFO - 25/07/26 05:05:57 INFO TaskSetManager: Starting task 0.0 in stage 11.0 (TID 9) (172.18.0.6, executor 0, partition 0, PROCESS_LOCAL, 9627 bytes)
[2025-07-26T05:05:57.188+0000] {spark_submit.py:521} INFO - 25/07/26 05:05:57 INFO BlockManagerInfo: Added broadcast_16_piece0 in memory on 172.18.0.6:41619 (size: 7.6 KiB, free: 434.3 MiB)
[2025-07-26T05:05:57.217+0000] {spark_submit.py:521} INFO - 25/07/26 05:05:57 INFO BlockManagerInfo: Added broadcast_15_piece0 in memory on 172.18.0.6:41619 (size: 36.2 KiB, free: 434.2 MiB)
[2025-07-26T05:05:57.979+0000] {spark_submit.py:521} INFO - 25/07/26 05:05:57 INFO TaskSetManager: Finished task 0.0 in stage 11.0 (TID 9) in 805 ms on 172.18.0.6 (executor 0) (1/1)
[2025-07-26T05:05:57.981+0000] {spark_submit.py:521} INFO - 25/07/26 05:05:57 INFO TaskSchedulerImpl: Removed TaskSet 11.0, whose tasks have all completed, from pool
[2025-07-26T05:05:57.982+0000] {spark_submit.py:521} INFO - 25/07/26 05:05:57 INFO DAGScheduler: ResultStage 11 (toPandas at /opt/airflow/scripts/elt_to_dwh/transform/process_news.py:169) finished in 0.812 s
[2025-07-26T05:05:57.982+0000] {spark_submit.py:521} INFO - 25/07/26 05:05:57 INFO DAGScheduler: Job 9 is finished. Cancelling potential speculative or zombie tasks for this job
[2025-07-26T05:05:57.982+0000] {spark_submit.py:521} INFO - 25/07/26 05:05:57 INFO TaskSchedulerImpl: Killing all running tasks in stage 11: Stage finished
[2025-07-26T05:05:57.983+0000] {spark_submit.py:521} INFO - 25/07/26 05:05:57 INFO DAGScheduler: Job 9 finished: toPandas at /opt/airflow/scripts/elt_to_dwh/transform/process_news.py:169, took 0.815506 s
[2025-07-26T05:05:58.037+0000] {spark_submit.py:521} INFO - DataFrame for fact_news_companies:
[2025-07-26T05:05:58.038+0000] {spark_submit.py:521} INFO - shape: (1_384, 9)
[2025-07-26T05:05:58.038+0000] {spark_submit.py:521} INFO - 
[2025-07-26T05:05:58.038+0000] {spark_submit.py:521} INFO -  ticker  ticker_sen  ticker_sen  relevance_    url         company_id  updated_t  new_id 
[2025-07-26T05:05:58.039+0000] {spark_submit.py:521} INFO -  ---     timent_sco  timent_lab  score          ---         ---         ime        ---    
[2025-07-26T05:05:58.039+0000] {spark_submit.py:521} INFO -  str     re          el          ---            str         i32         ---        i32    
[2025-07-26T05:05:58.039+0000] {spark_submit.py:521} INFO -          ---         ---         str                                    datetime[         
[2025-07-26T05:05:58.039+0000] {spark_submit.py:521} INFO -          str         str                                                s]               
[2025-07-26T05:05:58.039+0000] {spark_submit.py:521} INFO - 
[2025-07-26T05:05:58.040+0000] {spark_submit.py:521} INFO -  COIN    -0.349973   Somewhat-B  0.081276      https://co  5431        2025-07-2  2341   
[2025-07-26T05:05:58.040+0000] {spark_submit.py:521} INFO -                      earish                     intelegrap              6 04:45:1         
[2025-07-26T05:05:58.040+0000] {spark_submit.py:521} INFO -                                                 h.com/news              4.278565          
[2025-07-26T05:05:58.041+0000] {spark_submit.py:521} INFO -                                                                                          
[2025-07-26T05:05:58.041+0000] {spark_submit.py:521} INFO -  ZBH     0.154681    Somewhat-B  0.083251      https://ww  17298       2025-07-2  2342   
[2025-07-26T05:05:58.041+0000] {spark_submit.py:521} INFO -                      ullish                     w.benzinga              6 04:45:1         
[2025-07-26T05:05:58.041+0000] {spark_submit.py:521} INFO -                                                 .com/press              4.278565          
[2025-07-26T05:05:58.041+0000] {spark_submit.py:521} INFO -                                                                                          
[2025-07-26T05:05:58.042+0000] {spark_submit.py:521} INFO -  SONN    0.04285     Neutral     0.083251      https://ww  10780       2025-07-2  2342   
[2025-07-26T05:05:58.042+0000] {spark_submit.py:521} INFO -                                                 w.benzinga              6 04:45:1         
[2025-07-26T05:05:58.042+0000] {spark_submit.py:521} INFO -                                                 .com/press              4.278565          
[2025-07-26T05:05:58.043+0000] {spark_submit.py:521} INFO -                                                                                          
[2025-07-26T05:05:58.043+0000] {spark_submit.py:521} INFO -  KLG     0.126899    Neutral     0.083251      https://ww  14977       2025-07-2  2342   
[2025-07-26T05:05:58.044+0000] {spark_submit.py:521} INFO -                                                 w.benzinga              6 04:45:1         
[2025-07-26T05:05:58.044+0000] {spark_submit.py:521} INFO -                                                 .com/press              4.278565          
[2025-07-26T05:05:58.045+0000] {spark_submit.py:521} INFO -                                                                                          
[2025-07-26T05:05:58.045+0000] {spark_submit.py:521} INFO -  VRNA    0.135126    Neutral     0.083251      https://ww  23483       2025-07-2  2342   
[2025-07-26T05:05:58.045+0000] {spark_submit.py:521} INFO -                                                 w.benzinga              6 04:45:1         
[2025-07-26T05:05:58.046+0000] {spark_submit.py:521} INFO -                                                 .com/press              4.278565          
[2025-07-26T05:05:58.046+0000] {spark_submit.py:521} INFO -                                                                                          
[2025-07-26T05:05:58.046+0000] {spark_submit.py:521} INFO -                                                                                  
[2025-07-26T05:05:58.046+0000] {spark_submit.py:521} INFO -  BKNG    0.304719    Somewhat-B  0.585975      https://ww  7762        2025-07-2  3337   
[2025-07-26T05:05:58.047+0000] {spark_submit.py:521} INFO -                      ullish                     w.zacks.co              6 04:45:1         
[2025-07-26T05:05:58.047+0000] {spark_submit.py:521} INFO -                                                 m/stock/ne              4.278565          
[2025-07-26T05:05:58.047+0000] {spark_submit.py:521} INFO -                                                                                          
[2025-07-26T05:05:58.047+0000] {spark_submit.py:521} INFO -  APH     0.278882    Somewhat-B  0.381949      https://ww  9991        2025-07-2  3338   
[2025-07-26T05:05:58.048+0000] {spark_submit.py:521} INFO -                      ullish                     w.zacks.co              6 04:45:1         
[2025-07-26T05:05:58.048+0000] {spark_submit.py:521} INFO -                                                 m/stock/ne              4.278565          
[2025-07-26T05:05:58.048+0000] {spark_submit.py:521} INFO -                                                                                          
[2025-07-26T05:05:58.048+0000] {spark_submit.py:521} INFO -  TEL     0.158318    Somewhat-B  0.06623       https://ww  6041        2025-07-2  3338   
[2025-07-26T05:05:58.049+0000] {spark_submit.py:521} INFO -                      ullish                     w.zacks.co              6 04:45:1         
[2025-07-26T05:05:58.049+0000] {spark_submit.py:521} INFO -                                                 m/stock/ne              4.278565          
[2025-07-26T05:05:58.049+0000] {spark_submit.py:521} INFO -                                                                                          
[2025-07-26T05:05:58.049+0000] {spark_submit.py:521} INFO -  COMM    0.158318    Somewhat-B  0.06623       https://ww  7836        2025-07-2  3338   
[2025-07-26T05:05:58.050+0000] {spark_submit.py:521} INFO -                      ullish                     w.zacks.co              6 04:45:1         
[2025-07-26T05:05:58.050+0000] {spark_submit.py:521} INFO -                                                 m/stock/ne              4.278565          
[2025-07-26T05:05:58.050+0000] {spark_submit.py:521} INFO -                                                                                          
[2025-07-26T05:05:58.051+0000] {spark_submit.py:521} INFO -  LDOS    0.465673    Bullish     0.821902      https://ww  4222        2025-07-2  3339   
[2025-07-26T05:05:58.051+0000] {spark_submit.py:521} INFO -                                                 w.zacks.co              6 04:45:1         
[2025-07-26T05:05:58.052+0000] {spark_submit.py:521} INFO -                                                 m/stock/ne              4.278565          
[2025-07-26T05:05:58.052+0000] {spark_submit.py:521} INFO -                                                                                          
[2025-07-26T05:05:58.052+0000] {spark_submit.py:521} INFO - 
[2025-07-26T05:05:58.059+0000] {spark_submit.py:521} INFO - Data inserted into fact_news_companies successfully!
[2025-07-26T05:05:58.131+0000] {spark_submit.py:521} INFO - 25/07/26 05:05:58 INFO SparkContext: SparkContext is stopping with exitCode 0.
[2025-07-26T05:05:58.140+0000] {spark_submit.py:521} INFO - 25/07/26 05:05:58 INFO SparkUI: Stopped Spark web UI at http://3bc71adbf7e0:4040
[2025-07-26T05:05:58.143+0000] {spark_submit.py:521} INFO - 25/07/26 05:05:58 INFO StandaloneSchedulerBackend: Shutting down all executors
[2025-07-26T05:05:58.143+0000] {spark_submit.py:521} INFO - 25/07/26 05:05:58 INFO StandaloneSchedulerBackend$StandaloneDriverEndpoint: Asking each executor to shut down
[2025-07-26T05:05:58.160+0000] {spark_submit.py:521} INFO - 25/07/26 05:05:58 INFO MapOutputTrackerMasterEndpoint: MapOutputTrackerMasterEndpoint stopped!
[2025-07-26T05:05:58.185+0000] {spark_submit.py:521} INFO - 25/07/26 05:05:58 INFO MemoryStore: MemoryStore cleared
[2025-07-26T05:05:58.186+0000] {spark_submit.py:521} INFO - 25/07/26 05:05:58 INFO BlockManager: BlockManager stopped
[2025-07-26T05:05:58.188+0000] {spark_submit.py:521} INFO - 25/07/26 05:05:58 INFO BlockManagerMaster: BlockManagerMaster stopped
[2025-07-26T05:05:58.192+0000] {spark_submit.py:521} INFO - 25/07/26 05:05:58 INFO OutputCommitCoordinator$OutputCommitCoordinatorEndpoint: OutputCommitCoordinator stopped!
[2025-07-26T05:05:58.201+0000] {spark_submit.py:521} INFO - 25/07/26 05:05:58 INFO SparkContext: Successfully stopped SparkContext
[2025-07-26T05:05:58.256+0000] {spark_submit.py:521} INFO - Process completed successfully.
[2025-07-26T05:05:58.491+0000] {spark_submit.py:521} INFO - 25/07/26 05:05:58 INFO ShutdownHookManager: Shutdown hook called
[2025-07-26T05:05:58.492+0000] {spark_submit.py:521} INFO - 25/07/26 05:05:58 INFO ShutdownHookManager: Deleting directory /tmp/spark-942cb820-a657-4633-8f94-cd98672ee95f/pyspark-724dbdcb-f9c0-408a-9979-507202832976
[2025-07-26T05:05:58.495+0000] {spark_submit.py:521} INFO - 25/07/26 05:05:58 INFO ShutdownHookManager: Deleting directory /tmp/spark-92e6aed8-393f-4846-977f-d55391a883e8
[2025-07-26T05:05:58.499+0000] {spark_submit.py:521} INFO - 25/07/26 05:05:58 INFO ShutdownHookManager: Deleting directory /tmp/spark-942cb820-a657-4633-8f94-cd98672ee95f
[2025-07-26T05:05:58.505+0000] {spark_submit.py:521} INFO - 25/07/26 05:05:58 INFO MetricsSystemImpl: Stopping s3a-file-system metrics system...
[2025-07-26T05:05:58.506+0000] {spark_submit.py:521} INFO - 25/07/26 05:05:58 INFO MetricsSystemImpl: s3a-file-system metrics system stopped.
[2025-07-26T05:05:58.507+0000] {spark_submit.py:521} INFO - 25/07/26 05:05:58 INFO MetricsSystemImpl: s3a-file-system metrics system shutdown complete.
[2025-07-26T05:05:58.546+0000] {taskinstance.py:341} INFO - ::group::Post task execution logs
[2025-07-26T05:05:58.547+0000] {taskinstance.py:353} INFO - Marking task as SUCCESS. dag_id=elt_to_dwh, task_id=transform_task.process_news, run_id=scheduled__2025-07-14T00:00:00+00:00, execution_date=20250714T000000, start_date=20250726T050533, end_date=20250726T050558
[2025-07-26T05:05:58.610+0000] {local_task_job_runner.py:266} INFO - Task exited with return code 0
[2025-07-26T05:05:58.619+0000] {taskinstance.py:3901} INFO - 0 downstream tasks scheduled from follow-on schedule check
[2025-07-26T05:05:58.619+0000] {local_task_job_runner.py:245} INFO - ::endgroup::
