[2025-07-25T11:17:56.566+0000] {local_task_job_runner.py:123} INFO - ::group::Pre task execution logs
[2025-07-25T11:17:56.579+0000] {taskinstance.py:2614} INFO - Dependencies all met for dep_context=non-requeueable deps ti=<TaskInstance: elt_to_dwh.extract_task.load_db_to_parquet scheduled__2025-07-20T00:00:00+00:00 [queued]>
[2025-07-25T11:17:56.587+0000] {taskinstance.py:2614} INFO - Dependencies all met for dep_context=requeueable deps ti=<TaskInstance: elt_to_dwh.extract_task.load_db_to_parquet scheduled__2025-07-20T00:00:00+00:00 [queued]>
[2025-07-25T11:17:56.588+0000] {taskinstance.py:2867} INFO - Starting attempt 1 of 1
[2025-07-25T11:17:56.602+0000] {taskinstance.py:2890} INFO - Executing <Task(PythonOperator): extract_task.load_db_to_parquet> on 2025-07-20 00:00:00+00:00
[2025-07-25T11:17:56.610+0000] {standard_task_runner.py:104} INFO - Running: ['airflow', 'tasks', 'run', 'elt_to_dwh', 'extract_task.load_db_to_parquet', 'scheduled__2025-07-20T00:00:00+00:00', '--job-id', '138', '--raw', '--subdir', 'DAGS_FOLDER/elt_to_dwh.py', '--cfg-path', '/tmp/tmpcybeosg7']
[2025-07-25T11:17:56.614+0000] {standard_task_runner.py:105} INFO - Job 138: Subtask extract_task.load_db_to_parquet
[2025-07-25T11:17:56.614+0000] {logging_mixin.py:190} WARNING - /home/airflow/.local/lib/python3.12/site-packages/airflow/task/task_runner/standard_task_runner.py:70 DeprecationWarning: This process (pid=4138) is multi-threaded, use of fork() may lead to deadlocks in the child.
[2025-07-25T11:17:56.615+0000] {standard_task_runner.py:72} INFO - Started process 4148 to run task
[2025-07-25T11:17:56.649+0000] {task_command.py:467} INFO - Running <TaskInstance: elt_to_dwh.extract_task.load_db_to_parquet scheduled__2025-07-20T00:00:00+00:00 [running]> on host 74cfddf97016
[2025-07-25T11:17:56.712+0000] {taskinstance.py:3134} INFO - Exporting env vars: AIRFLOW_CTX_DAG_OWNER='airflow' AIRFLOW_CTX_DAG_ID='elt_to_dwh' AIRFLOW_CTX_TASK_ID='extract_task.load_db_to_parquet' AIRFLOW_CTX_EXECUTION_DATE='2025-07-20T00:00:00+00:00' AIRFLOW_CTX_TRY_NUMBER='1' AIRFLOW_CTX_DAG_RUN_ID='scheduled__2025-07-20T00:00:00+00:00'
[2025-07-25T11:17:56.713+0000] {taskinstance.py:732} INFO - ::endgroup::
[2025-07-25T11:17:57.575+0000] {logging_mixin.py:190} INFO - [Company extract] retrieved 23670 rows from the database
[2025-07-25T11:17:57.608+0000] {logging_mixin.py:190} INFO - Saved data from database to parquet successfully at /opt/airflow/data/parquet/companies/crawl_companies-20250720.parquet
[2025-07-25T11:17:57.609+0000] {python.py:240} INFO - Done. Returned value was: None
[2025-07-25T11:17:57.613+0000] {taskinstance.py:341} INFO - ::group::Post task execution logs
[2025-07-25T11:17:57.613+0000] {taskinstance.py:353} INFO - Marking task as SUCCESS. dag_id=elt_to_dwh, task_id=extract_task.load_db_to_parquet, run_id=scheduled__2025-07-20T00:00:00+00:00, execution_date=20250720T000000, start_date=20250725T111756, end_date=20250725T111757
[2025-07-25T11:17:57.673+0000] {local_task_job_runner.py:266} INFO - Task exited with return code 0
[2025-07-25T11:17:57.689+0000] {taskinstance.py:3901} INFO - 0 downstream tasks scheduled from follow-on schedule check
[2025-07-25T11:17:57.696+0000] {local_task_job_runner.py:245} INFO - ::endgroup::
[2025-07-25T11:56:40.981+0000] {local_task_job_runner.py:123} INFO - ::group::Pre task execution logs
[2025-07-25T11:56:41.002+0000] {taskinstance.py:2614} INFO - Dependencies all met for dep_context=non-requeueable deps ti=<TaskInstance: elt_to_dwh.extract_task.load_db_to_parquet scheduled__2025-07-20T00:00:00+00:00 [queued]>
[2025-07-25T11:56:41.019+0000] {taskinstance.py:2614} INFO - Dependencies all met for dep_context=requeueable deps ti=<TaskInstance: elt_to_dwh.extract_task.load_db_to_parquet scheduled__2025-07-20T00:00:00+00:00 [queued]>
[2025-07-25T11:56:41.019+0000] {taskinstance.py:2867} INFO - Starting attempt 1 of 1
[2025-07-25T11:56:41.038+0000] {taskinstance.py:2890} INFO - Executing <Task(PythonOperator): extract_task.load_db_to_parquet> on 2025-07-20 00:00:00+00:00
[2025-07-25T11:56:41.047+0000] {standard_task_runner.py:104} INFO - Running: ['airflow', 'tasks', 'run', 'elt_to_dwh', 'extract_task.load_db_to_parquet', 'scheduled__2025-07-20T00:00:00+00:00', '--job-id', '193', '--raw', '--subdir', 'DAGS_FOLDER/elt_to_dwh.py', '--cfg-path', '/tmp/tmp3w18t9es']
[2025-07-25T11:56:41.050+0000] {standard_task_runner.py:105} INFO - Job 193: Subtask extract_task.load_db_to_parquet
[2025-07-25T11:56:41.053+0000] {logging_mixin.py:190} WARNING - /home/airflow/.local/lib/python3.12/site-packages/airflow/task/task_runner/standard_task_runner.py:70 DeprecationWarning: This process (pid=5306) is multi-threaded, use of fork() may lead to deadlocks in the child.
[2025-07-25T11:56:41.054+0000] {standard_task_runner.py:72} INFO - Started process 5316 to run task
[2025-07-25T11:56:41.104+0000] {task_command.py:467} INFO - Running <TaskInstance: elt_to_dwh.extract_task.load_db_to_parquet scheduled__2025-07-20T00:00:00+00:00 [running]> on host 74cfddf97016
[2025-07-25T11:56:41.188+0000] {taskinstance.py:3134} INFO - Exporting env vars: AIRFLOW_CTX_DAG_OWNER='airflow' AIRFLOW_CTX_DAG_ID='elt_to_dwh' AIRFLOW_CTX_TASK_ID='extract_task.load_db_to_parquet' AIRFLOW_CTX_EXECUTION_DATE='2025-07-20T00:00:00+00:00' AIRFLOW_CTX_TRY_NUMBER='1' AIRFLOW_CTX_DAG_RUN_ID='scheduled__2025-07-20T00:00:00+00:00'
[2025-07-25T11:56:41.190+0000] {taskinstance.py:732} INFO - ::endgroup::
[2025-07-25T11:56:42.395+0000] {logging_mixin.py:190} INFO - [Company extract] retrieved 23670 rows from the database
[2025-07-25T11:56:42.442+0000] {logging_mixin.py:190} INFO - Saved data from database to parquet successfully at /opt/airflow/data/parquet/companies/crawl_companies-20250720.parquet
[2025-07-25T11:56:42.443+0000] {python.py:240} INFO - Done. Returned value was: None
[2025-07-25T11:56:42.451+0000] {taskinstance.py:341} INFO - ::group::Post task execution logs
[2025-07-25T11:56:42.452+0000] {taskinstance.py:353} INFO - Marking task as SUCCESS. dag_id=elt_to_dwh, task_id=extract_task.load_db_to_parquet, run_id=scheduled__2025-07-20T00:00:00+00:00, execution_date=20250720T000000, start_date=20250725T115641, end_date=20250725T115642
[2025-07-25T11:56:42.515+0000] {local_task_job_runner.py:266} INFO - Task exited with return code 0
[2025-07-25T11:56:42.534+0000] {taskinstance.py:3901} INFO - 0 downstream tasks scheduled from follow-on schedule check
[2025-07-25T11:56:42.542+0000] {local_task_job_runner.py:245} INFO - ::endgroup::
[2025-07-26T05:10:17.359+0000] {local_task_job_runner.py:123} INFO - ::group::Pre task execution logs
[2025-07-26T05:10:17.380+0000] {taskinstance.py:2614} INFO - Dependencies all met for dep_context=non-requeueable deps ti=<TaskInstance: elt_to_dwh.extract_task.load_db_to_parquet scheduled__2025-07-20T00:00:00+00:00 [queued]>
[2025-07-26T05:10:17.391+0000] {taskinstance.py:2614} INFO - Dependencies all met for dep_context=requeueable deps ti=<TaskInstance: elt_to_dwh.extract_task.load_db_to_parquet scheduled__2025-07-20T00:00:00+00:00 [queued]>
[2025-07-26T05:10:17.392+0000] {taskinstance.py:2867} INFO - Starting attempt 1 of 1
[2025-07-26T05:10:17.408+0000] {taskinstance.py:2890} INFO - Executing <Task(PythonOperator): extract_task.load_db_to_parquet> on 2025-07-20 00:00:00+00:00
[2025-07-26T05:10:17.417+0000] {standard_task_runner.py:104} INFO - Running: ['airflow', 'tasks', 'run', 'elt_to_dwh', 'extract_task.load_db_to_parquet', 'scheduled__2025-07-20T00:00:00+00:00', '--job-id', '104', '--raw', '--subdir', 'DAGS_FOLDER/elt_to_dwh.py', '--cfg-path', '/tmp/tmpc0159lc2']
[2025-07-26T05:10:17.420+0000] {standard_task_runner.py:105} INFO - Job 104: Subtask extract_task.load_db_to_parquet
[2025-07-26T05:10:17.422+0000] {logging_mixin.py:190} WARNING - /home/airflow/.local/lib/python3.12/site-packages/airflow/task/task_runner/standard_task_runner.py:70 DeprecationWarning: This process (pid=6026) is multi-threaded, use of fork() may lead to deadlocks in the child.
[2025-07-26T05:10:17.423+0000] {standard_task_runner.py:72} INFO - Started process 6036 to run task
[2025-07-26T05:10:17.460+0000] {task_command.py:467} INFO - Running <TaskInstance: elt_to_dwh.extract_task.load_db_to_parquet scheduled__2025-07-20T00:00:00+00:00 [running]> on host 3bc71adbf7e0
[2025-07-26T05:10:17.551+0000] {taskinstance.py:3134} INFO - Exporting env vars: AIRFLOW_CTX_DAG_OWNER='airflow' AIRFLOW_CTX_DAG_ID='elt_to_dwh' AIRFLOW_CTX_TASK_ID='extract_task.load_db_to_parquet' AIRFLOW_CTX_EXECUTION_DATE='2025-07-20T00:00:00+00:00' AIRFLOW_CTX_TRY_NUMBER='1' AIRFLOW_CTX_DAG_RUN_ID='scheduled__2025-07-20T00:00:00+00:00'
[2025-07-26T05:10:17.552+0000] {taskinstance.py:732} INFO - ::endgroup::
[2025-07-26T05:10:18.396+0000] {logging_mixin.py:190} INFO - [Company extract] retrieved 23670 rows from the database
[2025-07-26T05:10:18.449+0000] {logging_mixin.py:190} INFO - Saved data from database to parquet successfully at /opt/airflow/data/parquet/companies/crawl_companies-20250720.parquet
[2025-07-26T05:10:18.450+0000] {python.py:240} INFO - Done. Returned value was: None
[2025-07-26T05:10:18.469+0000] {taskinstance.py:341} INFO - ::group::Post task execution logs
[2025-07-26T05:10:18.470+0000] {taskinstance.py:353} INFO - Marking task as SUCCESS. dag_id=elt_to_dwh, task_id=extract_task.load_db_to_parquet, run_id=scheduled__2025-07-20T00:00:00+00:00, execution_date=20250720T000000, start_date=20250726T051017, end_date=20250726T051018
[2025-07-26T05:10:18.525+0000] {local_task_job_runner.py:266} INFO - Task exited with return code 0
[2025-07-26T05:10:18.586+0000] {taskinstance.py:3901} INFO - 0 downstream tasks scheduled from follow-on schedule check
[2025-07-26T05:10:18.628+0000] {local_task_job_runner.py:245} INFO - ::endgroup::
