[2025-07-25T11:12:21.409+0000] {local_task_job_runner.py:123} INFO - ::group::Pre task execution logs
[2025-07-25T11:12:21.423+0000] {taskinstance.py:2614} INFO - Dependencies all met for dep_context=non-requeueable deps ti=<TaskInstance: elt_to_dwh.extract_task.crawl_ohlcs scheduled__2025-07-13T00:00:00+00:00 [queued]>
[2025-07-25T11:12:21.433+0000] {taskinstance.py:2614} INFO - Dependencies all met for dep_context=requeueable deps ti=<TaskInstance: elt_to_dwh.extract_task.crawl_ohlcs scheduled__2025-07-13T00:00:00+00:00 [queued]>
[2025-07-25T11:12:21.434+0000] {taskinstance.py:2867} INFO - Starting attempt 1 of 1
[2025-07-25T11:12:21.449+0000] {taskinstance.py:2890} INFO - Executing <Task(PythonOperator): extract_task.crawl_ohlcs> on 2025-07-13 00:00:00+00:00
[2025-07-25T11:12:21.457+0000] {standard_task_runner.py:104} INFO - Running: ['airflow', 'tasks', 'run', 'elt_to_dwh', 'extract_task.crawl_ohlcs', 'scheduled__2025-07-13T00:00:00+00:00', '--job-id', '87', '--raw', '--subdir', 'DAGS_FOLDER/elt_to_dwh.py', '--cfg-path', '/tmp/tmp0o333024']
[2025-07-25T11:12:21.460+0000] {standard_task_runner.py:105} INFO - Job 87: Subtask extract_task.crawl_ohlcs
[2025-07-25T11:12:21.461+0000] {logging_mixin.py:190} WARNING - /home/airflow/.local/lib/python3.12/site-packages/airflow/task/task_runner/standard_task_runner.py:70 DeprecationWarning: This process (pid=2965) is multi-threaded, use of fork() may lead to deadlocks in the child.
[2025-07-25T11:12:21.462+0000] {standard_task_runner.py:72} INFO - Started process 2975 to run task
[2025-07-25T11:12:21.500+0000] {task_command.py:467} INFO - Running <TaskInstance: elt_to_dwh.extract_task.crawl_ohlcs scheduled__2025-07-13T00:00:00+00:00 [running]> on host 74cfddf97016
[2025-07-25T11:12:21.565+0000] {taskinstance.py:3134} INFO - Exporting env vars: AIRFLOW_CTX_DAG_OWNER='airflow' AIRFLOW_CTX_DAG_ID='elt_to_dwh' AIRFLOW_CTX_TASK_ID='extract_task.crawl_ohlcs' AIRFLOW_CTX_EXECUTION_DATE='2025-07-13T00:00:00+00:00' AIRFLOW_CTX_TRY_NUMBER='1' AIRFLOW_CTX_DAG_RUN_ID='scheduled__2025-07-13T00:00:00+00:00'
[2025-07-25T11:12:21.565+0000] {taskinstance.py:732} INFO - ::endgroup::
[2025-07-25T11:12:21.579+0000] {logging_mixin.py:190} INFO - url: https://api.polygon.io/v2/aggs/grouped/locale/us/market/stocks/2025-07-13?adjusted=true&include_otc=true&apiKey=2lwa_Zgcz4qzZ1X30xbf2CQBf_AldkL0
[2025-07-25T11:12:22.290+0000] {logging_mixin.py:190} INFO - The process of crawling 0 OHLCs was successful
[2025-07-25T11:12:22.290+0000] {logging_mixin.py:190} INFO - Saving at /opt/airflow/data/raw/ohlcs/crawl_ohlcs-20250713.json
[2025-07-25T11:12:22.291+0000] {python.py:240} INFO - Done. Returned value was: None
[2025-07-25T11:12:22.295+0000] {taskinstance.py:341} INFO - ::group::Post task execution logs
[2025-07-25T11:12:22.296+0000] {taskinstance.py:353} INFO - Marking task as SUCCESS. dag_id=elt_to_dwh, task_id=extract_task.crawl_ohlcs, run_id=scheduled__2025-07-13T00:00:00+00:00, execution_date=20250713T000000, start_date=20250725T111221, end_date=20250725T111222
[2025-07-25T11:12:22.319+0000] {local_task_job_runner.py:266} INFO - Task exited with return code 0
[2025-07-25T11:12:22.339+0000] {taskinstance.py:3901} INFO - 1 downstream tasks scheduled from follow-on schedule check
[2025-07-25T11:12:22.344+0000] {local_task_job_runner.py:245} INFO - ::endgroup::
[2025-07-25T11:51:44.465+0000] {local_task_job_runner.py:123} INFO - ::group::Pre task execution logs
[2025-07-25T11:51:44.481+0000] {taskinstance.py:2614} INFO - Dependencies all met for dep_context=non-requeueable deps ti=<TaskInstance: elt_to_dwh.extract_task.crawl_ohlcs scheduled__2025-07-13T00:00:00+00:00 [queued]>
[2025-07-25T11:51:44.492+0000] {taskinstance.py:2614} INFO - Dependencies all met for dep_context=requeueable deps ti=<TaskInstance: elt_to_dwh.extract_task.crawl_ohlcs scheduled__2025-07-13T00:00:00+00:00 [queued]>
[2025-07-25T11:51:44.493+0000] {taskinstance.py:2867} INFO - Starting attempt 1 of 1
[2025-07-25T11:51:44.511+0000] {taskinstance.py:2890} INFO - Executing <Task(PythonOperator): extract_task.crawl_ohlcs> on 2025-07-13 00:00:00+00:00
[2025-07-25T11:51:44.520+0000] {standard_task_runner.py:104} INFO - Running: ['airflow', 'tasks', 'run', 'elt_to_dwh', 'extract_task.crawl_ohlcs', 'scheduled__2025-07-13T00:00:00+00:00', '--job-id', '157', '--raw', '--subdir', 'DAGS_FOLDER/elt_to_dwh.py', '--cfg-path', '/tmp/tmph9rddgrr']
[2025-07-25T11:51:44.523+0000] {standard_task_runner.py:105} INFO - Job 157: Subtask extract_task.crawl_ohlcs
[2025-07-25T11:51:44.524+0000] {logging_mixin.py:190} WARNING - /home/airflow/.local/lib/python3.12/site-packages/airflow/task/task_runner/standard_task_runner.py:70 DeprecationWarning: This process (pid=4709) is multi-threaded, use of fork() may lead to deadlocks in the child.
[2025-07-25T11:51:44.525+0000] {standard_task_runner.py:72} INFO - Started process 4719 to run task
[2025-07-25T11:51:44.568+0000] {task_command.py:467} INFO - Running <TaskInstance: elt_to_dwh.extract_task.crawl_ohlcs scheduled__2025-07-13T00:00:00+00:00 [running]> on host 74cfddf97016
[2025-07-25T11:51:44.661+0000] {taskinstance.py:3134} INFO - Exporting env vars: AIRFLOW_CTX_DAG_OWNER='airflow' AIRFLOW_CTX_DAG_ID='elt_to_dwh' AIRFLOW_CTX_TASK_ID='extract_task.crawl_ohlcs' AIRFLOW_CTX_EXECUTION_DATE='2025-07-13T00:00:00+00:00' AIRFLOW_CTX_TRY_NUMBER='1' AIRFLOW_CTX_DAG_RUN_ID='scheduled__2025-07-13T00:00:00+00:00'
[2025-07-25T11:51:44.662+0000] {taskinstance.py:732} INFO - ::endgroup::
[2025-07-25T11:51:44.684+0000] {logging_mixin.py:190} INFO - url: https://api.polygon.io/v2/aggs/grouped/locale/us/market/stocks/2025-07-13?adjusted=true&include_otc=true&apiKey=2lwa_Zgcz4qzZ1X30xbf2CQBf_AldkL0
[2025-07-25T11:51:45.405+0000] {logging_mixin.py:190} INFO - The process of crawling 0 OHLCs was successful
[2025-07-25T11:51:45.405+0000] {logging_mixin.py:190} INFO - Saving at /opt/airflow/data/raw/ohlcs/crawl_ohlcs-20250713.json
[2025-07-25T11:51:45.406+0000] {python.py:240} INFO - Done. Returned value was: None
[2025-07-25T11:51:45.410+0000] {taskinstance.py:341} INFO - ::group::Post task execution logs
[2025-07-25T11:51:45.411+0000] {taskinstance.py:353} INFO - Marking task as SUCCESS. dag_id=elt_to_dwh, task_id=extract_task.crawl_ohlcs, run_id=scheduled__2025-07-13T00:00:00+00:00, execution_date=20250713T000000, start_date=20250725T115144, end_date=20250725T115145
[2025-07-25T11:51:45.464+0000] {local_task_job_runner.py:266} INFO - Task exited with return code 0
[2025-07-25T11:51:45.480+0000] {taskinstance.py:3901} INFO - 1 downstream tasks scheduled from follow-on schedule check
[2025-07-25T11:51:45.487+0000] {local_task_job_runner.py:245} INFO - ::endgroup::
[2025-07-26T04:58:04.189+0000] {local_task_job_runner.py:123} INFO - ::group::Pre task execution logs
[2025-07-26T04:58:04.204+0000] {taskinstance.py:2614} INFO - Dependencies all met for dep_context=non-requeueable deps ti=<TaskInstance: elt_to_dwh.extract_task.crawl_ohlcs scheduled__2025-07-13T00:00:00+00:00 [queued]>
[2025-07-26T04:58:04.213+0000] {taskinstance.py:2614} INFO - Dependencies all met for dep_context=requeueable deps ti=<TaskInstance: elt_to_dwh.extract_task.crawl_ohlcs scheduled__2025-07-13T00:00:00+00:00 [queued]>
[2025-07-26T04:58:04.213+0000] {taskinstance.py:2867} INFO - Starting attempt 1 of 1
[2025-07-26T04:58:04.227+0000] {taskinstance.py:2890} INFO - Executing <Task(PythonOperator): extract_task.crawl_ohlcs> on 2025-07-13 00:00:00+00:00
[2025-07-26T04:58:04.236+0000] {standard_task_runner.py:104} INFO - Running: ['airflow', 'tasks', 'run', 'elt_to_dwh', 'extract_task.crawl_ohlcs', 'scheduled__2025-07-13T00:00:00+00:00', '--job-id', '36', '--raw', '--subdir', 'DAGS_FOLDER/elt_to_dwh.py', '--cfg-path', '/tmp/tmpnsswulh7']
[2025-07-26T04:58:04.238+0000] {standard_task_runner.py:105} INFO - Job 36: Subtask extract_task.crawl_ohlcs
[2025-07-26T04:58:04.240+0000] {logging_mixin.py:190} WARNING - /home/airflow/.local/lib/python3.12/site-packages/airflow/task/task_runner/standard_task_runner.py:70 DeprecationWarning: This process (pid=898) is multi-threaded, use of fork() may lead to deadlocks in the child.
[2025-07-26T04:58:04.241+0000] {standard_task_runner.py:72} INFO - Started process 908 to run task
[2025-07-26T04:58:04.275+0000] {task_command.py:467} INFO - Running <TaskInstance: elt_to_dwh.extract_task.crawl_ohlcs scheduled__2025-07-13T00:00:00+00:00 [running]> on host 3bc71adbf7e0
[2025-07-26T04:58:04.346+0000] {taskinstance.py:3134} INFO - Exporting env vars: AIRFLOW_CTX_DAG_OWNER='airflow' AIRFLOW_CTX_DAG_ID='elt_to_dwh' AIRFLOW_CTX_TASK_ID='extract_task.crawl_ohlcs' AIRFLOW_CTX_EXECUTION_DATE='2025-07-13T00:00:00+00:00' AIRFLOW_CTX_TRY_NUMBER='1' AIRFLOW_CTX_DAG_RUN_ID='scheduled__2025-07-13T00:00:00+00:00'
[2025-07-26T04:58:04.347+0000] {taskinstance.py:732} INFO - ::endgroup::
[2025-07-26T04:58:04.361+0000] {logging_mixin.py:190} INFO - url: https://api.polygon.io/v2/aggs/grouped/locale/us/market/stocks/2025-07-13?adjusted=true&include_otc=true&apiKey=2lwa_Zgcz4qzZ1X30xbf2CQBf_AldkL0
[2025-07-26T04:58:05.144+0000] {logging_mixin.py:190} INFO - The process of crawling 0 OHLCs was successful
[2025-07-26T04:58:05.144+0000] {logging_mixin.py:190} INFO - Saving at /opt/airflow/data/raw/ohlcs/crawl_ohlcs-20250713.json
[2025-07-26T04:58:05.145+0000] {python.py:240} INFO - Done. Returned value was: None
[2025-07-26T04:58:05.149+0000] {taskinstance.py:341} INFO - ::group::Post task execution logs
[2025-07-26T04:58:05.150+0000] {taskinstance.py:353} INFO - Marking task as SUCCESS. dag_id=elt_to_dwh, task_id=extract_task.crawl_ohlcs, run_id=scheduled__2025-07-13T00:00:00+00:00, execution_date=20250713T000000, start_date=20250726T045804, end_date=20250726T045805
[2025-07-26T04:58:05.179+0000] {local_task_job_runner.py:266} INFO - Task exited with return code 0
[2025-07-26T04:58:05.196+0000] {taskinstance.py:3901} INFO - 1 downstream tasks scheduled from follow-on schedule check
[2025-07-26T04:58:05.202+0000] {local_task_job_runner.py:245} INFO - ::endgroup::
