[2025-07-25T11:12:13.785+0000] {local_task_job_runner.py:123} INFO - ::group::Pre task execution logs
[2025-07-25T11:12:13.799+0000] {taskinstance.py:2614} INFO - Dependencies all met for dep_context=non-requeueable deps ti=<TaskInstance: elt_to_dwh.extract_task.crawl_news scheduled__2025-07-13T00:00:00+00:00 [queued]>
[2025-07-25T11:12:13.808+0000] {taskinstance.py:2614} INFO - Dependencies all met for dep_context=requeueable deps ti=<TaskInstance: elt_to_dwh.extract_task.crawl_news scheduled__2025-07-13T00:00:00+00:00 [queued]>
[2025-07-25T11:12:13.809+0000] {taskinstance.py:2867} INFO - Starting attempt 1 of 1
[2025-07-25T11:12:13.828+0000] {taskinstance.py:2890} INFO - Executing <Task(PythonOperator): extract_task.crawl_news> on 2025-07-13 00:00:00+00:00
[2025-07-25T11:12:13.837+0000] {standard_task_runner.py:104} INFO - Running: ['airflow', 'tasks', 'run', 'elt_to_dwh', 'extract_task.crawl_news', 'scheduled__2025-07-13T00:00:00+00:00', '--job-id', '86', '--raw', '--subdir', 'DAGS_FOLDER/elt_to_dwh.py', '--cfg-path', '/tmp/tmpqxhy6j8c']
[2025-07-25T11:12:13.840+0000] {standard_task_runner.py:105} INFO - Job 86: Subtask extract_task.crawl_news
[2025-07-25T11:12:13.851+0000] {logging_mixin.py:190} WARNING - /home/airflow/.local/lib/python3.12/site-packages/airflow/task/task_runner/standard_task_runner.py:70 DeprecationWarning: This process (pid=2953) is multi-threaded, use of fork() may lead to deadlocks in the child.
[2025-07-25T11:12:13.853+0000] {standard_task_runner.py:72} INFO - Started process 2963 to run task
[2025-07-25T11:12:13.899+0000] {task_command.py:467} INFO - Running <TaskInstance: elt_to_dwh.extract_task.crawl_news scheduled__2025-07-13T00:00:00+00:00 [running]> on host 74cfddf97016
[2025-07-25T11:12:13.969+0000] {taskinstance.py:3134} INFO - Exporting env vars: AIRFLOW_CTX_DAG_OWNER='airflow' AIRFLOW_CTX_DAG_ID='elt_to_dwh' AIRFLOW_CTX_TASK_ID='extract_task.crawl_news' AIRFLOW_CTX_EXECUTION_DATE='2025-07-13T00:00:00+00:00' AIRFLOW_CTX_TRY_NUMBER='1' AIRFLOW_CTX_DAG_RUN_ID='scheduled__2025-07-13T00:00:00+00:00'
[2025-07-25T11:12:13.970+0000] {taskinstance.py:732} INFO - ::endgroup::
[2025-07-25T11:12:13.985+0000] {logging_mixin.py:190} INFO - Get news from 20250713T0000 to 20250713T2359
[2025-07-25T11:12:15.894+0000] {logging_mixin.py:190} INFO - The process of crawling 148 news was successful
[2025-07-25T11:12:15.894+0000] {logging_mixin.py:190} INFO - Saving at /opt/airflow/data/raw/news/crawl_news-20250713.json
[2025-07-25T11:12:15.895+0000] {python.py:240} INFO - Done. Returned value was: None
[2025-07-25T11:12:15.900+0000] {taskinstance.py:341} INFO - ::group::Post task execution logs
[2025-07-25T11:12:15.901+0000] {taskinstance.py:353} INFO - Marking task as SUCCESS. dag_id=elt_to_dwh, task_id=extract_task.crawl_news, run_id=scheduled__2025-07-13T00:00:00+00:00, execution_date=20250713T000000, start_date=20250725T111213, end_date=20250725T111215
[2025-07-25T11:12:15.958+0000] {local_task_job_runner.py:266} INFO - Task exited with return code 0
[2025-07-25T11:12:15.974+0000] {taskinstance.py:3901} INFO - 1 downstream tasks scheduled from follow-on schedule check
[2025-07-25T11:12:15.980+0000] {local_task_job_runner.py:245} INFO - ::endgroup::
[2025-07-25T11:51:39.010+0000] {local_task_job_runner.py:123} INFO - ::group::Pre task execution logs
[2025-07-25T11:51:39.022+0000] {taskinstance.py:2614} INFO - Dependencies all met for dep_context=non-requeueable deps ti=<TaskInstance: elt_to_dwh.extract_task.crawl_news scheduled__2025-07-13T00:00:00+00:00 [queued]>
[2025-07-25T11:51:39.031+0000] {taskinstance.py:2614} INFO - Dependencies all met for dep_context=requeueable deps ti=<TaskInstance: elt_to_dwh.extract_task.crawl_news scheduled__2025-07-13T00:00:00+00:00 [queued]>
[2025-07-25T11:51:39.031+0000] {taskinstance.py:2867} INFO - Starting attempt 1 of 1
[2025-07-25T11:51:39.045+0000] {taskinstance.py:2890} INFO - Executing <Task(PythonOperator): extract_task.crawl_news> on 2025-07-13 00:00:00+00:00
[2025-07-25T11:51:39.054+0000] {standard_task_runner.py:104} INFO - Running: ['airflow', 'tasks', 'run', 'elt_to_dwh', 'extract_task.crawl_news', 'scheduled__2025-07-13T00:00:00+00:00', '--job-id', '156', '--raw', '--subdir', 'DAGS_FOLDER/elt_to_dwh.py', '--cfg-path', '/tmp/tmpl9s03o5d']
[2025-07-25T11:51:39.057+0000] {standard_task_runner.py:105} INFO - Job 156: Subtask extract_task.crawl_news
[2025-07-25T11:51:39.060+0000] {logging_mixin.py:190} WARNING - /home/airflow/.local/lib/python3.12/site-packages/airflow/task/task_runner/standard_task_runner.py:70 DeprecationWarning: This process (pid=4697) is multi-threaded, use of fork() may lead to deadlocks in the child.
[2025-07-25T11:51:39.060+0000] {standard_task_runner.py:72} INFO - Started process 4707 to run task
[2025-07-25T11:51:39.094+0000] {task_command.py:467} INFO - Running <TaskInstance: elt_to_dwh.extract_task.crawl_news scheduled__2025-07-13T00:00:00+00:00 [running]> on host 74cfddf97016
[2025-07-25T11:51:39.156+0000] {taskinstance.py:3134} INFO - Exporting env vars: AIRFLOW_CTX_DAG_OWNER='airflow' AIRFLOW_CTX_DAG_ID='elt_to_dwh' AIRFLOW_CTX_TASK_ID='extract_task.crawl_news' AIRFLOW_CTX_EXECUTION_DATE='2025-07-13T00:00:00+00:00' AIRFLOW_CTX_TRY_NUMBER='1' AIRFLOW_CTX_DAG_RUN_ID='scheduled__2025-07-13T00:00:00+00:00'
[2025-07-25T11:51:39.157+0000] {taskinstance.py:732} INFO - ::endgroup::
[2025-07-25T11:51:39.171+0000] {logging_mixin.py:190} INFO - Get news from 20250713T0000 to 20250713T2359
[2025-07-25T11:51:40.031+0000] {taskinstance.py:3313} ERROR - Task failed with exception
Traceback (most recent call last):
  File "/home/airflow/.local/lib/python3.12/site-packages/airflow/models/taskinstance.py", line 768, in _execute_task
    result = _execute_callable(context=context, **execute_callable_kwargs)
             ^^^^^^^^^^^^^^^^^^^^^^^^^^^^^^^^^^^^^^^^^^^^^^^^^^^^^^^^^^^^^
  File "/home/airflow/.local/lib/python3.12/site-packages/airflow/models/taskinstance.py", line 734, in _execute_callable
    return ExecutionCallableRunner(
           ^^^^^^^^^^^^^^^^^^^^^^^^
  File "/home/airflow/.local/lib/python3.12/site-packages/airflow/utils/operator_helpers.py", line 252, in run
    return self.func(*args, **kwargs)
           ^^^^^^^^^^^^^^^^^^^^^^^^^^
  File "/home/airflow/.local/lib/python3.12/site-packages/airflow/models/baseoperator.py", line 424, in wrapper
    return func(self, *args, **kwargs)
           ^^^^^^^^^^^^^^^^^^^^^^^^^^^
  File "/home/airflow/.local/lib/python3.12/site-packages/airflow/operators/python.py", line 238, in execute
    return_value = self.execute_callable()
                   ^^^^^^^^^^^^^^^^^^^^^^^
  File "/home/airflow/.local/lib/python3.12/site-packages/airflow/operators/python.py", line 256, in execute_callable
    return runner.run(*self.op_args, **self.op_kwargs)
           ^^^^^^^^^^^^^^^^^^^^^^^^^^^^^^^^^^^^^^^^^^^
  File "/home/airflow/.local/lib/python3.12/site-packages/airflow/utils/operator_helpers.py", line 252, in run
    return self.func(*args, **kwargs)
           ^^^^^^^^^^^^^^^^^^^^^^^^^^
  File "/opt/airflow/scripts/elt_to_dwh/extract/crawl_news.py", line 40, in crawl_news
    raise KeyError(f"'feed' key not found in response. Full response:\n{json.dumps(response, indent=4)}")
KeyError: '\'feed\' key not found in response. Full response:\n{\n    "Information": "We have detected your API key as RSKHO6B8SELFWUYG and our standard API rate limit is 25 requests per day. Please subscribe to any of the premium plans at https://www.alphavantage.co/premium/ to instantly remove all daily rate limits."\n}'
[2025-07-25T11:51:40.040+0000] {taskinstance.py:1226} INFO - Marking task as FAILED. dag_id=elt_to_dwh, task_id=extract_task.crawl_news, run_id=scheduled__2025-07-13T00:00:00+00:00, execution_date=20250713T000000, start_date=20250725T115139, end_date=20250725T115140
[2025-07-25T11:51:40.059+0000] {taskinstance.py:341} INFO - ::group::Post task execution logs
[2025-07-25T11:51:40.059+0000] {standard_task_runner.py:124} ERROR - Failed to execute job 156 for task extract_task.crawl_news ('\'feed\' key not found in response. Full response:\n{\n    "Information": "We have detected your API key as RSKHO6B8SELFWUYG and our standard API rate limit is 25 requests per day. Please subscribe to any of the premium plans at https://www.alphavantage.co/premium/ to instantly remove all daily rate limits."\n}'; 4707)
Traceback (most recent call last):
  File "/home/airflow/.local/lib/python3.12/site-packages/airflow/task/task_runner/standard_task_runner.py", line 117, in _start_by_fork
    ret = args.func(args, dag=self.dag)
          ^^^^^^^^^^^^^^^^^^^^^^^^^^^^^
  File "/home/airflow/.local/lib/python3.12/site-packages/airflow/cli/cli_config.py", line 49, in command
    return func(*args, **kwargs)
           ^^^^^^^^^^^^^^^^^^^^^
  File "/home/airflow/.local/lib/python3.12/site-packages/airflow/utils/cli.py", line 116, in wrapper
    return f(*args, **kwargs)
           ^^^^^^^^^^^^^^^^^^
  File "/home/airflow/.local/lib/python3.12/site-packages/airflow/cli/commands/task_command.py", line 483, in task_run
    task_return_code = _run_task_by_selected_method(args, _dag, ti)
                       ^^^^^^^^^^^^^^^^^^^^^^^^^^^^^^^^^^^^^^^^^^^^
  File "/home/airflow/.local/lib/python3.12/site-packages/airflow/cli/commands/task_command.py", line 256, in _run_task_by_selected_method
    return _run_raw_task(args, ti)
           ^^^^^^^^^^^^^^^^^^^^^^^
  File "/home/airflow/.local/lib/python3.12/site-packages/airflow/cli/commands/task_command.py", line 341, in _run_raw_task
    return ti._run_raw_task(
           ^^^^^^^^^^^^^^^^^
  File "/home/airflow/.local/lib/python3.12/site-packages/airflow/utils/session.py", line 97, in wrapper
    return func(*args, session=session, **kwargs)
           ^^^^^^^^^^^^^^^^^^^^^^^^^^^^^^^^^^^^^^
  File "/home/airflow/.local/lib/python3.12/site-packages/airflow/models/taskinstance.py", line 3006, in _run_raw_task
    return _run_raw_task(
           ^^^^^^^^^^^^^^
  File "/home/airflow/.local/lib/python3.12/site-packages/airflow/models/taskinstance.py", line 274, in _run_raw_task
    TaskInstance._execute_task_with_callbacks(
  File "/home/airflow/.local/lib/python3.12/site-packages/airflow/models/taskinstance.py", line 3161, in _execute_task_with_callbacks
    result = self._execute_task(context, task_orig)
             ^^^^^^^^^^^^^^^^^^^^^^^^^^^^^^^^^^^^^^
  File "/home/airflow/.local/lib/python3.12/site-packages/airflow/models/taskinstance.py", line 3185, in _execute_task
    return _execute_task(self, context, task_orig)
           ^^^^^^^^^^^^^^^^^^^^^^^^^^^^^^^^^^^^^^^
  File "/home/airflow/.local/lib/python3.12/site-packages/airflow/models/taskinstance.py", line 768, in _execute_task
    result = _execute_callable(context=context, **execute_callable_kwargs)
             ^^^^^^^^^^^^^^^^^^^^^^^^^^^^^^^^^^^^^^^^^^^^^^^^^^^^^^^^^^^^^
  File "/home/airflow/.local/lib/python3.12/site-packages/airflow/models/taskinstance.py", line 734, in _execute_callable
    return ExecutionCallableRunner(
           ^^^^^^^^^^^^^^^^^^^^^^^^
  File "/home/airflow/.local/lib/python3.12/site-packages/airflow/utils/operator_helpers.py", line 252, in run
    return self.func(*args, **kwargs)
           ^^^^^^^^^^^^^^^^^^^^^^^^^^
  File "/home/airflow/.local/lib/python3.12/site-packages/airflow/models/baseoperator.py", line 424, in wrapper
    return func(self, *args, **kwargs)
           ^^^^^^^^^^^^^^^^^^^^^^^^^^^
  File "/home/airflow/.local/lib/python3.12/site-packages/airflow/operators/python.py", line 238, in execute
    return_value = self.execute_callable()
                   ^^^^^^^^^^^^^^^^^^^^^^^
  File "/home/airflow/.local/lib/python3.12/site-packages/airflow/operators/python.py", line 256, in execute_callable
    return runner.run(*self.op_args, **self.op_kwargs)
           ^^^^^^^^^^^^^^^^^^^^^^^^^^^^^^^^^^^^^^^^^^^
  File "/home/airflow/.local/lib/python3.12/site-packages/airflow/utils/operator_helpers.py", line 252, in run
    return self.func(*args, **kwargs)
           ^^^^^^^^^^^^^^^^^^^^^^^^^^
  File "/opt/airflow/scripts/elt_to_dwh/extract/crawl_news.py", line 40, in crawl_news
    raise KeyError(f"'feed' key not found in response. Full response:\n{json.dumps(response, indent=4)}")
KeyError: '\'feed\' key not found in response. Full response:\n{\n    "Information": "We have detected your API key as RSKHO6B8SELFWUYG and our standard API rate limit is 25 requests per day. Please subscribe to any of the premium plans at https://www.alphavantage.co/premium/ to instantly remove all daily rate limits."\n}'
[2025-07-25T11:51:40.078+0000] {local_task_job_runner.py:266} INFO - Task exited with return code 1
[2025-07-25T11:51:40.092+0000] {taskinstance.py:3901} INFO - 0 downstream tasks scheduled from follow-on schedule check
[2025-07-25T11:51:40.099+0000] {local_task_job_runner.py:245} INFO - ::endgroup::
[2025-07-26T04:57:58.226+0000] {local_task_job_runner.py:123} INFO - ::group::Pre task execution logs
[2025-07-26T04:57:58.237+0000] {taskinstance.py:2614} INFO - Dependencies all met for dep_context=non-requeueable deps ti=<TaskInstance: elt_to_dwh.extract_task.crawl_news scheduled__2025-07-13T00:00:00+00:00 [queued]>
[2025-07-26T04:57:58.244+0000] {taskinstance.py:2614} INFO - Dependencies all met for dep_context=requeueable deps ti=<TaskInstance: elt_to_dwh.extract_task.crawl_news scheduled__2025-07-13T00:00:00+00:00 [queued]>
[2025-07-26T04:57:58.245+0000] {taskinstance.py:2867} INFO - Starting attempt 1 of 1
[2025-07-26T04:57:58.259+0000] {taskinstance.py:2890} INFO - Executing <Task(PythonOperator): extract_task.crawl_news> on 2025-07-13 00:00:00+00:00
[2025-07-26T04:57:58.264+0000] {standard_task_runner.py:104} INFO - Running: ['airflow', 'tasks', 'run', 'elt_to_dwh', 'extract_task.crawl_news', 'scheduled__2025-07-13T00:00:00+00:00', '--job-id', '35', '--raw', '--subdir', 'DAGS_FOLDER/elt_to_dwh.py', '--cfg-path', '/tmp/tmpi6fk7k96']
[2025-07-26T04:57:58.266+0000] {standard_task_runner.py:105} INFO - Job 35: Subtask extract_task.crawl_news
[2025-07-26T04:57:58.267+0000] {logging_mixin.py:190} WARNING - /home/airflow/.local/lib/python3.12/site-packages/airflow/task/task_runner/standard_task_runner.py:70 DeprecationWarning: This process (pid=886) is multi-threaded, use of fork() may lead to deadlocks in the child.
[2025-07-26T04:57:58.268+0000] {standard_task_runner.py:72} INFO - Started process 896 to run task
[2025-07-26T04:57:58.295+0000] {task_command.py:467} INFO - Running <TaskInstance: elt_to_dwh.extract_task.crawl_news scheduled__2025-07-13T00:00:00+00:00 [running]> on host 3bc71adbf7e0
[2025-07-26T04:57:58.350+0000] {taskinstance.py:3134} INFO - Exporting env vars: AIRFLOW_CTX_DAG_OWNER='airflow' AIRFLOW_CTX_DAG_ID='elt_to_dwh' AIRFLOW_CTX_TASK_ID='extract_task.crawl_news' AIRFLOW_CTX_EXECUTION_DATE='2025-07-13T00:00:00+00:00' AIRFLOW_CTX_TRY_NUMBER='1' AIRFLOW_CTX_DAG_RUN_ID='scheduled__2025-07-13T00:00:00+00:00'
[2025-07-26T04:57:58.351+0000] {taskinstance.py:732} INFO - ::endgroup::
[2025-07-26T04:57:58.362+0000] {logging_mixin.py:190} INFO - Get news from 20250713T0000 to 20250713T2359
[2025-07-26T04:58:00.173+0000] {logging_mixin.py:190} INFO - The process of crawling 148 news was successful
[2025-07-26T04:58:00.174+0000] {logging_mixin.py:190} INFO - Saving at /opt/airflow/data/raw/news/crawl_news-20250713.json
[2025-07-26T04:58:00.175+0000] {python.py:240} INFO - Done. Returned value was: None
[2025-07-26T04:58:00.182+0000] {taskinstance.py:341} INFO - ::group::Post task execution logs
[2025-07-26T04:58:00.183+0000] {taskinstance.py:353} INFO - Marking task as SUCCESS. dag_id=elt_to_dwh, task_id=extract_task.crawl_news, run_id=scheduled__2025-07-13T00:00:00+00:00, execution_date=20250713T000000, start_date=20250726T045758, end_date=20250726T045800
[2025-07-26T04:58:00.212+0000] {local_task_job_runner.py:266} INFO - Task exited with return code 0
[2025-07-26T04:58:00.228+0000] {taskinstance.py:3901} INFO - 1 downstream tasks scheduled from follow-on schedule check
[2025-07-26T04:58:00.233+0000] {local_task_job_runner.py:245} INFO - ::endgroup::
