[2025-07-25T11:13:55.175+0000] {local_task_job_runner.py:123} INFO - ::group::Pre task execution logs
[2025-07-25T11:13:55.192+0000] {taskinstance.py:2614} INFO - Dependencies all met for dep_context=non-requeueable deps ti=<TaskInstance: elt_to_dwh.extract_task.convert_news_to_parquet scheduled__2025-07-14T00:00:00+00:00 [queued]>
[2025-07-25T11:13:55.218+0000] {taskinstance.py:2614} INFO - Dependencies all met for dep_context=requeueable deps ti=<TaskInstance: elt_to_dwh.extract_task.convert_news_to_parquet scheduled__2025-07-14T00:00:00+00:00 [queued]>
[2025-07-25T11:13:55.218+0000] {taskinstance.py:2867} INFO - Starting attempt 1 of 1
[2025-07-25T11:13:55.239+0000] {taskinstance.py:2890} INFO - Executing <Task(PythonOperator): extract_task.convert_news_to_parquet> on 2025-07-14 00:00:00+00:00
[2025-07-25T11:13:55.248+0000] {standard_task_runner.py:104} INFO - Running: ['airflow', 'tasks', 'run', 'elt_to_dwh', 'extract_task.convert_news_to_parquet', 'scheduled__2025-07-14T00:00:00+00:00', '--job-id', '101', '--raw', '--subdir', 'DAGS_FOLDER/elt_to_dwh.py', '--cfg-path', '/tmp/tmptibqa3ub']
[2025-07-25T11:13:55.251+0000] {standard_task_runner.py:105} INFO - Job 101: Subtask extract_task.convert_news_to_parquet
[2025-07-25T11:13:55.256+0000] {logging_mixin.py:190} WARNING - /home/airflow/.local/lib/python3.12/site-packages/airflow/task/task_runner/standard_task_runner.py:70 DeprecationWarning: This process (pid=3192) is multi-threaded, use of fork() may lead to deadlocks in the child.
[2025-07-25T11:13:55.257+0000] {standard_task_runner.py:72} INFO - Started process 3202 to run task
[2025-07-25T11:13:55.299+0000] {task_command.py:467} INFO - Running <TaskInstance: elt_to_dwh.extract_task.convert_news_to_parquet scheduled__2025-07-14T00:00:00+00:00 [running]> on host 74cfddf97016
[2025-07-25T11:13:55.383+0000] {taskinstance.py:3134} INFO - Exporting env vars: AIRFLOW_CTX_DAG_OWNER='airflow' AIRFLOW_CTX_DAG_ID='elt_to_dwh' AIRFLOW_CTX_TASK_ID='extract_task.convert_news_to_parquet' AIRFLOW_CTX_EXECUTION_DATE='2025-07-14T00:00:00+00:00' AIRFLOW_CTX_TRY_NUMBER='1' AIRFLOW_CTX_DAG_RUN_ID='scheduled__2025-07-14T00:00:00+00:00'
[2025-07-25T11:13:55.384+0000] {taskinstance.py:732} INFO - ::endgroup::
[2025-07-25T11:13:55.401+0000] {logging_mixin.py:190} INFO - Looking for file: /opt/airflow/data/raw/news/crawl_news-20250714.json
[2025-07-25T11:13:55.493+0000] {logging_mixin.py:190} INFO - [news] Saved Parquet file: /opt/airflow/data/parquet/news/crawl_news-20250714.parquet
[2025-07-25T11:13:55.493+0000] {python.py:240} INFO - Done. Returned value was: None
[2025-07-25T11:13:55.497+0000] {taskinstance.py:341} INFO - ::group::Post task execution logs
[2025-07-25T11:13:55.498+0000] {taskinstance.py:353} INFO - Marking task as SUCCESS. dag_id=elt_to_dwh, task_id=extract_task.convert_news_to_parquet, run_id=scheduled__2025-07-14T00:00:00+00:00, execution_date=20250714T000000, start_date=20250725T111355, end_date=20250725T111355
[2025-07-25T11:13:55.553+0000] {local_task_job_runner.py:266} INFO - Task exited with return code 0
[2025-07-25T11:13:55.566+0000] {taskinstance.py:3901} INFO - 0 downstream tasks scheduled from follow-on schedule check
[2025-07-25T11:13:55.567+0000] {local_task_job_runner.py:245} INFO - ::endgroup::
[2025-07-26T05:00:25.578+0000] {local_task_job_runner.py:123} INFO - ::group::Pre task execution logs
[2025-07-26T05:00:25.591+0000] {taskinstance.py:2614} INFO - Dependencies all met for dep_context=non-requeueable deps ti=<TaskInstance: elt_to_dwh.extract_task.convert_news_to_parquet scheduled__2025-07-14T00:00:00+00:00 [queued]>
[2025-07-26T05:00:25.600+0000] {taskinstance.py:2614} INFO - Dependencies all met for dep_context=requeueable deps ti=<TaskInstance: elt_to_dwh.extract_task.convert_news_to_parquet scheduled__2025-07-14T00:00:00+00:00 [queued]>
[2025-07-26T05:00:25.600+0000] {taskinstance.py:2867} INFO - Starting attempt 1 of 1
[2025-07-26T05:00:25.613+0000] {taskinstance.py:2890} INFO - Executing <Task(PythonOperator): extract_task.convert_news_to_parquet> on 2025-07-14 00:00:00+00:00
[2025-07-26T05:00:25.620+0000] {standard_task_runner.py:104} INFO - Running: ['airflow', 'tasks', 'run', 'elt_to_dwh', 'extract_task.convert_news_to_parquet', 'scheduled__2025-07-14T00:00:00+00:00', '--job-id', '53', '--raw', '--subdir', 'DAGS_FOLDER/elt_to_dwh.py', '--cfg-path', '/tmp/tmp92d1d46t']
[2025-07-26T05:00:25.622+0000] {standard_task_runner.py:105} INFO - Job 53: Subtask extract_task.convert_news_to_parquet
[2025-07-26T05:00:25.624+0000] {logging_mixin.py:190} WARNING - /home/airflow/.local/lib/python3.12/site-packages/airflow/task/task_runner/standard_task_runner.py:70 DeprecationWarning: This process (pid=1579) is multi-threaded, use of fork() may lead to deadlocks in the child.
[2025-07-26T05:00:25.625+0000] {standard_task_runner.py:72} INFO - Started process 1589 to run task
[2025-07-26T05:00:25.655+0000] {task_command.py:467} INFO - Running <TaskInstance: elt_to_dwh.extract_task.convert_news_to_parquet scheduled__2025-07-14T00:00:00+00:00 [running]> on host 3bc71adbf7e0
[2025-07-26T05:00:25.716+0000] {taskinstance.py:3134} INFO - Exporting env vars: AIRFLOW_CTX_DAG_OWNER='airflow' AIRFLOW_CTX_DAG_ID='elt_to_dwh' AIRFLOW_CTX_TASK_ID='extract_task.convert_news_to_parquet' AIRFLOW_CTX_EXECUTION_DATE='2025-07-14T00:00:00+00:00' AIRFLOW_CTX_TRY_NUMBER='1' AIRFLOW_CTX_DAG_RUN_ID='scheduled__2025-07-14T00:00:00+00:00'
[2025-07-26T05:00:25.716+0000] {taskinstance.py:732} INFO - ::endgroup::
[2025-07-26T05:00:25.729+0000] {logging_mixin.py:190} INFO - Looking for file: /opt/airflow/data/raw/news/crawl_news-20250714.json
[2025-07-26T05:00:25.820+0000] {logging_mixin.py:190} INFO - [news] Saved Parquet file: /opt/airflow/data/parquet/news/crawl_news-20250714.parquet
[2025-07-26T05:00:25.821+0000] {python.py:240} INFO - Done. Returned value was: None
[2025-07-26T05:00:25.827+0000] {taskinstance.py:341} INFO - ::group::Post task execution logs
[2025-07-26T05:00:25.827+0000] {taskinstance.py:353} INFO - Marking task as SUCCESS. dag_id=elt_to_dwh, task_id=extract_task.convert_news_to_parquet, run_id=scheduled__2025-07-14T00:00:00+00:00, execution_date=20250714T000000, start_date=20250726T050025, end_date=20250726T050025
[2025-07-26T05:00:25.879+0000] {local_task_job_runner.py:266} INFO - Task exited with return code 0
[2025-07-26T05:00:25.898+0000] {taskinstance.py:3901} INFO - 0 downstream tasks scheduled from follow-on schedule check
[2025-07-26T05:00:25.899+0000] {local_task_job_runner.py:245} INFO - ::endgroup::
