[2025-07-25T09:53:24.513+0000] {local_task_job_runner.py:123} INFO - ::group::Pre task execution logs
[2025-07-25T09:53:24.525+0000] {taskinstance.py:2614} INFO - Dependencies all met for dep_context=non-requeueable deps ti=<TaskInstance: etl_to_db.ddl_task.create_tables scheduled__2025-05-01T00:00:00+00:00 [queued]>
[2025-07-25T09:53:24.531+0000] {taskinstance.py:2614} INFO - Dependencies all met for dep_context=requeueable deps ti=<TaskInstance: etl_to_db.ddl_task.create_tables scheduled__2025-05-01T00:00:00+00:00 [queued]>
[2025-07-25T09:53:24.532+0000] {taskinstance.py:2867} INFO - Starting attempt 1 of 1
[2025-07-25T09:53:24.545+0000] {taskinstance.py:2890} INFO - Executing <Task(PythonOperator): ddl_task.create_tables> on 2025-05-01 00:00:00+00:00
[2025-07-25T09:53:24.551+0000] {standard_task_runner.py:104} INFO - Running: ['airflow', 'tasks', 'run', 'etl_to_db', 'ddl_task.create_tables', 'scheduled__2025-05-01T00:00:00+00:00', '--job-id', '41', '--raw', '--subdir', 'DAGS_FOLDER/etl_to_db.py', '--cfg-path', '/tmp/tmp6hbxjtzc']
[2025-07-25T09:53:24.553+0000] {standard_task_runner.py:105} INFO - Job 41: Subtask ddl_task.create_tables
[2025-07-25T09:53:24.556+0000] {logging_mixin.py:190} WARNING - /home/airflow/.local/lib/python3.12/site-packages/airflow/task/task_runner/standard_task_runner.py:70 DeprecationWarning: This process (pid=1715) is multi-threaded, use of fork() may lead to deadlocks in the child.
[2025-07-25T09:53:24.557+0000] {standard_task_runner.py:72} INFO - Started process 1725 to run task
[2025-07-25T09:53:24.604+0000] {task_command.py:467} INFO - Running <TaskInstance: etl_to_db.ddl_task.create_tables scheduled__2025-05-01T00:00:00+00:00 [running]> on host 74cfddf97016
[2025-07-25T09:53:24.682+0000] {taskinstance.py:3134} INFO - Exporting env vars: AIRFLOW_CTX_DAG_OWNER='airflow' AIRFLOW_CTX_DAG_ID='etl_to_db' AIRFLOW_CTX_TASK_ID='ddl_task.create_tables' AIRFLOW_CTX_EXECUTION_DATE='2025-05-01T00:00:00+00:00' AIRFLOW_CTX_TRY_NUMBER='1' AIRFLOW_CTX_DAG_RUN_ID='scheduled__2025-05-01T00:00:00+00:00'
[2025-07-25T09:53:24.684+0000] {taskinstance.py:732} INFO - ::endgroup::
[2025-07-25T09:53:24.798+0000] {logging_mixin.py:190} INFO - SQL script executed successfully.
[2025-07-25T09:53:24.798+0000] {python.py:240} INFO - Done. Returned value was: None
[2025-07-25T09:53:24.804+0000] {taskinstance.py:341} INFO - ::group::Post task execution logs
[2025-07-25T09:53:24.805+0000] {taskinstance.py:353} INFO - Marking task as SUCCESS. dag_id=etl_to_db, task_id=ddl_task.create_tables, run_id=scheduled__2025-05-01T00:00:00+00:00, execution_date=20250501T000000, start_date=20250725T095324, end_date=20250725T095324
[2025-07-25T09:53:24.853+0000] {local_task_job_runner.py:266} INFO - Task exited with return code 0
[2025-07-25T09:53:24.869+0000] {taskinstance.py:3901} INFO - 1 downstream tasks scheduled from follow-on schedule check
[2025-07-25T09:53:24.874+0000] {local_task_job_runner.py:245} INFO - ::endgroup::
[2025-07-25T10:20:30.346+0000] {local_task_job_runner.py:123} INFO - ::group::Pre task execution logs
[2025-07-25T10:20:30.365+0000] {taskinstance.py:2614} INFO - Dependencies all met for dep_context=non-requeueable deps ti=<TaskInstance: etl_to_db.ddl_task.create_tables scheduled__2025-05-01T00:00:00+00:00 [queued]>
[2025-07-25T10:20:30.375+0000] {taskinstance.py:2614} INFO - Dependencies all met for dep_context=requeueable deps ti=<TaskInstance: etl_to_db.ddl_task.create_tables scheduled__2025-05-01T00:00:00+00:00 [queued]>
[2025-07-25T10:20:30.375+0000] {taskinstance.py:2867} INFO - Starting attempt 1 of 1
[2025-07-25T10:20:30.400+0000] {taskinstance.py:2890} INFO - Executing <Task(PythonOperator): ddl_task.create_tables> on 2025-05-01 00:00:00+00:00
[2025-07-25T10:20:30.410+0000] {standard_task_runner.py:104} INFO - Running: ['airflow', 'tasks', 'run', 'etl_to_db', 'ddl_task.create_tables', 'scheduled__2025-05-01T00:00:00+00:00', '--job-id', '56', '--raw', '--subdir', 'DAGS_FOLDER/etl_to_db.py', '--cfg-path', '/tmp/tmp68vkoyn8']
[2025-07-25T10:20:30.413+0000] {standard_task_runner.py:105} INFO - Job 56: Subtask ddl_task.create_tables
[2025-07-25T10:20:30.416+0000] {logging_mixin.py:190} WARNING - /home/airflow/.local/lib/python3.12/site-packages/airflow/task/task_runner/standard_task_runner.py:70 DeprecationWarning: This process (pid=2118) is multi-threaded, use of fork() may lead to deadlocks in the child.
[2025-07-25T10:20:30.417+0000] {standard_task_runner.py:72} INFO - Started process 2128 to run task
[2025-07-25T10:20:30.458+0000] {task_command.py:467} INFO - Running <TaskInstance: etl_to_db.ddl_task.create_tables scheduled__2025-05-01T00:00:00+00:00 [running]> on host 74cfddf97016
[2025-07-25T10:20:30.533+0000] {taskinstance.py:3134} INFO - Exporting env vars: AIRFLOW_CTX_DAG_OWNER='airflow' AIRFLOW_CTX_DAG_ID='etl_to_db' AIRFLOW_CTX_TASK_ID='ddl_task.create_tables' AIRFLOW_CTX_EXECUTION_DATE='2025-05-01T00:00:00+00:00' AIRFLOW_CTX_TRY_NUMBER='1' AIRFLOW_CTX_DAG_RUN_ID='scheduled__2025-05-01T00:00:00+00:00'
[2025-07-25T10:20:30.534+0000] {taskinstance.py:732} INFO - ::endgroup::
[2025-07-25T10:20:30.654+0000] {logging_mixin.py:190} INFO - SQL script executed successfully.
[2025-07-25T10:20:30.655+0000] {python.py:240} INFO - Done. Returned value was: None
[2025-07-25T10:20:30.660+0000] {taskinstance.py:341} INFO - ::group::Post task execution logs
[2025-07-25T10:20:30.661+0000] {taskinstance.py:353} INFO - Marking task as SUCCESS. dag_id=etl_to_db, task_id=ddl_task.create_tables, run_id=scheduled__2025-05-01T00:00:00+00:00, execution_date=20250501T000000, start_date=20250725T102030, end_date=20250725T102030
[2025-07-25T10:20:30.714+0000] {local_task_job_runner.py:266} INFO - Task exited with return code 0
[2025-07-25T10:20:30.736+0000] {taskinstance.py:3901} INFO - 1 downstream tasks scheduled from follow-on schedule check
[2025-07-25T10:20:30.742+0000] {local_task_job_runner.py:245} INFO - ::endgroup::
[2025-07-26T04:44:14.161+0000] {local_task_job_runner.py:123} INFO - ::group::Pre task execution logs
[2025-07-26T04:44:14.174+0000] {taskinstance.py:2614} INFO - Dependencies all met for dep_context=non-requeueable deps ti=<TaskInstance: etl_to_db.ddl_task.create_tables scheduled__2025-05-01T00:00:00+00:00 [queued]>
[2025-07-26T04:44:14.180+0000] {taskinstance.py:2614} INFO - Dependencies all met for dep_context=requeueable deps ti=<TaskInstance: etl_to_db.ddl_task.create_tables scheduled__2025-05-01T00:00:00+00:00 [queued]>
[2025-07-26T04:44:14.180+0000] {taskinstance.py:2867} INFO - Starting attempt 1 of 1
[2025-07-26T04:44:14.193+0000] {taskinstance.py:2890} INFO - Executing <Task(PythonOperator): ddl_task.create_tables> on 2025-05-01 00:00:00+00:00
[2025-07-26T04:44:14.198+0000] {standard_task_runner.py:104} INFO - Running: ['airflow', 'tasks', 'run', 'etl_to_db', 'ddl_task.create_tables', 'scheduled__2025-05-01T00:00:00+00:00', '--job-id', '4', '--raw', '--subdir', 'DAGS_FOLDER/etl_to_db.py', '--cfg-path', '/tmp/tmpy4kc20ac']
[2025-07-26T04:44:14.200+0000] {standard_task_runner.py:105} INFO - Job 4: Subtask ddl_task.create_tables
[2025-07-26T04:44:14.202+0000] {logging_mixin.py:190} WARNING - /home/airflow/.local/lib/python3.12/site-packages/airflow/task/task_runner/standard_task_runner.py:70 DeprecationWarning: This process (pid=257) is multi-threaded, use of fork() may lead to deadlocks in the child.
[2025-07-26T04:44:14.203+0000] {standard_task_runner.py:72} INFO - Started process 267 to run task
[2025-07-26T04:44:14.230+0000] {task_command.py:467} INFO - Running <TaskInstance: etl_to_db.ddl_task.create_tables scheduled__2025-05-01T00:00:00+00:00 [running]> on host 3bc71adbf7e0
[2025-07-26T04:44:14.280+0000] {taskinstance.py:3134} INFO - Exporting env vars: AIRFLOW_CTX_DAG_OWNER='airflow' AIRFLOW_CTX_DAG_ID='etl_to_db' AIRFLOW_CTX_TASK_ID='ddl_task.create_tables' AIRFLOW_CTX_EXECUTION_DATE='2025-05-01T00:00:00+00:00' AIRFLOW_CTX_TRY_NUMBER='1' AIRFLOW_CTX_DAG_RUN_ID='scheduled__2025-05-01T00:00:00+00:00'
[2025-07-26T04:44:14.281+0000] {taskinstance.py:732} INFO - ::endgroup::
[2025-07-26T04:44:14.362+0000] {logging_mixin.py:190} INFO - SQL script executed successfully.
[2025-07-26T04:44:14.362+0000] {python.py:240} INFO - Done. Returned value was: None
[2025-07-26T04:44:14.366+0000] {taskinstance.py:341} INFO - ::group::Post task execution logs
[2025-07-26T04:44:14.367+0000] {taskinstance.py:353} INFO - Marking task as SUCCESS. dag_id=etl_to_db, task_id=ddl_task.create_tables, run_id=scheduled__2025-05-01T00:00:00+00:00, execution_date=20250501T000000, start_date=20250726T044414, end_date=20250726T044414
[2025-07-26T04:44:14.417+0000] {local_task_job_runner.py:266} INFO - Task exited with return code 0
[2025-07-26T04:44:14.432+0000] {taskinstance.py:3901} INFO - 1 downstream tasks scheduled from follow-on schedule check
[2025-07-26T04:44:14.438+0000] {local_task_job_runner.py:245} INFO - ::endgroup::
