[2025-07-26T05:02:31.573+0000] {local_task_job_runner.py:123} INFO - ::group::Pre task execution logs
[2025-07-26T05:02:31.626+0000] {taskinstance.py:2614} INFO - Dependencies all met for dep_context=non-requeueable deps ti=<TaskInstance: elt_to_dwh.transform_task.process_news scheduled__2025-07-11T00:00:00+00:00 [queued]>
[2025-07-26T05:02:31.656+0000] {taskinstance.py:2614} INFO - Dependencies all met for dep_context=requeueable deps ti=<TaskInstance: elt_to_dwh.transform_task.process_news scheduled__2025-07-11T00:00:00+00:00 [queued]>
[2025-07-26T05:02:31.720+0000] {taskinstance.py:2867} INFO - Starting attempt 1 of 1
[2025-07-26T05:02:31.798+0000] {taskinstance.py:2890} INFO - Executing <Task(SparkSubmitOperator): transform_task.process_news> on 2025-07-11 00:00:00+00:00
[2025-07-26T05:02:31.807+0000] {standard_task_runner.py:104} INFO - Running: ['airflow', 'tasks', 'run', 'elt_to_dwh', 'transform_task.process_news', 'scheduled__2025-07-11T00:00:00+00:00', '--job-id', '65', '--raw', '--subdir', 'DAGS_FOLDER/elt_to_dwh.py', '--cfg-path', '/tmp/tmp2i9sj14_']
[2025-07-26T05:02:31.812+0000] {standard_task_runner.py:105} INFO - Job 65: Subtask transform_task.process_news
[2025-07-26T05:02:31.815+0000] {logging_mixin.py:190} WARNING - /home/airflow/.local/lib/python3.12/site-packages/airflow/task/task_runner/standard_task_runner.py:70 DeprecationWarning: This process (pid=2411) is multi-threaded, use of fork() may lead to deadlocks in the child.
[2025-07-26T05:02:31.827+0000] {standard_task_runner.py:72} INFO - Started process 2421 to run task
[2025-07-26T05:02:31.900+0000] {task_command.py:467} INFO - Running <TaskInstance: elt_to_dwh.transform_task.process_news scheduled__2025-07-11T00:00:00+00:00 [running]> on host 3bc71adbf7e0
[2025-07-26T05:02:32.007+0000] {taskinstance.py:3134} INFO - Exporting env vars: AIRFLOW_CTX_DAG_OWNER='airflow' AIRFLOW_CTX_DAG_ID='elt_to_dwh' AIRFLOW_CTX_TASK_ID='transform_task.process_news' AIRFLOW_CTX_EXECUTION_DATE='2025-07-11T00:00:00+00:00' AIRFLOW_CTX_TRY_NUMBER='1' AIRFLOW_CTX_DAG_RUN_ID='scheduled__2025-07-11T00:00:00+00:00'
[2025-07-26T05:02:32.008+0000] {taskinstance.py:732} INFO - ::endgroup::
[2025-07-26T05:02:32.034+0000] {base.py:84} INFO - Retrieving connection 'spark_conn'
[2025-07-26T05:02:32.038+0000] {spark_submit.py:351} INFO - Spark-Submit cmd: spark-submit --master spark-master:7077 --name arrow-spark /opt/airflow/scripts/elt_to_dwh/transform/process_news.py 2025-07-11
[2025-07-26T05:02:35.771+0000] {spark_submit.py:521} INFO - Execution date string: 2025-07-11
[2025-07-26T05:02:36.214+0000] {spark_submit.py:521} INFO - Reading from: s3a://stock-project-datalake/news/crawl_news-20250711.parquet
[2025-07-26T05:02:36.296+0000] {spark_submit.py:521} INFO - 25/07/26 05:02:36 INFO SparkContext: Running Spark version 3.5.6
[2025-07-26T05:02:36.298+0000] {spark_submit.py:521} INFO - 25/07/26 05:02:36 INFO SparkContext: OS info Linux, 5.15.153.1-microsoft-standard-WSL2, amd64
[2025-07-26T05:02:36.299+0000] {spark_submit.py:521} INFO - 25/07/26 05:02:36 INFO SparkContext: Java version 17.0.15
[2025-07-26T05:02:36.364+0000] {spark_submit.py:521} INFO - 25/07/26 05:02:36 WARN NativeCodeLoader: Unable to load native-hadoop library for your platform... using builtin-java classes where applicable
[2025-07-26T05:02:36.493+0000] {spark_submit.py:521} INFO - 25/07/26 05:02:36 INFO ResourceUtils: ==============================================================
[2025-07-26T05:02:36.494+0000] {spark_submit.py:521} INFO - 25/07/26 05:02:36 INFO ResourceUtils: No custom resources configured for spark.driver.
[2025-07-26T05:02:36.494+0000] {spark_submit.py:521} INFO - 25/07/26 05:02:36 INFO ResourceUtils: ==============================================================
[2025-07-26T05:02:36.495+0000] {spark_submit.py:521} INFO - 25/07/26 05:02:36 INFO SparkContext: Submitted application: process_news
[2025-07-26T05:02:36.516+0000] {spark_submit.py:521} INFO - 25/07/26 05:02:36 INFO ResourceProfile: Default ResourceProfile created, executor resources: Map(memory -> name: memory, amount: 1024, script: , vendor: , offHeap -> name: offHeap, amount: 0, script: , vendor: ), task resources: Map(cpus -> name: cpus, amount: 1.0)
[2025-07-26T05:02:36.527+0000] {spark_submit.py:521} INFO - 25/07/26 05:02:36 INFO ResourceProfile: Limiting resource is cpu
[2025-07-26T05:02:36.528+0000] {spark_submit.py:521} INFO - 25/07/26 05:02:36 INFO ResourceProfileManager: Added ResourceProfile id: 0
[2025-07-26T05:02:36.583+0000] {spark_submit.py:521} INFO - 25/07/26 05:02:36 INFO SecurityManager: Changing view acls to: airflow
[2025-07-26T05:02:36.585+0000] {spark_submit.py:521} INFO - 25/07/26 05:02:36 INFO SecurityManager: Changing modify acls to: airflow
[2025-07-26T05:02:36.586+0000] {spark_submit.py:521} INFO - 25/07/26 05:02:36 INFO SecurityManager: Changing view acls groups to:
[2025-07-26T05:02:36.587+0000] {spark_submit.py:521} INFO - 25/07/26 05:02:36 INFO SecurityManager: Changing modify acls groups to:
[2025-07-26T05:02:36.587+0000] {spark_submit.py:521} INFO - 25/07/26 05:02:36 INFO SecurityManager: SecurityManager: authentication disabled; ui acls disabled; users with view permissions: airflow; groups with view permissions: EMPTY; users with modify permissions: airflow; groups with modify permissions: EMPTY
[2025-07-26T05:02:36.853+0000] {spark_submit.py:521} INFO - 25/07/26 05:02:36 INFO Utils: Successfully started service 'sparkDriver' on port 34221.
[2025-07-26T05:02:36.888+0000] {spark_submit.py:521} INFO - 25/07/26 05:02:36 INFO SparkEnv: Registering MapOutputTracker
[2025-07-26T05:02:36.941+0000] {spark_submit.py:521} INFO - 25/07/26 05:02:36 INFO SparkEnv: Registering BlockManagerMaster
[2025-07-26T05:02:36.967+0000] {spark_submit.py:521} INFO - 25/07/26 05:02:36 INFO BlockManagerMasterEndpoint: Using org.apache.spark.storage.DefaultTopologyMapper for getting topology information
[2025-07-26T05:02:36.967+0000] {spark_submit.py:521} INFO - 25/07/26 05:02:36 INFO BlockManagerMasterEndpoint: BlockManagerMasterEndpoint up
[2025-07-26T05:02:36.971+0000] {spark_submit.py:521} INFO - 25/07/26 05:02:36 INFO SparkEnv: Registering BlockManagerMasterHeartbeat
[2025-07-26T05:02:36.996+0000] {spark_submit.py:521} INFO - 25/07/26 05:02:36 INFO DiskBlockManager: Created local directory at /tmp/blockmgr-b564e01e-a3c8-4969-8bf7-90721d581ff5
[2025-07-26T05:02:37.010+0000] {spark_submit.py:521} INFO - 25/07/26 05:02:37 INFO MemoryStore: MemoryStore started with capacity 434.4 MiB
[2025-07-26T05:02:37.030+0000] {spark_submit.py:521} INFO - 25/07/26 05:02:37 INFO SparkEnv: Registering OutputCommitCoordinator
[2025-07-26T05:02:37.159+0000] {spark_submit.py:521} INFO - 25/07/26 05:02:37 INFO JettyUtils: Start Jetty 0.0.0.0:4040 for SparkUI
[2025-07-26T05:02:37.213+0000] {spark_submit.py:521} INFO - 25/07/26 05:02:37 INFO Utils: Successfully started service 'SparkUI' on port 4040.
[2025-07-26T05:02:37.332+0000] {spark_submit.py:521} INFO - 25/07/26 05:02:37 INFO StandaloneAppClient$ClientEndpoint: Connecting to master spark://spark-master:7077...
[2025-07-26T05:02:37.375+0000] {spark_submit.py:521} INFO - 25/07/26 05:02:37 INFO TransportClientFactory: Successfully created connection to spark-master/172.18.0.5:7077 after 25 ms (0 ms spent in bootstraps)
[2025-07-26T05:02:37.477+0000] {spark_submit.py:521} INFO - 25/07/26 05:02:37 INFO StandaloneSchedulerBackend: Connected to Spark cluster with app ID app-20250726050237-0003
[2025-07-26T05:02:37.480+0000] {spark_submit.py:521} INFO - 25/07/26 05:02:37 INFO StandaloneAppClient$ClientEndpoint: Executor added: app-20250726050237-0003/0 on worker-20250726042217-172.18.0.6-40723 (172.18.0.6:40723) with 2 core(s)
[2025-07-26T05:02:37.483+0000] {spark_submit.py:521} INFO - 25/07/26 05:02:37 INFO StandaloneSchedulerBackend: Granted executor ID app-20250726050237-0003/0 on hostPort 172.18.0.6:40723 with 2 core(s), 1024.0 MiB RAM
[2025-07-26T05:02:37.498+0000] {spark_submit.py:521} INFO - 25/07/26 05:02:37 INFO Utils: Successfully started service 'org.apache.spark.network.netty.NettyBlockTransferService' on port 45781.
[2025-07-26T05:02:37.500+0000] {spark_submit.py:521} INFO - 25/07/26 05:02:37 INFO NettyBlockTransferService: Server created on 3bc71adbf7e0:45781
[2025-07-26T05:02:37.503+0000] {spark_submit.py:521} INFO - 25/07/26 05:02:37 INFO BlockManager: Using org.apache.spark.storage.RandomBlockReplicationPolicy for block replication policy
[2025-07-26T05:02:37.522+0000] {spark_submit.py:521} INFO - 25/07/26 05:02:37 INFO BlockManagerMaster: Registering BlockManager BlockManagerId(driver, 3bc71adbf7e0, 45781, None)
[2025-07-26T05:02:37.532+0000] {spark_submit.py:521} INFO - 25/07/26 05:02:37 INFO BlockManagerMasterEndpoint: Registering block manager 3bc71adbf7e0:45781 with 434.4 MiB RAM, BlockManagerId(driver, 3bc71adbf7e0, 45781, None)
[2025-07-26T05:02:37.536+0000] {spark_submit.py:521} INFO - 25/07/26 05:02:37 INFO StandaloneAppClient$ClientEndpoint: Executor updated: app-20250726050237-0003/0 is now RUNNING
[2025-07-26T05:02:37.538+0000] {spark_submit.py:521} INFO - 25/07/26 05:02:37 INFO BlockManagerMaster: Registered BlockManager BlockManagerId(driver, 3bc71adbf7e0, 45781, None)
[2025-07-26T05:02:37.540+0000] {spark_submit.py:521} INFO - 25/07/26 05:02:37 INFO BlockManager: Initialized BlockManager: BlockManagerId(driver, 3bc71adbf7e0, 45781, None)
[2025-07-26T05:02:37.868+0000] {spark_submit.py:521} INFO - 25/07/26 05:02:37 INFO StandaloneSchedulerBackend: SchedulerBackend is ready for scheduling beginning after reached minRegisteredResourcesRatio: 0.0
[2025-07-26T05:02:38.181+0000] {spark_submit.py:521} INFO - 25/07/26 05:02:38 INFO SharedState: Setting hive.metastore.warehouse.dir ('null') to the value of spark.sql.warehouse.dir.
[2025-07-26T05:02:38.193+0000] {spark_submit.py:521} INFO - 25/07/26 05:02:38 INFO SharedState: Warehouse path is 'file:/opt/airflow/spark-warehouse'.
[2025-07-26T05:02:39.771+0000] {spark_submit.py:521} INFO - 25/07/26 05:02:39 WARN MetricsConfig: Cannot locate configuration: tried hadoop-metrics2-s3a-file-system.properties,hadoop-metrics2.properties
[2025-07-26T05:02:39.805+0000] {spark_submit.py:521} INFO - 25/07/26 05:02:39 INFO MetricsSystemImpl: Scheduled Metric snapshot period at 10 second(s).
[2025-07-26T05:02:39.812+0000] {spark_submit.py:521} INFO - 25/07/26 05:02:39 INFO MetricsSystemImpl: s3a-file-system metrics system started
[2025-07-26T05:02:40.830+0000] {spark_submit.py:521} INFO - 25/07/26 05:02:40 INFO StandaloneSchedulerBackend$StandaloneDriverEndpoint: Registered executor NettyRpcEndpointRef(spark-client://Executor) (172.18.0.6:41186) with ID 0,  ResourceProfileId 0
[2025-07-26T05:02:40.917+0000] {spark_submit.py:521} INFO - 25/07/26 05:02:40 INFO BlockManagerMasterEndpoint: Registering block manager 172.18.0.6:35423 with 434.4 MiB RAM, BlockManagerId(0, 172.18.0.6, 35423, None)
[2025-07-26T05:02:41.884+0000] {spark_submit.py:521} INFO - 25/07/26 05:02:41 INFO InMemoryFileIndex: It took 192 ms to list leaf files for 1 paths.
[2025-07-26T05:02:42.275+0000] {spark_submit.py:521} INFO - 25/07/26 05:02:42 INFO SparkContext: Starting job: parquet at NativeMethodAccessorImpl.java:0
[2025-07-26T05:02:42.292+0000] {spark_submit.py:521} INFO - 25/07/26 05:02:42 INFO DAGScheduler: Got job 0 (parquet at NativeMethodAccessorImpl.java:0) with 1 output partitions
[2025-07-26T05:02:42.293+0000] {spark_submit.py:521} INFO - 25/07/26 05:02:42 INFO DAGScheduler: Final stage: ResultStage 0 (parquet at NativeMethodAccessorImpl.java:0)
[2025-07-26T05:02:42.293+0000] {spark_submit.py:521} INFO - 25/07/26 05:02:42 INFO DAGScheduler: Parents of final stage: List()
[2025-07-26T05:02:42.297+0000] {spark_submit.py:521} INFO - 25/07/26 05:02:42 INFO DAGScheduler: Missing parents: List()
[2025-07-26T05:02:42.302+0000] {spark_submit.py:521} INFO - 25/07/26 05:02:42 INFO DAGScheduler: Submitting ResultStage 0 (MapPartitionsRDD[1] at parquet at NativeMethodAccessorImpl.java:0), which has no missing parents
[2025-07-26T05:02:42.364+0000] {spark_submit.py:521} INFO - 25/07/26 05:02:42 INFO MemoryStore: Block broadcast_0 stored as values in memory (estimated size 104.6 KiB, free 434.3 MiB)
[2025-07-26T05:02:42.398+0000] {spark_submit.py:521} INFO - 25/07/26 05:02:42 INFO MemoryStore: Block broadcast_0_piece0 stored as bytes in memory (estimated size 38.1 KiB, free 434.3 MiB)
[2025-07-26T05:02:42.401+0000] {spark_submit.py:521} INFO - 25/07/26 05:02:42 INFO BlockManagerInfo: Added broadcast_0_piece0 in memory on 3bc71adbf7e0:45781 (size: 38.1 KiB, free: 434.4 MiB)
[2025-07-26T05:02:42.406+0000] {spark_submit.py:521} INFO - 25/07/26 05:02:42 INFO SparkContext: Created broadcast 0 from broadcast at DAGScheduler.scala:1611
[2025-07-26T05:02:42.430+0000] {spark_submit.py:521} INFO - 25/07/26 05:02:42 INFO DAGScheduler: Submitting 1 missing tasks from ResultStage 0 (MapPartitionsRDD[1] at parquet at NativeMethodAccessorImpl.java:0) (first 15 tasks are for partitions Vector(0))
[2025-07-26T05:02:42.431+0000] {spark_submit.py:521} INFO - 25/07/26 05:02:42 INFO TaskSchedulerImpl: Adding task set 0.0 with 1 tasks resource profile 0
[2025-07-26T05:02:42.461+0000] {spark_submit.py:521} INFO - 25/07/26 05:02:42 INFO TaskSetManager: Starting task 0.0 in stage 0.0 (TID 0) (172.18.0.6, executor 0, partition 0, PROCESS_LOCAL, 9159 bytes)
[2025-07-26T05:02:42.746+0000] {spark_submit.py:521} INFO - 25/07/26 05:02:42 INFO BlockManagerInfo: Added broadcast_0_piece0 in memory on 172.18.0.6:35423 (size: 38.1 KiB, free: 434.4 MiB)
[2025-07-26T05:02:45.177+0000] {spark_submit.py:521} INFO - 25/07/26 05:02:45 INFO TaskSetManager: Finished task 0.0 in stage 0.0 (TID 0) in 2727 ms on 172.18.0.6 (executor 0) (1/1)
[2025-07-26T05:02:45.179+0000] {spark_submit.py:521} INFO - 25/07/26 05:02:45 INFO TaskSchedulerImpl: Removed TaskSet 0.0, whose tasks have all completed, from pool
[2025-07-26T05:02:45.183+0000] {spark_submit.py:521} INFO - 25/07/26 05:02:45 INFO DAGScheduler: ResultStage 0 (parquet at NativeMethodAccessorImpl.java:0) finished in 2.865 s
[2025-07-26T05:02:45.186+0000] {spark_submit.py:521} INFO - 25/07/26 05:02:45 INFO DAGScheduler: Job 0 is finished. Cancelling potential speculative or zombie tasks for this job
[2025-07-26T05:02:45.187+0000] {spark_submit.py:521} INFO - 25/07/26 05:02:45 INFO TaskSchedulerImpl: Killing all running tasks in stage 0: Stage finished
[2025-07-26T05:02:45.188+0000] {spark_submit.py:521} INFO - 25/07/26 05:02:45 INFO DAGScheduler: Job 0 finished: parquet at NativeMethodAccessorImpl.java:0, took 2.912441 s
[2025-07-26T05:02:45.404+0000] {spark_submit.py:521} INFO - 25/07/26 05:02:45 INFO BlockManagerInfo: Removed broadcast_0_piece0 on 3bc71adbf7e0:45781 in memory (size: 38.1 KiB, free: 434.4 MiB)
[2025-07-26T05:02:45.412+0000] {spark_submit.py:521} INFO - 25/07/26 05:02:45 INFO BlockManagerInfo: Removed broadcast_0_piece0 on 172.18.0.6:35423 in memory (size: 38.1 KiB, free: 434.4 MiB)
[2025-07-26T05:02:45.863+0000] {spark_submit.py:521} INFO - DataFrame loaded from Parquet:
[2025-07-26T05:02:45.880+0000] {spark_submit.py:521} INFO - root
[2025-07-26T05:02:45.881+0000] {spark_submit.py:521} INFO - |-- title: string (nullable = true)
[2025-07-26T05:02:45.881+0000] {spark_submit.py:521} INFO - |-- url: string (nullable = true)
[2025-07-26T05:02:45.882+0000] {spark_submit.py:521} INFO - |-- time_published: string (nullable = true)
[2025-07-26T05:02:45.882+0000] {spark_submit.py:521} INFO - |-- authors: array (nullable = true)
[2025-07-26T05:02:45.882+0000] {spark_submit.py:521} INFO - |    |-- element: string (containsNull = true)
[2025-07-26T05:02:45.883+0000] {spark_submit.py:521} INFO - |-- summary: string (nullable = true)
[2025-07-26T05:02:45.883+0000] {spark_submit.py:521} INFO - |-- banner_image: string (nullable = true)
[2025-07-26T05:02:45.884+0000] {spark_submit.py:521} INFO - |-- source: string (nullable = true)
[2025-07-26T05:02:45.884+0000] {spark_submit.py:521} INFO - |-- category_within_source: string (nullable = true)
[2025-07-26T05:02:45.884+0000] {spark_submit.py:521} INFO - |-- source_domain: string (nullable = true)
[2025-07-26T05:02:45.885+0000] {spark_submit.py:521} INFO - |-- topics: array (nullable = true)
[2025-07-26T05:02:45.885+0000] {spark_submit.py:521} INFO - |    |-- element: struct (containsNull = true)
[2025-07-26T05:02:45.885+0000] {spark_submit.py:521} INFO - |    |    |-- topic: string (nullable = true)
[2025-07-26T05:02:45.886+0000] {spark_submit.py:521} INFO - |    |    |-- relevance_score: string (nullable = true)
[2025-07-26T05:02:45.886+0000] {spark_submit.py:521} INFO - |-- overall_sentiment_score: double (nullable = true)
[2025-07-26T05:02:45.887+0000] {spark_submit.py:521} INFO - |-- overall_sentiment_label: string (nullable = true)
[2025-07-26T05:02:45.887+0000] {spark_submit.py:521} INFO - |-- ticker_sentiment: array (nullable = true)
[2025-07-26T05:02:45.887+0000] {spark_submit.py:521} INFO - |    |-- element: struct (containsNull = true)
[2025-07-26T05:02:45.888+0000] {spark_submit.py:521} INFO - |    |    |-- ticker: string (nullable = true)
[2025-07-26T05:02:45.888+0000] {spark_submit.py:521} INFO - |    |    |-- relevance_score: string (nullable = true)
[2025-07-26T05:02:45.888+0000] {spark_submit.py:521} INFO - |    |    |-- ticker_sentiment_score: string (nullable = true)
[2025-07-26T05:02:45.889+0000] {spark_submit.py:521} INFO - |    |    |-- ticker_sentiment_label: string (nullable = true)
[2025-07-26T05:02:45.889+0000] {spark_submit.py:521} INFO - 
[2025-07-26T05:02:46.270+0000] {spark_submit.py:521} INFO - 25/07/26 05:02:46 INFO FileSourceStrategy: Pushed Filters:
[2025-07-26T05:02:46.271+0000] {spark_submit.py:521} INFO - 25/07/26 05:02:46 INFO FileSourceStrategy: Post-Scan Filters:
[2025-07-26T05:02:46.810+0000] {spark_submit.py:521} INFO - 25/07/26 05:02:46 INFO CodeGenerator: Code generated in 299.326299 ms
[2025-07-26T05:02:46.851+0000] {spark_submit.py:521} INFO - 25/07/26 05:02:46 INFO MemoryStore: Block broadcast_1 stored as values in memory (estimated size 213.5 KiB, free 434.2 MiB)
[2025-07-26T05:02:46.867+0000] {spark_submit.py:521} INFO - 25/07/26 05:02:46 INFO MemoryStore: Block broadcast_1_piece0 stored as bytes in memory (estimated size 36.5 KiB, free 434.2 MiB)
[2025-07-26T05:02:46.868+0000] {spark_submit.py:521} INFO - 25/07/26 05:02:46 INFO BlockManagerInfo: Added broadcast_1_piece0 in memory on 3bc71adbf7e0:45781 (size: 36.5 KiB, free: 434.4 MiB)
[2025-07-26T05:02:46.870+0000] {spark_submit.py:521} INFO - 25/07/26 05:02:46 INFO SparkContext: Created broadcast 1 from showString at NativeMethodAccessorImpl.java:0
[2025-07-26T05:02:46.889+0000] {spark_submit.py:521} INFO - 25/07/26 05:02:46 INFO FileSourceScanExec: Planning scan with bin packing, max size: 4194304 bytes, open cost is considered as scanning 4194304 bytes.
[2025-07-26T05:02:46.945+0000] {spark_submit.py:521} INFO - 25/07/26 05:02:46 INFO SparkContext: Starting job: showString at NativeMethodAccessorImpl.java:0
[2025-07-26T05:02:46.947+0000] {spark_submit.py:521} INFO - 25/07/26 05:02:46 INFO DAGScheduler: Got job 1 (showString at NativeMethodAccessorImpl.java:0) with 1 output partitions
[2025-07-26T05:02:46.947+0000] {spark_submit.py:521} INFO - 25/07/26 05:02:46 INFO DAGScheduler: Final stage: ResultStage 1 (showString at NativeMethodAccessorImpl.java:0)
[2025-07-26T05:02:46.948+0000] {spark_submit.py:521} INFO - 25/07/26 05:02:46 INFO DAGScheduler: Parents of final stage: List()
[2025-07-26T05:02:46.948+0000] {spark_submit.py:521} INFO - 25/07/26 05:02:46 INFO DAGScheduler: Missing parents: List()
[2025-07-26T05:02:46.949+0000] {spark_submit.py:521} INFO - 25/07/26 05:02:46 INFO DAGScheduler: Submitting ResultStage 1 (MapPartitionsRDD[5] at showString at NativeMethodAccessorImpl.java:0), which has no missing parents
[2025-07-26T05:02:46.982+0000] {spark_submit.py:521} INFO - 25/07/26 05:02:46 INFO MemoryStore: Block broadcast_2 stored as values in memory (estimated size 28.9 KiB, free 434.1 MiB)
[2025-07-26T05:02:46.986+0000] {spark_submit.py:521} INFO - 25/07/26 05:02:46 INFO MemoryStore: Block broadcast_2_piece0 stored as bytes in memory (estimated size 9.3 KiB, free 434.1 MiB)
[2025-07-26T05:02:46.988+0000] {spark_submit.py:521} INFO - 25/07/26 05:02:46 INFO BlockManagerInfo: Added broadcast_2_piece0 in memory on 3bc71adbf7e0:45781 (size: 9.3 KiB, free: 434.4 MiB)
[2025-07-26T05:02:46.989+0000] {spark_submit.py:521} INFO - 25/07/26 05:02:46 INFO SparkContext: Created broadcast 2 from broadcast at DAGScheduler.scala:1611
[2025-07-26T05:02:46.990+0000] {spark_submit.py:521} INFO - 25/07/26 05:02:46 INFO DAGScheduler: Submitting 1 missing tasks from ResultStage 1 (MapPartitionsRDD[5] at showString at NativeMethodAccessorImpl.java:0) (first 15 tasks are for partitions Vector(0))
[2025-07-26T05:02:46.991+0000] {spark_submit.py:521} INFO - 25/07/26 05:02:46 INFO TaskSchedulerImpl: Adding task set 1.0 with 1 tasks resource profile 0
[2025-07-26T05:02:46.998+0000] {spark_submit.py:521} INFO - 25/07/26 05:02:46 INFO TaskSetManager: Starting task 0.0 in stage 1.0 (TID 1) (172.18.0.6, executor 0, partition 0, PROCESS_LOCAL, 9627 bytes)
[2025-07-26T05:02:47.045+0000] {spark_submit.py:521} INFO - 25/07/26 05:02:47 INFO BlockManagerInfo: Added broadcast_2_piece0 in memory on 172.18.0.6:35423 (size: 9.3 KiB, free: 434.4 MiB)
[2025-07-26T05:02:47.763+0000] {spark_submit.py:521} INFO - 25/07/26 05:02:47 INFO BlockManagerInfo: Added broadcast_1_piece0 in memory on 172.18.0.6:35423 (size: 36.5 KiB, free: 434.4 MiB)
[2025-07-26T05:02:48.845+0000] {spark_submit.py:521} INFO - 25/07/26 05:02:48 INFO TaskSetManager: Finished task 0.0 in stage 1.0 (TID 1) in 1852 ms on 172.18.0.6 (executor 0) (1/1)
[2025-07-26T05:02:48.846+0000] {spark_submit.py:521} INFO - 25/07/26 05:02:48 INFO TaskSchedulerImpl: Removed TaskSet 1.0, whose tasks have all completed, from pool
[2025-07-26T05:02:48.847+0000] {spark_submit.py:521} INFO - 25/07/26 05:02:48 INFO DAGScheduler: ResultStage 1 (showString at NativeMethodAccessorImpl.java:0) finished in 1.896 s
[2025-07-26T05:02:48.848+0000] {spark_submit.py:521} INFO - 25/07/26 05:02:48 INFO DAGScheduler: Job 1 is finished. Cancelling potential speculative or zombie tasks for this job
[2025-07-26T05:02:48.848+0000] {spark_submit.py:521} INFO - 25/07/26 05:02:48 INFO TaskSchedulerImpl: Killing all running tasks in stage 1: Stage finished
[2025-07-26T05:02:48.849+0000] {spark_submit.py:521} INFO - 25/07/26 05:02:48 INFO DAGScheduler: Job 1 finished: showString at NativeMethodAccessorImpl.java:0, took 1.902989 s
[2025-07-26T05:02:49.034+0000] {spark_submit.py:521} INFO - 25/07/26 05:02:49 INFO BlockManagerInfo: Removed broadcast_2_piece0 on 3bc71adbf7e0:45781 in memory (size: 9.3 KiB, free: 434.4 MiB)
[2025-07-26T05:02:49.037+0000] {spark_submit.py:521} INFO - 25/07/26 05:02:49 INFO BlockManagerInfo: Removed broadcast_2_piece0 on 172.18.0.6:35423 in memory (size: 9.3 KiB, free: 434.4 MiB)
[2025-07-26T05:02:49.744+0000] {spark_submit.py:521} INFO - 25/07/26 05:02:49 INFO CodeGenerator: Code generated in 26.509043 ms
[2025-07-26T05:02:49.755+0000] {spark_submit.py:521} INFO - +--------------------+--------------------+---------------+-------------------+--------------------+--------------------+----------------+----------------------+-----------------+--------------------+-----------------------+-----------------------+--------------------+
[2025-07-26T05:02:49.756+0000] {spark_submit.py:521} INFO - |               title|                 url| time_published|            authors|             summary|        banner_image|          source|category_within_source|    source_domain|              topics|overall_sentiment_score|overall_sentiment_label|    ticker_sentiment|
[2025-07-26T05:02:49.756+0000] {spark_submit.py:521} INFO - +--------------------+--------------------+---------------+-------------------+--------------------+--------------------+----------------+----------------------+-----------------+--------------------+-----------------------+-----------------------+--------------------+
[2025-07-26T05:02:49.757+0000] {spark_submit.py:521} INFO - |$100 Invested In ...|https://www.benzi...|20250711T234515|[Benzinga Insights]|Insmed INSM has o...|https://cdn.benzi...|        Benzinga|               Trading| www.benzinga.com|[{Life Sciences, ...|               0.181243|       Somewhat-Bullish|[{INSM, 0.971845,...|
[2025-07-26T05:02:49.757+0000] {spark_submit.py:521} INFO - |Q2 Earnings Seaso...|https://www.zacks...|20250711T233600|      [Sheraz Mian]|We may not receiv...|https://staticx-t...|Zacks Commentary|                   n/a|    www.zacks.com|[{Earnings, 1.0},...|               0.083188|                Neutral|[{NFLX, 0.204763,...|
[2025-07-26T05:02:49.758+0000] {spark_submit.py:521} INFO - |$100 Invested In ...|https://www.benzi...|20250711T233015|[Benzinga Insights]|IBM IBM has outpe...|https://cdn.benzi...|        Benzinga|               Trading| www.benzinga.com|[{Financial Marke...|               0.181243|       Somewhat-Bullish|                  []|
[2025-07-26T05:02:49.759+0000] {spark_submit.py:521} INFO - |Bitcoin surge tri...|https://www.benzi...|20250711T233000|   [Globe Newswire]|Los Angeles, CA, ...|https://www.benzi...|        Benzinga|                  News| www.benzinga.com|[{Finance, 1.0}, ...|               0.461356|                Bullish|[{COIN, 0.097062,...|
[2025-07-26T05:02:49.759+0000] {spark_submit.py:521} INFO - |Bitcoin Christmas...|https://cointeleg...|20250711T232312|[Biraajmaan Tamuly]|Bitcoin's parabol...|https://s3.cointe...|   Cointelegraph|                   n/a|cointelegraph.com|[{Economy - Monet...|               0.199136|       Somewhat-Bullish|[{FOREX:USD, 0.06...|
[2025-07-26T05:02:49.760+0000] {spark_submit.py:521} INFO - +--------------------+--------------------+---------------+-------------------+--------------------+--------------------+----------------+----------------------+-----------------+--------------------+-----------------------+-----------------------+--------------------+
[2025-07-26T05:02:49.762+0000] {spark_submit.py:521} INFO - only showing top 5 rows
[2025-07-26T05:02:49.762+0000] {spark_submit.py:521} INFO - 
[2025-07-26T05:02:49.866+0000] {spark_submit.py:521} INFO - Topics DataFrame:
[2025-07-26T05:02:50.038+0000] {spark_submit.py:521} INFO - 25/07/26 05:02:50 INFO FileSourceStrategy: Pushed Filters:
[2025-07-26T05:02:50.038+0000] {spark_submit.py:521} INFO - 25/07/26 05:02:50 INFO FileSourceStrategy: Post-Scan Filters: (size(topics#9.topic, true) > 0),isnotnull(topics#9.topic)
[2025-07-26T05:02:50.249+0000] {spark_submit.py:521} INFO - 25/07/26 05:02:50 INFO CodeGenerator: Code generated in 80.491682 ms
[2025-07-26T05:02:50.255+0000] {spark_submit.py:521} INFO - 25/07/26 05:02:50 INFO MemoryStore: Block broadcast_3 stored as values in memory (estimated size 210.9 KiB, free 433.9 MiB)
[2025-07-26T05:02:50.264+0000] {spark_submit.py:521} INFO - 25/07/26 05:02:50 INFO MemoryStore: Block broadcast_3_piece0 stored as bytes in memory (estimated size 35.9 KiB, free 433.9 MiB)
[2025-07-26T05:02:50.265+0000] {spark_submit.py:521} INFO - 25/07/26 05:02:50 INFO BlockManagerInfo: Added broadcast_3_piece0 in memory on 3bc71adbf7e0:45781 (size: 35.9 KiB, free: 434.3 MiB)
[2025-07-26T05:02:50.266+0000] {spark_submit.py:521} INFO - 25/07/26 05:02:50 INFO SparkContext: Created broadcast 3 from showString at NativeMethodAccessorImpl.java:0
[2025-07-26T05:02:50.268+0000] {spark_submit.py:521} INFO - 25/07/26 05:02:50 INFO FileSourceScanExec: Planning scan with bin packing, max size: 4194304 bytes, open cost is considered as scanning 4194304 bytes.
[2025-07-26T05:02:50.311+0000] {spark_submit.py:521} INFO - 25/07/26 05:02:50 INFO BlockManagerInfo: Removed broadcast_1_piece0 on 3bc71adbf7e0:45781 in memory (size: 36.5 KiB, free: 434.4 MiB)
[2025-07-26T05:02:50.314+0000] {spark_submit.py:521} INFO - 25/07/26 05:02:50 INFO BlockManagerInfo: Removed broadcast_1_piece0 on 172.18.0.6:35423 in memory (size: 36.5 KiB, free: 434.4 MiB)
[2025-07-26T05:02:50.339+0000] {spark_submit.py:521} INFO - 25/07/26 05:02:50 INFO DAGScheduler: Registering RDD 9 (showString at NativeMethodAccessorImpl.java:0) as input to shuffle 0
[2025-07-26T05:02:50.344+0000] {spark_submit.py:521} INFO - 25/07/26 05:02:50 INFO DAGScheduler: Got map stage job 2 (showString at NativeMethodAccessorImpl.java:0) with 1 output partitions
[2025-07-26T05:02:50.344+0000] {spark_submit.py:521} INFO - 25/07/26 05:02:50 INFO DAGScheduler: Final stage: ShuffleMapStage 2 (showString at NativeMethodAccessorImpl.java:0)
[2025-07-26T05:02:50.345+0000] {spark_submit.py:521} INFO - 25/07/26 05:02:50 INFO DAGScheduler: Parents of final stage: List()
[2025-07-26T05:02:50.346+0000] {spark_submit.py:521} INFO - 25/07/26 05:02:50 INFO DAGScheduler: Missing parents: List()
[2025-07-26T05:02:50.347+0000] {spark_submit.py:521} INFO - 25/07/26 05:02:50 INFO DAGScheduler: Submitting ShuffleMapStage 2 (MapPartitionsRDD[9] at showString at NativeMethodAccessorImpl.java:0), which has no missing parents
[2025-07-26T05:02:50.361+0000] {spark_submit.py:521} INFO - 25/07/26 05:02:50 INFO MemoryStore: Block broadcast_4 stored as values in memory (estimated size 45.1 KiB, free 434.1 MiB)
[2025-07-26T05:02:50.367+0000] {spark_submit.py:521} INFO - 25/07/26 05:02:50 INFO MemoryStore: Block broadcast_4_piece0 stored as bytes in memory (estimated size 19.3 KiB, free 434.1 MiB)
[2025-07-26T05:02:50.370+0000] {spark_submit.py:521} INFO - 25/07/26 05:02:50 INFO BlockManagerInfo: Added broadcast_4_piece0 in memory on 3bc71adbf7e0:45781 (size: 19.3 KiB, free: 434.3 MiB)
[2025-07-26T05:02:50.371+0000] {spark_submit.py:521} INFO - 25/07/26 05:02:50 INFO SparkContext: Created broadcast 4 from broadcast at DAGScheduler.scala:1611
[2025-07-26T05:02:50.372+0000] {spark_submit.py:521} INFO - 25/07/26 05:02:50 INFO DAGScheduler: Submitting 1 missing tasks from ShuffleMapStage 2 (MapPartitionsRDD[9] at showString at NativeMethodAccessorImpl.java:0) (first 15 tasks are for partitions Vector(0))
[2025-07-26T05:02:50.373+0000] {spark_submit.py:521} INFO - 25/07/26 05:02:50 INFO TaskSchedulerImpl: Adding task set 2.0 with 1 tasks resource profile 0
[2025-07-26T05:02:50.375+0000] {spark_submit.py:521} INFO - 25/07/26 05:02:50 INFO TaskSetManager: Starting task 0.0 in stage 2.0 (TID 2) (172.18.0.6, executor 0, partition 0, PROCESS_LOCAL, 9616 bytes)
[2025-07-26T05:02:50.397+0000] {spark_submit.py:521} INFO - 25/07/26 05:02:50 INFO BlockManagerInfo: Added broadcast_4_piece0 in memory on 172.18.0.6:35423 (size: 19.3 KiB, free: 434.4 MiB)
[2025-07-26T05:02:50.793+0000] {spark_submit.py:521} INFO - 25/07/26 05:02:50 INFO BlockManagerInfo: Added broadcast_3_piece0 in memory on 172.18.0.6:35423 (size: 35.9 KiB, free: 434.3 MiB)
[2025-07-26T05:02:51.478+0000] {spark_submit.py:521} INFO - 25/07/26 05:02:51 INFO TaskSetManager: Finished task 0.0 in stage 2.0 (TID 2) in 1104 ms on 172.18.0.6 (executor 0) (1/1)
[2025-07-26T05:02:51.479+0000] {spark_submit.py:521} INFO - 25/07/26 05:02:51 INFO TaskSchedulerImpl: Removed TaskSet 2.0, whose tasks have all completed, from pool
[2025-07-26T05:02:51.480+0000] {spark_submit.py:521} INFO - 25/07/26 05:02:51 INFO DAGScheduler: ShuffleMapStage 2 (showString at NativeMethodAccessorImpl.java:0) finished in 1.130 s
[2025-07-26T05:02:51.481+0000] {spark_submit.py:521} INFO - 25/07/26 05:02:51 INFO DAGScheduler: looking for newly runnable stages
[2025-07-26T05:02:51.482+0000] {spark_submit.py:521} INFO - 25/07/26 05:02:51 INFO DAGScheduler: running: Set()
[2025-07-26T05:02:51.482+0000] {spark_submit.py:521} INFO - 25/07/26 05:02:51 INFO DAGScheduler: waiting: Set()
[2025-07-26T05:02:51.483+0000] {spark_submit.py:521} INFO - 25/07/26 05:02:51 INFO DAGScheduler: failed: Set()
[2025-07-26T05:02:51.504+0000] {spark_submit.py:521} INFO - 25/07/26 05:02:51 INFO ShufflePartitionsUtil: For shuffle(0), advisory target size: 67108864, actual target size 1048576, minimum partition size: 1048576
[2025-07-26T05:02:51.559+0000] {spark_submit.py:521} INFO - 25/07/26 05:02:51 INFO CodeGenerator: Code generated in 31.248401 ms
[2025-07-26T05:02:51.606+0000] {spark_submit.py:521} INFO - 25/07/26 05:02:51 INFO SparkContext: Starting job: showString at NativeMethodAccessorImpl.java:0
[2025-07-26T05:02:51.608+0000] {spark_submit.py:521} INFO - 25/07/26 05:02:51 INFO DAGScheduler: Got job 3 (showString at NativeMethodAccessorImpl.java:0) with 1 output partitions
[2025-07-26T05:02:51.609+0000] {spark_submit.py:521} INFO - 25/07/26 05:02:51 INFO DAGScheduler: Final stage: ResultStage 4 (showString at NativeMethodAccessorImpl.java:0)
[2025-07-26T05:02:51.610+0000] {spark_submit.py:521} INFO - 25/07/26 05:02:51 INFO DAGScheduler: Parents of final stage: List(ShuffleMapStage 3)
[2025-07-26T05:02:51.610+0000] {spark_submit.py:521} INFO - 25/07/26 05:02:51 INFO DAGScheduler: Missing parents: List()
[2025-07-26T05:02:51.611+0000] {spark_submit.py:521} INFO - 25/07/26 05:02:51 INFO DAGScheduler: Submitting ResultStage 4 (MapPartitionsRDD[12] at showString at NativeMethodAccessorImpl.java:0), which has no missing parents
[2025-07-26T05:02:51.627+0000] {spark_submit.py:521} INFO - 25/07/26 05:02:51 INFO MemoryStore: Block broadcast_5 stored as values in memory (estimated size 45.4 KiB, free 434.1 MiB)
[2025-07-26T05:02:51.630+0000] {spark_submit.py:521} INFO - 25/07/26 05:02:51 INFO MemoryStore: Block broadcast_5_piece0 stored as bytes in memory (estimated size 20.3 KiB, free 434.0 MiB)
[2025-07-26T05:02:51.631+0000] {spark_submit.py:521} INFO - 25/07/26 05:02:51 INFO BlockManagerInfo: Added broadcast_5_piece0 in memory on 3bc71adbf7e0:45781 (size: 20.3 KiB, free: 434.3 MiB)
[2025-07-26T05:02:51.632+0000] {spark_submit.py:521} INFO - 25/07/26 05:02:51 INFO SparkContext: Created broadcast 5 from broadcast at DAGScheduler.scala:1611
[2025-07-26T05:02:51.633+0000] {spark_submit.py:521} INFO - 25/07/26 05:02:51 INFO DAGScheduler: Submitting 1 missing tasks from ResultStage 4 (MapPartitionsRDD[12] at showString at NativeMethodAccessorImpl.java:0) (first 15 tasks are for partitions Vector(0))
[2025-07-26T05:02:51.634+0000] {spark_submit.py:521} INFO - 25/07/26 05:02:51 INFO TaskSchedulerImpl: Adding task set 4.0 with 1 tasks resource profile 0
[2025-07-26T05:02:51.639+0000] {spark_submit.py:521} INFO - 25/07/26 05:02:51 INFO TaskSetManager: Starting task 0.0 in stage 4.0 (TID 3) (172.18.0.6, executor 0, partition 0, NODE_LOCAL, 9003 bytes)
[2025-07-26T05:02:51.664+0000] {spark_submit.py:521} INFO - 25/07/26 05:02:51 INFO BlockManagerInfo: Added broadcast_5_piece0 in memory on 172.18.0.6:35423 (size: 20.3 KiB, free: 434.3 MiB)
[2025-07-26T05:02:51.717+0000] {spark_submit.py:521} INFO - 25/07/26 05:02:51 INFO MapOutputTrackerMasterEndpoint: Asked to send map output locations for shuffle 0 to 172.18.0.6:41186
[2025-07-26T05:02:51.881+0000] {spark_submit.py:521} INFO - 25/07/26 05:02:51 INFO TaskSetManager: Finished task 0.0 in stage 4.0 (TID 3) in 244 ms on 172.18.0.6 (executor 0) (1/1)
[2025-07-26T05:02:51.882+0000] {spark_submit.py:521} INFO - 25/07/26 05:02:51 INFO TaskSchedulerImpl: Removed TaskSet 4.0, whose tasks have all completed, from pool
[2025-07-26T05:02:51.884+0000] {spark_submit.py:521} INFO - 25/07/26 05:02:51 INFO DAGScheduler: ResultStage 4 (showString at NativeMethodAccessorImpl.java:0) finished in 0.260 s
[2025-07-26T05:02:51.885+0000] {spark_submit.py:521} INFO - 25/07/26 05:02:51 INFO DAGScheduler: Job 3 is finished. Cancelling potential speculative or zombie tasks for this job
[2025-07-26T05:02:51.886+0000] {spark_submit.py:521} INFO - 25/07/26 05:02:51 INFO TaskSchedulerImpl: Killing all running tasks in stage 4: Stage finished
[2025-07-26T05:02:51.888+0000] {spark_submit.py:521} INFO - 25/07/26 05:02:51 INFO DAGScheduler: Job 3 finished: showString at NativeMethodAccessorImpl.java:0, took 0.281518 s
[2025-07-26T05:02:51.906+0000] {spark_submit.py:521} INFO - 25/07/26 05:02:51 INFO CodeGenerator: Code generated in 12.252267 ms
[2025-07-26T05:02:51.909+0000] {spark_submit.py:521} INFO - +--------------------+
[2025-07-26T05:02:51.909+0000] {spark_submit.py:521} INFO - |                name|
[2025-07-26T05:02:51.910+0000] {spark_submit.py:521} INFO - +--------------------+
[2025-07-26T05:02:51.911+0000] {spark_submit.py:521} INFO - |                 IPO|
[2025-07-26T05:02:51.912+0000] {spark_submit.py:521} INFO - |    Economy - Fiscal|
[2025-07-26T05:02:51.912+0000] {spark_submit.py:521} INFO - |     Economy - Macro|
[2025-07-26T05:02:51.913+0000] {spark_submit.py:521} INFO - |             Finance|
[2025-07-26T05:02:51.913+0000] {spark_submit.py:521} INFO - |            Earnings|
[2025-07-26T05:02:51.914+0000] {spark_submit.py:521} INFO - |Real Estate & Con...|
[2025-07-26T05:02:51.914+0000] {spark_submit.py:521} INFO - |  Retail & Wholesale|
[2025-07-26T05:02:51.915+0000] {spark_submit.py:521} INFO - |Energy & Transpor...|
[2025-07-26T05:02:51.915+0000] {spark_submit.py:521} INFO - |          Technology|
[2025-07-26T05:02:51.916+0000] {spark_submit.py:521} INFO - |   Financial Markets|
[2025-07-26T05:02:51.917+0000] {spark_submit.py:521} INFO - |  Economy - Monetary|
[2025-07-26T05:02:51.917+0000] {spark_submit.py:521} INFO - |Mergers & Acquisi...|
[2025-07-26T05:02:51.918+0000] {spark_submit.py:521} INFO - |       Manufacturing|
[2025-07-26T05:02:51.918+0000] {spark_submit.py:521} INFO - |       Life Sciences|
[2025-07-26T05:02:51.919+0000] {spark_submit.py:521} INFO - |          Blockchain|
[2025-07-26T05:02:51.919+0000] {spark_submit.py:521} INFO - +--------------------+
[2025-07-26T05:02:51.920+0000] {spark_submit.py:521} INFO - 
[2025-07-26T05:02:52.549+0000] {spark_submit.py:521} INFO - 25/07/26 05:02:52 INFO FileSourceStrategy: Pushed Filters:
[2025-07-26T05:02:52.550+0000] {spark_submit.py:521} INFO - 25/07/26 05:02:52 INFO FileSourceStrategy: Post-Scan Filters: (size(topics#9.topic, true) > 0),isnotnull(topics#9.topic)
[2025-07-26T05:02:52.583+0000] {spark_submit.py:521} INFO - 25/07/26 05:02:52 INFO MemoryStore: Block broadcast_6 stored as values in memory (estimated size 210.9 KiB, free 433.8 MiB)
[2025-07-26T05:02:52.591+0000] {spark_submit.py:521} INFO - 25/07/26 05:02:52 INFO MemoryStore: Block broadcast_6_piece0 stored as bytes in memory (estimated size 35.9 KiB, free 433.8 MiB)
[2025-07-26T05:02:52.592+0000] {spark_submit.py:521} INFO - 25/07/26 05:02:52 INFO BlockManagerInfo: Added broadcast_6_piece0 in memory on 3bc71adbf7e0:45781 (size: 35.9 KiB, free: 434.3 MiB)
[2025-07-26T05:02:52.593+0000] {spark_submit.py:521} INFO - 25/07/26 05:02:52 INFO SparkContext: Created broadcast 6 from toPandas at /opt/airflow/scripts/elt_to_dwh/transform/process_news.py:63
[2025-07-26T05:02:52.595+0000] {spark_submit.py:521} INFO - 25/07/26 05:02:52 INFO FileSourceScanExec: Planning scan with bin packing, max size: 4194304 bytes, open cost is considered as scanning 4194304 bytes.
[2025-07-26T05:02:52.603+0000] {spark_submit.py:521} INFO - 25/07/26 05:02:52 INFO DAGScheduler: Registering RDD 16 (toPandas at /opt/airflow/scripts/elt_to_dwh/transform/process_news.py:63) as input to shuffle 1
[2025-07-26T05:02:52.603+0000] {spark_submit.py:521} INFO - 25/07/26 05:02:52 INFO DAGScheduler: Got map stage job 4 (toPandas at /opt/airflow/scripts/elt_to_dwh/transform/process_news.py:63) with 1 output partitions
[2025-07-26T05:02:52.604+0000] {spark_submit.py:521} INFO - 25/07/26 05:02:52 INFO DAGScheduler: Final stage: ShuffleMapStage 5 (toPandas at /opt/airflow/scripts/elt_to_dwh/transform/process_news.py:63)
[2025-07-26T05:02:52.604+0000] {spark_submit.py:521} INFO - 25/07/26 05:02:52 INFO DAGScheduler: Parents of final stage: List()
[2025-07-26T05:02:52.605+0000] {spark_submit.py:521} INFO - 25/07/26 05:02:52 INFO DAGScheduler: Missing parents: List()
[2025-07-26T05:02:52.606+0000] {spark_submit.py:521} INFO - 25/07/26 05:02:52 INFO DAGScheduler: Submitting ShuffleMapStage 5 (MapPartitionsRDD[16] at toPandas at /opt/airflow/scripts/elt_to_dwh/transform/process_news.py:63), which has no missing parents
[2025-07-26T05:02:52.608+0000] {spark_submit.py:521} INFO - 25/07/26 05:02:52 INFO MemoryStore: Block broadcast_7 stored as values in memory (estimated size 45.1 KiB, free 433.7 MiB)
[2025-07-26T05:02:52.610+0000] {spark_submit.py:521} INFO - 25/07/26 05:02:52 INFO MemoryStore: Block broadcast_7_piece0 stored as bytes in memory (estimated size 19.3 KiB, free 433.7 MiB)
[2025-07-26T05:02:52.612+0000] {spark_submit.py:521} INFO - 25/07/26 05:02:52 INFO BlockManagerInfo: Added broadcast_7_piece0 in memory on 3bc71adbf7e0:45781 (size: 19.3 KiB, free: 434.3 MiB)
[2025-07-26T05:02:52.613+0000] {spark_submit.py:521} INFO - 25/07/26 05:02:52 INFO SparkContext: Created broadcast 7 from broadcast at DAGScheduler.scala:1611
[2025-07-26T05:02:52.614+0000] {spark_submit.py:521} INFO - 25/07/26 05:02:52 INFO DAGScheduler: Submitting 1 missing tasks from ShuffleMapStage 5 (MapPartitionsRDD[16] at toPandas at /opt/airflow/scripts/elt_to_dwh/transform/process_news.py:63) (first 15 tasks are for partitions Vector(0))
[2025-07-26T05:02:52.614+0000] {spark_submit.py:521} INFO - 25/07/26 05:02:52 INFO TaskSchedulerImpl: Adding task set 5.0 with 1 tasks resource profile 0
[2025-07-26T05:02:52.616+0000] {spark_submit.py:521} INFO - 25/07/26 05:02:52 INFO TaskSetManager: Starting task 0.0 in stage 5.0 (TID 4) (172.18.0.6, executor 0, partition 0, PROCESS_LOCAL, 9616 bytes)
[2025-07-26T05:02:52.637+0000] {spark_submit.py:521} INFO - 25/07/26 05:02:52 INFO BlockManagerInfo: Added broadcast_7_piece0 in memory on 172.18.0.6:35423 (size: 19.3 KiB, free: 434.3 MiB)
[2025-07-26T05:02:52.711+0000] {spark_submit.py:521} INFO - 25/07/26 05:02:52 INFO BlockManagerInfo: Added broadcast_6_piece0 in memory on 172.18.0.6:35423 (size: 35.9 KiB, free: 434.3 MiB)
[2025-07-26T05:02:53.319+0000] {spark_submit.py:521} INFO - 25/07/26 05:02:53 INFO TaskSetManager: Finished task 0.0 in stage 5.0 (TID 4) in 704 ms on 172.18.0.6 (executor 0) (1/1)
[2025-07-26T05:02:53.320+0000] {spark_submit.py:521} INFO - 25/07/26 05:02:53 INFO TaskSchedulerImpl: Removed TaskSet 5.0, whose tasks have all completed, from pool
[2025-07-26T05:02:53.320+0000] {spark_submit.py:521} INFO - 25/07/26 05:02:53 INFO DAGScheduler: ShuffleMapStage 5 (toPandas at /opt/airflow/scripts/elt_to_dwh/transform/process_news.py:63) finished in 0.715 s
[2025-07-26T05:02:53.321+0000] {spark_submit.py:521} INFO - 25/07/26 05:02:53 INFO DAGScheduler: looking for newly runnable stages
[2025-07-26T05:02:53.321+0000] {spark_submit.py:521} INFO - 25/07/26 05:02:53 INFO DAGScheduler: running: Set()
[2025-07-26T05:02:53.322+0000] {spark_submit.py:521} INFO - 25/07/26 05:02:53 INFO DAGScheduler: waiting: Set()
[2025-07-26T05:02:53.322+0000] {spark_submit.py:521} INFO - 25/07/26 05:02:53 INFO DAGScheduler: failed: Set()
[2025-07-26T05:02:53.324+0000] {spark_submit.py:521} INFO - 25/07/26 05:02:53 INFO ShufflePartitionsUtil: For shuffle(1), advisory target size: 67108864, actual target size 1048576, minimum partition size: 1048576
[2025-07-26T05:02:53.353+0000] {spark_submit.py:521} INFO - 25/07/26 05:02:53 INFO CodeGenerator: Code generated in 19.518862 ms
[2025-07-26T05:02:53.365+0000] {spark_submit.py:521} INFO - 25/07/26 05:02:53 INFO SparkContext: Starting job: toPandas at /opt/airflow/scripts/elt_to_dwh/transform/process_news.py:63
[2025-07-26T05:02:53.366+0000] {spark_submit.py:521} INFO - 25/07/26 05:02:53 INFO DAGScheduler: Got job 5 (toPandas at /opt/airflow/scripts/elt_to_dwh/transform/process_news.py:63) with 1 output partitions
[2025-07-26T05:02:53.366+0000] {spark_submit.py:521} INFO - 25/07/26 05:02:53 INFO DAGScheduler: Final stage: ResultStage 7 (toPandas at /opt/airflow/scripts/elt_to_dwh/transform/process_news.py:63)
[2025-07-26T05:02:53.367+0000] {spark_submit.py:521} INFO - 25/07/26 05:02:53 INFO DAGScheduler: Parents of final stage: List(ShuffleMapStage 6)
[2025-07-26T05:02:53.367+0000] {spark_submit.py:521} INFO - 25/07/26 05:02:53 INFO DAGScheduler: Missing parents: List()
[2025-07-26T05:02:53.368+0000] {spark_submit.py:521} INFO - 25/07/26 05:02:53 INFO DAGScheduler: Submitting ResultStage 7 (MapPartitionsRDD[19] at toPandas at /opt/airflow/scripts/elt_to_dwh/transform/process_news.py:63), which has no missing parents
[2025-07-26T05:02:53.373+0000] {spark_submit.py:521} INFO - 25/07/26 05:02:53 INFO MemoryStore: Block broadcast_8 stored as values in memory (estimated size 44.8 KiB, free 433.7 MiB)
[2025-07-26T05:02:53.375+0000] {spark_submit.py:521} INFO - 25/07/26 05:02:53 INFO MemoryStore: Block broadcast_8_piece0 stored as bytes in memory (estimated size 20.1 KiB, free 433.7 MiB)
[2025-07-26T05:02:53.376+0000] {spark_submit.py:521} INFO - 25/07/26 05:02:53 INFO BlockManagerInfo: Added broadcast_8_piece0 in memory on 3bc71adbf7e0:45781 (size: 20.1 KiB, free: 434.3 MiB)
[2025-07-26T05:02:53.377+0000] {spark_submit.py:521} INFO - 25/07/26 05:02:53 INFO SparkContext: Created broadcast 8 from broadcast at DAGScheduler.scala:1611
[2025-07-26T05:02:53.378+0000] {spark_submit.py:521} INFO - 25/07/26 05:02:53 INFO DAGScheduler: Submitting 1 missing tasks from ResultStage 7 (MapPartitionsRDD[19] at toPandas at /opt/airflow/scripts/elt_to_dwh/transform/process_news.py:63) (first 15 tasks are for partitions Vector(0))
[2025-07-26T05:02:53.378+0000] {spark_submit.py:521} INFO - 25/07/26 05:02:53 INFO TaskSchedulerImpl: Adding task set 7.0 with 1 tasks resource profile 0
[2025-07-26T05:02:53.379+0000] {spark_submit.py:521} INFO - 25/07/26 05:02:53 INFO TaskSetManager: Starting task 0.0 in stage 7.0 (TID 5) (172.18.0.6, executor 0, partition 0, NODE_LOCAL, 9003 bytes)
[2025-07-26T05:02:53.395+0000] {spark_submit.py:521} INFO - 25/07/26 05:02:53 INFO BlockManagerInfo: Added broadcast_8_piece0 in memory on 172.18.0.6:35423 (size: 20.1 KiB, free: 434.3 MiB)
[2025-07-26T05:02:53.413+0000] {spark_submit.py:521} INFO - 25/07/26 05:02:53 INFO MapOutputTrackerMasterEndpoint: Asked to send map output locations for shuffle 1 to 172.18.0.6:41186
[2025-07-26T05:02:53.479+0000] {spark_submit.py:521} INFO - 25/07/26 05:02:53 INFO TaskSetManager: Finished task 0.0 in stage 7.0 (TID 5) in 100 ms on 172.18.0.6 (executor 0) (1/1)
[2025-07-26T05:02:53.481+0000] {spark_submit.py:521} INFO - 25/07/26 05:02:53 INFO TaskSchedulerImpl: Removed TaskSet 7.0, whose tasks have all completed, from pool
[2025-07-26T05:02:53.488+0000] {spark_submit.py:521} INFO - 25/07/26 05:02:53 INFO DAGScheduler: ResultStage 7 (toPandas at /opt/airflow/scripts/elt_to_dwh/transform/process_news.py:63) finished in 0.117 s
[2025-07-26T05:02:53.491+0000] {spark_submit.py:521} INFO - 25/07/26 05:02:53 INFO DAGScheduler: Job 5 is finished. Cancelling potential speculative or zombie tasks for this job
[2025-07-26T05:02:53.496+0000] {spark_submit.py:521} INFO - 25/07/26 05:02:53 INFO TaskSchedulerImpl: Killing all running tasks in stage 7: Stage finished
[2025-07-26T05:02:53.504+0000] {spark_submit.py:521} INFO - 25/07/26 05:02:53 INFO DAGScheduler: Job 5 finished: toPandas at /opt/airflow/scripts/elt_to_dwh/transform/process_news.py:63, took 0.124319 s
[2025-07-26T05:02:53.537+0000] {spark_submit.py:521} INFO - Data inserted into dim_topics successfully.
[2025-07-26T05:02:53.540+0000] {spark_submit.py:521} INFO - Data inserted into dim_time successfully.
[2025-07-26T05:02:53.541+0000] {spark_submit.py:521} INFO - Time ID DataFrame:
[2025-07-26T05:02:53.545+0000] {spark_submit.py:521} INFO - id
[2025-07-26T05:02:53.546+0000] {spark_submit.py:521} INFO - 0   2
[2025-07-26T05:02:53.580+0000] {spark_submit.py:521} INFO - Dim_news DataFrame:
[2025-07-26T05:02:53.632+0000] {spark_submit.py:521} INFO - 25/07/26 05:02:53 INFO FileSourceStrategy: Pushed Filters:
[2025-07-26T05:02:53.633+0000] {spark_submit.py:521} INFO - 25/07/26 05:02:53 INFO FileSourceStrategy: Post-Scan Filters:
[2025-07-26T05:02:53.697+0000] {spark_submit.py:521} INFO - 25/07/26 05:02:53 INFO CodeGenerator: Code generated in 31.316305 ms
[2025-07-26T05:02:53.704+0000] {spark_submit.py:521} INFO - 25/07/26 05:02:53 INFO MemoryStore: Block broadcast_9 stored as values in memory (estimated size 213.5 KiB, free 433.5 MiB)
[2025-07-26T05:02:53.720+0000] {spark_submit.py:521} INFO - 25/07/26 05:02:53 INFO BlockManagerInfo: Removed broadcast_4_piece0 on 172.18.0.6:35423 in memory (size: 19.3 KiB, free: 434.3 MiB)
[2025-07-26T05:02:53.722+0000] {spark_submit.py:521} INFO - 25/07/26 05:02:53 INFO MemoryStore: Block broadcast_9_piece0 stored as bytes in memory (estimated size 36.5 KiB, free 433.4 MiB)
[2025-07-26T05:02:53.727+0000] {spark_submit.py:521} INFO - 25/07/26 05:02:53 INFO BlockManagerInfo: Added broadcast_9_piece0 in memory on 3bc71adbf7e0:45781 (size: 36.5 KiB, free: 434.2 MiB)
[2025-07-26T05:02:53.728+0000] {spark_submit.py:521} INFO - 25/07/26 05:02:53 INFO BlockManagerInfo: Removed broadcast_4_piece0 on 3bc71adbf7e0:45781 in memory (size: 19.3 KiB, free: 434.2 MiB)
[2025-07-26T05:02:53.732+0000] {spark_submit.py:521} INFO - 25/07/26 05:02:53 INFO SparkContext: Created broadcast 9 from showString at NativeMethodAccessorImpl.java:0
[2025-07-26T05:02:53.734+0000] {spark_submit.py:521} INFO - 25/07/26 05:02:53 INFO FileSourceScanExec: Planning scan with bin packing, max size: 4194304 bytes, open cost is considered as scanning 4194304 bytes.
[2025-07-26T05:02:53.739+0000] {spark_submit.py:521} INFO - 25/07/26 05:02:53 INFO BlockManagerInfo: Removed broadcast_5_piece0 on 3bc71adbf7e0:45781 in memory (size: 20.3 KiB, free: 434.3 MiB)
[2025-07-26T05:02:53.747+0000] {spark_submit.py:521} INFO - 25/07/26 05:02:53 INFO SparkContext: Starting job: showString at NativeMethodAccessorImpl.java:0
[2025-07-26T05:02:53.759+0000] {spark_submit.py:521} INFO - 25/07/26 05:02:53 INFO DAGScheduler: Got job 6 (showString at NativeMethodAccessorImpl.java:0) with 1 output partitions
[2025-07-26T05:02:53.760+0000] {spark_submit.py:521} INFO - 25/07/26 05:02:53 INFO BlockManagerInfo: Removed broadcast_5_piece0 on 172.18.0.6:35423 in memory (size: 20.3 KiB, free: 434.3 MiB)
[2025-07-26T05:02:53.762+0000] {spark_submit.py:521} INFO - 25/07/26 05:02:53 INFO DAGScheduler: Final stage: ResultStage 8 (showString at NativeMethodAccessorImpl.java:0)
[2025-07-26T05:02:53.764+0000] {spark_submit.py:521} INFO - 25/07/26 05:02:53 INFO DAGScheduler: Parents of final stage: List()
[2025-07-26T05:02:53.767+0000] {spark_submit.py:521} INFO - 25/07/26 05:02:53 INFO DAGScheduler: Missing parents: List()
[2025-07-26T05:02:53.767+0000] {spark_submit.py:521} INFO - 25/07/26 05:02:53 INFO DAGScheduler: Submitting ResultStage 8 (MapPartitionsRDD[23] at showString at NativeMethodAccessorImpl.java:0), which has no missing parents
[2025-07-26T05:02:53.768+0000] {spark_submit.py:521} INFO - 25/07/26 05:02:53 INFO MemoryStore: Block broadcast_10 stored as values in memory (estimated size 29.2 KiB, free 433.5 MiB)
[2025-07-26T05:02:53.769+0000] {spark_submit.py:521} INFO - 25/07/26 05:02:53 INFO MemoryStore: Block broadcast_10_piece0 stored as bytes in memory (estimated size 9.4 KiB, free 433.5 MiB)
[2025-07-26T05:02:53.769+0000] {spark_submit.py:521} INFO - 25/07/26 05:02:53 INFO BlockManagerInfo: Added broadcast_10_piece0 in memory on 3bc71adbf7e0:45781 (size: 9.4 KiB, free: 434.2 MiB)
[2025-07-26T05:02:53.770+0000] {spark_submit.py:521} INFO - 25/07/26 05:02:53 INFO SparkContext: Created broadcast 10 from broadcast at DAGScheduler.scala:1611
[2025-07-26T05:02:53.771+0000] {spark_submit.py:521} INFO - 25/07/26 05:02:53 INFO DAGScheduler: Submitting 1 missing tasks from ResultStage 8 (MapPartitionsRDD[23] at showString at NativeMethodAccessorImpl.java:0) (first 15 tasks are for partitions Vector(0))
[2025-07-26T05:02:53.771+0000] {spark_submit.py:521} INFO - 25/07/26 05:02:53 INFO TaskSchedulerImpl: Adding task set 8.0 with 1 tasks resource profile 0
[2025-07-26T05:02:53.772+0000] {spark_submit.py:521} INFO - 25/07/26 05:02:53 INFO TaskSetManager: Starting task 0.0 in stage 8.0 (TID 6) (172.18.0.6, executor 0, partition 0, PROCESS_LOCAL, 9627 bytes)
[2025-07-26T05:02:53.804+0000] {spark_submit.py:521} INFO - 25/07/26 05:02:53 INFO BlockManagerInfo: Added broadcast_10_piece0 in memory on 172.18.0.6:35423 (size: 9.4 KiB, free: 434.3 MiB)
[2025-07-26T05:02:53.806+0000] {spark_submit.py:521} INFO - 25/07/26 05:02:53 INFO BlockManagerInfo: Removed broadcast_8_piece0 on 172.18.0.6:35423 in memory (size: 20.1 KiB, free: 434.3 MiB)
[2025-07-26T05:02:53.807+0000] {spark_submit.py:521} INFO - 25/07/26 05:02:53 INFO BlockManagerInfo: Removed broadcast_8_piece0 on 3bc71adbf7e0:45781 in memory (size: 20.1 KiB, free: 434.3 MiB)
[2025-07-26T05:02:53.863+0000] {spark_submit.py:521} INFO - 25/07/26 05:02:53 INFO BlockManagerInfo: Removed broadcast_3_piece0 on 3bc71adbf7e0:45781 in memory (size: 35.9 KiB, free: 434.3 MiB)
[2025-07-26T05:02:53.869+0000] {spark_submit.py:521} INFO - 25/07/26 05:02:53 INFO BlockManagerInfo: Removed broadcast_3_piece0 on 172.18.0.6:35423 in memory (size: 35.9 KiB, free: 434.3 MiB)
[2025-07-26T05:02:53.893+0000] {spark_submit.py:521} INFO - 25/07/26 05:02:53 INFO BlockManagerInfo: Removed broadcast_7_piece0 on 172.18.0.6:35423 in memory (size: 19.3 KiB, free: 434.4 MiB)
[2025-07-26T05:02:53.902+0000] {spark_submit.py:521} INFO - 25/07/26 05:02:53 INFO BlockManagerInfo: Removed broadcast_7_piece0 on 3bc71adbf7e0:45781 in memory (size: 19.3 KiB, free: 434.3 MiB)
[2025-07-26T05:02:53.905+0000] {spark_submit.py:521} INFO - 25/07/26 05:02:53 INFO BlockManagerInfo: Added broadcast_9_piece0 in memory on 172.18.0.6:35423 (size: 36.5 KiB, free: 434.3 MiB)
[2025-07-26T05:02:54.472+0000] {spark_submit.py:521} INFO - 25/07/26 05:02:54 INFO TaskSetManager: Finished task 0.0 in stage 8.0 (TID 6) in 702 ms on 172.18.0.6 (executor 0) (1/1)
[2025-07-26T05:02:54.472+0000] {spark_submit.py:521} INFO - 25/07/26 05:02:54 INFO TaskSchedulerImpl: Removed TaskSet 8.0, whose tasks have all completed, from pool
[2025-07-26T05:02:54.473+0000] {spark_submit.py:521} INFO - 25/07/26 05:02:54 INFO DAGScheduler: ResultStage 8 (showString at NativeMethodAccessorImpl.java:0) finished in 0.716 s
[2025-07-26T05:02:54.473+0000] {spark_submit.py:521} INFO - 25/07/26 05:02:54 INFO DAGScheduler: Job 6 is finished. Cancelling potential speculative or zombie tasks for this job
[2025-07-26T05:02:54.474+0000] {spark_submit.py:521} INFO - 25/07/26 05:02:54 INFO TaskSchedulerImpl: Killing all running tasks in stage 8: Stage finished
[2025-07-26T05:02:54.475+0000] {spark_submit.py:521} INFO - 25/07/26 05:02:54 INFO DAGScheduler: Job 6 finished: showString at NativeMethodAccessorImpl.java:0, took 0.719949 s
[2025-07-26T05:02:54.492+0000] {spark_submit.py:521} INFO - 25/07/26 05:02:54 INFO CodeGenerator: Code generated in 13.02611 ms
[2025-07-26T05:02:54.496+0000] {spark_submit.py:521} INFO - +--------------------+--------------------+---------------+-------------------+--------------------+--------------------+----------------+----------------------+-----------------+--------------------+-----------------------+-----------------------+--------------------+-------+
[2025-07-26T05:02:54.497+0000] {spark_submit.py:521} INFO - |               title|                 url| time_published|            authors|             summary|        banner_image|          source|category_within_source|    source_domain|              topics|overall_sentiment_score|overall_sentiment_label|    ticker_sentiment|time_id|
[2025-07-26T05:02:54.498+0000] {spark_submit.py:521} INFO - +--------------------+--------------------+---------------+-------------------+--------------------+--------------------+----------------+----------------------+-----------------+--------------------+-----------------------+-----------------------+--------------------+-------+
[2025-07-26T05:02:54.498+0000] {spark_submit.py:521} INFO - |$100 Invested In ...|https://www.benzi...|20250711T234515|[Benzinga Insights]|Insmed INSM has o...|https://cdn.benzi...|        Benzinga|               Trading| www.benzinga.com|[{Life Sciences, ...|               0.181243|       Somewhat-Bullish|[{INSM, 0.971845,...|      2|
[2025-07-26T05:02:54.499+0000] {spark_submit.py:521} INFO - |Q2 Earnings Seaso...|https://www.zacks...|20250711T233600|      [Sheraz Mian]|We may not receiv...|https://staticx-t...|Zacks Commentary|                   n/a|    www.zacks.com|[{Earnings, 1.0},...|               0.083188|                Neutral|[{NFLX, 0.204763,...|      2|
[2025-07-26T05:02:54.499+0000] {spark_submit.py:521} INFO - |$100 Invested In ...|https://www.benzi...|20250711T233015|[Benzinga Insights]|IBM IBM has outpe...|https://cdn.benzi...|        Benzinga|               Trading| www.benzinga.com|[{Financial Marke...|               0.181243|       Somewhat-Bullish|                  []|      2|
[2025-07-26T05:02:54.500+0000] {spark_submit.py:521} INFO - |Bitcoin surge tri...|https://www.benzi...|20250711T233000|   [Globe Newswire]|Los Angeles, CA, ...|https://www.benzi...|        Benzinga|                  News| www.benzinga.com|[{Finance, 1.0}, ...|               0.461356|                Bullish|[{COIN, 0.097062,...|      2|
[2025-07-26T05:02:54.500+0000] {spark_submit.py:521} INFO - |Bitcoin Christmas...|https://cointeleg...|20250711T232312|[Biraajmaan Tamuly]|Bitcoin's parabol...|https://s3.cointe...|   Cointelegraph|                   n/a|cointelegraph.com|[{Economy - Monet...|               0.199136|       Somewhat-Bullish|[{FOREX:USD, 0.06...|      2|
[2025-07-26T05:02:54.501+0000] {spark_submit.py:521} INFO - +--------------------+--------------------+---------------+-------------------+--------------------+--------------------+----------------+----------------------+-----------------+--------------------+-----------------------+-----------------------+--------------------+-------+
[2025-07-26T05:02:54.501+0000] {spark_submit.py:521} INFO - only showing top 5 rows
[2025-07-26T05:02:54.502+0000] {spark_submit.py:521} INFO - 
[2025-07-26T05:02:54.511+0000] {spark_submit.py:521} INFO - 25/07/26 05:02:54 INFO FileSourceStrategy: Pushed Filters:
[2025-07-26T05:02:54.511+0000] {spark_submit.py:521} INFO - 25/07/26 05:02:54 INFO FileSourceStrategy: Post-Scan Filters:
[2025-07-26T05:02:54.542+0000] {spark_submit.py:521} INFO - 25/07/26 05:02:54 INFO CodeGenerator: Code generated in 19.069638 ms
[2025-07-26T05:02:54.547+0000] {spark_submit.py:521} INFO - 25/07/26 05:02:54 INFO MemoryStore: Block broadcast_11 stored as values in memory (estimated size 213.5 KiB, free 433.7 MiB)
[2025-07-26T05:02:54.555+0000] {spark_submit.py:521} INFO - 25/07/26 05:02:54 INFO MemoryStore: Block broadcast_11_piece0 stored as bytes in memory (estimated size 36.5 KiB, free 433.6 MiB)
[2025-07-26T05:02:54.556+0000] {spark_submit.py:521} INFO - 25/07/26 05:02:54 INFO BlockManagerInfo: Added broadcast_11_piece0 in memory on 3bc71adbf7e0:45781 (size: 36.5 KiB, free: 434.3 MiB)
[2025-07-26T05:02:54.557+0000] {spark_submit.py:521} INFO - 25/07/26 05:02:54 INFO SparkContext: Created broadcast 11 from toPandas at /opt/airflow/scripts/elt_to_dwh/transform/process_news.py:99
[2025-07-26T05:02:54.558+0000] {spark_submit.py:521} INFO - 25/07/26 05:02:54 INFO FileSourceScanExec: Planning scan with bin packing, max size: 4194304 bytes, open cost is considered as scanning 4194304 bytes.
[2025-07-26T05:02:54.567+0000] {spark_submit.py:521} INFO - 25/07/26 05:02:54 INFO SparkContext: Starting job: toPandas at /opt/airflow/scripts/elt_to_dwh/transform/process_news.py:99
[2025-07-26T05:02:54.568+0000] {spark_submit.py:521} INFO - 25/07/26 05:02:54 INFO DAGScheduler: Got job 7 (toPandas at /opt/airflow/scripts/elt_to_dwh/transform/process_news.py:99) with 1 output partitions
[2025-07-26T05:02:54.568+0000] {spark_submit.py:521} INFO - 25/07/26 05:02:54 INFO DAGScheduler: Final stage: ResultStage 9 (toPandas at /opt/airflow/scripts/elt_to_dwh/transform/process_news.py:99)
[2025-07-26T05:02:54.569+0000] {spark_submit.py:521} INFO - 25/07/26 05:02:54 INFO DAGScheduler: Parents of final stage: List()
[2025-07-26T05:02:54.570+0000] {spark_submit.py:521} INFO - 25/07/26 05:02:54 INFO DAGScheduler: Missing parents: List()
[2025-07-26T05:02:54.570+0000] {spark_submit.py:521} INFO - 25/07/26 05:02:54 INFO DAGScheduler: Submitting ResultStage 9 (MapPartitionsRDD[27] at toPandas at /opt/airflow/scripts/elt_to_dwh/transform/process_news.py:99), which has no missing parents
[2025-07-26T05:02:54.572+0000] {spark_submit.py:521} INFO - 25/07/26 05:02:54 INFO MemoryStore: Block broadcast_12 stored as values in memory (estimated size 28.4 KiB, free 433.6 MiB)
[2025-07-26T05:02:54.573+0000] {spark_submit.py:521} INFO - 25/07/26 05:02:54 INFO MemoryStore: Block broadcast_12_piece0 stored as bytes in memory (estimated size 8.9 KiB, free 433.6 MiB)
[2025-07-26T05:02:54.574+0000] {spark_submit.py:521} INFO - 25/07/26 05:02:54 INFO BlockManagerInfo: Added broadcast_12_piece0 in memory on 3bc71adbf7e0:45781 (size: 8.9 KiB, free: 434.3 MiB)
[2025-07-26T05:02:54.575+0000] {spark_submit.py:521} INFO - 25/07/26 05:02:54 INFO SparkContext: Created broadcast 12 from broadcast at DAGScheduler.scala:1611
[2025-07-26T05:02:54.576+0000] {spark_submit.py:521} INFO - 25/07/26 05:02:54 INFO DAGScheduler: Submitting 1 missing tasks from ResultStage 9 (MapPartitionsRDD[27] at toPandas at /opt/airflow/scripts/elt_to_dwh/transform/process_news.py:99) (first 15 tasks are for partitions Vector(0))
[2025-07-26T05:02:54.577+0000] {spark_submit.py:521} INFO - 25/07/26 05:02:54 INFO TaskSchedulerImpl: Adding task set 9.0 with 1 tasks resource profile 0
[2025-07-26T05:02:54.578+0000] {spark_submit.py:521} INFO - 25/07/26 05:02:54 INFO TaskSetManager: Starting task 0.0 in stage 9.0 (TID 7) (172.18.0.6, executor 0, partition 0, PROCESS_LOCAL, 9627 bytes)
[2025-07-26T05:02:54.590+0000] {spark_submit.py:521} INFO - 25/07/26 05:02:54 INFO BlockManagerInfo: Added broadcast_12_piece0 in memory on 172.18.0.6:35423 (size: 8.9 KiB, free: 434.3 MiB)
[2025-07-26T05:02:54.631+0000] {spark_submit.py:521} INFO - 25/07/26 05:02:54 INFO BlockManagerInfo: Added broadcast_11_piece0 in memory on 172.18.0.6:35423 (size: 36.5 KiB, free: 434.3 MiB)
[2025-07-26T05:02:55.183+0000] {spark_submit.py:521} INFO - 25/07/26 05:02:55 INFO TaskSetManager: Finished task 0.0 in stage 9.0 (TID 7) in 606 ms on 172.18.0.6 (executor 0) (1/1)
[2025-07-26T05:02:55.184+0000] {spark_submit.py:521} INFO - 25/07/26 05:02:55 INFO TaskSchedulerImpl: Removed TaskSet 9.0, whose tasks have all completed, from pool
[2025-07-26T05:02:55.184+0000] {spark_submit.py:521} INFO - 25/07/26 05:02:55 INFO DAGScheduler: ResultStage 9 (toPandas at /opt/airflow/scripts/elt_to_dwh/transform/process_news.py:99) finished in 0.615 s
[2025-07-26T05:02:55.185+0000] {spark_submit.py:521} INFO - 25/07/26 05:02:55 INFO DAGScheduler: Job 7 is finished. Cancelling potential speculative or zombie tasks for this job
[2025-07-26T05:02:55.185+0000] {spark_submit.py:521} INFO - 25/07/26 05:02:55 INFO TaskSchedulerImpl: Killing all running tasks in stage 9: Stage finished
[2025-07-26T05:02:55.186+0000] {spark_submit.py:521} INFO - 25/07/26 05:02:55 INFO DAGScheduler: Job 7 finished: toPandas at /opt/airflow/scripts/elt_to_dwh/transform/process_news.py:99, took 0.618007 s
[2025-07-26T05:02:55.408+0000] {spark_submit.py:521} INFO - Data inserted into dim_news successfully!
[2025-07-26T05:02:55.458+0000] {spark_submit.py:521} INFO - 25/07/26 05:02:55 INFO FileSourceStrategy: Pushed Filters: IsNotNull(topics)
[2025-07-26T05:02:55.458+0000] {spark_submit.py:521} INFO - 25/07/26 05:02:55 INFO FileSourceStrategy: Post-Scan Filters: (size(topics#9, true) > 0),isnotnull(topics#9)
[2025-07-26T05:02:55.484+0000] {spark_submit.py:521} INFO - 25/07/26 05:02:55 INFO CodeGenerator: Code generated in 10.996399 ms
[2025-07-26T05:02:55.488+0000] {spark_submit.py:521} INFO - 25/07/26 05:02:55 INFO MemoryStore: Block broadcast_13 stored as values in memory (estimated size 211.3 KiB, free 433.4 MiB)
[2025-07-26T05:02:55.495+0000] {spark_submit.py:521} INFO - 25/07/26 05:02:55 INFO MemoryStore: Block broadcast_13_piece0 stored as bytes in memory (estimated size 36.0 KiB, free 433.4 MiB)
[2025-07-26T05:02:55.496+0000] {spark_submit.py:521} INFO - 25/07/26 05:02:55 INFO BlockManagerInfo: Added broadcast_13_piece0 in memory on 3bc71adbf7e0:45781 (size: 36.0 KiB, free: 434.2 MiB)
[2025-07-26T05:02:55.497+0000] {spark_submit.py:521} INFO - 25/07/26 05:02:55 INFO SparkContext: Created broadcast 13 from toPandas at /opt/airflow/scripts/elt_to_dwh/transform/process_news.py:123
[2025-07-26T05:02:55.499+0000] {spark_submit.py:521} INFO - 25/07/26 05:02:55 INFO FileSourceScanExec: Planning scan with bin packing, max size: 4194304 bytes, open cost is considered as scanning 4194304 bytes.
[2025-07-26T05:02:55.513+0000] {spark_submit.py:521} INFO - 25/07/26 05:02:55 INFO SparkContext: Starting job: toPandas at /opt/airflow/scripts/elt_to_dwh/transform/process_news.py:123
[2025-07-26T05:02:55.514+0000] {spark_submit.py:521} INFO - 25/07/26 05:02:55 INFO DAGScheduler: Got job 8 (toPandas at /opt/airflow/scripts/elt_to_dwh/transform/process_news.py:123) with 1 output partitions
[2025-07-26T05:02:55.515+0000] {spark_submit.py:521} INFO - 25/07/26 05:02:55 INFO DAGScheduler: Final stage: ResultStage 10 (toPandas at /opt/airflow/scripts/elt_to_dwh/transform/process_news.py:123)
[2025-07-26T05:02:55.515+0000] {spark_submit.py:521} INFO - 25/07/26 05:02:55 INFO DAGScheduler: Parents of final stage: List()
[2025-07-26T05:02:55.516+0000] {spark_submit.py:521} INFO - 25/07/26 05:02:55 INFO DAGScheduler: Missing parents: List()
[2025-07-26T05:02:55.516+0000] {spark_submit.py:521} INFO - 25/07/26 05:02:55 INFO DAGScheduler: Submitting ResultStage 10 (MapPartitionsRDD[31] at toPandas at /opt/airflow/scripts/elt_to_dwh/transform/process_news.py:123), which has no missing parents
[2025-07-26T05:02:55.518+0000] {spark_submit.py:521} INFO - 25/07/26 05:02:55 INFO MemoryStore: Block broadcast_14 stored as values in memory (estimated size 19.5 KiB, free 433.3 MiB)
[2025-07-26T05:02:55.524+0000] {spark_submit.py:521} INFO - 25/07/26 05:02:55 INFO MemoryStore: Block broadcast_14_piece0 stored as bytes in memory (estimated size 7.6 KiB, free 433.3 MiB)
[2025-07-26T05:02:55.526+0000] {spark_submit.py:521} INFO - 25/07/26 05:02:55 INFO BlockManagerInfo: Added broadcast_14_piece0 in memory on 3bc71adbf7e0:45781 (size: 7.6 KiB, free: 434.2 MiB)
[2025-07-26T05:02:55.527+0000] {spark_submit.py:521} INFO - 25/07/26 05:02:55 INFO BlockManagerInfo: Removed broadcast_12_piece0 on 3bc71adbf7e0:45781 in memory (size: 8.9 KiB, free: 434.2 MiB)
[2025-07-26T05:02:55.528+0000] {spark_submit.py:521} INFO - 25/07/26 05:02:55 INFO SparkContext: Created broadcast 14 from broadcast at DAGScheduler.scala:1611
[2025-07-26T05:02:55.530+0000] {spark_submit.py:521} INFO - 25/07/26 05:02:55 INFO DAGScheduler: Submitting 1 missing tasks from ResultStage 10 (MapPartitionsRDD[31] at toPandas at /opt/airflow/scripts/elt_to_dwh/transform/process_news.py:123) (first 15 tasks are for partitions Vector(0))
[2025-07-26T05:02:55.531+0000] {spark_submit.py:521} INFO - 25/07/26 05:02:55 INFO TaskSchedulerImpl: Adding task set 10.0 with 1 tasks resource profile 0
[2025-07-26T05:02:55.532+0000] {spark_submit.py:521} INFO - 25/07/26 05:02:55 INFO TaskSetManager: Starting task 0.0 in stage 10.0 (TID 8) (172.18.0.6, executor 0, partition 0, PROCESS_LOCAL, 9627 bytes)
[2025-07-26T05:02:55.534+0000] {spark_submit.py:521} INFO - 25/07/26 05:02:55 INFO BlockManagerInfo: Removed broadcast_12_piece0 on 172.18.0.6:35423 in memory (size: 8.9 KiB, free: 434.3 MiB)
[2025-07-26T05:02:55.544+0000] {spark_submit.py:521} INFO - 25/07/26 05:02:55 INFO BlockManagerInfo: Removed broadcast_10_piece0 on 3bc71adbf7e0:45781 in memory (size: 9.4 KiB, free: 434.3 MiB)
[2025-07-26T05:02:55.547+0000] {spark_submit.py:521} INFO - 25/07/26 05:02:55 INFO BlockManagerInfo: Removed broadcast_10_piece0 on 172.18.0.6:35423 in memory (size: 9.4 KiB, free: 434.3 MiB)
[2025-07-26T05:02:55.551+0000] {spark_submit.py:521} INFO - 25/07/26 05:02:55 INFO BlockManagerInfo: Added broadcast_14_piece0 in memory on 172.18.0.6:35423 (size: 7.6 KiB, free: 434.3 MiB)
[2025-07-26T05:02:55.603+0000] {spark_submit.py:521} INFO - 25/07/26 05:02:55 INFO BlockManagerInfo: Added broadcast_13_piece0 in memory on 172.18.0.6:35423 (size: 36.0 KiB, free: 434.3 MiB)
[2025-07-26T05:02:56.389+0000] {spark_submit.py:521} INFO - 25/07/26 05:02:56 INFO TaskSetManager: Finished task 0.0 in stage 10.0 (TID 8) in 860 ms on 172.18.0.6 (executor 0) (1/1)
[2025-07-26T05:02:56.390+0000] {spark_submit.py:521} INFO - 25/07/26 05:02:56 INFO TaskSchedulerImpl: Removed TaskSet 10.0, whose tasks have all completed, from pool
[2025-07-26T05:02:56.390+0000] {spark_submit.py:521} INFO - 25/07/26 05:02:56 INFO DAGScheduler: ResultStage 10 (toPandas at /opt/airflow/scripts/elt_to_dwh/transform/process_news.py:123) finished in 0.873 s
[2025-07-26T05:02:56.391+0000] {spark_submit.py:521} INFO - 25/07/26 05:02:56 INFO DAGScheduler: Job 8 is finished. Cancelling potential speculative or zombie tasks for this job
[2025-07-26T05:02:56.391+0000] {spark_submit.py:521} INFO - 25/07/26 05:02:56 INFO TaskSchedulerImpl: Killing all running tasks in stage 10: Stage finished
[2025-07-26T05:02:56.391+0000] {spark_submit.py:521} INFO - 25/07/26 05:02:56 INFO DAGScheduler: Job 8 finished: toPandas at /opt/airflow/scripts/elt_to_dwh/transform/process_news.py:123, took 0.877453 s
[2025-07-26T05:02:56.408+0000] {spark_submit.py:521} INFO - 25/07/26 05:02:56 INFO BlockManagerInfo: Removed broadcast_14_piece0 on 3bc71adbf7e0:45781 in memory (size: 7.6 KiB, free: 434.3 MiB)
[2025-07-26T05:02:56.409+0000] {spark_submit.py:521} INFO - 25/07/26 05:02:56 INFO BlockManagerInfo: Removed broadcast_14_piece0 on 172.18.0.6:35423 in memory (size: 7.6 KiB, free: 434.3 MiB)
[2025-07-26T05:02:56.449+0000] {spark_submit.py:521} INFO - DataFrame for fact_news_topics:
[2025-07-26T05:02:56.450+0000] {spark_submit.py:521} INFO - shape: (2_611, 6)
[2025-07-26T05:02:56.451+0000] {spark_submit.py:521} INFO - 
[2025-07-26T05:02:56.451+0000] {spark_submit.py:521} INFO -  relevance_score  name                title              url                topic_id  new_id 
[2025-07-26T05:02:56.452+0000] {spark_submit.py:521} INFO -  ---              ---                 ---                ---                ---       ---    
[2025-07-26T05:02:56.452+0000] {spark_submit.py:521} INFO -  str              str                 str                str                i32       i32    
[2025-07-26T05:02:56.452+0000] {spark_submit.py:521} INFO - 
[2025-07-26T05:02:56.453+0000] {spark_submit.py:521} INFO -  1.0              Life Sciences       $100 Invested In   https://www.benzi  14        1345   
[2025-07-26T05:02:56.453+0000] {spark_submit.py:521} INFO -                                       This Stock 10     nga.com/insig                      
[2025-07-26T05:02:56.454+0000] {spark_submit.py:521} INFO -  0.161647         Financial Markets   $100 Invested In   https://www.benzi  10        1345   
[2025-07-26T05:02:56.454+0000] {spark_submit.py:521} INFO -                                       This Stock 10     nga.com/insig                      
[2025-07-26T05:02:56.455+0000] {spark_submit.py:521} INFO -  1.0              Earnings            Q2 Earnings        https://www.zacks  5         1346   
[2025-07-26T05:02:56.455+0000] {spark_submit.py:521} INFO -                                       Season Setup       .com/commenta                      
[2025-07-26T05:02:56.455+0000] {spark_submit.py:521} INFO -                                       Remai                                                 
[2025-07-26T05:02:56.456+0000] {spark_submit.py:521} INFO -  1.0              Energy &            Q2 Earnings        https://www.zacks  8         1346   
[2025-07-26T05:02:56.457+0000] {spark_submit.py:521} INFO -                   Transportation      Season Setup       .com/commenta                      
[2025-07-26T05:02:56.457+0000] {spark_submit.py:521} INFO -                                       Remai                                                 
[2025-07-26T05:02:56.458+0000] {spark_submit.py:521} INFO -  0.161647         Financial Markets   Q2 Earnings        https://www.zacks  10        1346   
[2025-07-26T05:02:56.458+0000] {spark_submit.py:521} INFO -                                       Season Setup       .com/commenta                      
[2025-07-26T05:02:56.459+0000] {spark_submit.py:521} INFO -                                       Remai                                                 
[2025-07-26T05:02:56.459+0000] {spark_submit.py:521} INFO -                                                                                        
[2025-07-26T05:02:56.459+0000] {spark_submit.py:521} INFO -  0.999941         Financial Markets   Should You Buy     https://www.fool.  10        2340   
[2025-07-26T05:02:56.460+0000] {spark_submit.py:521} INFO -                                       SoFi While It's   com/investing                      
[2025-07-26T05:02:56.460+0000] {spark_submit.py:521} INFO -  0.999986         Earnings            Should You Buy     https://www.fool.  5         2340   
[2025-07-26T05:02:56.461+0000] {spark_submit.py:521} INFO -                                       SoFi While It's   com/investing                      
[2025-07-26T05:02:56.461+0000] {spark_submit.py:521} INFO -  0.5              Real Estate &       Should You Buy     https://www.fool.  6         2340   
[2025-07-26T05:02:56.461+0000] {spark_submit.py:521} INFO -                   Construction        SoFi While It's   com/investing                      
[2025-07-26T05:02:56.462+0000] {spark_submit.py:521} INFO -  0.5              Finance             Should You Buy     https://www.fool.  4         2340   
[2025-07-26T05:02:56.462+0000] {spark_submit.py:521} INFO -                                       SoFi While It's   com/investing                      
[2025-07-26T05:02:56.463+0000] {spark_submit.py:521} INFO -  0.576289         Blockchain          Should You Buy     https://www.fool.  15        2340   
[2025-07-26T05:02:56.463+0000] {spark_submit.py:521} INFO -                                       SoFi While It's   com/investing                      
[2025-07-26T05:02:56.463+0000] {spark_submit.py:521} INFO - 
[2025-07-26T05:02:56.504+0000] {spark_submit.py:521} INFO - Data inserted into fact_news_topics successfully!
[2025-07-26T05:02:56.556+0000] {spark_submit.py:521} INFO - 25/07/26 05:02:56 INFO FileSourceStrategy: Pushed Filters: IsNotNull(ticker_sentiment)
[2025-07-26T05:02:56.556+0000] {spark_submit.py:521} INFO - 25/07/26 05:02:56 INFO FileSourceStrategy: Post-Scan Filters: (size(ticker_sentiment#12, true) > 0),isnotnull(ticker_sentiment#12)
[2025-07-26T05:02:56.579+0000] {spark_submit.py:521} INFO - 25/07/26 05:02:56 INFO CodeGenerator: Code generated in 11.963909 ms
[2025-07-26T05:02:56.584+0000] {spark_submit.py:521} INFO - 25/07/26 05:02:56 INFO MemoryStore: Block broadcast_15 stored as values in memory (estimated size 211.6 KiB, free 433.2 MiB)
[2025-07-26T05:02:56.597+0000] {spark_submit.py:521} INFO - 25/07/26 05:02:56 INFO MemoryStore: Block broadcast_15_piece0 stored as bytes in memory (estimated size 36.2 KiB, free 433.2 MiB)
[2025-07-26T05:02:56.598+0000] {spark_submit.py:521} INFO - 25/07/26 05:02:56 INFO BlockManagerInfo: Added broadcast_15_piece0 in memory on 3bc71adbf7e0:45781 (size: 36.2 KiB, free: 434.2 MiB)
[2025-07-26T05:02:56.599+0000] {spark_submit.py:521} INFO - 25/07/26 05:02:56 INFO SparkContext: Created broadcast 15 from toPandas at /opt/airflow/scripts/elt_to_dwh/transform/process_news.py:169
[2025-07-26T05:02:56.600+0000] {spark_submit.py:521} INFO - 25/07/26 05:02:56 INFO FileSourceScanExec: Planning scan with bin packing, max size: 4194304 bytes, open cost is considered as scanning 4194304 bytes.
[2025-07-26T05:02:56.611+0000] {spark_submit.py:521} INFO - 25/07/26 05:02:56 INFO SparkContext: Starting job: toPandas at /opt/airflow/scripts/elt_to_dwh/transform/process_news.py:169
[2025-07-26T05:02:56.612+0000] {spark_submit.py:521} INFO - 25/07/26 05:02:56 INFO DAGScheduler: Got job 9 (toPandas at /opt/airflow/scripts/elt_to_dwh/transform/process_news.py:169) with 1 output partitions
[2025-07-26T05:02:56.612+0000] {spark_submit.py:521} INFO - 25/07/26 05:02:56 INFO DAGScheduler: Final stage: ResultStage 11 (toPandas at /opt/airflow/scripts/elt_to_dwh/transform/process_news.py:169)
[2025-07-26T05:02:56.613+0000] {spark_submit.py:521} INFO - 25/07/26 05:02:56 INFO DAGScheduler: Parents of final stage: List()
[2025-07-26T05:02:56.613+0000] {spark_submit.py:521} INFO - 25/07/26 05:02:56 INFO DAGScheduler: Missing parents: List()
[2025-07-26T05:02:56.614+0000] {spark_submit.py:521} INFO - 25/07/26 05:02:56 INFO DAGScheduler: Submitting ResultStage 11 (MapPartitionsRDD[35] at toPandas at /opt/airflow/scripts/elt_to_dwh/transform/process_news.py:169), which has no missing parents
[2025-07-26T05:02:56.615+0000] {spark_submit.py:521} INFO - 25/07/26 05:02:56 INFO MemoryStore: Block broadcast_16 stored as values in memory (estimated size 20.2 KiB, free 433.2 MiB)
[2025-07-26T05:02:56.617+0000] {spark_submit.py:521} INFO - 25/07/26 05:02:56 INFO MemoryStore: Block broadcast_16_piece0 stored as bytes in memory (estimated size 7.6 KiB, free 433.2 MiB)
[2025-07-26T05:02:56.618+0000] {spark_submit.py:521} INFO - 25/07/26 05:02:56 INFO BlockManagerInfo: Added broadcast_16_piece0 in memory on 3bc71adbf7e0:45781 (size: 7.6 KiB, free: 434.2 MiB)
[2025-07-26T05:02:56.619+0000] {spark_submit.py:521} INFO - 25/07/26 05:02:56 INFO SparkContext: Created broadcast 16 from broadcast at DAGScheduler.scala:1611
[2025-07-26T05:02:56.619+0000] {spark_submit.py:521} INFO - 25/07/26 05:02:56 INFO DAGScheduler: Submitting 1 missing tasks from ResultStage 11 (MapPartitionsRDD[35] at toPandas at /opt/airflow/scripts/elt_to_dwh/transform/process_news.py:169) (first 15 tasks are for partitions Vector(0))
[2025-07-26T05:02:56.620+0000] {spark_submit.py:521} INFO - 25/07/26 05:02:56 INFO TaskSchedulerImpl: Adding task set 11.0 with 1 tasks resource profile 0
[2025-07-26T05:02:56.621+0000] {spark_submit.py:521} INFO - 25/07/26 05:02:56 INFO TaskSetManager: Starting task 0.0 in stage 11.0 (TID 9) (172.18.0.6, executor 0, partition 0, PROCESS_LOCAL, 9627 bytes)
[2025-07-26T05:02:56.638+0000] {spark_submit.py:521} INFO - 25/07/26 05:02:56 INFO BlockManagerInfo: Removed broadcast_9_piece0 on 3bc71adbf7e0:45781 in memory (size: 36.5 KiB, free: 434.3 MiB)
[2025-07-26T05:02:56.641+0000] {spark_submit.py:521} INFO - 25/07/26 05:02:56 INFO BlockManagerInfo: Removed broadcast_9_piece0 on 172.18.0.6:35423 in memory (size: 36.5 KiB, free: 434.3 MiB)
[2025-07-26T05:02:56.644+0000] {spark_submit.py:521} INFO - 25/07/26 05:02:56 INFO BlockManagerInfo: Added broadcast_16_piece0 in memory on 172.18.0.6:35423 (size: 7.6 KiB, free: 434.3 MiB)
[2025-07-26T05:02:56.672+0000] {spark_submit.py:521} INFO - 25/07/26 05:02:56 INFO BlockManagerInfo: Added broadcast_15_piece0 in memory on 172.18.0.6:35423 (size: 36.2 KiB, free: 434.3 MiB)
[2025-07-26T05:02:57.421+0000] {spark_submit.py:521} INFO - 25/07/26 05:02:57 INFO TaskSetManager: Finished task 0.0 in stage 11.0 (TID 9) in 800 ms on 172.18.0.6 (executor 0) (1/1)
[2025-07-26T05:02:57.421+0000] {spark_submit.py:521} INFO - 25/07/26 05:02:57 INFO TaskSchedulerImpl: Removed TaskSet 11.0, whose tasks have all completed, from pool
[2025-07-26T05:02:57.422+0000] {spark_submit.py:521} INFO - 25/07/26 05:02:57 INFO DAGScheduler: ResultStage 11 (toPandas at /opt/airflow/scripts/elt_to_dwh/transform/process_news.py:169) finished in 0.808 s
[2025-07-26T05:02:57.422+0000] {spark_submit.py:521} INFO - 25/07/26 05:02:57 INFO DAGScheduler: Job 9 is finished. Cancelling potential speculative or zombie tasks for this job
[2025-07-26T05:02:57.423+0000] {spark_submit.py:521} INFO - 25/07/26 05:02:57 INFO TaskSchedulerImpl: Killing all running tasks in stage 11: Stage finished
[2025-07-26T05:02:57.423+0000] {spark_submit.py:521} INFO - 25/07/26 05:02:57 INFO DAGScheduler: Job 9 finished: toPandas at /opt/airflow/scripts/elt_to_dwh/transform/process_news.py:169, took 0.811173 s
[2025-07-26T05:02:57.466+0000] {spark_submit.py:521} INFO - DataFrame for fact_news_companies:
[2025-07-26T05:02:57.467+0000] {spark_submit.py:521} INFO - shape: (1_502, 9)
[2025-07-26T05:02:57.467+0000] {spark_submit.py:521} INFO - 
[2025-07-26T05:02:57.467+0000] {spark_submit.py:521} INFO -  ticker  ticker_sen  ticker_sen  relevance_    url         company_id  updated_t  new_id 
[2025-07-26T05:02:57.468+0000] {spark_submit.py:521} INFO -  ---     timent_sco  timent_lab  score          ---         ---         ime        ---    
[2025-07-26T05:02:57.468+0000] {spark_submit.py:521} INFO -  str     re          el          ---            str         i32         ---        i32    
[2025-07-26T05:02:57.468+0000] {spark_submit.py:521} INFO -          ---         ---         str                                    datetime[         
[2025-07-26T05:02:57.468+0000] {spark_submit.py:521} INFO -          str         str                                                s]               
[2025-07-26T05:02:57.469+0000] {spark_submit.py:521} INFO - 
[2025-07-26T05:02:57.469+0000] {spark_submit.py:521} INFO -  INSM    0.386039    Bullish     0.971845      https://ww  9670        2025-07-2  1345   
[2025-07-26T05:02:57.469+0000] {spark_submit.py:521} INFO -                                                 w.benzinga              6 04:45:1         
[2025-07-26T05:02:57.469+0000] {spark_submit.py:521} INFO -                                                 .com/insig              4.278565          
[2025-07-26T05:02:57.469+0000] {spark_submit.py:521} INFO -                                                                                          
[2025-07-26T05:02:57.470+0000] {spark_submit.py:521} INFO -  NFLX    0.165194    Somewhat-B  0.204763      https://ww  1056        2025-07-2  1346   
[2025-07-26T05:02:57.470+0000] {spark_submit.py:521} INFO -                      ullish                     w.zacks.co              6 04:45:1         
[2025-07-26T05:02:57.470+0000] {spark_submit.py:521} INFO -                                                 m/commenta              4.278565          
[2025-07-26T05:02:57.470+0000] {spark_submit.py:521} INFO -                                                                                          
[2025-07-26T05:02:57.471+0000] {spark_submit.py:521} INFO -  SLB     0.057107    Neutral     0.082677      https://ww  2077        2025-07-2  1346   
[2025-07-26T05:02:57.471+0000] {spark_submit.py:521} INFO -                                                 w.zacks.co              6 04:45:1         
[2025-07-26T05:02:57.471+0000] {spark_submit.py:521} INFO -                                                 m/commenta              4.278565          
[2025-07-26T05:02:57.472+0000] {spark_submit.py:521} INFO -                                                                                          
[2025-07-26T05:02:57.472+0000] {spark_submit.py:521} INFO -  COIN    0.099092    Neutral     0.097062      https://ww  5431        2025-07-2  1348   
[2025-07-26T05:02:57.472+0000] {spark_submit.py:521} INFO -                                                 w.benzinga              6 04:45:1         
[2025-07-26T05:02:57.472+0000] {spark_submit.py:521} INFO -                                                 .com/press              4.278565          
[2025-07-26T05:02:57.473+0000] {spark_submit.py:521} INFO -                                                                                          
[2025-07-26T05:02:57.473+0000] {spark_submit.py:521} INFO -  SFM     0.385174    Bullish     0.963653      https://ww  15604       2025-07-2  1350   
[2025-07-26T05:02:57.473+0000] {spark_submit.py:521} INFO -                                                 w.benzinga              6 04:45:1         
[2025-07-26T05:02:57.473+0000] {spark_submit.py:521} INFO -                                                 .com/insig              4.278565          
[2025-07-26T05:02:57.474+0000] {spark_submit.py:521} INFO -                                                                                          
[2025-07-26T05:02:57.474+0000] {spark_submit.py:521} INFO -                                                                                  
[2025-07-26T05:02:57.474+0000] {spark_submit.py:521} INFO -  GVH     0.393942    Bullish     0.552966      https://ww  15678       2025-07-2  2337   
[2025-07-26T05:02:57.475+0000] {spark_submit.py:521} INFO -                                                 w.globenew              6 04:45:1         
[2025-07-26T05:02:57.475+0000] {spark_submit.py:521} INFO -                                                 swire.com/              4.278565          
[2025-07-26T05:02:57.475+0000] {spark_submit.py:521} INFO -                                                                                          
[2025-07-26T05:02:57.475+0000] {spark_submit.py:521} INFO -  TRI     0.129849    Neutral     0.055109      https://ww  20664       2025-07-2  2337   
[2025-07-26T05:02:57.475+0000] {spark_submit.py:521} INFO -                                                 w.globenew              6 04:45:1         
[2025-07-26T05:02:57.476+0000] {spark_submit.py:521} INFO -                                                 swire.com/              4.278565          
[2025-07-26T05:02:57.476+0000] {spark_submit.py:521} INFO -                                                                                          
[2025-07-26T05:02:57.476+0000] {spark_submit.py:521} INFO -  HOOD    0.177814    Somewhat-B  0.043186      https://ww  20716       2025-07-2  2340   
[2025-07-26T05:02:57.476+0000] {spark_submit.py:521} INFO -                      ullish                     w.fool.com              6 04:45:1         
[2025-07-26T05:02:57.477+0000] {spark_submit.py:521} INFO -                                                 /investing              4.278565          
[2025-07-26T05:02:57.477+0000] {spark_submit.py:521} INFO -                                                                                          
[2025-07-26T05:02:57.477+0000] {spark_submit.py:521} INFO -  SCHW    0.177814    Somewhat-B  0.043186      https://ww  13673       2025-07-2  2340   
[2025-07-26T05:02:57.477+0000] {spark_submit.py:521} INFO -                      ullish                     w.fool.com              6 04:45:1         
[2025-07-26T05:02:57.477+0000] {spark_submit.py:521} INFO -                                                 /investing              4.278565          
[2025-07-26T05:02:57.478+0000] {spark_submit.py:521} INFO -                                                                                          
[2025-07-26T05:02:57.478+0000] {spark_submit.py:521} INFO -  SOFI    0.167425    Somewhat-B  0.086245      https://ww  22323       2025-07-2  2340   
[2025-07-26T05:02:57.478+0000] {spark_submit.py:521} INFO -                      ullish                     w.fool.com              6 04:45:1         
[2025-07-26T05:02:57.478+0000] {spark_submit.py:521} INFO -                                                 /investing              4.278565          
[2025-07-26T05:02:57.479+0000] {spark_submit.py:521} INFO -                                                                                          
[2025-07-26T05:02:57.479+0000] {spark_submit.py:521} INFO - 
[2025-07-26T05:02:57.486+0000] {spark_submit.py:521} INFO - Data inserted into fact_news_companies successfully!
[2025-07-26T05:02:57.563+0000] {spark_submit.py:521} INFO - 25/07/26 05:02:57 INFO SparkContext: SparkContext is stopping with exitCode 0.
[2025-07-26T05:02:57.575+0000] {spark_submit.py:521} INFO - 25/07/26 05:02:57 INFO SparkUI: Stopped Spark web UI at http://3bc71adbf7e0:4040
[2025-07-26T05:02:57.578+0000] {spark_submit.py:521} INFO - 25/07/26 05:02:57 INFO StandaloneSchedulerBackend: Shutting down all executors
[2025-07-26T05:02:57.579+0000] {spark_submit.py:521} INFO - 25/07/26 05:02:57 INFO StandaloneSchedulerBackend$StandaloneDriverEndpoint: Asking each executor to shut down
[2025-07-26T05:02:57.600+0000] {spark_submit.py:521} INFO - 25/07/26 05:02:57 INFO MapOutputTrackerMasterEndpoint: MapOutputTrackerMasterEndpoint stopped!
[2025-07-26T05:02:57.632+0000] {spark_submit.py:521} INFO - 25/07/26 05:02:57 INFO MemoryStore: MemoryStore cleared
[2025-07-26T05:02:57.634+0000] {spark_submit.py:521} INFO - 25/07/26 05:02:57 INFO BlockManager: BlockManager stopped
[2025-07-26T05:02:57.638+0000] {spark_submit.py:521} INFO - 25/07/26 05:02:57 INFO BlockManagerMaster: BlockManagerMaster stopped
[2025-07-26T05:02:57.640+0000] {spark_submit.py:521} INFO - 25/07/26 05:02:57 INFO OutputCommitCoordinator$OutputCommitCoordinatorEndpoint: OutputCommitCoordinator stopped!
[2025-07-26T05:02:57.653+0000] {spark_submit.py:521} INFO - 25/07/26 05:02:57 INFO SparkContext: Successfully stopped SparkContext
[2025-07-26T05:02:57.936+0000] {spark_submit.py:521} INFO - Process completed successfully.
[2025-07-26T05:02:58.139+0000] {spark_submit.py:521} INFO - 25/07/26 05:02:58 INFO ShutdownHookManager: Shutdown hook called
[2025-07-26T05:02:58.140+0000] {spark_submit.py:521} INFO - 25/07/26 05:02:58 INFO ShutdownHookManager: Deleting directory /tmp/spark-44594b10-2075-4901-b133-7b128250a5d5
[2025-07-26T05:02:58.143+0000] {spark_submit.py:521} INFO - 25/07/26 05:02:58 INFO ShutdownHookManager: Deleting directory /tmp/spark-44594b10-2075-4901-b133-7b128250a5d5/pyspark-a235ae71-a21a-4d67-a3f0-64f63bdce764
[2025-07-26T05:02:58.146+0000] {spark_submit.py:521} INFO - 25/07/26 05:02:58 INFO ShutdownHookManager: Deleting directory /tmp/spark-3459e381-619b-4505-89c0-c9e70ab2bc28
[2025-07-26T05:02:58.150+0000] {spark_submit.py:521} INFO - 25/07/26 05:02:58 INFO MetricsSystemImpl: Stopping s3a-file-system metrics system...
[2025-07-26T05:02:58.151+0000] {spark_submit.py:521} INFO - 25/07/26 05:02:58 INFO MetricsSystemImpl: s3a-file-system metrics system stopped.
[2025-07-26T05:02:58.151+0000] {spark_submit.py:521} INFO - 25/07/26 05:02:58 INFO MetricsSystemImpl: s3a-file-system metrics system shutdown complete.
[2025-07-26T05:02:58.185+0000] {taskinstance.py:341} INFO - ::group::Post task execution logs
[2025-07-26T05:02:58.185+0000] {taskinstance.py:353} INFO - Marking task as SUCCESS. dag_id=elt_to_dwh, task_id=transform_task.process_news, run_id=scheduled__2025-07-11T00:00:00+00:00, execution_date=20250711T000000, start_date=20250726T050231, end_date=20250726T050258
[2025-07-26T05:02:58.210+0000] {local_task_job_runner.py:266} INFO - Task exited with return code 0
[2025-07-26T05:02:58.218+0000] {taskinstance.py:3901} INFO - 0 downstream tasks scheduled from follow-on schedule check
[2025-07-26T05:02:58.220+0000] {local_task_job_runner.py:245} INFO - ::endgroup::
