[2025-07-25T11:16:17.441+0000] {local_task_job_runner.py:123} INFO - ::group::Pre task execution logs
[2025-07-25T11:16:17.454+0000] {taskinstance.py:2614} INFO - Dependencies all met for dep_context=non-requeueable deps ti=<TaskInstance: elt_to_dwh.extract_task.load_db_to_parquet scheduled__2025-07-18T00:00:00+00:00 [queued]>
[2025-07-25T11:16:17.462+0000] {taskinstance.py:2614} INFO - Dependencies all met for dep_context=requeueable deps ti=<TaskInstance: elt_to_dwh.extract_task.load_db_to_parquet scheduled__2025-07-18T00:00:00+00:00 [queued]>
[2025-07-25T11:16:17.462+0000] {taskinstance.py:2867} INFO - Starting attempt 1 of 1
[2025-07-25T11:16:17.475+0000] {taskinstance.py:2890} INFO - Executing <Task(PythonOperator): extract_task.load_db_to_parquet> on 2025-07-18 00:00:00+00:00
[2025-07-25T11:16:17.482+0000] {standard_task_runner.py:104} INFO - Running: ['airflow', 'tasks', 'run', 'elt_to_dwh', 'extract_task.load_db_to_parquet', 'scheduled__2025-07-18T00:00:00+00:00', '--job-id', '122', '--raw', '--subdir', 'DAGS_FOLDER/elt_to_dwh.py', '--cfg-path', '/tmp/tmptmugvxjb']
[2025-07-25T11:16:17.484+0000] {standard_task_runner.py:105} INFO - Job 122: Subtask extract_task.load_db_to_parquet
[2025-07-25T11:16:17.486+0000] {logging_mixin.py:190} WARNING - /home/airflow/.local/lib/python3.12/site-packages/airflow/task/task_runner/standard_task_runner.py:70 DeprecationWarning: This process (pid=3656) is multi-threaded, use of fork() may lead to deadlocks in the child.
[2025-07-25T11:16:17.487+0000] {standard_task_runner.py:72} INFO - Started process 3666 to run task
[2025-07-25T11:16:17.520+0000] {task_command.py:467} INFO - Running <TaskInstance: elt_to_dwh.extract_task.load_db_to_parquet scheduled__2025-07-18T00:00:00+00:00 [running]> on host 74cfddf97016
[2025-07-25T11:16:17.581+0000] {taskinstance.py:3134} INFO - Exporting env vars: AIRFLOW_CTX_DAG_OWNER='airflow' AIRFLOW_CTX_DAG_ID='elt_to_dwh' AIRFLOW_CTX_TASK_ID='extract_task.load_db_to_parquet' AIRFLOW_CTX_EXECUTION_DATE='2025-07-18T00:00:00+00:00' AIRFLOW_CTX_TRY_NUMBER='1' AIRFLOW_CTX_DAG_RUN_ID='scheduled__2025-07-18T00:00:00+00:00'
[2025-07-25T11:16:17.582+0000] {taskinstance.py:732} INFO - ::endgroup::
[2025-07-25T11:16:18.904+0000] {logging_mixin.py:190} INFO - [Company extract] retrieved 23670 rows from the database
[2025-07-25T11:16:18.962+0000] {logging_mixin.py:190} INFO - Saved data from database to parquet successfully at /opt/airflow/data/parquet/companies/crawl_companies-20250718.parquet
[2025-07-25T11:16:18.963+0000] {python.py:240} INFO - Done. Returned value was: None
[2025-07-25T11:16:18.973+0000] {taskinstance.py:341} INFO - ::group::Post task execution logs
[2025-07-25T11:16:18.974+0000] {taskinstance.py:353} INFO - Marking task as SUCCESS. dag_id=elt_to_dwh, task_id=extract_task.load_db_to_parquet, run_id=scheduled__2025-07-18T00:00:00+00:00, execution_date=20250718T000000, start_date=20250725T111617, end_date=20250725T111618
[2025-07-25T11:16:19.027+0000] {local_task_job_runner.py:266} INFO - Task exited with return code 0
[2025-07-25T11:16:19.051+0000] {taskinstance.py:3901} INFO - 0 downstream tasks scheduled from follow-on schedule check
[2025-07-25T11:16:19.060+0000] {local_task_job_runner.py:245} INFO - ::endgroup::
[2025-07-25T11:55:20.313+0000] {local_task_job_runner.py:123} INFO - ::group::Pre task execution logs
[2025-07-25T11:55:20.333+0000] {taskinstance.py:2614} INFO - Dependencies all met for dep_context=non-requeueable deps ti=<TaskInstance: elt_to_dwh.extract_task.load_db_to_parquet scheduled__2025-07-18T00:00:00+00:00 [queued]>
[2025-07-25T11:55:20.346+0000] {taskinstance.py:2614} INFO - Dependencies all met for dep_context=requeueable deps ti=<TaskInstance: elt_to_dwh.extract_task.load_db_to_parquet scheduled__2025-07-18T00:00:00+00:00 [queued]>
[2025-07-25T11:55:20.346+0000] {taskinstance.py:2867} INFO - Starting attempt 1 of 1
[2025-07-25T11:55:20.364+0000] {taskinstance.py:2890} INFO - Executing <Task(PythonOperator): extract_task.load_db_to_parquet> on 2025-07-18 00:00:00+00:00
[2025-07-25T11:55:20.375+0000] {standard_task_runner.py:104} INFO - Running: ['airflow', 'tasks', 'run', 'elt_to_dwh', 'extract_task.load_db_to_parquet', 'scheduled__2025-07-18T00:00:00+00:00', '--job-id', '183', '--raw', '--subdir', 'DAGS_FOLDER/elt_to_dwh.py', '--cfg-path', '/tmp/tmpnvzy4wr1']
[2025-07-25T11:55:20.378+0000] {standard_task_runner.py:105} INFO - Job 183: Subtask extract_task.load_db_to_parquet
[2025-07-25T11:55:20.381+0000] {logging_mixin.py:190} WARNING - /home/airflow/.local/lib/python3.12/site-packages/airflow/task/task_runner/standard_task_runner.py:70 DeprecationWarning: This process (pid=5141) is multi-threaded, use of fork() may lead to deadlocks in the child.
[2025-07-25T11:55:20.381+0000] {standard_task_runner.py:72} INFO - Started process 5151 to run task
[2025-07-25T11:55:20.429+0000] {task_command.py:467} INFO - Running <TaskInstance: elt_to_dwh.extract_task.load_db_to_parquet scheduled__2025-07-18T00:00:00+00:00 [running]> on host 74cfddf97016
[2025-07-25T11:55:20.525+0000] {taskinstance.py:3134} INFO - Exporting env vars: AIRFLOW_CTX_DAG_OWNER='airflow' AIRFLOW_CTX_DAG_ID='elt_to_dwh' AIRFLOW_CTX_TASK_ID='extract_task.load_db_to_parquet' AIRFLOW_CTX_EXECUTION_DATE='2025-07-18T00:00:00+00:00' AIRFLOW_CTX_TRY_NUMBER='1' AIRFLOW_CTX_DAG_RUN_ID='scheduled__2025-07-18T00:00:00+00:00'
[2025-07-25T11:55:20.527+0000] {taskinstance.py:732} INFO - ::endgroup::
[2025-07-25T11:55:21.901+0000] {logging_mixin.py:190} INFO - [Company extract] retrieved 23670 rows from the database
[2025-07-25T11:55:22.055+0000] {logging_mixin.py:190} INFO - Saved data from database to parquet successfully at /opt/airflow/data/parquet/companies/crawl_companies-20250718.parquet
[2025-07-25T11:55:22.069+0000] {python.py:240} INFO - Done. Returned value was: None
[2025-07-25T11:55:22.109+0000] {taskinstance.py:341} INFO - ::group::Post task execution logs
[2025-07-25T11:55:22.137+0000] {taskinstance.py:353} INFO - Marking task as SUCCESS. dag_id=elt_to_dwh, task_id=extract_task.load_db_to_parquet, run_id=scheduled__2025-07-18T00:00:00+00:00, execution_date=20250718T000000, start_date=20250725T115520, end_date=20250725T115522
[2025-07-25T11:55:22.286+0000] {local_task_job_runner.py:266} INFO - Task exited with return code 0
[2025-07-25T11:55:22.327+0000] {taskinstance.py:3901} INFO - 0 downstream tasks scheduled from follow-on schedule check
[2025-07-25T11:55:22.345+0000] {local_task_job_runner.py:245} INFO - ::endgroup::
[2025-07-26T05:09:00.839+0000] {local_task_job_runner.py:123} INFO - ::group::Pre task execution logs
[2025-07-26T05:09:00.858+0000] {taskinstance.py:2614} INFO - Dependencies all met for dep_context=non-requeueable deps ti=<TaskInstance: elt_to_dwh.extract_task.load_db_to_parquet scheduled__2025-07-18T00:00:00+00:00 [queued]>
[2025-07-26T05:09:00.867+0000] {taskinstance.py:2614} INFO - Dependencies all met for dep_context=requeueable deps ti=<TaskInstance: elt_to_dwh.extract_task.load_db_to_parquet scheduled__2025-07-18T00:00:00+00:00 [queued]>
[2025-07-26T05:09:00.868+0000] {taskinstance.py:2867} INFO - Starting attempt 1 of 1
[2025-07-26T05:09:00.890+0000] {taskinstance.py:2890} INFO - Executing <Task(PythonOperator): extract_task.load_db_to_parquet> on 2025-07-18 00:00:00+00:00
[2025-07-26T05:09:00.900+0000] {standard_task_runner.py:104} INFO - Running: ['airflow', 'tasks', 'run', 'elt_to_dwh', 'extract_task.load_db_to_parquet', 'scheduled__2025-07-18T00:00:00+00:00', '--job-id', '91', '--raw', '--subdir', 'DAGS_FOLDER/elt_to_dwh.py', '--cfg-path', '/tmp/tmptlxcsvql']
[2025-07-26T05:09:00.903+0000] {standard_task_runner.py:105} INFO - Job 91: Subtask extract_task.load_db_to_parquet
[2025-07-26T05:09:00.907+0000] {logging_mixin.py:190} WARNING - /home/airflow/.local/lib/python3.12/site-packages/airflow/task/task_runner/standard_task_runner.py:70 DeprecationWarning: This process (pid=5756) is multi-threaded, use of fork() may lead to deadlocks in the child.
[2025-07-26T05:09:00.908+0000] {standard_task_runner.py:72} INFO - Started process 5766 to run task
[2025-07-26T05:09:00.957+0000] {task_command.py:467} INFO - Running <TaskInstance: elt_to_dwh.extract_task.load_db_to_parquet scheduled__2025-07-18T00:00:00+00:00 [running]> on host 3bc71adbf7e0
[2025-07-26T05:09:01.065+0000] {taskinstance.py:3134} INFO - Exporting env vars: AIRFLOW_CTX_DAG_OWNER='airflow' AIRFLOW_CTX_DAG_ID='elt_to_dwh' AIRFLOW_CTX_TASK_ID='extract_task.load_db_to_parquet' AIRFLOW_CTX_EXECUTION_DATE='2025-07-18T00:00:00+00:00' AIRFLOW_CTX_TRY_NUMBER='1' AIRFLOW_CTX_DAG_RUN_ID='scheduled__2025-07-18T00:00:00+00:00'
[2025-07-26T05:09:01.067+0000] {taskinstance.py:732} INFO - ::endgroup::
[2025-07-26T05:09:02.045+0000] {logging_mixin.py:190} INFO - [Company extract] retrieved 23670 rows from the database
[2025-07-26T05:09:02.081+0000] {logging_mixin.py:190} INFO - Saved data from database to parquet successfully at /opt/airflow/data/parquet/companies/crawl_companies-20250718.parquet
[2025-07-26T05:09:02.081+0000] {python.py:240} INFO - Done. Returned value was: None
[2025-07-26T05:09:02.085+0000] {taskinstance.py:341} INFO - ::group::Post task execution logs
[2025-07-26T05:09:02.086+0000] {taskinstance.py:353} INFO - Marking task as SUCCESS. dag_id=elt_to_dwh, task_id=extract_task.load_db_to_parquet, run_id=scheduled__2025-07-18T00:00:00+00:00, execution_date=20250718T000000, start_date=20250726T050900, end_date=20250726T050902
[2025-07-26T05:09:02.130+0000] {local_task_job_runner.py:266} INFO - Task exited with return code 0
[2025-07-26T05:09:02.143+0000] {taskinstance.py:3901} INFO - 0 downstream tasks scheduled from follow-on schedule check
[2025-07-26T05:09:02.144+0000] {local_task_job_runner.py:245} INFO - ::endgroup::
