[2025-07-25T11:17:21.732+0000] {local_task_job_runner.py:123} INFO - ::group::Pre task execution logs
[2025-07-25T11:17:21.749+0000] {taskinstance.py:2614} INFO - Dependencies all met for dep_context=non-requeueable deps ti=<TaskInstance: elt_to_dwh.extract_task.load_db_to_parquet scheduled__2025-07-19T00:00:00+00:00 [queued]>
[2025-07-25T11:17:21.759+0000] {taskinstance.py:2614} INFO - Dependencies all met for dep_context=requeueable deps ti=<TaskInstance: elt_to_dwh.extract_task.load_db_to_parquet scheduled__2025-07-19T00:00:00+00:00 [queued]>
[2025-07-25T11:17:21.760+0000] {taskinstance.py:2867} INFO - Starting attempt 1 of 1
[2025-07-25T11:17:21.778+0000] {taskinstance.py:2890} INFO - Executing <Task(PythonOperator): extract_task.load_db_to_parquet> on 2025-07-19 00:00:00+00:00
[2025-07-25T11:17:21.788+0000] {standard_task_runner.py:104} INFO - Running: ['airflow', 'tasks', 'run', 'elt_to_dwh', 'extract_task.load_db_to_parquet', 'scheduled__2025-07-19T00:00:00+00:00', '--job-id', '132', '--raw', '--subdir', 'DAGS_FOLDER/elt_to_dwh.py', '--cfg-path', '/tmp/tmp4d84bvm0']
[2025-07-25T11:17:21.790+0000] {standard_task_runner.py:105} INFO - Job 132: Subtask extract_task.load_db_to_parquet
[2025-07-25T11:17:21.793+0000] {logging_mixin.py:190} WARNING - /home/airflow/.local/lib/python3.12/site-packages/airflow/task/task_runner/standard_task_runner.py:70 DeprecationWarning: This process (pid=4003) is multi-threaded, use of fork() may lead to deadlocks in the child.
[2025-07-25T11:17:21.794+0000] {standard_task_runner.py:72} INFO - Started process 4013 to run task
[2025-07-25T11:17:21.830+0000] {task_command.py:467} INFO - Running <TaskInstance: elt_to_dwh.extract_task.load_db_to_parquet scheduled__2025-07-19T00:00:00+00:00 [running]> on host 74cfddf97016
[2025-07-25T11:17:22.249+0000] {taskinstance.py:3134} INFO - Exporting env vars: AIRFLOW_CTX_DAG_OWNER='airflow' AIRFLOW_CTX_DAG_ID='elt_to_dwh' AIRFLOW_CTX_TASK_ID='extract_task.load_db_to_parquet' AIRFLOW_CTX_EXECUTION_DATE='2025-07-19T00:00:00+00:00' AIRFLOW_CTX_TRY_NUMBER='1' AIRFLOW_CTX_DAG_RUN_ID='scheduled__2025-07-19T00:00:00+00:00'
[2025-07-25T11:17:22.263+0000] {taskinstance.py:732} INFO - ::endgroup::
[2025-07-25T11:17:23.427+0000] {logging_mixin.py:190} INFO - [Company extract] retrieved 23670 rows from the database
[2025-07-25T11:17:23.457+0000] {logging_mixin.py:190} INFO - Saved data from database to parquet successfully at /opt/airflow/data/parquet/companies/crawl_companies-20250719.parquet
[2025-07-25T11:17:23.458+0000] {python.py:240} INFO - Done. Returned value was: None
[2025-07-25T11:17:23.464+0000] {taskinstance.py:341} INFO - ::group::Post task execution logs
[2025-07-25T11:17:23.464+0000] {taskinstance.py:353} INFO - Marking task as SUCCESS. dag_id=elt_to_dwh, task_id=extract_task.load_db_to_parquet, run_id=scheduled__2025-07-19T00:00:00+00:00, execution_date=20250719T000000, start_date=20250725T111721, end_date=20250725T111723
[2025-07-25T11:17:23.520+0000] {local_task_job_runner.py:266} INFO - Task exited with return code 0
[2025-07-25T11:17:23.532+0000] {taskinstance.py:3901} INFO - 0 downstream tasks scheduled from follow-on schedule check
[2025-07-25T11:17:23.541+0000] {local_task_job_runner.py:245} INFO - ::endgroup::
[2025-07-25T11:56:07.115+0000] {local_task_job_runner.py:123} INFO - ::group::Pre task execution logs
[2025-07-25T11:56:07.131+0000] {taskinstance.py:2614} INFO - Dependencies all met for dep_context=non-requeueable deps ti=<TaskInstance: elt_to_dwh.extract_task.load_db_to_parquet scheduled__2025-07-19T00:00:00+00:00 [queued]>
[2025-07-25T11:56:07.144+0000] {taskinstance.py:2614} INFO - Dependencies all met for dep_context=requeueable deps ti=<TaskInstance: elt_to_dwh.extract_task.load_db_to_parquet scheduled__2025-07-19T00:00:00+00:00 [queued]>
[2025-07-25T11:56:07.144+0000] {taskinstance.py:2867} INFO - Starting attempt 1 of 1
[2025-07-25T11:56:07.163+0000] {taskinstance.py:2890} INFO - Executing <Task(PythonOperator): extract_task.load_db_to_parquet> on 2025-07-19 00:00:00+00:00
[2025-07-25T11:56:07.172+0000] {standard_task_runner.py:104} INFO - Running: ['airflow', 'tasks', 'run', 'elt_to_dwh', 'extract_task.load_db_to_parquet', 'scheduled__2025-07-19T00:00:00+00:00', '--job-id', '189', '--raw', '--subdir', 'DAGS_FOLDER/elt_to_dwh.py', '--cfg-path', '/tmp/tmps6074s2o']
[2025-07-25T11:56:07.174+0000] {standard_task_runner.py:105} INFO - Job 189: Subtask extract_task.load_db_to_parquet
[2025-07-25T11:56:07.177+0000] {logging_mixin.py:190} WARNING - /home/airflow/.local/lib/python3.12/site-packages/airflow/task/task_runner/standard_task_runner.py:70 DeprecationWarning: This process (pid=5248) is multi-threaded, use of fork() may lead to deadlocks in the child.
[2025-07-25T11:56:07.178+0000] {standard_task_runner.py:72} INFO - Started process 5258 to run task
[2025-07-25T11:56:07.222+0000] {task_command.py:467} INFO - Running <TaskInstance: elt_to_dwh.extract_task.load_db_to_parquet scheduled__2025-07-19T00:00:00+00:00 [running]> on host 74cfddf97016
[2025-07-25T11:56:07.314+0000] {taskinstance.py:3134} INFO - Exporting env vars: AIRFLOW_CTX_DAG_OWNER='airflow' AIRFLOW_CTX_DAG_ID='elt_to_dwh' AIRFLOW_CTX_TASK_ID='extract_task.load_db_to_parquet' AIRFLOW_CTX_EXECUTION_DATE='2025-07-19T00:00:00+00:00' AIRFLOW_CTX_TRY_NUMBER='1' AIRFLOW_CTX_DAG_RUN_ID='scheduled__2025-07-19T00:00:00+00:00'
[2025-07-25T11:56:07.316+0000] {taskinstance.py:732} INFO - ::endgroup::
[2025-07-25T11:56:09.006+0000] {logging_mixin.py:190} INFO - [Company extract] retrieved 23670 rows from the database
[2025-07-25T11:56:09.071+0000] {logging_mixin.py:190} INFO - Saved data from database to parquet successfully at /opt/airflow/data/parquet/companies/crawl_companies-20250719.parquet
[2025-07-25T11:56:09.073+0000] {python.py:240} INFO - Done. Returned value was: None
[2025-07-25T11:56:09.083+0000] {taskinstance.py:341} INFO - ::group::Post task execution logs
[2025-07-25T11:56:09.084+0000] {taskinstance.py:353} INFO - Marking task as SUCCESS. dag_id=elt_to_dwh, task_id=extract_task.load_db_to_parquet, run_id=scheduled__2025-07-19T00:00:00+00:00, execution_date=20250719T000000, start_date=20250725T115607, end_date=20250725T115609
[2025-07-25T11:56:09.165+0000] {local_task_job_runner.py:266} INFO - Task exited with return code 0
[2025-07-25T11:56:09.192+0000] {taskinstance.py:3901} INFO - 0 downstream tasks scheduled from follow-on schedule check
[2025-07-25T11:56:09.202+0000] {local_task_job_runner.py:245} INFO - ::endgroup::
[2025-07-26T05:09:39.583+0000] {local_task_job_runner.py:123} INFO - ::group::Pre task execution logs
[2025-07-26T05:09:39.600+0000] {taskinstance.py:2614} INFO - Dependencies all met for dep_context=non-requeueable deps ti=<TaskInstance: elt_to_dwh.extract_task.load_db_to_parquet scheduled__2025-07-19T00:00:00+00:00 [queued]>
[2025-07-26T05:09:39.608+0000] {taskinstance.py:2614} INFO - Dependencies all met for dep_context=requeueable deps ti=<TaskInstance: elt_to_dwh.extract_task.load_db_to_parquet scheduled__2025-07-19T00:00:00+00:00 [queued]>
[2025-07-26T05:09:39.609+0000] {taskinstance.py:2867} INFO - Starting attempt 1 of 1
[2025-07-26T05:09:39.628+0000] {taskinstance.py:2890} INFO - Executing <Task(PythonOperator): extract_task.load_db_to_parquet> on 2025-07-19 00:00:00+00:00
[2025-07-26T05:09:39.637+0000] {standard_task_runner.py:104} INFO - Running: ['airflow', 'tasks', 'run', 'elt_to_dwh', 'extract_task.load_db_to_parquet', 'scheduled__2025-07-19T00:00:00+00:00', '--job-id', '98', '--raw', '--subdir', 'DAGS_FOLDER/elt_to_dwh.py', '--cfg-path', '/tmp/tmprlw8gur0']
[2025-07-26T05:09:39.639+0000] {standard_task_runner.py:105} INFO - Job 98: Subtask extract_task.load_db_to_parquet
[2025-07-26T05:09:39.642+0000] {logging_mixin.py:190} WARNING - /home/airflow/.local/lib/python3.12/site-packages/airflow/task/task_runner/standard_task_runner.py:70 DeprecationWarning: This process (pid=5882) is multi-threaded, use of fork() may lead to deadlocks in the child.
[2025-07-26T05:09:39.643+0000] {standard_task_runner.py:72} INFO - Started process 5892 to run task
[2025-07-26T05:09:39.681+0000] {task_command.py:467} INFO - Running <TaskInstance: elt_to_dwh.extract_task.load_db_to_parquet scheduled__2025-07-19T00:00:00+00:00 [running]> on host 3bc71adbf7e0
[2025-07-26T05:09:39.763+0000] {taskinstance.py:3134} INFO - Exporting env vars: AIRFLOW_CTX_DAG_OWNER='airflow' AIRFLOW_CTX_DAG_ID='elt_to_dwh' AIRFLOW_CTX_TASK_ID='extract_task.load_db_to_parquet' AIRFLOW_CTX_EXECUTION_DATE='2025-07-19T00:00:00+00:00' AIRFLOW_CTX_TRY_NUMBER='1' AIRFLOW_CTX_DAG_RUN_ID='scheduled__2025-07-19T00:00:00+00:00'
[2025-07-26T05:09:39.765+0000] {taskinstance.py:732} INFO - ::endgroup::
[2025-07-26T05:09:40.592+0000] {logging_mixin.py:190} INFO - [Company extract] retrieved 23670 rows from the database
[2025-07-26T05:09:40.638+0000] {logging_mixin.py:190} INFO - Saved data from database to parquet successfully at /opt/airflow/data/parquet/companies/crawl_companies-20250719.parquet
[2025-07-26T05:09:40.639+0000] {python.py:240} INFO - Done. Returned value was: None
[2025-07-26T05:09:40.646+0000] {taskinstance.py:341} INFO - ::group::Post task execution logs
[2025-07-26T05:09:40.648+0000] {taskinstance.py:353} INFO - Marking task as SUCCESS. dag_id=elt_to_dwh, task_id=extract_task.load_db_to_parquet, run_id=scheduled__2025-07-19T00:00:00+00:00, execution_date=20250719T000000, start_date=20250726T050939, end_date=20250726T050940
[2025-07-26T05:09:40.702+0000] {local_task_job_runner.py:266} INFO - Task exited with return code 0
[2025-07-26T05:09:40.718+0000] {taskinstance.py:3901} INFO - 0 downstream tasks scheduled from follow-on schedule check
[2025-07-26T05:09:40.719+0000] {local_task_job_runner.py:245} INFO - ::endgroup::
