[2025-07-26T04:59:28.124+0000] {local_task_job_runner.py:123} INFO - ::group::Pre task execution logs
[2025-07-26T04:59:28.141+0000] {taskinstance.py:2614} INFO - Dependencies all met for dep_context=non-requeueable deps ti=<TaskInstance: elt_to_dwh.transform_task.process_ohlcs scheduled__2025-07-10T00:00:00+00:00 [queued]>
[2025-07-26T04:59:28.153+0000] {taskinstance.py:2614} INFO - Dependencies all met for dep_context=requeueable deps ti=<TaskInstance: elt_to_dwh.transform_task.process_ohlcs scheduled__2025-07-10T00:00:00+00:00 [queued]>
[2025-07-26T04:59:28.154+0000] {taskinstance.py:2867} INFO - Starting attempt 1 of 1
[2025-07-26T04:59:28.174+0000] {taskinstance.py:2890} INFO - Executing <Task(SparkSubmitOperator): transform_task.process_ohlcs> on 2025-07-10 00:00:00+00:00
[2025-07-26T04:59:28.184+0000] {standard_task_runner.py:104} INFO - Running: ['airflow', 'tasks', 'run', 'elt_to_dwh', 'transform_task.process_ohlcs', 'scheduled__2025-07-10T00:00:00+00:00', '--job-id', '49', '--raw', '--subdir', 'DAGS_FOLDER/elt_to_dwh.py', '--cfg-path', '/tmp/tmpvqcunwhx']
[2025-07-26T04:59:28.186+0000] {standard_task_runner.py:105} INFO - Job 49: Subtask transform_task.process_ohlcs
[2025-07-26T04:59:28.192+0000] {logging_mixin.py:190} WARNING - /home/airflow/.local/lib/python3.12/site-packages/airflow/task/task_runner/standard_task_runner.py:70 DeprecationWarning: This process (pid=1218) is multi-threaded, use of fork() may lead to deadlocks in the child.
[2025-07-26T04:59:28.193+0000] {standard_task_runner.py:72} INFO - Started process 1228 to run task
[2025-07-26T04:59:28.225+0000] {task_command.py:467} INFO - Running <TaskInstance: elt_to_dwh.transform_task.process_ohlcs scheduled__2025-07-10T00:00:00+00:00 [running]> on host 3bc71adbf7e0
[2025-07-26T04:59:28.323+0000] {taskinstance.py:3134} INFO - Exporting env vars: AIRFLOW_CTX_DAG_OWNER='airflow' AIRFLOW_CTX_DAG_ID='elt_to_dwh' AIRFLOW_CTX_TASK_ID='transform_task.process_ohlcs' AIRFLOW_CTX_EXECUTION_DATE='2025-07-10T00:00:00+00:00' AIRFLOW_CTX_TRY_NUMBER='1' AIRFLOW_CTX_DAG_RUN_ID='scheduled__2025-07-10T00:00:00+00:00'
[2025-07-26T04:59:28.324+0000] {taskinstance.py:732} INFO - ::endgroup::
[2025-07-26T04:59:28.350+0000] {base.py:84} INFO - Retrieving connection 'spark_conn'
[2025-07-26T04:59:28.352+0000] {spark_submit.py:351} INFO - Spark-Submit cmd: spark-submit --master spark-master:7077 --name arrow-spark /opt/airflow/scripts/elt_to_dwh/transform/process_ohlcs.py 2025-07-10
[2025-07-26T04:59:32.843+0000] {spark_submit.py:521} INFO - Execution date string: 2025-07-10
[2025-07-26T04:59:33.355+0000] {spark_submit.py:521} INFO - Reading from: s3a://stock-project-datalake/ohlcs/crawl_ohlcs-20250710.parquet
[2025-07-26T04:59:33.464+0000] {spark_submit.py:521} INFO - 25/07/26 04:59:33 INFO SparkContext: Running Spark version 3.5.6
[2025-07-26T04:59:33.466+0000] {spark_submit.py:521} INFO - 25/07/26 04:59:33 INFO SparkContext: OS info Linux, 5.15.153.1-microsoft-standard-WSL2, amd64
[2025-07-26T04:59:33.466+0000] {spark_submit.py:521} INFO - 25/07/26 04:59:33 INFO SparkContext: Java version 17.0.15
[2025-07-26T04:59:33.580+0000] {spark_submit.py:521} INFO - 25/07/26 04:59:33 WARN NativeCodeLoader: Unable to load native-hadoop library for your platform... using builtin-java classes where applicable
[2025-07-26T04:59:33.848+0000] {spark_submit.py:521} INFO - 25/07/26 04:59:33 INFO ResourceUtils: ==============================================================
[2025-07-26T04:59:33.849+0000] {spark_submit.py:521} INFO - 25/07/26 04:59:33 INFO ResourceUtils: No custom resources configured for spark.driver.
[2025-07-26T04:59:33.850+0000] {spark_submit.py:521} INFO - 25/07/26 04:59:33 INFO ResourceUtils: ==============================================================
[2025-07-26T04:59:33.850+0000] {spark_submit.py:521} INFO - 25/07/26 04:59:33 INFO SparkContext: Submitted application: process_ohlcs
[2025-07-26T04:59:33.872+0000] {spark_submit.py:521} INFO - 25/07/26 04:59:33 INFO ResourceProfile: Default ResourceProfile created, executor resources: Map(memory -> name: memory, amount: 1024, script: , vendor: , offHeap -> name: offHeap, amount: 0, script: , vendor: ), task resources: Map(cpus -> name: cpus, amount: 1.0)
[2025-07-26T04:59:33.881+0000] {spark_submit.py:521} INFO - 25/07/26 04:59:33 INFO ResourceProfile: Limiting resource is cpu
[2025-07-26T04:59:33.882+0000] {spark_submit.py:521} INFO - 25/07/26 04:59:33 INFO ResourceProfileManager: Added ResourceProfile id: 0
[2025-07-26T04:59:33.952+0000] {spark_submit.py:521} INFO - 25/07/26 04:59:33 INFO SecurityManager: Changing view acls to: airflow
[2025-07-26T04:59:33.953+0000] {spark_submit.py:521} INFO - 25/07/26 04:59:33 INFO SecurityManager: Changing modify acls to: airflow
[2025-07-26T04:59:33.954+0000] {spark_submit.py:521} INFO - 25/07/26 04:59:33 INFO SecurityManager: Changing view acls groups to:
[2025-07-26T04:59:33.955+0000] {spark_submit.py:521} INFO - 25/07/26 04:59:33 INFO SecurityManager: Changing modify acls groups to:
[2025-07-26T04:59:33.956+0000] {spark_submit.py:521} INFO - 25/07/26 04:59:33 INFO SecurityManager: SecurityManager: authentication disabled; ui acls disabled; users with view permissions: airflow; groups with view permissions: EMPTY; users with modify permissions: airflow; groups with modify permissions: EMPTY
[2025-07-26T04:59:34.255+0000] {spark_submit.py:521} INFO - 25/07/26 04:59:34 INFO Utils: Successfully started service 'sparkDriver' on port 40039.
[2025-07-26T04:59:34.292+0000] {spark_submit.py:521} INFO - 25/07/26 04:59:34 INFO SparkEnv: Registering MapOutputTracker
[2025-07-26T04:59:34.330+0000] {spark_submit.py:521} INFO - 25/07/26 04:59:34 INFO SparkEnv: Registering BlockManagerMaster
[2025-07-26T04:59:34.357+0000] {spark_submit.py:521} INFO - 25/07/26 04:59:34 INFO BlockManagerMasterEndpoint: Using org.apache.spark.storage.DefaultTopologyMapper for getting topology information
[2025-07-26T04:59:34.358+0000] {spark_submit.py:521} INFO - 25/07/26 04:59:34 INFO BlockManagerMasterEndpoint: BlockManagerMasterEndpoint up
[2025-07-26T04:59:34.363+0000] {spark_submit.py:521} INFO - 25/07/26 04:59:34 INFO SparkEnv: Registering BlockManagerMasterHeartbeat
[2025-07-26T04:59:34.395+0000] {spark_submit.py:521} INFO - 25/07/26 04:59:34 INFO DiskBlockManager: Created local directory at /tmp/blockmgr-ca3dccc1-9b3d-4829-825c-ad8b6e25907d
[2025-07-26T04:59:34.414+0000] {spark_submit.py:521} INFO - 25/07/26 04:59:34 INFO MemoryStore: MemoryStore started with capacity 434.4 MiB
[2025-07-26T04:59:34.435+0000] {spark_submit.py:521} INFO - 25/07/26 04:59:34 INFO SparkEnv: Registering OutputCommitCoordinator
[2025-07-26T04:59:34.585+0000] {spark_submit.py:521} INFO - 25/07/26 04:59:34 INFO JettyUtils: Start Jetty 0.0.0.0:4040 for SparkUI
[2025-07-26T04:59:34.658+0000] {spark_submit.py:521} INFO - 25/07/26 04:59:34 INFO Utils: Successfully started service 'SparkUI' on port 4040.
[2025-07-26T04:59:34.797+0000] {spark_submit.py:521} INFO - 25/07/26 04:59:34 INFO StandaloneAppClient$ClientEndpoint: Connecting to master spark://spark-master:7077...
[2025-07-26T04:59:34.843+0000] {spark_submit.py:521} INFO - 25/07/26 04:59:34 INFO TransportClientFactory: Successfully created connection to spark-master/172.18.0.5:7077 after 23 ms (0 ms spent in bootstraps)
[2025-07-26T04:59:34.982+0000] {spark_submit.py:521} INFO - 25/07/26 04:59:34 INFO StandaloneSchedulerBackend: Connected to Spark cluster with app ID app-20250726045934-0000
[2025-07-26T04:59:34.993+0000] {spark_submit.py:521} INFO - 25/07/26 04:59:34 INFO Utils: Successfully started service 'org.apache.spark.network.netty.NettyBlockTransferService' on port 36733.
[2025-07-26T04:59:34.994+0000] {spark_submit.py:521} INFO - 25/07/26 04:59:34 INFO NettyBlockTransferService: Server created on 3bc71adbf7e0:36733
[2025-07-26T04:59:34.997+0000] {spark_submit.py:521} INFO - 25/07/26 04:59:34 INFO BlockManager: Using org.apache.spark.storage.RandomBlockReplicationPolicy for block replication policy
[2025-07-26T04:59:35.009+0000] {spark_submit.py:521} INFO - 25/07/26 04:59:35 INFO BlockManagerMaster: Registering BlockManager BlockManagerId(driver, 3bc71adbf7e0, 36733, None)
[2025-07-26T04:59:35.015+0000] {spark_submit.py:521} INFO - 25/07/26 04:59:35 INFO BlockManagerMasterEndpoint: Registering block manager 3bc71adbf7e0:36733 with 434.4 MiB RAM, BlockManagerId(driver, 3bc71adbf7e0, 36733, None)
[2025-07-26T04:59:35.018+0000] {spark_submit.py:521} INFO - 25/07/26 04:59:35 INFO StandaloneAppClient$ClientEndpoint: Executor added: app-20250726045934-0000/0 on worker-20250726042217-172.18.0.6-40723 (172.18.0.6:40723) with 2 core(s)
[2025-07-26T04:59:35.019+0000] {spark_submit.py:521} INFO - 25/07/26 04:59:35 INFO BlockManagerMaster: Registered BlockManager BlockManagerId(driver, 3bc71adbf7e0, 36733, None)
[2025-07-26T04:59:35.020+0000] {spark_submit.py:521} INFO - 25/07/26 04:59:35 INFO BlockManager: Initialized BlockManager: BlockManagerId(driver, 3bc71adbf7e0, 36733, None)
[2025-07-26T04:59:35.021+0000] {spark_submit.py:521} INFO - 25/07/26 04:59:35 INFO StandaloneSchedulerBackend: Granted executor ID app-20250726045934-0000/0 on hostPort 172.18.0.6:40723 with 2 core(s), 1024.0 MiB RAM
[2025-07-26T04:59:35.264+0000] {spark_submit.py:521} INFO - 25/07/26 04:59:35 INFO StandaloneAppClient$ClientEndpoint: Executor updated: app-20250726045934-0000/0 is now RUNNING
[2025-07-26T04:59:35.519+0000] {spark_submit.py:521} INFO - 25/07/26 04:59:35 INFO StandaloneSchedulerBackend: SchedulerBackend is ready for scheduling beginning after reached minRegisteredResourcesRatio: 0.0
[2025-07-26T04:59:35.992+0000] {spark_submit.py:521} INFO - 25/07/26 04:59:35 INFO SharedState: Setting hive.metastore.warehouse.dir ('null') to the value of spark.sql.warehouse.dir.
[2025-07-26T04:59:36.005+0000] {spark_submit.py:521} INFO - 25/07/26 04:59:36 INFO SharedState: Warehouse path is 'file:/opt/airflow/spark-warehouse'.
[2025-07-26T04:59:38.033+0000] {spark_submit.py:521} INFO - 25/07/26 04:59:38 WARN MetricsConfig: Cannot locate configuration: tried hadoop-metrics2-s3a-file-system.properties,hadoop-metrics2.properties
[2025-07-26T04:59:38.047+0000] {spark_submit.py:521} INFO - 25/07/26 04:59:38 INFO MetricsSystemImpl: Scheduled Metric snapshot period at 10 second(s).
[2025-07-26T04:59:38.048+0000] {spark_submit.py:521} INFO - 25/07/26 04:59:38 INFO MetricsSystemImpl: s3a-file-system metrics system started
[2025-07-26T04:59:38.812+0000] {spark_submit.py:521} INFO - 25/07/26 04:59:38 INFO StandaloneSchedulerBackend$StandaloneDriverEndpoint: Registered executor NettyRpcEndpointRef(spark-client://Executor) (172.18.0.6:60356) with ID 0,  ResourceProfileId 0
[2025-07-26T04:59:38.903+0000] {spark_submit.py:521} INFO - 25/07/26 04:59:38 INFO BlockManagerMasterEndpoint: Registering block manager 172.18.0.6:46001 with 434.4 MiB RAM, BlockManagerId(0, 172.18.0.6, 46001, None)
[2025-07-26T04:59:40.693+0000] {spark_submit.py:521} INFO - 25/07/26 04:59:40 INFO InMemoryFileIndex: It took 198 ms to list leaf files for 1 paths.
[2025-07-26T04:59:41.065+0000] {spark_submit.py:521} INFO - 25/07/26 04:59:41 INFO SparkContext: Starting job: parquet at NativeMethodAccessorImpl.java:0
[2025-07-26T04:59:41.082+0000] {spark_submit.py:521} INFO - 25/07/26 04:59:41 INFO DAGScheduler: Got job 0 (parquet at NativeMethodAccessorImpl.java:0) with 1 output partitions
[2025-07-26T04:59:41.083+0000] {spark_submit.py:521} INFO - 25/07/26 04:59:41 INFO DAGScheduler: Final stage: ResultStage 0 (parquet at NativeMethodAccessorImpl.java:0)
[2025-07-26T04:59:41.083+0000] {spark_submit.py:521} INFO - 25/07/26 04:59:41 INFO DAGScheduler: Parents of final stage: List()
[2025-07-26T04:59:41.085+0000] {spark_submit.py:521} INFO - 25/07/26 04:59:41 INFO DAGScheduler: Missing parents: List()
[2025-07-26T04:59:41.090+0000] {spark_submit.py:521} INFO - 25/07/26 04:59:41 INFO DAGScheduler: Submitting ResultStage 0 (MapPartitionsRDD[1] at parquet at NativeMethodAccessorImpl.java:0), which has no missing parents
[2025-07-26T04:59:41.147+0000] {spark_submit.py:521} INFO - 25/07/26 04:59:41 INFO MemoryStore: Block broadcast_0 stored as values in memory (estimated size 104.6 KiB, free 434.3 MiB)
[2025-07-26T04:59:41.183+0000] {spark_submit.py:521} INFO - 25/07/26 04:59:41 INFO MemoryStore: Block broadcast_0_piece0 stored as bytes in memory (estimated size 38.1 KiB, free 434.3 MiB)
[2025-07-26T04:59:41.186+0000] {spark_submit.py:521} INFO - 25/07/26 04:59:41 INFO BlockManagerInfo: Added broadcast_0_piece0 in memory on 3bc71adbf7e0:36733 (size: 38.1 KiB, free: 434.4 MiB)
[2025-07-26T04:59:41.191+0000] {spark_submit.py:521} INFO - 25/07/26 04:59:41 INFO SparkContext: Created broadcast 0 from broadcast at DAGScheduler.scala:1611
[2025-07-26T04:59:41.215+0000] {spark_submit.py:521} INFO - 25/07/26 04:59:41 INFO DAGScheduler: Submitting 1 missing tasks from ResultStage 0 (MapPartitionsRDD[1] at parquet at NativeMethodAccessorImpl.java:0) (first 15 tasks are for partitions Vector(0))
[2025-07-26T04:59:41.217+0000] {spark_submit.py:521} INFO - 25/07/26 04:59:41 INFO TaskSchedulerImpl: Adding task set 0.0 with 1 tasks resource profile 0
[2025-07-26T04:59:41.249+0000] {spark_submit.py:521} INFO - 25/07/26 04:59:41 INFO TaskSetManager: Starting task 0.0 in stage 0.0 (TID 0) (172.18.0.6, executor 0, partition 0, PROCESS_LOCAL, 9161 bytes)
[2025-07-26T04:59:41.625+0000] {spark_submit.py:521} INFO - 25/07/26 04:59:41 INFO BlockManagerInfo: Added broadcast_0_piece0 in memory on 172.18.0.6:46001 (size: 38.1 KiB, free: 434.4 MiB)
[2025-07-26T04:59:44.987+0000] {spark_submit.py:521} INFO - 25/07/26 04:59:44 INFO TaskSetManager: Finished task 0.0 in stage 0.0 (TID 0) in 3749 ms on 172.18.0.6 (executor 0) (1/1)
[2025-07-26T04:59:44.989+0000] {spark_submit.py:521} INFO - 25/07/26 04:59:44 INFO TaskSchedulerImpl: Removed TaskSet 0.0, whose tasks have all completed, from pool
[2025-07-26T04:59:44.994+0000] {spark_submit.py:521} INFO - 25/07/26 04:59:44 INFO DAGScheduler: ResultStage 0 (parquet at NativeMethodAccessorImpl.java:0) finished in 3.889 s
[2025-07-26T04:59:44.997+0000] {spark_submit.py:521} INFO - 25/07/26 04:59:44 INFO DAGScheduler: Job 0 is finished. Cancelling potential speculative or zombie tasks for this job
[2025-07-26T04:59:44.998+0000] {spark_submit.py:521} INFO - 25/07/26 04:59:44 INFO TaskSchedulerImpl: Killing all running tasks in stage 0: Stage finished
[2025-07-26T04:59:44.999+0000] {spark_submit.py:521} INFO - 25/07/26 04:59:44 INFO DAGScheduler: Job 0 finished: parquet at NativeMethodAccessorImpl.java:0, took 3.933753 s
[2025-07-26T04:59:45.341+0000] {spark_submit.py:521} INFO - 25/07/26 04:59:45 INFO BlockManagerInfo: Removed broadcast_0_piece0 on 3bc71adbf7e0:36733 in memory (size: 38.1 KiB, free: 434.4 MiB)
[2025-07-26T04:59:45.386+0000] {spark_submit.py:521} INFO - 25/07/26 04:59:45 INFO BlockManagerInfo: Removed broadcast_0_piece0 on 172.18.0.6:46001 in memory (size: 38.1 KiB, free: 434.4 MiB)
[2025-07-26T04:59:45.902+0000] {spark_submit.py:521} INFO - DataFrame loaded from Parquet:
[2025-07-26T04:59:45.920+0000] {spark_submit.py:521} INFO - root
[2025-07-26T04:59:45.921+0000] {spark_submit.py:521} INFO - |-- ticker: string (nullable = true)
[2025-07-26T04:59:45.921+0000] {spark_submit.py:521} INFO - |-- volume: double (nullable = true)
[2025-07-26T04:59:45.922+0000] {spark_submit.py:521} INFO - |-- volume_weighted: double (nullable = true)
[2025-07-26T04:59:45.922+0000] {spark_submit.py:521} INFO - |-- open: double (nullable = true)
[2025-07-26T04:59:45.922+0000] {spark_submit.py:521} INFO - |-- close: double (nullable = true)
[2025-07-26T04:59:45.923+0000] {spark_submit.py:521} INFO - |-- high: double (nullable = true)
[2025-07-26T04:59:45.923+0000] {spark_submit.py:521} INFO - |-- low: double (nullable = true)
[2025-07-26T04:59:45.923+0000] {spark_submit.py:521} INFO - |-- time_stamp: long (nullable = true)
[2025-07-26T04:59:45.924+0000] {spark_submit.py:521} INFO - |-- num_of_trades: long (nullable = true)
[2025-07-26T04:59:45.924+0000] {spark_submit.py:521} INFO - |-- is_otc: boolean (nullable = true)
[2025-07-26T04:59:45.924+0000] {spark_submit.py:521} INFO - 
[2025-07-26T04:59:46.304+0000] {spark_submit.py:521} INFO - 25/07/26 04:59:46 INFO FileSourceStrategy: Pushed Filters:
[2025-07-26T04:59:46.305+0000] {spark_submit.py:521} INFO - 25/07/26 04:59:46 INFO FileSourceStrategy: Post-Scan Filters:
[2025-07-26T04:59:46.715+0000] {spark_submit.py:521} INFO - 25/07/26 04:59:46 INFO CodeGenerator: Code generated in 225.047789 ms
[2025-07-26T04:59:46.767+0000] {spark_submit.py:521} INFO - 25/07/26 04:59:46 INFO MemoryStore: Block broadcast_1 stored as values in memory (estimated size 211.8 KiB, free 434.2 MiB)
[2025-07-26T04:59:46.778+0000] {spark_submit.py:521} INFO - 25/07/26 04:59:46 INFO MemoryStore: Block broadcast_1_piece0 stored as bytes in memory (estimated size 36.2 KiB, free 434.2 MiB)
[2025-07-26T04:59:46.779+0000] {spark_submit.py:521} INFO - 25/07/26 04:59:46 INFO BlockManagerInfo: Added broadcast_1_piece0 in memory on 3bc71adbf7e0:36733 (size: 36.2 KiB, free: 434.4 MiB)
[2025-07-26T04:59:46.780+0000] {spark_submit.py:521} INFO - 25/07/26 04:59:46 INFO SparkContext: Created broadcast 1 from showString at NativeMethodAccessorImpl.java:0
[2025-07-26T04:59:46.793+0000] {spark_submit.py:521} INFO - 25/07/26 04:59:46 INFO FileSourceScanExec: Planning scan with bin packing, max size: 4194304 bytes, open cost is considered as scanning 4194304 bytes.
[2025-07-26T04:59:46.834+0000] {spark_submit.py:521} INFO - 25/07/26 04:59:46 INFO SparkContext: Starting job: showString at NativeMethodAccessorImpl.java:0
[2025-07-26T04:59:46.835+0000] {spark_submit.py:521} INFO - 25/07/26 04:59:46 INFO DAGScheduler: Got job 1 (showString at NativeMethodAccessorImpl.java:0) with 1 output partitions
[2025-07-26T04:59:46.836+0000] {spark_submit.py:521} INFO - 25/07/26 04:59:46 INFO DAGScheduler: Final stage: ResultStage 1 (showString at NativeMethodAccessorImpl.java:0)
[2025-07-26T04:59:46.836+0000] {spark_submit.py:521} INFO - 25/07/26 04:59:46 INFO DAGScheduler: Parents of final stage: List()
[2025-07-26T04:59:46.837+0000] {spark_submit.py:521} INFO - 25/07/26 04:59:46 INFO DAGScheduler: Missing parents: List()
[2025-07-26T04:59:46.837+0000] {spark_submit.py:521} INFO - 25/07/26 04:59:46 INFO DAGScheduler: Submitting ResultStage 1 (MapPartitionsRDD[5] at showString at NativeMethodAccessorImpl.java:0), which has no missing parents
[2025-07-26T04:59:46.860+0000] {spark_submit.py:521} INFO - 25/07/26 04:59:46 INFO MemoryStore: Block broadcast_2 stored as values in memory (estimated size 20.5 KiB, free 434.1 MiB)
[2025-07-26T04:59:46.868+0000] {spark_submit.py:521} INFO - 25/07/26 04:59:46 INFO MemoryStore: Block broadcast_2_piece0 stored as bytes in memory (estimated size 7.3 KiB, free 434.1 MiB)
[2025-07-26T04:59:46.869+0000] {spark_submit.py:521} INFO - 25/07/26 04:59:46 INFO BlockManagerInfo: Added broadcast_2_piece0 in memory on 3bc71adbf7e0:36733 (size: 7.3 KiB, free: 434.4 MiB)
[2025-07-26T04:59:46.870+0000] {spark_submit.py:521} INFO - 25/07/26 04:59:46 INFO SparkContext: Created broadcast 2 from broadcast at DAGScheduler.scala:1611
[2025-07-26T04:59:46.871+0000] {spark_submit.py:521} INFO - 25/07/26 04:59:46 INFO DAGScheduler: Submitting 1 missing tasks from ResultStage 1 (MapPartitionsRDD[5] at showString at NativeMethodAccessorImpl.java:0) (first 15 tasks are for partitions Vector(0))
[2025-07-26T04:59:46.872+0000] {spark_submit.py:521} INFO - 25/07/26 04:59:46 INFO TaskSchedulerImpl: Adding task set 1.0 with 1 tasks resource profile 0
[2025-07-26T04:59:46.876+0000] {spark_submit.py:521} INFO - 25/07/26 04:59:46 INFO TaskSetManager: Starting task 0.0 in stage 1.0 (TID 1) (172.18.0.6, executor 0, partition 0, PROCESS_LOCAL, 9629 bytes)
[2025-07-26T04:59:46.921+0000] {spark_submit.py:521} INFO - 25/07/26 04:59:46 INFO BlockManagerInfo: Added broadcast_2_piece0 in memory on 172.18.0.6:46001 (size: 7.3 KiB, free: 434.4 MiB)
[2025-07-26T04:59:47.431+0000] {spark_submit.py:521} INFO - 25/07/26 04:59:47 INFO BlockManagerInfo: Added broadcast_1_piece0 in memory on 172.18.0.6:46001 (size: 36.2 KiB, free: 434.4 MiB)
[2025-07-26T04:59:48.611+0000] {spark_submit.py:521} INFO - 25/07/26 04:59:48 INFO TaskSetManager: Finished task 0.0 in stage 1.0 (TID 1) in 1738 ms on 172.18.0.6 (executor 0) (1/1)
[2025-07-26T04:59:48.612+0000] {spark_submit.py:521} INFO - 25/07/26 04:59:48 INFO TaskSchedulerImpl: Removed TaskSet 1.0, whose tasks have all completed, from pool
[2025-07-26T04:59:48.613+0000] {spark_submit.py:521} INFO - 25/07/26 04:59:48 INFO DAGScheduler: ResultStage 1 (showString at NativeMethodAccessorImpl.java:0) finished in 1.774 s
[2025-07-26T04:59:48.614+0000] {spark_submit.py:521} INFO - 25/07/26 04:59:48 INFO DAGScheduler: Job 1 is finished. Cancelling potential speculative or zombie tasks for this job
[2025-07-26T04:59:48.615+0000] {spark_submit.py:521} INFO - 25/07/26 04:59:48 INFO TaskSchedulerImpl: Killing all running tasks in stage 1: Stage finished
[2025-07-26T04:59:48.615+0000] {spark_submit.py:521} INFO - 25/07/26 04:59:48 INFO DAGScheduler: Job 1 finished: showString at NativeMethodAccessorImpl.java:0, took 1.780110 s
[2025-07-26T04:59:49.408+0000] {spark_submit.py:521} INFO - 25/07/26 04:59:49 INFO CodeGenerator: Code generated in 23.480217 ms
[2025-07-26T04:59:49.418+0000] {spark_submit.py:521} INFO - +------+--------+---------------+------+------+------+------+-------------+-------------+------+
[2025-07-26T04:59:49.419+0000] {spark_submit.py:521} INFO - |ticker|  volume|volume_weighted|  open| close|  high|   low|   time_stamp|num_of_trades|is_otc|
[2025-07-26T04:59:49.419+0000] {spark_submit.py:521} INFO - +------+--------+---------------+------+------+------+------+-------------+-------------+------+
[2025-07-26T04:59:49.420+0000] {spark_submit.py:521} INFO - |  GDLC|110014.0|          49.37|  48.8| 49.75| 49.88| 48.54|1752177600000|          566|  true|
[2025-07-26T04:59:49.420+0000] {spark_submit.py:521} INFO - |  GRST|553000.0|         4.0E-4|4.0E-4|4.0E-4|4.0E-4|4.0E-4|1752177600000|            3|  true|
[2025-07-26T04:59:49.421+0000] {spark_submit.py:521} INFO - | LYSCF|288571.0|          5.921| 5.871|  5.88|  6.19|  5.61|1752177600000|          192|  true|
[2025-07-26T04:59:49.421+0000] {spark_submit.py:521} INFO - | NESRF| 31502.0|        11.1779| 11.65|11.203| 11.65|  11.0|1752177600000|           59|  true|
[2025-07-26T04:59:49.422+0000] {spark_submit.py:521} INFO - | DRSHF|137902.0|         1.7425|   1.7|1.7975|  1.81|  1.63|1752177600000|           96|  true|
[2025-07-26T04:59:49.422+0000] {spark_submit.py:521} INFO - +------+--------+---------------+------+------+------+------+-------------+-------------+------+
[2025-07-26T04:59:49.423+0000] {spark_submit.py:521} INFO - only showing top 5 rows
[2025-07-26T04:59:49.423+0000] {spark_submit.py:521} INFO - 
[2025-07-26T04:59:49.761+0000] {spark_submit.py:521} INFO - Time ID DataFrame:
[2025-07-26T04:59:49.768+0000] {spark_submit.py:521} INFO - id
[2025-07-26T04:59:49.768+0000] {spark_submit.py:521} INFO - 0   1
[2025-07-26T04:59:50.507+0000] {spark_submit.py:521} INFO - Companies DataFrame:
[2025-07-26T04:59:50.509+0000] {spark_submit.py:521} INFO - DataFrame[id: bigint, ticker: string]
[2025-07-26T04:59:50.604+0000] {spark_submit.py:521} INFO - Transformed DataFrame:
[2025-07-26T04:59:50.619+0000] {spark_submit.py:521} INFO - 25/07/26 04:59:50 INFO BlockManagerInfo: Removed broadcast_1_piece0 on 3bc71adbf7e0:36733 in memory (size: 36.2 KiB, free: 434.4 MiB)
[2025-07-26T04:59:50.622+0000] {spark_submit.py:521} INFO - 25/07/26 04:59:50 INFO BlockManagerInfo: Removed broadcast_1_piece0 on 172.18.0.6:46001 in memory (size: 36.2 KiB, free: 434.4 MiB)
[2025-07-26T04:59:50.629+0000] {spark_submit.py:521} INFO - 25/07/26 04:59:50 INFO BlockManagerInfo: Removed broadcast_2_piece0 on 3bc71adbf7e0:36733 in memory (size: 7.3 KiB, free: 434.4 MiB)
[2025-07-26T04:59:50.633+0000] {spark_submit.py:521} INFO - 25/07/26 04:59:50 INFO BlockManagerInfo: Removed broadcast_2_piece0 on 172.18.0.6:46001 in memory (size: 7.3 KiB, free: 434.4 MiB)
[2025-07-26T04:59:50.784+0000] {spark_submit.py:521} INFO - 25/07/26 04:59:50 INFO FileSourceStrategy: Pushed Filters: IsNotNull(volume_weighted),IsNotNull(ticker)
[2025-07-26T04:59:50.784+0000] {spark_submit.py:521} INFO - 25/07/26 04:59:50 INFO FileSourceStrategy: Post-Scan Filters: isnotnull(volume_weighted#2),isnotnull(ticker#0)
[2025-07-26T04:59:50.964+0000] {spark_submit.py:521} INFO - 25/07/26 04:59:50 INFO CodeGenerator: Code generated in 28.370207 ms
[2025-07-26T04:59:50.970+0000] {spark_submit.py:521} INFO - 25/07/26 04:59:50 INFO MemoryStore: Block broadcast_3 stored as values in memory (estimated size 211.8 KiB, free 434.2 MiB)
[2025-07-26T04:59:50.991+0000] {spark_submit.py:521} INFO - 25/07/26 04:59:50 INFO MemoryStore: Block broadcast_3_piece0 stored as bytes in memory (estimated size 36.2 KiB, free 434.2 MiB)
[2025-07-26T04:59:50.992+0000] {spark_submit.py:521} INFO - 25/07/26 04:59:50 INFO BlockManagerInfo: Added broadcast_3_piece0 in memory on 3bc71adbf7e0:36733 (size: 36.2 KiB, free: 434.4 MiB)
[2025-07-26T04:59:50.993+0000] {spark_submit.py:521} INFO - 25/07/26 04:59:50 INFO SparkContext: Created broadcast 3 from $anonfun$withThreadLocalCaptured$1 at FutureTask.java:264
[2025-07-26T04:59:50.995+0000] {spark_submit.py:521} INFO - 25/07/26 04:59:50 INFO FileSourceScanExec: Planning scan with bin packing, max size: 4194304 bytes, open cost is considered as scanning 4194304 bytes.
[2025-07-26T04:59:51.014+0000] {spark_submit.py:521} INFO - 25/07/26 04:59:51 INFO SparkContext: Starting job: $anonfun$withThreadLocalCaptured$1 at FutureTask.java:264
[2025-07-26T04:59:51.016+0000] {spark_submit.py:521} INFO - 25/07/26 04:59:51 INFO DAGScheduler: Got job 2 ($anonfun$withThreadLocalCaptured$1 at FutureTask.java:264) with 1 output partitions
[2025-07-26T04:59:51.016+0000] {spark_submit.py:521} INFO - 25/07/26 04:59:51 INFO DAGScheduler: Final stage: ResultStage 2 ($anonfun$withThreadLocalCaptured$1 at FutureTask.java:264)
[2025-07-26T04:59:51.017+0000] {spark_submit.py:521} INFO - 25/07/26 04:59:51 INFO DAGScheduler: Parents of final stage: List()
[2025-07-26T04:59:51.018+0000] {spark_submit.py:521} INFO - 25/07/26 04:59:51 INFO DAGScheduler: Missing parents: List()
[2025-07-26T04:59:51.018+0000] {spark_submit.py:521} INFO - 25/07/26 04:59:51 INFO DAGScheduler: Submitting ResultStage 2 (MapPartitionsRDD[14] at $anonfun$withThreadLocalCaptured$1 at FutureTask.java:264), which has no missing parents
[2025-07-26T04:59:51.022+0000] {spark_submit.py:521} INFO - 25/07/26 04:59:51 INFO MemoryStore: Block broadcast_4 stored as values in memory (estimated size 19.9 KiB, free 434.1 MiB)
[2025-07-26T04:59:51.024+0000] {spark_submit.py:521} INFO - 25/07/26 04:59:51 INFO MemoryStore: Block broadcast_4_piece0 stored as bytes in memory (estimated size 7.3 KiB, free 434.1 MiB)
[2025-07-26T04:59:51.025+0000] {spark_submit.py:521} INFO - 25/07/26 04:59:51 INFO BlockManagerInfo: Added broadcast_4_piece0 in memory on 3bc71adbf7e0:36733 (size: 7.3 KiB, free: 434.4 MiB)
[2025-07-26T04:59:51.030+0000] {spark_submit.py:521} INFO - 25/07/26 04:59:51 INFO SparkContext: Created broadcast 4 from broadcast at DAGScheduler.scala:1611
[2025-07-26T04:59:51.031+0000] {spark_submit.py:521} INFO - 25/07/26 04:59:51 INFO DAGScheduler: Submitting 1 missing tasks from ResultStage 2 (MapPartitionsRDD[14] at $anonfun$withThreadLocalCaptured$1 at FutureTask.java:264) (first 15 tasks are for partitions Vector(0))
[2025-07-26T04:59:51.032+0000] {spark_submit.py:521} INFO - 25/07/26 04:59:51 INFO TaskSchedulerImpl: Adding task set 2.0 with 1 tasks resource profile 0
[2025-07-26T04:59:51.032+0000] {spark_submit.py:521} INFO - 25/07/26 04:59:51 INFO TaskSetManager: Starting task 0.0 in stage 2.0 (TID 2) (172.18.0.6, executor 0, partition 0, PROCESS_LOCAL, 9629 bytes)
[2025-07-26T04:59:51.043+0000] {spark_submit.py:521} INFO - 25/07/26 04:59:51 INFO CodeGenerator: Code generated in 85.317332 ms
[2025-07-26T04:59:51.059+0000] {spark_submit.py:521} INFO - 25/07/26 04:59:51 INFO BlockManagerInfo: Added broadcast_4_piece0 in memory on 172.18.0.6:46001 (size: 7.3 KiB, free: 434.4 MiB)
[2025-07-26T04:59:51.138+0000] {spark_submit.py:521} INFO - 25/07/26 04:59:51 INFO BlockManagerInfo: Added broadcast_3_piece0 in memory on 172.18.0.6:46001 (size: 36.2 KiB, free: 434.4 MiB)
[2025-07-26T04:59:51.139+0000] {spark_submit.py:521} INFO - 25/07/26 04:59:51 INFO DAGScheduler: Registering RDD 16 (showString at NativeMethodAccessorImpl.java:0) as input to shuffle 0
[2025-07-26T04:59:51.144+0000] {spark_submit.py:521} INFO - 25/07/26 04:59:51 INFO DAGScheduler: Got map stage job 3 (showString at NativeMethodAccessorImpl.java:0) with 2 output partitions
[2025-07-26T04:59:51.145+0000] {spark_submit.py:521} INFO - 25/07/26 04:59:51 INFO DAGScheduler: Final stage: ShuffleMapStage 3 (showString at NativeMethodAccessorImpl.java:0)
[2025-07-26T04:59:51.146+0000] {spark_submit.py:521} INFO - 25/07/26 04:59:51 INFO DAGScheduler: Parents of final stage: List()
[2025-07-26T04:59:51.147+0000] {spark_submit.py:521} INFO - 25/07/26 04:59:51 INFO DAGScheduler: Missing parents: List()
[2025-07-26T04:59:51.153+0000] {spark_submit.py:521} INFO - 25/07/26 04:59:51 INFO DAGScheduler: Submitting ShuffleMapStage 3 (MapPartitionsRDD[16] at showString at NativeMethodAccessorImpl.java:0), which has no missing parents
[2025-07-26T04:59:51.185+0000] {spark_submit.py:521} INFO - 25/07/26 04:59:51 INFO MemoryStore: Block broadcast_5 stored as values in memory (estimated size 37.8 KiB, free 434.1 MiB)
[2025-07-26T04:59:51.192+0000] {spark_submit.py:521} INFO - 25/07/26 04:59:51 INFO MemoryStore: Block broadcast_5_piece0 stored as bytes in memory (estimated size 17.8 KiB, free 434.1 MiB)
[2025-07-26T04:59:51.196+0000] {spark_submit.py:521} INFO - 25/07/26 04:59:51 INFO BlockManagerInfo: Added broadcast_5_piece0 in memory on 3bc71adbf7e0:36733 (size: 17.8 KiB, free: 434.3 MiB)
[2025-07-26T04:59:51.199+0000] {spark_submit.py:521} INFO - 25/07/26 04:59:51 INFO SparkContext: Created broadcast 5 from broadcast at DAGScheduler.scala:1611
[2025-07-26T04:59:51.201+0000] {spark_submit.py:521} INFO - 25/07/26 04:59:51 INFO DAGScheduler: Submitting 2 missing tasks from ShuffleMapStage 3 (MapPartitionsRDD[16] at showString at NativeMethodAccessorImpl.java:0) (first 15 tasks are for partitions Vector(0, 1))
[2025-07-26T04:59:51.202+0000] {spark_submit.py:521} INFO - 25/07/26 04:59:51 INFO TaskSchedulerImpl: Adding task set 3.0 with 2 tasks resource profile 0
[2025-07-26T04:59:51.206+0000] {spark_submit.py:521} INFO - 25/07/26 04:59:51 INFO TaskSetManager: Starting task 0.0 in stage 3.0 (TID 3) (172.18.0.6, executor 0, partition 0, PROCESS_LOCAL, 159165 bytes)
[2025-07-26T04:59:51.263+0000] {spark_submit.py:521} INFO - 25/07/26 04:59:51 INFO BlockManagerInfo: Added broadcast_5_piece0 in memory on 172.18.0.6:46001 (size: 17.8 KiB, free: 434.3 MiB)
[2025-07-26T04:59:52.622+0000] {spark_submit.py:521} INFO - 25/07/26 04:59:52 INFO TaskSetManager: Starting task 1.0 in stage 3.0 (TID 4) (172.18.0.6, executor 0, partition 1, PROCESS_LOCAL, 147748 bytes)
[2025-07-26T04:59:52.625+0000] {spark_submit.py:521} INFO - 25/07/26 04:59:52 INFO TaskSetManager: Finished task 0.0 in stage 2.0 (TID 2) in 1596 ms on 172.18.0.6 (executor 0) (1/1)
[2025-07-26T04:59:52.626+0000] {spark_submit.py:521} INFO - 25/07/26 04:59:52 INFO TaskSchedulerImpl: Removed TaskSet 2.0, whose tasks have all completed, from pool
[2025-07-26T04:59:52.628+0000] {spark_submit.py:521} INFO - 25/07/26 04:59:52 INFO DAGScheduler: ResultStage 2 ($anonfun$withThreadLocalCaptured$1 at FutureTask.java:264) finished in 1.610 s
[2025-07-26T04:59:52.629+0000] {spark_submit.py:521} INFO - 25/07/26 04:59:52 INFO DAGScheduler: Job 2 is finished. Cancelling potential speculative or zombie tasks for this job
[2025-07-26T04:59:52.630+0000] {spark_submit.py:521} INFO - 25/07/26 04:59:52 INFO TaskSchedulerImpl: Killing all running tasks in stage 2: Stage finished
[2025-07-26T04:59:52.630+0000] {spark_submit.py:521} INFO - 25/07/26 04:59:52 INFO DAGScheduler: Job 2 finished: $anonfun$withThreadLocalCaptured$1 at FutureTask.java:264, took 1.615004 s
[2025-07-26T04:59:52.674+0000] {spark_submit.py:521} INFO - 25/07/26 04:59:52 INFO CodeGenerator: Code generated in 11.706358 ms
[2025-07-26T04:59:52.734+0000] {spark_submit.py:521} INFO - 25/07/26 04:59:52 INFO BlockManagerInfo: Removed broadcast_4_piece0 on 3bc71adbf7e0:36733 in memory (size: 7.3 KiB, free: 434.3 MiB)
[2025-07-26T04:59:52.743+0000] {spark_submit.py:521} INFO - 25/07/26 04:59:52 INFO BlockManagerInfo: Removed broadcast_4_piece0 on 172.18.0.6:46001 in memory (size: 7.3 KiB, free: 434.3 MiB)
[2025-07-26T04:59:52.756+0000] {spark_submit.py:521} INFO - 25/07/26 04:59:52 INFO MemoryStore: Block broadcast_6_piece0 stored as bytes in memory (estimated size 843.7 KiB, free 433.3 MiB)
[2025-07-26T04:59:52.758+0000] {spark_submit.py:521} INFO - 25/07/26 04:59:52 INFO BlockManagerInfo: Added broadcast_6_piece0 in memory on 3bc71adbf7e0:36733 (size: 843.7 KiB, free: 433.5 MiB)
[2025-07-26T04:59:52.761+0000] {spark_submit.py:521} INFO - 25/07/26 04:59:52 INFO SparkContext: Created broadcast 6 from $anonfun$withThreadLocalCaptured$1 at FutureTask.java:264
[2025-07-26T04:59:53.599+0000] {spark_submit.py:521} INFO - 25/07/26 04:59:53 INFO TaskSetManager: Finished task 0.0 in stage 3.0 (TID 3) in 2395 ms on 172.18.0.6 (executor 0) (1/2)
[2025-07-26T04:59:53.601+0000] {spark_submit.py:521} INFO - 25/07/26 04:59:53 INFO PythonAccumulatorV2: Connected to AccumulatorServer at host: 127.0.0.1 port: 37559
[2025-07-26T04:59:53.601+0000] {spark_submit.py:521} INFO - 25/07/26 04:59:53 INFO TaskSetManager: Finished task 1.0 in stage 3.0 (TID 4) in 980 ms on 172.18.0.6 (executor 0) (2/2)
[2025-07-26T04:59:53.602+0000] {spark_submit.py:521} INFO - 25/07/26 04:59:53 INFO TaskSchedulerImpl: Removed TaskSet 3.0, whose tasks have all completed, from pool
[2025-07-26T04:59:53.604+0000] {spark_submit.py:521} INFO - 25/07/26 04:59:53 INFO DAGScheduler: ShuffleMapStage 3 (showString at NativeMethodAccessorImpl.java:0) finished in 2.441 s
[2025-07-26T04:59:53.605+0000] {spark_submit.py:521} INFO - 25/07/26 04:59:53 INFO DAGScheduler: looking for newly runnable stages
[2025-07-26T04:59:53.606+0000] {spark_submit.py:521} INFO - 25/07/26 04:59:53 INFO DAGScheduler: running: Set()
[2025-07-26T04:59:53.606+0000] {spark_submit.py:521} INFO - 25/07/26 04:59:53 INFO DAGScheduler: waiting: Set()
[2025-07-26T04:59:53.607+0000] {spark_submit.py:521} INFO - 25/07/26 04:59:53 INFO DAGScheduler: failed: Set()
[2025-07-26T04:59:53.628+0000] {spark_submit.py:521} INFO - 25/07/26 04:59:53 INFO ShufflePartitionsUtil: For shuffle(0), advisory target size: 67108864, actual target size 1048576, minimum partition size: 1048576
[2025-07-26T04:59:53.651+0000] {spark_submit.py:521} INFO - 25/07/26 04:59:53 INFO HashAggregateExec: spark.sql.codegen.aggregate.map.twolevel.enabled is set to true, but current version of codegened fast hashmap does not support this aggregate.
[2025-07-26T04:59:53.711+0000] {spark_submit.py:521} INFO - 25/07/26 04:59:53 INFO CodeGenerator: Code generated in 33.829823 ms
[2025-07-26T04:59:53.749+0000] {spark_submit.py:521} INFO - 25/07/26 04:59:53 INFO SparkContext: Starting job: showString at NativeMethodAccessorImpl.java:0
[2025-07-26T04:59:53.751+0000] {spark_submit.py:521} INFO - 25/07/26 04:59:53 INFO DAGScheduler: Got job 4 (showString at NativeMethodAccessorImpl.java:0) with 1 output partitions
[2025-07-26T04:59:53.752+0000] {spark_submit.py:521} INFO - 25/07/26 04:59:53 INFO DAGScheduler: Final stage: ResultStage 5 (showString at NativeMethodAccessorImpl.java:0)
[2025-07-26T04:59:53.752+0000] {spark_submit.py:521} INFO - 25/07/26 04:59:53 INFO DAGScheduler: Parents of final stage: List(ShuffleMapStage 4)
[2025-07-26T04:59:53.753+0000] {spark_submit.py:521} INFO - 25/07/26 04:59:53 INFO DAGScheduler: Missing parents: List()
[2025-07-26T04:59:53.753+0000] {spark_submit.py:521} INFO - 25/07/26 04:59:53 INFO DAGScheduler: Submitting ResultStage 5 (MapPartitionsRDD[19] at showString at NativeMethodAccessorImpl.java:0), which has no missing parents
[2025-07-26T04:59:53.776+0000] {spark_submit.py:521} INFO - 25/07/26 04:59:53 INFO MemoryStore: Block broadcast_7 stored as values in memory (estimated size 59.3 KiB, free 433.2 MiB)
[2025-07-26T04:59:53.782+0000] {spark_submit.py:521} INFO - 25/07/26 04:59:53 INFO MemoryStore: Block broadcast_7_piece0 stored as bytes in memory (estimated size 26.1 KiB, free 433.2 MiB)
[2025-07-26T04:59:53.783+0000] {spark_submit.py:521} INFO - 25/07/26 04:59:53 INFO BlockManagerInfo: Added broadcast_7_piece0 in memory on 3bc71adbf7e0:36733 (size: 26.1 KiB, free: 433.5 MiB)
[2025-07-26T04:59:53.784+0000] {spark_submit.py:521} INFO - 25/07/26 04:59:53 INFO SparkContext: Created broadcast 7 from broadcast at DAGScheduler.scala:1611
[2025-07-26T04:59:53.788+0000] {spark_submit.py:521} INFO - 25/07/26 04:59:53 INFO DAGScheduler: Submitting 1 missing tasks from ResultStage 5 (MapPartitionsRDD[19] at showString at NativeMethodAccessorImpl.java:0) (first 15 tasks are for partitions Vector(0))
[2025-07-26T04:59:53.789+0000] {spark_submit.py:521} INFO - 25/07/26 04:59:53 INFO BlockManagerInfo: Removed broadcast_5_piece0 on 3bc71adbf7e0:36733 in memory (size: 17.8 KiB, free: 433.5 MiB)
[2025-07-26T04:59:53.789+0000] {spark_submit.py:521} INFO - 25/07/26 04:59:53 INFO TaskSchedulerImpl: Adding task set 5.0 with 1 tasks resource profile 0
[2025-07-26T04:59:53.790+0000] {spark_submit.py:521} INFO - 25/07/26 04:59:53 INFO BlockManagerInfo: Removed broadcast_5_piece0 on 172.18.0.6:46001 in memory (size: 17.8 KiB, free: 434.4 MiB)
[2025-07-26T04:59:53.795+0000] {spark_submit.py:521} INFO - 25/07/26 04:59:53 INFO TaskSetManager: Starting task 0.0 in stage 5.0 (TID 5) (172.18.0.6, executor 0, partition 0, NODE_LOCAL, 9003 bytes)
[2025-07-26T04:59:53.836+0000] {spark_submit.py:521} INFO - 25/07/26 04:59:53 INFO BlockManagerInfo: Added broadcast_7_piece0 in memory on 172.18.0.6:46001 (size: 26.1 KiB, free: 434.3 MiB)
[2025-07-26T04:59:53.943+0000] {spark_submit.py:521} INFO - 25/07/26 04:59:53 INFO MapOutputTrackerMasterEndpoint: Asked to send map output locations for shuffle 0 to 172.18.0.6:60356
[2025-07-26T04:59:54.082+0000] {spark_submit.py:521} INFO - 25/07/26 04:59:54 INFO BlockManagerInfo: Added broadcast_6_piece0 in memory on 172.18.0.6:46001 (size: 843.7 KiB, free: 433.5 MiB)
[2025-07-26T04:59:54.190+0000] {spark_submit.py:521} INFO - 25/07/26 04:59:54 INFO TaskSetManager: Finished task 0.0 in stage 5.0 (TID 5) in 397 ms on 172.18.0.6 (executor 0) (1/1)
[2025-07-26T04:59:54.190+0000] {spark_submit.py:521} INFO - 25/07/26 04:59:54 INFO TaskSchedulerImpl: Removed TaskSet 5.0, whose tasks have all completed, from pool
[2025-07-26T04:59:54.192+0000] {spark_submit.py:521} INFO - 25/07/26 04:59:54 INFO DAGScheduler: ResultStage 5 (showString at NativeMethodAccessorImpl.java:0) finished in 0.421 s
[2025-07-26T04:59:54.192+0000] {spark_submit.py:521} INFO - 25/07/26 04:59:54 INFO DAGScheduler: Job 4 is finished. Cancelling potential speculative or zombie tasks for this job
[2025-07-26T04:59:54.193+0000] {spark_submit.py:521} INFO - 25/07/26 04:59:54 INFO TaskSchedulerImpl: Killing all running tasks in stage 5: Stage finished
[2025-07-26T04:59:54.193+0000] {spark_submit.py:521} INFO - 25/07/26 04:59:54 INFO DAGScheduler: Job 4 finished: showString at NativeMethodAccessorImpl.java:0, took 0.442897 s
[2025-07-26T04:59:54.217+0000] {spark_submit.py:521} INFO - 25/07/26 04:59:54 INFO CodeGenerator: Code generated in 15.434404 ms
[2025-07-26T04:59:54.219+0000] {spark_submit.py:521} INFO - +------+--------+---------------+------+-------+-------+------+-------------+-------------+------+----------+-------+
[2025-07-26T04:59:54.220+0000] {spark_submit.py:521} INFO - |ticker|  volume|volume_weighted|  open|  close|   high|   low|   time_stamp|num_of_trades|is_otc|company_id|time_id|
[2025-07-26T04:59:54.220+0000] {spark_submit.py:521} INFO - +------+--------+---------------+------+-------+-------+------+-------------+-------------+------+----------+-------+
[2025-07-26T04:59:54.221+0000] {spark_submit.py:521} INFO - |  BOEG| 10931.0|        18.1814| 18.38|18.1606|18.4178| 17.82|1752177600000|          123|  NULL|      7704|      1|
[2025-07-26T04:59:54.221+0000] {spark_submit.py:521} INFO - |   CRS|583729.0|       276.0875|277.62| 276.72| 279.48|272.27|1752177600000|        19254|  NULL|     17521|      1|
[2025-07-26T04:59:54.222+0000] {spark_submit.py:521} INFO - |  ELME|614340.0|         16.297| 16.11|  16.29| 16.415| 16.11|1752177600000|         5067|  NULL|      2229|      1|
[2025-07-26T04:59:54.222+0000] {spark_submit.py:521} INFO - |  ACFN|   909.0|        16.8156| 16.99|  15.98|  17.35| 15.98|1752177600000|           14|  true|      2690|      1|
[2025-07-26T04:59:54.223+0000] {spark_submit.py:521} INFO - |   PKE| 35539.0|        15.3982| 15.47|  15.33|  15.58| 15.29|1752177600000|          787|  NULL|      2951|      1|
[2025-07-26T04:59:54.223+0000] {spark_submit.py:521} INFO - +------+--------+---------------+------+-------+-------+------+-------------+-------------+------+----------+-------+
[2025-07-26T04:59:54.225+0000] {spark_submit.py:521} INFO - only showing top 5 rows
[2025-07-26T04:59:54.225+0000] {spark_submit.py:521} INFO - 
[2025-07-26T04:59:54.226+0000] {spark_submit.py:521} INFO - None
[2025-07-26T04:59:54.269+0000] {spark_submit.py:521} INFO - 25/07/26 04:59:54 INFO FileSourceStrategy: Pushed Filters: IsNotNull(volume_weighted),IsNotNull(ticker)
[2025-07-26T04:59:54.269+0000] {spark_submit.py:521} INFO - 25/07/26 04:59:54 INFO FileSourceStrategy: Post-Scan Filters: isnotnull(volume_weighted#2),isnotnull(ticker#0)
[2025-07-26T04:59:54.324+0000] {spark_submit.py:521} INFO - 25/07/26 04:59:54 INFO DAGScheduler: Registering RDD 21 (toPandas at /opt/airflow/scripts/elt_to_dwh/transform/process_ohlcs.py:94) as input to shuffle 1
[2025-07-26T04:59:54.328+0000] {spark_submit.py:521} INFO - 25/07/26 04:59:54 INFO MemoryStore: Block broadcast_8 stored as values in memory (estimated size 211.8 KiB, free 433.0 MiB)
[2025-07-26T04:59:54.329+0000] {spark_submit.py:521} INFO - 25/07/26 04:59:54 INFO DAGScheduler: Got map stage job 5 (toPandas at /opt/airflow/scripts/elt_to_dwh/transform/process_ohlcs.py:94) with 2 output partitions
[2025-07-26T04:59:54.329+0000] {spark_submit.py:521} INFO - 25/07/26 04:59:54 INFO DAGScheduler: Final stage: ShuffleMapStage 6 (toPandas at /opt/airflow/scripts/elt_to_dwh/transform/process_ohlcs.py:94)
[2025-07-26T04:59:54.330+0000] {spark_submit.py:521} INFO - 25/07/26 04:59:54 INFO DAGScheduler: Parents of final stage: List()
[2025-07-26T04:59:54.331+0000] {spark_submit.py:521} INFO - 25/07/26 04:59:54 INFO DAGScheduler: Missing parents: List()
[2025-07-26T04:59:54.332+0000] {spark_submit.py:521} INFO - 25/07/26 04:59:54 INFO DAGScheduler: Submitting ShuffleMapStage 6 (MapPartitionsRDD[21] at toPandas at /opt/airflow/scripts/elt_to_dwh/transform/process_ohlcs.py:94), which has no missing parents
[2025-07-26T04:59:54.338+0000] {spark_submit.py:521} INFO - 25/07/26 04:59:54 INFO MemoryStore: Block broadcast_9 stored as values in memory (estimated size 37.8 KiB, free 433.0 MiB)
[2025-07-26T04:59:54.339+0000] {spark_submit.py:521} INFO - 25/07/26 04:59:54 INFO BlockManagerInfo: Removed broadcast_3_piece0 on 172.18.0.6:46001 in memory (size: 36.2 KiB, free: 433.6 MiB)
[2025-07-26T04:59:54.341+0000] {spark_submit.py:521} INFO - 25/07/26 04:59:54 INFO MemoryStore: Block broadcast_8_piece0 stored as bytes in memory (estimated size 36.2 KiB, free 433.0 MiB)
[2025-07-26T04:59:54.342+0000] {spark_submit.py:521} INFO - 25/07/26 04:59:54 INFO MemoryStore: Block broadcast_9_piece0 stored as bytes in memory (estimated size 17.8 KiB, free 433.2 MiB)
[2025-07-26T04:59:54.343+0000] {spark_submit.py:521} INFO - 25/07/26 04:59:54 INFO BlockManagerInfo: Removed broadcast_3_piece0 on 3bc71adbf7e0:36733 in memory (size: 36.2 KiB, free: 433.6 MiB)
[2025-07-26T04:59:54.344+0000] {spark_submit.py:521} INFO - 25/07/26 04:59:54 INFO BlockManagerInfo: Added broadcast_9_piece0 in memory on 3bc71adbf7e0:36733 (size: 17.8 KiB, free: 433.5 MiB)
[2025-07-26T04:59:54.347+0000] {spark_submit.py:521} INFO - 25/07/26 04:59:54 INFO SparkContext: Created broadcast 9 from broadcast at DAGScheduler.scala:1611
[2025-07-26T04:59:54.348+0000] {spark_submit.py:521} INFO - 25/07/26 04:59:54 INFO BlockManagerInfo: Added broadcast_8_piece0 in memory on 3bc71adbf7e0:36733 (size: 36.2 KiB, free: 433.5 MiB)
[2025-07-26T04:59:54.350+0000] {spark_submit.py:521} INFO - 25/07/26 04:59:54 INFO DAGScheduler: Submitting 2 missing tasks from ShuffleMapStage 6 (MapPartitionsRDD[21] at toPandas at /opt/airflow/scripts/elt_to_dwh/transform/process_ohlcs.py:94) (first 15 tasks are for partitions Vector(0, 1))
[2025-07-26T04:59:54.351+0000] {spark_submit.py:521} INFO - 25/07/26 04:59:54 INFO SparkContext: Created broadcast 8 from toPandas at /opt/airflow/scripts/elt_to_dwh/transform/process_ohlcs.py:94
[2025-07-26T04:59:54.358+0000] {spark_submit.py:521} INFO - 25/07/26 04:59:54 INFO TaskSchedulerImpl: Adding task set 6.0 with 2 tasks resource profile 0
[2025-07-26T04:59:54.361+0000] {spark_submit.py:521} INFO - 25/07/26 04:59:54 INFO FileSourceScanExec: Planning scan with bin packing, max size: 4194304 bytes, open cost is considered as scanning 4194304 bytes.
[2025-07-26T04:59:54.363+0000] {spark_submit.py:521} INFO - 25/07/26 04:59:54 INFO TaskSetManager: Starting task 0.0 in stage 6.0 (TID 6) (172.18.0.6, executor 0, partition 0, PROCESS_LOCAL, 159165 bytes)
[2025-07-26T04:59:54.365+0000] {spark_submit.py:521} INFO - 25/07/26 04:59:54 INFO TaskSetManager: Starting task 1.0 in stage 6.0 (TID 7) (172.18.0.6, executor 0, partition 1, PROCESS_LOCAL, 147748 bytes)
[2025-07-26T04:59:54.396+0000] {spark_submit.py:521} INFO - 25/07/26 04:59:54 INFO SparkContext: Starting job: toPandas at /opt/airflow/scripts/elt_to_dwh/transform/process_ohlcs.py:94
[2025-07-26T04:59:54.400+0000] {spark_submit.py:521} INFO - 25/07/26 04:59:54 INFO DAGScheduler: Got job 6 (toPandas at /opt/airflow/scripts/elt_to_dwh/transform/process_ohlcs.py:94) with 1 output partitions
[2025-07-26T04:59:54.400+0000] {spark_submit.py:521} INFO - 25/07/26 04:59:54 INFO DAGScheduler: Final stage: ResultStage 7 (toPandas at /opt/airflow/scripts/elt_to_dwh/transform/process_ohlcs.py:94)
[2025-07-26T04:59:54.402+0000] {spark_submit.py:521} INFO - 25/07/26 04:59:54 INFO DAGScheduler: Parents of final stage: List()
[2025-07-26T04:59:54.403+0000] {spark_submit.py:521} INFO - 25/07/26 04:59:54 INFO DAGScheduler: Missing parents: List()
[2025-07-26T04:59:54.404+0000] {spark_submit.py:521} INFO - 25/07/26 04:59:54 INFO DAGScheduler: Submitting ResultStage 7 (MapPartitionsRDD[25] at toPandas at /opt/airflow/scripts/elt_to_dwh/transform/process_ohlcs.py:94), which has no missing parents
[2025-07-26T04:59:54.410+0000] {spark_submit.py:521} INFO - 25/07/26 04:59:54 INFO MemoryStore: Block broadcast_10 stored as values in memory (estimated size 19.9 KiB, free 433.2 MiB)
[2025-07-26T04:59:54.413+0000] {spark_submit.py:521} INFO - 25/07/26 04:59:54 INFO MemoryStore: Block broadcast_10_piece0 stored as bytes in memory (estimated size 7.3 KiB, free 433.2 MiB)
[2025-07-26T04:59:54.415+0000] {spark_submit.py:521} INFO - 25/07/26 04:59:54 INFO BlockManagerInfo: Added broadcast_10_piece0 in memory on 3bc71adbf7e0:36733 (size: 7.3 KiB, free: 433.5 MiB)
[2025-07-26T04:59:54.415+0000] {spark_submit.py:521} INFO - 25/07/26 04:59:54 INFO SparkContext: Created broadcast 10 from broadcast at DAGScheduler.scala:1611
[2025-07-26T04:59:54.416+0000] {spark_submit.py:521} INFO - 25/07/26 04:59:54 INFO DAGScheduler: Submitting 1 missing tasks from ResultStage 7 (MapPartitionsRDD[25] at toPandas at /opt/airflow/scripts/elt_to_dwh/transform/process_ohlcs.py:94) (first 15 tasks are for partitions Vector(0))
[2025-07-26T04:59:54.417+0000] {spark_submit.py:521} INFO - 25/07/26 04:59:54 INFO TaskSchedulerImpl: Adding task set 7.0 with 1 tasks resource profile 0
[2025-07-26T04:59:54.424+0000] {spark_submit.py:521} INFO - 25/07/26 04:59:54 INFO BlockManagerInfo: Added broadcast_9_piece0 in memory on 172.18.0.6:46001 (size: 17.8 KiB, free: 433.5 MiB)
[2025-07-26T04:59:54.439+0000] {spark_submit.py:521} INFO - 25/07/26 04:59:54 INFO BlockManagerInfo: Removed broadcast_7_piece0 on 3bc71adbf7e0:36733 in memory (size: 26.1 KiB, free: 433.5 MiB)
[2025-07-26T04:59:54.443+0000] {spark_submit.py:521} INFO - 25/07/26 04:59:54 INFO BlockManagerInfo: Removed broadcast_7_piece0 on 172.18.0.6:46001 in memory (size: 26.1 KiB, free: 433.6 MiB)
[2025-07-26T04:59:54.499+0000] {spark_submit.py:521} INFO - 25/07/26 04:59:54 INFO BlockManagerInfo: Removed broadcast_6_piece0 on 3bc71adbf7e0:36733 in memory (size: 843.7 KiB, free: 434.3 MiB)
[2025-07-26T04:59:54.522+0000] {spark_submit.py:521} INFO - 25/07/26 04:59:54 INFO BlockManagerInfo: Removed broadcast_6_piece0 on 172.18.0.6:46001 in memory (size: 843.7 KiB, free: 434.4 MiB)
[2025-07-26T04:59:54.720+0000] {spark_submit.py:521} INFO - 25/07/26 04:59:54 INFO TaskSetManager: Starting task 0.0 in stage 7.0 (TID 8) (172.18.0.6, executor 0, partition 0, PROCESS_LOCAL, 9629 bytes)
[2025-07-26T04:59:54.724+0000] {spark_submit.py:521} INFO - 25/07/26 04:59:54 INFO TaskSetManager: Finished task 0.0 in stage 6.0 (TID 6) in 369 ms on 172.18.0.6 (executor 0) (1/2)
[2025-07-26T04:59:54.727+0000] {spark_submit.py:521} INFO - 25/07/26 04:59:54 INFO TaskSetManager: Finished task 1.0 in stage 6.0 (TID 7) in 374 ms on 172.18.0.6 (executor 0) (2/2)
[2025-07-26T04:59:54.728+0000] {spark_submit.py:521} INFO - 25/07/26 04:59:54 INFO TaskSchedulerImpl: Removed TaskSet 6.0, whose tasks have all completed, from pool
[2025-07-26T04:59:54.729+0000] {spark_submit.py:521} INFO - 25/07/26 04:59:54 INFO DAGScheduler: ShuffleMapStage 6 (toPandas at /opt/airflow/scripts/elt_to_dwh/transform/process_ohlcs.py:94) finished in 0.406 s
[2025-07-26T04:59:54.730+0000] {spark_submit.py:521} INFO - 25/07/26 04:59:54 INFO DAGScheduler: looking for newly runnable stages
[2025-07-26T04:59:54.731+0000] {spark_submit.py:521} INFO - 25/07/26 04:59:54 INFO DAGScheduler: running: Set(ResultStage 7)
[2025-07-26T04:59:54.731+0000] {spark_submit.py:521} INFO - 25/07/26 04:59:54 INFO DAGScheduler: waiting: Set()
[2025-07-26T04:59:54.732+0000] {spark_submit.py:521} INFO - 25/07/26 04:59:54 INFO DAGScheduler: failed: Set()
[2025-07-26T04:59:54.749+0000] {spark_submit.py:521} INFO - 25/07/26 04:59:54 INFO BlockManagerInfo: Added broadcast_10_piece0 in memory on 172.18.0.6:46001 (size: 7.3 KiB, free: 434.4 MiB)
[2025-07-26T04:59:54.784+0000] {spark_submit.py:521} INFO - 25/07/26 04:59:54 INFO BlockManagerInfo: Added broadcast_8_piece0 in memory on 172.18.0.6:46001 (size: 36.2 KiB, free: 434.3 MiB)
[2025-07-26T04:59:56.112+0000] {spark_submit.py:521} INFO - 25/07/26 04:59:56 INFO TaskSetManager: Finished task 0.0 in stage 7.0 (TID 8) in 1392 ms on 172.18.0.6 (executor 0) (1/1)
[2025-07-26T04:59:56.112+0000] {spark_submit.py:521} INFO - 25/07/26 04:59:56 INFO TaskSchedulerImpl: Removed TaskSet 7.0, whose tasks have all completed, from pool
[2025-07-26T04:59:56.113+0000] {spark_submit.py:521} INFO - 25/07/26 04:59:56 INFO BlockManagerInfo: Removed broadcast_9_piece0 on 3bc71adbf7e0:36733 in memory (size: 17.8 KiB, free: 434.4 MiB)
[2025-07-26T04:59:56.114+0000] {spark_submit.py:521} INFO - 25/07/26 04:59:56 INFO DAGScheduler: ResultStage 7 (toPandas at /opt/airflow/scripts/elt_to_dwh/transform/process_ohlcs.py:94) finished in 1.710 s
[2025-07-26T04:59:56.114+0000] {spark_submit.py:521} INFO - 25/07/26 04:59:56 INFO DAGScheduler: Job 6 is finished. Cancelling potential speculative or zombie tasks for this job
[2025-07-26T04:59:56.115+0000] {spark_submit.py:521} INFO - 25/07/26 04:59:56 INFO TaskSchedulerImpl: Killing all running tasks in stage 7: Stage finished
[2025-07-26T04:59:56.115+0000] {spark_submit.py:521} INFO - 25/07/26 04:59:56 INFO DAGScheduler: Job 6 finished: toPandas at /opt/airflow/scripts/elt_to_dwh/transform/process_ohlcs.py:94, took 1.718559 s
[2025-07-26T04:59:56.117+0000] {spark_submit.py:521} INFO - 25/07/26 04:59:56 INFO BlockManagerInfo: Removed broadcast_9_piece0 on 172.18.0.6:46001 in memory (size: 17.8 KiB, free: 434.4 MiB)
[2025-07-26T04:59:56.168+0000] {spark_submit.py:521} INFO - 25/07/26 04:59:56 INFO MemoryStore: Block broadcast_11_piece0 stored as bytes in memory (estimated size 843.7 KiB, free 433.3 MiB)
[2025-07-26T04:59:56.170+0000] {spark_submit.py:521} INFO - 25/07/26 04:59:56 INFO BlockManagerInfo: Added broadcast_11_piece0 in memory on 3bc71adbf7e0:36733 (size: 843.7 KiB, free: 433.5 MiB)
[2025-07-26T04:59:56.170+0000] {spark_submit.py:521} INFO - 25/07/26 04:59:56 INFO SparkContext: Created broadcast 11 from toPandas at /opt/airflow/scripts/elt_to_dwh/transform/process_ohlcs.py:94
[2025-07-26T04:59:56.181+0000] {spark_submit.py:521} INFO - 25/07/26 04:59:56 INFO ShufflePartitionsUtil: For shuffle(1), advisory target size: 67108864, actual target size 1048576, minimum partition size: 1048576
[2025-07-26T04:59:56.190+0000] {spark_submit.py:521} INFO - 25/07/26 04:59:56 INFO HashAggregateExec: spark.sql.codegen.aggregate.map.twolevel.enabled is set to true, but current version of codegened fast hashmap does not support this aggregate.
[2025-07-26T04:59:56.222+0000] {spark_submit.py:521} INFO - 25/07/26 04:59:56 INFO CodeGenerator: Code generated in 22.817292 ms
[2025-07-26T04:59:56.236+0000] {spark_submit.py:521} INFO - 25/07/26 04:59:56 INFO SparkContext: Starting job: toPandas at /opt/airflow/scripts/elt_to_dwh/transform/process_ohlcs.py:94
[2025-07-26T04:59:56.237+0000] {spark_submit.py:521} INFO - 25/07/26 04:59:56 INFO DAGScheduler: Got job 7 (toPandas at /opt/airflow/scripts/elt_to_dwh/transform/process_ohlcs.py:94) with 1 output partitions
[2025-07-26T04:59:56.238+0000] {spark_submit.py:521} INFO - 25/07/26 04:59:56 INFO DAGScheduler: Final stage: ResultStage 9 (toPandas at /opt/airflow/scripts/elt_to_dwh/transform/process_ohlcs.py:94)
[2025-07-26T04:59:56.239+0000] {spark_submit.py:521} INFO - 25/07/26 04:59:56 INFO DAGScheduler: Parents of final stage: List(ShuffleMapStage 8)
[2025-07-26T04:59:56.239+0000] {spark_submit.py:521} INFO - 25/07/26 04:59:56 INFO DAGScheduler: Missing parents: List()
[2025-07-26T04:59:56.241+0000] {spark_submit.py:521} INFO - 25/07/26 04:59:56 INFO DAGScheduler: Submitting ResultStage 9 (MapPartitionsRDD[28] at toPandas at /opt/airflow/scripts/elt_to_dwh/transform/process_ohlcs.py:94), which has no missing parents
[2025-07-26T04:59:56.251+0000] {spark_submit.py:521} INFO - 25/07/26 04:59:56 INFO MemoryStore: Block broadcast_12 stored as values in memory (estimated size 56.5 KiB, free 433.3 MiB)
[2025-07-26T04:59:56.259+0000] {spark_submit.py:521} INFO - 25/07/26 04:59:56 INFO MemoryStore: Block broadcast_12_piece0 stored as bytes in memory (estimated size 25.5 KiB, free 433.2 MiB)
[2025-07-26T04:59:56.260+0000] {spark_submit.py:521} INFO - 25/07/26 04:59:56 INFO BlockManagerInfo: Added broadcast_12_piece0 in memory on 3bc71adbf7e0:36733 (size: 25.5 KiB, free: 433.5 MiB)
[2025-07-26T04:59:56.262+0000] {spark_submit.py:521} INFO - 25/07/26 04:59:56 INFO BlockManagerInfo: Removed broadcast_10_piece0 on 3bc71adbf7e0:36733 in memory (size: 7.3 KiB, free: 433.5 MiB)
[2025-07-26T04:59:56.263+0000] {spark_submit.py:521} INFO - 25/07/26 04:59:56 INFO SparkContext: Created broadcast 12 from broadcast at DAGScheduler.scala:1611
[2025-07-26T04:59:56.264+0000] {spark_submit.py:521} INFO - 25/07/26 04:59:56 INFO DAGScheduler: Submitting 1 missing tasks from ResultStage 9 (MapPartitionsRDD[28] at toPandas at /opt/airflow/scripts/elt_to_dwh/transform/process_ohlcs.py:94) (first 15 tasks are for partitions Vector(0))
[2025-07-26T04:59:56.264+0000] {spark_submit.py:521} INFO - 25/07/26 04:59:56 INFO TaskSchedulerImpl: Adding task set 9.0 with 1 tasks resource profile 0
[2025-07-26T04:59:56.265+0000] {spark_submit.py:521} INFO - 25/07/26 04:59:56 INFO BlockManagerInfo: Removed broadcast_10_piece0 on 172.18.0.6:46001 in memory (size: 7.3 KiB, free: 434.4 MiB)
[2025-07-26T04:59:56.265+0000] {spark_submit.py:521} INFO - 25/07/26 04:59:56 INFO TaskSetManager: Starting task 0.0 in stage 9.0 (TID 9) (172.18.0.6, executor 0, partition 0, NODE_LOCAL, 9003 bytes)
[2025-07-26T04:59:56.293+0000] {spark_submit.py:521} INFO - 25/07/26 04:59:56 INFO BlockManagerInfo: Added broadcast_12_piece0 in memory on 172.18.0.6:46001 (size: 25.5 KiB, free: 434.3 MiB)
[2025-07-26T04:59:56.313+0000] {spark_submit.py:521} INFO - 25/07/26 04:59:56 INFO MapOutputTrackerMasterEndpoint: Asked to send map output locations for shuffle 1 to 172.18.0.6:60356
[2025-07-26T04:59:56.364+0000] {spark_submit.py:521} INFO - 25/07/26 04:59:56 INFO BlockManagerInfo: Added broadcast_11_piece0 in memory on 172.18.0.6:46001 (size: 843.7 KiB, free: 433.5 MiB)
[2025-07-26T04:59:56.456+0000] {spark_submit.py:521} INFO - 25/07/26 04:59:56 INFO TaskSetManager: Finished task 0.0 in stage 9.0 (TID 9) in 190 ms on 172.18.0.6 (executor 0) (1/1)
[2025-07-26T04:59:56.456+0000] {spark_submit.py:521} INFO - 25/07/26 04:59:56 INFO TaskSchedulerImpl: Removed TaskSet 9.0, whose tasks have all completed, from pool
[2025-07-26T04:59:56.458+0000] {spark_submit.py:521} INFO - 25/07/26 04:59:56 INFO DAGScheduler: ResultStage 9 (toPandas at /opt/airflow/scripts/elt_to_dwh/transform/process_ohlcs.py:94) finished in 0.210 s
[2025-07-26T04:59:56.459+0000] {spark_submit.py:521} INFO - 25/07/26 04:59:56 INFO DAGScheduler: Job 7 is finished. Cancelling potential speculative or zombie tasks for this job
[2025-07-26T04:59:56.460+0000] {spark_submit.py:521} INFO - 25/07/26 04:59:56 INFO TaskSchedulerImpl: Killing all running tasks in stage 9: Stage finished
[2025-07-26T04:59:56.461+0000] {spark_submit.py:521} INFO - 25/07/26 04:59:56 INFO DAGScheduler: Job 7 finished: toPandas at /opt/airflow/scripts/elt_to_dwh/transform/process_ohlcs.py:94, took 0.224795 s
[2025-07-26T04:59:56.770+0000] {spark_submit.py:521} INFO - Data has been successfully inserted into fact_candles in DuckDB!
[2025-07-26T04:59:56.771+0000] {spark_submit.py:521} INFO - 25/07/26 04:59:56 INFO SparkContext: SparkContext is stopping with exitCode 0.
[2025-07-26T04:59:56.784+0000] {spark_submit.py:521} INFO - 25/07/26 04:59:56 INFO SparkUI: Stopped Spark web UI at http://3bc71adbf7e0:4040
[2025-07-26T04:59:56.788+0000] {spark_submit.py:521} INFO - 25/07/26 04:59:56 INFO StandaloneSchedulerBackend: Shutting down all executors
[2025-07-26T04:59:56.789+0000] {spark_submit.py:521} INFO - 25/07/26 04:59:56 INFO StandaloneSchedulerBackend$StandaloneDriverEndpoint: Asking each executor to shut down
[2025-07-26T04:59:56.824+0000] {spark_submit.py:521} INFO - 25/07/26 04:59:56 INFO MapOutputTrackerMasterEndpoint: MapOutputTrackerMasterEndpoint stopped!
[2025-07-26T04:59:56.870+0000] {spark_submit.py:521} INFO - 25/07/26 04:59:56 INFO MemoryStore: MemoryStore cleared
[2025-07-26T04:59:56.871+0000] {spark_submit.py:521} INFO - 25/07/26 04:59:56 INFO BlockManager: BlockManager stopped
[2025-07-26T04:59:56.873+0000] {spark_submit.py:521} INFO - 25/07/26 04:59:56 INFO BlockManagerMaster: BlockManagerMaster stopped
[2025-07-26T04:59:56.879+0000] {spark_submit.py:521} INFO - 25/07/26 04:59:56 INFO OutputCommitCoordinator$OutputCommitCoordinatorEndpoint: OutputCommitCoordinator stopped!
[2025-07-26T04:59:56.891+0000] {spark_submit.py:521} INFO - 25/07/26 04:59:56 INFO SparkContext: Successfully stopped SparkContext
[2025-07-26T04:59:57.460+0000] {spark_submit.py:521} INFO - Process completed successfully.
[2025-07-26T04:59:57.703+0000] {spark_submit.py:521} INFO - 25/07/26 04:59:57 INFO ShutdownHookManager: Shutdown hook called
[2025-07-26T04:59:57.703+0000] {spark_submit.py:521} INFO - 25/07/26 04:59:57 INFO ShutdownHookManager: Deleting directory /tmp/spark-b1775830-4bb1-434b-a577-ae2a670b1127
[2025-07-26T04:59:57.706+0000] {spark_submit.py:521} INFO - 25/07/26 04:59:57 INFO ShutdownHookManager: Deleting directory /tmp/spark-5967ecfe-5098-4678-84aa-9cf38af94d62
[2025-07-26T04:59:57.709+0000] {spark_submit.py:521} INFO - 25/07/26 04:59:57 INFO ShutdownHookManager: Deleting directory /tmp/spark-5967ecfe-5098-4678-84aa-9cf38af94d62/pyspark-ae232637-e3da-434a-a51e-48d0c51e52f2
[2025-07-26T04:59:57.713+0000] {spark_submit.py:521} INFO - 25/07/26 04:59:57 INFO MetricsSystemImpl: Stopping s3a-file-system metrics system...
[2025-07-26T04:59:57.714+0000] {spark_submit.py:521} INFO - 25/07/26 04:59:57 INFO MetricsSystemImpl: s3a-file-system metrics system stopped.
[2025-07-26T04:59:57.714+0000] {spark_submit.py:521} INFO - 25/07/26 04:59:57 INFO MetricsSystemImpl: s3a-file-system metrics system shutdown complete.
[2025-07-26T04:59:57.756+0000] {taskinstance.py:341} INFO - ::group::Post task execution logs
[2025-07-26T04:59:57.757+0000] {taskinstance.py:353} INFO - Marking task as SUCCESS. dag_id=elt_to_dwh, task_id=transform_task.process_ohlcs, run_id=scheduled__2025-07-10T00:00:00+00:00, execution_date=20250710T000000, start_date=20250726T045928, end_date=20250726T045957
[2025-07-26T04:59:57.791+0000] {local_task_job_runner.py:266} INFO - Task exited with return code 0
[2025-07-26T04:59:57.801+0000] {taskinstance.py:3901} INFO - 1 downstream tasks scheduled from follow-on schedule check
[2025-07-26T04:59:57.806+0000] {local_task_job_runner.py:245} INFO - ::endgroup::
