[2025-07-26T05:09:45.114+0000] {local_task_job_runner.py:123} INFO - ::group::Pre task execution logs
[2025-07-26T05:09:45.136+0000] {taskinstance.py:2614} INFO - Dependencies all met for dep_context=non-requeueable deps ti=<TaskInstance: elt_to_dwh.load_to_datalake scheduled__2025-07-18T00:00:00+00:00 [queued]>
[2025-07-26T05:09:45.148+0000] {taskinstance.py:2614} INFO - Dependencies all met for dep_context=requeueable deps ti=<TaskInstance: elt_to_dwh.load_to_datalake scheduled__2025-07-18T00:00:00+00:00 [queued]>
[2025-07-26T05:09:45.149+0000] {taskinstance.py:2867} INFO - Starting attempt 1 of 1
[2025-07-26T05:09:45.165+0000] {taskinstance.py:2890} INFO - Executing <Task(PythonOperator): load_to_datalake> on 2025-07-18 00:00:00+00:00
[2025-07-26T05:09:45.177+0000] {standard_task_runner.py:104} INFO - Running: ['airflow', 'tasks', 'run', 'elt_to_dwh', 'load_to_datalake', 'scheduled__2025-07-18T00:00:00+00:00', '--job-id', '99', '--raw', '--subdir', 'DAGS_FOLDER/elt_to_dwh.py', '--cfg-path', '/tmp/tmp1he8jdfp']
[2025-07-26T05:09:45.179+0000] {standard_task_runner.py:105} INFO - Job 99: Subtask load_to_datalake
[2025-07-26T05:09:45.183+0000] {logging_mixin.py:190} WARNING - /home/airflow/.local/lib/python3.12/site-packages/airflow/task/task_runner/standard_task_runner.py:70 DeprecationWarning: This process (pid=5902) is multi-threaded, use of fork() may lead to deadlocks in the child.
[2025-07-26T05:09:45.184+0000] {standard_task_runner.py:72} INFO - Started process 5912 to run task
[2025-07-26T05:09:45.220+0000] {task_command.py:467} INFO - Running <TaskInstance: elt_to_dwh.load_to_datalake scheduled__2025-07-18T00:00:00+00:00 [running]> on host 3bc71adbf7e0
[2025-07-26T05:09:45.311+0000] {taskinstance.py:3134} INFO - Exporting env vars: AIRFLOW_CTX_DAG_OWNER='airflow' AIRFLOW_CTX_DAG_ID='elt_to_dwh' AIRFLOW_CTX_TASK_ID='load_to_datalake' AIRFLOW_CTX_EXECUTION_DATE='2025-07-18T00:00:00+00:00' AIRFLOW_CTX_TRY_NUMBER='1' AIRFLOW_CTX_DAG_RUN_ID='scheduled__2025-07-18T00:00:00+00:00'
[2025-07-26T05:09:45.312+0000] {taskinstance.py:732} INFO - ::endgroup::
[2025-07-26T05:09:45.455+0000] {logging_mixin.py:190} INFO - Uploading to bucket: stock-project-datalake
[2025-07-26T05:09:46.074+0000] {logging_mixin.py:190} INFO - Uploaded: /opt/airflow/data/parquet/companies/crawl_companies-20250710.parquet -> s3://stock-project-datalake/companies/crawl_companies-20250710.parquet
[2025-07-26T05:09:46.291+0000] {logging_mixin.py:190} INFO - Uploaded: /opt/airflow/data/parquet/companies/crawl_companies-20250711.parquet -> s3://stock-project-datalake/companies/crawl_companies-20250711.parquet
[2025-07-26T05:09:46.500+0000] {logging_mixin.py:190} INFO - Uploaded: /opt/airflow/data/parquet/companies/crawl_companies-20250712.parquet -> s3://stock-project-datalake/companies/crawl_companies-20250712.parquet
[2025-07-26T05:09:46.709+0000] {logging_mixin.py:190} INFO - Uploaded: /opt/airflow/data/parquet/companies/crawl_companies-20250713.parquet -> s3://stock-project-datalake/companies/crawl_companies-20250713.parquet
[2025-07-26T05:09:46.914+0000] {logging_mixin.py:190} INFO - Uploaded: /opt/airflow/data/parquet/companies/crawl_companies-20250714.parquet -> s3://stock-project-datalake/companies/crawl_companies-20250714.parquet
[2025-07-26T05:09:47.128+0000] {logging_mixin.py:190} INFO - Uploaded: /opt/airflow/data/parquet/companies/crawl_companies-20250715.parquet -> s3://stock-project-datalake/companies/crawl_companies-20250715.parquet
[2025-07-26T05:09:47.337+0000] {logging_mixin.py:190} INFO - Uploaded: /opt/airflow/data/parquet/companies/crawl_companies-20250716.parquet -> s3://stock-project-datalake/companies/crawl_companies-20250716.parquet
[2025-07-26T05:09:47.552+0000] {logging_mixin.py:190} INFO - Uploaded: /opt/airflow/data/parquet/companies/crawl_companies-20250717.parquet -> s3://stock-project-datalake/companies/crawl_companies-20250717.parquet
[2025-07-26T05:09:47.763+0000] {logging_mixin.py:190} INFO - Uploaded: /opt/airflow/data/parquet/companies/crawl_companies-20250718.parquet -> s3://stock-project-datalake/companies/crawl_companies-20250718.parquet
[2025-07-26T05:09:47.970+0000] {logging_mixin.py:190} INFO - Uploaded: /opt/airflow/data/parquet/companies/crawl_companies-20250719.parquet -> s3://stock-project-datalake/companies/crawl_companies-20250719.parquet
[2025-07-26T05:09:48.169+0000] {logging_mixin.py:190} INFO - Uploaded: /opt/airflow/data/parquet/companies/crawl_companies-20250720.parquet -> s3://stock-project-datalake/companies/crawl_companies-20250720.parquet
[2025-07-26T05:09:48.363+0000] {logging_mixin.py:190} INFO - Uploaded: /opt/airflow/data/parquet/news/crawl_news-20250710.parquet -> s3://stock-project-datalake/news/crawl_news-20250710.parquet
[2025-07-26T05:09:48.585+0000] {logging_mixin.py:190} INFO - Uploaded: /opt/airflow/data/parquet/news/crawl_news-20250711.parquet -> s3://stock-project-datalake/news/crawl_news-20250711.parquet
[2025-07-26T05:09:48.818+0000] {logging_mixin.py:190} INFO - Uploaded: /opt/airflow/data/parquet/news/crawl_news-20250712.parquet -> s3://stock-project-datalake/news/crawl_news-20250712.parquet
[2025-07-26T05:09:48.969+0000] {logging_mixin.py:190} INFO - Uploaded: /opt/airflow/data/parquet/news/crawl_news-20250713.parquet -> s3://stock-project-datalake/news/crawl_news-20250713.parquet
[2025-07-26T05:09:49.178+0000] {logging_mixin.py:190} INFO - Uploaded: /opt/airflow/data/parquet/news/crawl_news-20250714.parquet -> s3://stock-project-datalake/news/crawl_news-20250714.parquet
[2025-07-26T05:09:49.385+0000] {logging_mixin.py:190} INFO - Uploaded: /opt/airflow/data/parquet/news/crawl_news-20250715.parquet -> s3://stock-project-datalake/news/crawl_news-20250715.parquet
[2025-07-26T05:09:49.590+0000] {logging_mixin.py:190} INFO - Uploaded: /opt/airflow/data/parquet/news/crawl_news-20250716.parquet -> s3://stock-project-datalake/news/crawl_news-20250716.parquet
[2025-07-26T05:09:49.809+0000] {logging_mixin.py:190} INFO - Uploaded: /opt/airflow/data/parquet/news/crawl_news-20250717.parquet -> s3://stock-project-datalake/news/crawl_news-20250717.parquet
[2025-07-26T05:09:50.024+0000] {logging_mixin.py:190} INFO - Uploaded: /opt/airflow/data/parquet/news/crawl_news-20250718.parquet -> s3://stock-project-datalake/news/crawl_news-20250718.parquet
[2025-07-26T05:09:50.222+0000] {logging_mixin.py:190} INFO - Uploaded: /opt/airflow/data/parquet/ohlcs/crawl_ohlcs-20250710.parquet -> s3://stock-project-datalake/ohlcs/crawl_ohlcs-20250710.parquet
[2025-07-26T05:09:50.437+0000] {logging_mixin.py:190} INFO - Uploaded: /opt/airflow/data/parquet/ohlcs/crawl_ohlcs-20250711.parquet -> s3://stock-project-datalake/ohlcs/crawl_ohlcs-20250711.parquet
[2025-07-26T05:09:50.640+0000] {logging_mixin.py:190} INFO - Uploaded: /opt/airflow/data/parquet/ohlcs/crawl_ohlcs-20250714.parquet -> s3://stock-project-datalake/ohlcs/crawl_ohlcs-20250714.parquet
[2025-07-26T05:09:50.858+0000] {logging_mixin.py:190} INFO - Uploaded: /opt/airflow/data/parquet/ohlcs/crawl_ohlcs-20250715.parquet -> s3://stock-project-datalake/ohlcs/crawl_ohlcs-20250715.parquet
[2025-07-26T05:09:51.067+0000] {logging_mixin.py:190} INFO - Uploaded: /opt/airflow/data/parquet/ohlcs/crawl_ohlcs-20250716.parquet -> s3://stock-project-datalake/ohlcs/crawl_ohlcs-20250716.parquet
[2025-07-26T05:09:51.281+0000] {logging_mixin.py:190} INFO - Uploaded: /opt/airflow/data/parquet/ohlcs/crawl_ohlcs-20250717.parquet -> s3://stock-project-datalake/ohlcs/crawl_ohlcs-20250717.parquet
[2025-07-26T05:09:51.490+0000] {logging_mixin.py:190} INFO - Uploaded: /opt/airflow/data/parquet/ohlcs/crawl_ohlcs-20250718.parquet -> s3://stock-project-datalake/ohlcs/crawl_ohlcs-20250718.parquet
[2025-07-26T05:09:51.492+0000] {python.py:240} INFO - Done. Returned value was: None
[2025-07-26T05:09:51.499+0000] {taskinstance.py:341} INFO - ::group::Post task execution logs
[2025-07-26T05:09:51.500+0000] {taskinstance.py:353} INFO - Marking task as SUCCESS. dag_id=elt_to_dwh, task_id=load_to_datalake, run_id=scheduled__2025-07-18T00:00:00+00:00, execution_date=20250718T000000, start_date=20250726T050945, end_date=20250726T050951
[2025-07-26T05:09:51.583+0000] {local_task_job_runner.py:266} INFO - Task exited with return code 0
[2025-07-26T05:09:51.603+0000] {taskinstance.py:3901} INFO - 1 downstream tasks scheduled from follow-on schedule check
[2025-07-26T05:09:51.611+0000] {local_task_job_runner.py:245} INFO - ::endgroup::
