[2025-07-25T11:11:49.670+0000] {local_task_job_runner.py:123} INFO - ::group::Pre task execution logs
[2025-07-25T11:11:49.681+0000] {taskinstance.py:2614} INFO - Dependencies all met for dep_context=non-requeueable deps ti=<TaskInstance: elt_to_dwh.extract_task.crawl_ohlcs scheduled__2025-07-12T00:00:00+00:00 [queued]>
[2025-07-25T11:11:49.689+0000] {taskinstance.py:2614} INFO - Dependencies all met for dep_context=requeueable deps ti=<TaskInstance: elt_to_dwh.extract_task.crawl_ohlcs scheduled__2025-07-12T00:00:00+00:00 [queued]>
[2025-07-25T11:11:49.689+0000] {taskinstance.py:2867} INFO - Starting attempt 1 of 1
[2025-07-25T11:11:49.703+0000] {taskinstance.py:2890} INFO - Executing <Task(PythonOperator): extract_task.crawl_ohlcs> on 2025-07-12 00:00:00+00:00
[2025-07-25T11:11:49.710+0000] {standard_task_runner.py:104} INFO - Running: ['airflow', 'tasks', 'run', 'elt_to_dwh', 'extract_task.crawl_ohlcs', 'scheduled__2025-07-12T00:00:00+00:00', '--job-id', '82', '--raw', '--subdir', 'DAGS_FOLDER/elt_to_dwh.py', '--cfg-path', '/tmp/tmpysi7to0k']
[2025-07-25T11:11:49.712+0000] {standard_task_runner.py:105} INFO - Job 82: Subtask extract_task.crawl_ohlcs
[2025-07-25T11:11:49.714+0000] {logging_mixin.py:190} WARNING - /home/airflow/.local/lib/python3.12/site-packages/airflow/task/task_runner/standard_task_runner.py:70 DeprecationWarning: This process (pid=2877) is multi-threaded, use of fork() may lead to deadlocks in the child.
[2025-07-25T11:11:49.714+0000] {standard_task_runner.py:72} INFO - Started process 2887 to run task
[2025-07-25T11:11:49.746+0000] {task_command.py:467} INFO - Running <TaskInstance: elt_to_dwh.extract_task.crawl_ohlcs scheduled__2025-07-12T00:00:00+00:00 [running]> on host 74cfddf97016
[2025-07-25T11:11:49.810+0000] {taskinstance.py:3134} INFO - Exporting env vars: AIRFLOW_CTX_DAG_OWNER='airflow' AIRFLOW_CTX_DAG_ID='elt_to_dwh' AIRFLOW_CTX_TASK_ID='extract_task.crawl_ohlcs' AIRFLOW_CTX_EXECUTION_DATE='2025-07-12T00:00:00+00:00' AIRFLOW_CTX_TRY_NUMBER='1' AIRFLOW_CTX_DAG_RUN_ID='scheduled__2025-07-12T00:00:00+00:00'
[2025-07-25T11:11:49.811+0000] {taskinstance.py:732} INFO - ::endgroup::
[2025-07-25T11:11:49.828+0000] {logging_mixin.py:190} INFO - url: https://api.polygon.io/v2/aggs/grouped/locale/us/market/stocks/2025-07-12?adjusted=true&include_otc=true&apiKey=2lwa_Zgcz4qzZ1X30xbf2CQBf_AldkL0
[2025-07-25T11:11:50.599+0000] {logging_mixin.py:190} INFO - The process of crawling 0 OHLCs was successful
[2025-07-25T11:11:50.600+0000] {logging_mixin.py:190} INFO - Saving at /opt/airflow/data/raw/ohlcs/crawl_ohlcs-20250712.json
[2025-07-25T11:11:50.601+0000] {python.py:240} INFO - Done. Returned value was: None
[2025-07-25T11:11:50.605+0000] {taskinstance.py:341} INFO - ::group::Post task execution logs
[2025-07-25T11:11:50.605+0000] {taskinstance.py:353} INFO - Marking task as SUCCESS. dag_id=elt_to_dwh, task_id=extract_task.crawl_ohlcs, run_id=scheduled__2025-07-12T00:00:00+00:00, execution_date=20250712T000000, start_date=20250725T111149, end_date=20250725T111150
[2025-07-25T11:11:50.652+0000] {local_task_job_runner.py:266} INFO - Task exited with return code 0
[2025-07-25T11:11:50.668+0000] {taskinstance.py:3901} INFO - 1 downstream tasks scheduled from follow-on schedule check
[2025-07-25T11:11:50.673+0000] {local_task_job_runner.py:245} INFO - ::endgroup::
[2025-07-25T11:51:15.918+0000] {local_task_job_runner.py:123} INFO - ::group::Pre task execution logs
[2025-07-25T11:51:15.945+0000] {taskinstance.py:2614} INFO - Dependencies all met for dep_context=non-requeueable deps ti=<TaskInstance: elt_to_dwh.extract_task.crawl_ohlcs scheduled__2025-07-12T00:00:00+00:00 [queued]>
[2025-07-25T11:51:15.959+0000] {taskinstance.py:2614} INFO - Dependencies all met for dep_context=requeueable deps ti=<TaskInstance: elt_to_dwh.extract_task.crawl_ohlcs scheduled__2025-07-12T00:00:00+00:00 [queued]>
[2025-07-25T11:51:15.960+0000] {taskinstance.py:2867} INFO - Starting attempt 1 of 1
[2025-07-25T11:51:15.986+0000] {taskinstance.py:2890} INFO - Executing <Task(PythonOperator): extract_task.crawl_ohlcs> on 2025-07-12 00:00:00+00:00
[2025-07-25T11:51:16.005+0000] {standard_task_runner.py:104} INFO - Running: ['airflow', 'tasks', 'run', 'elt_to_dwh', 'extract_task.crawl_ohlcs', 'scheduled__2025-07-12T00:00:00+00:00', '--job-id', '152', '--raw', '--subdir', 'DAGS_FOLDER/elt_to_dwh.py', '--cfg-path', '/tmp/tmps098dwyv']
[2025-07-25T11:51:16.011+0000] {standard_task_runner.py:105} INFO - Job 152: Subtask extract_task.crawl_ohlcs
[2025-07-25T11:51:16.021+0000] {logging_mixin.py:190} WARNING - /home/airflow/.local/lib/python3.12/site-packages/airflow/task/task_runner/standard_task_runner.py:70 DeprecationWarning: This process (pid=4623) is multi-threaded, use of fork() may lead to deadlocks in the child.
[2025-07-25T11:51:16.022+0000] {standard_task_runner.py:72} INFO - Started process 4633 to run task
[2025-07-25T11:51:16.111+0000] {task_command.py:467} INFO - Running <TaskInstance: elt_to_dwh.extract_task.crawl_ohlcs scheduled__2025-07-12T00:00:00+00:00 [running]> on host 74cfddf97016
[2025-07-25T11:51:16.238+0000] {taskinstance.py:3134} INFO - Exporting env vars: AIRFLOW_CTX_DAG_OWNER='airflow' AIRFLOW_CTX_DAG_ID='elt_to_dwh' AIRFLOW_CTX_TASK_ID='extract_task.crawl_ohlcs' AIRFLOW_CTX_EXECUTION_DATE='2025-07-12T00:00:00+00:00' AIRFLOW_CTX_TRY_NUMBER='1' AIRFLOW_CTX_DAG_RUN_ID='scheduled__2025-07-12T00:00:00+00:00'
[2025-07-25T11:51:16.240+0000] {taskinstance.py:732} INFO - ::endgroup::
[2025-07-25T11:51:16.302+0000] {logging_mixin.py:190} INFO - url: https://api.polygon.io/v2/aggs/grouped/locale/us/market/stocks/2025-07-12?adjusted=true&include_otc=true&apiKey=2lwa_Zgcz4qzZ1X30xbf2CQBf_AldkL0
[2025-07-25T11:51:17.070+0000] {logging_mixin.py:190} INFO - The process of crawling 0 OHLCs was successful
[2025-07-25T11:51:17.070+0000] {logging_mixin.py:190} INFO - Saving at /opt/airflow/data/raw/ohlcs/crawl_ohlcs-20250712.json
[2025-07-25T11:51:17.071+0000] {python.py:240} INFO - Done. Returned value was: None
[2025-07-25T11:51:17.079+0000] {taskinstance.py:341} INFO - ::group::Post task execution logs
[2025-07-25T11:51:17.079+0000] {taskinstance.py:353} INFO - Marking task as SUCCESS. dag_id=elt_to_dwh, task_id=extract_task.crawl_ohlcs, run_id=scheduled__2025-07-12T00:00:00+00:00, execution_date=20250712T000000, start_date=20250725T115115, end_date=20250725T115117
[2025-07-25T11:51:17.131+0000] {local_task_job_runner.py:266} INFO - Task exited with return code 0
[2025-07-25T11:51:17.163+0000] {taskinstance.py:3901} INFO - 1 downstream tasks scheduled from follow-on schedule check
[2025-07-25T11:51:17.173+0000] {local_task_job_runner.py:245} INFO - ::endgroup::
[2025-07-26T04:57:23.571+0000] {local_task_job_runner.py:123} INFO - ::group::Pre task execution logs
[2025-07-26T04:57:23.582+0000] {taskinstance.py:2614} INFO - Dependencies all met for dep_context=non-requeueable deps ti=<TaskInstance: elt_to_dwh.extract_task.crawl_ohlcs scheduled__2025-07-12T00:00:00+00:00 [queued]>
[2025-07-26T04:57:23.589+0000] {taskinstance.py:2614} INFO - Dependencies all met for dep_context=requeueable deps ti=<TaskInstance: elt_to_dwh.extract_task.crawl_ohlcs scheduled__2025-07-12T00:00:00+00:00 [queued]>
[2025-07-26T04:57:23.590+0000] {taskinstance.py:2867} INFO - Starting attempt 1 of 1
[2025-07-26T04:57:23.602+0000] {taskinstance.py:2890} INFO - Executing <Task(PythonOperator): extract_task.crawl_ohlcs> on 2025-07-12 00:00:00+00:00
[2025-07-26T04:57:23.608+0000] {standard_task_runner.py:104} INFO - Running: ['airflow', 'tasks', 'run', 'elt_to_dwh', 'extract_task.crawl_ohlcs', 'scheduled__2025-07-12T00:00:00+00:00', '--job-id', '29', '--raw', '--subdir', 'DAGS_FOLDER/elt_to_dwh.py', '--cfg-path', '/tmp/tmpthntrzav']
[2025-07-26T04:57:23.610+0000] {standard_task_runner.py:105} INFO - Job 29: Subtask extract_task.crawl_ohlcs
[2025-07-26T04:57:23.612+0000] {logging_mixin.py:190} WARNING - /home/airflow/.local/lib/python3.12/site-packages/airflow/task/task_runner/standard_task_runner.py:70 DeprecationWarning: This process (pid=729) is multi-threaded, use of fork() may lead to deadlocks in the child.
[2025-07-26T04:57:23.612+0000] {standard_task_runner.py:72} INFO - Started process 739 to run task
[2025-07-26T04:57:23.645+0000] {task_command.py:467} INFO - Running <TaskInstance: elt_to_dwh.extract_task.crawl_ohlcs scheduled__2025-07-12T00:00:00+00:00 [running]> on host 3bc71adbf7e0
[2025-07-26T04:57:23.707+0000] {taskinstance.py:3134} INFO - Exporting env vars: AIRFLOW_CTX_DAG_OWNER='airflow' AIRFLOW_CTX_DAG_ID='elt_to_dwh' AIRFLOW_CTX_TASK_ID='extract_task.crawl_ohlcs' AIRFLOW_CTX_EXECUTION_DATE='2025-07-12T00:00:00+00:00' AIRFLOW_CTX_TRY_NUMBER='1' AIRFLOW_CTX_DAG_RUN_ID='scheduled__2025-07-12T00:00:00+00:00'
[2025-07-26T04:57:23.708+0000] {taskinstance.py:732} INFO - ::endgroup::
[2025-07-26T04:57:23.720+0000] {logging_mixin.py:190} INFO - url: https://api.polygon.io/v2/aggs/grouped/locale/us/market/stocks/2025-07-12?adjusted=true&include_otc=true&apiKey=2lwa_Zgcz4qzZ1X30xbf2CQBf_AldkL0
[2025-07-26T04:57:24.428+0000] {logging_mixin.py:190} INFO - The process of crawling 0 OHLCs was successful
[2025-07-26T04:57:24.428+0000] {logging_mixin.py:190} INFO - Saving at /opt/airflow/data/raw/ohlcs/crawl_ohlcs-20250712.json
[2025-07-26T04:57:24.429+0000] {python.py:240} INFO - Done. Returned value was: None
[2025-07-26T04:57:24.433+0000] {taskinstance.py:341} INFO - ::group::Post task execution logs
[2025-07-26T04:57:24.433+0000] {taskinstance.py:353} INFO - Marking task as SUCCESS. dag_id=elt_to_dwh, task_id=extract_task.crawl_ohlcs, run_id=scheduled__2025-07-12T00:00:00+00:00, execution_date=20250712T000000, start_date=20250726T045723, end_date=20250726T045724
[2025-07-26T04:57:24.470+0000] {local_task_job_runner.py:266} INFO - Task exited with return code 0
[2025-07-26T04:57:24.485+0000] {taskinstance.py:3901} INFO - 1 downstream tasks scheduled from follow-on schedule check
[2025-07-26T04:57:24.490+0000] {local_task_job_runner.py:245} INFO - ::endgroup::
