[2025-07-26T05:10:29.554+0000] {local_task_job_runner.py:123} INFO - ::group::Pre task execution logs
[2025-07-26T05:10:29.566+0000] {taskinstance.py:2614} INFO - Dependencies all met for dep_context=non-requeueable deps ti=<TaskInstance: elt_to_dwh.extract_task.convert_news_to_parquet scheduled__2025-07-20T00:00:00+00:00 [queued]>
[2025-07-26T05:10:29.572+0000] {taskinstance.py:2614} INFO - Dependencies all met for dep_context=requeueable deps ti=<TaskInstance: elt_to_dwh.extract_task.convert_news_to_parquet scheduled__2025-07-20T00:00:00+00:00 [queued]>
[2025-07-26T05:10:29.573+0000] {taskinstance.py:2867} INFO - Starting attempt 1 of 1
[2025-07-26T05:10:29.585+0000] {taskinstance.py:2890} INFO - Executing <Task(PythonOperator): extract_task.convert_news_to_parquet> on 2025-07-20 00:00:00+00:00
[2025-07-26T05:10:29.592+0000] {standard_task_runner.py:104} INFO - Running: ['airflow', 'tasks', 'run', 'elt_to_dwh', 'extract_task.convert_news_to_parquet', 'scheduled__2025-07-20T00:00:00+00:00', '--job-id', '106', '--raw', '--subdir', 'DAGS_FOLDER/elt_to_dwh.py', '--cfg-path', '/tmp/tmphvfpdbf2']
[2025-07-26T05:10:29.594+0000] {standard_task_runner.py:105} INFO - Job 106: Subtask extract_task.convert_news_to_parquet
[2025-07-26T05:10:29.596+0000] {logging_mixin.py:190} WARNING - /home/airflow/.local/lib/python3.12/site-packages/airflow/task/task_runner/standard_task_runner.py:70 DeprecationWarning: This process (pid=6094) is multi-threaded, use of fork() may lead to deadlocks in the child.
[2025-07-26T05:10:29.597+0000] {standard_task_runner.py:72} INFO - Started process 6104 to run task
[2025-07-26T05:10:29.623+0000] {task_command.py:467} INFO - Running <TaskInstance: elt_to_dwh.extract_task.convert_news_to_parquet scheduled__2025-07-20T00:00:00+00:00 [running]> on host 3bc71adbf7e0
[2025-07-26T05:10:29.686+0000] {taskinstance.py:3134} INFO - Exporting env vars: AIRFLOW_CTX_DAG_OWNER='airflow' AIRFLOW_CTX_DAG_ID='elt_to_dwh' AIRFLOW_CTX_TASK_ID='extract_task.convert_news_to_parquet' AIRFLOW_CTX_EXECUTION_DATE='2025-07-20T00:00:00+00:00' AIRFLOW_CTX_TRY_NUMBER='1' AIRFLOW_CTX_DAG_RUN_ID='scheduled__2025-07-20T00:00:00+00:00'
[2025-07-26T05:10:29.687+0000] {taskinstance.py:732} INFO - ::endgroup::
[2025-07-26T05:10:29.697+0000] {logging_mixin.py:190} INFO - Looking for file: /opt/airflow/data/raw/news/crawl_news-20250720.json
[2025-07-26T05:10:29.733+0000] {logging_mixin.py:190} INFO - [news] Saved Parquet file: /opt/airflow/data/parquet/news/crawl_news-20250720.parquet
[2025-07-26T05:10:29.734+0000] {python.py:240} INFO - Done. Returned value was: None
[2025-07-26T05:10:29.737+0000] {taskinstance.py:341} INFO - ::group::Post task execution logs
[2025-07-26T05:10:29.738+0000] {taskinstance.py:353} INFO - Marking task as SUCCESS. dag_id=elt_to_dwh, task_id=extract_task.convert_news_to_parquet, run_id=scheduled__2025-07-20T00:00:00+00:00, execution_date=20250720T000000, start_date=20250726T051029, end_date=20250726T051029
[2025-07-26T05:10:29.771+0000] {local_task_job_runner.py:266} INFO - Task exited with return code 0
[2025-07-26T05:10:29.785+0000] {taskinstance.py:3901} INFO - 0 downstream tasks scheduled from follow-on schedule check
[2025-07-26T05:10:29.785+0000] {local_task_job_runner.py:245} INFO - ::endgroup::
