[2025-07-25T09:54:22.193+0000] {local_task_job_runner.py:123} INFO - ::group::Pre task execution logs
[2025-07-25T09:54:22.210+0000] {taskinstance.py:2614} INFO - Dependencies all met for dep_context=non-requeueable deps ti=<TaskInstance: etl_to_db.transform scheduled__2025-06-01T00:00:00+00:00 [queued]>
[2025-07-25T09:54:22.222+0000] {taskinstance.py:2614} INFO - Dependencies all met for dep_context=requeueable deps ti=<TaskInstance: etl_to_db.transform scheduled__2025-06-01T00:00:00+00:00 [queued]>
[2025-07-25T09:54:22.223+0000] {taskinstance.py:2867} INFO - Starting attempt 1 of 1
[2025-07-25T09:54:22.243+0000] {taskinstance.py:2890} INFO - Executing <Task(PythonOperator): transform> on 2025-06-01 00:00:00+00:00
[2025-07-25T09:54:22.256+0000] {standard_task_runner.py:104} INFO - Running: ['airflow', 'tasks', 'run', 'etl_to_db', 'transform', 'scheduled__2025-06-01T00:00:00+00:00', '--job-id', '50', '--raw', '--subdir', 'DAGS_FOLDER/etl_to_db.py', '--cfg-path', '/tmp/tmp3j9fqaz0']
[2025-07-25T09:54:22.258+0000] {standard_task_runner.py:105} INFO - Job 50: Subtask transform
[2025-07-25T09:54:22.259+0000] {logging_mixin.py:190} WARNING - /home/airflow/.local/lib/python3.12/site-packages/airflow/task/task_runner/standard_task_runner.py:70 DeprecationWarning: This process (pid=1839) is multi-threaded, use of fork() may lead to deadlocks in the child.
[2025-07-25T09:54:22.260+0000] {standard_task_runner.py:72} INFO - Started process 1849 to run task
[2025-07-25T09:54:22.301+0000] {task_command.py:467} INFO - Running <TaskInstance: etl_to_db.transform scheduled__2025-06-01T00:00:00+00:00 [running]> on host 74cfddf97016
[2025-07-25T09:54:22.377+0000] {taskinstance.py:3134} INFO - Exporting env vars: AIRFLOW_CTX_DAG_OWNER='airflow' AIRFLOW_CTX_DAG_ID='etl_to_db' AIRFLOW_CTX_TASK_ID='transform' AIRFLOW_CTX_EXECUTION_DATE='2025-06-01T00:00:00+00:00' AIRFLOW_CTX_TRY_NUMBER='1' AIRFLOW_CTX_DAG_RUN_ID='scheduled__2025-06-01T00:00:00+00:00'
[2025-07-25T09:54:22.378+0000] {taskinstance.py:732} INFO - ::endgroup::
[2025-07-25T09:54:22.657+0000] {logging_mixin.py:190} INFO - Data saved to /opt/airflow/data/processed/regions/regions-20250601.json
[2025-07-25T09:54:22.697+0000] {logging_mixin.py:190} INFO - Data saved to /opt/airflow/data/processed/industries/industries-20250601.json
[2025-07-25T09:54:22.746+0000] {logging_mixin.py:190} INFO - Data saved to /opt/airflow/data/processed/sic_industries/sic_industries-20250601.json
[2025-07-25T09:54:22.756+0000] {logging_mixin.py:190} INFO - Data saved to /opt/airflow/data/processed/exchanges/exchanges-20250601.json
[2025-07-25T09:54:22.932+0000] {logging_mixin.py:190} INFO - Data saved to /opt/airflow/data/processed/companies/companies-20250601.json
[2025-07-25T09:54:22.960+0000] {python.py:240} INFO - Done. Returned value was: None
[2025-07-25T09:54:22.964+0000] {taskinstance.py:341} INFO - ::group::Post task execution logs
[2025-07-25T09:54:22.965+0000] {taskinstance.py:353} INFO - Marking task as SUCCESS. dag_id=etl_to_db, task_id=transform, run_id=scheduled__2025-06-01T00:00:00+00:00, execution_date=20250601T000000, start_date=20250725T095422, end_date=20250725T095422
[2025-07-25T09:54:22.997+0000] {local_task_job_runner.py:266} INFO - Task exited with return code 0
[2025-07-25T09:54:23.011+0000] {taskinstance.py:3901} INFO - 1 downstream tasks scheduled from follow-on schedule check
[2025-07-25T09:54:23.016+0000] {local_task_job_runner.py:245} INFO - ::endgroup::
[2025-07-25T10:21:39.668+0000] {local_task_job_runner.py:123} INFO - ::group::Pre task execution logs
[2025-07-25T10:21:39.683+0000] {taskinstance.py:2614} INFO - Dependencies all met for dep_context=non-requeueable deps ti=<TaskInstance: etl_to_db.transform scheduled__2025-06-01T00:00:00+00:00 [queued]>
[2025-07-25T10:21:39.691+0000] {taskinstance.py:2614} INFO - Dependencies all met for dep_context=requeueable deps ti=<TaskInstance: etl_to_db.transform scheduled__2025-06-01T00:00:00+00:00 [queued]>
[2025-07-25T10:21:39.691+0000] {taskinstance.py:2867} INFO - Starting attempt 1 of 1
[2025-07-25T10:21:39.706+0000] {taskinstance.py:2890} INFO - Executing <Task(PythonOperator): transform> on 2025-06-01 00:00:00+00:00
[2025-07-25T10:21:39.716+0000] {standard_task_runner.py:104} INFO - Running: ['airflow', 'tasks', 'run', 'etl_to_db', 'transform', 'scheduled__2025-06-01T00:00:00+00:00', '--job-id', '65', '--raw', '--subdir', 'DAGS_FOLDER/etl_to_db.py', '--cfg-path', '/tmp/tmpsxlebfo7']
[2025-07-25T10:21:39.720+0000] {standard_task_runner.py:105} INFO - Job 65: Subtask transform
[2025-07-25T10:21:39.721+0000] {logging_mixin.py:190} WARNING - /home/airflow/.local/lib/python3.12/site-packages/airflow/task/task_runner/standard_task_runner.py:70 DeprecationWarning: This process (pid=2240) is multi-threaded, use of fork() may lead to deadlocks in the child.
[2025-07-25T10:21:39.722+0000] {standard_task_runner.py:72} INFO - Started process 2250 to run task
[2025-07-25T10:21:39.774+0000] {task_command.py:467} INFO - Running <TaskInstance: etl_to_db.transform scheduled__2025-06-01T00:00:00+00:00 [running]> on host 74cfddf97016
[2025-07-25T10:21:39.845+0000] {taskinstance.py:3134} INFO - Exporting env vars: AIRFLOW_CTX_DAG_OWNER='airflow' AIRFLOW_CTX_DAG_ID='etl_to_db' AIRFLOW_CTX_TASK_ID='transform' AIRFLOW_CTX_EXECUTION_DATE='2025-06-01T00:00:00+00:00' AIRFLOW_CTX_TRY_NUMBER='1' AIRFLOW_CTX_DAG_RUN_ID='scheduled__2025-06-01T00:00:00+00:00'
[2025-07-25T10:21:39.846+0000] {taskinstance.py:732} INFO - ::endgroup::
[2025-07-25T10:21:40.175+0000] {logging_mixin.py:190} INFO - Data saved to /opt/airflow/data/processed/regions/regions-20250601.json
[2025-07-25T10:21:40.240+0000] {logging_mixin.py:190} INFO - Data saved to /opt/airflow/data/processed/industries/industries-20250601.json
[2025-07-25T10:21:40.299+0000] {logging_mixin.py:190} INFO - Data saved to /opt/airflow/data/processed/sic_industries/sic_industries-20250601.json
[2025-07-25T10:21:40.310+0000] {logging_mixin.py:190} INFO - Data saved to /opt/airflow/data/processed/exchanges/exchanges-20250601.json
[2025-07-25T10:21:40.549+0000] {logging_mixin.py:190} INFO - Data saved to /opt/airflow/data/processed/companies/companies-20250601.json
[2025-07-25T10:21:40.588+0000] {python.py:240} INFO - Done. Returned value was: None
[2025-07-25T10:21:40.593+0000] {taskinstance.py:341} INFO - ::group::Post task execution logs
[2025-07-25T10:21:40.594+0000] {taskinstance.py:353} INFO - Marking task as SUCCESS. dag_id=etl_to_db, task_id=transform, run_id=scheduled__2025-06-01T00:00:00+00:00, execution_date=20250601T000000, start_date=20250725T102139, end_date=20250725T102140
[2025-07-25T10:21:40.660+0000] {local_task_job_runner.py:266} INFO - Task exited with return code 0
[2025-07-25T10:21:40.674+0000] {taskinstance.py:3901} INFO - 1 downstream tasks scheduled from follow-on schedule check
[2025-07-25T10:21:40.681+0000] {local_task_job_runner.py:245} INFO - ::endgroup::
[2025-07-26T04:45:09.828+0000] {local_task_job_runner.py:123} INFO - ::group::Pre task execution logs
[2025-07-26T04:45:09.841+0000] {taskinstance.py:2614} INFO - Dependencies all met for dep_context=non-requeueable deps ti=<TaskInstance: etl_to_db.transform scheduled__2025-06-01T00:00:00+00:00 [queued]>
[2025-07-26T04:45:09.848+0000] {taskinstance.py:2614} INFO - Dependencies all met for dep_context=requeueable deps ti=<TaskInstance: etl_to_db.transform scheduled__2025-06-01T00:00:00+00:00 [queued]>
[2025-07-26T04:45:09.848+0000] {taskinstance.py:2867} INFO - Starting attempt 1 of 1
[2025-07-26T04:45:09.860+0000] {taskinstance.py:2890} INFO - Executing <Task(PythonOperator): transform> on 2025-06-01 00:00:00+00:00
[2025-07-26T04:45:09.865+0000] {standard_task_runner.py:104} INFO - Running: ['airflow', 'tasks', 'run', 'etl_to_db', 'transform', 'scheduled__2025-06-01T00:00:00+00:00', '--job-id', '13', '--raw', '--subdir', 'DAGS_FOLDER/etl_to_db.py', '--cfg-path', '/tmp/tmpjur02kzj']
[2025-07-26T04:45:09.867+0000] {standard_task_runner.py:105} INFO - Job 13: Subtask transform
[2025-07-26T04:45:09.869+0000] {logging_mixin.py:190} WARNING - /home/airflow/.local/lib/python3.12/site-packages/airflow/task/task_runner/standard_task_runner.py:70 DeprecationWarning: This process (pid=379) is multi-threaded, use of fork() may lead to deadlocks in the child.
[2025-07-26T04:45:09.870+0000] {standard_task_runner.py:72} INFO - Started process 389 to run task
[2025-07-26T04:45:09.897+0000] {task_command.py:467} INFO - Running <TaskInstance: etl_to_db.transform scheduled__2025-06-01T00:00:00+00:00 [running]> on host 3bc71adbf7e0
[2025-07-26T04:45:09.952+0000] {taskinstance.py:3134} INFO - Exporting env vars: AIRFLOW_CTX_DAG_OWNER='airflow' AIRFLOW_CTX_DAG_ID='etl_to_db' AIRFLOW_CTX_TASK_ID='transform' AIRFLOW_CTX_EXECUTION_DATE='2025-06-01T00:00:00+00:00' AIRFLOW_CTX_TRY_NUMBER='1' AIRFLOW_CTX_DAG_RUN_ID='scheduled__2025-06-01T00:00:00+00:00'
[2025-07-26T04:45:09.952+0000] {taskinstance.py:732} INFO - ::endgroup::
[2025-07-26T04:45:10.154+0000] {logging_mixin.py:190} INFO - Data saved to /opt/airflow/data/processed/regions/regions-20250601.json
[2025-07-26T04:45:10.186+0000] {logging_mixin.py:190} INFO - Data saved to /opt/airflow/data/processed/industries/industries-20250601.json
[2025-07-26T04:45:10.226+0000] {logging_mixin.py:190} INFO - Data saved to /opt/airflow/data/processed/sic_industries/sic_industries-20250601.json
[2025-07-26T04:45:10.236+0000] {logging_mixin.py:190} INFO - Data saved to /opt/airflow/data/processed/exchanges/exchanges-20250601.json
[2025-07-26T04:45:10.375+0000] {logging_mixin.py:190} INFO - Data saved to /opt/airflow/data/processed/companies/companies-20250601.json
[2025-07-26T04:45:10.397+0000] {python.py:240} INFO - Done. Returned value was: None
[2025-07-26T04:45:10.401+0000] {taskinstance.py:341} INFO - ::group::Post task execution logs
[2025-07-26T04:45:10.401+0000] {taskinstance.py:353} INFO - Marking task as SUCCESS. dag_id=etl_to_db, task_id=transform, run_id=scheduled__2025-06-01T00:00:00+00:00, execution_date=20250601T000000, start_date=20250726T044509, end_date=20250726T044510
[2025-07-26T04:45:10.445+0000] {local_task_job_runner.py:266} INFO - Task exited with return code 0
[2025-07-26T04:45:10.456+0000] {taskinstance.py:3901} INFO - 1 downstream tasks scheduled from follow-on schedule check
[2025-07-26T04:45:10.462+0000] {local_task_job_runner.py:245} INFO - ::endgroup::
