[2025-07-25T11:14:47.380+0000] {local_task_job_runner.py:123} INFO - ::group::Pre task execution logs
[2025-07-25T11:14:47.397+0000] {taskinstance.py:2614} INFO - Dependencies all met for dep_context=non-requeueable deps ti=<TaskInstance: elt_to_dwh.extract_task.load_db_to_parquet scheduled__2025-07-16T00:00:00+00:00 [queued]>
[2025-07-25T11:14:47.406+0000] {taskinstance.py:2614} INFO - Dependencies all met for dep_context=requeueable deps ti=<TaskInstance: elt_to_dwh.extract_task.load_db_to_parquet scheduled__2025-07-16T00:00:00+00:00 [queued]>
[2025-07-25T11:14:47.407+0000] {taskinstance.py:2867} INFO - Starting attempt 1 of 1
[2025-07-25T11:14:47.422+0000] {taskinstance.py:2890} INFO - Executing <Task(PythonOperator): extract_task.load_db_to_parquet> on 2025-07-16 00:00:00+00:00
[2025-07-25T11:14:47.430+0000] {standard_task_runner.py:104} INFO - Running: ['airflow', 'tasks', 'run', 'elt_to_dwh', 'extract_task.load_db_to_parquet', 'scheduled__2025-07-16T00:00:00+00:00', '--job-id', '109', '--raw', '--subdir', 'DAGS_FOLDER/elt_to_dwh.py', '--cfg-path', '/tmp/tmpiicnir_c']
[2025-07-25T11:14:47.433+0000] {standard_task_runner.py:105} INFO - Job 109: Subtask extract_task.load_db_to_parquet
[2025-07-25T11:14:47.436+0000] {logging_mixin.py:190} WARNING - /home/airflow/.local/lib/python3.12/site-packages/airflow/task/task_runner/standard_task_runner.py:70 DeprecationWarning: This process (pid=3341) is multi-threaded, use of fork() may lead to deadlocks in the child.
[2025-07-25T11:14:47.437+0000] {standard_task_runner.py:72} INFO - Started process 3351 to run task
[2025-07-25T11:14:47.470+0000] {task_command.py:467} INFO - Running <TaskInstance: elt_to_dwh.extract_task.load_db_to_parquet scheduled__2025-07-16T00:00:00+00:00 [running]> on host 74cfddf97016
[2025-07-25T11:14:47.543+0000] {taskinstance.py:3134} INFO - Exporting env vars: AIRFLOW_CTX_DAG_OWNER='airflow' AIRFLOW_CTX_DAG_ID='elt_to_dwh' AIRFLOW_CTX_TASK_ID='extract_task.load_db_to_parquet' AIRFLOW_CTX_EXECUTION_DATE='2025-07-16T00:00:00+00:00' AIRFLOW_CTX_TRY_NUMBER='1' AIRFLOW_CTX_DAG_RUN_ID='scheduled__2025-07-16T00:00:00+00:00'
[2025-07-25T11:14:47.544+0000] {taskinstance.py:732} INFO - ::endgroup::
[2025-07-25T11:14:48.475+0000] {logging_mixin.py:190} INFO - [Company extract] retrieved 23670 rows from the database
[2025-07-25T11:14:48.516+0000] {logging_mixin.py:190} INFO - Saved data from database to parquet successfully at /opt/airflow/data/parquet/companies/crawl_companies-20250716.parquet
[2025-07-25T11:14:48.517+0000] {python.py:240} INFO - Done. Returned value was: None
[2025-07-25T11:14:48.525+0000] {taskinstance.py:341} INFO - ::group::Post task execution logs
[2025-07-25T11:14:48.526+0000] {taskinstance.py:353} INFO - Marking task as SUCCESS. dag_id=elt_to_dwh, task_id=extract_task.load_db_to_parquet, run_id=scheduled__2025-07-16T00:00:00+00:00, execution_date=20250716T000000, start_date=20250725T111447, end_date=20250725T111448
[2025-07-25T11:14:48.575+0000] {local_task_job_runner.py:266} INFO - Task exited with return code 0
[2025-07-25T11:14:48.590+0000] {taskinstance.py:3901} INFO - 0 downstream tasks scheduled from follow-on schedule check
[2025-07-25T11:14:48.591+0000] {local_task_job_runner.py:245} INFO - ::endgroup::
[2025-07-25T11:54:01.247+0000] {local_task_job_runner.py:123} INFO - ::group::Pre task execution logs
[2025-07-25T11:54:01.264+0000] {taskinstance.py:2614} INFO - Dependencies all met for dep_context=non-requeueable deps ti=<TaskInstance: elt_to_dwh.extract_task.load_db_to_parquet scheduled__2025-07-16T00:00:00+00:00 [queued]>
[2025-07-25T11:54:01.273+0000] {taskinstance.py:2614} INFO - Dependencies all met for dep_context=requeueable deps ti=<TaskInstance: elt_to_dwh.extract_task.load_db_to_parquet scheduled__2025-07-16T00:00:00+00:00 [queued]>
[2025-07-25T11:54:01.274+0000] {taskinstance.py:2867} INFO - Starting attempt 1 of 1
[2025-07-25T11:54:01.296+0000] {taskinstance.py:2890} INFO - Executing <Task(PythonOperator): extract_task.load_db_to_parquet> on 2025-07-16 00:00:00+00:00
[2025-07-25T11:54:01.304+0000] {standard_task_runner.py:104} INFO - Running: ['airflow', 'tasks', 'run', 'elt_to_dwh', 'extract_task.load_db_to_parquet', 'scheduled__2025-07-16T00:00:00+00:00', '--job-id', '174', '--raw', '--subdir', 'DAGS_FOLDER/elt_to_dwh.py', '--cfg-path', '/tmp/tmpa3osex4_']
[2025-07-25T11:54:01.307+0000] {standard_task_runner.py:105} INFO - Job 174: Subtask extract_task.load_db_to_parquet
[2025-07-25T11:54:01.309+0000] {logging_mixin.py:190} WARNING - /home/airflow/.local/lib/python3.12/site-packages/airflow/task/task_runner/standard_task_runner.py:70 DeprecationWarning: This process (pid=4986) is multi-threaded, use of fork() may lead to deadlocks in the child.
[2025-07-25T11:54:01.310+0000] {standard_task_runner.py:72} INFO - Started process 4996 to run task
[2025-07-25T11:54:01.354+0000] {task_command.py:467} INFO - Running <TaskInstance: elt_to_dwh.extract_task.load_db_to_parquet scheduled__2025-07-16T00:00:00+00:00 [running]> on host 74cfddf97016
[2025-07-25T11:54:01.433+0000] {taskinstance.py:3134} INFO - Exporting env vars: AIRFLOW_CTX_DAG_OWNER='airflow' AIRFLOW_CTX_DAG_ID='elt_to_dwh' AIRFLOW_CTX_TASK_ID='extract_task.load_db_to_parquet' AIRFLOW_CTX_EXECUTION_DATE='2025-07-16T00:00:00+00:00' AIRFLOW_CTX_TRY_NUMBER='1' AIRFLOW_CTX_DAG_RUN_ID='scheduled__2025-07-16T00:00:00+00:00'
[2025-07-25T11:54:01.434+0000] {taskinstance.py:732} INFO - ::endgroup::
[2025-07-25T11:54:03.049+0000] {logging_mixin.py:190} INFO - [Company extract] retrieved 23670 rows from the database
[2025-07-25T11:54:03.167+0000] {logging_mixin.py:190} INFO - Saved data from database to parquet successfully at /opt/airflow/data/parquet/companies/crawl_companies-20250716.parquet
[2025-07-25T11:54:03.172+0000] {python.py:240} INFO - Done. Returned value was: None
[2025-07-25T11:54:03.197+0000] {taskinstance.py:341} INFO - ::group::Post task execution logs
[2025-07-25T11:54:03.213+0000] {taskinstance.py:353} INFO - Marking task as SUCCESS. dag_id=elt_to_dwh, task_id=extract_task.load_db_to_parquet, run_id=scheduled__2025-07-16T00:00:00+00:00, execution_date=20250716T000000, start_date=20250725T115401, end_date=20250725T115403
[2025-07-25T11:54:03.346+0000] {local_task_job_runner.py:266} INFO - Task exited with return code 0
[2025-07-25T11:54:03.399+0000] {taskinstance.py:3901} INFO - 0 downstream tasks scheduled from follow-on schedule check
[2025-07-25T11:54:03.412+0000] {local_task_job_runner.py:245} INFO - ::endgroup::
[2025-07-26T05:02:16.445+0000] {local_task_job_runner.py:123} INFO - ::group::Pre task execution logs
[2025-07-26T05:02:16.457+0000] {taskinstance.py:2614} INFO - Dependencies all met for dep_context=non-requeueable deps ti=<TaskInstance: elt_to_dwh.extract_task.load_db_to_parquet scheduled__2025-07-16T00:00:00+00:00 [queued]>
[2025-07-26T05:02:16.464+0000] {taskinstance.py:2614} INFO - Dependencies all met for dep_context=requeueable deps ti=<TaskInstance: elt_to_dwh.extract_task.load_db_to_parquet scheduled__2025-07-16T00:00:00+00:00 [queued]>
[2025-07-26T05:02:16.465+0000] {taskinstance.py:2867} INFO - Starting attempt 1 of 1
[2025-07-26T05:02:16.478+0000] {taskinstance.py:2890} INFO - Executing <Task(PythonOperator): extract_task.load_db_to_parquet> on 2025-07-16 00:00:00+00:00
[2025-07-26T05:02:16.484+0000] {standard_task_runner.py:104} INFO - Running: ['airflow', 'tasks', 'run', 'elt_to_dwh', 'extract_task.load_db_to_parquet', 'scheduled__2025-07-16T00:00:00+00:00', '--job-id', '63', '--raw', '--subdir', 'DAGS_FOLDER/elt_to_dwh.py', '--cfg-path', '/tmp/tmpo69xt0la']
[2025-07-26T05:02:16.486+0000] {standard_task_runner.py:105} INFO - Job 63: Subtask extract_task.load_db_to_parquet
[2025-07-26T05:02:16.487+0000] {logging_mixin.py:190} WARNING - /home/airflow/.local/lib/python3.12/site-packages/airflow/task/task_runner/standard_task_runner.py:70 DeprecationWarning: This process (pid=2329) is multi-threaded, use of fork() may lead to deadlocks in the child.
[2025-07-26T05:02:16.488+0000] {standard_task_runner.py:72} INFO - Started process 2339 to run task
[2025-07-26T05:02:16.515+0000] {task_command.py:467} INFO - Running <TaskInstance: elt_to_dwh.extract_task.load_db_to_parquet scheduled__2025-07-16T00:00:00+00:00 [running]> on host 3bc71adbf7e0
[2025-07-26T05:02:16.577+0000] {taskinstance.py:3134} INFO - Exporting env vars: AIRFLOW_CTX_DAG_OWNER='airflow' AIRFLOW_CTX_DAG_ID='elt_to_dwh' AIRFLOW_CTX_TASK_ID='extract_task.load_db_to_parquet' AIRFLOW_CTX_EXECUTION_DATE='2025-07-16T00:00:00+00:00' AIRFLOW_CTX_TRY_NUMBER='1' AIRFLOW_CTX_DAG_RUN_ID='scheduled__2025-07-16T00:00:00+00:00'
[2025-07-26T05:02:16.578+0000] {taskinstance.py:732} INFO - ::endgroup::
[2025-07-26T05:02:17.399+0000] {logging_mixin.py:190} INFO - [Company extract] retrieved 23670 rows from the database
[2025-07-26T05:02:17.441+0000] {logging_mixin.py:190} INFO - Saved data from database to parquet successfully at /opt/airflow/data/parquet/companies/crawl_companies-20250716.parquet
[2025-07-26T05:02:17.442+0000] {python.py:240} INFO - Done. Returned value was: None
[2025-07-26T05:02:17.448+0000] {taskinstance.py:341} INFO - ::group::Post task execution logs
[2025-07-26T05:02:17.449+0000] {taskinstance.py:353} INFO - Marking task as SUCCESS. dag_id=elt_to_dwh, task_id=extract_task.load_db_to_parquet, run_id=scheduled__2025-07-16T00:00:00+00:00, execution_date=20250716T000000, start_date=20250726T050216, end_date=20250726T050217
[2025-07-26T05:02:17.506+0000] {local_task_job_runner.py:266} INFO - Task exited with return code 0
[2025-07-26T05:02:17.525+0000] {taskinstance.py:3901} INFO - 0 downstream tasks scheduled from follow-on schedule check
[2025-07-26T05:02:17.526+0000] {local_task_job_runner.py:245} INFO - ::endgroup::
