[2025-07-26T05:07:10.756+0000] {local_task_job_runner.py:123} INFO - ::group::Pre task execution logs
[2025-07-26T05:07:10.770+0000] {taskinstance.py:2614} INFO - Dependencies all met for dep_context=non-requeueable deps ti=<TaskInstance: elt_to_dwh.transform_task.process_ohlcs scheduled__2025-07-17T00:00:00+00:00 [queued]>
[2025-07-26T05:07:10.778+0000] {taskinstance.py:2614} INFO - Dependencies all met for dep_context=requeueable deps ti=<TaskInstance: elt_to_dwh.transform_task.process_ohlcs scheduled__2025-07-17T00:00:00+00:00 [queued]>
[2025-07-26T05:07:10.778+0000] {taskinstance.py:2867} INFO - Starting attempt 1 of 1
[2025-07-26T05:07:10.792+0000] {taskinstance.py:2890} INFO - Executing <Task(SparkSubmitOperator): transform_task.process_ohlcs> on 2025-07-17 00:00:00+00:00
[2025-07-26T05:07:10.799+0000] {standard_task_runner.py:104} INFO - Running: ['airflow', 'tasks', 'run', 'elt_to_dwh', 'transform_task.process_ohlcs', 'scheduled__2025-07-17T00:00:00+00:00', '--job-id', '85', '--raw', '--subdir', 'DAGS_FOLDER/elt_to_dwh.py', '--cfg-path', '/tmp/tmpg9zfktyq']
[2025-07-26T05:07:10.801+0000] {standard_task_runner.py:105} INFO - Job 85: Subtask transform_task.process_ohlcs
[2025-07-26T05:07:10.803+0000] {logging_mixin.py:190} WARNING - /home/airflow/.local/lib/python3.12/site-packages/airflow/task/task_runner/standard_task_runner.py:70 DeprecationWarning: This process (pid=4757) is multi-threaded, use of fork() may lead to deadlocks in the child.
[2025-07-26T05:07:10.804+0000] {standard_task_runner.py:72} INFO - Started process 4767 to run task
[2025-07-26T05:07:10.834+0000] {task_command.py:467} INFO - Running <TaskInstance: elt_to_dwh.transform_task.process_ohlcs scheduled__2025-07-17T00:00:00+00:00 [running]> on host 3bc71adbf7e0
[2025-07-26T05:07:10.933+0000] {taskinstance.py:3134} INFO - Exporting env vars: AIRFLOW_CTX_DAG_OWNER='airflow' AIRFLOW_CTX_DAG_ID='elt_to_dwh' AIRFLOW_CTX_TASK_ID='transform_task.process_ohlcs' AIRFLOW_CTX_EXECUTION_DATE='2025-07-17T00:00:00+00:00' AIRFLOW_CTX_TRY_NUMBER='1' AIRFLOW_CTX_DAG_RUN_ID='scheduled__2025-07-17T00:00:00+00:00'
[2025-07-26T05:07:10.947+0000] {taskinstance.py:732} INFO - ::endgroup::
[2025-07-26T05:07:10.984+0000] {base.py:84} INFO - Retrieving connection 'spark_conn'
[2025-07-26T05:07:10.985+0000] {spark_submit.py:351} INFO - Spark-Submit cmd: spark-submit --master spark-master:7077 --name arrow-spark /opt/airflow/scripts/elt_to_dwh/transform/process_ohlcs.py 2025-07-17
[2025-07-26T05:07:14.574+0000] {spark_submit.py:521} INFO - Execution date string: 2025-07-17
[2025-07-26T05:07:15.018+0000] {spark_submit.py:521} INFO - Reading from: s3a://stock-project-datalake/ohlcs/crawl_ohlcs-20250717.parquet
[2025-07-26T05:07:15.089+0000] {spark_submit.py:521} INFO - 25/07/26 05:07:15 INFO SparkContext: Running Spark version 3.5.6
[2025-07-26T05:07:15.091+0000] {spark_submit.py:521} INFO - 25/07/26 05:07:15 INFO SparkContext: OS info Linux, 5.15.153.1-microsoft-standard-WSL2, amd64
[2025-07-26T05:07:15.092+0000] {spark_submit.py:521} INFO - 25/07/26 05:07:15 INFO SparkContext: Java version 17.0.15
[2025-07-26T05:07:15.150+0000] {spark_submit.py:521} INFO - 25/07/26 05:07:15 WARN NativeCodeLoader: Unable to load native-hadoop library for your platform... using builtin-java classes where applicable
[2025-07-26T05:07:15.248+0000] {spark_submit.py:521} INFO - 25/07/26 05:07:15 INFO ResourceUtils: ==============================================================
[2025-07-26T05:07:15.249+0000] {spark_submit.py:521} INFO - 25/07/26 05:07:15 INFO ResourceUtils: No custom resources configured for spark.driver.
[2025-07-26T05:07:15.250+0000] {spark_submit.py:521} INFO - 25/07/26 05:07:15 INFO ResourceUtils: ==============================================================
[2025-07-26T05:07:15.250+0000] {spark_submit.py:521} INFO - 25/07/26 05:07:15 INFO SparkContext: Submitted application: process_ohlcs
[2025-07-26T05:07:15.272+0000] {spark_submit.py:521} INFO - 25/07/26 05:07:15 INFO ResourceProfile: Default ResourceProfile created, executor resources: Map(memory -> name: memory, amount: 1024, script: , vendor: , offHeap -> name: offHeap, amount: 0, script: , vendor: ), task resources: Map(cpus -> name: cpus, amount: 1.0)
[2025-07-26T05:07:15.281+0000] {spark_submit.py:521} INFO - 25/07/26 05:07:15 INFO ResourceProfile: Limiting resource is cpu
[2025-07-26T05:07:15.282+0000] {spark_submit.py:521} INFO - 25/07/26 05:07:15 INFO ResourceProfileManager: Added ResourceProfile id: 0
[2025-07-26T05:07:15.335+0000] {spark_submit.py:521} INFO - 25/07/26 05:07:15 INFO SecurityManager: Changing view acls to: airflow
[2025-07-26T05:07:15.335+0000] {spark_submit.py:521} INFO - 25/07/26 05:07:15 INFO SecurityManager: Changing modify acls to: airflow
[2025-07-26T05:07:15.336+0000] {spark_submit.py:521} INFO - 25/07/26 05:07:15 INFO SecurityManager: Changing view acls groups to:
[2025-07-26T05:07:15.337+0000] {spark_submit.py:521} INFO - 25/07/26 05:07:15 INFO SecurityManager: Changing modify acls groups to:
[2025-07-26T05:07:15.337+0000] {spark_submit.py:521} INFO - 25/07/26 05:07:15 INFO SecurityManager: SecurityManager: authentication disabled; ui acls disabled; users with view permissions: airflow; groups with view permissions: EMPTY; users with modify permissions: airflow; groups with modify permissions: EMPTY
[2025-07-26T05:07:15.585+0000] {spark_submit.py:521} INFO - 25/07/26 05:07:15 INFO Utils: Successfully started service 'sparkDriver' on port 33539.
[2025-07-26T05:07:15.611+0000] {spark_submit.py:521} INFO - 25/07/26 05:07:15 INFO SparkEnv: Registering MapOutputTracker
[2025-07-26T05:07:15.650+0000] {spark_submit.py:521} INFO - 25/07/26 05:07:15 INFO SparkEnv: Registering BlockManagerMaster
[2025-07-26T05:07:15.670+0000] {spark_submit.py:521} INFO - 25/07/26 05:07:15 INFO BlockManagerMasterEndpoint: Using org.apache.spark.storage.DefaultTopologyMapper for getting topology information
[2025-07-26T05:07:15.670+0000] {spark_submit.py:521} INFO - 25/07/26 05:07:15 INFO BlockManagerMasterEndpoint: BlockManagerMasterEndpoint up
[2025-07-26T05:07:15.676+0000] {spark_submit.py:521} INFO - 25/07/26 05:07:15 INFO SparkEnv: Registering BlockManagerMasterHeartbeat
[2025-07-26T05:07:15.700+0000] {spark_submit.py:521} INFO - 25/07/26 05:07:15 INFO DiskBlockManager: Created local directory at /tmp/blockmgr-92ab6f80-b3f0-4efb-bddc-38adac047c53
[2025-07-26T05:07:15.720+0000] {spark_submit.py:521} INFO - 25/07/26 05:07:15 INFO MemoryStore: MemoryStore started with capacity 434.4 MiB
[2025-07-26T05:07:15.754+0000] {spark_submit.py:521} INFO - 25/07/26 05:07:15 INFO SparkEnv: Registering OutputCommitCoordinator
[2025-07-26T05:07:15.951+0000] {spark_submit.py:521} INFO - 25/07/26 05:07:15 INFO JettyUtils: Start Jetty 0.0.0.0:4040 for SparkUI
[2025-07-26T05:07:16.009+0000] {spark_submit.py:521} INFO - 25/07/26 05:07:16 INFO Utils: Successfully started service 'SparkUI' on port 4040.
[2025-07-26T05:07:16.130+0000] {spark_submit.py:521} INFO - 25/07/26 05:07:16 INFO StandaloneAppClient$ClientEndpoint: Connecting to master spark://spark-master:7077...
[2025-07-26T05:07:16.172+0000] {spark_submit.py:521} INFO - 25/07/26 05:07:16 INFO TransportClientFactory: Successfully created connection to spark-master/172.18.0.5:7077 after 23 ms (0 ms spent in bootstraps)
[2025-07-26T05:07:16.249+0000] {spark_submit.py:521} INFO - 25/07/26 05:07:16 INFO StandaloneSchedulerBackend: Connected to Spark cluster with app ID app-20250726050716-0009
[2025-07-26T05:07:16.254+0000] {spark_submit.py:521} INFO - 25/07/26 05:07:16 INFO StandaloneAppClient$ClientEndpoint: Executor added: app-20250726050716-0009/0 on worker-20250726042217-172.18.0.6-40723 (172.18.0.6:40723) with 2 core(s)
[2025-07-26T05:07:16.259+0000] {spark_submit.py:521} INFO - 25/07/26 05:07:16 INFO StandaloneSchedulerBackend: Granted executor ID app-20250726050716-0009/0 on hostPort 172.18.0.6:40723 with 2 core(s), 1024.0 MiB RAM
[2025-07-26T05:07:16.262+0000] {spark_submit.py:521} INFO - 25/07/26 05:07:16 INFO Utils: Successfully started service 'org.apache.spark.network.netty.NettyBlockTransferService' on port 40143.
[2025-07-26T05:07:16.263+0000] {spark_submit.py:521} INFO - 25/07/26 05:07:16 INFO NettyBlockTransferService: Server created on 3bc71adbf7e0:40143
[2025-07-26T05:07:16.266+0000] {spark_submit.py:521} INFO - 25/07/26 05:07:16 INFO BlockManager: Using org.apache.spark.storage.RandomBlockReplicationPolicy for block replication policy
[2025-07-26T05:07:16.278+0000] {spark_submit.py:521} INFO - 25/07/26 05:07:16 INFO BlockManagerMaster: Registering BlockManager BlockManagerId(driver, 3bc71adbf7e0, 40143, None)
[2025-07-26T05:07:16.284+0000] {spark_submit.py:521} INFO - 25/07/26 05:07:16 INFO BlockManagerMasterEndpoint: Registering block manager 3bc71adbf7e0:40143 with 434.4 MiB RAM, BlockManagerId(driver, 3bc71adbf7e0, 40143, None)
[2025-07-26T05:07:16.288+0000] {spark_submit.py:521} INFO - 25/07/26 05:07:16 INFO BlockManagerMaster: Registered BlockManager BlockManagerId(driver, 3bc71adbf7e0, 40143, None)
[2025-07-26T05:07:16.289+0000] {spark_submit.py:521} INFO - 25/07/26 05:07:16 INFO BlockManager: Initialized BlockManager: BlockManagerId(driver, 3bc71adbf7e0, 40143, None)
[2025-07-26T05:07:16.294+0000] {spark_submit.py:521} INFO - 25/07/26 05:07:16 INFO StandaloneAppClient$ClientEndpoint: Executor updated: app-20250726050716-0009/0 is now RUNNING
[2025-07-26T05:07:16.569+0000] {spark_submit.py:521} INFO - 25/07/26 05:07:16 INFO StandaloneSchedulerBackend: SchedulerBackend is ready for scheduling beginning after reached minRegisteredResourcesRatio: 0.0
[2025-07-26T05:07:16.908+0000] {spark_submit.py:521} INFO - 25/07/26 05:07:16 INFO SharedState: Setting hive.metastore.warehouse.dir ('null') to the value of spark.sql.warehouse.dir.
[2025-07-26T05:07:16.925+0000] {spark_submit.py:521} INFO - 25/07/26 05:07:16 INFO SharedState: Warehouse path is 'file:/opt/airflow/spark-warehouse'.
[2025-07-26T05:07:18.494+0000] {spark_submit.py:521} INFO - 25/07/26 05:07:18 WARN MetricsConfig: Cannot locate configuration: tried hadoop-metrics2-s3a-file-system.properties,hadoop-metrics2.properties
[2025-07-26T05:07:18.533+0000] {spark_submit.py:521} INFO - 25/07/26 05:07:18 INFO MetricsSystemImpl: Scheduled Metric snapshot period at 10 second(s).
[2025-07-26T05:07:18.537+0000] {spark_submit.py:521} INFO - 25/07/26 05:07:18 INFO MetricsSystemImpl: s3a-file-system metrics system started
[2025-07-26T05:07:19.802+0000] {spark_submit.py:521} INFO - 25/07/26 05:07:19 INFO StandaloneSchedulerBackend$StandaloneDriverEndpoint: Registered executor NettyRpcEndpointRef(spark-client://Executor) (172.18.0.6:49182) with ID 0,  ResourceProfileId 0
[2025-07-26T05:07:19.885+0000] {spark_submit.py:521} INFO - 25/07/26 05:07:19 INFO BlockManagerMasterEndpoint: Registering block manager 172.18.0.6:43059 with 434.4 MiB RAM, BlockManagerId(0, 172.18.0.6, 43059, None)
[2025-07-26T05:07:21.046+0000] {spark_submit.py:521} INFO - 25/07/26 05:07:21 INFO InMemoryFileIndex: It took 283 ms to list leaf files for 1 paths.
[2025-07-26T05:07:21.462+0000] {spark_submit.py:521} INFO - 25/07/26 05:07:21 INFO SparkContext: Starting job: parquet at NativeMethodAccessorImpl.java:0
[2025-07-26T05:07:21.480+0000] {spark_submit.py:521} INFO - 25/07/26 05:07:21 INFO DAGScheduler: Got job 0 (parquet at NativeMethodAccessorImpl.java:0) with 1 output partitions
[2025-07-26T05:07:21.481+0000] {spark_submit.py:521} INFO - 25/07/26 05:07:21 INFO DAGScheduler: Final stage: ResultStage 0 (parquet at NativeMethodAccessorImpl.java:0)
[2025-07-26T05:07:21.483+0000] {spark_submit.py:521} INFO - 25/07/26 05:07:21 INFO DAGScheduler: Parents of final stage: List()
[2025-07-26T05:07:21.485+0000] {spark_submit.py:521} INFO - 25/07/26 05:07:21 INFO DAGScheduler: Missing parents: List()
[2025-07-26T05:07:21.493+0000] {spark_submit.py:521} INFO - 25/07/26 05:07:21 INFO DAGScheduler: Submitting ResultStage 0 (MapPartitionsRDD[1] at parquet at NativeMethodAccessorImpl.java:0), which has no missing parents
[2025-07-26T05:07:21.557+0000] {spark_submit.py:521} INFO - 25/07/26 05:07:21 INFO MemoryStore: Block broadcast_0 stored as values in memory (estimated size 104.6 KiB, free 434.3 MiB)
[2025-07-26T05:07:21.593+0000] {spark_submit.py:521} INFO - 25/07/26 05:07:21 INFO MemoryStore: Block broadcast_0_piece0 stored as bytes in memory (estimated size 38.1 KiB, free 434.3 MiB)
[2025-07-26T05:07:21.596+0000] {spark_submit.py:521} INFO - 25/07/26 05:07:21 INFO BlockManagerInfo: Added broadcast_0_piece0 in memory on 3bc71adbf7e0:40143 (size: 38.1 KiB, free: 434.4 MiB)
[2025-07-26T05:07:21.600+0000] {spark_submit.py:521} INFO - 25/07/26 05:07:21 INFO SparkContext: Created broadcast 0 from broadcast at DAGScheduler.scala:1611
[2025-07-26T05:07:21.625+0000] {spark_submit.py:521} INFO - 25/07/26 05:07:21 INFO DAGScheduler: Submitting 1 missing tasks from ResultStage 0 (MapPartitionsRDD[1] at parquet at NativeMethodAccessorImpl.java:0) (first 15 tasks are for partitions Vector(0))
[2025-07-26T05:07:21.627+0000] {spark_submit.py:521} INFO - 25/07/26 05:07:21 INFO TaskSchedulerImpl: Adding task set 0.0 with 1 tasks resource profile 0
[2025-07-26T05:07:21.661+0000] {spark_submit.py:521} INFO - 25/07/26 05:07:21 INFO TaskSetManager: Starting task 0.0 in stage 0.0 (TID 0) (172.18.0.6, executor 0, partition 0, PROCESS_LOCAL, 9161 bytes)
[2025-07-26T05:07:21.933+0000] {spark_submit.py:521} INFO - 25/07/26 05:07:21 INFO BlockManagerInfo: Added broadcast_0_piece0 in memory on 172.18.0.6:43059 (size: 38.1 KiB, free: 434.4 MiB)
[2025-07-26T05:07:24.282+0000] {spark_submit.py:521} INFO - 25/07/26 05:07:24 INFO TaskSetManager: Finished task 0.0 in stage 0.0 (TID 0) in 2633 ms on 172.18.0.6 (executor 0) (1/1)
[2025-07-26T05:07:24.284+0000] {spark_submit.py:521} INFO - 25/07/26 05:07:24 INFO TaskSchedulerImpl: Removed TaskSet 0.0, whose tasks have all completed, from pool
[2025-07-26T05:07:24.289+0000] {spark_submit.py:521} INFO - 25/07/26 05:07:24 INFO DAGScheduler: ResultStage 0 (parquet at NativeMethodAccessorImpl.java:0) finished in 2.777 s
[2025-07-26T05:07:24.291+0000] {spark_submit.py:521} INFO - 25/07/26 05:07:24 INFO DAGScheduler: Job 0 is finished. Cancelling potential speculative or zombie tasks for this job
[2025-07-26T05:07:24.292+0000] {spark_submit.py:521} INFO - 25/07/26 05:07:24 INFO TaskSchedulerImpl: Killing all running tasks in stage 0: Stage finished
[2025-07-26T05:07:24.295+0000] {spark_submit.py:521} INFO - 25/07/26 05:07:24 INFO DAGScheduler: Job 0 finished: parquet at NativeMethodAccessorImpl.java:0, took 2.832346 s
[2025-07-26T05:07:24.419+0000] {spark_submit.py:521} INFO - 25/07/26 05:07:24 INFO BlockManagerInfo: Removed broadcast_0_piece0 on 3bc71adbf7e0:40143 in memory (size: 38.1 KiB, free: 434.4 MiB)
[2025-07-26T05:07:24.428+0000] {spark_submit.py:521} INFO - 25/07/26 05:07:24 INFO BlockManagerInfo: Removed broadcast_0_piece0 on 172.18.0.6:43059 in memory (size: 38.1 KiB, free: 434.4 MiB)
[2025-07-26T05:07:24.985+0000] {spark_submit.py:521} INFO - DataFrame loaded from Parquet:
[2025-07-26T05:07:25.001+0000] {spark_submit.py:521} INFO - root
[2025-07-26T05:07:25.002+0000] {spark_submit.py:521} INFO - |-- ticker: string (nullable = true)
[2025-07-26T05:07:25.002+0000] {spark_submit.py:521} INFO - |-- volume: double (nullable = true)
[2025-07-26T05:07:25.003+0000] {spark_submit.py:521} INFO - |-- volume_weighted: double (nullable = true)
[2025-07-26T05:07:25.003+0000] {spark_submit.py:521} INFO - |-- open: double (nullable = true)
[2025-07-26T05:07:25.003+0000] {spark_submit.py:521} INFO - |-- close: double (nullable = true)
[2025-07-26T05:07:25.004+0000] {spark_submit.py:521} INFO - |-- high: double (nullable = true)
[2025-07-26T05:07:25.004+0000] {spark_submit.py:521} INFO - |-- low: double (nullable = true)
[2025-07-26T05:07:25.004+0000] {spark_submit.py:521} INFO - |-- time_stamp: long (nullable = true)
[2025-07-26T05:07:25.005+0000] {spark_submit.py:521} INFO - |-- num_of_trades: long (nullable = true)
[2025-07-26T05:07:25.005+0000] {spark_submit.py:521} INFO - |-- is_otc: boolean (nullable = true)
[2025-07-26T05:07:25.006+0000] {spark_submit.py:521} INFO - 
[2025-07-26T05:07:25.431+0000] {spark_submit.py:521} INFO - 25/07/26 05:07:25 INFO FileSourceStrategy: Pushed Filters:
[2025-07-26T05:07:25.445+0000] {spark_submit.py:521} INFO - 25/07/26 05:07:25 INFO FileSourceStrategy: Post-Scan Filters:
[2025-07-26T05:07:26.005+0000] {spark_submit.py:521} INFO - 25/07/26 05:07:26 INFO CodeGenerator: Code generated in 314.125835 ms
[2025-07-26T05:07:26.040+0000] {spark_submit.py:521} INFO - 25/07/26 05:07:26 INFO MemoryStore: Block broadcast_1 stored as values in memory (estimated size 211.8 KiB, free 434.2 MiB)
[2025-07-26T05:07:26.058+0000] {spark_submit.py:521} INFO - 25/07/26 05:07:26 INFO MemoryStore: Block broadcast_1_piece0 stored as bytes in memory (estimated size 36.2 KiB, free 434.2 MiB)
[2025-07-26T05:07:26.059+0000] {spark_submit.py:521} INFO - 25/07/26 05:07:26 INFO BlockManagerInfo: Added broadcast_1_piece0 in memory on 3bc71adbf7e0:40143 (size: 36.2 KiB, free: 434.4 MiB)
[2025-07-26T05:07:26.061+0000] {spark_submit.py:521} INFO - 25/07/26 05:07:26 INFO SparkContext: Created broadcast 1 from showString at NativeMethodAccessorImpl.java:0
[2025-07-26T05:07:26.074+0000] {spark_submit.py:521} INFO - 25/07/26 05:07:26 INFO FileSourceScanExec: Planning scan with bin packing, max size: 4194304 bytes, open cost is considered as scanning 4194304 bytes.
[2025-07-26T05:07:26.116+0000] {spark_submit.py:521} INFO - 25/07/26 05:07:26 INFO SparkContext: Starting job: showString at NativeMethodAccessorImpl.java:0
[2025-07-26T05:07:26.118+0000] {spark_submit.py:521} INFO - 25/07/26 05:07:26 INFO DAGScheduler: Got job 1 (showString at NativeMethodAccessorImpl.java:0) with 1 output partitions
[2025-07-26T05:07:26.118+0000] {spark_submit.py:521} INFO - 25/07/26 05:07:26 INFO DAGScheduler: Final stage: ResultStage 1 (showString at NativeMethodAccessorImpl.java:0)
[2025-07-26T05:07:26.119+0000] {spark_submit.py:521} INFO - 25/07/26 05:07:26 INFO DAGScheduler: Parents of final stage: List()
[2025-07-26T05:07:26.119+0000] {spark_submit.py:521} INFO - 25/07/26 05:07:26 INFO DAGScheduler: Missing parents: List()
[2025-07-26T05:07:26.120+0000] {spark_submit.py:521} INFO - 25/07/26 05:07:26 INFO DAGScheduler: Submitting ResultStage 1 (MapPartitionsRDD[5] at showString at NativeMethodAccessorImpl.java:0), which has no missing parents
[2025-07-26T05:07:26.142+0000] {spark_submit.py:521} INFO - 25/07/26 05:07:26 INFO MemoryStore: Block broadcast_2 stored as values in memory (estimated size 20.5 KiB, free 434.1 MiB)
[2025-07-26T05:07:26.148+0000] {spark_submit.py:521} INFO - 25/07/26 05:07:26 INFO MemoryStore: Block broadcast_2_piece0 stored as bytes in memory (estimated size 7.3 KiB, free 434.1 MiB)
[2025-07-26T05:07:26.150+0000] {spark_submit.py:521} INFO - 25/07/26 05:07:26 INFO BlockManagerInfo: Added broadcast_2_piece0 in memory on 3bc71adbf7e0:40143 (size: 7.3 KiB, free: 434.4 MiB)
[2025-07-26T05:07:26.150+0000] {spark_submit.py:521} INFO - 25/07/26 05:07:26 INFO SparkContext: Created broadcast 2 from broadcast at DAGScheduler.scala:1611
[2025-07-26T05:07:26.152+0000] {spark_submit.py:521} INFO - 25/07/26 05:07:26 INFO DAGScheduler: Submitting 1 missing tasks from ResultStage 1 (MapPartitionsRDD[5] at showString at NativeMethodAccessorImpl.java:0) (first 15 tasks are for partitions Vector(0))
[2025-07-26T05:07:26.152+0000] {spark_submit.py:521} INFO - 25/07/26 05:07:26 INFO TaskSchedulerImpl: Adding task set 1.0 with 1 tasks resource profile 0
[2025-07-26T05:07:26.156+0000] {spark_submit.py:521} INFO - 25/07/26 05:07:26 INFO TaskSetManager: Starting task 0.0 in stage 1.0 (TID 1) (172.18.0.6, executor 0, partition 0, PROCESS_LOCAL, 9629 bytes)
[2025-07-26T05:07:26.199+0000] {spark_submit.py:521} INFO - 25/07/26 05:07:26 INFO BlockManagerInfo: Added broadcast_2_piece0 in memory on 172.18.0.6:43059 (size: 7.3 KiB, free: 434.4 MiB)
[2025-07-26T05:07:26.644+0000] {spark_submit.py:521} INFO - 25/07/26 05:07:26 INFO BlockManagerInfo: Added broadcast_1_piece0 in memory on 172.18.0.6:43059 (size: 36.2 KiB, free: 434.4 MiB)
[2025-07-26T05:07:27.796+0000] {spark_submit.py:521} INFO - 25/07/26 05:07:27 INFO TaskSetManager: Finished task 0.0 in stage 1.0 (TID 1) in 1643 ms on 172.18.0.6 (executor 0) (1/1)
[2025-07-26T05:07:27.797+0000] {spark_submit.py:521} INFO - 25/07/26 05:07:27 INFO TaskSchedulerImpl: Removed TaskSet 1.0, whose tasks have all completed, from pool
[2025-07-26T05:07:27.798+0000] {spark_submit.py:521} INFO - 25/07/26 05:07:27 INFO DAGScheduler: ResultStage 1 (showString at NativeMethodAccessorImpl.java:0) finished in 1.676 s
[2025-07-26T05:07:27.799+0000] {spark_submit.py:521} INFO - 25/07/26 05:07:27 INFO DAGScheduler: Job 1 is finished. Cancelling potential speculative or zombie tasks for this job
[2025-07-26T05:07:27.800+0000] {spark_submit.py:521} INFO - 25/07/26 05:07:27 INFO TaskSchedulerImpl: Killing all running tasks in stage 1: Stage finished
[2025-07-26T05:07:27.800+0000] {spark_submit.py:521} INFO - 25/07/26 05:07:27 INFO DAGScheduler: Job 1 finished: showString at NativeMethodAccessorImpl.java:0, took 1.683784 s
[2025-07-26T05:07:28.585+0000] {spark_submit.py:521} INFO - 25/07/26 05:07:28 INFO CodeGenerator: Code generated in 54.944504 ms
[2025-07-26T05:07:28.599+0000] {spark_submit.py:521} INFO - +------+---------+---------------+-----+-----+------+-------+-------------+-------------+------+
[2025-07-26T05:07:28.600+0000] {spark_submit.py:521} INFO - |ticker|   volume|volume_weighted| open|close|  high|    low|   time_stamp|num_of_trades|is_otc|
[2025-07-26T05:07:28.600+0000] {spark_submit.py:521} INFO - +------+---------+---------------+-----+-----+------+-------+-------------+-------------+------+
[2025-07-26T05:07:28.601+0000] {spark_submit.py:521} INFO - |  PRTT|   7897.0|         0.7502|0.687| 0.75| 0.874|0.10185|1752782400000|           16|  true|
[2025-07-26T05:07:28.601+0000] {spark_submit.py:521} INFO - | NVZMY|  14311.0|        70.0646|70.07|70.25| 70.55|  68.96|1752782400000|          392|  true|
[2025-07-26T05:07:28.602+0000] {spark_submit.py:521} INFO - |  YANG|1675371.0|        29.0363|29.59|28.71| 29.66|  28.71|1752782400000|        10824|  NULL|
[2025-07-26T05:07:28.603+0000] {spark_submit.py:521} INFO - |  XSHQ|  12181.0|        41.7003|41.23|41.88| 41.89|  41.23|1752782400000|          159|  NULL|
[2025-07-26T05:07:28.603+0000] {spark_submit.py:521} INFO - |   IYC|  53574.0|        100.286|99.88|100.5|100.51|  99.88|1752782400000|          796|  NULL|
[2025-07-26T05:07:28.604+0000] {spark_submit.py:521} INFO - +------+---------+---------------+-----+-----+------+-------+-------------+-------------+------+
[2025-07-26T05:07:28.605+0000] {spark_submit.py:521} INFO - only showing top 5 rows
[2025-07-26T05:07:28.605+0000] {spark_submit.py:521} INFO - 
[2025-07-26T05:07:28.919+0000] {spark_submit.py:521} INFO - Time ID DataFrame:
[2025-07-26T05:07:28.922+0000] {spark_submit.py:521} INFO - id
[2025-07-26T05:07:28.923+0000] {spark_submit.py:521} INFO - 0   6
[2025-07-26T05:07:29.581+0000] {spark_submit.py:521} INFO - Companies DataFrame:
[2025-07-26T05:07:29.583+0000] {spark_submit.py:521} INFO - DataFrame[id: bigint, ticker: string]
[2025-07-26T05:07:29.698+0000] {spark_submit.py:521} INFO - Transformed DataFrame:
[2025-07-26T05:07:29.722+0000] {spark_submit.py:521} INFO - 25/07/26 05:07:29 INFO BlockManagerInfo: Removed broadcast_2_piece0 on 3bc71adbf7e0:40143 in memory (size: 7.3 KiB, free: 434.4 MiB)
[2025-07-26T05:07:29.725+0000] {spark_submit.py:521} INFO - 25/07/26 05:07:29 INFO BlockManagerInfo: Removed broadcast_2_piece0 on 172.18.0.6:43059 in memory (size: 7.3 KiB, free: 434.4 MiB)
[2025-07-26T05:07:29.849+0000] {spark_submit.py:521} INFO - 25/07/26 05:07:29 INFO FileSourceStrategy: Pushed Filters: IsNotNull(volume_weighted),IsNotNull(ticker)
[2025-07-26T05:07:29.849+0000] {spark_submit.py:521} INFO - 25/07/26 05:07:29 INFO FileSourceStrategy: Post-Scan Filters: isnotnull(volume_weighted#2),isnotnull(ticker#0)
[2025-07-26T05:07:29.997+0000] {spark_submit.py:521} INFO - 25/07/26 05:07:29 INFO CodeGenerator: Code generated in 29.077875 ms
[2025-07-26T05:07:30.006+0000] {spark_submit.py:521} INFO - 25/07/26 05:07:30 INFO MemoryStore: Block broadcast_3 stored as values in memory (estimated size 211.8 KiB, free 434.0 MiB)
[2025-07-26T05:07:30.028+0000] {spark_submit.py:521} INFO - 25/07/26 05:07:30 INFO MemoryStore: Block broadcast_3_piece0 stored as bytes in memory (estimated size 36.2 KiB, free 433.9 MiB)
[2025-07-26T05:07:30.029+0000] {spark_submit.py:521} INFO - 25/07/26 05:07:30 INFO BlockManagerInfo: Added broadcast_3_piece0 in memory on 3bc71adbf7e0:40143 (size: 36.2 KiB, free: 434.3 MiB)
[2025-07-26T05:07:30.031+0000] {spark_submit.py:521} INFO - 25/07/26 05:07:30 INFO SparkContext: Created broadcast 3 from $anonfun$withThreadLocalCaptured$1 at FutureTask.java:264
[2025-07-26T05:07:30.034+0000] {spark_submit.py:521} INFO - 25/07/26 05:07:30 INFO FileSourceScanExec: Planning scan with bin packing, max size: 4194304 bytes, open cost is considered as scanning 4194304 bytes.
[2025-07-26T05:07:30.064+0000] {spark_submit.py:521} INFO - 25/07/26 05:07:30 INFO SparkContext: Starting job: $anonfun$withThreadLocalCaptured$1 at FutureTask.java:264
[2025-07-26T05:07:30.066+0000] {spark_submit.py:521} INFO - 25/07/26 05:07:30 INFO DAGScheduler: Got job 2 ($anonfun$withThreadLocalCaptured$1 at FutureTask.java:264) with 1 output partitions
[2025-07-26T05:07:30.066+0000] {spark_submit.py:521} INFO - 25/07/26 05:07:30 INFO DAGScheduler: Final stage: ResultStage 2 ($anonfun$withThreadLocalCaptured$1 at FutureTask.java:264)
[2025-07-26T05:07:30.067+0000] {spark_submit.py:521} INFO - 25/07/26 05:07:30 INFO DAGScheduler: Parents of final stage: List()
[2025-07-26T05:07:30.067+0000] {spark_submit.py:521} INFO - 25/07/26 05:07:30 INFO DAGScheduler: Missing parents: List()
[2025-07-26T05:07:30.068+0000] {spark_submit.py:521} INFO - 25/07/26 05:07:30 INFO DAGScheduler: Submitting ResultStage 2 (MapPartitionsRDD[14] at $anonfun$withThreadLocalCaptured$1 at FutureTask.java:264), which has no missing parents
[2025-07-26T05:07:30.071+0000] {spark_submit.py:521} INFO - 25/07/26 05:07:30 INFO MemoryStore: Block broadcast_4 stored as values in memory (estimated size 19.9 KiB, free 433.9 MiB)
[2025-07-26T05:07:30.073+0000] {spark_submit.py:521} INFO - 25/07/26 05:07:30 INFO MemoryStore: Block broadcast_4_piece0 stored as bytes in memory (estimated size 7.3 KiB, free 433.9 MiB)
[2025-07-26T05:07:30.075+0000] {spark_submit.py:521} INFO - 25/07/26 05:07:30 INFO BlockManagerInfo: Added broadcast_4_piece0 in memory on 3bc71adbf7e0:40143 (size: 7.3 KiB, free: 434.3 MiB)
[2025-07-26T05:07:30.076+0000] {spark_submit.py:521} INFO - 25/07/26 05:07:30 INFO SparkContext: Created broadcast 4 from broadcast at DAGScheduler.scala:1611
[2025-07-26T05:07:30.078+0000] {spark_submit.py:521} INFO - 25/07/26 05:07:30 INFO DAGScheduler: Submitting 1 missing tasks from ResultStage 2 (MapPartitionsRDD[14] at $anonfun$withThreadLocalCaptured$1 at FutureTask.java:264) (first 15 tasks are for partitions Vector(0))
[2025-07-26T05:07:30.079+0000] {spark_submit.py:521} INFO - 25/07/26 05:07:30 INFO TaskSchedulerImpl: Adding task set 2.0 with 1 tasks resource profile 0
[2025-07-26T05:07:30.083+0000] {spark_submit.py:521} INFO - 25/07/26 05:07:30 INFO TaskSetManager: Starting task 0.0 in stage 2.0 (TID 2) (172.18.0.6, executor 0, partition 0, PROCESS_LOCAL, 9629 bytes)
[2025-07-26T05:07:30.084+0000] {spark_submit.py:521} INFO - 25/07/26 05:07:30 INFO CodeGenerator: Code generated in 88.679099 ms
[2025-07-26T05:07:30.109+0000] {spark_submit.py:521} INFO - 25/07/26 05:07:30 INFO BlockManagerInfo: Added broadcast_4_piece0 in memory on 172.18.0.6:43059 (size: 7.3 KiB, free: 434.4 MiB)
[2025-07-26T05:07:30.155+0000] {spark_submit.py:521} INFO - 25/07/26 05:07:30 INFO DAGScheduler: Registering RDD 16 (showString at NativeMethodAccessorImpl.java:0) as input to shuffle 0
[2025-07-26T05:07:30.161+0000] {spark_submit.py:521} INFO - 25/07/26 05:07:30 INFO DAGScheduler: Got map stage job 3 (showString at NativeMethodAccessorImpl.java:0) with 2 output partitions
[2025-07-26T05:07:30.162+0000] {spark_submit.py:521} INFO - 25/07/26 05:07:30 INFO DAGScheduler: Final stage: ShuffleMapStage 3 (showString at NativeMethodAccessorImpl.java:0)
[2025-07-26T05:07:30.162+0000] {spark_submit.py:521} INFO - 25/07/26 05:07:30 INFO DAGScheduler: Parents of final stage: List()
[2025-07-26T05:07:30.163+0000] {spark_submit.py:521} INFO - 25/07/26 05:07:30 INFO DAGScheduler: Missing parents: List()
[2025-07-26T05:07:30.163+0000] {spark_submit.py:521} INFO - 25/07/26 05:07:30 INFO DAGScheduler: Submitting ShuffleMapStage 3 (MapPartitionsRDD[16] at showString at NativeMethodAccessorImpl.java:0), which has no missing parents
[2025-07-26T05:07:30.195+0000] {spark_submit.py:521} INFO - 25/07/26 05:07:30 INFO MemoryStore: Block broadcast_5 stored as values in memory (estimated size 37.8 KiB, free 433.9 MiB)
[2025-07-26T05:07:30.233+0000] {spark_submit.py:521} INFO - 25/07/26 05:07:30 INFO MemoryStore: Block broadcast_5_piece0 stored as bytes in memory (estimated size 17.8 KiB, free 433.8 MiB)
[2025-07-26T05:07:30.236+0000] {spark_submit.py:521} INFO - 25/07/26 05:07:30 INFO BlockManagerInfo: Added broadcast_5_piece0 in memory on 3bc71adbf7e0:40143 (size: 17.8 KiB, free: 434.3 MiB)
[2025-07-26T05:07:30.238+0000] {spark_submit.py:521} INFO - 25/07/26 05:07:30 INFO BlockManagerInfo: Added broadcast_3_piece0 in memory on 172.18.0.6:43059 (size: 36.2 KiB, free: 434.3 MiB)
[2025-07-26T05:07:30.241+0000] {spark_submit.py:521} INFO - 25/07/26 05:07:30 INFO SparkContext: Created broadcast 5 from broadcast at DAGScheduler.scala:1611
[2025-07-26T05:07:30.244+0000] {spark_submit.py:521} INFO - 25/07/26 05:07:30 INFO DAGScheduler: Submitting 2 missing tasks from ShuffleMapStage 3 (MapPartitionsRDD[16] at showString at NativeMethodAccessorImpl.java:0) (first 15 tasks are for partitions Vector(0, 1))
[2025-07-26T05:07:30.245+0000] {spark_submit.py:521} INFO - 25/07/26 05:07:30 INFO TaskSchedulerImpl: Adding task set 3.0 with 2 tasks resource profile 0
[2025-07-26T05:07:30.250+0000] {spark_submit.py:521} INFO - 25/07/26 05:07:30 INFO TaskSetManager: Starting task 0.0 in stage 3.0 (TID 3) (172.18.0.6, executor 0, partition 0, PROCESS_LOCAL, 159165 bytes)
[2025-07-26T05:07:30.286+0000] {spark_submit.py:521} INFO - 25/07/26 05:07:30 INFO BlockManagerInfo: Removed broadcast_1_piece0 on 3bc71adbf7e0:40143 in memory (size: 36.2 KiB, free: 434.3 MiB)
[2025-07-26T05:07:30.296+0000] {spark_submit.py:521} INFO - 25/07/26 05:07:30 INFO BlockManagerInfo: Removed broadcast_1_piece0 on 172.18.0.6:43059 in memory (size: 36.2 KiB, free: 434.4 MiB)
[2025-07-26T05:07:30.309+0000] {spark_submit.py:521} INFO - 25/07/26 05:07:30 INFO BlockManagerInfo: Added broadcast_5_piece0 in memory on 172.18.0.6:43059 (size: 17.8 KiB, free: 434.3 MiB)
[2025-07-26T05:07:31.643+0000] {spark_submit.py:521} INFO - 25/07/26 05:07:31 INFO TaskSetManager: Starting task 1.0 in stage 3.0 (TID 4) (172.18.0.6, executor 0, partition 1, PROCESS_LOCAL, 147748 bytes)
[2025-07-26T05:07:31.648+0000] {spark_submit.py:521} INFO - 25/07/26 05:07:31 INFO TaskSetManager: Finished task 0.0 in stage 2.0 (TID 2) in 1566 ms on 172.18.0.6 (executor 0) (1/1)
[2025-07-26T05:07:31.658+0000] {spark_submit.py:521} INFO - 25/07/26 05:07:31 INFO TaskSchedulerImpl: Removed TaskSet 2.0, whose tasks have all completed, from pool
[2025-07-26T05:07:31.660+0000] {spark_submit.py:521} INFO - 25/07/26 05:07:31 INFO DAGScheduler: ResultStage 2 ($anonfun$withThreadLocalCaptured$1 at FutureTask.java:264) finished in 1.591 s
[2025-07-26T05:07:31.661+0000] {spark_submit.py:521} INFO - 25/07/26 05:07:31 INFO DAGScheduler: Job 2 is finished. Cancelling potential speculative or zombie tasks for this job
[2025-07-26T05:07:31.662+0000] {spark_submit.py:521} INFO - 25/07/26 05:07:31 INFO TaskSchedulerImpl: Killing all running tasks in stage 2: Stage finished
[2025-07-26T05:07:31.671+0000] {spark_submit.py:521} INFO - 25/07/26 05:07:31 INFO DAGScheduler: Job 2 finished: $anonfun$withThreadLocalCaptured$1 at FutureTask.java:264, took 1.597330 s
[2025-07-26T05:07:31.745+0000] {spark_submit.py:521} INFO - 25/07/26 05:07:31 INFO CodeGenerator: Code generated in 28.134428 ms
[2025-07-26T05:07:31.869+0000] {spark_submit.py:521} INFO - 25/07/26 05:07:31 INFO MemoryStore: Block broadcast_6_piece0 stored as bytes in memory (estimated size 852.7 KiB, free 433.2 MiB)
[2025-07-26T05:07:31.870+0000] {spark_submit.py:521} INFO - 25/07/26 05:07:31 INFO BlockManagerInfo: Added broadcast_6_piece0 in memory on 3bc71adbf7e0:40143 (size: 852.7 KiB, free: 433.5 MiB)
[2025-07-26T05:07:31.871+0000] {spark_submit.py:521} INFO - 25/07/26 05:07:31 INFO SparkContext: Created broadcast 6 from $anonfun$withThreadLocalCaptured$1 at FutureTask.java:264
[2025-07-26T05:07:32.148+0000] {spark_submit.py:521} INFO - 25/07/26 05:07:32 INFO TaskSetManager: Finished task 0.0 in stage 3.0 (TID 3) in 1901 ms on 172.18.0.6 (executor 0) (1/2)
[2025-07-26T05:07:32.157+0000] {spark_submit.py:521} INFO - 25/07/26 05:07:32 INFO PythonAccumulatorV2: Connected to AccumulatorServer at host: 127.0.0.1 port: 60811
[2025-07-26T05:07:32.203+0000] {spark_submit.py:521} INFO - 25/07/26 05:07:32 INFO TaskSetManager: Finished task 1.0 in stage 3.0 (TID 4) in 561 ms on 172.18.0.6 (executor 0) (2/2)
[2025-07-26T05:07:32.204+0000] {spark_submit.py:521} INFO - 25/07/26 05:07:32 INFO TaskSchedulerImpl: Removed TaskSet 3.0, whose tasks have all completed, from pool
[2025-07-26T05:07:32.206+0000] {spark_submit.py:521} INFO - 25/07/26 05:07:32 INFO DAGScheduler: ShuffleMapStage 3 (showString at NativeMethodAccessorImpl.java:0) finished in 2.039 s
[2025-07-26T05:07:32.207+0000] {spark_submit.py:521} INFO - 25/07/26 05:07:32 INFO DAGScheduler: looking for newly runnable stages
[2025-07-26T05:07:32.209+0000] {spark_submit.py:521} INFO - 25/07/26 05:07:32 INFO DAGScheduler: running: Set()
[2025-07-26T05:07:32.210+0000] {spark_submit.py:521} INFO - 25/07/26 05:07:32 INFO DAGScheduler: waiting: Set()
[2025-07-26T05:07:32.211+0000] {spark_submit.py:521} INFO - 25/07/26 05:07:32 INFO DAGScheduler: failed: Set()
[2025-07-26T05:07:32.232+0000] {spark_submit.py:521} INFO - 25/07/26 05:07:32 INFO ShufflePartitionsUtil: For shuffle(0), advisory target size: 67108864, actual target size 1048576, minimum partition size: 1048576
[2025-07-26T05:07:32.259+0000] {spark_submit.py:521} INFO - 25/07/26 05:07:32 INFO HashAggregateExec: spark.sql.codegen.aggregate.map.twolevel.enabled is set to true, but current version of codegened fast hashmap does not support this aggregate.
[2025-07-26T05:07:32.354+0000] {spark_submit.py:521} INFO - 25/07/26 05:07:32 INFO CodeGenerator: Code generated in 65.22361 ms
[2025-07-26T05:07:32.518+0000] {spark_submit.py:521} INFO - 25/07/26 05:07:32 INFO SparkContext: Starting job: showString at NativeMethodAccessorImpl.java:0
[2025-07-26T05:07:32.521+0000] {spark_submit.py:521} INFO - 25/07/26 05:07:32 INFO DAGScheduler: Got job 4 (showString at NativeMethodAccessorImpl.java:0) with 1 output partitions
[2025-07-26T05:07:32.522+0000] {spark_submit.py:521} INFO - 25/07/26 05:07:32 INFO DAGScheduler: Final stage: ResultStage 5 (showString at NativeMethodAccessorImpl.java:0)
[2025-07-26T05:07:32.527+0000] {spark_submit.py:521} INFO - 25/07/26 05:07:32 INFO DAGScheduler: Parents of final stage: List(ShuffleMapStage 4)
[2025-07-26T05:07:32.528+0000] {spark_submit.py:521} INFO - 25/07/26 05:07:32 INFO DAGScheduler: Missing parents: List()
[2025-07-26T05:07:32.541+0000] {spark_submit.py:521} INFO - 25/07/26 05:07:32 INFO DAGScheduler: Submitting ResultStage 5 (MapPartitionsRDD[19] at showString at NativeMethodAccessorImpl.java:0), which has no missing parents
[2025-07-26T05:07:32.580+0000] {spark_submit.py:521} INFO - 25/07/26 05:07:32 INFO MemoryStore: Block broadcast_7 stored as values in memory (estimated size 59.3 KiB, free 433.2 MiB)
[2025-07-26T05:07:32.594+0000] {spark_submit.py:521} INFO - 25/07/26 05:07:32 INFO MemoryStore: Block broadcast_7_piece0 stored as bytes in memory (estimated size 26.1 KiB, free 433.2 MiB)
[2025-07-26T05:07:32.632+0000] {spark_submit.py:521} INFO - 25/07/26 05:07:32 INFO BlockManagerInfo: Added broadcast_7_piece0 in memory on 3bc71adbf7e0:40143 (size: 26.1 KiB, free: 433.5 MiB)
[2025-07-26T05:07:32.635+0000] {spark_submit.py:521} INFO - 25/07/26 05:07:32 INFO SparkContext: Created broadcast 7 from broadcast at DAGScheduler.scala:1611
[2025-07-26T05:07:32.652+0000] {spark_submit.py:521} INFO - 25/07/26 05:07:32 INFO DAGScheduler: Submitting 1 missing tasks from ResultStage 5 (MapPartitionsRDD[19] at showString at NativeMethodAccessorImpl.java:0) (first 15 tasks are for partitions Vector(0))
[2025-07-26T05:07:32.654+0000] {spark_submit.py:521} INFO - 25/07/26 05:07:32 INFO TaskSchedulerImpl: Adding task set 5.0 with 1 tasks resource profile 0
[2025-07-26T05:07:32.667+0000] {spark_submit.py:521} INFO - 25/07/26 05:07:32 INFO TaskSetManager: Starting task 0.0 in stage 5.0 (TID 5) (172.18.0.6, executor 0, partition 0, NODE_LOCAL, 9003 bytes)
[2025-07-26T05:07:32.695+0000] {spark_submit.py:521} INFO - 25/07/26 05:07:32 INFO BlockManagerInfo: Added broadcast_7_piece0 in memory on 172.18.0.6:43059 (size: 26.1 KiB, free: 434.3 MiB)
[2025-07-26T05:07:32.876+0000] {spark_submit.py:521} INFO - 25/07/26 05:07:32 INFO MapOutputTrackerMasterEndpoint: Asked to send map output locations for shuffle 0 to 172.18.0.6:49182
[2025-07-26T05:07:33.144+0000] {spark_submit.py:521} INFO - 25/07/26 05:07:33 INFO BlockManagerInfo: Added broadcast_6_piece0 in memory on 172.18.0.6:43059 (size: 852.7 KiB, free: 433.5 MiB)
[2025-07-26T05:07:33.290+0000] {spark_submit.py:521} INFO - 25/07/26 05:07:33 INFO TaskSetManager: Finished task 0.0 in stage 5.0 (TID 5) in 687 ms on 172.18.0.6 (executor 0) (1/1)
[2025-07-26T05:07:33.291+0000] {spark_submit.py:521} INFO - 25/07/26 05:07:33 INFO TaskSchedulerImpl: Removed TaskSet 5.0, whose tasks have all completed, from pool
[2025-07-26T05:07:33.293+0000] {spark_submit.py:521} INFO - 25/07/26 05:07:33 INFO DAGScheduler: ResultStage 5 (showString at NativeMethodAccessorImpl.java:0) finished in 0.727 s
[2025-07-26T05:07:33.294+0000] {spark_submit.py:521} INFO - 25/07/26 05:07:33 INFO DAGScheduler: Job 4 is finished. Cancelling potential speculative or zombie tasks for this job
[2025-07-26T05:07:33.295+0000] {spark_submit.py:521} INFO - 25/07/26 05:07:33 INFO TaskSchedulerImpl: Killing all running tasks in stage 5: Stage finished
[2025-07-26T05:07:33.297+0000] {spark_submit.py:521} INFO - 25/07/26 05:07:33 INFO DAGScheduler: Job 4 finished: showString at NativeMethodAccessorImpl.java:0, took 0.777999 s
[2025-07-26T05:07:33.321+0000] {spark_submit.py:521} INFO - 25/07/26 05:07:33 INFO CodeGenerator: Code generated in 15.445284 ms
[2025-07-26T05:07:33.325+0000] {spark_submit.py:521} INFO - +------+--------+---------------+-------+-------+-------+------+-------------+-------------+------+----------+-------+
[2025-07-26T05:07:33.325+0000] {spark_submit.py:521} INFO - |ticker|  volume|volume_weighted|   open|  close|   high|   low|   time_stamp|num_of_trades|is_otc|company_id|time_id|
[2025-07-26T05:07:33.326+0000] {spark_submit.py:521} INFO - +------+--------+---------------+-------+-------+-------+------+-------------+-------------+------+----------+-------+
[2025-07-26T05:07:33.326+0000] {spark_submit.py:521} INFO - |  BOEG|  1584.0|        18.7982|18.5931|19.2196|19.2196|18.511|1752782400000|           38|  NULL|      7704|      6|
[2025-07-26T05:07:33.327+0000] {spark_submit.py:521} INFO - |   CRS|990145.0|       287.5598|  278.9| 286.73| 290.84| 278.9|1752782400000|        24290|  NULL|     17521|      6|
[2025-07-26T05:07:33.327+0000] {spark_submit.py:521} INFO - |  ELME|568029.0|        16.4025|  16.44|  16.39|  16.54|16.315|1752782400000|         6316|  NULL|      2229|      6|
[2025-07-26T05:07:33.328+0000] {spark_submit.py:521} INFO - |  ACFN|   585.0|        15.7558|  15.75|  15.75|  15.75| 15.75|1752782400000|           10|  true|      2690|      6|
[2025-07-26T05:07:33.328+0000] {spark_submit.py:521} INFO - |   PKE|143893.0|        17.6371|   17.5|  17.73|17.9425| 17.07|1752782400000|         2717|  NULL|      2951|      6|
[2025-07-26T05:07:33.329+0000] {spark_submit.py:521} INFO - +------+--------+---------------+-------+-------+-------+------+-------------+-------------+------+----------+-------+
[2025-07-26T05:07:33.329+0000] {spark_submit.py:521} INFO - only showing top 5 rows
[2025-07-26T05:07:33.330+0000] {spark_submit.py:521} INFO - 
[2025-07-26T05:07:33.331+0000] {spark_submit.py:521} INFO - None
[2025-07-26T05:07:33.380+0000] {spark_submit.py:521} INFO - 25/07/26 05:07:33 INFO FileSourceStrategy: Pushed Filters: IsNotNull(volume_weighted),IsNotNull(ticker)
[2025-07-26T05:07:33.380+0000] {spark_submit.py:521} INFO - 25/07/26 05:07:33 INFO FileSourceStrategy: Post-Scan Filters: isnotnull(volume_weighted#2),isnotnull(ticker#0)
[2025-07-26T05:07:33.426+0000] {spark_submit.py:521} INFO - 25/07/26 05:07:33 INFO MemoryStore: Block broadcast_8 stored as values in memory (estimated size 211.8 KiB, free 433.0 MiB)
[2025-07-26T05:07:33.430+0000] {spark_submit.py:521} INFO - 25/07/26 05:07:33 INFO DAGScheduler: Registering RDD 21 (toPandas at /opt/airflow/scripts/elt_to_dwh/transform/process_ohlcs.py:94) as input to shuffle 1
[2025-07-26T05:07:33.431+0000] {spark_submit.py:521} INFO - 25/07/26 05:07:33 INFO DAGScheduler: Got map stage job 5 (toPandas at /opt/airflow/scripts/elt_to_dwh/transform/process_ohlcs.py:94) with 2 output partitions
[2025-07-26T05:07:33.432+0000] {spark_submit.py:521} INFO - 25/07/26 05:07:33 INFO DAGScheduler: Final stage: ShuffleMapStage 6 (toPandas at /opt/airflow/scripts/elt_to_dwh/transform/process_ohlcs.py:94)
[2025-07-26T05:07:33.433+0000] {spark_submit.py:521} INFO - 25/07/26 05:07:33 INFO DAGScheduler: Parents of final stage: List()
[2025-07-26T05:07:33.433+0000] {spark_submit.py:521} INFO - 25/07/26 05:07:33 INFO DAGScheduler: Missing parents: List()
[2025-07-26T05:07:33.434+0000] {spark_submit.py:521} INFO - 25/07/26 05:07:33 INFO DAGScheduler: Submitting ShuffleMapStage 6 (MapPartitionsRDD[21] at toPandas at /opt/airflow/scripts/elt_to_dwh/transform/process_ohlcs.py:94), which has no missing parents
[2025-07-26T05:07:33.446+0000] {spark_submit.py:521} INFO - 25/07/26 05:07:33 INFO MemoryStore: Block broadcast_9 stored as values in memory (estimated size 37.8 KiB, free 432.9 MiB)
[2025-07-26T05:07:33.447+0000] {spark_submit.py:521} INFO - 25/07/26 05:07:33 INFO MemoryStore: Block broadcast_9_piece0 stored as bytes in memory (estimated size 17.8 KiB, free 433.7 MiB)
[2025-07-26T05:07:33.448+0000] {spark_submit.py:521} INFO - 25/07/26 05:07:33 INFO BlockManagerInfo: Removed broadcast_6_piece0 on 3bc71adbf7e0:40143 in memory (size: 852.7 KiB, free: 434.3 MiB)
[2025-07-26T05:07:33.449+0000] {spark_submit.py:521} INFO - 25/07/26 05:07:33 INFO MemoryStore: Block broadcast_8_piece0 stored as bytes in memory (estimated size 36.2 KiB, free 433.7 MiB)
[2025-07-26T05:07:33.450+0000] {spark_submit.py:521} INFO - 25/07/26 05:07:33 INFO BlockManagerInfo: Added broadcast_8_piece0 in memory on 3bc71adbf7e0:40143 (size: 36.2 KiB, free: 434.3 MiB)
[2025-07-26T05:07:33.451+0000] {spark_submit.py:521} INFO - 25/07/26 05:07:33 INFO SparkContext: Created broadcast 8 from toPandas at /opt/airflow/scripts/elt_to_dwh/transform/process_ohlcs.py:94
[2025-07-26T05:07:33.452+0000] {spark_submit.py:521} INFO - 25/07/26 05:07:33 INFO BlockManagerInfo: Added broadcast_9_piece0 in memory on 3bc71adbf7e0:40143 (size: 17.8 KiB, free: 434.3 MiB)
[2025-07-26T05:07:33.453+0000] {spark_submit.py:521} INFO - 25/07/26 05:07:33 INFO BlockManagerInfo: Removed broadcast_6_piece0 on 172.18.0.6:43059 in memory (size: 852.7 KiB, free: 434.3 MiB)
[2025-07-26T05:07:33.454+0000] {spark_submit.py:521} INFO - 25/07/26 05:07:33 INFO FileSourceScanExec: Planning scan with bin packing, max size: 4194304 bytes, open cost is considered as scanning 4194304 bytes.
[2025-07-26T05:07:33.455+0000] {spark_submit.py:521} INFO - 25/07/26 05:07:33 INFO SparkContext: Created broadcast 9 from broadcast at DAGScheduler.scala:1611
[2025-07-26T05:07:33.456+0000] {spark_submit.py:521} INFO - 25/07/26 05:07:33 INFO DAGScheduler: Submitting 2 missing tasks from ShuffleMapStage 6 (MapPartitionsRDD[21] at toPandas at /opt/airflow/scripts/elt_to_dwh/transform/process_ohlcs.py:94) (first 15 tasks are for partitions Vector(0, 1))
[2025-07-26T05:07:33.456+0000] {spark_submit.py:521} INFO - 25/07/26 05:07:33 INFO TaskSchedulerImpl: Adding task set 6.0 with 2 tasks resource profile 0
[2025-07-26T05:07:33.457+0000] {spark_submit.py:521} INFO - 25/07/26 05:07:33 INFO TaskSetManager: Starting task 0.0 in stage 6.0 (TID 6) (172.18.0.6, executor 0, partition 0, PROCESS_LOCAL, 159165 bytes)
[2025-07-26T05:07:33.458+0000] {spark_submit.py:521} INFO - 25/07/26 05:07:33 INFO TaskSetManager: Starting task 1.0 in stage 6.0 (TID 7) (172.18.0.6, executor 0, partition 1, PROCESS_LOCAL, 147748 bytes)
[2025-07-26T05:07:33.474+0000] {spark_submit.py:521} INFO - 25/07/26 05:07:33 INFO SparkContext: Starting job: toPandas at /opt/airflow/scripts/elt_to_dwh/transform/process_ohlcs.py:94
[2025-07-26T05:07:33.476+0000] {spark_submit.py:521} INFO - 25/07/26 05:07:33 INFO DAGScheduler: Got job 6 (toPandas at /opt/airflow/scripts/elt_to_dwh/transform/process_ohlcs.py:94) with 1 output partitions
[2025-07-26T05:07:33.477+0000] {spark_submit.py:521} INFO - 25/07/26 05:07:33 INFO DAGScheduler: Final stage: ResultStage 7 (toPandas at /opt/airflow/scripts/elt_to_dwh/transform/process_ohlcs.py:94)
[2025-07-26T05:07:33.479+0000] {spark_submit.py:521} INFO - 25/07/26 05:07:33 INFO DAGScheduler: Parents of final stage: List()
[2025-07-26T05:07:33.479+0000] {spark_submit.py:521} INFO - 25/07/26 05:07:33 INFO DAGScheduler: Missing parents: List()
[2025-07-26T05:07:33.480+0000] {spark_submit.py:521} INFO - 25/07/26 05:07:33 INFO DAGScheduler: Submitting ResultStage 7 (MapPartitionsRDD[25] at toPandas at /opt/airflow/scripts/elt_to_dwh/transform/process_ohlcs.py:94), which has no missing parents
[2025-07-26T05:07:33.482+0000] {spark_submit.py:521} INFO - 25/07/26 05:07:33 INFO MemoryStore: Block broadcast_10 stored as values in memory (estimated size 19.9 KiB, free 433.7 MiB)
[2025-07-26T05:07:33.493+0000] {spark_submit.py:521} INFO - 25/07/26 05:07:33 INFO MemoryStore: Block broadcast_10_piece0 stored as bytes in memory (estimated size 7.3 KiB, free 433.7 MiB)
[2025-07-26T05:07:33.494+0000] {spark_submit.py:521} INFO - 25/07/26 05:07:33 INFO BlockManagerInfo: Added broadcast_10_piece0 in memory on 3bc71adbf7e0:40143 (size: 7.3 KiB, free: 434.3 MiB)
[2025-07-26T05:07:33.496+0000] {spark_submit.py:521} INFO - 25/07/26 05:07:33 INFO SparkContext: Created broadcast 10 from broadcast at DAGScheduler.scala:1611
[2025-07-26T05:07:33.498+0000] {spark_submit.py:521} INFO - 25/07/26 05:07:33 INFO BlockManagerInfo: Removed broadcast_5_piece0 on 3bc71adbf7e0:40143 in memory (size: 17.8 KiB, free: 434.3 MiB)
[2025-07-26T05:07:33.501+0000] {spark_submit.py:521} INFO - 25/07/26 05:07:33 INFO BlockManagerInfo: Removed broadcast_5_piece0 on 172.18.0.6:43059 in memory (size: 17.8 KiB, free: 434.3 MiB)
[2025-07-26T05:07:33.502+0000] {spark_submit.py:521} INFO - 25/07/26 05:07:33 INFO DAGScheduler: Submitting 1 missing tasks from ResultStage 7 (MapPartitionsRDD[25] at toPandas at /opt/airflow/scripts/elt_to_dwh/transform/process_ohlcs.py:94) (first 15 tasks are for partitions Vector(0))
[2025-07-26T05:07:33.502+0000] {spark_submit.py:521} INFO - 25/07/26 05:07:33 INFO TaskSchedulerImpl: Adding task set 7.0 with 1 tasks resource profile 0
[2025-07-26T05:07:33.525+0000] {spark_submit.py:521} INFO - 25/07/26 05:07:33 INFO BlockManagerInfo: Added broadcast_9_piece0 in memory on 172.18.0.6:43059 (size: 17.8 KiB, free: 434.3 MiB)
[2025-07-26T05:07:33.602+0000] {spark_submit.py:521} INFO - 25/07/26 05:07:33 INFO BlockManagerInfo: Removed broadcast_7_piece0 on 3bc71adbf7e0:40143 in memory (size: 26.1 KiB, free: 434.3 MiB)
[2025-07-26T05:07:33.633+0000] {spark_submit.py:521} INFO - 25/07/26 05:07:33 INFO BlockManagerInfo: Removed broadcast_7_piece0 on 172.18.0.6:43059 in memory (size: 26.1 KiB, free: 434.3 MiB)
[2025-07-26T05:07:33.669+0000] {spark_submit.py:521} INFO - 25/07/26 05:07:33 INFO BlockManagerInfo: Removed broadcast_4_piece0 on 3bc71adbf7e0:40143 in memory (size: 7.3 KiB, free: 434.3 MiB)
[2025-07-26T05:07:33.672+0000] {spark_submit.py:521} INFO - 25/07/26 05:07:33 INFO BlockManagerInfo: Removed broadcast_4_piece0 on 172.18.0.6:43059 in memory (size: 7.3 KiB, free: 434.3 MiB)
[2025-07-26T05:07:33.685+0000] {spark_submit.py:521} INFO - 25/07/26 05:07:33 INFO BlockManagerInfo: Removed broadcast_3_piece0 on 3bc71adbf7e0:40143 in memory (size: 36.2 KiB, free: 434.3 MiB)
[2025-07-26T05:07:33.689+0000] {spark_submit.py:521} INFO - 25/07/26 05:07:33 INFO BlockManagerInfo: Removed broadcast_3_piece0 on 172.18.0.6:43059 in memory (size: 36.2 KiB, free: 434.4 MiB)
[2025-07-26T05:07:33.805+0000] {spark_submit.py:521} INFO - 25/07/26 05:07:33 INFO TaskSetManager: Starting task 0.0 in stage 7.0 (TID 8) (172.18.0.6, executor 0, partition 0, PROCESS_LOCAL, 9629 bytes)
[2025-07-26T05:07:33.806+0000] {spark_submit.py:521} INFO - 25/07/26 05:07:33 INFO TaskSetManager: Finished task 0.0 in stage 6.0 (TID 6) in 351 ms on 172.18.0.6 (executor 0) (1/2)
[2025-07-26T05:07:33.834+0000] {spark_submit.py:521} INFO - 25/07/26 05:07:33 INFO BlockManagerInfo: Added broadcast_10_piece0 in memory on 172.18.0.6:43059 (size: 7.3 KiB, free: 434.4 MiB)
[2025-07-26T05:07:33.852+0000] {spark_submit.py:521} INFO - 25/07/26 05:07:33 INFO BlockManagerInfo: Added broadcast_8_piece0 in memory on 172.18.0.6:43059 (size: 36.2 KiB, free: 434.3 MiB)
[2025-07-26T05:07:33.917+0000] {spark_submit.py:521} INFO - 25/07/26 05:07:33 INFO TaskSetManager: Finished task 1.0 in stage 6.0 (TID 7) in 461 ms on 172.18.0.6 (executor 0) (2/2)
[2025-07-26T05:07:33.918+0000] {spark_submit.py:521} INFO - 25/07/26 05:07:33 INFO TaskSchedulerImpl: Removed TaskSet 6.0, whose tasks have all completed, from pool
[2025-07-26T05:07:33.919+0000] {spark_submit.py:521} INFO - 25/07/26 05:07:33 INFO DAGScheduler: ShuffleMapStage 6 (toPandas at /opt/airflow/scripts/elt_to_dwh/transform/process_ohlcs.py:94) finished in 0.484 s
[2025-07-26T05:07:33.920+0000] {spark_submit.py:521} INFO - 25/07/26 05:07:33 INFO DAGScheduler: looking for newly runnable stages
[2025-07-26T05:07:33.920+0000] {spark_submit.py:521} INFO - 25/07/26 05:07:33 INFO DAGScheduler: running: Set(ResultStage 7)
[2025-07-26T05:07:33.921+0000] {spark_submit.py:521} INFO - 25/07/26 05:07:33 INFO DAGScheduler: waiting: Set()
[2025-07-26T05:07:33.922+0000] {spark_submit.py:521} INFO - 25/07/26 05:07:33 INFO DAGScheduler: failed: Set()
[2025-07-26T05:07:35.153+0000] {spark_submit.py:521} INFO - 25/07/26 05:07:35 INFO TaskSetManager: Finished task 0.0 in stage 7.0 (TID 8) in 1349 ms on 172.18.0.6 (executor 0) (1/1)
[2025-07-26T05:07:35.154+0000] {spark_submit.py:521} INFO - 25/07/26 05:07:35 INFO TaskSchedulerImpl: Removed TaskSet 7.0, whose tasks have all completed, from pool
[2025-07-26T05:07:35.155+0000] {spark_submit.py:521} INFO - 25/07/26 05:07:35 INFO DAGScheduler: ResultStage 7 (toPandas at /opt/airflow/scripts/elt_to_dwh/transform/process_ohlcs.py:94) finished in 1.675 s
[2025-07-26T05:07:35.156+0000] {spark_submit.py:521} INFO - 25/07/26 05:07:35 INFO DAGScheduler: Job 6 is finished. Cancelling potential speculative or zombie tasks for this job
[2025-07-26T05:07:35.157+0000] {spark_submit.py:521} INFO - 25/07/26 05:07:35 INFO TaskSchedulerImpl: Killing all running tasks in stage 7: Stage finished
[2025-07-26T05:07:35.158+0000] {spark_submit.py:521} INFO - 25/07/26 05:07:35 INFO DAGScheduler: Job 6 finished: toPandas at /opt/airflow/scripts/elt_to_dwh/transform/process_ohlcs.py:94, took 1.680374 s
[2025-07-26T05:07:35.190+0000] {spark_submit.py:521} INFO - 25/07/26 05:07:35 INFO MemoryStore: Block broadcast_11_piece0 stored as bytes in memory (estimated size 852.7 KiB, free 433.2 MiB)
[2025-07-26T05:07:35.191+0000] {spark_submit.py:521} INFO - 25/07/26 05:07:35 INFO BlockManagerInfo: Added broadcast_11_piece0 in memory on 3bc71adbf7e0:40143 (size: 852.7 KiB, free: 433.5 MiB)
[2025-07-26T05:07:35.192+0000] {spark_submit.py:521} INFO - 25/07/26 05:07:35 INFO SparkContext: Created broadcast 11 from toPandas at /opt/airflow/scripts/elt_to_dwh/transform/process_ohlcs.py:94
[2025-07-26T05:07:35.199+0000] {spark_submit.py:521} INFO - 25/07/26 05:07:35 INFO ShufflePartitionsUtil: For shuffle(1), advisory target size: 67108864, actual target size 1048576, minimum partition size: 1048576
[2025-07-26T05:07:35.211+0000] {spark_submit.py:521} INFO - 25/07/26 05:07:35 INFO HashAggregateExec: spark.sql.codegen.aggregate.map.twolevel.enabled is set to true, but current version of codegened fast hashmap does not support this aggregate.
[2025-07-26T05:07:35.243+0000] {spark_submit.py:521} INFO - 25/07/26 05:07:35 INFO CodeGenerator: Code generated in 23.05167 ms
[2025-07-26T05:07:35.261+0000] {spark_submit.py:521} INFO - 25/07/26 05:07:35 INFO SparkContext: Starting job: toPandas at /opt/airflow/scripts/elt_to_dwh/transform/process_ohlcs.py:94
[2025-07-26T05:07:35.262+0000] {spark_submit.py:521} INFO - 25/07/26 05:07:35 INFO DAGScheduler: Got job 7 (toPandas at /opt/airflow/scripts/elt_to_dwh/transform/process_ohlcs.py:94) with 1 output partitions
[2025-07-26T05:07:35.263+0000] {spark_submit.py:521} INFO - 25/07/26 05:07:35 INFO DAGScheduler: Final stage: ResultStage 9 (toPandas at /opt/airflow/scripts/elt_to_dwh/transform/process_ohlcs.py:94)
[2025-07-26T05:07:35.264+0000] {spark_submit.py:521} INFO - 25/07/26 05:07:35 INFO DAGScheduler: Parents of final stage: List(ShuffleMapStage 8)
[2025-07-26T05:07:35.264+0000] {spark_submit.py:521} INFO - 25/07/26 05:07:35 INFO DAGScheduler: Missing parents: List()
[2025-07-26T05:07:35.265+0000] {spark_submit.py:521} INFO - 25/07/26 05:07:35 INFO DAGScheduler: Submitting ResultStage 9 (MapPartitionsRDD[28] at toPandas at /opt/airflow/scripts/elt_to_dwh/transform/process_ohlcs.py:94), which has no missing parents
[2025-07-26T05:07:35.274+0000] {spark_submit.py:521} INFO - 25/07/26 05:07:35 INFO MemoryStore: Block broadcast_12 stored as values in memory (estimated size 56.5 KiB, free 433.2 MiB)
[2025-07-26T05:07:35.276+0000] {spark_submit.py:521} INFO - 25/07/26 05:07:35 INFO MemoryStore: Block broadcast_12_piece0 stored as bytes in memory (estimated size 25.5 KiB, free 433.2 MiB)
[2025-07-26T05:07:35.277+0000] {spark_submit.py:521} INFO - 25/07/26 05:07:35 INFO BlockManagerInfo: Added broadcast_12_piece0 in memory on 3bc71adbf7e0:40143 (size: 25.5 KiB, free: 433.5 MiB)
[2025-07-26T05:07:35.277+0000] {spark_submit.py:521} INFO - 25/07/26 05:07:35 INFO SparkContext: Created broadcast 12 from broadcast at DAGScheduler.scala:1611
[2025-07-26T05:07:35.278+0000] {spark_submit.py:521} INFO - 25/07/26 05:07:35 INFO DAGScheduler: Submitting 1 missing tasks from ResultStage 9 (MapPartitionsRDD[28] at toPandas at /opt/airflow/scripts/elt_to_dwh/transform/process_ohlcs.py:94) (first 15 tasks are for partitions Vector(0))
[2025-07-26T05:07:35.279+0000] {spark_submit.py:521} INFO - 25/07/26 05:07:35 INFO TaskSchedulerImpl: Adding task set 9.0 with 1 tasks resource profile 0
[2025-07-26T05:07:35.280+0000] {spark_submit.py:521} INFO - 25/07/26 05:07:35 INFO TaskSetManager: Starting task 0.0 in stage 9.0 (TID 9) (172.18.0.6, executor 0, partition 0, NODE_LOCAL, 9003 bytes)
[2025-07-26T05:07:35.298+0000] {spark_submit.py:521} INFO - 25/07/26 05:07:35 INFO BlockManagerInfo: Added broadcast_12_piece0 in memory on 172.18.0.6:43059 (size: 25.5 KiB, free: 434.3 MiB)
[2025-07-26T05:07:35.315+0000] {spark_submit.py:521} INFO - 25/07/26 05:07:35 INFO MapOutputTrackerMasterEndpoint: Asked to send map output locations for shuffle 1 to 172.18.0.6:49182
[2025-07-26T05:07:35.380+0000] {spark_submit.py:521} INFO - 25/07/26 05:07:35 INFO BlockManagerInfo: Added broadcast_11_piece0 in memory on 172.18.0.6:43059 (size: 852.7 KiB, free: 433.5 MiB)
[2025-07-26T05:07:35.503+0000] {spark_submit.py:521} INFO - 25/07/26 05:07:35 INFO TaskSetManager: Finished task 0.0 in stage 9.0 (TID 9) in 222 ms on 172.18.0.6 (executor 0) (1/1)
[2025-07-26T05:07:35.507+0000] {spark_submit.py:521} INFO - 25/07/26 05:07:35 INFO DAGScheduler: ResultStage 9 (toPandas at /opt/airflow/scripts/elt_to_dwh/transform/process_ohlcs.py:94) finished in 0.234 s
[2025-07-26T05:07:35.508+0000] {spark_submit.py:521} INFO - 25/07/26 05:07:35 INFO DAGScheduler: Job 7 is finished. Cancelling potential speculative or zombie tasks for this job
[2025-07-26T05:07:35.509+0000] {spark_submit.py:521} INFO - 25/07/26 05:07:35 INFO TaskSchedulerImpl: Removed TaskSet 9.0, whose tasks have all completed, from pool
[2025-07-26T05:07:35.510+0000] {spark_submit.py:521} INFO - 25/07/26 05:07:35 INFO TaskSchedulerImpl: Killing all running tasks in stage 9: Stage finished
[2025-07-26T05:07:35.512+0000] {spark_submit.py:521} INFO - 25/07/26 05:07:35 INFO DAGScheduler: Job 7 finished: toPandas at /opt/airflow/scripts/elt_to_dwh/transform/process_ohlcs.py:94, took 0.249878 s
[2025-07-26T05:07:36.150+0000] {spark_submit.py:521} INFO - Data has been successfully inserted into fact_candles in DuckDB!
[2025-07-26T05:07:36.151+0000] {spark_submit.py:521} INFO - 25/07/26 05:07:36 INFO SparkContext: SparkContext is stopping with exitCode 0.
[2025-07-26T05:07:36.162+0000] {spark_submit.py:521} INFO - 25/07/26 05:07:36 INFO SparkUI: Stopped Spark web UI at http://3bc71adbf7e0:4040
[2025-07-26T05:07:36.167+0000] {spark_submit.py:521} INFO - 25/07/26 05:07:36 INFO StandaloneSchedulerBackend: Shutting down all executors
[2025-07-26T05:07:36.167+0000] {spark_submit.py:521} INFO - 25/07/26 05:07:36 INFO StandaloneSchedulerBackend$StandaloneDriverEndpoint: Asking each executor to shut down
[2025-07-26T05:07:36.196+0000] {spark_submit.py:521} INFO - 25/07/26 05:07:36 INFO MapOutputTrackerMasterEndpoint: MapOutputTrackerMasterEndpoint stopped!
[2025-07-26T05:07:36.221+0000] {spark_submit.py:521} INFO - 25/07/26 05:07:36 INFO MemoryStore: MemoryStore cleared
[2025-07-26T05:07:36.225+0000] {spark_submit.py:521} INFO - 25/07/26 05:07:36 INFO BlockManager: BlockManager stopped
[2025-07-26T05:07:36.233+0000] {spark_submit.py:521} INFO - 25/07/26 05:07:36 INFO BlockManagerMaster: BlockManagerMaster stopped
[2025-07-26T05:07:36.242+0000] {spark_submit.py:521} INFO - 25/07/26 05:07:36 INFO OutputCommitCoordinator$OutputCommitCoordinatorEndpoint: OutputCommitCoordinator stopped!
[2025-07-26T05:07:36.261+0000] {spark_submit.py:521} INFO - 25/07/26 05:07:36 INFO SparkContext: Successfully stopped SparkContext
[2025-07-26T05:07:36.511+0000] {spark_submit.py:521} INFO - Process completed successfully.
[2025-07-26T05:07:36.722+0000] {spark_submit.py:521} INFO - 25/07/26 05:07:36 INFO ShutdownHookManager: Shutdown hook called
[2025-07-26T05:07:36.723+0000] {spark_submit.py:521} INFO - 25/07/26 05:07:36 INFO ShutdownHookManager: Deleting directory /tmp/spark-03d170cc-54ed-4a55-a312-018484330f76
[2025-07-26T05:07:36.725+0000] {spark_submit.py:521} INFO - 25/07/26 05:07:36 INFO ShutdownHookManager: Deleting directory /tmp/spark-b1ae3fd6-a0ab-49ad-b30e-6efad88f788a
[2025-07-26T05:07:36.728+0000] {spark_submit.py:521} INFO - 25/07/26 05:07:36 INFO ShutdownHookManager: Deleting directory /tmp/spark-03d170cc-54ed-4a55-a312-018484330f76/pyspark-2322b980-bae8-41a3-9535-b7708b1a41e1
[2025-07-26T05:07:36.733+0000] {spark_submit.py:521} INFO - 25/07/26 05:07:36 INFO MetricsSystemImpl: Stopping s3a-file-system metrics system...
[2025-07-26T05:07:36.733+0000] {spark_submit.py:521} INFO - 25/07/26 05:07:36 INFO MetricsSystemImpl: s3a-file-system metrics system stopped.
[2025-07-26T05:07:36.733+0000] {spark_submit.py:521} INFO - 25/07/26 05:07:36 INFO MetricsSystemImpl: s3a-file-system metrics system shutdown complete.
[2025-07-26T05:07:36.850+0000] {taskinstance.py:341} INFO - ::group::Post task execution logs
[2025-07-26T05:07:36.857+0000] {taskinstance.py:353} INFO - Marking task as SUCCESS. dag_id=elt_to_dwh, task_id=transform_task.process_ohlcs, run_id=scheduled__2025-07-17T00:00:00+00:00, execution_date=20250717T000000, start_date=20250726T050710, end_date=20250726T050736
[2025-07-26T05:07:36.960+0000] {local_task_job_runner.py:266} INFO - Task exited with return code 0
[2025-07-26T05:07:36.984+0000] {taskinstance.py:3901} INFO - 1 downstream tasks scheduled from follow-on schedule check
[2025-07-26T05:07:36.992+0000] {local_task_job_runner.py:245} INFO - ::endgroup::
